# 2026-01-18 06:58:11 -03: Reading parameter file '/home/pestobar/Activities/irace-executions/ACOTSP/Scenarios/BL-45/Runs/BL-45_seed_1200239/parameters.txt'.
# 2026-01-18 06:58:11 -03: 1 expression(s) specifying forbidden configurations read.
# 2026-01-18 06:58:11 -03: Initialization
# Elitist race
# Elitist new instances: 1
# Elitist limit: 2
# nbIterations: 5
# minNbSurvival: 5
# nbParameters: 11
# seed: 1200239
# confidence level: 0.95
# budget: 2750
# mu: 5
# deterministic: FALSE

# 2026-01-18 06:58:11 -03: Iteration 1 of 5
# experimentsUsed: 0
# remainingBudget: 2750
# currentBudget: 550
# nbConfigurations: 45
# Markers:
     x No test is performed.
     c Configurations are discarded only due to capping.
     - The test is performed and some configurations are discarded.
     = The test is performed but no configuration is discarded.
     ! The test is performed and configurations could be discarded but elite configurations are preserved.
     . All alive configurations are elite and nothing is discarded.

+-+-----------+-----------+-----------+----------------+-----------+--------+-----+----+------+
| |   Instance|      Alive|       Best|       Mean best| Exp so far|  W time|  rho|KenW|  Qvar|
+-+-----------+-----------+-----------+----------------+-----------+--------+-----+----+------+
|x|          1|         45|         27|     32894531.00|         45|00:02:33|   NA|  NA|    NA|
|x|          2|         45|          8|     32709042.00|         90|00:02:32|+0.98|0.99|0.0007|
|x|          3|         45|          8|     32697865.33|        135|00:02:33|+0.98|0.99|0.0006|
|x|          4|         45|          8|     32690180.00|        180|00:02:42|+0.97|0.98|0.0008|
|-|          5|          3|          8|     32731000.20|        225|00:02:29|+0.40|0.52|0.5360|
+-+-----------+-----------+-----------+----------------+-----------+--------+-----+----+------+
Best-so-far configuration:           8    mean value:      32731000.20
Description of the best-so-far configuration:
  .ID. algorithm localsearch alpha beta rho ants q0 rasrank elitistants nnls
8    8       eas           3   1.4    4 0.2   15 NA      NA         497    8
  dlb .PARENT.
8   1       NA

# 2026-01-18 07:11:03 -03: Elite configurations (first number is the configuration ID; listed from best to worst according to the sum of ranks):
   algorithm localsearch alpha beta  rho ants q0 rasrank elitistants nnls dlb
8        eas           3  1.40 4.00 0.20   15 NA      NA         497    8   1
27       ras           2  2.18 3.69 0.60   60 NA       9          NA   42   1
41      mmas           3  2.10 8.85 0.89   92 NA      NA          NA   19   1
# 2026-01-18 07:11:03 -03: Iteration 2 of 5
# experimentsUsed: 225
# remainingBudget: 2525
# currentBudget: 631
# nbConfigurations: 45
# Markers:
     x No test is performed.
     c Configurations are discarded only due to capping.
     - The test is performed and some configurations are discarded.
     = The test is performed but no configuration is discarded.
     ! The test is performed and configurations could be discarded but elite configurations are preserved.
     . All alive configurations are elite and nothing is discarded.

+-+-----------+-----------+-----------+----------------+-----------+--------+-----+----+------+
| |   Instance|      Alive|       Best|       Mean best| Exp so far|  W time|  rho|KenW|  Qvar|
+-+-----------+-----------+-----------+----------------+-----------+--------+-----+----+------+
|x|          6|         45|         41|     32722274.00|         45|00:04:11|   NA|  NA|    NA|
|x|          1|         45|         27|     32836607.00|         87|00:04:09|+0.97|0.99|0.0027|
|x|          5|         45|         41|     32869254.00|        129|00:04:04|+0.98|0.98|0.0026|
|x|          2|         45|          8|     32777113.00|        171|00:04:26|+0.98|0.98|0.0029|
|-|          3|          4|          8|     32756792.80|        213|00:03:05|+0.00|0.20|0.8170|
+-+-----------+-----------+-----------+----------------+-----------+--------+-----+----+------+
Best-so-far configuration:           8    mean value:      32741848.00
Description of the best-so-far configuration:
  .ID. algorithm localsearch alpha beta rho ants q0 rasrank elitistants nnls
8    8       eas           3   1.4    4 0.2   15 NA      NA         497    8
  dlb .PARENT.
8   1       NA

# 2026-01-18 07:31:00 -03: Elite configurations (first number is the configuration ID; listed from best to worst according to the sum of ranks):
   algorithm localsearch alpha beta  rho ants q0 rasrank elitistants nnls dlb
8        eas           3  1.40 4.00 0.20   15 NA      NA         497    8   1
27       ras           2  2.18 3.69 0.60   60 NA       9          NA   42   1
41      mmas           3  2.10 8.85 0.89   92 NA      NA          NA   19   1
65        as           3  4.30 6.74 0.84   59 NA      NA          NA   12   1
# 2026-01-18 07:31:00 -03: Iteration 3 of 5
# experimentsUsed: 438
# remainingBudget: 2312
# currentBudget: 770
# nbConfigurations: 45
# Markers:
     x No test is performed.
     c Configurations are discarded only due to capping.
     - The test is performed and some configurations are discarded.
     = The test is performed but no configuration is discarded.
     ! The test is performed and configurations could be discarded but elite configurations are preserved.
     . All alive configurations are elite and nothing is discarded.

+-+-----------+-----------+-----------+----------------+-----------+--------+-----+----+------+
| |   Instance|      Alive|       Best|       Mean best| Exp so far|  W time|  rho|KenW|  Qvar|
+-+-----------+-----------+-----------+----------------+-----------+--------+-----+----+------+
|x|          7|         45|         98|     33023812.00|         45|00:01:52|   NA|  NA|    NA|
|x|          2|         45|         98|     32738002.00|         86|00:02:28|+0.95|0.97|0.0069|
|x|          4|         45|         98|     32724955.67|        128|00:02:24|+0.93|0.95|0.0062|
|x|          6|         45|        101|     32734216.50|        169|00:02:11|+0.91|0.93|0.0059|
|-|          5|          9|        101|     32773517.00|        210|00:02:28|+0.12|0.30|0.7786|
|=|          3|          9|        101|     32765178.67|        215|00:00:16|+0.16|0.30|0.7599|
|-|          1|          6|        101|     32787314.43|        220|00:00:18|-0.06|0.09|0.8625|
|=|          8|          6|         98|     32765390.62|        226|00:00:16|-0.04|0.09|0.8392|
|=|          9|          6|         98|     32781133.78|        232|00:00:18|+0.01|0.12|0.7882|
+-+-----------+-----------+-----------+----------------+-----------+--------+-----+----+------+
Best-so-far configuration:          98    mean value:      32781133.78
Description of the best-so-far configuration:
   .ID. algorithm localsearch alpha beta rho ants  q0 rasrank elitistants nnls
98   98       acs           2  2.31 6.21 0.3   34 0.3      NA          NA   29
   dlb .PARENT.
98   1       27

# 2026-01-18 07:43:36 -03: Elite configurations (first number is the configuration ID; listed from best to worst according to the sum of ranks):
    algorithm localsearch alpha beta  rho ants  q0 rasrank elitistants nnls dlb
98        acs           2  2.31 6.21 0.30   34 0.3      NA          NA   29   1
88        eas           3  2.00 5.87 0.09   18  NA      NA         557   11   1
101      mmas           3  4.70 7.40 0.44   97  NA      NA          NA    9   1
8         eas           3  1.40 4.00 0.20   15  NA      NA         497    8   1
106       eas           3  0.95 4.19 0.27   22  NA      NA         667   15   1
# 2026-01-18 07:43:36 -03: Iteration 4 of 5
# experimentsUsed: 670
# remainingBudget: 2080
# currentBudget: 1040
# nbConfigurations: 45
# Markers:
     x No test is performed.
     c Configurations are discarded only due to capping.
     - The test is performed and some configurations are discarded.
     = The test is performed but no configuration is discarded.
     ! The test is performed and configurations could be discarded but elite configurations are preserved.
     . All alive configurations are elite and nothing is discarded.

+-+-----------+-----------+-----------+----------------+-----------+--------+-----+----+------+
| |   Instance|      Alive|       Best|       Mean best| Exp so far|  W time|  rho|KenW|  Qvar|
+-+-----------+-----------+-----------+----------------+-----------+--------+-----+----+------+
|x|         10|         45|        155|     32754112.00|         45|00:01:22|   NA|  NA|    NA|
|x|          9|         45|        155|     32805086.50|         85|00:01:18|+0.90|0.95|0.0021|
|x|          3|         45|        146|     32784845.00|        125|00:01:16|+0.89|0.93|0.0029|
|x|          5|         45|        155|     32790126.50|        165|00:01:23|+0.90|0.92|0.0033|
|-|          8|          9|        155|     32770416.80|        205|00:01:16|+0.16|0.33|0.6726|
|=|          1|          9|        155|     32778609.50|        209|00:00:26|+0.13|0.28|0.6857|
|!|          4|          9|        146|     32753404.43|        213|00:00:25|+0.19|0.30|0.6394|
|!|          6|          9|        146|     32731075.00|        217|00:00:26|+0.21|0.31|0.6253|
|!|          2|          9|        146|     32684220.22|        221|00:00:25|+0.24|0.32|0.6265|
|-|          7|          4|        146|     32724653.00|        225|00:00:25|+0.05|0.14|0.7354|
+-+-----------+-----------+-----------+----------------+-----------+--------+-----+----+------+
Best-so-far configuration:         146    mean value:      32724653.00
Description of the best-so-far configuration:
    .ID. algorithm localsearch alpha beta  rho ants q0 rasrank elitistants nnls
146  146      mmas           3  4.03 7.92 0.29   61 NA      NA          NA   17
    dlb .PARENT.
146   1      101

# 2026-01-18 07:52:23 -03: Elite configurations (first number is the configuration ID; listed from best to worst according to the sum of ranks):
    algorithm localsearch alpha beta  rho ants q0 rasrank elitistants nnls dlb
146      mmas           3  4.03 7.92 0.29   61 NA      NA          NA   17   1
155       eas           3  0.82 0.98 0.53   10 NA      NA         294   11   0
154       eas           3  1.46 5.21 0.15   15 NA      NA         681   13   1
158      mmas           3  4.88 6.00 0.23   86 NA      NA          NA   15   1
# 2026-01-18 07:52:23 -03: Iteration 5 of 5
# experimentsUsed: 895
# remainingBudget: 1855
# currentBudget: 1855
# nbConfigurations: 45
# Markers:
     x No test is performed.
     c Configurations are discarded only due to capping.
     - The test is performed and some configurations are discarded.
     = The test is performed but no configuration is discarded.
     ! The test is performed and configurations could be discarded but elite configurations are preserved.
     . All alive configurations are elite and nothing is discarded.

+-+-----------+-----------+-----------+----------------+-----------+--------+-----+----+------+
| |   Instance|      Alive|       Best|       Mean best| Exp so far|  W time|  rho|KenW|  Qvar|
+-+-----------+-----------+-----------+----------------+-----------+--------+-----+----+------+
|x|         11|         45|        189|     33079343.00|         45|00:02:30|   NA|  NA|    NA|
|x|          6|         45|        174|     32872221.50|         86|00:02:11|+0.75|0.88|0.0594|
|x|          7|         45|        174|     32925305.00|        127|00:01:44|+0.74|0.83|0.0672|
|x|          9|         45|        174|     32897675.75|        168|00:02:15|+0.76|0.82|0.0628|
|-|          5|         13|        174|     32893143.60|        209|00:02:18|-0.03|0.17|0.9449|
|=|          2|         13|        174|     32799018.17|        218|00:00:21|+0.02|0.19|0.8950|
|=|          1|         13|        174|     32812370.14|        227|00:00:18|-0.03|0.11|0.9430|
|=|          4|         13|        174|     32790427.75|        236|00:00:19|-0.06|0.07|0.9795|
|=|         10|         13|        155|     32790792.89|        245|00:00:16|-0.06|0.06|0.9779|
|=|          8|         13|        146|     32782842.70|        254|00:00:17|-0.05|0.06|0.9650|
|=|          3|         13|        184|     32775278.00|        263|00:00:23|-0.03|0.06|0.9513|
|=|         12|         13|        184|     32739491.58|        276|00:00:32|-0.02|0.06|0.9439|
+-+-----------+-----------+-----------+----------------+-----------+--------+-----+----+------+
Best-so-far configuration:         184    mean value:      32739491.58
Description of the best-so-far configuration:
    .ID. algorithm localsearch alpha beta  rho ants q0 rasrank elitistants nnls
184  184      mmas           3  4.05 6.52 0.33   66 NA      NA          NA   22
    dlb .PARENT.
184   1      146

# 2026-01-18 08:05:55 -03: Elite configurations (first number is the configuration ID; listed from best to worst according to the sum of ranks):
    algorithm localsearch alpha beta  rho ants q0 rasrank elitistants nnls dlb
184      mmas           3  4.05 6.52 0.33   66 NA      NA          NA   22   1
146      mmas           3  4.03 7.92 0.29   61 NA      NA          NA   17   1
185      mmas           3  3.58 7.92 0.45   80 NA      NA          NA   19   1
155       eas           3  0.82 0.98 0.53   10 NA      NA         294   11   0
174      mmas           3  4.62 5.97 0.32   74 NA      NA          NA   29   1
# 2026-01-18 08:05:55 -03: Iteration 6 of 6
# experimentsUsed: 1171
# remainingBudget: 1579
# currentBudget: 1579
# nbConfigurations: 45
# Markers:
     x No test is performed.
     c Configurations are discarded only due to capping.
     - The test is performed and some configurations are discarded.
     = The test is performed but no configuration is discarded.
     ! The test is performed and configurations could be discarded but elite configurations are preserved.
     . All alive configurations are elite and nothing is discarded.

+-+-----------+-----------+-----------+----------------+-----------+--------+-----+----+------+
| |   Instance|      Alive|       Best|       Mean best| Exp so far|  W time|  rho|KenW|  Qvar|
+-+-----------+-----------+-----------+----------------+-----------+--------+-----+----+------+
|x|         13|         45|        243|     32805463.00|         45|00:02:00|   NA|  NA|    NA|
|x|         12|         45|        243|     32564435.00|         85|00:01:41|+0.51|0.76|0.2122|
|x|         10|         45|        243|     32635061.00|        125|00:01:25|+0.43|0.62|0.2346|
|x|          4|         45|        216|     32612198.75|        165|00:01:49|+0.44|0.58|0.2380|
|-|          1|         18|        216|     32647119.80|        205|00:01:47|-0.02|0.19|0.9159|
|=|          2|         18|        243|     32593573.17|        218|00:00:44|-0.01|0.16|0.9145|
|=|          9|         18|        216|     32644552.86|        231|00:00:35|-0.03|0.12|0.9260|
|=|          6|         18|        216|     32647569.50|        244|00:00:29|-0.03|0.10|0.9160|
|=|          3|         18|        216|     32648883.67|        257|00:00:29|-0.03|0.08|0.9523|
|=|          5|         18|        237|     32674957.00|        270|00:00:40|-0.04|0.06|0.9635|
|=|         11|         18|        237|     32716280.73|        283|00:00:46|-0.05|0.05|0.9775|
|=|          8|         18|        216|     32706500.17|        296|00:00:42|-0.03|0.06|0.9667|
|=|          7|         18|        216|     32729821.08|        309|00:00:45|-0.03|0.05|0.9714|
|=|         14|         18|        216|     32697852.50|        327|00:00:54|-0.03|0.04|0.9712|
+-+-----------+-----------+-----------+----------------+-----------+--------+-----+----+------+
Best-so-far configuration:         216    mean value:      32697852.50
Description of the best-so-far configuration:
    .ID. algorithm localsearch alpha beta  rho ants q0 rasrank elitistants nnls
216  216       eas           3  0.75 0.71 0.38    7 NA      NA         274    7
    dlb .PARENT.
216   0      155

# 2026-01-18 08:20:47 -03: Elite configurations (first number is the configuration ID; listed from best to worst according to the sum of ranks):
    algorithm localsearch alpha beta  rho ants q0 rasrank elitistants nnls dlb
216       eas           3  0.75 0.71 0.38    7 NA      NA         274    7   0
237      mmas           3  3.53 7.02 0.26   48 NA      NA          NA   28   1
248      mmas           3  3.41 8.30 0.34   52 NA      NA          NA   20   1
215      mmas           3  4.31 7.42 0.34   61 NA      NA          NA   22   1
241      mmas           3  3.67 6.54 0.33   67 NA      NA          NA   27   1
# 2026-01-18 08:20:47 -03: Iteration 7 of 7
# experimentsUsed: 1498
# remainingBudget: 1252
# currentBudget: 1252
# nbConfigurations: 45
# Markers:
     x No test is performed.
     c Configurations are discarded only due to capping.
     - The test is performed and some configurations are discarded.
     = The test is performed but no configuration is discarded.
     ! The test is performed and configurations could be discarded but elite configurations are preserved.
     . All alive configurations are elite and nothing is discarded.

+-+-----------+-----------+-----------+----------------+-----------+--------+-----+----+------+
| |   Instance|      Alive|       Best|       Mean best| Exp so far|  W time|  rho|KenW|  Qvar|
+-+-----------+-----------+-----------+----------------+-----------+--------+-----+----+------+
|x|         15|         45|        288|     32841344.00|         45|00:02:13|   NA|  NA|    NA|
|x|          2|         45|        237|     32603024.50|         85|00:02:23|+0.69|0.85|0.1067|
|x|          8|         45|        237|     32619345.67|        125|00:02:24|+0.67|0.78|0.0961|
|x|          6|         45|        237|     32615274.00|        165|00:01:51|+0.72|0.79|0.0835|
|-|         14|         16|        237|     32544584.20|        205|00:02:00|-0.06|0.15|1.0618|
|=|          7|         16|        259|     32626879.67|        216|00:00:31|-0.07|0.11|1.0212|
|=|          5|         16|        259|     32642486.29|        227|00:00:30|-0.01|0.14|0.9593|
|=|         11|         16|        259|     32700221.12|        238|00:00:39|+0.00|0.13|0.9210|
|=|         10|         16|        259|     32713066.78|        249|00:00:34|-0.03|0.08|0.9468|
|=|          9|         16|        259|     32730969.80|        260|00:00:31|-0.02|0.08|0.9220|
|=|         13|         16|        259|     32743877.64|        271|00:00:38|-0.01|0.08|0.9233|
|=|          4|         16|        259|     32725612.08|        282|00:00:42|+0.00|0.09|0.9183|
|=|         12|         16|        259|     32696858.23|        293|00:00:43|+0.02|0.09|0.9063|
|=|          1|         16|        259|     32697742.64|        304|00:00:43|+0.03|0.10|0.8867|
|=|          3|         16|        259|     32702507.80|        315|00:00:41|+0.02|0.08|0.9018|
|=|         16|         16|        259|     32703432.88|        331|00:00:54|+0.03|0.09|0.8901|
+-+-----------+-----------+-----------+----------------+-----------+--------+-----+----+------+
Best-so-far configuration:         259    mean value:      32703432.88
Description of the best-so-far configuration:
    .ID. algorithm localsearch alpha beta  rho ants q0 rasrank elitistants nnls
259  259      mmas           3  3.69 6.81 0.28   53 NA      NA          NA   24
    dlb .PARENT.
259   1      237

# 2026-01-18 08:38:51 -03: Elite configurations (first number is the configuration ID; listed from best to worst according to the sum of ranks):
    algorithm localsearch alpha beta  rho ants q0 rasrank elitistants nnls dlb
259      mmas           3  3.69 6.81 0.28   53 NA      NA          NA   24   1
237      mmas           3  3.53 7.02 0.26   48 NA      NA          NA   28   1
216       eas           3  0.75 0.71 0.38    7 NA      NA         274    7   0
263      mmas           3  3.86 7.02 0.34   56 NA      NA          NA   22   1
215      mmas           3  4.31 7.42 0.34   61 NA      NA          NA   22   1
# 2026-01-18 08:38:51 -03: Iteration 8 of 8
# experimentsUsed: 1829
# remainingBudget: 921
# currentBudget: 921
# nbConfigurations: 45
# Markers:
     x No test is performed.
     c Configurations are discarded only due to capping.
     - The test is performed and some configurations are discarded.
     = The test is performed but no configuration is discarded.
     ! The test is performed and configurations could be discarded but elite configurations are preserved.
     . All alive configurations are elite and nothing is discarded.

+-+-----------+-----------+-----------+----------------+-----------+--------+-----+----+------+
| |   Instance|      Alive|       Best|       Mean best| Exp so far|  W time|  rho|KenW|  Qvar|
+-+-----------+-----------+-----------+----------------+-----------+--------+-----+----+------+
|x|         17|         45|        321|     32735614.00|         45|00:01:55|   NA|  NA|    NA|
|x|         16|         45|        321|     32722462.00|         85|00:01:41|+0.43|0.71|0.0854|
|x|          3|         45|        321|     32698974.00|        125|00:01:57|+0.42|0.61|0.0745|
|x|          9|         45|        215|     32719941.75|        165|00:01:59|+0.45|0.59|0.0919|
|-|          8|         24|        216|     32719294.40|        205|00:01:38|-0.09|0.13|1.0322|
|=|         13|         24|        216|     32740261.50|        224|00:00:41|-0.03|0.14|0.9820|
|=|          5|         24|        296|     32769701.71|        243|00:00:53|-0.03|0.11|0.9830|
|=|         14|         24|        298|     32707325.62|        262|00:00:57|-0.01|0.12|0.9608|
|=|         12|         24|        296|     32664789.67|        281|00:00:53|+0.00|0.11|0.9548|
|=|         10|         24|        296|     32672249.40|        300|00:00:56|+0.01|0.11|0.9372|
|=|          7|         24|        296|     32704372.18|        319|00:00:58|-0.02|0.08|0.9440|
|=|          6|         24|        296|     32698007.92|        338|00:00:47|-0.01|0.08|0.9340|
|=|          2|         24|        296|     32670577.38|        357|00:00:43|+0.00|0.08|0.9262|
|=|          4|         24|        259|     32664357.86|        376|00:00:41|+0.01|0.08|0.9146|
|=|         15|         24|        259|     32680199.60|        395|00:00:46|+0.01|0.07|0.9270|
|=|         11|         24|        259|     32706709.94|        414|00:00:56|+0.02|0.08|0.9162|
|=|          1|         24|        259|     32706858.76|        433|00:00:52|+0.02|0.08|0.9202|
|=|         18|         24|        259|     32704344.17|        457|00:01:11|+0.02|0.07|0.9245|
+-+-----------+-----------+-----------+----------------+-----------+--------+-----+----+------+
Best-so-far configuration:         259    mean value:      32704344.17
Description of the best-so-far configuration:
    .ID. algorithm localsearch alpha beta  rho ants q0 rasrank elitistants nnls
259  259      mmas           3  3.69 6.81 0.28   53 NA      NA          NA   24
    dlb .PARENT.
259   1      237

# 2026-01-18 08:59:24 -03: Elite configurations (first number is the configuration ID; listed from best to worst according to the sum of ranks):
    algorithm localsearch alpha beta  rho ants q0 rasrank elitistants nnls dlb
259      mmas           3  3.69 6.81 0.28   53 NA      NA          NA   24   1
297      mmas           3  3.49 7.26 0.29   44 NA      NA          NA   30   1
263      mmas           3  3.86 7.02 0.34   56 NA      NA          NA   22   1
237      mmas           3  3.53 7.02 0.26   48 NA      NA          NA   28   1
315      mmas           3  4.12 6.65 0.29   52 NA      NA          NA   20   1
# 2026-01-18 08:59:24 -03: There is not enough budget to enforce the value of nbConfigurations, returning to default behaviour nbConfigurations:29.
# Iteration: 9
# nbIterations: 9
# experimentsUsed: 2286
# timeUsed: 0
# remainingBudget: 464
# currentBudget: 464
# number of elites: 5
# nbConfigurations: 29
# 2026-01-18 08:59:24 -03: Iteration 9 of 9
# experimentsUsed: 2286
# remainingBudget: 464
# currentBudget: 464
# nbConfigurations: 29
# Markers:
     x No test is performed.
     c Configurations are discarded only due to capping.
     - The test is performed and some configurations are discarded.
     = The test is performed but no configuration is discarded.
     ! The test is performed and configurations could be discarded but elite configurations are preserved.
     . All alive configurations are elite and nothing is discarded.

+-+-----------+-----------+-----------+----------------+-----------+--------+-----+----+------+
| |   Instance|      Alive|       Best|       Mean best| Exp so far|  W time|  rho|KenW|  Qvar|
+-+-----------+-----------+-----------+----------------+-----------+--------+-----+----+------+
|x|         19|         29|        330|     32684526.00|         29|00:01:22|   NA|  NA|    NA|
|x|          1|         29|        348|     32708823.00|         53|00:00:54|-0.02|0.49|1.1016|
|x|         11|         29|        348|     32837057.33|         77|00:00:49|+0.01|0.34|0.9845|
|x|          7|         29|        348|     32865211.25|        101|00:01:00|+0.03|0.27|0.9040|
|=|          3|         29|        348|     32834231.20|        125|00:01:05|-0.03|0.18|0.9720|
|=|          9|         29|        348|     32845734.33|        149|00:01:06|-0.03|0.14|0.9700|
|=|         17|         29|        336|     32847433.14|        173|00:01:07|-0.04|0.11|0.9825|
|=|         16|         29|        336|     32825006.62|        197|00:01:07|-0.03|0.10|0.9728|
|=|          6|         29|        336|     32801683.67|        221|00:00:49|-0.00|0.11|0.9522|
|=|         14|         29|        345|     32747358.60|        245|00:00:51|+0.00|0.10|0.9499|
|=|          8|         29|        345|     32739927.82|        269|00:01:05|+0.02|0.11|0.9304|
|=|         10|         29|        345|     32742810.25|        293|00:00:55|+0.01|0.10|0.9377|
|=|          5|         29|        345|     32747881.38|        317|00:01:05|+0.03|0.10|0.9244|
|=|         15|         29|        345|     32760588.07|        341|00:00:54|+0.03|0.10|0.9208|
|-|          4|         19|        345|     32746115.20|        365|00:01:06|-0.03|0.04|0.9612|
|=|         13|         19|        345|     32756959.62|        379|00:00:35|-0.03|0.03|0.9586|
|=|         18|         19|        345|     32751521.18|        393|00:00:32|-0.03|0.03|0.9523|
|=|         12|         19|        345|     32728420.17|        407|00:00:41|-0.02|0.04|0.9469|
|=|          2|         19|        345|     32709171.32|        421|00:00:38|-0.01|0.04|0.9448|
|=|         20|         19|        345|     32707357.30|        440|00:00:38|-0.01|0.04|0.9441|
+-+-----------+-----------+-----------+----------------+-----------+--------+-----+----+------+
Best-so-far configuration:         345    mean value:      32707357.30
Description of the best-so-far configuration:
    .ID. algorithm localsearch alpha beta  rho ants q0 rasrank elitistants nnls
345  345      mmas           3  3.79 6.63 0.29   48 NA      NA          NA   23
    dlb .PARENT.
345   1      259

# 2026-01-18 09:17:55 -03: Elite configurations (first number is the configuration ID; listed from best to worst according to the sum of ranks):
    algorithm localsearch alpha beta  rho ants q0 rasrank elitistants nnls dlb
345      mmas           3  3.79 6.63 0.29   48 NA      NA          NA   23   1
259      mmas           3  3.69 6.81 0.28   53 NA      NA          NA   24   1
263      mmas           3  3.86 7.02 0.34   56 NA      NA          NA   22   1
337      mmas           3  3.58 7.14 0.33   43 NA      NA          NA   32   1
348      mmas           3  4.10 6.62 0.30   54 NA      NA          NA   19   1
# 2026-01-18 09:17:55 -03: There is not enough budget to enforce the value of nbConfigurations, returning to default behaviour nbConfigurations:6.
# Iteration: 10
# nbIterations: 10
# experimentsUsed: 2726
# timeUsed: 0
# remainingBudget: 24
# currentBudget: 24
# number of elites: 5
# nbConfigurations: 6
# 2026-01-18 09:17:55 -03: Iteration 10 of 10
# experimentsUsed: 2726
# remainingBudget: 24
# currentBudget: 24
# nbConfigurations: 6
# Markers:
     x No test is performed.
     c Configurations are discarded only due to capping.
     - The test is performed and some configurations are discarded.
     = The test is performed but no configuration is discarded.
     ! The test is performed and configurations could be discarded but elite configurations are preserved.
     . All alive configurations are elite and nothing is discarded.

+-+-----------+-----------+-----------+----------------+-----------+--------+-----+----+------+
| |   Instance|      Alive|       Best|       Mean best| Exp so far|  W time|  rho|KenW|  Qvar|
+-+-----------+-----------+-----------+----------------+-----------+--------+-----+----+------+
|x|          3|          6|        354|     32630197.00|          1|00:00:17|   NA|  NA|    NA|
|x|          2|          6|        337|     32487250.50|          2|00:00:16|+0.43|0.71|0.5121|
|x|         15|          6|        354|     32636006.33|          3|00:00:18|-0.35|0.10|1.0878|
|x|         17|          6|        263|     32679948.50|          4|00:00:17|-0.21|0.09|0.9661|
|=|         13|          6|        354|     32694932.00|          5|00:00:15|-0.01|0.19|0.8159|
|=|         11|          6|        354|     32761436.00|          6|00:00:13|-0.08|0.10|0.8424|
|=|          9|          6|        354|     32789630.29|          7|00:00:14|-0.12|0.04|0.9113|
|=|         20|          6|        337|     32786210.88|          8|00:00:15|-0.10|0.04|0.9069|
|=|         14|          6|        337|     32734413.33|          9|00:00:18|-0.11|0.01|0.9131|
|=|         10|          6|        263|     32728089.80|         10|00:00:17|-0.09|0.01|0.8892|
|=|         12|          6|        263|     32696743.73|         11|00:00:16|-0.09|0.01|0.8852|
|=|          6|          6|        263|     32687716.08|         12|00:00:16|-0.07|0.02|0.8573|
|=|         16|          6|        263|     32689170.85|         13|00:00:17|-0.05|0.03|0.8363|
|=|         19|          6|        345|     32698591.50|         14|00:00:19|-0.04|0.03|0.8459|
|=|         18|          6|        263|     32692084.87|         15|00:00:18|-0.03|0.04|0.8235|
|=|          8|          6|        345|     32694400.44|         16|00:00:16|-0.04|0.02|0.8495|
|=|          1|          6|        345|     32699822.76|         17|00:00:19|-0.05|0.01|0.8619|
|=|          4|          6|        263|     32689513.39|         18|00:00:21|-0.04|0.02|0.8561|
|=|          5|          6|        345|     32697327.21|         19|00:00:19|-0.04|0.02|0.8553|
|=|          7|          6|        345|     32707357.30|         20|00:00:19|-0.04|0.02|0.8553|
+-+-----------+-----------+-----------+----------------+-----------+--------+-----+----+------+
Best-so-far configuration:         345    mean value:      32707357.30
Description of the best-so-far configuration:
    .ID. algorithm localsearch alpha beta  rho ants q0 rasrank elitistants nnls
345  345      mmas           3  3.79 6.63 0.29   48 NA      NA          NA   23
    dlb .PARENT.
345   1      259

# 2026-01-18 09:23:46 -03: Elite configurations (first number is the configuration ID; listed from best to worst according to the sum of ranks):
    algorithm localsearch alpha beta  rho ants q0 rasrank elitistants nnls dlb
345      mmas           3  3.79 6.63 0.29   48 NA      NA          NA   23   1
259      mmas           3  3.69 6.81 0.28   53 NA      NA          NA   24   1
263      mmas           3  3.86 7.02 0.34   56 NA      NA          NA   22   1
354      mmas           3  4.08 6.69 0.25   46 NA      NA          NA   24   1
348      mmas           3  4.10 6.62 0.30   54 NA      NA          NA   19   1
# 2026-01-18 09:23:46 -03: There is not enough budget to enforce the value of nbConfigurations, returning to default behaviour nbConfigurations:5.
# Iteration: 11
# nbIterations: 11
# experimentsUsed: 2746
# timeUsed: 0
# remainingBudget: 4
# currentBudget: 4
# number of elites: 5
# nbConfigurations: 5
# 2026-01-18 09:23:46 -03: Stopped because there is not enough budget left to race more than the minimum (5).
# You may either increase the budget or set 'minNbSurvival' to a lower value.
# Iteration: 11
# nbIterations: 11
# experimentsUsed: 2746
# timeUsed: 0
# remainingBudget: 4
# currentBudget: 4
# number of elites: 5
# nbConfigurations: 5
# Total CPU user time: 61240.96, CPU sys time: 505.028, Wall-clock time: 8735.564
# 2026-01-18 09:23:46 -03: Starting post-selection:
# Configurations selected: 345, 259, 263, 354.
# Pending instances: 0, 0, 0, 0.
# 2026-01-18 09:23:46 -03: seed: 1200239
# Configurations: 4
# Available experiments: 4
# minSurvival: 1
# Markers:
     x No test is performed.
     c Configurations are discarded only due to capping.
     - The test is performed and some configurations are discarded.
     = The test is performed but no configuration is discarded.
     ! The test is performed and configurations could be discarded but elite configurations are preserved.
     . All alive configurations are elite and nothing is discarded.

+-+-----------+-----------+-----------+----------------+-----------+--------+-----+----+------+
| |   Instance|      Alive|       Best|       Mean best| Exp so far|  W time|  rho|KenW|  Qvar|
+-+-----------+-----------+-----------+----------------+-----------+--------+-----+----+------+
|.|         11|          4|        345|     33076338.00|          0|00:00:00|   NA|  NA|    NA|
|.|          3|          4|        345|     32866176.00|          0|00:00:00|+0.80|0.90|0.2558|
|.|          8|          4|        345|     32799324.00|          0|00:00:00|+0.07|0.38|0.8407|
|.|         18|          4|        345|     32765619.50|          0|00:00:00|-0.23|0.07|0.9108|
|.|         14|          4|        345|     32672171.60|          0|00:00:00|-0.14|0.09|0.8946|
|.|          9|          4|        345|     32712749.50|          0|00:00:00|-0.03|0.14|0.8104|
|.|          1|          4|        345|     32723296.71|          0|00:00:00|+0.08|0.21|0.7419|
|.|          6|          4|        345|     32706323.25|          0|00:00:00|-0.01|0.12|0.7923|
|.|         16|          4|        345|     32704479.56|          0|00:00:00|-0.03|0.09|0.8055|
|.|          5|          4|        345|     32714905.10|          0|00:00:00|-0.01|0.09|0.7927|
|.|         15|          4|        345|     32734075.09|          0|00:00:00|-0.01|0.08|0.8025|
|.|         20|          4|        345|     32728976.42|          0|00:00:00|-0.05|0.03|0.8086|
|.|         10|          4|        345|     32732479.54|          0|00:00:00|-0.07|0.01|0.8059|
|.|         13|          4|        345|     32745847.14|          0|00:00:00|-0.07|0.01|0.8045|
|.|         12|          4|        345|     32718504.20|          0|00:00:00|-0.06|0.01|0.7993|
|.|          7|          4|        345|     32729718.25|          0|00:00:00|-0.05|0.02|0.7886|
|.|          2|          4|        345|     32708128.47|          0|00:00:00|-0.05|0.01|0.7837|
|.|         17|          4|        345|     32714591.00|          0|00:00:00|-0.05|0.00|0.7885|
|.|         19|          4|        345|     32715981.63|          0|00:00:00|-0.04|0.01|0.7795|
|.|          4|          4|        345|     32707357.30|          0|00:00:00|-0.05|0.01|0.7747|
|=|         21|          4|        345|     32718646.43|          4|00:00:20|-0.04|0.01|0.7637|
+-+-----------+-----------+-----------+----------------+-----------+--------+-----+----+------+
Best-so-far configuration:         345    mean value:      32718646.43
Description of the best-so-far configuration:
    .ID. algorithm localsearch alpha beta  rho ants q0 rasrank elitistants nnls
345  345      mmas           3  3.79 6.63 0.29   48 NA      NA          NA   23
    dlb .PARENT.
345   1      259

# 2026-01-18 09:24:07 -03: Elite configurations (first number is the configuration ID; listed from best to worst according to the sum of ranks):
    algorithm localsearch alpha beta  rho ants q0 rasrank elitistants nnls dlb
345      mmas           3  3.79 6.63 0.29   48 NA      NA          NA   23   1
263      mmas           3  3.86 7.02 0.34   56 NA      NA          NA   22   1
354      mmas           3  4.08 6.69 0.25   46 NA      NA          NA   24   1
259      mmas           3  3.69 6.81 0.28   53 NA      NA          NA   24   1
# Total CPU user time: 61313.38, CPU sys time: 505.535, Wall-clock time: 8756.131
    .ID. algorithm localsearch alpha beta  rho ants q0 rasrank elitistants nnls
345  345      mmas           3  3.79 6.63 0.29   48 NA      NA          NA   23
263  263      mmas           3  3.86 7.02 0.34   56 NA      NA          NA   22
354  354      mmas           3  4.08 6.69 0.25   46 NA      NA          NA   24
259  259      mmas           3  3.69 6.81 0.28   53 NA      NA          NA   24
    dlb .PARENT. .RANK. .WEIGHT.
345   1      259     48      0.4
263   1      248     53      0.3
354   1      345     54      0.2
259   1      237     55      0.1
