#------------------------------------------------------------------------------
# irace: An implementation in R of (Elitist) Iterated Racing
# Version: 4.2.0.9000.4117289
# Copyright (C) 2010-2025
# Manuel Lopez-Ibanez     <manuel.lopez-ibanez@manchester.ac.uk>
# Jeremie Dubois-Lacoste
# Leslie Perez Caceres    <leslie.perez.caceres@ulb.ac.be>
#
# This is free software, and you are welcome to redistribute it under certain
# conditions.  See the GNU General Public License for details. There is NO
# WARRANTY; not even for MERCHANTABILITY or FITNESS FOR A PARTICULAR PURPOSE.
#
# irace builds upon previous code from the race package:
#     race: Racing methods for the selection of the best
#     Copyright (C) 2003 Mauro Birattari
#------------------------------------------------------------------------------
# installed at: /home/pestobar/R/x86_64-redhat-linux-gnu-library/4.5/irace
# called with: --only-test configurations.txt --scenario scenario.txt
# 2026-01-31 02:53:54 -03: Checking scenario.
# 2026-01-31 02:53:54 -03: Reading parameter file '/home/pestobar/Activities/irace-executions/PSO-X/Scenarios/Best_Elites/Runs/Best_Elites_seed_700099/parameters.txt'.
# 2026-01-31 02:53:54 -03: 2 expression(s) specifying forbidden configurations read.
## irace scenario:
scenarioFile = "/home/pestobar/Activities/irace-executions/PSO-X/Scenarios/Best_Elites/Runs/Best_Elites_seed_700099/scenario.txt"
execDir = "/home/pestobar/Activities/irace-executions/PSO-X/Scenarios/Best_Elites/Runs/Best_Elites_seed_700099/Results"
parameterFile = "/home/pestobar/Activities/irace-executions/PSO-X/Scenarios/Best_Elites/Runs/Best_Elites_seed_700099/parameters.txt"
parameters = <environment>
initConfigurations = NULL
configurationsFile = ""
logFile = "/home/pestobar/Activities/irace-executions/PSO-X/Scenarios/Best_Elites/Runs/Best_Elites_seed_700099/Results/irace.Rdata"
recoveryFile = ""
instances = c("--competition 3 --problem 0 --dimensions 30", "--competition 3 --problem 1 --dimensions 30", "--competition 3 --problem 2 --dimensions 30", "--competition 3 --problem 3 --dimensions 30", "--competition 3 --problem 4 --dimensions 30", "--competition 3 --problem 5 --dimensions 30", "--competition 3 --problem 6 --dimensions 30", "--competition 3 --problem 7 --dimensions 30", "--competition 3 --problem 8 --dimensions 30", "--competition 3 --problem 9 --dimensions 30", "--competition 3 --problem 10 --dimensions 30", "--competition 3 --problem 11 --dimensions 30", "--competition 3 --problem 12 --dimensions 30", "--competition 3 --problem 13 --dimensions 30", "--competition 3 --problem 14 --dimensions 30", "--competition 3 --problem 15 --dimensions 30", "--competition 3 --problem 16 --dimensions 30", "--competition 3 --problem 17 --dimensions 30", "--competition 3 --problem 18 --dimensions 30", "--competition 3 --problem 19 --dimensions 30", "--competition 3 --problem 20 --dimensions 30", "--competition 3 --problem 21 --dimensions 30", "--competition 3 --problem 22 --dimensions 30", "--competition 3 --problem 23 --dimensions 30", "--competition 3 --problem 24 --dimensions 30", "--competition 3 --problem 25 --dimensions 30", "--competition 3 --problem 26 --dimensions 30", "--competition 3 --problem 27 --dimensions 30", "--competition 3 --problem 28 --dimensions 30", "--competition 3 --problem 29 --dimensions 30", "--competition 3 --problem 30 --dimensions 30", "--competition 3 --problem 31 --dimensions 30", "--competition 3 --problem 32 --dimensions 30", "--competition 3 --problem 33 --dimensions 30", "--competition 3 --problem 34 --dimensions 30", "--competition 3 --problem 35 --dimensions 30", "--competition 3 --problem 36 --dimensions 30", "--competition 3 --problem 37 --dimensions 30", "--competition 3 --problem 38 --dimensions 30", "--competition 3 --problem 39 --dimensions 30", "--competition 3 --problem 40 --dimensions 30", "--competition 3 --problem 41 --dimensions 30", "--competition 3 --problem 42 --dimensions 30", "--competition 3 --problem 43 --dimensions 30", "--competition 3 --problem 44 --dimensions 30", "--competition 3 --problem 45 --dimensions 30", "--competition 3 --problem 46 --dimensions 30", "--competition 3 --problem 47 --dimensions 30", "--competition 3 --problem 48 --dimensions 30", "--competition 3 --problem 49 --dimensions 30")
trainInstancesDir = ""
trainInstancesFile = "/home/pestobar/Activities/irace-executions/PSO-X/Instances/train_MIXTURE.txt"
sampleInstances = TRUE
testInstancesDir = ""
testInstancesFile = "/home/pestobar/Activities/irace-executions/PSO-X/TestingInstances/test_MIXTURE.txt"
testInstances = c("1t" = "--competition 3 --problem 0 --dimensions 50", "2t" = "--competition 3 --problem 1 --dimensions 50", "3t" = "--competition 3 --problem 2 --dimensions 50", "4t" = "--competition 3 --problem 3 --dimensions 50", "5t" = "--competition 3 --problem 4 --dimensions 50", "6t" = "--competition 3 --problem 5 --dimensions 50", "7t" = "--competition 3 --problem 6 --dimensions 50", "8t" = "--competition 3 --problem 7 --dimensions 50", "9t" = "--competition 3 --problem 8 --dimensions 50", "10t" = "--competition 3 --problem 9 --dimensions 50", "11t" = "--competition 3 --problem 10 --dimensions 50", "12t" = "--competition 3 --problem 11 --dimensions 50", "13t" = "--competition 3 --problem 12 --dimensions 50", "14t" = "--competition 3 --problem 13 --dimensions 50", "15t" = "--competition 3 --problem 14 --dimensions 50", "16t" = "--competition 3 --problem 15 --dimensions 50", "17t" = "--competition 3 --problem 16 --dimensions 50", "18t" = "--competition 3 --problem 17 --dimensions 50", "19t" = "--competition 3 --problem 18 --dimensions 50", "20t" = "--competition 3 --problem 19 --dimensions 50", "21t" = "--competition 3 --problem 20 --dimensions 50", "22t" = "--competition 3 --problem 21 --dimensions 50", "23t" = "--competition 3 --problem 22 --dimensions 50", "24t" = "--competition 3 --problem 23 --dimensions 50", "25t" = "--competition 3 --problem 24 --dimensions 50", "26t" = "--competition 3 --problem 25 --dimensions 50", "27t" = "--competition 3 --problem 26 --dimensions 50", "28t" = "--competition 3 --problem 27 --dimensions 50", "29t" = "--competition 3 --problem 28 --dimensions 50", "30t" = "--competition 3 --problem 29 --dimensions 50", "31t" = "--competition 3 --problem 30 --dimensions 50", "32t" = "--competition 3 --problem 31 --dimensions 50", "33t" = "--competition 3 --problem 32 --dimensions 50", "34t" = "--competition 3 --problem 33 --dimensions 50", "35t" = "--competition 3 --problem 34 --dimensions 50", "36t" = "--competition 3 --problem 35 --dimensions 50", "37t" = "--competition 3 --problem 36 --dimensions 50", "38t" = "--competition 3 --problem 37 --dimensions 50", "39t" = "--competition 3 --problem 38 --dimensions 50", "40t" = "--competition 3 --problem 39 --dimensions 50", "41t" = "--competition 3 --problem 40 --dimensions 50", "42t" = "--competition 3 --problem 41 --dimensions 50", "43t" = "--competition 3 --problem 42 --dimensions 50", "44t" = "--competition 3 --problem 43 --dimensions 50", "45t" = "--competition 3 --problem 44 --dimensions 50", "46t" = "--competition 3 --problem 45 --dimensions 50", "47t" = "--competition 3 --problem 46 --dimensions 50", "48t" = "--competition 3 --problem 47 --dimensions 50", "49t" = "--competition 3 --problem 48 --dimensions 50", "50t" = "--competition 3 --problem 49 --dimensions 50")
testNbElites = 1L
testIterationElites = FALSE
testType = "friedman"
firstTest = 5L
blockSize = 1L
eachTest = 1L
targetRunner = "/home/pestobar/Activities/irace-executions/PSO-X/Scenarios/Best_Elites/Runs/Best_Elites_seed_700099/target-runner"
targetRunnerLauncher = ""
targetCmdline = "{configurationID} {instanceID} {seed} {instance} {bound} {targetRunnerArgs}"
targetRunnerRetries = 0L
targetRunnerTimeout = 0L
targetRunnerData = ""
targetRunnerParallel = NULL
targetEvaluator = NULL
deterministic = FALSE
maxExperiments = 5500L
minExperiments = NA_character_
maxTime = 0L
budgetEstimation = 0.05
minMeasurableTime = 0.01
parallel = 10L
loadBalancing = TRUE
mpi = FALSE
batchmode = "0"
quiet = FALSE
debugLevel = 0L
seed = 700099L
softRestart = TRUE
softRestartThreshold = 1e-04
elitist = TRUE
elitistNewInstances = 1L
elitistLimit = 2L
repairConfiguration = NULL
capping = FALSE
cappingAfterFirstTest = FALSE
cappingType = "median"
boundType = "candidate"
boundMax = NULL
boundDigits = 0L
boundPar = 1L
boundAsTimeout = TRUE
postselection = TRUE
aclib = FALSE
nbIterations = 0L
nbExperimentsPerIteration = 0L
minNbSurvival = 0L
nbConfigurations = 0L
mu = 5L
confidence = 0.95
## end of irace scenario
# 2026-01-31 02:53:54 -03: Read 80 configuration(s) from file 'configurations.txt'
# 2026-01-31 02:53:54 -03: Testing configurations (in the order given as input): 
   particles topology modInfluence branching tSchedule phi1 phi2 inertia
1         21        4            0        NA        NA 1.89 2.36    0.38
2        134        4            0        NA        NA 2.09 2.30    0.53
3          9        1            0        NA        NA 1.54 2.48    0.26
4        142        4            0        NA        NA 1.27 2.48    0.50
5         67        4            0        NA        NA 1.58 2.49    0.41
6         66        1            1        NA        NA 2.05 1.48    0.59
7         90        4            0        NA        NA 1.94 2.40    0.65
8        162        4            2        NA        NA 0.44 2.37    0.81
9         85        4            0        NA        NA 2.15 2.28    0.55
10        45        4            0        NA        NA 1.79 2.42    0.50
11        82        4            0        NA        NA 1.24 2.44    0.35
12       106        4            0        NA        NA 1.91 2.36    0.46
13        77        4            0        NA        NA 1.28 2.47    0.42
14        57        4            0        NA        NA 0.59 2.22    0.56
15        20        0            1        NA        NA 2.46 2.08    0.31
16       108        4            0        NA        NA 2.14 2.28    0.67
17       142        4            0        NA        NA 2.03 2.45    0.37
18       101        4            0        NA        NA 2.28 2.16    0.50
19         6        5            0        NA         6 2.43 2.33    0.21
20        18        0            1        NA        NA 1.86 2.30    0.24
21       149        4            0        NA        NA 1.24 2.43    0.40
22       138        4            0        NA        NA 2.42 2.48    0.58
23        15        0            1        NA        NA 1.34 2.03    0.19
24       144        4            0        NA        NA 1.96 2.47    0.60
25       119        4            0        NA        NA 0.85 2.49    0.50
26        56        1            1        NA        NA 2.15 2.11    0.57
27        76        4            0        NA        NA 2.25 2.43    0.61
28        75        4            0        NA        NA 1.87 2.34    0.55
29       165        4            0        NA        NA 2.45 2.44    0.37
30        71        4            0        NA        NA 1.86 2.42    0.65
31        92        4            0        NA        NA 1.30 2.43    0.41
32        14        4            0        NA        NA 1.38 2.15    0.26
33        80        4            0        NA        NA 1.65 2.50    0.27
34        11        4            0        NA        NA 1.41 2.38    0.48
35        40        1            1        NA        NA 2.47 2.15    0.44
36       134        4            0        NA        NA 2.01 2.42    0.53
37       102        4            0        NA        NA 2.17 2.48    0.43
38       109        4            0        NA        NA 1.97 2.44    0.56
39       162        0            0        NA        NA 1.96 2.26    0.18
40        21        0            1        NA        NA 2.25 2.32    0.22
41        38        4            0        NA        NA 2.21 1.60    0.53
42       150        4            0        NA        NA 1.95 2.33    0.58
43         4        4            2        NA        NA 1.77 2.47    0.41
44       105        4            0        NA        NA 0.43 2.38    0.25
45        75        4            0        NA        NA 2.17 2.11    0.61
46       115        1            1        NA        NA 2.36 2.43    0.66
47       115        4            0        NA        NA 2.26 2.13    0.74
48        83        4            0        NA        NA 2.38 2.39    0.11
49        38        4            0        NA        NA 2.46 1.83    0.67
50        83        4            0        NA        NA 1.42 2.41    0.70
51        79        4            0        NA        NA 1.02 2.39    0.45
52        83        4            0        NA        NA 2.35 2.47    0.44
53        25        1            0        NA        NA 1.69 2.28    0.33
54        89        4            2        NA        NA 2.41 2.46    0.72
55        25        1            2        NA        NA 2.11 2.38    0.30
56       103        4            0        NA        NA 0.96 2.24    0.45
57        84        4            0        NA        NA 2.11 2.48    0.32
58       103        4            0        NA        NA 0.50 2.49    0.48
59        28        0            0        NA        NA 1.99 1.81    0.13
60        22        1            1        NA        NA 2.31 2.37    0.25
61        47        1            0        NA        NA 2.09 2.05    0.14
62        85        4            0        NA        NA 2.11 2.33    0.54
63       104        4            0        NA        NA 2.27 2.39    0.41
64        90        4            0        NA        NA 0.31 2.31    0.15
65       113        4            0        NA        NA 2.23 2.37    0.60
66        93        4            0        NA        NA 1.89 1.55    0.42
67        53        1            0        NA        NA 2.25 2.49    0.64
68       136        4            2        NA        NA 1.47 2.26    0.82
69        58        0            0        NA        NA 1.01 1.62    0.12
70        91        4            0        NA        NA 2.43 2.31    0.50
71        68        4            0        NA        NA 0.99 2.49    0.28
72        21        4            0        NA        NA 2.30 2.28    0.31
73       113        4            0        NA        NA 2.17 2.37    0.39
74       167        4            2        NA        NA 1.24 2.46    0.63
75       153        4            0        NA        NA 1.84 2.45    0.31
76        90        4            0        NA        NA 1.66 2.30    0.57
77        84        4            0        NA        NA 0.78 2.24    0.29
78       135        4            0        NA        NA 1.32 2.29    0.57
79        88        0            0        NA        NA 1.68 2.50    0.22
80       200        4            2        NA        NA 2.48 2.31    0.64
# 2026-01-31 05:35:11 -03: Testing results (column number is configuration ID in no particular order):
         seeds            1            2            3            4            5
1t  1663564411 9.517726e-01 1.286904e+00 7.411785e-01 1.619587e+00 1.139741e+00
2t  1132385735 5.638453e+06 1.698013e+07 3.646098e+06 1.323074e+07 6.236738e+06
3t  1651487240 1.442391e+06 2.576340e+06 1.417630e+06 2.365666e+06 1.733669e+06
4t   654593993 9.987930e+04 1.267999e+05 7.370319e+04 1.400621e+05 1.480894e+05
5t   361006196 1.576346e+01 1.605590e+01 7.787203e+01 2.182205e+01 3.501674e+01
6t  1173880173 5.915804e+00 3.798595e+02 2.951275e+00 3.963438e+02 5.573925e+01
7t   992668867 5.076846e+03 3.461784e+03 8.886215e+03 4.020760e+03 3.204243e+03
8t   941325436 5.173096e+00 6.342771e+00 5.197808e+00 6.896137e+00 5.912210e+00
9t  1916089287 3.028698e+02 2.682408e+02 3.391451e+02 2.487102e+02 2.954973e+02
10t  908113554 2.459034e+01 3.194489e+01 2.569716e+01 3.133989e+01 2.832775e+01
11t  269147309 3.007009e+02 2.436869e+02 3.360974e+02 2.695630e+02 2.573494e+02
12t 1570931957 9.091127e+03 3.261929e+02 2.298514e+03 4.301632e+02 7.813206e+03
13t  394629749 1.991369e+01 1.654075e+00 2.028555e+01 1.698683e+00 1.432120e+00
14t  961437008 2.091166e+01 2.107825e+01 2.086685e+01 2.106661e+01 2.101250e+01
15t 1013075677 1.381654e+02 5.771828e+02 1.323178e+02 2.497849e+02 3.413008e+02
16t   11733575 4.710358e+01 4.808522e+01 4.707425e+01 4.822515e+01 4.711896e+01
17t 1031373453 5.484197e-02 1.062546e+00 1.369764e-01 4.401130e-01 1.572702e-01
18t 1054691963 8.557088e-01 9.994197e-01 8.434300e-01 9.742879e-01 9.098628e-01
19t  614282269 7.585455e+02 4.458475e+02 6.187030e+02 4.678501e+02 5.023942e+02
20t 1099090210 3.967912e+02 3.012919e+02 7.339443e+02 2.167595e+02 2.790211e+02
21t 2095222475 2.798444e+04 2.682240e+04 3.119747e+04 2.741219e+04 2.869745e+04
22t  632737594 2.960005e+04 2.820500e+04 3.051887e+04 2.856376e+04 2.859471e+04
23t  722199163 5.835372e+01 4.533074e+01 5.434673e+01 4.341144e+01 4.722941e+01
24t 2147419854 7.073414e-01 1.024580e+00 1.720596e+00 6.687001e-01 7.892433e-01
25t 1087852656 6.074411e-01 5.939577e-01 6.533495e-01 5.808072e-01 5.140606e-01
26t 2013938653 3.606035e-01 3.220690e-01 3.432335e-01 3.241650e-01 8.041821e-01
27t  737937186 9.631420e+01 7.608500e+01 1.341134e+02 8.631774e+01 8.836859e+01
28t 1793546712 2.454904e+02 2.573600e+02 2.283431e+02 2.402884e+02 2.245510e+02
29t  384705208 4.037064e+02 2.890305e+02 4.720005e+02 2.586986e+02 2.959340e+02
30t 2098048796 9.716673e+00 1.171076e+01 1.350126e+01 1.207217e+01 1.303214e+01
31t 1630927940 2.417052e+02 1.524558e+02 2.303608e+02 1.309064e+02 1.882723e+02
32t  346245195 3.915179e+02 3.179041e+02 3.997183e+02 3.118278e+02 3.104529e+02
33t  956434845 1.231558e+02 1.060939e+02 1.308343e+02 1.049730e+02 1.104287e+02
34t 1751636756 1.839095e+01 2.376462e+01 2.537715e+01 2.540927e+01 2.404748e+01
35t 1614089056 1.310754e+04 1.259013e+04 1.391060e+04 1.257680e+04 1.275289e+04
36t  613768215 2.161130e+05 1.488248e+05 2.214688e+05 2.017289e+05 1.736827e+05
37t 1067167370 5.561465e+01 5.823137e+01 5.714519e+01 6.037930e+01 5.488057e+01
38t  121451030 3.086511e+05 2.769095e+05 2.698293e+05 2.820220e+05 2.051542e+05
39t 1545671937 6.243732e+00 5.753451e+00 6.596867e+00 5.589669e+00 5.877116e+00
40t  577960458 7.156944e+01 4.386254e+01 5.197897e+01 4.695136e+01 7.491965e+01
41t  470938384 5.815322e+02 4.498368e+02 6.805837e+02 4.503611e+02 4.866022e+02
42t 1555862323 4.452319e+02 3.424279e+02 5.240600e+02 3.025480e+02 4.038422e+02
43t 2107466912 3.706403e+02 3.388116e+02 3.517224e+02 3.234668e+02 3.862290e+02
44t 1781172054 9.392261e+02 9.375507e+02 9.399932e+02 9.265223e+02 9.397199e+02
45t 2081108414 9.346946e+02 9.355596e+02 9.359923e+02 9.221547e+02 9.303561e+02
46t 1744516006 9.584204e+02 9.348838e+02 9.341999e+02 9.227088e+02 9.353906e+02
47t   78095459 5.312874e+02 1.025156e+03 5.339205e+02 1.022077e+03 9.002298e+02
48t 1938762999 1.032811e+03 9.381532e+02 1.088865e+03 9.322246e+02 9.565973e+02
49t 1299026410 5.532981e+02 1.023766e+03 9.035849e+02 1.023602e+03 1.025583e+03
50t  323576177 1.030580e+03 9.998930e+02 9.760246e+02 9.537862e+02 9.684180e+02
               6            7            8            9           10
1t  1.408444e+00 1.793249e+00 3.515270e+00 1.390273e+00 1.169932e+00
2t  6.555094e+06 1.997078e+07 9.610762e+06 1.437146e+07 6.047584e+06
3t  2.119651e+06 3.326235e+06 5.586514e+06 2.215418e+06 2.108873e+06
4t  1.337213e+05 1.316211e+05 1.037584e+05 1.492831e+05 1.021776e+05
5t  6.015601e+01 3.286148e+00 1.219494e+01 3.090784e+01 2.349972e+01
6t  2.041887e+02 1.731654e+02 2.549072e+02 1.802568e+02 3.041872e+01
7t  7.440088e+03 4.091711e+03 2.777847e+03 3.356739e+03 4.568481e+03
8t  6.224321e+00 7.635256e+00 1.004131e+01 6.428178e+00 5.812476e+00
9t  3.951250e+02 2.574436e+02 4.878463e+01 2.378225e+02 2.937897e+02
10t 2.940850e+01 3.317600e+01 4.096083e+01 3.012117e+01 2.982290e+01
11t 3.580765e+02 1.976252e+02 4.450835e+01 2.679992e+02 2.580682e+02
12t 2.600317e+04 2.634367e+02 1.183306e+03 2.514462e+02 2.223759e+02
13t 2.042484e+01 1.687968e+00 2.423030e+00 1.668848e+00 1.491285e+00
14t 2.117868e+01 2.115914e+01 2.118867e+01 2.111616e+01 2.107853e+01
15t 1.980778e+02 2.716306e+02 4.400203e+02 2.123456e+02 1.084958e+03
16t 4.928648e+01 4.823776e+01 4.903702e+01 4.714951e+01 4.782348e+01
17t 5.123813e+02 2.119366e-01 8.239817e-02 1.134742e-01 2.033000e-01
18t 9.305808e-01 1.002957e+00 1.050121e+00 9.846799e-01 9.259996e-01
19t 1.629521e+03 3.912901e+02 3.891405e+02 4.291417e+02 5.844784e+02
20t 6.174056e+02 2.108921e+02 2.555457e+02 2.524988e+02 3.302984e+02
21t 3.566974e+04 2.785226e+04 2.825623e+04 2.818387e+04 2.759178e+04
22t 3.565253e+04 2.864426e+04 3.022281e+04 2.862059e+04 2.965884e+04
23t 6.445483e+01 4.475718e+01 4.341534e+01 5.172451e+01 4.557833e+01
24t 3.045015e+00 6.330851e-01 3.368573e+00 6.671585e-01 6.848380e-01
25t 6.232022e-01 5.079765e-01 4.589458e-01 6.636848e-01 5.109504e-01
26t 2.841464e-01 3.099781e-01 3.014074e-01 2.998027e-01 3.422872e-01
27t 4.551363e+01 5.911201e+01 6.477146e+01 6.573909e+01 8.171516e+01
28t 1.902902e+02 2.703617e+02 3.496805e+02 2.564470e+02 2.734733e+02
29t 4.200977e+02 2.966644e+02 2.941584e+02 3.278694e+02 2.599269e+02
30t 1.289864e+01 1.324143e+01 1.661756e+01 1.171012e+01 1.024296e+01
31t 9.618065e+01 1.587196e+02 1.477607e+02 1.546982e+02 1.937071e+02
32t 3.450404e+02 4.212609e+02 3.144108e+02 3.213892e+02 3.764556e+02
33t 1.346291e+02 9.404438e+01 1.026091e+02 9.648508e+01 1.103474e+02
34t 3.046162e+01 2.538600e+01 3.379580e+01 2.670985e+01 2.753567e+01
35t 1.413879e+04 1.253298e+04 1.238521e+04 1.232378e+04 1.277170e+04
36t 1.737540e+05 1.981637e+05 3.925255e+05 2.041550e+05 1.986929e+05
37t 6.585852e+01 5.926380e+01 6.012038e+01 6.120796e+01 6.012821e+01
38t 1.491667e+05 2.321031e+05 1.856867e+05 2.759192e+05 3.129539e+05
39t 5.020141e+00 4.774252e+00 6.929542e+00 7.460991e+00 5.687275e+00
40t 8.237526e+02 3.744309e+01 2.420982e+01 3.533410e+01 5.077518e+01
41t 4.502089e+02 4.515057e+02 4.557550e+02 4.498018e+02 4.787114e+02
42t 3.303944e+02 2.865805e+02 2.838139e+02 3.284614e+02 3.931062e+02
43t 3.866801e+02 3.106858e+02 2.935938e+02 3.292602e+02 3.232617e+02
44t 9.515925e+02 9.225405e+02 9.301761e+02 9.263916e+02 9.367209e+02
45t 9.475579e+02 9.296990e+02 9.368444e+02 9.576635e+02 9.497688e+02
46t 9.550393e+02 9.327571e+02 9.230287e+02 9.255540e+02 9.272410e+02
47t 5.481680e+02 1.024220e+03 6.095507e+02 1.026035e+03 1.030403e+03
48t 1.189948e+03 9.264346e+02 9.422129e+02 9.809437e+02 9.904281e+02
49t 5.684095e+02 1.021424e+03 6.342664e+02 5.802962e+02 1.027210e+03
50t 1.241741e+03 9.250366e+02 4.126813e+02 9.337288e+02 9.289597e+02
              11           12           13           14           15
1t  1.209582e+00 1.381869e+00 1.246182e+00 2.016054e+00 6.646617e-01
2t  1.294987e+07 3.131077e+07 6.463662e+06 4.872360e+06 2.916698e+06
3t  1.677539e+06 2.070223e+06 1.898144e+06 3.474851e+06 9.240160e+05
4t  1.246363e+05 1.352960e+05 1.164363e+05 7.469266e+04 2.166980e+05
5t  4.696095e+01 3.743624e+01 4.846317e+01 2.572322e+01 3.887411e+01
6t  1.697842e+02 4.327606e+02 9.340641e+01 3.858755e+01 3.636386e+00
7t  4.051412e+03 4.087540e+03 3.985397e+03 3.887394e+03 2.882454e+04
8t  5.440169e+00 6.087390e+00 6.132434e+00 6.760968e+00 4.546629e+00
9t  3.168983e+02 2.726565e+02 2.865762e+02 2.847811e+02 4.445810e+02
10t 2.670856e+01 2.957250e+01 2.801915e+01 3.416739e+01 1.917828e+01
11t 2.908942e+02 2.680872e+02 2.875786e+02 2.409448e+02 2.981555e+02
12t 1.562239e+04 1.250997e+04 7.534058e+03 2.511729e+02 1.428236e+04
13t 1.388793e+00 1.512101e+00 1.506169e+00 1.986511e+00 1.993343e+01
14t 2.103970e+01 2.109166e+01 2.090683e+01 2.109837e+01 2.066388e+01
15t 2.686656e+03 7.411442e+02 1.684666e+02 5.142352e+03 3.076888e+02
16t 4.718224e+01 4.882021e+01 5.077969e+01 4.877719e+01 4.924209e+01
17t 1.660349e-01 5.382004e-01 1.198555e+00 8.933861e-02 1.708005e+02
18t 9.266863e-01 9.386214e-01 9.440106e-01 1.015329e+00 6.388701e-01
19t 6.129631e+02 5.669837e+02 5.264129e+02 4.318442e+02 6.231612e+03
20t 2.994304e+02 3.106897e+02 2.616689e+02 3.146364e+02 5.606529e+02
21t 2.766484e+04 2.742987e+04 2.730985e+04 2.865729e+04 3.828780e+04
22t 2.874922e+04 2.849699e+04 2.878333e+04 2.880786e+04 3.794315e+04
23t 5.533854e+01 4.131689e+01 3.885223e+01 5.551459e+01 7.922541e+01
24t 5.992527e-01 6.102251e-01 5.259089e-01 7.317050e-01 2.286059e+00
25t 6.803456e-01 5.931799e-01 4.995270e-01 5.452323e-01 6.450195e-01
26t 7.593499e-01 3.274876e-01 3.793782e-01 3.548216e-01 2.781601e-01
27t 8.760938e+01 6.544949e+01 1.005412e+02 9.762777e+01 5.914135e+01
28t 2.343534e+02 2.538897e+02 2.138583e+02 3.215947e+02 1.516734e+02
29t 3.532385e+02 2.844440e+02 3.538462e+02 3.029879e+02 4.686646e+02
30t 1.026061e+01 1.138430e+01 1.039053e+01 1.450507e+01 7.650435e+00
31t 1.558969e+02 1.491105e+02 1.739678e+02 2.092908e+02 1.622946e+02
32t 3.242706e+02 3.252651e+02 2.981063e+02 3.590287e+02 3.740485e+02
33t 1.144585e+02 1.154732e+02 1.113974e+02 9.548239e+01 1.611004e+02
34t 2.667415e+01 2.547514e+01 2.636853e+01 2.929548e+01 2.637461e+01
35t 1.275768e+04 1.278129e+04 1.271625e+04 1.241271e+04 1.830843e+04
36t 1.800881e+05 1.946968e+05 1.623850e+05 2.769814e+05 1.035188e+05
37t 5.868568e+01 6.112221e+01 5.757627e+01 5.892695e+01 5.657591e+01
38t 2.413196e+05 2.885423e+05 2.816754e+05 3.125460e+05 1.430218e+05
39t 4.945517e+00 6.937478e+00 6.624498e+00 6.069158e+00 5.271162e+00
40t 7.388481e+01 5.940477e+01 7.972952e+01 2.816215e+01 8.130547e+02
41t 4.488595e+02 4.490679e+02 4.487968e+02 4.525303e+02 1.004157e+03
42t 3.671702e+02 3.344613e+02 3.119025e+02 3.086465e+02 4.481866e+02
43t 3.234471e+02 3.487840e+02 3.624984e+02 3.001838e+02 4.278423e+02
44t 9.449927e+02 9.271716e+02 9.298588e+02 9.341656e+02 9.235559e+02
45t 9.382185e+02 9.312310e+02 9.224903e+02 9.286474e+02 9.245085e+02
46t 9.305303e+02 9.226625e+02 9.422722e+02 9.327358e+02 9.242626e+02
47t 1.036076e+03 1.025359e+03 1.035172e+03 1.025326e+03 1.228717e+03
48t 9.731861e+02 9.662062e+02 9.780641e+02 9.660355e+02 1.447794e+03
49t 1.024365e+03 1.023473e+03 1.023619e+03 1.028227e+03 1.265321e+03
50t 1.038412e+03 9.604774e+02 9.793435e+02 9.364354e+02 1.325456e+03
              16           17           18           19           20
1t  2.275910e+00 1.108799e+00 1.168803e+00 7.682561e-01 6.353250e-01
2t  1.721307e+07 1.523206e+07 1.116151e+07 3.249715e+06 3.380898e+06
3t  3.710685e+06 1.705158e+06 2.223402e+06 1.271823e+06 8.418462e+05
4t  1.264114e+05 1.320145e+05 1.462505e+05 6.449575e+04 2.132002e+05
5t  5.077034e+00 3.064179e+01 1.765943e+01 1.147673e+01 3.931493e+01
6t  4.425084e+02 4.459032e+02 3.549116e+02 2.351284e+00 3.238119e+00
7t  3.065066e+03 6.254062e+03 5.116975e+03 1.036204e+04 3.286576e+04
8t  8.275492e+00 5.856850e+00 6.309929e+00 5.096112e+00 1.263531e+02
9t  2.467019e+02 2.365521e+02 2.844847e+02 3.618535e+02 4.351029e+02
10t 3.409656e+01 2.702254e+01 2.727284e+01 2.389535e+01 1.803655e+01
11t 2.006017e+02 2.860883e+02 2.633475e+02 3.827889e+02 4.074435e+02
12t 2.548370e+02 1.065053e+04 2.414300e+02 6.872563e+02 1.275027e+04
13t 1.980301e+00 1.387810e+00 1.481714e+00 2.026225e+01 1.995804e+01
14t 2.113538e+01 2.103758e+01 2.112539e+01 2.088903e+01 2.068780e+01
15t 3.655776e+02 1.512592e+02 2.025196e+02 1.164863e+02 1.112502e+02
16t 4.834462e+01 4.927479e+01 4.766218e+01 4.706731e+01 4.923787e+01
17t 1.020697e+00 9.351189e-01 6.942616e-01 5.401096e-02 2.626930e+02
18t 1.024568e+00 9.080257e-01 9.522440e-01 8.270613e-01 6.804445e-01
19t 3.963775e+02 5.442531e+02 5.372864e+02 9.247038e+02 6.387257e+03
20t 2.568599e+02 2.955122e+02 2.640050e+02 7.279094e+02 5.347253e+02
21t 2.728416e+04 2.773928e+04 2.764929e+04 3.025873e+04 2.881548e+04
22t 2.824981e+04 2.806572e+04 2.893067e+04 3.024599e+04 3.812325e+04
23t 3.725264e+01 5.088966e+01 4.781128e+01 6.595375e+01 8.588878e+01
24t 6.277560e-01 7.024263e-01 8.589194e-01 1.244419e+00 4.004089e+00
25t 4.414592e-01 5.757167e-01 6.275787e-01 6.576130e-01 5.857116e-01
26t 3.499583e-01 3.499615e-01 4.091855e-01 2.913950e-01 2.820310e-01
27t 8.309506e+01 7.283030e+01 7.059074e+01 1.020420e+02 7.342422e+01
28t 2.887362e+02 2.432744e+02 2.433587e+02 2.420982e+02 1.455713e+02
29t 2.734075e+02 3.551693e+02 3.186769e+02 5.079562e+02 4.807016e+02
30t 1.263790e+01 1.197636e+01 1.126642e+01 7.620889e+02 7.658402e+00
31t 1.441070e+02 1.318254e+02 1.581845e+02 2.019564e+02 1.480121e+02
32t 3.270486e+02 2.876244e+02 3.315665e+02 7.857592e+02 3.602071e+02
33t 1.008617e+02 1.062904e+02 1.040179e+02 1.630234e+02 1.717013e+02
34t 2.882578e+01 2.373630e+01 2.883662e+01 2.402656e+01 2.849181e+01
35t 1.248480e+04 1.258125e+04 1.274891e+04 1.421904e+04 1.867181e+04
36t 2.825109e+05 1.441643e+05 1.892059e+05 2.827495e+05 1.072708e+05
37t 6.090670e+01 5.812096e+01 5.954367e+01 5.628675e+01 5.132072e+01
38t 2.761261e+05 2.501309e+05 2.022952e+05 6.510797e+05 1.476661e+05
39t 6.014045e+00 5.606511e+00 6.890893e+00 6.260160e+00 4.936310e+00
40t 2.169854e+01 6.949633e+01 7.480417e+01 5.908109e+01 7.275557e+02
41t 4.532389e+02 4.482694e+02 4.485199e+02 7.085441e+02 1.038671e+03
42t 2.835408e+02 3.419598e+02 3.674601e+02 5.140988e+02 4.311055e+02
43t 3.393524e+02 3.482857e+02 3.385316e+02 5.302505e+02 4.918875e+02
44t 9.306998e+02 9.304688e+02 9.299314e+02 9.221345e+02 9.259268e+02
45t 9.258138e+02 9.334542e+02 9.297334e+02 9.988008e+02 9.256540e+02
46t 9.229498e+02 9.442786e+02 9.336772e+02 1.000978e+03 9.236452e+02
47t 1.019809e+03 5.416214e+02 1.022862e+03 1.214816e+03 1.211792e+03
48t 9.225655e+02 9.701221e+02 9.670847e+02 1.197582e+03 1.388210e+03
49t 1.020056e+03 1.022243e+03 5.852160e+02 1.198772e+03 1.276653e+03
50t 8.956444e+02 1.132605e+03 1.050040e+03 1.014320e+03 1.320132e+03
              21           22           23           24           25
1t  1.494496e+00 1.667122e+00 6.288969e-01 1.779981e+00 1.674957e+00
2t  8.158867e+06 1.163986e+07 3.062831e+06 2.225903e+07 1.963963e+07
3t  2.236839e+06 2.857484e+06 9.644185e+05 3.255275e+06 2.179938e+06
4t  1.195675e+05 1.308436e+05 2.570852e+05 1.333543e+05 1.125464e+05
5t  5.662497e+01 1.045932e+01 3.718261e+01 5.651651e+00 1.711824e+01
6t  5.408027e+02 6.961782e+02 2.452128e+00 5.859976e+02 2.712605e+02
7t  5.516485e+03 3.665089e+03 2.895860e+04 3.869482e+03 3.204487e+03
8t  6.043914e+00 6.920711e+00 1.265174e+02 6.777970e+00 6.999666e+00
9t  2.779604e+02 2.170236e+02 3.367447e+02 1.774079e+02 2.685656e+02
10t 2.831997e+01 3.045088e+01 1.783765e+01 3.191363e+01 3.122534e+01
11t 2.793727e+02 2.118416e+02 4.119711e+02 2.501680e+02 2.511523e+02
12t 7.625176e+02 3.203406e+02 1.156994e+04 2.172976e+02 4.096225e+02
13t 1.673467e+00 1.702992e+00 2.003369e+01 1.741526e+00 1.696746e+00
14t 2.096174e+01 2.106955e+01 2.087806e+01 2.109352e+01 2.101930e+01
15t 3.268088e+02 2.425218e+02 1.070521e+02 3.305891e+02 2.672894e+02
16t 4.926320e+01 4.897305e+01 4.919476e+01 4.939161e+01 4.824414e+01
17t 1.096433e+00 4.035235e-01 4.863754e+02 7.814584e-01 1.072023e-01
18t 9.938908e-01 9.908913e-01 6.531327e-01 1.009335e+00 1.003897e+00
19t 4.733221e+02 4.360072e+02 5.693292e+03 4.304127e+02 4.188699e+02
20t 2.723389e+02 1.615931e+02 6.472333e+02 2.768553e+02 2.583066e+02
21t 2.743708e+04 2.717408e+04 3.761972e+04 2.721814e+04 2.724606e+04
22t 2.885138e+04 2.833516e+04 3.887377e+04 2.828552e+04 2.782922e+04
23t 4.911336e+01 4.980540e+01 8.073922e+01 4.256192e+01 5.331262e+01
24t 5.380000e-01 8.021511e-01 4.224214e+00 5.490050e-01 6.466295e-01
25t 5.476317e-01 5.973815e-01 5.854967e-01 5.889894e-01 5.091378e-01
26t 3.322172e-01 3.258781e-01 2.829171e-01 3.334360e-01 2.870160e-01
27t 7.223292e+01 5.223690e+01 7.221302e+01 5.769211e+01 6.546476e+01
28t 2.668263e+02 2.369937e+02 1.630287e+02 2.388442e+02 2.142709e+02
29t 2.806550e+02 3.006962e+02 4.818647e+02 2.895090e+02 2.893073e+02
30t 1.248361e+01 1.205609e+01 9.804227e+00 1.285299e+01 1.276892e+01
31t 1.504746e+02 1.057858e+02 1.503350e+02 1.663526e+02 1.464765e+02
32t 3.120481e+02 2.954796e+02 4.065868e+02 3.279246e+02 2.979892e+02
33t 1.106986e+02 1.034253e+02 1.912321e+02 1.157920e+02 9.503181e+01
34t 2.527432e+01 2.575832e+01 3.055617e+01 2.746078e+01 2.536705e+01
35t 1.273829e+04 1.252555e+04 1.782878e+04 1.261820e+04 1.252963e+04
36t 2.044146e+05 2.048964e+05 1.091954e+05 1.978257e+05 2.500608e+05
37t 5.642532e+01 5.897436e+01 5.090088e+01 6.167372e+01 5.784253e+01
38t 2.381649e+05 3.255242e+05 1.551126e+05 2.254616e+05 2.515677e+05
39t 5.896268e+00 5.561441e+00 5.590518e+00 6.584302e+00 5.278948e+00
40t 6.090100e+01 2.594447e+01 6.318165e+02 3.165929e+01 2.907066e+01
41t 4.486659e+02 4.500370e+02 9.672984e+02 4.510007e+02 4.507645e+02
42t 2.965335e+02 3.402287e+02 4.539242e+02 2.798976e+02 3.045322e+02
43t 3.425485e+02 3.439962e+02 4.832450e+02 3.219058e+02 2.920541e+02
44t 9.214567e+02 9.230419e+02 9.249440e+02 9.279832e+02 9.248306e+02
45t 9.244628e+02 9.208430e+02 9.244370e+02 9.278090e+02 9.296645e+02
46t 9.291075e+02 9.248797e+02 9.245467e+02 9.230623e+02 9.246107e+02
47t 1.027100e+03 1.019872e+03 1.281740e+03 1.023475e+03 1.028525e+03
48t 9.456799e+02 9.645680e+02 1.403300e+03 9.160133e+02 9.900446e+02
49t 1.025392e+03 1.022730e+03 1.281685e+03 1.020811e+03 1.023824e+03
50t 9.089052e+02 9.155623e+02 1.315057e+03 9.310801e+02 9.326698e+02
              26           27           28           29           30
1t  9.895615e-01 1.577198e+00 1.284513e+00 1.227851e+00 1.828299e+00
2t  4.814917e+06 2.838038e+07 7.327438e+06 9.684644e+06 1.405715e+07
3t  1.427589e+06 2.882622e+06 2.258043e+06 1.631311e+06 2.817609e+06
4t  1.381273e+05 1.135492e+05 1.450471e+05 1.446620e+05 1.322986e+05
5t  5.532435e+01 5.945976e+00 1.278261e+01 3.081668e+01 7.714228e+00
6t  9.595840e+01 1.696741e+02 2.267054e+02 6.881794e+02 1.339966e+02
7t  6.402594e+03 3.475586e+03 3.979749e+03 4.644082e+03 3.802526e+03
8t  5.617259e+00 6.768131e+00 6.427259e+00 5.774318e+00 7.557083e+00
9t  3.812878e+02 2.462262e+02 2.708318e+02 2.795507e+02 2.662522e+02
10t 2.726472e+01 3.250230e+01 2.881175e+01 2.695650e+01 3.298293e+01
11t 3.633242e+02 1.851529e+02 2.600530e+02 2.784575e+02 2.721505e+02
12t 2.412320e+04 2.542517e+02 1.417717e+04 1.166681e+04 2.275005e+02
13t 2.043482e+01 1.724535e+00 1.595437e+00 1.289798e+00 1.919572e+00
14t 2.112545e+01 2.120237e+01 2.111373e+01 2.102455e+01 2.113872e+01
15t 1.678370e+02 2.246364e+02 5.108469e+02 1.873746e+02 3.740297e+02
16t 4.913509e+01 4.755019e+01 4.727922e+01 4.712692e+01 4.932540e+01
17t 3.207547e+02 7.662763e-02 4.148803e-01 1.243239e+00 1.219460e-01
18t 9.357766e-01 9.325436e-01 9.578129e-01 9.539892e-01 9.747586e-01
19t 1.631311e+03 3.773086e+02 4.182352e+02 5.464659e+02 4.475024e+02
20t 6.675278e+02 2.230953e+02 2.861134e+02 3.045004e+02 1.873797e+02
21t 3.572469e+04 2.689599e+04 2.808170e+04 2.724549e+04 2.832382e+04
22t 3.452327e+04 2.789881e+04 2.771705e+04 2.871821e+04 2.766514e+04
23t 6.077622e+01 4.744617e+01 4.898181e+01 5.187322e+01 4.197045e+01
24t 3.708678e+00 5.886946e-01 7.399132e-01 1.151821e+00 5.525578e-01
25t 5.941458e-01 6.268960e-01 6.628908e-01 6.211321e-01 4.965610e-01
26t 2.764724e-01 3.727956e-01 3.384057e-01 3.496237e-01 3.742042e-01
27t 3.543852e+01 1.180309e+02 8.120323e+01 7.001562e+01 7.477499e+01
28t 1.797662e+02 2.765274e+02 2.600597e+02 2.260074e+02 2.728301e+02
29t 4.017925e+02 2.822003e+02 2.554199e+02 3.553500e+02 2.683156e+02
30t 1.017514e+01 1.082771e+01 1.365850e+01 1.161529e+01 1.257778e+01
31t 1.054280e+02 1.638330e+02 1.534866e+02 1.501392e+02 1.756455e+02
32t 3.299145e+02 2.946137e+02 4.657306e+02 2.893547e+02 3.458893e+02
33t 1.437255e+02 1.022766e+02 1.155275e+02 1.235802e+02 1.170076e+02
34t 2.747254e+01 2.834638e+01 2.806037e+01 2.261326e+01 2.622948e+01
35t 1.398973e+04 1.261986e+04 1.267854e+04 1.268061e+04 1.234793e+04
36t 1.759750e+05 2.600985e+05 1.643510e+05 1.745232e+05 2.737729e+05
37t 6.520872e+01 6.009937e+01 5.847137e+01 6.203169e+01 6.177253e+01
38t 1.550342e+05 2.450371e+05 2.756333e+05 1.910042e+05 3.319818e+05
39t 4.659285e+00 7.540055e+00 5.655110e+00 6.010576e+00 5.646264e+00
40t 7.672127e+02 4.132275e+01 4.173422e+01 8.924108e+01 2.546433e+01
41t 4.489017e+02 4.494861e+02 4.492915e+02 4.476781e+02 4.514828e+02
42t 4.147225e+02 2.989272e+02 3.166465e+02 3.388613e+02 2.895737e+02
43t 3.948078e+02 3.202153e+02 3.351104e+02 4.043149e+02 3.399080e+02
44t 9.450779e+02 9.311944e+02 9.296052e+02 9.378109e+02 9.267015e+02
45t 9.505435e+02 9.324083e+02 9.328369e+02 9.360337e+02 9.276072e+02
46t 9.432897e+02 9.316394e+02 9.322142e+02 9.324853e+02 9.350164e+02
47t 5.416345e+02 1.019742e+03 5.550633e+02 5.415755e+02 1.033747e+03
48t 1.217808e+03 9.550703e+02 9.411770e+02 9.835215e+02 9.424392e+02
49t 5.607419e+02 1.020427e+03 1.025963e+03 1.022500e+03 1.022460e+03
50t 1.248303e+03 9.005093e+02 9.592855e+02 1.026189e+03 9.096397e+02
              31           32           33           34           35
1t  1.338859e+00 6.987734e-01 8.880471e-01 1.184274e+00 8.566193e-01
2t  8.459818e+06 3.651859e+06 8.743619e+06 3.496429e+06 3.350732e+06
3t  1.730150e+06 1.321077e+06 1.502664e+06 1.695080e+06 1.206578e+06
4t  1.244197e+05 6.261684e+04 1.349281e+05 4.849487e+04 1.416537e+05
5t  2.871163e+01 1.954573e+01 4.980539e+01 7.820246e+00 5.779047e+01
6t  1.766329e+02 4.795554e+00 1.260819e+02 5.936692e+00 3.508416e+01
7t  6.168454e+03 3.423753e+03 5.058659e+03 7.655251e+03 5.174183e+03
8t  5.844465e+00 5.185112e+00 5.286149e+00 5.628811e+00 5.334384e+00
9t  2.714760e+02 3.347256e+02 3.016266e+02 3.278745e+02 4.105229e+02
10t 2.796437e+01 2.365442e+01 2.523913e+01 2.734948e+01 2.483309e+01
11t 2.526582e+02 3.273700e+02 2.690800e+02 2.850852e+02 3.489366e+02
12t 1.180630e+04 1.143962e+04 1.753967e+04 1.954736e+03 2.279090e+04
13t 1.492147e+00 2.019800e+01 1.238646e+00 2.011814e+01 2.044530e+01
14t 2.090157e+01 2.099359e+01 2.098555e+01 2.103229e+01 2.120697e+01
15t 6.056200e+02 1.072264e+03 1.938077e+03 1.185438e+03 1.415480e+02
16t 4.737157e+01 4.784680e+01 4.798445e+01 4.926938e+01 4.918464e+01
17t 1.043430e+00 1.225674e-01 1.926833e+00 6.538636e-02 3.874813e+02
18t 8.675855e-01 8.136583e-01 8.797157e-01 9.260407e-01 8.158486e-01
19t 5.158880e+02 7.897933e+02 5.946924e+02 4.166015e+02 2.208358e+03
20t 3.134824e+02 5.012129e+02 3.759644e+02 5.500767e+02 6.861014e+02
21t 2.716888e+04 2.746214e+04 2.810396e+04 2.991225e+04 3.494396e+04
22t 2.755458e+04 3.054289e+04 2.854995e+04 2.921153e+04 3.520661e+04
23t 5.051889e+01 6.471138e+01 5.105379e+01 5.875192e+01 5.987340e+01
24t 5.864485e-01 4.167240e-01 6.765271e-01 4.385131e-01 3.459059e+00
25t 4.699827e-01 7.849064e-01 4.721074e-01 5.886364e-01 5.980641e-01
26t 3.423226e-01 3.673999e-01 3.485403e-01 8.216100e-01 2.723058e-01
27t 7.790055e+01 1.090422e+02 8.517859e+01 1.328637e+02 4.925181e+01
28t 2.366402e+02 2.218278e+02 2.534196e+02 2.528905e+02 1.525115e+02
29t 2.829446e+02 4.199388e+02 3.505116e+02 3.904363e+02 4.699103e+02
30t 1.167450e+01 1.518468e+01 1.264163e+01 2.156195e+01 1.187034e+01
31t 1.629073e+02 2.021378e+02 1.693285e+02 2.089714e+02 1.159352e+02
32t 3.256405e+02 4.631327e+02 2.712967e+02 4.782838e+02 3.502698e+02
33t 9.626068e+01 1.536305e+02 1.204218e+02 1.252825e+02 1.281049e+02
34t 2.903924e+01 2.629948e+01 2.457715e+01 2.974419e+01 2.619349e+01
35t 1.272678e+04 1.316597e+04 1.291940e+04 1.310590e+04 1.457784e+04
36t 1.542953e+05 2.104099e+05 1.439335e+05 2.434088e+05 1.191242e+05
37t 5.864504e+01 5.353718e+01 5.678227e+01 5.818784e+01 6.146541e+01
38t 2.982872e+05 2.205201e+05 2.534533e+05 4.274133e+05 1.284013e+05
39t 5.951904e+00 5.318615e+00 6.924635e+00 6.625422e+00 5.136668e+00
40t 6.385379e+01 5.366301e+01 1.949768e+02 3.096694e+01 1.019256e+03
41t 4.490140e+02 4.472167e+02 4.460712e+02 7.053588e+02 4.460925e+02
42t 2.651577e+02 5.241778e+02 3.705286e+02 4.168125e+02 4.674809e+02
43t 3.064949e+02 3.886318e+02 3.357244e+02 4.374642e+02 4.168488e+02
44t 9.372526e+02 9.391001e+02 9.350937e+02 9.948725e+02 9.313835e+02
45t 9.367922e+02 9.293204e+02 9.329810e+02 9.347715e+02 9.287263e+02
46t 9.576770e+02 9.868443e+02 9.327133e+02 9.438850e+02 9.257314e+02
47t 1.020878e+03 1.187730e+03 1.034839e+03 1.022625e+03 5.353192e+02
48t 9.427157e+02 1.204514e+03 1.028505e+03 1.085459e+03 1.206014e+03
49t 1.021591e+03 1.194196e+03 1.022067e+03 1.020556e+03 5.551454e+02
50t 9.280250e+02 9.830524e+02 1.033158e+03 9.408224e+02 1.283531e+03
              36           37           38           39           40
1t  1.615242e+00 9.528222e-01 1.693199e+00 7.964054e-01 6.142018e-01
2t  1.695025e+07 1.134962e+07 8.118618e+06 4.005325e+06 2.872833e+06
3t  2.459311e+06 1.804244e+06 2.557750e+06 1.280099e+06 9.483204e+05
4t  1.389464e+05 1.363383e+05 1.288221e+05 1.668900e+05 2.013265e+05
5t  1.784707e+01 2.755386e+01 4.466898e+00 5.151895e+01 4.092915e+01
6t  4.632298e+02 1.881098e+02 4.456692e+02 5.894926e+00 3.623374e+00
7t  4.319560e+03 3.935683e+03 3.846647e+03 1.269137e+04 2.637855e+04
8t  6.653412e+00 5.758052e+00 6.581763e+00 5.357839e+00 4.303298e+00
9t  2.780366e+02 2.708765e+02 2.660151e+02 2.983260e+02 3.377676e+02
10t 3.096954e+01 2.544508e+01 3.089529e+01 2.451654e+01 1.712499e+01
11t 2.620154e+02 2.759359e+02 2.387979e+02 2.894207e+02 3.128438e+02
12t 5.417337e+02 2.822310e+02 2.437750e+02 2.114737e+04 1.417949e+04
13t 1.585764e+00 1.391639e+00 1.728429e+00 1.919301e+01 1.989223e+01
14t 2.114198e+01 2.098579e+01 2.107197e+01 2.078139e+01 2.114823e+01
15t 2.461245e+03 1.614523e+02 2.062335e+02 1.243534e+02 2.624127e+02
16t 5.002347e+01 4.918263e+01 4.918697e+01 4.522275e+01 4.923433e+01
17t 1.025303e+00 2.711671e-01 1.541784e-01 4.037178e+01 3.043702e+02
18t 9.992012e-01 8.561645e-01 9.947319e-01 7.787479e-01 6.622751e-01
19t 5.079759e+02 4.873014e+02 4.211355e+02 1.429640e+03 6.422461e+03
20t 2.703278e+02 3.245910e+02 1.747318e+02 2.145492e+02 5.586510e+02
21t 2.770448e+04 2.745057e+04 2.688975e+04 2.851733e+04 3.817482e+04
22t 2.795456e+04 2.792322e+04 2.793448e+04 2.970597e+04 3.822239e+04
23t 4.385321e+01 4.974037e+01 4.186418e+01 6.366200e+01 7.722011e+01
24t 9.006670e-01 8.189895e-01 4.568360e-01 8.393443e-01 3.964724e+00
25t 4.926293e-01 5.118424e-01 6.657702e-01 5.937911e-01 5.810304e-01
26t 3.667248e-01 3.699922e-01 3.241692e-01 3.181774e-01 2.703349e-01
27t 8.559737e+01 6.504107e+01 8.103758e+01 9.718492e+01 5.382802e+01
28t 2.546692e+02 1.946749e+02 2.625478e+02 2.282850e+02 1.370567e+02
29t 3.252164e+02 3.409674e+02 2.327557e+02 3.431454e+02 5.174587e+02
30t 1.278751e+01 1.004405e+01 1.134872e+01 2.187432e+01 7.724625e+00
31t 1.600882e+02 1.492951e+02 1.480521e+02 2.308943e+02 1.421761e+02
32t 2.798426e+02 2.675579e+02 3.358800e+02 3.503278e+02 3.637502e+02
33t 1.055869e+02 9.869614e+01 1.070362e+02 1.141303e+02 1.553761e+02
34t 2.443860e+01 2.742225e+01 2.638363e+01 2.846710e+01 2.865859e+01
35t 1.258933e+04 1.263833e+04 1.231782e+04 1.485399e+04 1.905931e+04
36t 2.366671e+05 1.668835e+05 1.783542e+05 2.278645e+05 1.044895e+05
37t 6.038454e+01 5.686517e+01 5.910909e+01 5.102994e+01 5.315948e+01
38t 2.742151e+05 1.998149e+05 3.055141e+05 2.243860e+05 1.308685e+05
39t 5.954027e+00 6.828054e+00 6.628844e+00 6.910228e+00 4.428579e+00
40t 4.762407e+01 9.799434e+01 3.310576e+01 2.453680e+02 8.746403e+02
41t 4.499777e+02 4.486374e+02 4.496693e+02 6.789581e+02 9.915103e+02
42t 3.014770e+02 3.688350e+02 3.030781e+02 4.543221e+02 4.736718e+02
43t 3.681391e+02 3.218926e+02 3.259990e+02 4.290262e+02 4.612512e+02
44t 9.238746e+02 9.249377e+02 9.336480e+02 1.029001e+03 9.262390e+02
45t 9.298917e+02 9.299125e+02 9.265593e+02 1.035644e+03 9.256502e+02
46t 9.353172e+02 9.287524e+02 9.261911e+02 9.616204e+02 9.246822e+02
47t 1.026125e+03 1.022870e+03 1.021182e+03 1.205952e+03 1.215852e+03
48t 9.327190e+02 9.335591e+02 9.498424e+02 1.188594e+03 1.454717e+03
49t 1.019854e+03 1.025753e+03 1.019670e+03 5.477771e+02 1.293196e+03
50t 9.680997e+02 9.897557e+02 9.284935e+02 1.257724e+03 1.349460e+03
              41           42           43           44           45
1t  1.244704e+00 1.823257e+00 7.597830e-01 1.470982e+00 1.692368e+00
2t  5.403967e+06 7.165977e+06 2.794150e+06 8.249257e+06 6.712698e+06
3t  2.150210e+06 2.992767e+06 1.217067e+06 2.406289e+06 2.894250e+06
4t  1.302392e+05 1.363793e+05 8.486968e+04 1.146338e+05 1.389430e+05
5t  3.831525e+01 1.161608e+01 1.006757e+01 4.177159e+01 8.871491e+00
6t  3.910532e+01 5.486596e+02 3.279994e+00 1.977728e+02 2.296700e+02
7t  4.754596e+03 3.939654e+03 1.651083e+05 5.859508e+03 2.417508e+03
8t  6.384788e+00 7.088252e+00 1.717227e+02 6.250668e+00 7.347335e+00
9t  2.980158e+02 2.356279e+02 3.836101e+02 2.792111e+02 2.579839e+02
10t 2.933470e+01 3.221276e+01 2.519419e+01 3.027207e+01 3.073677e+01
11t 3.009961e+02 2.141036e+02 3.777592e+02 2.490879e+02 2.556920e+02
12t 7.198912e+03 2.836833e+02 1.480558e+02 1.874905e+03 2.383948e+02
13t 1.936687e+01 1.810972e+00 2.032114e+01 1.599805e+00 1.769945e+00
14t 2.111652e+01 2.113613e+01 2.089057e+01 2.099041e+01 2.110829e+01
15t 7.216999e+03 5.043659e+02 1.258783e+02 4.063488e+02 7.288040e+03
16t 4.753792e+01 4.823225e+01 4.706882e+01 4.924488e+01 4.926733e+01
17t 5.092911e-01 1.082272e+00 2.264590e-02 3.273504e+00 3.565669e-01
18t 9.660222e-01 1.027910e+00 7.970426e-01 9.943116e-01 1.004230e+00
19t 5.396523e+02 4.261006e+02 1.833073e+03 5.098850e+02 4.300738e+02
20t 4.021940e+02 2.390254e+02 8.214933e+02 3.693956e+02 2.337744e+02
21t 2.791503e+04 2.727183e+04 2.869431e+04 2.754046e+04 2.776668e+04
22t 2.752512e+04 2.881967e+04 3.054338e+04 2.769469e+04 2.761502e+04
23t 5.045306e+01 4.924526e+01 7.996405e+01 5.031497e+01 5.376311e+01
24t 7.201528e-01 8.342472e-01 2.599750e+00 9.623551e-01 7.513500e-01
25t 6.769037e-01 5.087241e-01 4.756424e-01 7.532407e-01 6.506124e-01
26t 8.013885e-01 3.022877e-01 2.659710e-01 3.559300e-01 3.596207e-01
27t 8.692358e+01 5.740856e+01 8.651743e+01 6.749297e+01 8.639521e+01
28t 2.590453e+02 2.696632e+02 1.974962e+02 2.509916e+02 2.586951e+02
29t 3.165309e+02 3.047608e+02 5.832974e+02 2.696470e+02 3.146731e+02
30t 1.125118e+01 1.222853e+01 6.828552e+02 1.134683e+01 1.130286e+01
31t 2.067539e+02 1.265249e+02 1.688827e+02 1.773701e+02 1.214772e+02
32t 4.218550e+02 3.117273e+02 2.887407e+02 3.214690e+02 2.815534e+02
33t 1.147711e+02 9.719910e+01 2.653356e+02 1.053678e+02 1.074739e+02
34t 2.601326e+01 2.778054e+01 3.868847e+01 2.858479e+01 2.701284e+01
35t 1.303082e+04 1.248053e+04 1.500973e+04 1.274750e+04 1.284404e+04
36t 1.877852e+05 2.238675e+05 1.891597e+05 1.514163e+05 2.514947e+05
37t 6.375040e+01 6.049603e+01 5.772465e+01 5.808862e+01 6.073947e+01
38t 2.463876e+05 2.291836e+05 2.691273e+05 2.338255e+05 2.716390e+05
39t 5.615744e+00 7.296429e+00 6.437614e+00 7.297310e+00 7.133882e+00
40t 6.526865e+01 4.158170e+01 8.443089e+01 6.592274e+01 3.502116e+01
41t 4.494923e+02 4.515576e+02 7.162420e+02 4.485256e+02 4.503655e+02
42t 3.820713e+02 3.077225e+02 7.301818e+02 2.751085e+02 2.946624e+02
43t 3.773074e+02 3.163906e+02 4.527089e+02 3.011366e+02 3.300787e+02
44t 9.531328e+02 9.338392e+02 1.205533e+03 9.243974e+02 9.243930e+02
45t 9.401338e+02 9.347096e+02 9.651592e+02 9.333793e+02 9.348376e+02
46t 9.406864e+02 9.292485e+02 1.136393e+03 9.423893e+02 9.381635e+02
47t 1.025175e+03 1.026275e+03 1.207370e+03 5.466335e+02 1.022923e+03
48t 1.037153e+03 9.447246e+02 1.341274e+03 1.003247e+03 9.338364e+02
49t 1.017834e+03 1.021191e+03 5.468586e+02 1.031052e+03 1.022361e+03
50t 9.664218e+02 1.005061e+03 1.288970e+03 9.994632e+02 9.279332e+02
              46           47           48           49           50
1t  1.480836e+00 3.603579e+00 7.756445e-01 1.919241e+00 2.665849e+00
2t  8.861790e+06 2.282031e+07 1.058605e+07 6.202653e+06 1.094893e+07
3t  1.585608e+06 6.439246e+06 1.164313e+06 2.888210e+06 4.032383e+06
4t  1.634901e+05 1.335902e+05 1.417362e+05 1.071256e+05 1.175963e+05
5t  5.970621e+01 6.111812e+00 5.241339e+01 1.479821e+01 5.353485e+00
6t  3.337211e+02 7.653905e+02 1.862980e+02 6.403755e+01 2.422455e+02
7t  4.839158e+03 3.951778e+03 5.454165e+03 3.093147e+03 3.397930e+03
8t  6.787401e+00 8.829713e+00 4.967604e+00 7.797424e+00 8.947453e+00
9t  3.554391e+02 1.096356e+02 3.048104e+02 2.821926e+02 2.327732e+02
10t 2.725482e+01 3.849497e+01 2.394895e+01 3.226973e+01 3.711009e+01
11t 3.350108e+02 2.226938e+02 3.031205e+02 2.513164e+02 1.244853e+02
12t 2.672671e+04 3.446706e+02 1.669724e+04 5.200821e+02 2.645674e+02
13t 2.025119e+01 2.335377e+00 1.982724e+01 1.921360e+00 2.182181e+00
14t 2.118449e+01 2.117571e+01 2.100780e+01 2.118667e+01 2.106812e+01
15t 2.115325e+02 5.715168e+02 1.182881e+02 8.360135e+02 5.853883e+02
16t 4.930266e+01 4.881282e+01 5.476142e+01 4.825720e+01 4.803224e+01
17t 7.863335e+01 1.157053e+00 1.253546e+01 3.566184e-01 6.308525e-01
18t 9.776420e-01 1.055856e+00 8.313365e-01 9.951278e-01 1.038683e+00
19t 1.234893e+03 3.721133e+02 6.498110e+02 4.134513e+02 3.585947e+02
20t 5.439471e+02 2.112243e+02 3.389885e+02 2.995397e+02 1.987524e+02
21t 3.451168e+04 2.720455e+04 2.704575e+04 2.854081e+04 2.725830e+04
22t 3.526850e+04 2.848914e+04 2.816247e+04 2.863455e+04 2.745143e+04
23t 5.685626e+01 4.117217e+01 6.088233e+01 4.211291e+01 3.955572e+01
24t 3.636793e+00 9.131203e-01 8.214288e-01 5.251680e-01 4.790432e-01
25t 5.126810e-01 4.694385e-01 6.712320e-01 6.346718e-01 5.420096e-01
26t 3.073601e-01 3.343417e-01 3.697547e-01 3.529389e-01 3.388336e-01
27t 5.094826e+01 6.334185e+01 8.199934e+01 9.311530e+01 7.430128e+01
28t 2.015018e+02 3.907653e+02 2.521099e+02 3.245580e+02 3.102919e+02
29t 3.827582e+02 2.808448e+02 3.814435e+02 2.516273e+02 2.440981e+02
30t 1.567709e+01 1.444214e+01 1.028600e+01 1.150027e+01 1.437785e+01
31t 1.239127e+02 1.477314e+02 1.574007e+02 2.060179e+02 1.713065e+02
32t 3.133329e+02 3.561192e+02 3.264838e+02 4.023690e+02 3.258856e+02
33t 1.319153e+02 1.138644e+02 1.258623e+02 9.841477e+01 1.059366e+02
34t 2.612357e+01 3.101415e+01 2.226262e+01 3.319461e+01 2.898543e+01
35t 1.350194e+04 1.271958e+04 1.340425e+04 1.255698e+04 1.259068e+04
36t 2.483629e+05 3.209325e+05 1.398496e+05 2.851344e+05 2.799152e+05
37t 6.142169e+01 5.607505e+01 5.740072e+01 6.159069e+01 6.144395e+01
38t 2.000037e+05 2.987150e+05 1.871602e+05 2.594441e+05 2.966747e+05
39t 5.608272e+00 7.861407e+00 6.683142e+00 5.534534e+00 7.815167e+00
40t 4.751857e+02 2.104107e+01 2.370250e+02 3.191547e+01 1.437033e+01
41t 4.497613e+02 4.543816e+02 4.455705e+02 4.517461e+02 4.544708e+02
42t 3.469222e+02 2.922360e+02 4.148140e+02 3.698643e+02 3.333645e+02
43t 3.634318e+02 3.066478e+02 3.248137e+02 3.122614e+02 2.947765e+02
44t 9.615734e+02 9.236912e+02 9.299885e+02 6.001030e+02 9.233016e+02
45t 9.504341e+02 9.259362e+02 9.302441e+02 9.271374e+02 9.286885e+02
46t 9.939379e+02 9.301380e+02 9.322924e+02 9.335933e+02 9.224917e+02
47t 5.524820e+02 1.024357e+03 5.281740e+02 1.021496e+03 1.021230e+03
48t 1.153879e+03 9.180941e+02 1.120330e+03 9.405278e+02 9.379094e+02
49t 5.814772e+02 1.023081e+03 5.485934e+02 1.019172e+03 1.017617e+03
50t 1.249047e+03 8.896433e+02 1.137836e+03 9.102540e+02 8.982060e+02
              51           52           53           54           55
1t  1.545783e+00 1.056065e+00 9.443869e-01 1.581724e+00 7.930404e-01
2t  1.139789e+07 6.870980e+06 1.082528e+07 6.718258e+06 3.714958e+06
3t  2.364272e+06 1.671943e+06 1.376865e+06 2.785120e+06 1.185576e+06
4t  1.393806e+05 1.461989e+05 1.281880e+05 1.648605e+05 1.480700e+05
5t  3.396360e+01 2.704028e+01 3.145574e+01 1.745784e+01 5.139289e+01
6t  1.451022e+02 1.417513e+02 1.424720e+01 1.760435e+02 1.166598e+01
7t  5.990075e+03 4.033659e+03 8.111040e+03 3.584808e+03 1.728397e+04
8t  6.656697e+00 5.835298e+00 5.329228e+00 6.876570e+00 1.143666e+02
9t  2.455202e+02 3.021863e+02 3.051276e+02 2.459953e+02 4.048993e+02
10t 2.789388e+01 2.579113e+01 2.487166e+01 3.042731e+01 2.356501e+01
11t 2.717412e+02 2.780593e+02 2.967899e+02 3.015279e+02 3.767793e+02
12t 5.615349e+03 4.017739e+02 8.397815e+03 3.121020e+03 2.014965e+04
13t 1.644117e+00 1.382752e+00 1.986569e+01 1.720125e+00 2.063570e+01
14t 2.094026e+01 2.100816e+01 2.091442e+01 2.116341e+01 2.120364e+01
15t 1.830159e+02 1.675583e+02 2.403835e+02 2.142661e+02 1.245171e+02
16t 4.846739e+01 4.911333e+01 4.764436e+01 1.040538e+02 4.923442e+01
17t 3.150027e-01 2.807130e-01 2.211464e-01 5.364136e-02 4.805734e+02
18t 9.785445e-01 8.902545e-01 9.096590e-01 9.939833e-01 8.170576e-01
19t 4.695373e+02 5.359800e+02 5.992382e+02 6.035022e+02 2.676932e+03
20t 2.420927e+02 2.588865e+02 3.948036e+02 3.934899e+02 7.449801e+02
21t 2.799477e+04 2.696865e+04 2.829837e+04 3.011987e+04 3.595217e+04
22t 2.895442e+04 2.851474e+04 2.909051e+04 3.398949e+04 3.622485e+04
23t 4.162857e+01 5.279634e+01 5.559722e+01 5.503434e+01 7.212774e+01
24t 6.420303e-01 6.735905e-01 6.391030e-01 2.915961e+00 3.223415e+00
25t 6.392950e-01 5.878591e-01 8.116935e-01 6.355845e-01 4.964864e-01
26t 3.228069e-01 3.228162e-01 3.890076e-01 2.796041e-01 2.578902e-01
27t 1.049478e+02 9.185370e+01 1.145433e+02 9.371241e+01 6.438435e+01
28t 2.437587e+02 2.288389e+02 2.244814e+02 2.652283e+02 1.525888e+02
29t 3.026324e+02 3.244657e+02 3.589779e+02 3.565110e+02 4.464495e+02
30t 9.821890e+00 1.048104e+01 1.076065e+01 1.325609e+01 1.249052e+01
31t 1.818371e+02 1.407767e+02 2.245286e+02 1.603310e+02 1.447553e+02
32t 3.355845e+02 2.671366e+02 5.627830e+02 4.601672e+02 4.183200e+02
33t 1.005870e+02 1.099221e+02 1.099992e+02 1.174202e+02 1.420335e+02
34t 2.551180e+01 2.398057e+01 2.640755e+01 2.414002e+01 2.837903e+01
35t 1.272645e+04 1.275621e+04 1.331855e+04 1.293761e+04 1.470332e+04
36t 1.641805e+05 1.552789e+05 3.413643e+05 2.055696e+05 1.303499e+05
37t 5.882091e+01 5.661454e+01 5.629840e+01 5.857832e+01 6.537932e+01
38t 2.759757e+05 1.914736e+05 2.158201e+05 1.646586e+05 1.554641e+05
39t 5.583562e+00 6.888305e+00 5.192012e+00 5.896084e+00 5.208688e+00
40t 2.988429e+01 9.564809e+01 8.173358e+01 9.216150e+01 9.390597e+02
41t 4.497178e+02 4.481103e+02 4.474482e+02 4.516246e+02 4.461325e+02
42t 2.613732e+02 3.269273e+02 4.388276e+02 3.311261e+02 4.347813e+02
43t 3.533968e+02 3.496675e+02 3.653849e+02 3.352331e+02 4.305128e+02
44t 9.475066e+02 9.311671e+02 9.360388e+02 9.550429e+02 9.299918e+02
45t 9.318635e+02 9.335170e+02 9.322190e+02 9.353871e+02 9.274034e+02
46t 9.385368e+02 9.296689e+02 9.375256e+02 9.851025e+02 9.276833e+02
47t 5.434699e+02 1.026337e+03 1.026463e+03 5.586905e+02 1.201889e+03
48t 9.174749e+02 9.315775e+02 9.979131e+02 1.008966e+03 1.319421e+03
49t 1.021308e+03 1.019312e+03 1.021689e+03 5.776423e+02 5.439393e+02
50t 1.054878e+03 9.587386e+02 9.905326e+02 1.179725e+03 1.288750e+03
              56           57           58           59           60
1t  1.398360e+00 9.412184e-01 2.097808e+00 7.562759e-01 6.282888e-01
2t  1.586801e+07 1.009817e+07 5.716581e+06 2.659006e+06 3.067305e+06
3t  2.253251e+06 1.537717e+06 2.922580e+06 1.162722e+06 9.572147e+05
4t  1.189581e+05 1.261622e+05 1.489537e+05 8.344026e+04 1.527347e+05
5t  2.411537e+01 4.659860e+01 1.877299e+01 2.302556e+01 4.744685e+01
6t  2.645741e+02 2.289167e+02 2.489371e+02 3.726959e+00 8.384916e+00
7t  4.486331e+03 5.518762e+03 6.408704e+03 2.481244e+04 1.067813e+04
8t  6.526200e+00 5.399814e+00 7.779071e+00 4.699973e+00 5.093164e+00
9t  2.759467e+02 2.871613e+02 2.818714e+02 3.296592e+02 4.033225e+02
10t 3.026844e+01 2.419967e+01 3.157535e+01 2.450580e+01 2.233989e+01
11t 2.576459e+02 2.641608e+02 2.661442e+02 2.951285e+02 3.625926e+02
12t 7.931456e+03 1.077835e+04 2.494068e+03 9.254232e+03 1.701211e+04
13t 1.644097e+00 1.510179e+01 1.885609e+00 1.978041e+01 2.049906e+01
14t 2.106249e+01 2.104650e+01 2.107545e+01 2.105197e+01 2.111982e+01
15t 2.380395e+02 3.254687e+03 2.430191e+02 3.806294e+02 1.207881e+02
16t 4.789098e+01 4.790991e+01 4.929908e+01 4.708286e+01 4.923587e+01
17t 8.169029e-01 1.143300e+00 1.827431e-01 1.381212e-01 3.572537e+02
18t 9.746441e-01 8.885384e-01 1.000787e+00 7.690410e-01 7.915288e-01
19t 3.582305e+02 5.910546e+02 4.214114e+02 1.733270e+03 3.074326e+03
20t 2.868862e+02 2.746149e+02 3.133938e+02 3.537373e+02 7.294649e+02
21t 2.765066e+04 2.745814e+04 2.755531e+04 2.886431e+04 3.541689e+04
22t 2.824168e+04 2.863052e+04 2.835948e+04 2.916762e+04 3.643723e+04
23t 4.242693e+01 5.607370e+01 4.729401e+01 5.930633e+01 7.224081e+01
24t 5.043573e-01 7.379662e-01 6.574437e-01 4.435184e-01 3.260067e+00
25t 6.678666e-01 6.269032e-01 4.068364e-01 6.884976e-01 6.063521e-01
26t 3.124912e-01 3.344145e-01 4.112540e-01 7.436385e-01 2.682106e-01
27t 8.537168e+01 8.184563e+01 7.766236e+01 1.354840e+02 5.478498e+01
28t 2.417145e+02 2.337166e+02 2.778638e+02 2.391314e+02 1.555721e+02
29t 3.402726e+02 3.380031e+02 2.999244e+02 4.439984e+02 4.924354e+02
30t 1.148888e+01 9.652989e+00 1.411976e+01 2.606458e+01 8.673822e+00
31t 1.847186e+02 1.887567e+02 1.801091e+02 2.428517e+02 1.282927e+02
32t 2.760679e+02 3.514674e+02 2.932256e+02 6.366568e+02 3.321102e+02
33t 9.111980e+01 1.065332e+02 9.713471e+01 1.267224e+02 1.487633e+02
34t 2.728998e+01 2.342718e+01 2.874110e+01 2.549542e+01 3.179263e+01
35t 1.266651e+04 1.311736e+04 1.268241e+04 1.378850e+04 1.491843e+04
36t 1.734994e+05 1.114172e+05 1.612926e+05 1.919496e+05 1.164819e+05
37t 5.983511e+01 5.697697e+01 5.761000e+01 5.675935e+01 6.490406e+01
38t 2.330672e+05 1.989548e+05 3.337260e+05 1.913509e+05 1.262202e+05
39t 6.015501e+00 5.383290e+00 5.425934e+00 5.738844e+00 5.217892e+00
40t 4.103905e+01 1.719972e+02 2.126997e+01 1.071570e+02 8.889717e+02
41t 4.496815e+02 4.480394e+02 4.506393e+02 7.990635e+02 8.331506e+02
42t 2.925882e+02 3.545224e+02 2.685297e+02 5.208536e+02 4.442528e+02
43t 3.184984e+02 3.636920e+02 3.186837e+02 4.716201e+02 3.967532e+02
44t 9.324246e+02 9.317668e+02 9.324937e+02 1.020051e+03 9.282234e+02
45t 9.320654e+02 9.407420e+02 9.234532e+02 1.041140e+03 9.294727e+02
46t 9.247083e+02 9.271677e+02 9.278197e+02 1.004288e+03 9.259261e+02
47t 1.033747e+03 5.291250e+02 1.028631e+03 5.259627e+02 1.210652e+03
48t 9.806677e+02 1.027100e+03 9.374274e+02 1.227116e+03 1.300229e+03
49t 1.019611e+03 5.523053e+02 1.025864e+03 5.492091e+02 1.219485e+03
50t 9.638612e+02 1.182328e+03 9.082768e+02 1.273101e+03 1.316103e+03
              61           62           63           64           65
1t  8.023000e-01 1.442283e+00 1.142861e+00 1.713614e+00 1.785181e+00
2t  5.363066e+06 9.540668e+06 1.168485e+07 7.057833e+06 9.140756e+06
3t  1.459371e+06 1.876364e+06 1.812800e+06 2.125794e+06 2.603437e+06
4t  1.503043e+05 1.559624e+05 1.468504e+05 1.038376e+05 1.193615e+05
5t  5.384879e+01 1.564295e+01 4.398385e+01 5.530195e+01 6.141287e+00
6t  1.166974e+02 1.360483e+02 3.133554e+02 2.417581e+02 2.538195e+02
7t  9.786689e+03 2.524653e+03 5.651809e+03 7.024630e+03 2.573677e+03
8t  4.916502e+00 6.493202e+00 5.457061e+00 5.866987e+00 7.094376e+00
9t  3.230864e+02 2.704349e+02 2.855335e+02 3.000476e+02 2.462423e+02
10t 2.415036e+01 3.007558e+01 2.891354e+01 3.037665e+01 3.216177e+01
11t 3.093094e+02 2.576630e+02 2.556919e+02 2.628806e+02 2.240133e+02
12t 1.228267e+04 1.259345e+03 1.103483e+03 1.584316e+04 2.570144e+02
13t 1.986067e+01 1.510279e+00 1.275621e+00 1.838274e+01 1.753528e+00
14t 2.117897e+01 2.114137e+01 2.109123e+01 2.089671e+01 2.118142e+01
15t 5.539040e+02 2.069186e+02 1.643675e+02 1.108261e+03 2.429519e+02
16t 7.186146e+01 4.804521e+01 5.174296e+01 4.751159e+01 4.742461e+01
17t 3.595831e+01 6.767119e-02 8.083279e-01 5.841278e+00 1.744973e-01
18t 8.772053e-01 9.880184e-01 9.282139e-01 9.895566e-01 1.005028e+00
19t 8.027154e+02 3.998775e+02 5.209861e+02 6.951750e+02 4.189791e+02
20t 3.768035e+02 2.489612e+02 3.247735e+02 3.266659e+02 2.782043e+02
21t 2.856841e+04 2.846638e+04 2.755368e+04 2.798896e+04 2.719022e+04
22t 2.929237e+04 2.845715e+04 2.840147e+04 2.836991e+04 2.796531e+04
23t 5.924651e+01 4.772064e+01 4.503355e+01 5.653848e+01 4.353296e+01
24t 6.744007e-01 8.783530e-01 7.851206e-01 4.379066e-01 1.070534e+00
25t 7.460556e-01 5.670758e-01 5.644118e-01 5.118208e-01 4.471035e-01
26t 7.995417e-01 3.618356e-01 3.678722e-01 4.040980e-01 3.521347e-01
27t 8.945354e+01 5.982265e+01 7.718012e+01 9.731634e+01 7.441155e+01
28t 2.379642e+02 2.352788e+02 2.136258e+02 2.757473e+02 2.447757e+02
29t 4.250229e+02 2.757068e+02 2.821959e+02 3.167900e+02 2.699262e+02
30t 1.501678e+01 1.139460e+01 1.063472e+01 1.771444e+01 1.260100e+01
31t 1.800068e+02 1.703165e+02 1.497190e+02 2.093362e+02 1.536406e+02
32t 4.560031e+02 3.116735e+02 4.317378e+02 3.666413e+02 3.237940e+02
33t 1.366542e+02 9.295015e+01 1.046753e+02 1.270089e+02 1.101875e+02
34t 2.126133e+01 2.359800e+01 3.012316e+01 2.908642e+01 2.975862e+01
35t 1.357984e+04 1.250667e+04 1.264174e+04 1.261847e+04 1.258931e+04
36t 1.804350e+05 1.704029e+05 1.686623e+05 1.462719e+05 2.780850e+05
37t 5.851857e+01 6.076665e+01 5.659509e+01 5.864521e+01 6.118931e+01
38t 2.417336e+05 2.525912e+05 2.000665e+05 1.662904e+05 1.860927e+05
39t 6.555337e+00 7.186080e+00 5.494329e+00 6.778710e+00 5.965075e+00
40t 2.755885e+02 5.286523e+01 6.855505e+01 5.871951e+01 6.553255e+01
41t 6.936426e+02 4.491410e+02 4.485454e+02 4.491492e+02 4.507645e+02
42t 4.432279e+02 3.241810e+02 3.090098e+02 3.058883e+02 3.076784e+02
43t 4.317983e+02 3.288804e+02 3.336669e+02 3.667782e+02 3.387461e+02
44t 9.310636e+02 9.338305e+02 9.405677e+02 9.391429e+02 9.343031e+02
45t 9.311241e+02 9.310312e+02 9.342010e+02 9.328979e+02 9.322431e+02
46t 9.345642e+02 9.291483e+02 9.357172e+02 9.370842e+02 9.217784e+02
47t 1.042493e+03 1.018447e+03 5.334843e+02 9.099806e+02 1.022153e+03
48t 1.035303e+03 9.447713e+02 9.543192e+02 1.043776e+03 9.189622e+02
49t 1.025124e+03 1.022722e+03 5.582059e+02 5.681206e+02 1.017786e+03
50t 1.101334e+03 9.402008e+02 1.077405e+03 9.992102e+02 9.061322e+02
              66           67           68           69           70
1t  1.407623e+00 2.041019e+00 3.002819e+00 8.223245e-01 1.191394e+00
2t  2.299622e+07 1.230020e+07 1.214177e+07 5.217936e+06 1.061692e+07
3t  3.418007e+06 2.771906e+06 4.211804e+06 1.358030e+06 1.852949e+06
4t  1.546452e+05 1.034489e+05 1.465513e+05 1.827340e+05 1.517470e+05
5t  5.349901e+01 1.012506e+01 2.156520e+01 3.921670e+01 1.669731e+01
6t  4.559828e+02 1.385083e+02 4.433409e+02 4.748243e+00 3.378627e+02
7t  7.510223e+03 3.766814e+03 4.528268e+03 1.172153e+04 5.143461e+03
8t  5.944072e+00 7.169767e+00 9.652238e+00 5.355487e+00 6.230924e+00
9t  2.604933e+02 2.414663e+02 2.560308e+02 3.130143e+02 2.864513e+02
10t 2.719676e+01 3.363422e+01 3.796814e+01 2.342626e+01 2.770029e+01
11t 2.817289e+02 2.746376e+02 1.860974e+02 3.158028e+02 2.713652e+02
12t 1.452984e+04 2.210239e+02 2.818659e+03 1.489830e+04 6.406004e+03
13t 1.760527e+01 1.841166e+00 2.253184e+00 1.978639e+01 1.518270e+00
14t 2.115743e+01 2.110164e+01 2.116785e+01 2.086406e+01 2.110947e+01
15t 2.991554e+03 2.785677e+02 3.949737e+02 7.907516e+02 1.609265e+02
16t 4.632019e+01 4.902671e+01 4.939417e+01 4.923220e+01 4.883013e+01
17t 8.469956e+00 1.158075e+00 9.427630e-02 3.087176e+02 1.165239e+00
18t 1.000219e+00 1.003100e+00 1.042868e+00 8.822292e-01 9.624012e-01
19t 5.652516e+02 4.243963e+02 3.870677e+02 2.463273e+03 3.644693e+02
20t 2.801449e+02 2.495949e+02 3.179460e+02 2.972209e+02 3.076277e+02
21t 2.741105e+04 2.667475e+04 3.140939e+04 2.874508e+04 2.725765e+04
22t 2.890457e+04 2.838986e+04 3.240899e+04 3.033919e+04 2.857643e+04
23t 5.735521e+01 4.567492e+01 4.569825e+01 6.592151e+01 4.258183e+01
24t 9.631998e-01 7.296027e-01 3.619714e+00 7.670466e-01 1.108141e+00
25t 7.469170e-01 6.423532e-01 5.536816e-01 5.506424e-01 4.660643e-01
26t 3.378481e-01 2.586015e-01 3.014416e-01 7.943344e-01 7.511370e-01
27t 9.861441e+01 9.172704e+01 3.389185e+01 1.357785e+02 6.568661e+01
28t 2.561169e+02 5.714315e+02 2.825547e+02 2.517571e+02 2.673251e+02
29t 3.375862e+02 2.530164e+02 3.064599e+02 4.027810e+02 3.268544e+02
30t 9.428980e+00 1.160591e+01 1.478720e+01 1.253258e+01 9.724496e+00
31t 1.424116e+02 1.912131e+02 3.629823e+01 2.264990e+02 1.559134e+02
32t 3.581207e+02 6.364828e+02 3.735403e+02 4.368249e+02 3.988684e+02
33t 1.293877e+02 1.134659e+02 1.038318e+02 1.552527e+02 1.200439e+02
34t 2.839721e+01 2.769752e+01 3.280744e+01 3.217491e+01 2.841776e+01
35t 1.281257e+04 1.283953e+04 1.266756e+04 1.397410e+04 1.271305e+04
36t 1.845030e+05 2.669775e+05 5.016478e+05 2.825548e+05 2.052222e+05
37t 5.693099e+01 6.262165e+01 6.003773e+01 5.245965e+01 6.157800e+01
38t 1.844490e+05 1.886303e+05 2.227245e+05 1.572100e+05 2.472724e+05
39t 6.667920e+00 7.447910e+00 5.737015e+00 7.382121e+00 6.015784e+00
40t 9.239022e+01 1.739324e+01 2.529811e+01 1.182013e+02 7.903593e+01
41t 4.488289e+02 4.510311e+02 4.561563e+02 7.508461e+02 4.487959e+02
42t 3.317002e+02 3.985578e+02 2.888658e+02 4.273406e+02 3.174903e+02
43t 3.520709e+02 3.317022e+02 3.230991e+02 4.822094e+02 3.291259e+02
44t 9.481545e+02 9.206371e+02 9.335400e+02 1.041968e+03 9.299725e+02
45t 9.339472e+02 9.296956e+02 9.262915e+02 9.931581e+02 9.380124e+02
46t 9.452861e+02 9.354367e+02 9.254331e+02 1.058107e+03 9.322530e+02
47t 9.103076e+02 1.023670e+03 6.037336e+02 8.982077e+02 1.022365e+03
48t 9.378162e+02 9.300725e+02 9.624843e+02 1.238493e+03 9.779686e+02
49t 5.678654e+02 1.027587e+03 6.342579e+02 5.534965e+02 1.022084e+03
50t 9.924669e+02 9.144629e+02 1.113054e+03 1.185758e+03 9.184957e+02
              71           72           73           74           75
1t  1.138845e+00 7.709720e-01 1.147780e+00 1.305406e+00 1.092783e+00
2t  5.619420e+06 4.911977e+06 9.017551e+06 5.898834e+06 8.443932e+06
3t  1.643809e+06 1.340466e+06 1.818573e+06 2.100338e+06 1.868911e+06
4t  1.243835e+05 1.058982e+05 1.339668e+05 1.497457e+05 1.561979e+05
5t  3.896732e+01 2.144691e+01 3.661444e+01 3.503885e+01 4.911387e+01
6t  3.020327e+01 6.176292e+00 4.826809e+02 3.336055e+02 8.820450e+02
7t  5.076694e+03 8.510731e+03 5.151832e+03 6.673789e+03 5.007929e+03
8t  5.820242e+00 4.257186e+00 5.788292e+00 6.493944e+00 5.544142e+00
9t  3.011766e+02 3.331447e+02 2.895322e+02 2.846685e+02 2.673637e+02
10t 2.700083e+01 2.293443e+01 2.794104e+01 2.754619e+01 2.569759e+01
11t 3.067743e+02 2.954345e+02 2.810231e+02 2.953878e+02 2.895812e+02
12t 1.233802e+04 7.979525e+03 3.153972e+02 1.184750e+04 9.296371e+03
13t 1.978312e+01 1.982741e+01 1.390292e+00 1.964254e+01 1.481005e+00
14t 2.095198e+01 2.116209e+01 2.107233e+01 2.117107e+01 2.098133e+01
15t 2.648727e+02 3.318582e+02 1.736182e+02 1.966477e+02 1.643845e+02
16t 4.902699e+01 4.709947e+01 4.760899e+01 4.900939e+01 4.893127e+01
17t 1.779786e+00 2.743077e-01 1.179192e+00 4.246103e-02 1.502881e+00
18t 8.645032e-01 8.057110e-01 8.986089e-01 9.538411e-01 9.346490e-01
19t 5.301107e+02 7.141293e+02 5.012749e+02 5.486238e+02 5.628145e+02
20t 3.441721e+02 4.663268e+02 3.066026e+02 2.948581e+02 2.944457e+02
21t 2.772014e+04 2.819782e+04 2.754896e+04 3.396215e+04 2.770553e+04
22t 2.946132e+04 2.862237e+04 2.828768e+04 3.471329e+04 2.833635e+04
23t 4.936447e+01 5.290833e+01 5.081136e+01 5.399077e+01 5.518856e+01
24t 5.035263e-01 6.060994e-01 8.274899e-01 2.870250e+00 4.484742e-01
25t 7.699685e-01 7.155497e-01 5.920660e-01 6.222301e-01 4.968904e-01
26t 3.976161e-01 3.116666e-01 3.435418e-01 2.456163e-01 3.420387e-01
27t 9.340694e+01 1.077182e+02 6.965423e+01 6.070329e+01 7.171888e+01
28t 3.736178e+02 2.060812e+02 2.268692e+02 2.414829e+02 2.233563e+02
29t 3.634559e+02 4.105869e+02 2.967031e+02 3.847231e+02 3.314259e+02
30t 1.096464e+01 1.289305e+01 1.048571e+01 1.212971e+01 1.153089e+01
31t 1.516244e+02 2.282026e+02 1.466094e+02 1.433674e+02 1.670677e+02
32t 3.161196e+02 6.724326e+02 3.839171e+02 4.700864e+02 2.785963e+02
33t 1.118912e+02 1.268634e+02 9.911411e+01 1.097517e+02 1.202525e+02
34t 2.398465e+01 2.762009e+01 2.711025e+01 2.396978e+01 2.501838e+01
35t 1.281542e+04 1.309515e+04 1.242325e+04 1.259548e+04 1.267442e+04
36t 1.571574e+05 1.641132e+05 1.874297e+05 1.901551e+05 1.635410e+05
37t 5.650685e+01 5.176534e+01 5.934637e+01 6.294842e+01 5.915372e+01
38t 1.818251e+05 1.684183e+05 2.701553e+05 1.567190e+05 2.056546e+05
39t 5.740259e+00 6.815038e+00 5.603640e+00 5.262604e+00 5.968967e+00
40t 6.435866e+01 7.581103e+01 1.045874e+02 1.004892e+02 7.378165e+01
41t 5.697387e+02 6.595352e+02 4.482612e+02 6.273428e+02 4.477296e+02
42t 3.695499e+02 4.622779e+02 4.262307e+02 3.318484e+02 3.668921e+02
43t 3.610625e+02 4.194121e+02 3.523268e+02 4.052600e+02 3.862232e+02
44t 9.377928e+02 9.320980e+02 9.367372e+02 9.463672e+02 9.336441e+02
45t 9.382343e+02 9.338644e+02 9.338814e+02 9.289890e+02 9.392810e+02
46t 9.348073e+02 9.274342e+02 9.316639e+02 9.554550e+02 9.392051e+02
47t 5.378822e+02 1.194241e+03 1.024092e+03 5.460613e+02 5.362290e+02
48t 9.913401e+02 1.010868e+03 9.594912e+02 1.010372e+03 1.014980e+03
49t 1.024595e+03 5.505116e+02 5.570442e+02 5.649172e+02 1.022598e+03
50t 1.017782e+03 1.154060e+03 1.029165e+03 1.219609e+03 1.185038e+03
              76           77           78           79           80
1t  1.486263e+00 1.290980e+00 1.779629e+00 8.509596e-01 1.280807e+00
2t  1.567469e+07 1.455244e+07 1.563697e+07 4.154104e+06 9.704232e+06
3t  2.559999e+06 1.863650e+06 3.469842e+06 1.263489e+06 1.979079e+06
4t  1.316324e+05 1.279582e+05 1.347403e+05 7.417941e+04 1.551137e+05
5t  2.312142e+01 3.627100e+01 1.439912e+01 4.390484e+01 5.024105e+01
6t  1.336196e+02 1.856937e+02 5.940435e+02 2.886106e+00 5.691165e+02
7t  3.800937e+03 7.142924e+03 3.708829e+03 1.358572e+04 7.321907e+03
8t  6.577151e+00 5.990560e+00 7.012926e+00 5.177064e+00 6.125988e+00
9t  2.924919e+02 3.047723e+02 2.482857e+02 3.449988e+02 2.636574e+02
10t 3.177939e+01 2.858052e+01 3.236418e+01 2.393819e+01 2.765238e+01
11t 2.088695e+02 2.699089e+02 2.412202e+02 3.196536e+02 3.117029e+02
12t 2.686510e+02 1.420711e+04 6.009161e+02 1.486898e+04 1.124031e+04
13t 1.628661e+00 1.996401e+01 1.902213e+00 1.972241e+01 2.010249e+01
14t 2.109629e+01 2.097986e+01 2.107494e+01 2.081731e+01 2.118788e+01
15t 2.171255e+02 1.025085e+03 5.510402e+02 1.875902e+02 1.896536e+02
16t 4.931099e+01 4.863190e+01 4.935535e+01 4.861711e+01 4.927811e+01
17t 7.523766e-01 2.279349e+00 8.236732e-01 1.390350e+00 5.384972e-02
18t 9.913022e-01 9.640257e-01 1.015292e+00 8.326265e-01 9.349935e-01
19t 4.575192e+02 5.954171e+02 5.105595e+02 1.332075e+03 7.860921e+02
20t 2.802324e+02 3.564068e+02 2.366221e+02 3.160170e+02 3.982290e+02
21t 2.712062e+04 2.836563e+04 2.750078e+04 2.884753e+04 3.304224e+04
22t 2.919569e+04 2.871825e+04 2.904177e+04 3.044971e+04 3.490790e+04
23t 4.758777e+01 5.597171e+01 4.633784e+01 5.529821e+01 5.544682e+01
24t 8.554395e-01 6.656390e-01 6.919945e-01 4.564365e-01 3.545508e+00
25t 4.788863e-01 5.878839e-01 4.565587e-01 7.757204e-01 6.378492e-01
26t 2.909663e-01 3.036779e-01 3.125126e-01 3.702800e-01 2.826937e-01
27t 8.705929e+01 7.206649e+01 8.028188e+01 1.194912e+02 5.090120e+01
28t 2.363960e+02 2.423336e+02 2.733503e+02 2.159222e+02 2.359057e+02
29t 3.341328e+02 3.283428e+02 2.785273e+02 3.577244e+02 3.874043e+02
30t 1.161531e+01 1.105597e+01 1.138151e+01 2.295779e+01 1.204558e+01
31t 1.678324e+02 1.784357e+02 1.543595e+02 2.402599e+02 1.511060e+02
32t 4.067025e+02 2.648025e+02 3.313107e+02 4.248595e+02 4.052371e+02
33t 1.008276e+02 1.016531e+02 9.807780e+01 1.266326e+02 1.149412e+02
34t 2.599795e+01 3.359959e+01 2.759373e+01 3.409740e+01 2.510275e+01
35t 1.264372e+04 1.276111e+04 1.242858e+04 1.394836e+04 1.270992e+04
36t 2.331425e+05 1.764604e+05 2.482685e+05 1.966099e+05 1.768846e+05
37t 5.597412e+01 5.747265e+01 6.039382e+01 5.547799e+01 6.292708e+01
38t 2.290851e+05 2.231074e+05 1.919638e+05 2.130104e+05 1.443919e+05
39t 5.837878e+00 5.986717e+00 6.415781e+00 7.684831e+00 6.860098e+00
40t 5.833351e+01 6.954157e+01 3.240929e+01 1.116404e+02 1.800646e+02
41t 4.506545e+02 4.490077e+02 4.517137e+02 7.051601e+02 4.496034e+02
42t 2.879222e+02 2.883345e+02 2.822191e+02 4.210682e+02 3.500777e+02
43t 3.230367e+02 3.104031e+02 3.134268e+02 4.799573e+02 4.167004e+02
44t 9.318234e+02 9.312267e+02 9.225299e+02 9.368493e+02 9.463650e+02
45t 9.340022e+02 9.497734e+02 9.291555e+02 9.311034e+02 9.541886e+02
46t 9.217867e+02 9.363851e+02 9.259924e+02 9.568869e+02 9.481483e+02
47t 1.020793e+03 5.465577e+02 1.023955e+03 1.038379e+03 5.464879e+02
48t 9.291883e+02 9.742964e+02 9.420043e+02 1.196331e+03 1.035188e+03
49t 1.020893e+03 1.025168e+03 1.027261e+03 9.118766e+02 5.697908e+02
50t 9.064372e+02 9.942026e+02 9.149855e+02 1.061458e+03 1.256711e+03
# 2026-01-31 05:35:11 -03: Finished testing
