# 2026-01-17 08:49:10 -03: Reading parameter file '/home/pestobar/Activities/irace-executions/ACOTSP/Scenarios/BL-45/Runs/BL-45_seed_300017/parameters.txt'.
# 2026-01-17 08:49:10 -03: 1 expression(s) specifying forbidden configurations read.
# 2026-01-17 08:49:10 -03: Initialization
# Elitist race
# Elitist new instances: 1
# Elitist limit: 2
# nbIterations: 5
# minNbSurvival: 5
# nbParameters: 11
# seed: 300017
# confidence level: 0.95
# budget: 2750
# mu: 5
# deterministic: FALSE

# 2026-01-17 08:49:10 -03: Iteration 1 of 5
# experimentsUsed: 0
# remainingBudget: 2750
# currentBudget: 550
# nbConfigurations: 45
# Markers:
     x No test is performed.
     c Configurations are discarded only due to capping.
     - The test is performed and some configurations are discarded.
     = The test is performed but no configuration is discarded.
     ! The test is performed and configurations could be discarded but elite configurations are preserved.
     . All alive configurations are elite and nothing is discarded.

+-+-----------+-----------+-----------+----------------+-----------+--------+-----+----+------+
| |   Instance|      Alive|       Best|       Mean best| Exp so far|  W time|  rho|KenW|  Qvar|
+-+-----------+-----------+-----------+----------------+-----------+--------+-----+----+------+
|x|          1|         45|         40|     32652009.00|         45|00:02:16|   NA|  NA|    NA|
|x|          2|         45|         40|     32873157.50|         90|00:02:03|+0.98|0.99|0.0023|
|x|          3|         45|          5|     32773847.00|        135|00:02:07|+0.98|0.99|0.0024|
|x|          4|         45|          5|     32758514.25|        180|00:02:15|+0.98|0.98|0.0036|
|-|          5|          5|          5|     32733741.80|        225|00:02:04|-0.02|0.18|0.8274|
+-+-----------+-----------+-----------+----------------+-----------+--------+-----+----+------+
Best-so-far configuration:           5    mean value:      32733741.80
Description of the best-so-far configuration:
  .ID. algorithm localsearch alpha beta  rho ants q0 rasrank elitistants nnls
5    5       ras           3  4.87 8.68 0.66   21 NA      10          NA   33
  dlb .PARENT.
5   1       NA

# 2026-01-17 08:59:58 -03: Elite configurations (first number is the configuration ID; listed from best to worst according to the sum of ranks):
   algorithm localsearch alpha beta  rho ants   q0 rasrank elitistants nnls dlb
5        ras           3  4.87 8.68 0.66   21   NA      10          NA   33   1
40       ras           3  4.64 6.96 0.89   91   NA      33          NA   13   0
15       acs           3  3.31 3.06 0.35   39 0.54      NA          NA   24   1
11      mmas           3  1.44 9.31 0.97   75   NA      NA          NA    7   1
17      mmas           2  0.97 2.74 0.75   30   NA      NA          NA   11   1
# 2026-01-17 08:59:58 -03: Iteration 2 of 5
# experimentsUsed: 225
# remainingBudget: 2525
# currentBudget: 631
# nbConfigurations: 45
# Markers:
     x No test is performed.
     c Configurations are discarded only due to capping.
     - The test is performed and some configurations are discarded.
     = The test is performed but no configuration is discarded.
     ! The test is performed and configurations could be discarded but elite configurations are preserved.
     . All alive configurations are elite and nothing is discarded.

+-+-----------+-----------+-----------+----------------+-----------+--------+-----+----+------+
| |   Instance|      Alive|       Best|       Mean best| Exp so far|  W time|  rho|KenW|  Qvar|
+-+-----------+-----------+-----------+----------------+-----------+--------+-----+----+------+
|x|          6|         45|         15|     32257516.00|         45|00:02:30|   NA|  NA|    NA|
|x|          4|         45|         17|     32441323.00|         85|00:02:09|+0.98|0.99|0.0016|
|x|          3|         45|          5|     32495776.33|        125|00:02:14|+0.95|0.97|0.0020|
|x|          5|         45|          5|     32530495.25|        165|00:02:18|+0.95|0.96|0.0033|
|-|          2|          8|          5|     32644349.60|        205|00:02:13|-0.01|0.19|0.9223|
|=|          1|          8|          5|     32659233.50|        208|00:00:23|-0.06|0.12|0.9523|
|=|          7|          8|          5|     32637873.00|        216|00:00:32|-0.03|0.12|0.9292|
+-+-----------+-----------+-----------+----------------+-----------+--------+-----+----+------+
Best-so-far configuration:           5    mean value:      32637873.00
Description of the best-so-far configuration:
  .ID. algorithm localsearch alpha beta  rho ants q0 rasrank elitistants nnls
5    5       ras           3  4.87 8.68 0.66   21 NA      10          NA   33
  dlb .PARENT.
5   1       NA

# 2026-01-17 09:12:20 -03: Elite configurations (first number is the configuration ID; listed from best to worst according to the sum of ranks):
   algorithm localsearch alpha beta  rho ants   q0 rasrank elitistants nnls dlb
5        ras           3  4.87 8.68 0.66   21   NA      10          NA   33   1
15       acs           3  3.31 3.06 0.35   39 0.54      NA          NA   24   1
73      mmas           3  2.07 7.21 0.61   82   NA      NA          NA   13   0
47      mmas           3  2.12 7.28 0.51   22   NA      NA          NA   33   1
67       acs           3  4.02 7.83 0.46   47 0.82      NA          NA   13   1
# 2026-01-17 09:12:20 -03: Iteration 3 of 5
# experimentsUsed: 441
# remainingBudget: 2309
# currentBudget: 769
# nbConfigurations: 45
# Markers:
     x No test is performed.
     c Configurations are discarded only due to capping.
     - The test is performed and some configurations are discarded.
     = The test is performed but no configuration is discarded.
     ! The test is performed and configurations could be discarded but elite configurations are preserved.
     . All alive configurations are elite and nothing is discarded.

+-+-----------+-----------+-----------+----------------+-----------+--------+-----+----+------+
| |   Instance|      Alive|       Best|       Mean best| Exp so far|  W time|  rho|KenW|  Qvar|
+-+-----------+-----------+-----------+----------------+-----------+--------+-----+----+------+
|x|          8|         45|        102|     32434681.00|         45|00:02:56|   NA|  NA|    NA|
|x|          1|         45|        112|     32555847.00|         85|00:02:54|+0.91|0.95|0.0043|
|x|          7|         45|        112|     32531755.33|        125|00:03:07|+0.89|0.92|0.0041|
|x|          5|         45|        112|     32551294.25|        165|00:03:10|+0.90|0.93|0.0033|
|-|          3|         10|         95|     32534928.00|        205|00:03:15|+0.20|0.36|0.7146|
|!|          2|         10|         95|     32613166.33|        210|00:01:10|+0.23|0.36|0.6865|
|-|          6|          9|         95|     32562469.57|        215|00:01:03|+0.26|0.36|0.6779|
|-|          4|          4|         95|     32576859.62|        219|00:00:58|-0.09|0.04|0.8224|
+-+-----------+-----------+-----------+----------------+-----------+--------+-----+----+------+
Best-so-far configuration:          95    mean value:      32576859.62
Description of the best-so-far configuration:
   .ID. algorithm localsearch alpha beta  rho ants   q0 rasrank elitistants
95   95       acs           3  2.81 0.73 0.22   42 0.54      NA          NA
   nnls dlb .PARENT.
95   13   1       15

# 2026-01-17 09:30:56 -03: Elite configurations (first number is the configuration ID; listed from best to worst according to the sum of ranks):
    algorithm localsearch alpha beta  rho ants   q0 rasrank elitistants nnls
95        acs           3  2.81 0.73 0.22   42 0.54      NA          NA   13
112       acs           3  4.23 6.92 0.45   41 0.07      NA          NA   34
104       acs           3  2.39 2.07 0.79   52 0.38      NA          NA   31
106       acs           3  2.64 0.18 0.17   31 0.49      NA          NA   17
    dlb
95    1
112   1
104   0
106   1
# 2026-01-17 09:30:56 -03: Iteration 4 of 5
# experimentsUsed: 660
# remainingBudget: 2090
# currentBudget: 1045
# nbConfigurations: 45
# Markers:
     x No test is performed.
     c Configurations are discarded only due to capping.
     - The test is performed and some configurations are discarded.
     = The test is performed but no configuration is discarded.
     ! The test is performed and configurations could be discarded but elite configurations are preserved.
     . All alive configurations are elite and nothing is discarded.

+-+-----------+-----------+-----------+----------------+-----------+--------+-----+----+------+
| |   Instance|      Alive|       Best|       Mean best| Exp so far|  W time|  rho|KenW|  Qvar|
+-+-----------+-----------+-----------+----------------+-----------+--------+-----+----+------+
|x|          9|         45|        112|     32554975.00|         45|00:02:05|   NA|  NA|    NA|
|x|          6|         45|        112|     32406096.00|         86|00:02:07|+0.92|0.96|0.0056|
|x|          5|         45|        112|     32474034.33|        127|00:01:54|+0.87|0.91|0.0041|
|x|          7|         45|        112|     32476418.75|        168|00:01:57|+0.85|0.89|0.0034|
|-|          1|          8|        112|     32514865.40|        209|00:02:02|+0.10|0.28|0.7414|
|=|          2|          8|         95|     32599147.50|        213|00:00:17|+0.05|0.21|0.7968|
|=|          8|          8|        112|     32588909.00|        217|00:00:21|+0.02|0.16|0.8363|
|=|          3|          8|         95|     32568951.38|        221|00:00:14|-0.02|0.10|0.8853|
|=|          4|          8|         95|     32581022.33|        225|00:00:21|-0.05|0.06|0.9110|
|=|         10|          8|         95|     32553197.00|        233|00:00:54|-0.03|0.07|0.9052|
+-+-----------+-----------+-----------+----------------+-----------+--------+-----+----+------+
Best-so-far configuration:          95    mean value:      32553197.00
Description of the best-so-far configuration:
   .ID. algorithm localsearch alpha beta  rho ants   q0 rasrank elitistants
95   95       acs           3  2.81 0.73 0.22   42 0.54      NA          NA
   nnls dlb .PARENT.
95   13   1       15

# 2026-01-17 09:43:13 -03: Elite configurations (first number is the configuration ID; listed from best to worst according to the sum of ranks):
    algorithm localsearch alpha beta  rho ants   q0 rasrank elitistants nnls
95        acs           3  2.81 0.73 0.22   42 0.54      NA          NA   13
104       acs           3  2.39 2.07 0.79   52 0.38      NA          NA   31
112       acs           3  4.23 6.92 0.45   41 0.07      NA          NA   34
133       acs           3  2.59 5.04 0.10   40 0.34      NA          NA   12
141       acs           3  3.71 6.19 0.73   61 0.09      NA          NA   30
    dlb
95    1
104   0
112   1
133   1
141   1
# 2026-01-17 09:43:13 -03: Iteration 5 of 5
# experimentsUsed: 893
# remainingBudget: 1857
# currentBudget: 1857
# nbConfigurations: 45
# Markers:
     x No test is performed.
     c Configurations are discarded only due to capping.
     - The test is performed and some configurations are discarded.
     = The test is performed but no configuration is discarded.
     ! The test is performed and configurations could be discarded but elite configurations are preserved.
     . All alive configurations are elite and nothing is discarded.

+-+-----------+-----------+-----------+----------------+-----------+--------+-----+----+------+
| |   Instance|      Alive|       Best|       Mean best| Exp so far|  W time|  rho|KenW|  Qvar|
+-+-----------+-----------+-----------+----------------+-----------+--------+-----+----+------+
|x|         11|         45|        193|     32800969.00|         45|00:02:45|   NA|  NA|    NA|
|x|          7|         45|        204|     32661751.00|         85|00:02:41|+0.55|0.78|0.0004|
|x|          9|         45|        179|     32646538.00|        125|00:02:35|+0.58|0.72|0.0004|
|x|          3|         45|        179|     32608688.00|        165|00:02:39|+0.57|0.68|0.0004|
|-|          5|         13|        179|     32605306.20|        205|00:02:37|-0.03|0.18|0.9512|
|=|          8|         13|        179|     32579251.83|        213|00:01:06|+0.01|0.17|0.9086|
|=|          4|         13|        179|     32584122.29|        221|00:00:48|+0.00|0.15|0.9313|
|=|          2|         13|        179|     32635917.75|        229|00:01:03|+0.01|0.14|0.9281|
|=|          1|         13|        179|     32631175.44|        237|00:00:43|+0.05|0.15|0.8847|
|=|          6|         13|        179|     32597141.80|        245|00:01:02|+0.05|0.14|0.8751|
|=|         10|         13|        179|     32565681.27|        253|00:00:51|+0.06|0.15|0.8688|
|-|         12|          5|        179|     32578599.17|        266|00:01:29|+0.03|0.11|0.7688|
+-+-----------+-----------+-----------+----------------+-----------+--------+-----+----+------+
Best-so-far configuration:         179    mean value:      32578599.17
Description of the best-so-far configuration:
    .ID. algorithm localsearch alpha beta  rho ants   q0 rasrank elitistants
179  179       acs           3  2.23 3.72 0.29   44 0.76      NA          NA
    nnls dlb .PARENT.
179    8   1       95

# 2026-01-17 10:03:39 -03: Elite configurations (first number is the configuration ID; listed from best to worst according to the sum of ranks):
    algorithm localsearch alpha beta  rho ants   q0 rasrank elitistants nnls
179       acs           3  2.23 3.72 0.29   44 0.76      NA          NA    8
133       acs           3  2.59 5.04 0.10   40 0.34      NA          NA   12
104       acs           3  2.39 2.07 0.79   52 0.38      NA          NA   31
95        acs           3  2.81 0.73 0.22   42 0.54      NA          NA   13
184       acs           3  3.16 0.26 0.21   43 0.62      NA          NA   18
    dlb
179   1
133   1
104   0
95    1
184   1
# 2026-01-17 10:03:39 -03: Iteration 6 of 6
# experimentsUsed: 1159
# remainingBudget: 1591
# currentBudget: 1591
# nbConfigurations: 45
# Markers:
     x No test is performed.
     c Configurations are discarded only due to capping.
     - The test is performed and some configurations are discarded.
     = The test is performed but no configuration is discarded.
     ! The test is performed and configurations could be discarded but elite configurations are preserved.
     . All alive configurations are elite and nothing is discarded.

+-+-----------+-----------+-----------+----------------+-----------+--------+-----+----+------+
| |   Instance|      Alive|       Best|       Mean best| Exp so far|  W time|  rho|KenW|  Qvar|
+-+-----------+-----------+-----------+----------------+-----------+--------+-----+----+------+
|x|         13|         45|        231|     32444892.00|         45|00:02:28|   NA|  NA|    NA|
|x|          9|         45|        231|     32523864.00|         85|00:02:03|+0.55|0.78|0.0709|
|x|          5|         45|        231|     32553278.00|        125|00:02:23|+0.55|0.70|0.0824|
|x|          7|         45|        231|     32530026.25|        165|00:02:21|+0.53|0.65|0.0946|
|-|          6|         14|        215|     32480871.80|        205|00:01:59|+0.01|0.21|0.9198|
|=|         11|         14|        215|     32540626.67|        214|00:00:48|+0.04|0.20|0.8843|
|=|         10|         14|        215|     32492393.43|        223|00:00:44|+0.06|0.20|0.8687|
|=|          4|         14|        215|     32506192.50|        232|00:00:40|+0.06|0.18|0.8862|
|=|          2|         14|        215|     32568144.33|        241|00:00:36|+0.06|0.16|0.8783|
|=|          3|         14|        215|     32565554.60|        250|00:00:42|+0.03|0.12|0.9032|
|=|          8|         14|        215|     32550395.55|        259|00:00:50|+0.03|0.12|0.8988|
|=|         12|         14|        215|     32568164.67|        268|00:00:48|+0.06|0.14|0.8718|
|-|          1|         10|        215|     32573987.69|        277|00:00:36|-0.01|0.07|0.8943|
|=|         14|         10|        215|     32576890.00|        287|00:00:32|+0.00|0.07|0.8926|
|=|         15|         10|        215|     32575805.20|        297|00:00:44|+0.01|0.07|0.8853|
+-+-----------+-----------+-----------+----------------+-----------+--------+-----+----+------+
Best-so-far configuration:         215    mean value:      32575805.20
Description of the best-so-far configuration:
    .ID. algorithm localsearch alpha beta  rho ants   q0 rasrank elitistants
215  215       acs           3  2.37 4.41 0.24   47 0.69      NA          NA
    nnls dlb .PARENT.
215   10   1      179

# 2026-01-17 10:22:01 -03: Elite configurations (first number is the configuration ID; listed from best to worst according to the sum of ranks):
    algorithm localsearch alpha beta  rho ants   q0 rasrank elitistants nnls
215       acs           3  2.37 4.41 0.24   47 0.69      NA          NA   10
179       acs           3  2.23 3.72 0.29   44 0.76      NA          NA    8
231       acs           3  3.41 0.33 0.07   33 0.55      NA          NA   14
95        acs           3  2.81 0.73 0.22   42 0.54      NA          NA   13
224       acs           3  3.12 4.31 0.10   45 0.26      NA          NA   10
    dlb
215   1
179   1
231   1
95    1
224   1
# 2026-01-17 10:22:01 -03: Iteration 7 of 7
# experimentsUsed: 1456
# remainingBudget: 1294
# currentBudget: 1294
# nbConfigurations: 45
# Markers:
     x No test is performed.
     c Configurations are discarded only due to capping.
     - The test is performed and some configurations are discarded.
     = The test is performed but no configuration is discarded.
     ! The test is performed and configurations could be discarded but elite configurations are preserved.
     . All alive configurations are elite and nothing is discarded.

+-+-----------+-----------+-----------+----------------+-----------+--------+-----+----+------+
| |   Instance|      Alive|       Best|       Mean best| Exp so far|  W time|  rho|KenW|  Qvar|
+-+-----------+-----------+-----------+----------------+-----------+--------+-----+----+------+
|x|         16|         45|        264|     32587262.00|         45|00:00:54|   NA|  NA|    NA|
|x|         12|         45|        179|     32680016.00|         85|00:00:45|+0.64|0.82|0.1486|
|x|          4|         45|        179|     32657792.33|        125|00:00:43|+0.64|0.76|0.1572|
|x|          9|         45|        179|     32640471.50|        165|00:00:43|+0.56|0.67|0.1762|
|-|          1|         16|        179|     32631024.60|        205|00:00:45|-0.06|0.15|0.9936|
|=|         13|         16|        254|     32610291.00|        216|00:00:21|-0.06|0.12|0.9982|
|=|         14|         16|        254|     32618744.86|        227|00:00:20|-0.07|0.08|1.0088|
|=|         10|         16|        179|     32584539.88|        238|00:00:21|-0.04|0.09|0.9765|
|=|          8|         16|        179|     32569477.67|        249|00:00:21|+0.00|0.11|0.9298|
|=|          3|         16|        280|     32550872.60|        260|00:00:20|-0.02|0.08|0.9599|
|=|         15|         16|        280|     32555267.64|        271|00:00:20|-0.01|0.08|0.9338|
|=|          5|         16|        280|     32559964.17|        282|00:00:21|-0.01|0.08|0.9346|
|=|          6|         16|        280|     32532292.00|        293|00:00:20|-0.00|0.08|0.9258|
|=|          7|         16|        215|     32529254.29|        304|00:00:20|-0.01|0.06|0.9364|
|=|          2|         16|        215|     32564887.93|        315|00:00:21|-0.02|0.05|0.9417|
|=|         11|         16|        215|     32582045.00|        326|00:00:21|-0.02|0.05|0.9413|
|=|         17|         16|        215|     32586726.12|        342|00:00:21|-0.02|0.04|0.9441|
+-+-----------+-----------+-----------+----------------+-----------+--------+-----+----+------+
Best-so-far configuration:         215    mean value:      32586726.12
Description of the best-so-far configuration:
    .ID. algorithm localsearch alpha beta  rho ants   q0 rasrank elitistants
215  215       acs           3  2.37 4.41 0.24   47 0.69      NA          NA
    nnls dlb .PARENT.
215   10   1      179

# 2026-01-17 10:30:05 -03: Elite configurations (first number is the configuration ID; listed from best to worst according to the sum of ranks):
    algorithm localsearch alpha beta  rho ants   q0 rasrank elitistants nnls
215       acs           3  2.37 4.41 0.24   47 0.69      NA          NA   10
179       acs           3  2.23 3.72 0.29   44 0.76      NA          NA    8
280       acs           3  2.44 5.16 0.10   40 0.75      NA          NA   10
224       acs           3  3.12 4.31 0.10   45 0.26      NA          NA   10
231       acs           3  3.41 0.33 0.07   33 0.55      NA          NA   14
    dlb
215   1
179   1
280   1
224   1
231   1
# 2026-01-17 10:30:05 -03: Iteration 8 of 8
# experimentsUsed: 1798
# remainingBudget: 952
# currentBudget: 952
# nbConfigurations: 45
# Markers:
     x No test is performed.
     c Configurations are discarded only due to capping.
     - The test is performed and some configurations are discarded.
     = The test is performed but no configuration is discarded.
     ! The test is performed and configurations could be discarded but elite configurations are preserved.
     . All alive configurations are elite and nothing is discarded.

+-+-----------+-----------+-----------+----------------+-----------+--------+-----+----+------+
| |   Instance|      Alive|       Best|       Mean best| Exp so far|  W time|  rho|KenW|  Qvar|
+-+-----------+-----------+-----------+----------------+-----------+--------+-----+----+------+
|x|         18|         45|        215|     32741730.00|         45|00:00:52|   NA|  NA|    NA|
|x|         15|         45|        215|     32651174.00|         85|00:00:42|+0.39|0.70|0.5088|
|x|          9|         45|        320|     32658051.33|        125|00:00:42|+0.44|0.63|0.4871|
|x|          5|         45|        215|     32627176.75|        165|00:00:46|+0.44|0.58|0.4820|
|-|         11|         19|        215|     32669621.60|        205|00:00:44|-0.12|0.10|1.0219|
|=|          3|         19|        320|     32648145.17|        219|00:00:21|-0.09|0.09|1.0145|
|=|          8|         19|        215|     32612737.14|        233|00:00:21|-0.03|0.12|0.9634|
|=|         13|         19|        215|     32598642.88|        247|00:00:21|-0.02|0.10|0.9660|
|=|          1|         19|        320|     32601460.00|        261|00:00:21|-0.03|0.09|0.9622|
|=|         12|         19|        314|     32609717.50|        275|00:00:21|-0.01|0.09|0.9425|
|=|          2|         19|        320|     32650754.82|        289|00:00:21|+0.01|0.10|0.9223|
|=|          6|         19|        320|     32619195.08|        303|00:00:21|-0.00|0.08|0.9427|
|=|         10|         19|        215|     32589921.62|        317|00:00:21|+0.01|0.08|0.9258|
|=|         14|         19|        320|     32592615.57|        331|00:00:21|+0.02|0.09|0.9193|
|=|          4|         19|        215|     32592425.80|        345|00:00:21|+0.02|0.09|0.9241|
|=|         17|         19|        215|     32596750.69|        359|00:00:21|+0.01|0.07|0.9267|
|=|         16|         19|        215|     32601391.35|        373|00:00:21|+0.01|0.06|0.9319|
|=|          7|         19|        215|     32595337.44|        387|00:00:20|+0.02|0.07|0.9219|
|=|         19|         19|        320|     32610702.74|        406|00:00:21|+0.01|0.06|0.9270|
+-+-----------+-----------+-----------+----------------+-----------+--------+-----+----+------+
Best-so-far configuration:         320    mean value:      32610702.74
Description of the best-so-far configuration:
    .ID. algorithm localsearch alpha beta  rho ants   q0 rasrank elitistants
320  320       acs           3  2.66 4.94 0.12   42 0.74      NA          NA
    nnls dlb .PARENT.
320   10   1      280

# 2026-01-17 10:38:49 -03: Elite configurations (first number is the configuration ID; listed from best to worst according to the sum of ranks):
    algorithm localsearch alpha beta  rho ants   q0 rasrank elitistants nnls
320       acs           3  2.66 4.94 0.12   42 0.74      NA          NA   10
215       acs           3  2.37 4.41 0.24   47 0.69      NA          NA   10
314       acs           3  2.37 5.43 0.07   34 0.77      NA          NA   10
326       acs           3  2.00 3.21 0.34   47 0.83      NA          NA    8
280       acs           3  2.44 5.16 0.10   40 0.75      NA          NA   10
    dlb
320   1
215   1
314   1
326   1
280   1
# 2026-01-17 10:38:49 -03: There is not enough budget to enforce the value of nbConfigurations, returning to default behaviour nbConfigurations:32.
# Iteration: 9
# nbIterations: 9
# experimentsUsed: 2204
# timeUsed: 0
# remainingBudget: 546
# currentBudget: 546
# number of elites: 5
# nbConfigurations: 32
# 2026-01-17 10:38:49 -03: Iteration 9 of 9
# experimentsUsed: 2204
# remainingBudget: 546
# currentBudget: 546
# nbConfigurations: 32
# Markers:
     x No test is performed.
     c Configurations are discarded only due to capping.
     - The test is performed and some configurations are discarded.
     = The test is performed but no configuration is discarded.
     ! The test is performed and configurations could be discarded but elite configurations are preserved.
     . All alive configurations are elite and nothing is discarded.

+-+-----------+-----------+-----------+----------------+-----------+--------+-----+----+------+
| |   Instance|      Alive|       Best|       Mean best| Exp so far|  W time|  rho|KenW|  Qvar|
+-+-----------+-----------+-----------+----------------+-----------+--------+-----+----+------+
|x|         20|         32|        320|     32811090.00|         32|00:00:42|   NA|  NA|    NA|
|x|         10|         32|        215|     32516688.50|         59|00:00:31|+0.55|0.77|0.1918|
|x|         17|         32|        215|     32565000.33|         86|00:00:31|+0.40|0.60|0.3301|
|x|          9|         32|        335|     32559805.00|        113|00:00:31|+0.33|0.50|0.4464|
|-|          2|         18|        335|     32650815.80|        140|00:00:31|-0.01|0.19|0.9406|
|=|          4|         18|        335|     32642995.67|        153|00:00:20|-0.00|0.16|0.9289|
|=|         15|         18|        335|     32635531.43|        166|00:00:20|+0.03|0.17|0.8927|
|=|          5|         18|        215|     32641065.38|        179|00:00:21|+0.04|0.16|0.9018|
|=|          7|         18|        326|     32622985.56|        192|00:00:21|+0.07|0.17|0.8792|
|=|         16|         18|        326|     32618171.70|        205|00:00:20|+0.06|0.15|0.8880|
|=|          8|         18|        326|     32602724.45|        218|00:00:21|+0.05|0.14|0.8957|
|=|         11|         18|        326|     32623914.83|        231|00:00:21|+0.03|0.11|0.9089|
|=|         12|         18|        326|     32634524.62|        244|00:00:21|+0.05|0.12|0.8922|
|-|         18|         11|        215|     32645724.79|        257|00:00:21|-0.01|0.07|0.9109|
|=|          3|         11|        320|     32636907.60|        263|00:00:10|-0.02|0.05|0.9225|
|=|          6|         11|        320|     32614103.25|        269|00:00:10|-0.02|0.04|0.9236|
|=|         13|         11|        320|     32607269.24|        275|00:00:10|-0.01|0.05|0.9175|
|=|          1|         11|        320|     32605705.50|        281|00:00:10|-0.02|0.04|0.9189|
|=|         14|         11|        320|     32605388.84|        287|00:00:10|-0.01|0.04|0.9229|
|=|         19|         11|        320|     32620722.10|        293|00:00:10|-0.02|0.03|0.9226|
|=|         21|         11|        320|     32630824.52|        304|00:00:20|-0.03|0.02|0.9343|
+-+-----------+-----------+-----------+----------------+-----------+--------+-----+----+------+
Best-so-far configuration:         320    mean value:      32630824.52
Description of the best-so-far configuration:
    .ID. algorithm localsearch alpha beta  rho ants   q0 rasrank elitistants
320  320       acs           3  2.66 4.94 0.12   42 0.74      NA          NA
    nnls dlb .PARENT.
320   10   1      280

# 2026-01-17 10:46:11 -03: Elite configurations (first number is the configuration ID; listed from best to worst according to the sum of ranks):
    algorithm localsearch alpha beta  rho ants   q0 rasrank elitistants nnls
320       acs           3  2.66 4.94 0.12   42 0.74      NA          NA   10
215       acs           3  2.37 4.41 0.24   47 0.69      NA          NA   10
335       acs           3  2.47 4.68 0.22   48 0.74      NA          NA   10
326       acs           3  2.00 3.21 0.34   47 0.83      NA          NA    8
345       acs           3  2.46 5.59 0.08   33 0.79      NA          NA    9
    dlb
320   1
215   1
335   1
326   1
345   1
# 2026-01-17 10:46:11 -03: There is not enough budget to enforce the value of nbConfigurations, returning to default behaviour nbConfigurations:15.
# Iteration: 10
# nbIterations: 10
# experimentsUsed: 2508
# timeUsed: 0
# remainingBudget: 242
# currentBudget: 242
# number of elites: 5
# nbConfigurations: 15
# 2026-01-17 10:46:11 -03: Iteration 10 of 10
# experimentsUsed: 2508
# remainingBudget: 242
# currentBudget: 242
# nbConfigurations: 15
# Markers:
     x No test is performed.
     c Configurations are discarded only due to capping.
     - The test is performed and some configurations are discarded.
     = The test is performed but no configuration is discarded.
     ! The test is performed and configurations could be discarded but elite configurations are preserved.
     . All alive configurations are elite and nothing is discarded.

+-+-----------+-----------+-----------+----------------+-----------+--------+-----+----+------+
| |   Instance|      Alive|       Best|       Mean best| Exp so far|  W time|  rho|KenW|  Qvar|
+-+-----------+-----------+-----------+----------------+-----------+--------+-----+----+------+
|x|         22|         15|        335|     32809549.00|         15|00:00:21|   NA|  NA|    NA|
|x|          5|         15|        354|     32688475.50|         25|00:00:10|+0.41|0.70|0.5656|
|x|          1|         15|        354|     32666066.67|         35|00:00:10|+0.06|0.37|0.6909|
|x|          3|         15|        362|     32624446.00|         45|00:00:10|+0.02|0.26|0.7955|
|=|          8|         15|        362|     32563989.20|         55|00:00:10|+0.07|0.26|0.7488|
|=|          6|         15|        362|     32514402.00|         65|00:00:10|+0.02|0.19|0.8132|
|=|         11|         15|        362|     32550002.43|         75|00:00:10|+0.04|0.18|0.8174|
|=|          4|         15|        362|     32561533.38|         85|00:00:10|+0.05|0.17|0.7842|
|=|          9|         15|        362|     32573023.00|         95|00:00:10|+0.07|0.17|0.7860|
|-|         20|         13|        362|     32590834.00|        105|00:00:10|-0.08|0.03|0.9777|
|=|         12|         13|        362|     32613646.36|        113|00:00:10|-0.07|0.02|0.9793|
|=|         10|         13|        362|     32585253.08|        121|00:00:10|-0.07|0.02|0.9734|
|=|         18|         13|        335|     32611019.23|        129|00:00:10|-0.05|0.03|0.9611|
|=|         13|         13|        215|     32595398.43|        137|00:00:10|-0.05|0.03|0.9564|
|=|         21|         13|        362|     32605605.20|        145|00:00:10|-0.05|0.02|0.9568|
|=|         17|         13|        362|     32609195.50|        153|00:00:10|-0.04|0.03|0.9418|
|=|         19|         13|        354|     32628859.18|        161|00:00:10|-0.03|0.03|0.9387|
|=|         15|         13|        354|     32624663.22|        169|00:00:10|-0.03|0.03|0.9380|
|=|         14|         13|        354|     32627223.89|        177|00:00:10|-0.03|0.03|0.9368|
|=|          2|         13|        354|     32649804.20|        185|00:00:10|-0.02|0.03|0.9354|
|=|          7|         13|        354|     32641742.62|        193|00:00:10|-0.02|0.02|0.9370|
|=|         16|         13|        326|     32643278.86|        201|00:00:10|-0.02|0.03|0.9341|
|=|         23|         13|        320|     32645027.13|        214|00:00:21|-0.02|0.03|0.9360|
+-+-----------+-----------+-----------+----------------+-----------+--------+-----+----+------+
Best-so-far configuration:         320    mean value:      32645027.13
Description of the best-so-far configuration:
    .ID. algorithm localsearch alpha beta  rho ants   q0 rasrank elitistants
320  320       acs           3  2.66 4.94 0.12   42 0.74      NA          NA
    nnls dlb .PARENT.
320   10   1      280

# 2026-01-17 10:50:36 -03: Elite configurations (first number is the configuration ID; listed from best to worst according to the sum of ranks):
    algorithm localsearch alpha beta  rho ants   q0 rasrank elitistants nnls
320       acs           3  2.66 4.94 0.12   42 0.74      NA          NA   10
354       acs           3  2.86 4.78 0.12   42 0.76      NA          NA   11
326       acs           3  2.00 3.21 0.34   47 0.83      NA          NA    8
345       acs           3  2.46 5.59 0.08   33 0.79      NA          NA    9
362       acs           3  2.56 4.76 0.18   46 0.71      NA          NA   10
    dlb
320   1
354   1
326   1
345   1
362   1
# 2026-01-17 10:50:36 -03: There is not enough budget to enforce the value of nbConfigurations, returning to default behaviour nbConfigurations:6.
# Iteration: 11
# nbIterations: 11
# experimentsUsed: 2722
# timeUsed: 0
# remainingBudget: 28
# currentBudget: 28
# number of elites: 5
# nbConfigurations: 6
# 2026-01-17 10:50:36 -03: Iteration 11 of 11
# experimentsUsed: 2722
# remainingBudget: 28
# currentBudget: 28
# nbConfigurations: 6
# Markers:
     x No test is performed.
     c Configurations are discarded only due to capping.
     - The test is performed and some configurations are discarded.
     = The test is performed but no configuration is discarded.
     ! The test is performed and configurations could be discarded but elite configurations are preserved.
     . All alive configurations are elite and nothing is discarded.

+-+-----------+-----------+-----------+----------------+-----------+--------+-----+----+------+
| |   Instance|      Alive|       Best|       Mean best| Exp so far|  W time|  rho|KenW|  Qvar|
+-+-----------+-----------+-----------+----------------+-----------+--------+-----+----+------+
|x|         11|          6|        362|     32763605.00|          1|00:00:10|   NA|  NA|    NA|
|x|          6|          6|        345|     32506822.50|          2|00:00:10|+0.14|0.57|0.7527|
|x|          5|          6|        354|     32544181.67|          3|00:00:10|+0.16|0.44|0.6779|
|x|          8|          6|        362|     32481713.25|          4|00:00:10|+0.17|0.38|0.6189|
|=|         18|          6|        362|     32550923.80|          5|00:00:10|+0.14|0.31|0.6703|
|=|         12|          6|        354|     32601752.33|          6|00:00:10|+0.07|0.23|0.7878|
|=|         19|          6|        354|     32629769.86|          7|00:00:10|+0.10|0.23|0.7412|
|=|         16|          6|        354|     32633088.88|          8|00:00:10|-0.02|0.11|0.8491|
|=|         23|          6|        354|     32639105.78|          9|00:00:10|+0.00|0.11|0.8175|
|=|         20|          6|        354|     32664299.90|         10|00:00:10|-0.00|0.10|0.8181|
|=|         13|          6|        354|     32644416.36|         11|00:00:10|-0.01|0.08|0.8192|
|=|         14|          6|        354|     32646824.67|         12|00:00:10|-0.02|0.06|0.8354|
|=|          1|          6|        354|     32644857.31|         13|00:00:10|-0.01|0.07|0.8381|
|=|          7|          6|        354|     32633118.29|         14|00:00:10|-0.01|0.06|0.8418|
|=|          3|          6|        320|     32621498.07|         15|00:00:10|-0.02|0.05|0.8475|
|=|         15|          6|        320|     32617236.00|         16|00:00:10|-0.01|0.06|0.8370|
|=|          4|          6|        320|     32617498.82|         17|00:00:10|-0.01|0.05|0.8362|
|=|         10|          6|        320|     32598003.78|         18|00:00:10|-0.01|0.05|0.8437|
|=|          9|          6|        320|     32598328.37|         19|00:00:10|-0.00|0.05|0.8369|
|=|          2|          6|        320|     32617332.20|         20|00:00:10|+0.00|0.05|0.8350|
|=|         21|          6|        320|     32627596.05|         21|00:00:10|-0.01|0.04|0.8471|
|=|         22|          6|        320|     32639546.45|         22|00:00:10|-0.01|0.04|0.8459|
|=|         17|          6|        320|     32645027.13|         23|00:00:10|-0.02|0.02|0.8530|
+-+-----------+-----------+-----------+----------------+-----------+--------+-----+----+------+
Best-so-far configuration:         320    mean value:      32645027.13
Description of the best-so-far configuration:
    .ID. algorithm localsearch alpha beta  rho ants   q0 rasrank elitistants
320  320       acs           3  2.66 4.94 0.12   42 0.74      NA          NA
    nnls dlb .PARENT.
320   10   1      280

# 2026-01-17 10:54:37 -03: Elite configurations (first number is the configuration ID; listed from best to worst according to the sum of ranks):
    algorithm localsearch alpha beta  rho ants   q0 rasrank elitistants nnls
320       acs           3  2.66 4.94 0.12   42 0.74      NA          NA   10
354       acs           3  2.86 4.78 0.12   42 0.76      NA          NA   11
326       acs           3  2.00 3.21 0.34   47 0.83      NA          NA    8
362       acs           3  2.56 4.76 0.18   46 0.71      NA          NA   10
345       acs           3  2.46 5.59 0.08   33 0.79      NA          NA    9
    dlb
320   1
354   1
326   1
362   1
345   1
# 2026-01-17 10:54:37 -03: There is not enough budget to enforce the value of nbConfigurations, returning to default behaviour nbConfigurations:5.
# Iteration: 12
# nbIterations: 12
# experimentsUsed: 2745
# timeUsed: 0
# remainingBudget: 5
# currentBudget: 5
# number of elites: 5
# nbConfigurations: 5
# 2026-01-17 10:54:37 -03: Stopped because there is not enough budget left to race more than the minimum (5).
# You may either increase the budget or set 'minNbSurvival' to a lower value.
# Iteration: 12
# nbIterations: 12
# experimentsUsed: 2745
# timeUsed: 0
# remainingBudget: 5
# currentBudget: 5
# number of elites: 5
# nbConfigurations: 5
# Total CPU user time: 50033.65, CPU sys time: 256.201, Wall-clock time: 7527.278
# 2026-01-17 10:54:37 -03: Starting post-selection:
# Configurations selected: 320, 354, 326, 362, 345.
# Pending instances: 0, 0, 0, 0, 0.
# 2026-01-17 10:54:37 -03: seed: 300017
# Configurations: 5
# Available experiments: 5
# minSurvival: 1
# Markers:
     x No test is performed.
     c Configurations are discarded only due to capping.
     - The test is performed and some configurations are discarded.
     = The test is performed but no configuration is discarded.
     ! The test is performed and configurations could be discarded but elite configurations are preserved.
     . All alive configurations are elite and nothing is discarded.

+-+-----------+-----------+-----------+----------------+-----------+--------+-----+----+------+
| |   Instance|      Alive|       Best|       Mean best| Exp so far|  W time|  rho|KenW|  Qvar|
+-+-----------+-----------+-----------+----------------+-----------+--------+-----+----+------+
|.|         22|          5|        354|     32814536.00|          0|00:00:00|   NA|  NA|    NA|
|.|         12|          5|        354|     32774205.00|          0|00:00:00|+0.30|0.65|0.8050|
|.|          4|          5|        354|     32737979.67|          0|00:00:00|-0.20|0.20|0.9055|
|.|         10|          5|        354|     32620109.75|          0|00:00:00|+0.12|0.34|0.6592|
|.|          7|          5|        354|     32592190.00|          0|00:00:00|+0.20|0.36|0.6114|
|.|          1|          5|        354|     32597033.17|          0|00:00:00|-0.02|0.15|0.7737|
|.|         11|          5|        354|     32628653.86|          0|00:00:00|-0.11|0.04|0.8781|
|.|          3|          5|        354|     32617574.62|          0|00:00:00|-0.11|0.03|0.8559|
|.|         19|          5|        354|     32637608.00|          0|00:00:00|-0.08|0.04|0.8674|
|.|         18|          5|        354|     32659061.60|          0|00:00:00|-0.08|0.03|0.8656|
|.|         16|          5|        354|     32658812.55|          0|00:00:00|-0.05|0.04|0.8363|
|.|          2|          5|        354|     32693814.00|          0|00:00:00|-0.03|0.05|0.8196|
|.|          5|          5|        354|     32683706.38|          0|00:00:00|-0.04|0.04|0.8395|
|.|         15|          5|        354|     32674393.93|          0|00:00:00|-0.01|0.06|0.8210|
|.|         13|          5|        354|     32659139.73|          0|00:00:00|-0.02|0.04|0.8228|
|.|         23|          5|        354|     32660896.06|          0|00:00:00|-0.02|0.05|0.8116|
|.|         14|          5|        354|     32661626.65|          0|00:00:00|-0.02|0.04|0.8059|
|.|          9|          5|        354|     32658708.17|          0|00:00:00|-0.01|0.05|0.7958|
|.|          8|          5|        354|     32644668.32|          0|00:00:00|-0.02|0.03|0.8114|
|.|         20|          5|        354|     32656987.25|          0|00:00:00|-0.02|0.03|0.8175|
|.|         21|          5|        354|     32660475.14|          0|00:00:00|-0.03|0.02|0.8269|
|.|         17|          5|        354|     32662200.27|          0|00:00:00|-0.04|0.01|0.8320|
|.|          6|          5|        354|     32644354.70|          0|00:00:00|-0.04|0.01|0.8320|
|=|         24|          5|        320|     32631711.25|          5|00:00:10|-0.04|0.01|0.8300|
+-+-----------+-----------+-----------+----------------+-----------+--------+-----+----+------+
Best-so-far configuration:         320    mean value:      32631711.25
Description of the best-so-far configuration:
    .ID. algorithm localsearch alpha beta  rho ants   q0 rasrank elitistants
320  320       acs           3  2.66 4.94 0.12   42 0.74      NA          NA
    nnls dlb .PARENT.
320   10   1      280

# 2026-01-17 10:54:48 -03: Elite configurations (first number is the configuration ID; listed from best to worst according to the sum of ranks):
    algorithm localsearch alpha beta  rho ants   q0 rasrank elitistants nnls
320       acs           3  2.66 4.94 0.12   42 0.74      NA          NA   10
354       acs           3  2.86 4.78 0.12   42 0.76      NA          NA   11
362       acs           3  2.56 4.76 0.18   46 0.71      NA          NA   10
326       acs           3  2.00 3.21 0.34   47 0.83      NA          NA    8
345       acs           3  2.46 5.59 0.08   33 0.79      NA          NA    9
    dlb
320   1
354   1
362   1
326   1
345   1
# Total CPU user time: 50085.5, CPU sys time: 256.693, Wall-clock time: 7537.85
    .ID. algorithm localsearch alpha beta  rho ants   q0 rasrank elitistants
320  320       acs           3  2.66 4.94 0.12   42 0.74      NA          NA
354  354       acs           3  2.86 4.78 0.12   42 0.76      NA          NA
362  362       acs           3  2.56 4.76 0.18   46 0.71      NA          NA
326  326       acs           3  2.00 3.21 0.34   47 0.83      NA          NA
345  345       acs           3  2.46 5.59 0.08   33 0.79      NA          NA
    nnls dlb .PARENT. .RANK.   .WEIGHT.
320   10   1      280     69 0.33333333
354   11   1      320     69 0.26666667
362   10   1      215     72 0.20000000
326    8   1      179     75 0.13333333
345    9   1      314     75 0.06666667
