#------------------------------------------------------------------------------
# irace: An implementation in R of (Elitist) Iterated Racing
# Version: 4.2.0.9000.4117289
# Copyright (C) 2010-2025
# Manuel Lopez-Ibanez     <manuel.lopez-ibanez@manchester.ac.uk>
# Jeremie Dubois-Lacoste
# Leslie Perez Caceres    <leslie.perez.caceres@ulb.ac.be>
#
# This is free software, and you are welcome to redistribute it under certain
# conditions.  See the GNU General Public License for details. There is NO
# WARRANTY; not even for MERCHANTABILITY or FITNESS FOR A PARTICULAR PURPOSE.
#
# irace builds upon previous code from the race package:
#     race: Racing methods for the selection of the best
#     Copyright (C) 2003 Mauro Birattari
#------------------------------------------------------------------------------
# installed at: /home/pestobar/R/x86_64-redhat-linux-gnu-library/4.5/irace
# called with: --only-test configurations.txt --scenario scenario.txt
# 2026-01-31 00:13:22 -03: Checking scenario.
# 2026-01-31 00:13:22 -03: Reading parameter file '/home/pestobar/Activities/irace-executions/PSO-X/Scenarios/Best_Elites/Runs/Best_Elites_seed_600083/parameters.txt'.
# 2026-01-31 00:13:22 -03: 2 expression(s) specifying forbidden configurations read.
## irace scenario:
scenarioFile = "/home/pestobar/Activities/irace-executions/PSO-X/Scenarios/Best_Elites/Runs/Best_Elites_seed_600083/scenario.txt"
execDir = "/home/pestobar/Activities/irace-executions/PSO-X/Scenarios/Best_Elites/Runs/Best_Elites_seed_600083/Results"
parameterFile = "/home/pestobar/Activities/irace-executions/PSO-X/Scenarios/Best_Elites/Runs/Best_Elites_seed_600083/parameters.txt"
parameters = <environment>
initConfigurations = NULL
configurationsFile = ""
logFile = "/home/pestobar/Activities/irace-executions/PSO-X/Scenarios/Best_Elites/Runs/Best_Elites_seed_600083/Results/irace.Rdata"
recoveryFile = ""
instances = c("--competition 3 --problem 0 --dimensions 30", "--competition 3 --problem 1 --dimensions 30", "--competition 3 --problem 2 --dimensions 30", "--competition 3 --problem 3 --dimensions 30", "--competition 3 --problem 4 --dimensions 30", "--competition 3 --problem 5 --dimensions 30", "--competition 3 --problem 6 --dimensions 30", "--competition 3 --problem 7 --dimensions 30", "--competition 3 --problem 8 --dimensions 30", "--competition 3 --problem 9 --dimensions 30", "--competition 3 --problem 10 --dimensions 30", "--competition 3 --problem 11 --dimensions 30", "--competition 3 --problem 12 --dimensions 30", "--competition 3 --problem 13 --dimensions 30", "--competition 3 --problem 14 --dimensions 30", "--competition 3 --problem 15 --dimensions 30", "--competition 3 --problem 16 --dimensions 30", "--competition 3 --problem 17 --dimensions 30", "--competition 3 --problem 18 --dimensions 30", "--competition 3 --problem 19 --dimensions 30", "--competition 3 --problem 20 --dimensions 30", "--competition 3 --problem 21 --dimensions 30", "--competition 3 --problem 22 --dimensions 30", "--competition 3 --problem 23 --dimensions 30", "--competition 3 --problem 24 --dimensions 30", "--competition 3 --problem 25 --dimensions 30", "--competition 3 --problem 26 --dimensions 30", "--competition 3 --problem 27 --dimensions 30", "--competition 3 --problem 28 --dimensions 30", "--competition 3 --problem 29 --dimensions 30", "--competition 3 --problem 30 --dimensions 30", "--competition 3 --problem 31 --dimensions 30", "--competition 3 --problem 32 --dimensions 30", "--competition 3 --problem 33 --dimensions 30", "--competition 3 --problem 34 --dimensions 30", "--competition 3 --problem 35 --dimensions 30", "--competition 3 --problem 36 --dimensions 30", "--competition 3 --problem 37 --dimensions 30", "--competition 3 --problem 38 --dimensions 30", "--competition 3 --problem 39 --dimensions 30", "--competition 3 --problem 40 --dimensions 30", "--competition 3 --problem 41 --dimensions 30", "--competition 3 --problem 42 --dimensions 30", "--competition 3 --problem 43 --dimensions 30", "--competition 3 --problem 44 --dimensions 30", "--competition 3 --problem 45 --dimensions 30", "--competition 3 --problem 46 --dimensions 30", "--competition 3 --problem 47 --dimensions 30", "--competition 3 --problem 48 --dimensions 30", "--competition 3 --problem 49 --dimensions 30")
trainInstancesDir = ""
trainInstancesFile = "/home/pestobar/Activities/irace-executions/PSO-X/Instances/train_MIXTURE.txt"
sampleInstances = TRUE
testInstancesDir = ""
testInstancesFile = "/home/pestobar/Activities/irace-executions/PSO-X/TestingInstances/test_MIXTURE.txt"
testInstances = c("1t" = "--competition 3 --problem 0 --dimensions 50", "2t" = "--competition 3 --problem 1 --dimensions 50", "3t" = "--competition 3 --problem 2 --dimensions 50", "4t" = "--competition 3 --problem 3 --dimensions 50", "5t" = "--competition 3 --problem 4 --dimensions 50", "6t" = "--competition 3 --problem 5 --dimensions 50", "7t" = "--competition 3 --problem 6 --dimensions 50", "8t" = "--competition 3 --problem 7 --dimensions 50", "9t" = "--competition 3 --problem 8 --dimensions 50", "10t" = "--competition 3 --problem 9 --dimensions 50", "11t" = "--competition 3 --problem 10 --dimensions 50", "12t" = "--competition 3 --problem 11 --dimensions 50", "13t" = "--competition 3 --problem 12 --dimensions 50", "14t" = "--competition 3 --problem 13 --dimensions 50", "15t" = "--competition 3 --problem 14 --dimensions 50", "16t" = "--competition 3 --problem 15 --dimensions 50", "17t" = "--competition 3 --problem 16 --dimensions 50", "18t" = "--competition 3 --problem 17 --dimensions 50", "19t" = "--competition 3 --problem 18 --dimensions 50", "20t" = "--competition 3 --problem 19 --dimensions 50", "21t" = "--competition 3 --problem 20 --dimensions 50", "22t" = "--competition 3 --problem 21 --dimensions 50", "23t" = "--competition 3 --problem 22 --dimensions 50", "24t" = "--competition 3 --problem 23 --dimensions 50", "25t" = "--competition 3 --problem 24 --dimensions 50", "26t" = "--competition 3 --problem 25 --dimensions 50", "27t" = "--competition 3 --problem 26 --dimensions 50", "28t" = "--competition 3 --problem 27 --dimensions 50", "29t" = "--competition 3 --problem 28 --dimensions 50", "30t" = "--competition 3 --problem 29 --dimensions 50", "31t" = "--competition 3 --problem 30 --dimensions 50", "32t" = "--competition 3 --problem 31 --dimensions 50", "33t" = "--competition 3 --problem 32 --dimensions 50", "34t" = "--competition 3 --problem 33 --dimensions 50", "35t" = "--competition 3 --problem 34 --dimensions 50", "36t" = "--competition 3 --problem 35 --dimensions 50", "37t" = "--competition 3 --problem 36 --dimensions 50", "38t" = "--competition 3 --problem 37 --dimensions 50", "39t" = "--competition 3 --problem 38 --dimensions 50", "40t" = "--competition 3 --problem 39 --dimensions 50", "41t" = "--competition 3 --problem 40 --dimensions 50", "42t" = "--competition 3 --problem 41 --dimensions 50", "43t" = "--competition 3 --problem 42 --dimensions 50", "44t" = "--competition 3 --problem 43 --dimensions 50", "45t" = "--competition 3 --problem 44 --dimensions 50", "46t" = "--competition 3 --problem 45 --dimensions 50", "47t" = "--competition 3 --problem 46 --dimensions 50", "48t" = "--competition 3 --problem 47 --dimensions 50", "49t" = "--competition 3 --problem 48 --dimensions 50", "50t" = "--competition 3 --problem 49 --dimensions 50")
testNbElites = 1L
testIterationElites = FALSE
testType = "friedman"
firstTest = 5L
blockSize = 1L
eachTest = 1L
targetRunner = "/home/pestobar/Activities/irace-executions/PSO-X/Scenarios/Best_Elites/Runs/Best_Elites_seed_600083/target-runner"
targetRunnerLauncher = ""
targetCmdline = "{configurationID} {instanceID} {seed} {instance} {bound} {targetRunnerArgs}"
targetRunnerRetries = 0L
targetRunnerTimeout = 0L
targetRunnerData = ""
targetRunnerParallel = NULL
targetEvaluator = NULL
deterministic = FALSE
maxExperiments = 5500L
minExperiments = NA_character_
maxTime = 0L
budgetEstimation = 0.05
minMeasurableTime = 0.01
parallel = 10L
loadBalancing = TRUE
mpi = FALSE
batchmode = "0"
quiet = FALSE
debugLevel = 0L
seed = 600083L
softRestart = TRUE
softRestartThreshold = 1e-04
elitist = TRUE
elitistNewInstances = 1L
elitistLimit = 2L
repairConfiguration = NULL
capping = FALSE
cappingAfterFirstTest = FALSE
cappingType = "median"
boundType = "candidate"
boundMax = NULL
boundDigits = 0L
boundPar = 1L
boundAsTimeout = TRUE
postselection = TRUE
aclib = FALSE
nbIterations = 0L
nbExperimentsPerIteration = 0L
minNbSurvival = 0L
nbConfigurations = 0L
mu = 5L
confidence = 0.95
## end of irace scenario
# 2026-01-31 00:13:22 -03: Read 80 configuration(s) from file 'configurations.txt'
# 2026-01-31 00:13:22 -03: Testing configurations (in the order given as input): 
   particles topology modInfluence branching tSchedule phi1 phi2 inertia
1         21        4            0        NA        NA 1.89 2.36    0.38
2        134        4            0        NA        NA 2.09 2.30    0.53
3          9        1            0        NA        NA 1.54 2.48    0.26
4        142        4            0        NA        NA 1.27 2.48    0.50
5         67        4            0        NA        NA 1.58 2.49    0.41
6         66        1            1        NA        NA 2.05 1.48    0.59
7         90        4            0        NA        NA 1.94 2.40    0.65
8        162        4            2        NA        NA 0.44 2.37    0.81
9         85        4            0        NA        NA 2.15 2.28    0.55
10        45        4            0        NA        NA 1.79 2.42    0.50
11        82        4            0        NA        NA 1.24 2.44    0.35
12       106        4            0        NA        NA 1.91 2.36    0.46
13        77        4            0        NA        NA 1.28 2.47    0.42
14        57        4            0        NA        NA 0.59 2.22    0.56
15        20        0            1        NA        NA 2.46 2.08    0.31
16       108        4            0        NA        NA 2.14 2.28    0.67
17       142        4            0        NA        NA 2.03 2.45    0.37
18       101        4            0        NA        NA 2.28 2.16    0.50
19         6        5            0        NA         6 2.43 2.33    0.21
20        18        0            1        NA        NA 1.86 2.30    0.24
21       149        4            0        NA        NA 1.24 2.43    0.40
22       138        4            0        NA        NA 2.42 2.48    0.58
23        15        0            1        NA        NA 1.34 2.03    0.19
24       144        4            0        NA        NA 1.96 2.47    0.60
25       119        4            0        NA        NA 0.85 2.49    0.50
26        56        1            1        NA        NA 2.15 2.11    0.57
27        76        4            0        NA        NA 2.25 2.43    0.61
28        75        4            0        NA        NA 1.87 2.34    0.55
29       165        4            0        NA        NA 2.45 2.44    0.37
30        71        4            0        NA        NA 1.86 2.42    0.65
31        92        4            0        NA        NA 1.30 2.43    0.41
32        14        4            0        NA        NA 1.38 2.15    0.26
33        80        4            0        NA        NA 1.65 2.50    0.27
34        11        4            0        NA        NA 1.41 2.38    0.48
35        40        1            1        NA        NA 2.47 2.15    0.44
36       134        4            0        NA        NA 2.01 2.42    0.53
37       102        4            0        NA        NA 2.17 2.48    0.43
38       109        4            0        NA        NA 1.97 2.44    0.56
39       162        0            0        NA        NA 1.96 2.26    0.18
40        21        0            1        NA        NA 2.25 2.32    0.22
41        38        4            0        NA        NA 2.21 1.60    0.53
42       150        4            0        NA        NA 1.95 2.33    0.58
43         4        4            2        NA        NA 1.77 2.47    0.41
44       105        4            0        NA        NA 0.43 2.38    0.25
45        75        4            0        NA        NA 2.17 2.11    0.61
46       115        1            1        NA        NA 2.36 2.43    0.66
47       115        4            0        NA        NA 2.26 2.13    0.74
48        83        4            0        NA        NA 2.38 2.39    0.11
49        38        4            0        NA        NA 2.46 1.83    0.67
50        83        4            0        NA        NA 1.42 2.41    0.70
51        79        4            0        NA        NA 1.02 2.39    0.45
52        83        4            0        NA        NA 2.35 2.47    0.44
53        25        1            0        NA        NA 1.69 2.28    0.33
54        89        4            2        NA        NA 2.41 2.46    0.72
55        25        1            2        NA        NA 2.11 2.38    0.30
56       103        4            0        NA        NA 0.96 2.24    0.45
57        84        4            0        NA        NA 2.11 2.48    0.32
58       103        4            0        NA        NA 0.50 2.49    0.48
59        28        0            0        NA        NA 1.99 1.81    0.13
60        22        1            1        NA        NA 2.31 2.37    0.25
61        47        1            0        NA        NA 2.09 2.05    0.14
62        85        4            0        NA        NA 2.11 2.33    0.54
63       104        4            0        NA        NA 2.27 2.39    0.41
64        90        4            0        NA        NA 0.31 2.31    0.15
65       113        4            0        NA        NA 2.23 2.37    0.60
66        93        4            0        NA        NA 1.89 1.55    0.42
67        53        1            0        NA        NA 2.25 2.49    0.64
68       136        4            2        NA        NA 1.47 2.26    0.82
69        58        0            0        NA        NA 1.01 1.62    0.12
70        91        4            0        NA        NA 2.43 2.31    0.50
71        68        4            0        NA        NA 0.99 2.49    0.28
72        21        4            0        NA        NA 2.30 2.28    0.31
73       113        4            0        NA        NA 2.17 2.37    0.39
74       167        4            2        NA        NA 1.24 2.46    0.63
75       153        4            0        NA        NA 1.84 2.45    0.31
76        90        4            0        NA        NA 1.66 2.30    0.57
77        84        4            0        NA        NA 0.78 2.24    0.29
78       135        4            0        NA        NA 1.32 2.29    0.57
79        88        0            0        NA        NA 1.68 2.50    0.22
80       200        4            2        NA        NA 2.48 2.31    0.64
# 2026-01-31 02:53:59 -03: Testing results (column number is configuration ID in no particular order):
         seeds            1            2            3            4            5
1t  2074657581 9.345880e-01 1.585832e+00 7.650571e-01 1.593638e+00 9.361669e-01
2t  1456387437 2.445434e+06 1.490470e+07 4.141210e+06 1.840269e+07 6.609420e+06
3t  1507579506 1.321443e+06 2.819854e+06 1.256207e+06 2.440993e+06 1.653425e+06
4t  1073320427 9.103118e+04 1.197296e+05 4.180969e+04 9.069976e+04 1.108243e+05
5t  1041467261 1.449069e+01 2.326606e+01 9.467281e+00 2.496463e+01 3.312466e+01
6t   916279360 4.893154e+00 5.501113e+02 3.047798e+00 4.563114e+02 6.401903e+01
7t   872290680 7.074514e+03 4.780944e+03 3.157396e+03 4.760896e+03 7.734853e+03
8t  1299763889 5.675368e+00 6.560091e+00 5.162290e+00 6.238821e+00 5.686166e+00
9t  1215395368 3.227913e+02 2.764628e+02 3.494191e+02 2.790098e+02 2.990187e+02
10t 1516370382 2.633015e+01 3.053235e+01 2.375897e+01 3.047164e+01 2.714401e+01
11t 1609414207 2.949069e+02 2.426658e+02 3.373288e+02 2.544559e+02 2.677265e+02
12t  817213029 1.267113e+04 2.751869e+02 9.745750e+03 4.319024e+02 1.285333e+04
13t  394504277 1.967715e+01 1.674431e+00 1.991565e+01 1.641104e+00 1.419902e+00
14t  194642808 2.114998e+01 2.111600e+01 2.109684e+01 2.109364e+01 2.106272e+01
15t 1068026864 1.387842e+02 5.041911e+02 1.325833e+02 2.512816e+02 2.549300e+02
16t  783519145 4.710625e+01 5.012441e+01 4.812529e+01 4.917980e+01 9.981291e+01
17t  916695566 3.293933e-01 1.108713e+00 5.687473e-02 5.912348e-01 1.336018e+00
18t 1016235666 8.607605e-01 9.633779e-01 8.290901e-01 1.002458e+00 8.869121e-01
19t  853251101 6.145157e+02 4.284029e+02 6.914647e+02 4.475373e+02 5.209106e+02
20t 1783151096 3.280426e+02 2.941989e+02 4.752606e+02 2.438758e+02 3.533417e+02
21t 1154934707 2.900275e+04 2.745413e+04 2.929220e+04 2.791960e+04 2.833776e+04
22t  922264634 2.759248e+04 2.804621e+04 2.883400e+04 2.806910e+04 2.870112e+04
23t  101061235 5.928235e+01 4.237835e+01 6.756928e+01 4.019842e+01 5.017348e+01
24t  738733997 7.173284e-01 8.692429e-01 1.687112e+00 6.256414e-01 6.334330e-01
25t 1903675782 8.824512e-01 5.154777e-01 7.799975e-01 5.248713e-01 4.533046e-01
26t 1843069299 3.377485e-01 3.516371e-01 3.204034e-01 2.722119e-01 2.708598e-01
27t   41538201 1.454362e+02 7.818160e+01 1.012485e+02 5.742539e+01 9.581072e+01
28t 1042739811 2.131128e+02 2.213755e+02 2.455265e+02 2.504517e+02 2.233172e+02
29t  576799632 3.862730e+02 2.448649e+02 4.684469e+02 3.227225e+02 3.482970e+02
30t  787951192 1.794790e+01 1.194638e+01 1.545093e+01 1.231434e+01 1.011512e+01
31t  135678092 2.983433e+02 1.670643e+02 2.228464e+02 2.058654e+02 1.842886e+02
32t  272091422 3.628403e+02 3.051914e+02 6.114557e+02 3.362813e+02 3.867768e+02
33t 1234005713 1.155249e+02 1.076289e+02 1.606541e+02 1.026349e+02 1.258332e+02
34t 1803255487 3.659594e+01 2.554966e+01 3.101245e+01 2.700403e+01 2.364953e+01
35t 1486162031 1.292632e+04 1.253854e+04 1.355028e+04 1.246644e+04 1.287238e+04
36t  883404366 2.112804e+05 1.651551e+05 2.469375e+05 2.133051e+05 1.729233e+05
37t  720699229 6.071390e+01 6.147727e+01 5.408099e+01 6.026444e+01 5.309842e+01
38t  393183616 3.069000e+05 2.427175e+05 4.641694e+05 2.467931e+05 1.957075e+05
39t 1298609359 5.204059e+00 6.553082e+00 5.868052e+00 8.598906e+00 6.869712e+00
40t 1089176304 6.562653e+01 4.829040e+01 5.346874e+01 4.017231e+01 6.908814e+01
41t   96041393 4.473348e+02 4.494975e+02 7.594988e+02 4.503405e+02 4.483592e+02
42t  461914598 2.933223e+02 2.577887e+02 3.284026e+02 2.986063e+02 2.902176e+02
43t  655732192 5.236785e+02 3.518412e+02 4.830101e+02 3.260935e+02 3.992505e+02
44t 2070149260 9.397580e+02 9.308456e+02 9.247626e+02 9.284516e+02 9.302741e+02
45t 2105834148 9.380921e+02 9.394277e+02 9.340955e+02 9.240725e+02 9.392357e+02
46t 1185317627 9.351330e+02 9.333540e+02 9.329664e+02 9.300007e+02 9.350101e+02
47t  320923790 1.189993e+03 1.022006e+03 5.325933e+02 1.028098e+03 1.035785e+03
48t 1274669234 1.040900e+03 9.334742e+02 1.275184e+03 9.355929e+02 9.596839e+02
49t 2103786711 1.020738e+03 1.021291e+03 1.022818e+03 1.023051e+03 5.643382e+02
50t 1972957206 1.227200e+03 1.149363e+03 1.100629e+03 1.206359e+03 1.189456e+03
               6            7            8            9           10
1t  1.152643e+00 2.111610e+00 3.328495e+00 1.262156e+00 9.667622e-01
2t  6.057597e+06 1.834204e+07 7.213100e+06 1.296228e+07 6.377660e+06
3t  1.995711e+06 3.143097e+06 4.981789e+06 2.496345e+06 1.650122e+06
4t  1.309589e+05 1.112611e+05 1.254773e+05 1.143076e+05 1.154068e+05
5t  6.020537e+01 8.260427e+00 1.001731e+01 2.027398e+01 3.221262e+01
6t  1.331061e+02 1.739082e+02 2.151095e+02 8.672690e+01 2.796134e+01
7t  1.079516e+04 4.730620e+03 4.223113e+03 5.232585e+03 6.632091e+03
8t  6.256181e+00 8.042757e+00 9.939052e+00 6.480861e+00 6.112098e+00
9t  3.691165e+02 2.277685e+02 5.150576e+01 2.579109e+02 2.614837e+02
10t 3.022220e+01 3.297953e+01 3.766797e+01 3.064882e+01 2.917068e+01
11t 3.626837e+02 1.931436e+02 4.633840e+01 2.423044e+02 2.736536e+02
12t 3.020719e+04 2.908126e+02 4.779498e+03 2.146644e+02 1.144858e+04
13t 2.018364e+01 1.717500e+00 2.327282e+00 1.510993e+00 1.446767e+00
14t 2.109367e+01 2.104883e+01 2.117411e+01 2.114961e+01 2.104878e+01
15t 2.066905e+02 2.865441e+02 3.884008e+02 1.944551e+02 1.722655e+02
16t 4.926880e+01 4.832563e+01 4.918941e+01 4.625785e+01 4.848845e+01
17t 4.199805e+02 1.044362e-01 1.090913e-01 2.636824e-01 1.612603e-01
18t 9.145728e-01 1.025716e+00 1.048363e+00 9.652864e-01 9.225584e-01
19t 1.537390e+03 3.994420e+02 3.900392e+02 4.354451e+02 5.762452e+02
20t 6.737121e+02 2.497097e+02 2.162558e+02 2.294804e+02 3.687438e+02
21t 3.412511e+04 2.817083e+04 3.053074e+04 2.796850e+04 2.859869e+04
22t 3.536998e+04 2.827017e+04 3.104516e+04 2.848111e+04 2.845465e+04
23t 7.119134e+01 4.062838e+01 3.606506e+01 5.281575e+01 4.761530e+01
24t 2.916599e+00 6.487878e-01 2.974274e+00 5.118184e-01 4.349869e-01
25t 6.422645e-01 6.187091e-01 4.536759e-01 7.761670e-01 7.367401e-01
26t 2.585435e-01 3.261363e-01 2.956805e-01 2.717008e-01 2.758166e-01
27t 5.514234e+01 8.587331e+01 6.532993e+01 8.781286e+01 9.901508e+01
28t 1.732607e+02 2.841968e+02 3.478064e+02 2.556809e+02 2.691452e+02
29t 4.621194e+02 2.846678e+02 2.879171e+02 2.846877e+02 2.879148e+02
30t 1.669728e+01 1.280799e+01 1.563427e+01 1.062435e+01 1.674019e+01
31t 1.023935e+02 1.605901e+02 9.966454e+01 1.730774e+02 2.324954e+02
32t 3.821985e+02 4.385549e+02 3.142444e+02 5.586933e+02 7.963352e+02
33t 1.273807e+02 1.003272e+02 9.962027e+01 9.844834e+01 1.048105e+02
34t 2.736042e+01 2.681833e+01 3.480731e+01 2.530914e+01 2.354603e+01
35t 1.399960e+04 1.257096e+04 1.249772e+04 1.253644e+04 1.257943e+04
36t 1.422250e+05 2.318879e+05 4.304174e+05 1.800811e+05 2.197521e+05
37t 6.139806e+01 5.974397e+01 5.905167e+01 6.114506e+01 5.788231e+01
38t 1.399960e+05 3.632536e+05 1.443874e+05 2.116376e+05 2.763502e+05
39t 5.191366e+00 6.042730e+00 6.135395e+00 6.022328e+00 6.751818e+00
40t 7.444975e+02 2.320426e+01 2.401425e+01 5.026500e+01 5.939770e+01
41t 4.496553e+02 4.524030e+02 4.564192e+02 4.498347e+02 4.491914e+02
42t 3.312154e+02 2.844824e+02 2.624285e+02 2.929658e+02 3.485192e+02
43t 4.181845e+02 3.296130e+02 3.112050e+02 3.345561e+02 4.221006e+02
44t 9.474874e+02 9.208465e+02 9.325218e+02 9.224407e+02 9.447974e+02
45t 9.520479e+02 9.317626e+02 9.351508e+02 9.370615e+02 9.306708e+02
46t 9.411119e+02 9.307307e+02 9.293912e+02 9.434959e+02 9.253085e+02
47t 8.045905e+02 1.021972e+03 6.179122e+02 9.181690e+02 1.024555e+03
48t 1.135371e+03 9.603926e+02 9.544089e+02 9.195980e+02 9.923563e+02
49t 5.729978e+02 1.016153e+03 6.198825e+02 1.023440e+03 1.032635e+03
50t 1.301541e+03 1.013654e+03 1.184607e+03 1.146017e+03 1.078696e+03
              11           12           13           14           15
1t  1.045063e+00 1.080337e+00 1.305928e+00 2.099152e+00 6.186805e-01
2t  1.269925e+07 7.130133e+06 8.761574e+06 6.857930e+06 2.226829e+06
3t  1.818367e+06 2.197325e+06 2.008596e+06 3.052499e+06 8.636927e+05
4t  1.059241e+05 9.574027e+04 1.117180e+05 4.448129e+04 1.945697e+05
5t  4.089602e+01 3.964706e+01 4.709406e+01 1.412579e+01 4.152464e+01
6t  9.434041e+01 2.878378e+02 8.147258e+01 4.037493e+01 3.275185e+00
7t  5.951485e+03 5.371825e+03 4.372064e+03 4.932049e+03 3.942189e+04
8t  5.422653e+00 6.132265e+00 6.188335e+00 7.817168e+00 4.377103e+00
9t  2.892708e+02 2.795087e+02 2.855534e+02 2.523822e+02 3.456609e+02
10t 2.782763e+01 2.838446e+01 2.793587e+01 3.219552e+01 1.810771e+01
11t 2.836376e+02 2.813067e+02 2.806011e+02 2.748479e+02 4.083515e+02
12t 1.047818e+04 3.238620e+02 9.696420e+03 9.252008e+03 1.504166e+04
13t 1.987792e+01 1.503073e+00 1.466047e+00 1.916854e+00 1.988321e+01
14t 2.103959e+01 2.108105e+01 2.102018e+01 2.104254e+01 2.082364e+01
15t 1.873629e+02 4.102131e+02 1.689252e+02 2.852245e+02 1.094019e+02
16t 4.785216e+01 4.924802e+01 4.873097e+01 4.887243e+01 4.923571e+01
17t 1.605572e+00 1.075438e+00 7.817943e-01 2.781794e-01 1.417350e+02
18t 9.516646e-01 9.497519e-01 9.553237e-01 1.014015e+00 6.980885e-01
19t 4.715997e+02 4.983633e+02 4.439836e+02 3.734095e+02 5.518626e+03
20t 3.531738e+02 3.365558e+02 3.353939e+02 2.027522e+02 5.934552e+02
21t 2.771837e+04 2.760251e+04 2.779287e+04 2.766471e+04 3.704547e+04
22t 2.839074e+04 2.782979e+04 2.943829e+04 2.859643e+04 3.846048e+04
23t 5.499499e+01 4.549967e+01 5.476833e+01 4.444320e+01 7.892864e+01
24t 1.072470e+00 9.231147e-01 7.425824e-01 6.006935e-01 4.598593e+00
25t 5.433578e-01 7.057989e-01 5.231562e-01 6.018423e-01 6.076518e-01
26t 3.170275e-01 3.067773e-01 3.199570e-01 2.873298e-01 2.645707e-01
27t 9.377515e+01 8.792871e+01 9.640909e+01 8.010496e+01 5.780144e+01
28t 2.179556e+02 2.275169e+02 2.246722e+02 2.937263e+02 1.388304e+02
29t 2.984569e+02 3.286854e+02 3.070104e+02 2.188000e+02 4.261821e+02
30t 1.124708e+01 1.035881e+01 1.330210e+01 1.230807e+01 8.817548e+00
31t 1.965504e+02 1.675133e+02 1.933457e+02 2.103189e+02 1.202186e+02
32t 3.372957e+02 3.531846e+02 3.833244e+02 7.315683e+02 3.687747e+02
33t 1.016915e+02 1.134654e+02 1.058106e+02 1.005009e+02 1.512842e+02
34t 2.601099e+01 2.442385e+01 2.277480e+01 2.861659e+01 2.050943e+01
35t 1.307008e+04 1.261535e+04 1.262582e+04 1.247888e+04 1.773420e+04
36t 1.459440e+05 1.712494e+05 1.548648e+05 3.694960e+05 1.234520e+05
37t 5.923314e+01 5.820082e+01 5.449564e+01 5.745013e+01 5.427715e+01
38t 2.368536e+05 2.041058e+05 2.524610e+05 5.373918e+05 2.025370e+05
39t 5.378676e+00 6.610582e+00 7.126976e+00 5.786894e+00 5.606484e+00
40t 6.505228e+01 6.624782e+01 6.590619e+01 2.183944e+01 7.664646e+02
41t 4.489014e+02 4.492800e+02 4.478726e+02 4.516339e+02 9.598309e+02
42t 3.881635e+02 2.982134e+02 2.646000e+02 2.791662e+02 4.241367e+02
43t 3.997621e+02 3.500287e+02 3.199889e+02 3.308986e+02 5.425880e+02
44t 9.316045e+02 9.313576e+02 9.311501e+02 9.208818e+02 9.259497e+02
45t 9.323122e+02 9.301234e+02 9.348905e+02 9.351356e+02 9.252010e+02
46t 9.276874e+02 9.327826e+02 9.256087e+02 9.230840e+02 9.238097e+02
47t 1.030253e+03 1.042946e+03 5.444577e+02 1.022900e+03 1.251125e+03
48t 9.749797e+02 9.564485e+02 9.365114e+02 9.755577e+02 1.422794e+03
49t 5.591436e+02 1.022321e+03 1.020654e+03 1.031116e+03 1.232653e+03
50t 1.252031e+03 1.070832e+03 1.183569e+03 1.071367e+03 1.359079e+03
              16           17           18           19           20
1t  2.357872e+00 1.140466e+00 1.102520e+00 8.014054e-01 6.271264e-01
2t  1.988685e+07 1.589400e+07 1.783193e+07 3.638939e+06 2.413147e+06
3t  3.647235e+06 1.706672e+06 1.998951e+06 1.074879e+06 9.224991e+05
4t  1.198747e+05 1.106467e+05 9.722870e+04 4.726602e+04 1.696659e+05
5t  5.976490e+00 4.952542e+01 4.562607e+01 8.457430e+00 3.971947e+01
6t  4.789728e+02 4.792464e+02 2.506714e+02 2.355833e+00 3.377366e+00
7t  2.825234e+03 6.606840e+03 5.420938e+03 3.709558e+03 3.800372e+04
8t  7.872884e+00 5.398850e+00 6.136506e+00 4.896294e+00 4.181054e+00
9t  1.997313e+02 2.831028e+02 2.998972e+02 3.832131e+02 4.450681e+02
10t 3.256920e+01 2.636348e+01 2.852251e+01 2.484700e+01 1.849927e+01
11t 2.544693e+02 2.685988e+02 2.380915e+02 3.511644e+02 3.323023e+02
12t 1.743989e+02 3.863855e+02 3.615649e+02 2.017673e+02 1.357139e+04
13t 2.003175e+00 1.354439e+00 1.527879e+00 1.987625e+01 1.986607e+01
14t 2.106218e+01 2.103004e+01 2.111224e+01 2.109888e+01 2.064970e+01
15t 4.200078e+02 4.381192e+02 9.160283e+02 1.207165e+02 1.007675e+02
16t 4.856441e+01 4.929439e+01 4.900711e+01 4.910987e+01 4.924284e+01
17t 1.051409e+00 2.643127e+00 3.204581e-01 5.272720e-02 2.247861e+02
18t 1.023359e+00 9.594679e-01 9.246191e-01 7.605998e-01 6.437164e-01
19t 4.283069e+02 4.307448e+02 5.054213e+02 8.468571e+02 6.458419e+03
20t 2.766950e+02 3.206830e+02 2.863607e+02 6.682863e+02 6.024329e+02
21t 2.873608e+04 2.710736e+04 2.801329e+04 3.051251e+04 3.787832e+04
22t 2.895064e+04 2.838803e+04 2.816364e+04 2.962275e+04 3.923026e+04
23t 4.454565e+01 5.472528e+01 5.392840e+01 6.744020e+01 7.892864e+01
24t 7.008726e-01 8.039521e-01 4.647920e-01 6.083692e-01 4.977721e+00
25t 5.268768e-01 7.329371e-01 6.550806e-01 7.562874e-01 6.184997e-01
26t 3.528907e-01 3.030839e-01 3.103324e-01 8.121953e-01 2.787495e-01
27t 5.293319e+01 7.237366e+01 8.182740e+01 9.930046e+01 5.608513e+01
28t 3.979680e+02 2.541525e+02 2.382913e+02 2.168514e+02 1.100578e+02
29t 2.946998e+02 3.008851e+02 3.265530e+02 5.813632e+02 4.582363e+02
30t 1.377480e+01 1.048734e+01 1.025159e+01 2.981822e+01 1.048597e+01
31t 2.006085e+02 1.729890e+02 1.824554e+02 2.251420e+02 1.222025e+02
32t 3.005243e+02 3.251652e+02 3.686571e+02 7.968969e+02 4.090380e+02
33t 9.647360e+01 1.114387e+02 1.028354e+02 1.627237e+02 1.676007e+02
34t 2.870165e+01 2.323176e+01 2.511123e+01 3.257487e+01 2.301425e+01
35t 1.264541e+04 1.267835e+04 1.265487e+04 1.363107e+04 1.837137e+04
36t 2.974170e+05 1.866137e+05 1.734044e+05 1.896725e+05 1.132799e+05
37t 6.120873e+01 6.010953e+01 5.781184e+01 5.633940e+01 5.623268e+01
38t 1.594628e+05 2.323916e+05 1.878670e+05 2.818015e+05 2.558656e+05
39t 6.541264e+00 6.398617e+00 6.380637e+00 6.391762e+00 5.003455e+00
40t 2.498453e+01 4.937636e+01 5.466953e+01 6.795100e+01 6.773410e+02
41t 4.519984e+02 4.474684e+02 4.492447e+02 8.119676e+02 1.020864e+03
42t 2.975083e+02 3.031211e+02 3.151337e+02 4.269467e+02 5.200684e+02
43t 3.040919e+02 3.642155e+02 3.947485e+02 5.947370e+02 6.042651e+02
44t 9.221450e+02 9.406951e+02 9.341371e+02 1.091482e+03 9.250281e+02
45t 9.213014e+02 9.303625e+02 9.288222e+02 1.045994e+03 9.239200e+02
46t 9.247980e+02 9.365907e+02 9.320842e+02 9.436516e+02 9.229622e+02
47t 1.022503e+03 1.032629e+03 1.028718e+03 5.301694e+02 1.260521e+03
48t 9.264090e+02 9.774723e+02 9.568011e+02 1.469057e+03 1.447150e+03
49t 1.020364e+03 5.588921e+02 1.022194e+03 5.485659e+02 1.270485e+03
50t 9.294267e+02 1.236770e+03 1.239104e+03 1.287307e+03 1.376598e+03
              21           22           23           24           25
1t  1.393180e+00 1.618312e+00 5.815370e-01 1.912083e+00 1.626379e+00
2t  1.647603e+07 2.024751e+07 2.771905e+06 2.030032e+07 1.291222e+07
3t  2.289215e+06 2.802876e+06 9.592580e+05 2.496081e+06 3.141924e+06
4t  1.189500e+05 1.103104e+05 1.625302e+05 1.135061e+05 8.968577e+04
5t  2.214504e+01 1.061685e+01 3.890963e+01 6.206171e+00 1.992007e+01
6t  3.736266e+02 5.000990e+02 2.680318e+00 6.201835e+02 3.668951e+02
7t  4.688725e+03 3.790103e+03 1.906822e+04 3.021657e+03 5.198235e+03
8t  6.258169e+00 6.245521e+00 4.368238e+00 7.356790e+00 6.904925e+00
9t  2.645765e+02 2.471003e+02 4.494664e+02 2.501970e+02 2.737828e+02
10t 2.716010e+01 2.930133e+01 1.758071e+01 3.043770e+01 3.147122e+01
11t 2.546398e+02 2.346943e+02 3.254414e+02 2.507783e+02 2.569210e+02
12t 1.390080e+04 1.994578e+02 1.228068e+04 2.828375e+02 3.805911e+02
13t 1.475481e+00 1.706406e+00 1.983961e+01 1.873277e+00 1.902240e+00
14t 2.099148e+01 2.117339e+01 2.094841e+01 2.104674e+01 2.101512e+01
15t 1.084331e+03 2.686831e+02 1.006658e+02 2.164319e+02 1.872831e+02
16t 4.726762e+01 4.757230e+01 4.923789e+01 4.757396e+01 4.945011e+01
17t 1.084145e+00 9.626718e-01 2.773108e+02 5.442155e-01 1.826134e-01
18t 9.510751e-01 9.929507e-01 6.622601e-01 1.008031e+00 9.997919e-01
19t 5.070276e+02 4.265801e+02 5.586923e+03 3.813755e+02 3.568507e+02
20t 2.667538e+02 1.855278e+02 6.352161e+02 2.613953e+02 2.577723e+02
21t 2.832912e+04 2.756170e+04 3.751534e+04 2.748976e+04 2.788628e+04
22t 2.851196e+04 2.782305e+04 3.863704e+04 2.867921e+04 2.751895e+04
23t 5.116058e+01 4.007832e+01 7.892864e+01 4.885158e+01 4.984583e+01
24t 7.296456e-01 6.098276e-01 6.154548e+00 6.167424e-01 6.799389e-01
25t 5.242410e-01 5.750358e-01 6.172231e-01 5.089608e-01 4.482318e-01
26t 3.172766e-01 3.069092e-01 2.623197e-01 3.394549e-01 2.381361e-01
27t 8.593566e+01 6.397773e+01 4.517071e+01 5.680600e+01 8.946245e+01
28t 2.145979e+02 2.556732e+02 1.247439e+02 2.691057e+02 2.760182e+02
29t 3.143772e+02 2.793849e+02 4.673882e+02 2.681414e+02 2.517197e+02
30t 1.054997e+01 1.428986e+01 1.050932e+01 1.230951e+01 1.194724e+01
31t 1.605089e+02 1.655064e+02 1.327691e+02 1.660827e+02 2.013359e+02
32t 3.382265e+02 4.091623e+02 4.254507e+02 3.816914e+02 3.504161e+02
33t 1.060420e+02 8.614134e+01 1.496788e+02 1.027952e+02 7.962433e+01
34t 2.438530e+01 2.720499e+01 2.762945e+01 2.568015e+01 2.766698e+01
35t 1.264650e+04 1.260210e+04 1.726171e+04 1.258729e+04 1.242361e+04
36t 1.913540e+05 1.994415e+05 1.136267e+05 2.472236e+05 2.483730e+05
37t 5.805720e+01 6.243588e+01 5.722088e+01 6.053402e+01 5.893599e+01
38t 1.881788e+05 2.805342e+05 3.079230e+05 2.662190e+05 3.208594e+05
39t 5.536608e+00 6.458473e+00 4.969914e+00 7.430285e+00 5.247567e+00
40t 7.370209e+01 2.360573e+01 6.096595e+02 2.697717e+01 2.229292e+01
41t 4.483266e+02 4.504642e+02 4.438876e+02 4.508927e+02 4.511693e+02
42t 3.054924e+02 2.932517e+02 4.262006e+02 3.069979e+02 2.965544e+02
43t 3.697911e+02 3.789248e+02 5.205527e+02 3.570828e+02 3.385876e+02
44t 9.309034e+02 9.212068e+02 9.230535e+02 9.280028e+02 9.236240e+02
45t 9.396796e+02 9.262584e+02 9.242836e+02 9.257988e+02 9.305230e+02
46t 9.217309e+02 9.244338e+02 9.234953e+02 9.223761e+02 9.325336e+02
47t 1.028686e+03 1.024930e+03 1.230110e+03 1.021176e+03 1.024869e+03
48t 9.416523e+02 9.372503e+02 1.376957e+03 9.237708e+02 9.236313e+02
49t 1.030508e+03 1.024240e+03 1.250049e+03 1.021381e+03 1.023419e+03
50t 1.189318e+03 1.150563e+03 1.355094e+03 1.195260e+03 1.180734e+03
              26           27           28           29           30
1t  1.190957e+00 1.709445e+00 1.390649e+00 1.185904e+00 1.516859e+00
2t  5.153677e+06 1.382079e+07 1.263422e+07 1.612967e+07 7.691943e+06
3t  1.691883e+06 2.517412e+06 2.365864e+06 2.009374e+06 3.165536e+06
4t  1.150960e+05 8.068191e+04 8.289841e+04 1.149372e+05 9.703281e+04
5t  6.238334e+01 7.671943e+00 1.273498e+01 3.247663e+01 1.025014e+01
6t  9.589978e+01 1.112697e+02 1.113676e+02 8.077943e+02 1.969452e+02
7t  1.013409e+04 4.980681e+03 4.437143e+03 5.569725e+03 2.942422e+03
8t  5.982866e+00 7.048302e+00 6.737925e+00 5.464089e+00 7.444490e+00
9t  3.780798e+02 2.803958e+02 2.702021e+02 2.962471e+02 2.214762e+02
10t 2.823431e+01 2.949917e+01 3.083778e+01 2.695686e+01 3.110204e+01
11t 3.259314e+02 2.632053e+02 2.620924e+02 2.715740e+02 2.320042e+02
12t 2.727946e+04 2.069938e+02 5.103608e+02 1.371881e+04 2.413364e+02
13t 2.047143e+01 1.702402e+00 1.641734e+00 1.410292e+00 1.778317e+00
14t 2.115173e+01 2.103483e+01 2.108183e+01 2.101715e+01 2.105970e+01
15t 1.676707e+02 4.725377e+02 2.959646e+02 2.556344e+02 2.260639e+02
16t 4.924076e+01 4.883615e+01 5.024936e+01 4.878723e+01 4.930335e+01
17t 3.065404e+02 1.321106e-01 1.230258e-01 6.788908e-01 1.086405e-01
18t 8.924727e-01 9.611502e-01 9.772174e-01 9.442586e-01 1.010605e+00
19t 1.672213e+03 3.791426e+02 4.213773e+02 5.330756e+02 4.182571e+02
20t 6.709947e+02 2.724514e+02 2.785765e+02 2.963741e+02 2.317448e+02
21t 3.565448e+04 2.737095e+04 2.755715e+04 2.766159e+04 2.702806e+04
22t 3.568155e+04 2.796020e+04 2.876074e+04 2.780362e+04 2.812746e+04
23t 7.089391e+01 4.876092e+01 4.527249e+01 5.410404e+01 4.755921e+01
24t 3.829426e+00 4.824337e-01 7.922476e-01 7.963328e-01 6.376140e-01
25t 6.266136e-01 6.428125e-01 7.287882e-01 6.898496e-01 6.139888e-01
26t 2.561192e-01 2.911588e-01 2.976896e-01 3.135051e-01 2.571381e-01
27t 4.743400e+01 7.819841e+01 9.348225e+01 6.212555e+01 7.674587e+01
28t 1.574907e+02 2.451506e+02 2.482609e+02 1.991681e+02 2.745791e+02
29t 3.987635e+02 2.694451e+02 2.754776e+02 3.043041e+02 2.883457e+02
30t 1.674951e+01 1.162729e+01 1.164080e+01 1.156725e+01 1.308568e+01
31t 1.086469e+02 1.250114e+02 1.966941e+02 1.464519e+02 2.020723e+02
32t 4.190548e+02 3.724171e+02 4.390621e+02 2.929882e+02 6.250681e+02
33t 1.295610e+02 1.011599e+02 8.806559e+01 1.015522e+02 1.041353e+02
34t 2.514599e+01 2.720785e+01 2.886783e+01 2.174874e+01 2.952747e+01
35t 1.399298e+04 1.251322e+04 1.245855e+04 1.274645e+04 1.270536e+04
36t 1.512112e+05 2.141397e+05 2.720658e+05 1.431220e+05 2.775945e+05
37t 6.423562e+01 6.133873e+01 5.830853e+01 5.829108e+01 5.996776e+01
38t 1.369016e+05 2.453786e+05 3.886018e+05 1.891651e+05 3.063216e+05
39t 5.075970e+00 7.173824e+00 6.871964e+00 7.183179e+00 5.992920e+00
40t 6.470426e+02 2.472493e+01 6.285512e+01 1.075563e+02 2.458702e+01
41t 4.485911e+02 4.508625e+02 4.499854e+02 4.482043e+02 4.513789e+02
42t 3.589789e+02 3.164967e+02 3.477982e+02 3.560042e+02 2.863483e+02
43t 4.200378e+02 3.810241e+02 3.472782e+02 4.369559e+02 3.797322e+02
44t 9.379971e+02 9.202351e+02 9.232956e+02 9.288478e+02 9.297370e+02
45t 9.433527e+02 9.245134e+02 9.298893e+02 9.425398e+02 9.208028e+02
46t 9.435616e+02 9.256391e+02 9.272454e+02 9.322405e+02 9.222991e+02
47t 5.333955e+02 1.023358e+03 1.037797e+03 5.362930e+02 1.021084e+03
48t 1.214707e+03 9.292450e+02 9.679066e+02 1.022616e+03 9.276080e+02
49t 5.650471e+02 1.019036e+03 1.034946e+03 1.022747e+03 1.017536e+03
50t 1.305117e+03 1.082973e+03 1.156819e+03 1.257559e+03 9.393823e+02
              31           32           33           34           35
1t  1.275440e+00 8.271391e-01 9.275472e-01 1.120073e+00 6.665662e-01
2t  8.307160e+06 2.381198e+06 1.346159e+07 4.288541e+06 3.360028e+06
3t  1.657172e+06 1.352481e+06 1.644956e+06 1.658411e+06 1.468191e+06
4t  8.727084e+04 7.878729e+04 1.183706e+05 4.846729e+04 1.210809e+05
5t  4.280502e+01 2.022296e+01 5.183040e+01 6.415451e+00 5.754561e+01
6t  1.297921e+02 3.398160e+00 1.341390e+02 4.048448e+00 3.918423e+01
7t  5.199461e+03 7.464130e+03 7.091716e+03 1.426094e+04 1.270485e+04
8t  6.135686e+00 5.019008e+00 5.158520e+00 5.393597e+00 5.193135e+00
9t  2.737027e+02 3.269723e+02 2.864352e+02 3.330153e+02 3.799403e+02
10t 2.918069e+01 2.382053e+01 2.390798e+01 2.883281e+01 2.470595e+01
11t 2.428958e+02 3.116445e+02 2.418750e+02 3.281627e+02 3.344027e+02
12t 8.675578e+03 7.319699e+03 1.781556e+04 7.192850e+03 2.370888e+04
13t 1.460772e+00 1.988582e+01 1.710079e+01 2.016247e+01 2.038707e+01
14t 2.106196e+01 2.084817e+01 2.087160e+01 2.097960e+01 2.109414e+01
15t 1.732926e+02 1.419921e+02 4.494177e+02 1.424389e+02 1.229167e+02
16t 4.886858e+01 4.707521e+01 4.911524e+01 4.927814e+01 4.925150e+01
17t 1.250107e+00 4.718415e-02 2.674166e+00 6.006777e-02 3.191057e+02
18t 9.543001e-01 8.432672e-01 8.353789e-01 9.429906e-01 8.449761e-01
19t 4.674533e+02 7.325664e+02 5.331702e+02 6.107880e+02 2.255997e+03
20t 2.896539e+02 5.757793e+02 3.341499e+02 3.959733e+02 6.461953e+02
21t 2.759232e+04 2.785216e+04 2.845741e+04 2.810990e+04 3.574568e+04
22t 2.927113e+04 2.886745e+04 2.747643e+04 3.176031e+04 3.562640e+04
23t 4.057639e+01 6.475960e+01 5.426448e+01 5.800892e+01 6.675050e+01
24t 7.978548e-01 5.744955e-01 1.074035e+00 7.826415e-01 3.823606e+00
25t 7.110717e-01 7.888874e-01 9.225625e-01 8.463792e-01 6.353491e-01
26t 3.794267e-01 2.557800e-01 3.349135e-01 3.420450e-01 2.781635e-01
27t 1.014549e+02 6.015215e+01 1.176126e+02 1.155301e+02 5.118506e+01
28t 2.485517e+02 2.081736e+02 2.440206e+02 3.559925e+02 1.468664e+02
29t 3.410605e+02 4.182788e+02 3.389926e+02 4.356762e+02 4.198279e+02
30t 1.072405e+01 1.478758e+01 1.048778e+01 1.229331e+01 2.035274e+01
31t 1.827990e+02 2.440650e+02 1.662168e+02 2.457962e+02 1.282974e+02
32t 6.479753e+02 9.436540e+02 3.632026e+02 5.343369e+02 3.959953e+02
33t 1.095317e+02 1.468288e+02 1.168844e+02 1.391190e+02 1.499893e+02
34t 2.684777e+01 3.111769e+01 2.148294e+01 3.542042e+01 2.681006e+01
35t 1.271806e+04 1.339105e+04 1.316662e+04 1.358519e+04 1.432340e+04
36t 1.799650e+05 2.819323e+05 1.785802e+05 1.647695e+05 1.294375e+05
37t 5.926223e+01 4.976881e+01 5.565386e+01 5.665082e+01 6.525390e+01
38t 1.943133e+05 2.533593e+05 2.071924e+05 3.337870e+05 1.351661e+05
39t 6.572040e+00 5.697361e+00 7.283602e+00 5.776446e+00 5.258872e+00
40t 4.230209e+01 4.635544e+01 9.388719e+01 3.456471e+01 9.774391e+02
41t 4.485946e+02 4.466462e+02 4.472570e+02 4.487817e+02 4.479447e+02
42t 4.282518e+02 4.271467e+02 4.275006e+02 4.786998e+02 3.601309e+02
43t 3.255391e+02 4.299768e+02 3.690129e+02 4.854337e+02 4.747375e+02
44t 9.346990e+02 9.338496e+02 9.280243e+02 9.453506e+02 9.328433e+02
45t 9.416947e+02 9.305831e+02 9.327510e+02 9.470997e+02 9.334638e+02
46t 9.474010e+02 9.991726e+02 9.285210e+02 9.975394e+02 9.300209e+02
47t 1.030360e+03 5.340856e+02 1.029966e+03 5.431105e+02 1.209897e+03
48t 9.365860e+02 1.055935e+03 1.028724e+03 1.057235e+03 1.276833e+03
49t 1.020693e+03 1.026099e+03 5.502062e+02 5.506562e+02 5.509267e+02
50t 9.897578e+02 1.251213e+03 1.192561e+03 9.364526e+02 1.314237e+03
              36           37           38           39           40
1t  1.517350e+00 1.170797e+00 1.424492e+00 8.251575e-01 5.961742e-01
2t  1.205501e+07 6.573044e+06 8.378691e+06 5.921589e+06 2.653100e+06
3t  2.641257e+06 2.294174e+06 2.288582e+06 1.431476e+06 8.524425e+05
4t  1.094106e+05 1.269316e+05 1.032532e+05 1.647524e+05 1.568945e+05
5t  2.055581e+01 2.853972e+01 1.748526e+01 4.987082e+01 4.342372e+01
6t  4.110214e+02 3.926726e+02 2.180801e+02 8.386019e+00 3.572420e+00
7t  5.324602e+03 3.898281e+03 5.320396e+03 1.934129e+04 3.644159e+04
8t  6.490247e+00 5.875438e+00 6.880793e+00 4.539298e+00 4.343200e+00
9t  2.888674e+02 2.982979e+02 2.423979e+02 3.397234e+02 4.386796e+02
10t 3.026989e+01 2.684664e+01 3.057742e+01 2.153584e+01 1.922929e+01
11t 2.253744e+02 2.724861e+02 2.257128e+02 2.858313e+02 4.165132e+02
12t 1.995354e+02 1.213523e+04 3.215692e+02 2.072110e+04 1.638288e+04
13t 1.677059e+00 1.409961e+00 1.600237e+00 1.957776e+01 1.987928e+01
14t 2.110244e+01 2.110405e+01 2.111093e+01 2.100859e+01 2.069239e+01
15t 2.333840e+02 1.739364e+02 4.897868e+02 1.184184e+02 1.018493e+02
16t 5.124475e+01 4.872262e+01 4.753218e+01 4.866640e+01 4.918909e+01
17t 5.941531e-01 9.483726e-01 3.713645e-01 2.395092e+01 2.727944e+02
18t 9.929294e-01 9.076126e-01 9.392176e-01 8.693588e-01 6.359199e-01
19t 4.388066e+02 4.658742e+02 4.647464e+02 1.455886e+03 5.817368e+03
20t 3.440016e+02 2.934247e+02 2.841688e+02 3.487539e+02 6.302310e+02
21t 2.805332e+04 2.851465e+04 2.812232e+04 2.995650e+04 3.770699e+04
22t 2.933864e+04 2.858478e+04 2.793343e+04 2.911752e+04 3.848861e+04
23t 4.555435e+01 5.050822e+01 4.370299e+01 5.797649e+01 7.892864e+01
24t 5.723338e-01 6.430092e-01 6.879917e-01 7.643143e-01 3.414961e+00
25t 4.525238e-01 6.080001e-01 5.619696e-01 6.705508e-01 5.675310e-01
26t 3.160560e-01 2.887813e-01 3.028537e-01 4.332818e-01 2.807272e-01
27t 6.458770e+01 7.903376e+01 7.684955e+01 1.208429e+02 5.209504e+01
28t 2.377720e+02 2.468657e+02 2.667198e+02 2.480127e+02 1.275981e+02
29t 3.020326e+02 3.025554e+02 2.859968e+02 3.529997e+02 4.120435e+02
30t 1.203276e+01 1.015939e+01 1.140940e+01 1.576294e+01 8.436844e+00
31t 1.595802e+02 1.828157e+02 1.225300e+02 2.094771e+02 1.124431e+02
32t 3.040597e+02 2.883293e+02 3.325956e+02 1.367681e+03 3.578981e+02
33t 9.294178e+01 1.144607e+02 9.998101e+01 1.467990e+02 1.615857e+02
34t 2.434210e+01 2.735294e+01 2.562120e+01 2.770647e+01 2.250559e+01
35t 1.252071e+04 1.273821e+04 1.266365e+04 1.571378e+04 1.861122e+04
36t 2.042553e+05 1.760186e+05 1.924432e+05 1.977440e+05 1.136389e+05
37t 6.093307e+01 6.166389e+01 5.932198e+01 5.558886e+01 5.468681e+01
38t 2.641697e+05 2.334274e+05 2.399093e+05 1.946876e+05 2.139200e+05
39t 8.914279e+00 5.934603e+00 6.523191e+00 6.780257e+00 4.639052e+00
40t 2.910151e+01 5.685118e+01 3.691918e+01 1.401652e+02 8.840260e+02
41t 3.881511e+02 4.481608e+02 4.499237e+02 6.527373e+02 4.427474e+02
42t 3.090796e+02 2.841309e+02 2.859174e+02 4.269693e+02 4.028523e+02
43t 3.497861e+02 4.357954e+02 4.185136e+02 5.860402e+02 5.666403e+02
44t 9.338735e+02 9.318737e+02 9.209886e+02 9.345551e+02 9.245024e+02
45t 9.357826e+02 9.367951e+02 9.352518e+02 9.990542e+02 9.261137e+02
46t 9.248614e+02 9.389606e+02 9.287988e+02 1.029850e+03 9.249190e+02
47t 1.023317e+03 1.032724e+03 1.021582e+03 1.045876e+03 1.266109e+03
48t 9.653521e+02 9.368440e+02 9.508602e+02 1.272624e+03 1.421279e+03
49t 1.021735e+03 1.021445e+03 1.021731e+03 1.202337e+03 1.244411e+03
50t 1.215542e+03 1.176014e+03 9.911923e+02 1.307719e+03 1.383730e+03
              41           42           43           44           45
1t  1.353144e+00 1.613901e+00 7.392595e-01 1.347566e+00 1.824772e+00
2t  7.487601e+06 1.141438e+07 2.575985e+06 1.412779e+07 1.740555e+07
3t  2.299388e+06 3.448652e+06 1.256949e+06 2.284967e+06 2.810051e+06
4t  1.113985e+05 1.200397e+05 4.094021e+04 1.010485e+05 9.868823e+04
5t  4.339364e+01 1.305894e+01 1.336017e+01 4.760027e+01 1.201349e+01
6t  3.633803e+01 6.208163e+02 3.213106e+00 2.016651e+02 1.380868e+02
7t  6.332308e+03 4.618443e+03 3.467762e+04 6.707960e+03 4.164083e+03
8t  6.443611e+00 6.636945e+00 1.579091e+02 6.388856e+00 7.142537e+00
9t  2.990866e+02 2.656231e+02 3.680659e+02 3.070288e+02 2.741926e+02
10t 2.966699e+01 3.172855e+01 2.290983e+01 2.852782e+01 3.232653e+01
11t 2.942257e+02 2.406848e+02 3.376898e+02 2.697972e+02 2.758652e+02
12t 1.250155e+04 3.138129e+02 8.980711e+02 2.095882e+04 3.309300e+02
13t 1.901293e+01 1.863903e+00 1.986404e+01 1.668335e+00 1.797590e+00
14t 2.111883e+01 2.103244e+01 2.079083e+01 2.098562e+01 2.106958e+01
15t 1.861048e+02 3.254592e+02 1.352288e+02 5.665682e+02 2.787016e+02
16t 4.929386e+01 1.149070e+02 4.913570e+01 8.203681e+01 4.943403e+01
17t 2.044425e+00 9.619921e-01 2.375139e-02 1.146903e+00 4.689399e-01
18t 9.638912e-01 1.046690e+00 8.269407e-01 9.663245e-01 1.003289e+00
19t 5.290316e+02 4.413110e+02 2.128429e+03 4.297660e+02 4.296630e+02
20t 4.550118e+02 2.491082e+02 7.827390e+02 3.103632e+02 2.812759e+02
21t 2.719009e+04 2.777441e+04 3.871348e+04 2.836001e+04 2.772447e+04
22t 2.794166e+04 2.917257e+04 3.194970e+04 2.888437e+04 2.898179e+04
23t 4.636094e+01 4.708275e+01 7.528643e+01 6.006133e+01 4.290192e+01
24t 7.696483e-01 1.077226e+00 1.978256e+00 8.729129e-01 8.816353e-01
25t 8.456139e-01 5.524984e-01 7.153301e-01 8.064392e-01 6.411452e-01
26t 3.024559e-01 3.817984e-01 3.356203e-01 3.059494e-01 2.655702e-01
27t 8.461169e+01 6.665397e+01 8.281593e+01 7.437218e+01 9.947407e+01
28t 2.528774e+02 2.534761e+02 1.810779e+02 2.217376e+03 2.548949e+02
29t 3.586329e+02 2.607014e+02 6.174118e+02 3.708686e+02 3.023043e+02
30t 1.209748e+01 1.226549e+01 1.980400e+01 1.105410e+01 1.244565e+01
31t 2.535698e+02 1.678296e+02 1.855094e+02 1.772609e+02 1.730323e+02
32t 4.584438e+02 4.740631e+02 5.350878e+02 3.848272e+02 7.131764e+02
33t 1.178201e+02 1.087668e+02 1.650862e+02 1.062497e+02 1.009163e+02
34t 2.562974e+01 2.793916e+01 4.036191e+01 2.811634e+01 2.833658e+01
35t 1.280434e+04 1.255351e+04 1.485632e+04 1.294543e+04 1.257361e+04
36t 1.621612e+05 2.206469e+05 1.875976e+05 1.584183e+05 2.486082e+05
37t 5.927413e+01 6.041972e+01 5.953122e+01 5.941367e+01 6.103741e+01
38t 2.746386e+05 2.889052e+05 2.586460e+05 2.282266e+05 1.995785e+05
39t 6.207027e+00 5.461232e+00 4.892173e+00 6.787611e+00 6.945793e+00
40t 7.892962e+01 2.812292e+01 8.288648e+01 8.543448e+01 4.031632e+01
41t 4.499715e+02 4.508280e+02 5.538520e+02 4.492232e+02 4.514121e+02
42t 3.864815e+02 3.149256e+02 4.269040e+02 2.490839e+02 2.777870e+02
43t 4.542886e+02 3.206800e+02 4.941543e+02 3.696693e+02 3.128573e+02
44t 9.537590e+02 9.301117e+02 1.016129e+03 9.336342e+02 9.228841e+02
45t 9.531573e+02 9.318888e+02 1.080615e+03 9.312385e+02 9.310962e+02
46t 9.541637e+02 9.306321e+02 1.210699e+03 9.243520e+02 9.286403e+02
47t 9.127847e+02 1.022742e+03 5.295325e+02 5.503397e+02 1.025994e+03
48t 9.915358e+02 9.226782e+02 1.116094e+03 9.952952e+02 9.300989e+02
49t 5.668656e+02 1.026926e+03 9.022126e+02 1.033407e+03 1.021526e+03
50t 9.380694e+02 1.226759e+03 1.274714e+03 1.227176e+03 1.112815e+03
              46           47           48           49           50
1t  1.470278e+00 3.434585e+00 8.150321e-01 1.883657e+00 2.307918e+00
2t  8.263464e+06 2.740004e+07 8.954800e+06 8.917580e+06 1.542357e+07
3t  2.098384e+06 6.194702e+06 1.294103e+06 3.194585e+06 4.204891e+06
4t  1.319556e+05 1.276256e+05 1.085923e+05 8.565399e+04 8.157712e+04
5t  6.153089e+01 4.428924e+00 5.384672e+01 3.301730e+01 3.099560e+00
6t  3.995825e+02 5.623382e+02 1.940357e+02 4.491363e+01 2.791981e+02
7t  8.084785e+03 3.267235e+03 8.648033e+03 4.774444e+03 3.826116e+03
8t  6.760222e+00 8.999896e+00 4.824021e+00 7.728216e+00 7.907512e+00
9t  3.529334e+02 2.335300e+02 2.897122e+02 2.973797e+02 1.386313e+02
10t 3.068062e+01 3.689047e+01 2.308316e+01 3.245699e+01 3.434193e+01
11t 3.421798e+02 1.183978e+02 2.682274e+02 2.213958e+02 1.918914e+02
12t 2.877863e+04 2.625463e+02 2.595965e+04 2.074820e+02 2.553050e+02
13t 2.024823e+01 2.267822e+00 1.963575e+01 1.864802e+00 2.076469e+00
14t 2.117834e+01 2.109742e+01 2.112416e+01 2.114604e+01 2.114858e+01
15t 2.192803e+02 4.888255e+02 1.384577e+02 2.448507e+02 3.687494e+02
16t 4.928901e+01 4.952161e+01 4.867715e+01 5.276537e+01 4.789704e+01
17t 6.816212e+01 1.151670e+00 2.539406e+00 4.173288e-01 3.076497e-01
18t 9.506735e-01 1.053051e+00 8.632331e-01 1.012506e+00 1.028706e+00
19t 1.122579e+03 4.391828e+02 5.878915e+02 3.598287e+02 3.730126e+02
20t 5.779707e+02 1.689660e+02 4.196728e+02 2.945919e+02 2.232709e+02
21t 3.337262e+04 2.689641e+04 2.753244e+04 2.774122e+04 2.721883e+04
22t 3.546051e+04 2.839879e+04 2.869218e+04 2.882048e+04 2.768443e+04
23t 5.413744e+01 3.863734e+01 5.766474e+01 4.926613e+01 4.962273e+01
24t 3.360716e+00 9.739905e-01 1.035277e+00 4.721842e-01 5.128090e-01
25t 5.834378e-01 5.480411e-01 8.497691e-01 7.575635e-01 4.989669e-01
26t 2.546572e-01 3.245354e-01 3.240517e-01 3.008510e-01 2.906662e-01
27t 5.255986e+01 5.766377e+01 8.507803e+01 1.016716e+02 8.366734e+01
28t 1.939708e+02 3.862400e+02 1.909565e+02 2.872825e+02 3.113784e+02
29t 4.241116e+02 2.711120e+02 3.549411e+02 3.241970e+02 3.014022e+02
30t 1.550431e+01 1.497224e+01 1.095178e+01 1.103135e+01 1.345144e+01
31t 1.185681e+02 1.737372e+02 1.675514e+02 2.203008e+02 1.605371e+02
32t 2.633663e+02 4.070460e+02 6.689100e+02 5.542194e+02 5.832284e+02
33t 1.233855e+02 1.019586e+02 1.165366e+02 9.858073e+01 9.099880e+01
34t 2.917740e+01 3.250860e+01 1.924906e+01 3.150060e+01 3.344735e+01
35t 1.359754e+04 1.242365e+04 1.337856e+04 1.271930e+04 1.258834e+04
36t 2.493000e+05 3.285472e+05 1.346433e+05 2.256837e+05 3.225618e+05
37t 6.392663e+01 6.044300e+01 5.884972e+01 6.123527e+01 5.984846e+01
38t 1.751305e+05 3.412191e+05 1.948912e+05 3.225847e+05 2.912106e+05
39t 5.329766e+00 7.274942e+00 6.506511e+00 5.738421e+00 5.880241e+00
40t 4.102634e+02 1.637961e+01 1.655510e+02 3.646372e+01 1.656739e+01
41t 4.490418e+02 4.546443e+02 4.467222e+02 4.513077e+02 4.545525e+02
42t 3.301085e+02 2.998614e+02 4.268420e+02 2.984747e+02 2.674354e+02
43t 4.083725e+02 3.150710e+02 4.020133e+02 3.061140e+02 3.241729e+02
44t 9.575257e+02 9.273174e+02 9.314656e+02 9.390675e+02 9.229303e+02
45t 9.806947e+02 9.303304e+02 9.278223e+02 9.383570e+02 9.323201e+02
46t 1.009762e+03 9.262073e+02 9.321238e+02 9.329576e+02 9.260726e+02
47t 5.564709e+02 1.021964e+03 1.034941e+03 5.661193e+02 1.021029e+03
48t 1.129630e+03 9.214334e+02 9.775160e+02 9.684123e+02 9.291951e+02
49t 5.727509e+02 1.019267e+03 5.496035e+02 1.023411e+03 1.027518e+03
50t 1.287144e+03 9.587963e+02 1.249628e+03 9.068658e+02 9.474812e+02
              51           52           53           54           55
1t  1.264900e+00 1.097606e+00 1.017420e+00 1.571670e+00 7.406376e-01
2t  1.038872e+07 5.712124e+06 5.556928e+06 5.466245e+06 3.365191e+06
3t  2.398719e+06 1.667162e+06 1.483838e+06 2.032980e+06 1.243755e+06
4t  1.104097e+05 9.928632e+04 1.334431e+05 9.366334e+04 1.333854e+05
5t  4.146194e+01 3.736789e+01 4.215401e+01 3.860807e+01 5.468461e+01
6t  1.211741e+02 1.516424e+02 1.155954e+01 1.406147e+02 1.571747e+01
7t  5.446638e+03 5.849280e+03 6.563744e+03 4.674697e+03 1.263091e+04
8t  6.659759e+00 5.854707e+00 5.654664e+00 7.146380e+00 5.531246e+00
9t  3.052507e+02 2.793125e+02 3.231190e+02 2.742232e+02 4.229493e+02
10t 3.005842e+01 2.649756e+01 2.626133e+01 3.101440e+01 2.304412e+01
11t 2.188062e+02 2.381604e+02 3.254864e+02 2.574486e+02 3.717947e+02
12t 5.460433e+02 3.626355e+02 1.601887e+04 6.834599e+03 2.409248e+04
13t 1.567162e+00 1.434072e+00 1.980865e+01 1.910306e+01 2.052141e+01
14t 2.109967e+01 2.098084e+01 2.089845e+01 2.117282e+01 2.118546e+01
15t 9.342216e+02 1.714808e+02 1.524932e+03 2.397118e+02 1.210654e+02
16t 4.879686e+01 4.928053e+01 4.454449e+01 4.928695e+01 4.925016e+01
17t 3.484333e-01 2.664942e-01 2.055888e+00 4.533403e-02 3.611034e+02
18t 9.599840e-01 8.741197e-01 8.835955e-01 9.926439e-01 8.064551e-01
19t 4.760552e+02 4.586162e+02 6.090417e+02 5.691421e+02 2.618070e+03
20t 3.454437e+02 3.673310e+02 5.181706e+02 3.573326e+02 8.371671e+02
21t 2.787988e+04 2.760081e+04 2.920538e+04 3.216784e+04 3.628195e+04
22t 2.789436e+04 2.865559e+04 3.036931e+04 3.492089e+04 3.513451e+04
23t 5.097701e+01 4.424269e+01 5.721000e+01 4.977936e+01 7.000311e+01
24t 6.975206e-01 9.085150e-01 5.982012e-01 3.196200e+00 3.514006e+00
25t 7.118265e-01 6.804692e-01 5.532306e-01 5.657531e-01 6.130793e-01
26t 3.395161e-01 3.193360e-01 2.939919e-01 3.502420e-01 3.095892e-01
27t 1.005065e+02 7.705952e+01 1.017566e+02 6.159570e+01 5.599669e+01
28t 2.347872e+02 2.432156e+02 2.436782e+02 2.559192e+02 1.637360e+02
29t 3.568313e+02 2.881853e+02 3.832744e+02 3.455325e+02 5.033365e+02
30t 1.155179e+01 1.445300e+01 1.200911e+01 1.140943e+01 2.932056e+01
31t 1.959194e+02 1.854165e+02 3.016165e+02 1.543170e+02 1.181390e+02
32t 3.697499e+02 5.651204e+02 4.734052e+02 8.489707e+02 3.628316e+02
33t 9.443392e+01 1.150464e+02 1.286205e+02 1.122050e+02 1.576277e+02
34t 2.883831e+01 2.672163e+01 3.154510e+01 2.834520e+01 2.706203e+01
35t 1.270858e+04 1.265924e+04 1.325385e+04 1.264230e+04 1.453471e+04
36t 2.317685e+05 1.707002e+05 2.571473e+05 2.127000e+05 1.146838e+05
37t 5.962880e+01 5.914198e+01 5.632060e+01 6.274704e+01 6.886938e+01
38t 2.571117e+05 2.622642e+05 2.440465e+05 1.786451e+05 1.830527e+05
39t 6.031021e+00 5.828775e+00 5.634608e+00 5.549224e+00 5.624344e+00
40t 3.343396e+01 7.359333e+01 1.013163e+02 8.885866e+01 9.331747e+02
41t 4.495966e+02 4.480258e+02 4.478801e+02 4.563696e+02 4.478078e+02
42t 2.880387e+02 3.050219e+02 3.098208e+02 4.306750e+02 3.363708e+02
43t 3.237288e+02 4.295216e+02 4.997315e+02 3.560731e+02 5.444423e+02
44t 9.215143e+02 9.269105e+02 9.388522e+02 9.347336e+02 9.309232e+02
45t 9.352202e+02 9.345939e+02 9.327913e+02 9.307936e+02 9.291173e+02
46t 9.288180e+02 9.219240e+02 9.332032e+02 9.337783e+02 9.280942e+02
47t 1.023435e+03 1.022988e+03 5.337113e+02 5.602599e+02 1.194045e+03
48t 9.500817e+02 9.381671e+02 1.100023e+03 1.007290e+03 1.280694e+03
49t 1.031172e+03 1.018659e+03 1.023445e+03 5.686639e+02 1.214776e+03
50t 1.187390e+03 1.070155e+03 1.260469e+03 1.259839e+03 1.345414e+03
              56           57           58           59           60
1t  1.569946e+00 8.081640e-01 1.876780e+00 7.633407e-01 7.173810e-01
2t  1.012382e+07 1.367927e+07 8.170943e+06 3.118361e+06 3.030856e+06
3t  2.768129e+06 1.682517e+06 3.037914e+06 1.006223e+06 1.060113e+06
4t  9.695449e+04 8.930080e+04 8.867431e+04 1.134825e+05 1.193397e+05
5t  1.747254e+01 4.032160e+01 1.829643e+01 2.666692e+01 5.151415e+01
6t  1.948342e+02 9.526232e+01 1.299588e+02 3.497416e+00 8.504029e+00
7t  3.457525e+03 6.811609e+03 4.876199e+03 2.382196e+04 1.535612e+04
8t  6.969284e+00 5.571757e+00 6.944850e+00 4.701017e+00 4.768167e+00
9t  2.884381e+02 3.030773e+02 2.454624e+02 3.309360e+02 4.130134e+02
10t 3.024679e+01 2.387038e+01 3.288896e+01 2.478193e+01 2.180047e+01
11t 2.734959e+02 2.694534e+02 2.876405e+02 3.177012e+02 3.860174e+02
12t 8.679434e+03 2.238562e+04 2.725615e+03 8.028282e+03 1.867030e+04
13t 1.670103e+00 1.196172e+00 1.952000e+00 1.971153e+01 2.047963e+01
14t 2.106680e+01 2.090507e+01 2.106415e+01 2.083635e+01 2.119451e+01
15t 4.444266e+02 1.760726e+02 5.563622e+02 1.488222e+02 1.168970e+02
16t 4.869726e+01 4.869162e+01 4.836227e+01 4.762334e+01 4.921164e+01
17t 1.008208e+00 2.024433e+00 1.317382e-01 1.739436e-01 2.857137e+02
18t 1.001075e+00 8.769303e-01 1.017232e+00 7.392294e-01 7.316843e-01
19t 4.286039e+02 5.411946e+02 3.555453e+02 1.764270e+03 2.980319e+03
20t 3.367780e+02 3.083699e+02 3.003049e+02 4.571770e+02 7.746832e+02
21t 2.832747e+04 2.753127e+04 2.863712e+04 2.960844e+04 3.598443e+04
22t 2.821187e+04 2.843592e+04 2.806205e+04 2.976851e+04 3.554475e+04
23t 5.142695e+01 5.270887e+01 4.604299e+01 6.537511e+01 6.837844e+01
24t 7.227999e-01 6.759071e-01 6.282316e-01 1.026454e+00 3.325458e+00
25t 4.374434e-01 7.226275e-01 4.463719e-01 7.931864e-01 6.429951e-01
26t 2.652482e-01 2.967977e-01 2.588614e-01 3.612797e-01 2.781185e-01
27t 8.360541e+01 8.985122e+01 8.238394e+01 1.130009e+02 4.987208e+01
28t 2.914892e+02 2.127073e+02 2.850341e+02 2.050418e+02 1.287560e+02
29t 3.241838e+02 3.092659e+02 2.542730e+02 3.919876e+02 4.058988e+02
30t 1.132918e+01 1.147435e+01 1.335768e+01 2.143065e+01 1.727768e+01
31t 1.694553e+02 1.685773e+02 1.908527e+02 2.927336e+02 1.076086e+02
32t 7.457067e+02 1.446782e+03 1.013346e+03 7.157654e+02 3.579333e+02
33t 1.094979e+02 1.022746e+02 1.058008e+02 1.314461e+02 1.416817e+02
34t 2.523085e+01 2.221720e+01 2.899387e+01 2.163843e+01 2.350380e+01
35t 1.262538e+04 1.330697e+04 1.261763e+04 1.370242e+04 1.485862e+04
36t 2.048491e+05 1.367365e+05 2.263482e+05 2.320248e+05 1.206310e+05
37t 5.982114e+01 5.726634e+01 6.154111e+01 5.827657e+01 6.793277e+01
38t 2.545925e+05 2.341465e+05 2.444760e+05 3.106026e+05 1.661794e+05
39t 6.515897e+00 6.713220e+00 7.113244e+00 5.570503e+00 5.419391e+00
40t 4.594970e+01 1.071446e+02 2.529096e+01 1.261893e+02 8.928204e+02
41t 4.499587e+02 4.475170e+02 4.510029e+02 4.456790e+02 7.893042e+02
42t 3.166686e+02 3.480857e+02 3.014865e+02 4.761379e+02 3.495631e+02
43t 4.027722e+02 4.370993e+02 3.144229e+02 5.838035e+02 5.246497e+02
44t 9.227668e+02 9.301046e+02 9.304070e+02 9.738473e+02 9.275813e+02
45t 9.367007e+02 9.376929e+02 9.324569e+02 1.136139e+03 9.282726e+02
46t 9.448903e+02 9.402773e+02 9.324621e+02 1.130541e+03 9.270596e+02
47t 1.026487e+03 1.027643e+03 1.032692e+03 1.208614e+03 1.228799e+03
48t 9.598522e+02 9.507899e+02 9.284590e+02 1.286946e+03 1.331262e+03
49t 1.034348e+03 1.025116e+03 1.023114e+03 5.453315e+02 1.207538e+03
50t 1.210291e+03 1.120424e+03 9.791885e+02 1.233028e+03 1.342420e+03
              61           62           63           64           65
1t  9.232383e-01 1.266868e+00 1.104674e+00 1.348302e+00 1.587610e+00
2t  1.062819e+07 1.526843e+07 1.165322e+07 1.348740e+07 1.778028e+07
3t  1.238724e+06 2.366113e+06 1.652018e+06 2.370909e+06 2.644364e+06
4t  1.300096e+05 7.929947e+04 1.229326e+05 1.088076e+05 1.041635e+05
5t  5.623435e+01 1.910664e+01 4.243201e+01 4.879430e+01 1.047050e+01
6t  8.399262e+01 1.214223e+02 1.888900e+02 4.026547e+02 3.439462e+02
7t  1.286411e+04 4.256552e+03 6.402481e+03 9.236092e+03 2.982609e+03
8t  5.043953e+00 6.173005e+00 5.897051e+00 6.454404e+00 6.978763e+00
9t  3.284173e+02 2.785721e+02 2.806492e+02 2.532426e+02 2.552233e+02
10t 2.445130e+01 2.938883e+01 2.665003e+01 3.216364e+01 3.098971e+01
11t 2.820398e+02 2.532291e+02 2.698746e+02 2.765040e+02 2.442839e+02
12t 2.143427e+04 2.754066e+02 9.178238e+03 2.805668e+04 2.142635e+02
13t 2.001065e+01 1.479937e+00 1.375716e+00 1.996251e+01 1.837754e+00
14t 2.094782e+01 2.098729e+01 2.100444e+01 2.090926e+01 2.112899e+01
15t 1.541865e+02 1.794417e+02 6.160018e+03 4.003983e+02 2.716640e+02
16t 6.637060e+01 4.925684e+01 4.828413e+01 4.880710e+01 5.850331e+01
17t 1.917194e+01 6.435030e-02 1.643821e-01 2.099730e+00 8.062172e-01
18t 8.329702e-01 9.675921e-01 9.282544e-01 9.653751e-01 1.005443e+00
19t 7.751103e+02 3.981764e+02 4.455060e+02 5.572076e+02 4.452319e+02
20t 4.992230e+02 2.341896e+02 3.265581e+02 3.586655e+02 2.963506e+02
21t 2.856583e+04 2.733654e+04 2.800080e+04 2.895452e+04 2.813307e+04
22t 2.861309e+04 2.826578e+04 2.912193e+04 2.893906e+04 2.732590e+04
23t 6.001619e+01 5.494471e+01 5.148968e+01 5.542011e+01 3.992979e+01
24t 8.633370e-01 4.274375e-01 1.037318e+00 8.963092e-01 8.009921e-01
25t 7.569834e-01 5.624099e-01 6.777642e-01 7.797769e-01 5.564742e-01
26t 3.532742e-01 2.911800e-01 2.928072e-01 3.631825e-01 2.931910e-01
27t 1.122047e+02 7.273296e+01 8.840245e+01 1.194897e+02 7.550605e+01
28t 3.128464e+02 2.472911e+02 2.161316e+02 3.907436e+02 2.668864e+02
29t 3.650080e+02 3.319738e+02 3.383834e+02 3.327362e+02 2.628461e+02
30t 1.283985e+01 1.119539e+01 1.083496e+01 1.091585e+01 1.178680e+01
31t 2.745505e+02 1.972814e+02 1.868339e+02 2.496909e+02 1.188239e+02
32t 5.784441e+02 5.361165e+02 3.438253e+02 9.501887e+03 3.315838e+02
33t 1.253604e+02 1.152507e+02 1.105654e+02 1.145889e+02 9.907762e+01
34t 2.202259e+01 2.701993e+01 2.519177e+01 2.707667e+01 2.455531e+01
35t 1.347728e+04 1.246743e+04 1.244144e+04 1.276640e+04 1.260007e+04
36t 1.541443e+05 1.671225e+05 1.636364e+05 1.626178e+05 2.121364e+05
37t 6.171674e+01 5.850794e+01 5.911778e+01 5.477702e+01 6.076028e+01
38t 2.178651e+05 2.566912e+05 1.991839e+05 2.113767e+05 3.189445e+05
39t 5.646661e+00 6.337952e+00 6.041921e+00 5.857839e+00 6.173560e+00
40t 2.357605e+02 3.031918e+01 6.158331e+01 5.781581e+01 2.796003e+01
41t 4.474625e+02 4.490329e+02 4.481960e+02 4.493248e+02 4.504190e+02
42t 3.866661e+02 3.128606e+02 3.038618e+02 2.955043e+02 2.810620e+02
43t 5.506557e+02 3.845784e+02 3.708051e+02 3.527778e+02 3.251791e+02
44t 9.330151e+02 9.214830e+02 9.224271e+02 9.331568e+02 9.344038e+02
45t 9.337033e+02 9.287222e+02 9.369256e+02 9.372500e+02 9.237866e+02
46t 1.007511e+03 9.382023e+02 9.282873e+02 9.377938e+02 9.211388e+02
47t 5.319961e+02 1.027060e+03 1.022547e+03 1.033770e+03 1.019685e+03
48t 1.045267e+03 9.416649e+02 9.414033e+02 9.786339e+02 9.680785e+02
49t 1.039278e+03 1.027736e+03 1.022246e+03 1.036772e+03 1.022411e+03
50t 1.241204e+03 1.066081e+03 1.129172e+03 1.196624e+03 1.018909e+03
              66           67           68           69           70
1t  1.410456e+00 1.983621e+00 2.830506e+00 8.992393e-01 1.240990e+00
2t  2.083222e+07 9.514642e+06 8.530475e+06 3.415996e+06 9.329349e+06
3t  3.394800e+06 2.960640e+06 5.038942e+06 1.414712e+06 1.908942e+06
4t  1.274738e+05 9.665411e+04 1.198390e+05 1.175778e+05 1.231114e+05
5t  5.759460e+01 5.759418e+00 2.202776e+01 3.635178e+01 2.869023e+01
6t  4.115298e+02 2.571984e+02 2.953401e+02 5.074447e+00 2.030458e+02
7t  6.838271e+03 2.679365e+03 4.908810e+03 1.505972e+04 4.224907e+03
8t  6.033184e+00 7.525286e+00 9.078809e+00 5.413795e+00 6.168164e+00
9t  2.919357e+02 3.002363e+02 2.276489e+02 3.056005e+02 2.913790e+02
10t 2.975586e+01 3.196423e+01 3.717879e+01 2.475744e+01 2.882488e+01
11t 2.764566e+02 2.652684e+02 1.850309e+02 2.892232e+02 2.578537e+02
12t 2.065018e+04 2.220988e+02 2.581571e+03 1.528218e+04 4.300449e+02
13t 1.848094e+01 1.816458e+00 2.177428e+00 1.977864e+01 1.518861e+00
14t 2.121562e+01 2.095132e+01 2.113476e+01 2.088118e+01 2.107809e+01
15t 1.192282e+03 9.259680e+02 4.207803e+02 1.416793e+02 1.547153e+02
16t 4.936203e+01 4.780567e+01 4.933110e+01 4.898844e+01 4.825929e+01
17t 1.064400e+01 1.173989e+00 9.735792e-02 2.470927e+02 2.589504e-01
18t 1.008815e+00 1.016101e+00 1.044189e+00 8.344731e-01 9.523978e-01
19t 5.383134e+02 3.973033e+02 4.245543e+02 2.081452e+03 5.368260e+02
20t 4.273772e+02 2.667429e+02 3.003275e+02 4.196766e+02 3.036261e+02
21t 2.852681e+04 2.746466e+04 2.864502e+04 2.934039e+04 2.797776e+04
22t 2.821924e+04 2.773700e+04 3.263436e+04 2.936112e+04 2.886547e+04
23t 5.854577e+01 4.497122e+01 3.551425e+01 6.366917e+01 4.838235e+01
24t 1.212676e+00 7.927205e-01 3.209439e+00 3.923179e-01 5.167135e-01
25t 6.861974e-01 5.636441e-01 6.105536e-01 7.415350e-01 5.097802e-01
26t 2.913362e-01 3.204111e-01 2.509927e-01 3.067913e-01 3.148322e-01
27t 9.481604e+01 9.807150e+01 7.034392e+01 1.366362e+02 7.944728e+01
28t 1.265537e+05 2.656246e+02 3.566094e+02 2.376189e+02 2.163621e+02
29t 3.669107e+02 2.788365e+02 3.162856e+02 3.469471e+02 3.312887e+02
30t 1.327318e+01 1.176609e+01 1.523174e+01 1.893444e+01 1.032711e+01
31t 2.241064e+02 2.030038e+02 9.797522e+01 2.553856e+02 1.637475e+02
32t 5.843392e+02 4.903268e+02 3.276131e+02 1.506865e+03 3.475137e+02
33t 1.224927e+02 9.386507e+01 1.140263e+02 1.460153e+02 1.107550e+02
34t 2.797996e+01 2.869324e+01 3.470622e+01 3.771527e+01 2.509628e+01
35t 1.312167e+04 1.250066e+04 1.250168e+04 1.460035e+04 1.258718e+04
36t 1.781429e+05 2.303273e+05 3.745539e+05 2.292196e+05 2.058941e+05
37t 5.642476e+01 6.210001e+01 6.042588e+01 5.438910e+01 5.869192e+01
38t 1.877934e+05 2.288025e+05 2.383575e+05 2.107345e+05 1.938077e+05
39t 5.565327e+00 6.402638e+00 6.262431e+00 8.187620e+00 6.953392e+00
40t 1.161801e+02 5.578080e+01 2.729029e+01 1.275694e+02 4.454466e+01
41t 4.484645e+02 4.511950e+02 4.555040e+02 9.268150e+02 4.491633e+02
42t 3.985860e+02 3.010798e+02 2.976529e+02 4.544910e+02 3.242678e+02
43t 4.611033e+02 3.404993e+02 3.378210e+02 5.288853e+02 3.578441e+02
44t 9.431490e+02 9.216872e+02 9.326162e+02 9.948765e+02 9.366449e+02
45t 9.398250e+02 9.310644e+02 9.331998e+02 1.155976e+03 9.323296e+02
46t 9.412762e+02 9.261028e+02 9.309041e+02 1.027678e+03 9.375022e+02
47t 5.474616e+02 1.024064e+03 6.021600e+02 5.315980e+02 5.463607e+02
48t 9.717442e+02 9.488365e+02 9.676811e+02 1.235938e+03 9.934058e+02
49t 1.036200e+03 1.018220e+03 1.019138e+03 1.035164e+03 1.023432e+03
50t 1.233678e+03 1.156224e+03 1.188919e+03 1.245781e+03 1.168118e+03
              71           72           73           74           75
1t  1.102275e+00 9.299533e-01 1.103732e+00 1.395635e+00 1.072177e+00
2t  1.125183e+07 3.099177e+06 7.811044e+06 6.975183e+06 1.397790e+07
3t  1.702254e+06 1.220759e+06 1.940263e+06 2.024022e+06 1.948224e+06
4t  1.106726e+05 8.331739e+04 1.252377e+05 1.468778e+05 1.041290e+05
5t  4.106987e+01 2.593760e+01 3.876429e+01 4.216760e+01 3.986895e+01
6t  5.111593e+01 5.182347e+00 1.421540e+02 3.551530e+02 5.195696e+02
7t  4.365592e+03 8.664768e+03 4.522906e+03 6.606305e+03 4.202125e+03
8t  5.670590e+00 5.203459e+00 5.658319e+00 6.597553e+00 5.556408e+00
9t  2.610867e+02 3.379790e+02 2.963330e+02 3.040078e+02 2.752561e+02
10t 2.551912e+01 2.521817e+01 2.762749e+01 2.842346e+01 2.627069e+01
11t 2.705464e+02 2.775011e+02 2.801642e+02 2.729442e+02 2.557212e+02
12t 1.326505e+04 1.091221e+04 8.074860e+03 1.088937e+04 1.343399e+04
13t 1.802487e+01 1.975434e+01 1.212858e+00 1.979719e+01 1.196845e+00
14t 2.098019e+01 2.098169e+01 2.108986e+01 2.116154e+01 2.098122e+01
15t 1.512015e+02 6.996754e+03 4.053492e+02 3.206720e+02 1.913155e+02
16t 4.892818e+01 4.707676e+01 4.853318e+01 4.925096e+01 1.287952e+02
17t 1.222204e-01 5.266127e-01 8.460478e-01 4.691868e-02 1.231407e+00
18t 8.933286e-01 8.509385e-01 9.088240e-01 9.310949e-01 8.439218e-01
19t 5.174675e+02 7.063978e+02 5.388827e+02 6.807190e+02 5.853741e+02
20t 3.123811e+02 4.007017e+02 3.117168e+02 4.874817e+02 3.089683e+02
21t 2.824984e+04 2.856210e+04 2.804747e+04 3.404394e+04 2.722819e+04
22t 2.807994e+04 2.816762e+04 2.870951e+04 3.399722e+04 2.806827e+04
23t 5.494026e+01 6.117893e+01 5.563218e+01 3.745583e+01 5.103273e+01
24t 7.019562e-01 7.557836e-01 8.236910e-01 2.307898e+00 8.413469e-01
25t 8.149421e-01 9.869375e-01 6.517884e-01 6.528653e-01 9.194308e-01
26t 2.737290e-01 3.207896e-01 2.981915e-01 3.313055e-01 2.941226e-01
27t 9.785001e+01 1.192900e+02 6.607562e+01 7.456585e+01 7.144440e+01
28t 2.242188e+02 2.073003e+02 2.064058e+02 2.581669e+02 2.506991e+02
29t 3.208565e+02 3.824523e+02 3.167032e+02 3.583077e+02 3.873383e+02
30t 1.092527e+01 9.518932e+00 9.615203e+00 1.392713e+01 1.021014e+01
31t 1.905398e+02 2.370312e+02 1.776444e+02 1.265661e+02 1.390417e+02
32t 4.708302e+02 7.196151e+02 5.119640e+02 3.162561e+02 4.249817e+02
33t 1.102217e+02 1.357338e+02 1.097495e+02 1.025624e+02 1.065640e+02
34t 2.343366e+01 2.565436e+01 2.590888e+01 2.524519e+01 2.052436e+01
35t 1.327624e+04 1.307701e+04 1.285104e+04 1.274652e+04 1.287482e+04
36t 1.466878e+05 2.000481e+05 1.602138e+05 1.706088e+05 1.471815e+05
37t 5.780996e+01 5.930786e+01 5.691540e+01 6.104493e+01 5.535005e+01
38t 1.973307e+05 2.671883e+05 2.027094e+05 1.436795e+05 2.217494e+05
39t 7.362500e+00 5.288261e+00 7.482228e+00 4.952983e+00 5.426411e+00
40t 5.317217e+01 8.580433e+01 6.173788e+01 1.495709e+02 8.024964e+01
41t 4.465311e+02 4.475005e+02 4.477035e+02 4.495692e+02 4.481134e+02
42t 4.040182e+02 3.313046e+02 3.226142e+02 3.129454e+02 3.278238e+02
43t 3.640520e+02 4.686368e+02 3.721375e+02 4.065840e+02 4.098814e+02
44t 9.374255e+02 9.303817e+02 9.374331e+02 9.958347e+02 9.363520e+02
45t 9.365808e+02 9.307375e+02 9.335021e+02 9.564630e+02 9.383633e+02
46t 9.246722e+02 9.290864e+02 9.317766e+02 9.583812e+02 9.405152e+02
47t 5.292272e+02 5.401864e+02 1.031426e+03 5.493626e+02 5.322202e+02
48t 9.991779e+02 9.946457e+02 1.049359e+03 9.904986e+02 9.889806e+02
49t 1.030196e+03 1.019233e+03 5.570006e+02 5.666353e+02 1.028087e+03
50t 1.170872e+03 1.197786e+03 1.216256e+03 1.296539e+03 1.260038e+03
              76           77           78           79           80
1t  1.651600e+00 1.302082e+00 1.897048e+00 8.152385e-01 1.184509e+00
2t  1.842189e+07 1.114219e+07 2.027932e+07 3.596326e+06 6.820484e+06
3t  2.375693e+06 1.983633e+06 2.715799e+06 1.164226e+06 1.765725e+06
4t  9.130797e+04 1.033493e+05 1.078093e+05 7.550065e+04 1.399678e+05
5t  1.810609e+01 4.188483e+01 1.426588e+01 3.820198e+01 4.230398e+01
6t  2.467762e+02 1.543054e+02 4.613627e+02 4.402816e+00 6.513047e+02
7t  4.885577e+03 7.373336e+03 4.076887e+03 1.238742e+04 6.602045e+03
8t  6.832125e+00 6.159141e+00 6.624429e+00 5.018520e+00 6.193521e+00
9t  2.668979e+02 2.912630e+02 2.596488e+02 3.258470e+02 3.215345e+02
10t 3.172194e+01 2.882312e+01 3.292393e+01 2.222089e+01 2.747086e+01
11t 2.512722e+02 2.584417e+02 2.333956e+02 2.947876e+02 2.951306e+02
12t 3.000352e+02 1.874111e+04 2.611005e+03 1.257418e+04 1.068237e+04
13t 1.599762e+00 1.521590e+00 1.885408e+00 1.942961e+01 1.997310e+01
14t 2.105736e+01 2.097046e+01 2.104311e+01 2.086976e+01 2.115583e+01
15t 1.888115e+03 6.605056e+02 3.663950e+02 3.855318e+02 1.869631e+02
16t 4.913504e+01 4.920545e+01 4.935484e+01 4.746852e+01 4.922677e+01
17t 6.255152e-01 2.559516e+00 1.007229e+00 8.729341e-02 5.982348e-02
18t 9.898222e-01 9.771377e-01 1.018286e+00 7.794649e-01 9.263079e-01
19t 4.054648e+02 4.828837e+02 4.587617e+02 1.295510e+03 6.344441e+02
20t 2.587084e+02 3.254212e+02 2.781200e+02 4.742337e+02 4.911050e+02
21t 2.828908e+04 2.876436e+04 2.756233e+04 2.894597e+04 3.337953e+04
22t 2.899838e+04 2.872237e+04 2.783390e+04 2.924697e+04 3.510185e+04
23t 4.524900e+01 5.581743e+01 4.275376e+01 6.283867e+01 5.739791e+01
24t 6.112964e-01 8.765563e-01 5.995570e-01 5.033083e-01 3.761580e+00
25t 6.926246e-01 6.473575e-01 4.605184e-01 7.222166e-01 5.604090e-01
26t 2.829721e-01 2.833473e-01 3.087515e-01 7.195157e-01 2.746363e-01
27t 8.330818e+01 8.678004e+01 7.743599e+01 1.159431e+02 5.347135e+01
28t 2.642558e+02 2.345238e+03 2.669672e+02 2.654529e+02 2.147154e+02
29t 2.785823e+02 3.006411e+02 3.173084e+02 3.586226e+02 3.989837e+02
30t 1.161064e+01 1.343386e+01 1.275038e+01 2.215990e+01 1.135574e+01
31t 1.934854e+02 1.865820e+02 1.609964e+02 2.318195e+02 1.544434e+02
32t 5.625196e+02 6.853381e+02 3.588885e+02 1.399887e+03 5.055724e+02
33t 1.017380e+02 1.074320e+02 1.111265e+02 1.326230e+02 1.166101e+02
34t 2.534271e+01 2.348516e+01 2.951557e+01 3.320430e+01 2.772246e+01
35t 1.248709e+04 1.268364e+04 1.270195e+04 1.442617e+04 1.277954e+04
36t 2.553021e+05 1.385201e+05 2.565643e+05 2.352613e+05 1.909364e+05
37t 5.902951e+01 5.644239e+01 5.738281e+01 5.296770e+01 6.323699e+01
38t 3.443729e+05 1.880629e+05 2.528952e+05 1.960004e+05 1.556192e+05
39t 6.055774e+00 7.193348e+00 5.500281e+00 5.209981e+00 4.604354e+00
40t 4.818184e+01 5.808579e+01 2.935967e+01 1.280940e+02 1.501563e+02
41t 4.502811e+02 4.486605e+02 4.512392e+02 7.316803e+02 4.494640e+02
42t 2.969338e+02 3.306632e+02 2.831509e+02 4.269350e+02 3.738125e+02
43t 3.715002e+02 4.586835e+02 3.117693e+02 6.142452e+02 4.189655e+02
44t 9.249360e+02 9.368575e+02 9.319464e+02 9.393345e+02 9.529618e+02
45t 9.289971e+02 9.379067e+02 9.314151e+02 1.057702e+03 9.487709e+02
46t 9.236976e+02 9.345418e+02 9.325564e+02 1.014125e+03 9.493267e+02
47t 1.022910e+03 1.031069e+03 1.022957e+03 1.035117e+03 5.484394e+02
48t 9.708340e+02 9.997762e+02 9.311184e+02 1.370175e+03 9.965772e+02
49t 1.020904e+03 1.039869e+03 1.024229e+03 1.036522e+03 5.626908e+02
50t 1.118486e+03 1.226967e+03 1.006776e+03 1.277537e+03 1.333085e+03
# 2026-01-31 02:53:59 -03: Finished testing
