# 2026-01-22 01:00:53 -03: Reading parameter file '/home/pestobar/Activities/irace-executions/ACOTSP/Scenarios/BH-90/Runs/BH-90_seed_100003/parameters.txt'.
# 2026-01-22 01:00:53 -03: 1 expression(s) specifying forbidden configurations read.
# 2026-01-22 01:00:54 -03: Initialization
# Elitist race
# Elitist new instances: 1
# Elitist limit: 2
# nbIterations: 5
# minNbSurvival: 5
# nbParameters: 11
# seed: 100003
# confidence level: 0.95
# budget: 5500
# mu: 5
# deterministic: FALSE

# 2026-01-22 01:00:54 -03: Iteration 1 of 5
# experimentsUsed: 0
# remainingBudget: 5500
# currentBudget: 1100
# nbConfigurations: 90
# Markers:
     x No test is performed.
     c Configurations are discarded only due to capping.
     - The test is performed and some configurations are discarded.
     = The test is performed but no configuration is discarded.
     ! The test is performed and configurations could be discarded but elite configurations are preserved.
     . All alive configurations are elite and nothing is discarded.

+-+-----------+-----------+-----------+----------------+-----------+--------+-----+----+------+
| |   Instance|      Alive|       Best|       Mean best| Exp so far|  W time|  rho|KenW|  Qvar|
+-+-----------+-----------+-----------+----------------+-----------+--------+-----+----+------+
|x|          1|         90|         19|     32554963.00|         90|00:05:10|   NA|  NA|    NA|
|x|          2|         90|         82|     32643566.00|        180|00:05:19|+0.98|0.99|0.0010|
|x|          3|         90|         82|     32633408.67|        270|00:05:28|+0.98|0.99|0.0012|
|x|          4|         90|         82|     32706354.50|        360|00:05:01|+0.98|0.98|0.0011|
|-|          5|          4|         82|     32692187.20|        450|00:05:12|+0.36|0.49|0.4951|
+-+-----------+-----------+-----------+----------------+-----------+--------+-----+----+------+
Best-so-far configuration:          82    mean value:      32692187.20
Description of the best-so-far configuration:
   .ID. algorithm localsearch alpha beta  rho ants   q0 rasrank elitistants
82   82       acs           3  2.62 6.01 0.52   23 0.14      NA          NA
   nnls dlb .PARENT.
82   20   1       NA

# 2026-01-22 01:27:07 -03: Elite configurations (first number is the configuration ID; listed from best to worst according to the sum of ranks):
   algorithm localsearch alpha beta  rho ants   q0 rasrank elitistants nnls dlb
82       acs           3  2.62 6.01 0.52   23 0.14      NA          NA   20   1
11       ras           3  3.44 3.28 0.96   87   NA      72          NA   37   0
19       acs           3  2.04 1.09 0.87    6 0.74      NA          NA   16   1
52       eas           3  4.77 6.87 0.27   41   NA      NA         376   47   1
# 2026-01-22 01:27:07 -03: Iteration 2 of 5
# experimentsUsed: 450
# remainingBudget: 5050
# currentBudget: 1262
# nbConfigurations: 90
# Markers:
     x No test is performed.
     c Configurations are discarded only due to capping.
     - The test is performed and some configurations are discarded.
     = The test is performed but no configuration is discarded.
     ! The test is performed and configurations could be discarded but elite configurations are preserved.
     . All alive configurations are elite and nothing is discarded.

+-+-----------+-----------+-----------+----------------+-----------+--------+-----+----+------+
| |   Instance|      Alive|       Best|       Mean best| Exp so far|  W time|  rho|KenW|  Qvar|
+-+-----------+-----------+-----------+----------------+-----------+--------+-----+----+------+
|x|          6|         90|        139|     32424311.00|         90|00:04:40|   NA|  NA|    NA|
|x|          3|         90|        147|     32501386.50|        176|00:04:17|+0.96|0.98|0.0031|
|x|          1|         90|        147|     32529990.67|        262|00:04:22|+0.97|0.98|0.0028|
|x|          4|         90|        147|     32631380.00|        348|00:04:11|+0.97|0.97|0.0027|
|-|          2|         11|        147|     32646232.80|        434|00:03:43|+0.18|0.35|0.6995|
|-|          5|          8|        148|     32641540.17|        441|00:00:41|-0.07|0.11|0.9683|
|=|          7|          8|        175|     32666037.86|        449|00:00:46|-0.03|0.11|0.9370|
|=|          8|          8|        175|     32666836.50|        457|00:00:45|-0.02|0.11|0.9155|
+-+-----------+-----------+-----------+----------------+-----------+--------+-----+----+------+
Best-so-far configuration:         175    mean value:      32666836.50
Description of the best-so-far configuration:
    .ID. algorithm localsearch alpha beta  rho ants   q0 rasrank elitistants
175  175       acs           3  3.16 2.62 0.93   20 0.35      NA          NA
    nnls dlb .PARENT.
175   21   1       19

# 2026-01-22 01:50:36 -03: Elite configurations (first number is the configuration ID; listed from best to worst according to the sum of ranks):
    algorithm localsearch alpha beta  rho ants   q0 rasrank elitistants nnls
175       acs           3  3.16 2.62 0.93   20 0.35      NA          NA   21
148       ras           3  3.57 7.47 0.71   33   NA      13          NA   22
143       acs           3  2.90 8.50 0.59   43 0.44      NA          NA   18
147       ras           3  3.71 5.10 0.98   79   NA      37          NA   37
134       acs           3  1.60 4.15 0.14   11 0.57      NA          NA   30
    dlb
175   1
148   1
143   1
147   1
134   0
# 2026-01-22 01:50:36 -03: Iteration 3 of 5
# experimentsUsed: 907
# remainingBudget: 4593
# currentBudget: 1531
# nbConfigurations: 90
# Markers:
     x No test is performed.
     c Configurations are discarded only due to capping.
     - The test is performed and some configurations are discarded.
     = The test is performed but no configuration is discarded.
     ! The test is performed and configurations could be discarded but elite configurations are preserved.
     . All alive configurations are elite and nothing is discarded.

+-+-----------+-----------+-----------+----------------+-----------+--------+-----+----+------+
| |   Instance|      Alive|       Best|       Mean best| Exp so far|  W time|  rho|KenW|  Qvar|
+-+-----------+-----------+-----------+----------------+-----------+--------+-----+----+------+
|x|          9|         90|        134|     32844072.00|         90|00:03:19|   NA|  NA|    NA|
|x|          2|         90|        235|     32772224.00|        175|00:03:16|+0.94|0.97|0.0014|
|x|          6|         90|        235|     32642779.33|        260|00:03:40|+0.91|0.94|0.0027|
|x|          7|         90|        209|     32706801.50|        345|00:03:52|+0.91|0.93|0.0024|
|-|          8|         19|        217|     32709229.20|        430|00:03:58|-0.17|0.07|1.1071|
|=|          1|         19|        235|     32682537.50|        444|00:00:58|-0.11|0.08|1.0578|
|=|          4|         19|        235|     32712778.71|        458|00:01:18|-0.07|0.08|1.0310|
|=|          5|         19|        195|     32753977.00|        472|00:01:21|-0.03|0.10|0.9943|
|=|          3|         19|        195|     32729867.44|        486|00:01:11|-0.01|0.10|0.9801|
|=|         10|         19|        195|     32723058.10|        505|00:01:09|+0.01|0.11|0.9519|
+-+-----------+-----------+-----------+----------------+-----------+--------+-----+----+------+
Best-so-far configuration:         195    mean value:      32723058.10
Description of the best-so-far configuration:
    .ID. algorithm localsearch alpha beta  rho ants   q0 rasrank elitistants
195  195       acs           3  2.62 3.88 0.87   28 0.23      NA          NA
    nnls dlb .PARENT.
195   22   0      175

# 2026-01-22 02:14:43 -03: Elite configurations (first number is the configuration ID; listed from best to worst according to the sum of ranks):
    algorithm localsearch alpha beta  rho ants   q0 rasrank elitistants nnls
195       acs           3  2.62 3.88 0.87   28 0.23      NA          NA   22
189       acs           3  4.64 2.54 0.52    9 0.04      NA          NA   18
235       acs           3  3.78 1.75 0.49   23 0.15      NA          NA   14
175       acs           3  3.16 2.62 0.93   20 0.35      NA          NA   21
217       acs           3  2.80 2.44 0.88   40 0.13      NA          NA   11
    dlb
195   0
189   1
235   1
175   1
217   0
# 2026-01-22 02:14:43 -03: Iteration 4 of 5
# experimentsUsed: 1412
# remainingBudget: 4088
# currentBudget: 2044
# nbConfigurations: 90
# Markers:
     x No test is performed.
     c Configurations are discarded only due to capping.
     - The test is performed and some configurations are discarded.
     = The test is performed but no configuration is discarded.
     ! The test is performed and configurations could be discarded but elite configurations are preserved.
     . All alive configurations are elite and nothing is discarded.

+-+-----------+-----------+-----------+----------------+-----------+--------+-----+----+------+
| |   Instance|      Alive|       Best|       Mean best| Exp so far|  W time|  rho|KenW|  Qvar|
+-+-----------+-----------+-----------+----------------+-----------+--------+-----+----+------+
|x|         11|         90|        281|     32713124.00|         90|00:04:12|   NA|  NA|    NA|
|x|          7|         90|        297|     32766848.50|        175|00:03:41|+0.58|0.79|0.0041|
|x|          5|         90|        268|     32753629.67|        260|00:03:36|+0.57|0.72|0.0050|
|x|          4|         90|        268|     32785820.00|        345|00:04:11|+0.57|0.68|0.0073|
|-|          1|         36|        175|     32725175.80|        430|00:04:01|-0.08|0.13|1.0602|
|=|          2|         36|        268|     32725143.00|        461|00:01:40|-0.05|0.12|1.0331|
|=|         10|         36|        297|     32712502.86|        492|00:01:17|-0.01|0.14|0.9991|
|=|          3|         36|        189|     32691283.50|        523|00:01:55|-0.02|0.10|1.0078|
|=|          6|         36|        297|     32663286.56|        554|00:02:01|-0.02|0.09|1.0155|
|=|          9|         36|        297|     32690350.60|        585|00:01:26|-0.02|0.08|1.0032|
|=|          8|         36|        297|     32693621.55|        616|00:01:53|+0.00|0.09|0.9823|
|=|         12|         36|        295|     32683343.67|        652|00:01:55|+0.03|0.12|0.9597|
+-+-----------+-----------+-----------+----------------+-----------+--------+-----+----+------+
Best-so-far configuration:         295    mean value:      32683343.67
Description of the best-so-far configuration:
    .ID. algorithm localsearch alpha beta rho ants   q0 rasrank elitistants
295  295       acs           3   1.9 3.98 0.8   39 0.54      NA          NA
    nnls dlb .PARENT.
295   18   0      195

# 2026-01-22 02:46:36 -03: Elite configurations (first number is the configuration ID; listed from best to worst according to the sum of ranks):
    algorithm localsearch alpha beta  rho ants   q0 rasrank elitistants nnls
295       acs           3  1.90 3.98 0.80   39 0.54      NA          NA   18
297       acs           3  2.17 2.07 0.94   51 0.00      NA          NA   13
324       acs           3  2.02 2.77 0.84   45 0.13      NA          NA   15
325       acs           3  2.87 6.23 0.77   44 0.28      NA          NA   25
189       acs           3  4.64 2.54 0.52    9 0.04      NA          NA   18
    dlb
295   0
297   0
324   0
325   0
189   1
# 2026-01-22 02:46:36 -03: Iteration 5 of 5
# experimentsUsed: 2064
# remainingBudget: 3436
# currentBudget: 3436
# nbConfigurations: 90
# Markers:
     x No test is performed.
     c Configurations are discarded only due to capping.
     - The test is performed and some configurations are discarded.
     = The test is performed but no configuration is discarded.
     ! The test is performed and configurations could be discarded but elite configurations are preserved.
     . All alive configurations are elite and nothing is discarded.

+-+-----------+-----------+-----------+----------------+-----------+--------+-----+----+------+
| |   Instance|      Alive|       Best|       Mean best| Exp so far|  W time|  rho|KenW|  Qvar|
+-+-----------+-----------+-----------+----------------+-----------+--------+-----+----+------+
|x|         13|         90|        379|     32387902.00|         90|00:05:26|   NA|  NA|    NA|
|x|          3|         90|        379|     32455042.00|        175|00:04:27|+0.35|0.68|0.4194|
|x|         10|         90|        379|     32495030.00|        260|00:05:40|+0.38|0.59|0.3910|
|x|          8|         90|        407|     32557232.75|        345|00:05:40|+0.38|0.54|0.3870|
|-|          5|         27|        407|     32573888.40|        430|00:05:39|-0.05|0.16|1.0113|
|=|          9|         27|        379|     32617293.00|        452|00:01:42|-0.01|0.16|0.9771|
|=|          6|         27|        407|     32599058.86|        474|00:01:51|-0.01|0.13|0.9551|
|=|          7|         27|        407|     32624906.00|        496|00:01:43|-0.00|0.12|0.9432|
|=|         11|         27|        407|     32639644.78|        518|00:01:47|+0.01|0.12|0.9410|
|=|          1|         27|        407|     32627238.20|        540|00:01:43|+0.03|0.13|0.9203|
|=|          4|         27|        407|     32655071.09|        562|00:01:20|+0.02|0.11|0.9296|
|=|          2|         27|        407|     32650840.50|        584|00:01:28|+0.02|0.10|0.9300|
|=|         12|         27|        407|     32647867.08|        606|00:01:24|+0.00|0.08|0.9430|
|=|         14|         27|        407|     32630682.07|        633|00:01:23|+0.01|0.09|0.9345|
+-+-----------+-----------+-----------+----------------+-----------+--------+-----+----+------+
Best-so-far configuration:         407    mean value:      32630682.07
Description of the best-so-far configuration:
    .ID. algorithm localsearch alpha beta  rho ants   q0 rasrank elitistants
407  407       acs           3  2.27 2.24 0.98   49 0.01      NA          NA
    nnls dlb .PARENT.
407   10   0      297

# 2026-01-22 03:27:56 -03: Elite configurations (first number is the configuration ID; listed from best to worst according to the sum of ranks):
    algorithm localsearch alpha beta  rho ants   q0 rasrank elitistants nnls
407       acs           3  2.27 2.24 0.98   49 0.01      NA          NA   10
379       acs           3  2.29 2.12 0.94   48 0.17      NA          NA   11
397       acs           3  2.03 3.67 0.83   49 0.03      NA          NA   11
297       acs           3  2.17 2.07 0.94   51 0.00      NA          NA   13
352       acs           3  2.44 6.95 0.75   47 0.08      NA          NA   27
    dlb
407   0
379   0
397   0
297   0
352   0
# 2026-01-22 03:27:56 -03: Iteration 6 of 6
# experimentsUsed: 2697
# remainingBudget: 2803
# currentBudget: 2803
# nbConfigurations: 90
# Markers:
     x No test is performed.
     c Configurations are discarded only due to capping.
     - The test is performed and some configurations are discarded.
     = The test is performed but no configuration is discarded.
     ! The test is performed and configurations could be discarded but elite configurations are preserved.
     . All alive configurations are elite and nothing is discarded.

+-+-----------+-----------+-----------+----------------+-----------+--------+-----+----+------+
| |   Instance|      Alive|       Best|       Mean best| Exp so far|  W time|  rho|KenW|  Qvar|
+-+-----------+-----------+-----------+----------------+-----------+--------+-----+----+------+
|x|         15|         90|        463|     32582121.00|         90|00:03:56|   NA|  NA|    NA|
|x|          9|         90|        461|     32722420.50|        175|00:03:38|+0.24|0.62|0.4679|
|x|          6|         90|        461|     32616435.67|        260|00:04:26|+0.29|0.53|0.5753|
|x|          5|         90|        434|     32636256.00|        345|00:04:29|+0.24|0.43|0.5998|
|-|         14|         49|        500|     32589847.80|        430|00:03:53|-0.14|0.09|1.1167|
|=|          7|         49|        500|     32624773.00|        474|00:02:26|-0.07|0.11|1.0360|
|=|         10|         49|        500|     32627726.00|        518|00:02:36|-0.01|0.13|0.9908|
|=|         12|         49|        463|     32619739.50|        562|00:02:39|-0.01|0.11|0.9905|
|=|          1|         49|        463|     32595475.22|        606|00:02:27|-0.02|0.09|0.9862|
|=|          4|         49|        463|     32628055.70|        650|00:02:21|-0.03|0.08|0.9890|
|=|          3|         49|        500|     32629036.55|        694|00:02:29|-0.02|0.08|0.9845|
|=|          2|         49|        500|     32631640.08|        738|00:02:32|-0.01|0.07|0.9831|
|=|          8|         49|        500|     32635288.85|        782|00:02:25|-0.00|0.07|0.9728|
|=|         11|         49|        500|     32643664.86|        826|00:02:26|+0.01|0.08|0.9691|
|=|         13|         49|        500|     32633733.67|        870|00:02:32|+0.01|0.08|0.9620|
|=|         16|         49|        500|     32641256.56|        919|00:03:17|+0.01|0.07|0.9618|
+-+-----------+-----------+-----------+----------------+-----------+--------+-----+----+------+
Best-so-far configuration:         500    mean value:      32641256.56
Description of the best-so-far configuration:
    .ID. algorithm localsearch alpha beta  rho ants   q0 rasrank elitistants
500  500       acs           3  2.57    7 0.74   46 0.07      NA          NA
    nnls dlb .PARENT.
500   20   0      352

# 2026-01-22 04:16:36 -03: Elite configurations (first number is the configuration ID; listed from best to worst according to the sum of ranks):
    algorithm localsearch alpha beta  rho ants   q0 rasrank elitistants nnls
500       acs           3  2.57 7.00 0.74   46 0.07      NA          NA   20
407       acs           3  2.27 2.24 0.98   49 0.01      NA          NA   10
379       acs           3  2.29 2.12 0.94   48 0.17      NA          NA   11
463       acs           3  2.30 1.22 0.97   47 0.05      NA          NA   10
434       acs           3  2.36 2.43 0.91   53 0.04      NA          NA   14
    dlb
500   0
407   0
379   0
463   0
434   0
# 2026-01-22 04:16:36 -03: Iteration 7 of 7
# experimentsUsed: 3616
# remainingBudget: 1884
# currentBudget: 1884
# nbConfigurations: 90
# Markers:
     x No test is performed.
     c Configurations are discarded only due to capping.
     - The test is performed and some configurations are discarded.
     = The test is performed but no configuration is discarded.
     ! The test is performed and configurations could be discarded but elite configurations are preserved.
     . All alive configurations are elite and nothing is discarded.

+-+-----------+-----------+-----------+----------------+-----------+--------+-----+----+------+
| |   Instance|      Alive|       Best|       Mean best| Exp so far|  W time|  rho|KenW|  Qvar|
+-+-----------+-----------+-----------+----------------+-----------+--------+-----+----+------+
|x|         17|         90|        546|     32513045.00|         90|00:04:11|   NA|  NA|    NA|
|x|          6|         90|        590|     32449060.00|        175|00:04:54|-0.01|0.50|0.5148|
|x|          5|         90|        573|     32529319.67|        260|00:04:20|-0.00|0.33|0.4256|
|x|         14|         90|        531|     32514703.75|        345|00:03:55|+0.06|0.30|0.3603|
|-|          9|         58|        580|     32577679.40|        430|00:03:56|-0.10|0.12|1.0857|
|=|          7|         58|        571|     32612136.83|        483|00:02:35|-0.08|0.10|1.0556|
|=|          2|         58|        533|     32625546.43|        536|00:02:44|-0.07|0.08|1.0513|
|=|         16|         58|        533|     32628373.00|        589|00:02:39|-0.04|0.09|1.0166|
|=|         12|         58|        533|     32632043.78|        642|00:02:17|-0.03|0.08|1.0112|
|=|          1|         58|        580|     32611647.70|        695|00:02:20|-0.01|0.09|0.9877|
|=|         11|         58|        580|     32624277.09|        748|00:02:26|-0.01|0.09|0.9817|
|=|         10|         58|        580|     32623862.33|        801|00:02:38|+0.00|0.09|0.9681|
|=|          4|         58|        556|     32649545.23|        854|00:02:36|+0.00|0.08|0.9673|
|=|          3|         58|        556|     32642205.36|        907|00:02:45|+0.01|0.08|0.9606|
|=|         13|         58|        528|     32627231.13|        960|00:02:45|+0.01|0.08|0.9607|
|=|         15|         58|        556|     32633167.19|       1013|00:02:50|+0.00|0.06|0.9738|
|=|          8|         58|        407|     32636605.29|       1066|00:02:18|+0.00|0.06|0.9728|
|=|         18|         58|        407|     32632266.33|       1124|00:02:57|+0.00|0.06|0.9746|
+-+-----------+-----------+-----------+----------------+-----------+--------+-----+----+------+
Best-so-far configuration:         407    mean value:      32632266.33
Description of the best-so-far configuration:
    .ID. algorithm localsearch alpha beta  rho ants   q0 rasrank elitistants
407  407       acs           3  2.27 2.24 0.98   49 0.01      NA          NA
    nnls dlb .PARENT.
407   10   0      297

# 2026-01-22 05:11:50 -03: Elite configurations (first number is the configuration ID; listed from best to worst according to the sum of ranks):
    algorithm localsearch alpha beta  rho ants   q0 rasrank elitistants nnls
407       acs           3  2.27 2.24 0.98   49 0.01      NA          NA   10
533       acs           3  2.45 6.53 0.76   44 0.14      NA          NA   17
580       acs           3  2.29 2.76 0.94   46 0.03      NA          NA    9
528       acs           3  2.19 2.17 1.00   50 0.04      NA          NA   10
500       acs           3  2.57 7.00 0.74   46 0.07      NA          NA   20
    dlb
407   0
533   0
580   0
528   0
500   0
# 2026-01-22 05:11:50 -03: There is not enough budget to enforce the value of nbConfigurations, returning to default behaviour nbConfigurations:44.
# Iteration: 8
# nbIterations: 8
# experimentsUsed: 4740
# timeUsed: 0
# remainingBudget: 760
# currentBudget: 760
# number of elites: 5
# nbConfigurations: 44
# 2026-01-22 05:11:50 -03: Iteration 8 of 8
# experimentsUsed: 4740
# remainingBudget: 760
# currentBudget: 760
# nbConfigurations: 44
# Markers:
     x No test is performed.
     c Configurations are discarded only due to capping.
     - The test is performed and some configurations are discarded.
     = The test is performed but no configuration is discarded.
     ! The test is performed and configurations could be discarded but elite configurations are preserved.
     . All alive configurations are elite and nothing is discarded.

+-+-----------+-----------+-----------+----------------+-----------+--------+-----+----+------+
| |   Instance|      Alive|       Best|       Mean best| Exp so far|  W time|  rho|KenW|  Qvar|
+-+-----------+-----------+-----------+----------------+-----------+--------+-----+----+------+
|x|         19|         44|        604|     32668787.00|         44|00:02:09|   NA|  NA|    NA|
|x|         12|         44|        618|     32608521.50|         83|00:01:55|-0.11|0.44|1.0563|
|x|          6|         44|        613|     32536252.67|        122|00:02:12|-0.03|0.31|0.9860|
|x|          4|         44|        618|     32626438.75|        161|00:01:52|-0.01|0.24|0.9586|
|=|          7|         44|        618|     32658781.40|        200|00:01:37|+0.03|0.22|0.9210|
|=|          9|         44|        618|     32700916.17|        239|00:01:43|+0.01|0.18|0.9607|
|=|         13|         44|        618|     32669518.29|        278|00:01:49|+0.02|0.16|0.9559|
|=|          5|         44|        618|     32668384.12|        317|00:02:00|+0.04|0.16|0.9322|
|-|         16|         22|        618|     32671800.89|        356|00:02:05|-0.05|0.06|0.9961|
|=|          3|         22|        618|     32657182.50|        373|00:00:54|-0.03|0.08|0.9694|
|=|         14|         22|        618|     32636045.82|        390|00:00:54|-0.00|0.09|0.9507|
|=|         15|         22|        618|     32634184.08|        407|00:00:56|-0.00|0.08|0.9548|
|=|          1|         22|        618|     32625117.92|        424|00:00:55|+0.00|0.08|0.9532|
|=|         10|         22|        618|     32630965.57|        441|00:00:50|-0.01|0.06|0.9611|
|=|         18|         22|        618|     32623516.87|        458|00:00:48|+0.00|0.07|0.9527|
|=|         17|         22|        618|     32624418.62|        475|00:00:55|+0.01|0.07|0.9506|
|=|          8|         22|        618|     32630952.24|        492|00:00:53|+0.02|0.07|0.9409|
|=|          2|         22|        618|     32628390.72|        509|00:00:55|+0.03|0.08|0.9287|
|=|         11|         22|        407|     32637757.95|        526|00:00:58|+0.03|0.08|0.9296|
|=|         20|         22|        533|     32637968.55|        548|00:01:10|+0.02|0.07|0.9363|
+-+-----------+-----------+-----------+----------------+-----------+--------+-----+----+------+
Best-so-far configuration:         533    mean value:      32637968.55
Description of the best-so-far configuration:
    .ID. algorithm localsearch alpha beta  rho ants   q0 rasrank elitistants
533  533       acs           3  2.45 6.53 0.76   44 0.14      NA          NA
    nnls dlb .PARENT.
533   17   0      500

# 2026-01-22 05:39:29 -03: Elite configurations (first number is the configuration ID; listed from best to worst according to the sum of ranks):
    algorithm localsearch alpha beta  rho ants   q0 rasrank elitistants nnls
533       acs           3  2.45 6.53 0.76   44 0.14      NA          NA   17
407       acs           3  2.27 2.24 0.98   49 0.01      NA          NA   10
618       acs           3  2.12 2.45 0.99   46 0.02      NA          NA   13
617       acs           3  2.06 2.60 0.99   49 0.06      NA          NA    9
580       acs           3  2.29 2.76 0.94   46 0.03      NA          NA    9
    dlb
533   0
407   0
618   0
617   0
580   0
# 2026-01-22 05:39:29 -03: There is not enough budget to enforce the value of nbConfigurations, returning to default behaviour nbConfigurations:14.
# Iteration: 9
# nbIterations: 9
# experimentsUsed: 5288
# timeUsed: 0
# remainingBudget: 212
# currentBudget: 212
# number of elites: 5
# nbConfigurations: 14
# 2026-01-22 05:39:29 -03: Iteration 9 of 9
# experimentsUsed: 5288
# remainingBudget: 212
# currentBudget: 212
# nbConfigurations: 14
# Markers:
     x No test is performed.
     c Configurations are discarded only due to capping.
     - The test is performed and some configurations are discarded.
     = The test is performed but no configuration is discarded.
     ! The test is performed and configurations could be discarded but elite configurations are preserved.
     . All alive configurations are elite and nothing is discarded.

+-+-----------+-----------+-----------+----------------+-----------+--------+-----+----+------+
| |   Instance|      Alive|       Best|       Mean best| Exp so far|  W time|  rho|KenW|  Qvar|
+-+-----------+-----------+-----------+----------------+-----------+--------+-----+----+------+
|x|         21|         14|        647|     32597243.00|         14|00:00:43|   NA|  NA|    NA|
|x|          7|         14|        647|     32692430.50|         23|00:00:27|+0.00|0.50|1.0429|
|x|         12|         14|        618|     32656502.33|         32|00:00:27|-0.08|0.28|0.9589|
|x|         18|         14|        618|     32622185.50|         41|00:00:29|-0.02|0.23|0.9052|
|=|          6|         14|        618|     32579614.20|         50|00:00:33|+0.05|0.24|0.8639|
|=|          9|         14|        618|     32634943.50|         59|00:00:26|+0.02|0.18|0.9308|
|=|         19|         14|        618|     32643758.00|         68|00:00:28|+0.06|0.20|0.8770|
|=|         17|         14|        618|     32643031.38|         77|00:00:26|+0.06|0.18|0.8696|
|=|         11|         14|        618|     32661615.44|         86|00:00:28|+0.05|0.15|0.8686|
|=|          3|         14|        618|     32648015.60|         95|00:00:26|+0.01|0.11|0.9028|
|=|         10|         14|        618|     32653376.45|        104|00:00:26|-0.01|0.08|0.9196|
|=|          2|         14|        618|     32647665.50|        113|00:00:22|+0.02|0.10|0.8979|
|=|         13|         14|        407|     32635363.15|        122|00:00:24|+0.04|0.11|0.8786|
|=|         16|         14|        533|     32644747.79|        131|00:00:23|+0.03|0.10|0.8913|
|=|         15|         14|        533|     32641896.13|        140|00:00:29|+0.03|0.09|0.8955|
|=|          8|         14|        533|     32644071.75|        149|00:00:28|+0.04|0.10|0.8830|
|-|          5|          7|        533|     32645731.41|        158|00:00:27|+0.02|0.08|0.8445|
|=|          4|          7|        533|     32659919.94|        160|00:00:19|+0.03|0.09|0.8334|
|=|         14|          7|        533|     32647013.68|        162|00:00:20|+0.04|0.09|0.8258|
|=|          1|          7|        533|     32641534.00|        164|00:00:23|+0.03|0.08|0.8281|
|=|         20|          7|        533|     32639281.48|        166|00:00:19|+0.03|0.08|0.8334|
|=|         22|          7|        533|     32627352.95|        173|00:00:25|+0.04|0.08|0.8263|
+-+-----------+-----------+-----------+----------------+-----------+--------+-----+----+------+
Best-so-far configuration:         533    mean value:      32627352.95
Description of the best-so-far configuration:
    .ID. algorithm localsearch alpha beta  rho ants   q0 rasrank elitistants
533  533       acs           3  2.45 6.53 0.76   44 0.14      NA          NA
    nnls dlb .PARENT.
533   17   0      500

# 2026-01-22 05:49:17 -03: Elite configurations (first number is the configuration ID; listed from best to worst according to the sum of ranks):
    algorithm localsearch alpha beta  rho ants   q0 rasrank elitistants nnls
533       acs           3  2.45 6.53 0.76   44 0.14      NA          NA   17
618       acs           3  2.12 2.45 0.99   46 0.02      NA          NA   13
617       acs           3  2.06 2.60 0.99   49 0.06      NA          NA    9
407       acs           3  2.27 2.24 0.98   49 0.01      NA          NA   10
580       acs           3  2.29 2.76 0.94   46 0.03      NA          NA    9
    dlb
533   0
618   0
617   0
407   0
580   0
# 2026-01-22 05:49:17 -03: There is not enough budget to enforce the value of nbConfigurations, returning to default behaviour nbConfigurations:6.
# Iteration: 10
# nbIterations: 10
# experimentsUsed: 5461
# timeUsed: 0
# remainingBudget: 39
# currentBudget: 39
# number of elites: 5
# nbConfigurations: 6
# 2026-01-22 05:49:17 -03: Iteration 10 of 10
# experimentsUsed: 5461
# remainingBudget: 39
# currentBudget: 39
# nbConfigurations: 6
# Markers:
     x No test is performed.
     c Configurations are discarded only due to capping.
     - The test is performed and some configurations are discarded.
     = The test is performed but no configuration is discarded.
     ! The test is performed and configurations could be discarded but elite configurations are preserved.
     . All alive configurations are elite and nothing is discarded.

+-+-----------+-----------+-----------+----------------+-----------+--------+-----+----+------+
| |   Instance|      Alive|       Best|       Mean best| Exp so far|  W time|  rho|KenW|  Qvar|
+-+-----------+-----------+-----------+----------------+-----------+--------+-----+----+------+
|x|         23|          6|        533|     32891553.00|          6|00:00:26|   NA|  NA|    NA|
|x|         16|          6|        533|     32769856.00|          7|00:00:21|+0.49|0.74|0.1028|
|x|          3|          6|        533|     32711734.33|          8|00:00:21|-0.30|0.14|1.0258|
|x|         15|          6|        533|     32684294.00|          9|00:00:19|-0.04|0.22|0.8454|
|=|          6|          6|        533|     32626741.60|         10|00:00:24|+0.10|0.28|0.7570|
|=|         17|          6|        533|     32628961.83|         11|00:00:20|+0.04|0.20|0.8419|
|=|          7|          6|        533|     32650171.43|         12|00:00:19|+0.13|0.26|0.7592|
|=|         18|          6|        533|     32638431.25|         13|00:00:21|+0.17|0.28|0.7336|
|-|          5|          5|        533|     32642192.89|         14|00:00:19|-0.02|0.10|0.8372|
|.|         11|          5|        533|     32658206.90|         14|00:00:00|-0.07|0.04|0.8684|
|.|          9|          5|        533|     32677381.91|         14|00:00:00|-0.05|0.05|0.8466|
|.|         12|          5|        533|     32676050.92|         14|00:00:00|-0.06|0.03|0.8577|
|.|          8|          5|        533|     32676101.31|         14|00:00:00|-0.06|0.02|0.8552|
|.|          2|          5|        533|     32671285.64|         14|00:00:00|-0.06|0.02|0.8479|
|.|         14|          5|        533|     32654180.00|         14|00:00:00|-0.05|0.02|0.8465|
|.|         22|          5|        533|     32636847.12|         14|00:00:00|-0.05|0.02|0.8459|
|.|         13|          5|        533|     32625014.59|         14|00:00:00|-0.05|0.01|0.8404|
|.|         20|          5|        533|     32623304.39|         14|00:00:00|-0.04|0.02|0.8338|
|.|          4|          5|        533|     32637926.53|         14|00:00:00|-0.04|0.02|0.8284|
|.|         10|          5|        533|     32639868.70|         14|00:00:00|-0.04|0.01|0.8312|
|.|         21|          5|        533|     32641091.14|         14|00:00:00|-0.04|0.01|0.8302|
|.|         19|          5|        533|     32643449.91|         14|00:00:00|-0.03|0.02|0.8244|
|.|          1|          5|        533|     32638839.91|         14|00:00:00|-0.03|0.02|0.8264|
+-+-----------+-----------+-----------+----------------+-----------+--------+-----+----+------+
Best-so-far configuration:         533    mean value:      32638839.91
Description of the best-so-far configuration:
    .ID. algorithm localsearch alpha beta  rho ants   q0 rasrank elitistants
533  533       acs           3  2.45 6.53 0.76   44 0.14      NA          NA
    nnls dlb .PARENT.
533   17   0      500

# 2026-01-22 05:52:31 -03: Elite configurations (first number is the configuration ID; listed from best to worst according to the sum of ranks):
    algorithm localsearch alpha beta  rho ants   q0 rasrank elitistants nnls
533       acs           3  2.45 6.53 0.76   44 0.14      NA          NA   17
618       acs           3  2.12 2.45 0.99   46 0.02      NA          NA   13
580       acs           3  2.29 2.76 0.94   46 0.03      NA          NA    9
407       acs           3  2.27 2.24 0.98   49 0.01      NA          NA   10
617       acs           3  2.06 2.60 0.99   49 0.06      NA          NA    9
    dlb
533   0
618   0
580   0
407   0
617   0
# 2026-01-22 05:52:31 -03: There is not enough budget to enforce the value of nbConfigurations, returning to default behaviour nbConfigurations:6.
# Iteration: 11
# nbIterations: 11
# experimentsUsed: 5475
# timeUsed: 0
# remainingBudget: 25
# currentBudget: 25
# number of elites: 5
# nbConfigurations: 6
# 2026-01-22 05:52:31 -03: Iteration 11 of 11
# experimentsUsed: 5475
# remainingBudget: 25
# currentBudget: 25
# nbConfigurations: 6
# Markers:
     x No test is performed.
     c Configurations are discarded only due to capping.
     - The test is performed and some configurations are discarded.
     = The test is performed but no configuration is discarded.
     ! The test is performed and configurations could be discarded but elite configurations are preserved.
     . All alive configurations are elite and nothing is discarded.

+-+-----------+-----------+-----------+----------------+-----------+--------+-----+----+------+
| |   Instance|      Alive|       Best|       Mean best| Exp so far|  W time|  rho|KenW|  Qvar|
+-+-----------+-----------+-----------+----------------+-----------+--------+-----+----+------+
|x|          3|          6|        617|     32452683.00|          1|00:00:15|   NA|  NA|    NA|
|x|         19|          6|        618|     32611131.00|          2|00:00:14|-0.14|0.43|0.8432|
|x|          5|          6|        618|     32627569.00|          3|00:00:15|-0.10|0.26|0.9108|
|x|         18|          6|        618|     32600485.50|          4|00:00:17|+0.10|0.32|0.7176|
|=|         11|          6|        618|     32642446.00|          5|00:00:14|-0.01|0.19|0.7564|
|=|         17|          6|        407|     32641320.50|          6|00:00:14|+0.01|0.18|0.7488|
|=|          7|          6|        618|     32662618.14|          7|00:00:14|-0.05|0.10|0.8464|
|=|          6|          6|        618|     32630957.00|          8|00:00:17|-0.01|0.12|0.8253|
|=|         10|          6|        407|     32628389.00|          9|00:00:15|-0.01|0.11|0.8048|
|=|         22|          6|        618|     32606733.10|         10|00:00:14|-0.02|0.08|0.8194|
|=|         23|          6|        533|     32643504.09|         11|00:00:13|-0.04|0.05|0.8522|
|=|          2|          6|        618|     32636789.83|         12|00:00:12|-0.05|0.04|0.8536|
|=|         14|          6|        618|     32620473.62|         13|00:00:12|-0.02|0.05|0.8420|
|=|          8|          6|        407|     32622353.93|         14|00:00:12|-0.01|0.06|0.8192|
|=|          1|          6|        407|     32615235.60|         15|00:00:14|+0.01|0.07|0.8172|
|=|          4|          6|        618|     32637334.62|         16|00:00:11|-0.01|0.05|0.8259|
|=|         12|          6|        618|     32630456.00|         17|00:00:12|-0.02|0.04|0.8364|
|=|         21|          6|        618|     32632150.50|         18|00:00:14|-0.00|0.05|0.8353|
|=|         16|          6|        618|     32635676.00|         19|00:00:16|-0.00|0.05|0.8386|
|=|         13|          6|        618|     32627948.75|         20|00:00:13|+0.00|0.05|0.8303|
|=|         20|          6|        533|     32629629.19|         21|00:00:14|-0.01|0.04|0.8375|
|=|         15|          6|        533|     32628372.09|         22|00:00:13|+0.00|0.05|0.8306|
|=|          9|          6|        533|     32638839.91|         23|00:00:14|+0.00|0.05|0.8289|
+-+-----------+-----------+-----------+----------------+-----------+--------+-----+----+------+
Best-so-far configuration:         533    mean value:      32638839.91
Description of the best-so-far configuration:
    .ID. algorithm localsearch alpha beta  rho ants   q0 rasrank elitistants
533  533       acs           3  2.45 6.53 0.76   44 0.14      NA          NA
    nnls dlb .PARENT.
533   17   0      500

# 2026-01-22 05:58:01 -03: Elite configurations (first number is the configuration ID; listed from best to worst according to the sum of ranks):
    algorithm localsearch alpha beta  rho ants   q0 rasrank elitistants nnls
533       acs           3  2.45 6.53 0.76   44 0.14      NA          NA   17
618       acs           3  2.12 2.45 0.99   46 0.02      NA          NA   13
580       acs           3  2.29 2.76 0.94   46 0.03      NA          NA    9
407       acs           3  2.27 2.24 0.98   49 0.01      NA          NA   10
617       acs           3  2.06 2.60 0.99   49 0.06      NA          NA    9
    dlb
533   0
618   0
580   0
407   0
617   0
# 2026-01-22 05:58:01 -03: There is not enough budget to enforce the value of nbConfigurations, returning to default behaviour nbConfigurations:5.
# Iteration: 12
# nbIterations: 12
# experimentsUsed: 5498
# timeUsed: 0
# remainingBudget: 2
# currentBudget: 2
# number of elites: 5
# nbConfigurations: 5
# 2026-01-22 05:58:01 -03: Stopped because there is not enough budget left to race more than the minimum (5).
# You may either increase the budget or set 'minNbSurvival' to a lower value.
# Iteration: 12
# nbIterations: 12
# experimentsUsed: 5498
# timeUsed: 0
# remainingBudget: 2
# currentBudget: 2
# number of elites: 5
# nbConfigurations: 5
# Total CPU user time: 145980.4, CPU sys time: 927.831, Wall-clock time: 17827.74
# 2026-01-22 05:58:01 -03: Starting post-selection:
# Configurations selected: 533, 618.
# Pending instances: 0, 0.
# 2026-01-22 05:58:01 -03: seed: 100003
# Configurations: 2
# Available experiments: 2
# minSurvival: 1
# Markers:
     x No test is performed.
     c Configurations are discarded only due to capping.
     - The test is performed and some configurations are discarded.
     = The test is performed but no configuration is discarded.
     ! The test is performed and configurations could be discarded but elite configurations are preserved.
     . All alive configurations are elite and nothing is discarded.

+-+-----------+-----------+-----------+----------------+-----------+--------+-----+----+------+
| |   Instance|      Alive|       Best|       Mean best| Exp so far|  W time|  rho|KenW|  Qvar|
+-+-----------+-----------+-----------+----------------+-----------+--------+-----+----+------+
|.|         11|          2|        533|     32802333.00|          0|00:00:00|   NA|  NA|    NA|
|.|          6|          2|        533|     32599432.50|          0|00:00:00|+1.00|1.00|0.0000|
|.|         20|          2|        533|     32597698.67|          0|00:00:00|+1.00|1.00|0.0000|
|.|         13|          2|        533|     32557197.50|          0|00:00:00|+1.00|1.00|0.0000|
|.|         14|          2|        533|     32528698.20|          0|00:00:00|+1.00|1.00|0.0000|
|.|         10|          2|        533|     32553376.83|          0|00:00:00|+1.00|1.00|0.0000|
|.|          1|          2|        533|     32551097.29|          0|00:00:00|+0.43|0.51|0.2857|
|.|          8|          2|        533|     32566798.38|          0|00:00:00|+0.50|0.56|0.2500|
|.|          7|          2|        533|     32590201.78|          0|00:00:00|+0.56|0.60|0.2222|
|.|          4|          2|        533|     32621294.10|          0|00:00:00|+0.29|0.36|0.3556|
|.|         15|          2|        533|     32619537.64|          0|00:00:00|+0.35|0.40|0.3273|
|.|         22|          2|        533|     32599314.00|          0|00:00:00|+0.18|0.25|0.4091|
|.|          2|          2|        533|     32600034.62|          0|00:00:00|+0.08|0.15|0.4615|
|.|          9|          2|        533|     32619255.86|          0|00:00:00|+0.12|0.18|0.4396|
|.|         16|          2|        533|     32621182.73|          0|00:00:00|+0.16|0.22|0.4190|
|.|         19|          2|        533|     32625670.31|          0|00:00:00|+0.20|0.25|0.4000|
|.|          3|          2|        533|     32623895.06|          0|00:00:00|+0.12|0.17|0.4412|
|.|         18|          2|        533|     32620137.00|          0|00:00:00|+0.06|0.11|0.4706|
|.|         12|          2|        533|     32622309.26|          0|00:00:00|+0.02|0.07|0.4912|
|.|          5|          2|        533|     32624808.10|          0|00:00:00|-0.01|0.04|0.5053|
|.|         21|          2|        533|     32626747.71|          0|00:00:00|-0.03|0.02|0.5143|
|.|         23|          2|        533|     32638784.32|          0|00:00:00|-0.01|0.03|0.5065|
|.|         17|          2|        533|     32638839.91|          0|00:00:00|-0.03|0.02|0.5138|
|=|         24|          2|        533|     32621244.42|          2|00:00:24|-0.01|0.03|0.5072|
+-+-----------+-----------+-----------+----------------+-----------+--------+-----+----+------+
Best-so-far configuration:         533    mean value:      32621244.42
Description of the best-so-far configuration:
    .ID. algorithm localsearch alpha beta  rho ants   q0 rasrank elitistants
533  533       acs           3  2.45 6.53 0.76   44 0.14      NA          NA
    nnls dlb .PARENT.
533   17   0      500

# 2026-01-22 05:58:26 -03: Elite configurations (first number is the configuration ID; listed from best to worst according to the sum of ranks):
    algorithm localsearch alpha beta  rho ants   q0 rasrank elitistants nnls
533       acs           3  2.45 6.53 0.76   44 0.14      NA          NA   17
618       acs           3  2.12 2.45 0.99   46 0.02      NA          NA   13
    dlb
533   0
618   0
# Total CPU user time: 146023.9, CPU sys time: 928.159, Wall-clock time: 17852.05
    .ID. algorithm localsearch alpha beta  rho ants   q0 rasrank elitistants
533  533       acs           3  2.45 6.53 0.76   44 0.14      NA          NA
618  618       acs           3  2.12 2.45 0.99   46 0.02      NA          NA
    nnls dlb .PARENT. .RANK.  .WEIGHT.
533   17   0      500     34 0.6666667
618   13   0      528     38 0.3333333
