# 2026-01-26 18:52:07 -03: Reading parameter file '/home/pestobar/Activities/irace-executions/PSO-X/Scenarios/BH-65/Runs/BH-65_seed_1000193/parameters.txt'.
# 2026-01-26 18:52:07 -03: 2 expression(s) specifying forbidden configurations read.
# 2026-01-26 18:52:07 -03: Initialization
# Elitist race
# Elitist new instances: 1
# Elitist limit: 2
# nbIterations: 5
# minNbSurvival: 5
# nbParameters: 8
# seed: 1000193
# confidence level: 0.95
# budget: 4000
# mu: 5
# deterministic: FALSE

# 2026-01-26 18:52:07 -03: Iteration 1 of 5
# experimentsUsed: 0
# remainingBudget: 4000
# currentBudget: 800
# nbConfigurations: 65
# Markers:
     x No test is performed.
     c Configurations are discarded only due to capping.
     - The test is performed and some configurations are discarded.
     = The test is performed but no configuration is discarded.
     ! The test is performed and configurations could be discarded but elite configurations are preserved.
     . All alive configurations are elite and nothing is discarded.

+-+-----------+-----------+-----------+----------------+-----------+--------+-----+----+------+
| |   Instance|      Alive|       Best|       Mean best| Exp so far|  W time|  rho|KenW|  Qvar|
+-+-----------+-----------+-----------+----------------+-----------+--------+-----+----+------+
|x|          1|         65|         18|     2.855792980|         65|00:00:27|   NA|  NA|    NA|
|x|          2|         65|         60|     3486.258049|        130|00:00:28|+0.50|0.75|0.4579|
|x|          3|         65|         10|     2660.131986|        195|00:04:00|+0.38|0.59|0.5660|
|x|          4|         65|         10|     2052.963172|        260|00:00:28|+0.48|0.61|0.4244|
|-|          5|         33|         10|     1662.416977|        325|00:00:28|-0.08|0.14|0.9824|
|=|          6|         33|         60|     1321.735905|        358|00:00:26|+0.00|0.17|0.8722|
|-|          7|         21|         60|     1132.973047|        391|00:00:26|-0.07|0.08|1.0188|
|=|          8|         21|         60|     1060.707548|        412|00:01:39|-0.06|0.07|0.9995|
|=|          9|         21|         60|     1043.788323|        433|00:01:41|-0.02|0.10|0.9739|
+-+-----------+-----------+-----------+----------------+-----------+--------+-----+----+------+
Best-so-far configuration:          60    mean value:      1043.788323
Description of the best-so-far configuration:
   .ID. particles topology modInfluence branching tSchedule phi1 phi2 inertia
60   60       182        0            0        NA        NA 2.01 2.43    0.62
   .PARENT.
60       NA

# 2026-01-26 19:02:15 -03: Elite configurations (first number is the configuration ID; listed from best to worst according to the sum of ranks):
   particles topology modInfluence branching tSchedule phi1 phi2 inertia
60       182        0            0        NA        NA 2.01 2.43    0.62
10       192        4            0        NA        NA 0.18 2.24    0.27
2         80        5            0        NA         2 1.59 1.77    0.55
16        73        0            0        NA        NA 0.57 1.53    0.81
56        58        1            2        NA        NA 0.45 2.12    0.51
# 2026-01-26 19:02:15 -03: Iteration 2 of 5
# experimentsUsed: 433
# remainingBudget: 3567
# currentBudget: 891
# nbConfigurations: 65
# Markers:
     x No test is performed.
     c Configurations are discarded only due to capping.
     - The test is performed and some configurations are discarded.
     = The test is performed but no configuration is discarded.
     ! The test is performed and configurations could be discarded but elite configurations are preserved.
     . All alive configurations are elite and nothing is discarded.

+-+-----------+-----------+-----------+----------------+-----------+--------+-----+----+------+
| |   Instance|      Alive|       Best|       Mean best| Exp so far|  W time|  rho|KenW|  Qvar|
+-+-----------+-----------+-----------+----------------+-----------+--------+-----+----+------+
|x|         10|         65|        110|     867.8758800|         65|00:04:48|   NA|  NA|    NA|
|x|          6|         65|         80|     453.1589328|        125|00:00:37|+0.45|0.72|0.3402|
|x|          8|         65|         80|     485.2406620|        185|00:04:17|+0.39|0.60|0.4725|
|x|          2|         65|         60|     2126.005372|        245|00:00:39|+0.51|0.64|0.3961|
|-|          3|         33|        100|     1878.096496|        305|00:04:02|-0.12|0.11|0.8819|
|=|          1|         33|         96|     1544.578956|        333|00:00:03|-0.07|0.11|0.9361|
|=|          9|         33|         96|     1453.828072|        361|00:01:35|-0.04|0.10|0.9031|
|=|          7|         33|         96|     1272.149246|        389|00:00:03|-0.01|0.12|0.8769|
|=|          4|         33|         96|     1156.061428|        417|00:00:04|+0.03|0.14|0.8447|
|-|          5|         19|         96|     1043.124670|        445|00:00:04|+0.01|0.11|0.9518|
|=|         11|         19|         96|     948.3819415|        464|00:00:03|+0.02|0.11|0.9511|
|=|         12|         19|         60|     874.3570075|        483|00:00:03|+0.02|0.10|0.9428|
+-+-----------+-----------+-----------+----------------+-----------+--------+-----+----+------+
Best-so-far configuration:          60    mean value:      874.3570075
Description of the best-so-far configuration:
   .ID. particles topology modInfluence branching tSchedule phi1 phi2 inertia
60   60       182        0            0        NA        NA 2.01 2.43    0.62
   .PARENT.
60       NA

# 2026-01-26 19:18:40 -03: Elite configurations (first number is the configuration ID; listed from best to worst according to the sum of ranks):
    particles topology modInfluence branching tSchedule phi1 phi2 inertia
60        182        0            0        NA        NA 2.01 2.43    0.62
96         19        5            0        NA         3 2.45 2.01    0.64
100        36        1            0        NA        NA 1.06 1.87    0.52
88         90        4            0        NA        NA 1.74 1.69    0.77
80        125        5            0        NA         5 1.66 2.46    0.61
# 2026-01-26 19:18:40 -03: Iteration 3 of 5
# experimentsUsed: 916
# remainingBudget: 3084
# currentBudget: 1028
# nbConfigurations: 65
# Markers:
     x No test is performed.
     c Configurations are discarded only due to capping.
     - The test is performed and some configurations are discarded.
     = The test is performed but no configuration is discarded.
     ! The test is performed and configurations could be discarded but elite configurations are preserved.
     . All alive configurations are elite and nothing is discarded.

+-+-----------+-----------+-----------+----------------+-----------+--------+-----+----+------+
| |   Instance|      Alive|       Best|       Mean best| Exp so far|  W time|  rho|KenW|  Qvar|
+-+-----------+-----------+-----------+----------------+-----------+--------+-----+----+------+
|x|         13|         65|        169|     206.1533783|         65|00:03:51|   NA|  NA|    NA|
|x|          3|         65|        100|     336.1627882|        125|00:03:43|+0.26|0.63|0.4803|
|x|          8|         65|        129|     415.0545726|        185|00:03:42|+0.32|0.54|0.4765|
|x|         11|         65|        154|     321.4367922|        245|00:00:32|+0.27|0.45|0.4321|
|-|          2|         34|        167|     1716.847477|        305|00:00:31|-0.14|0.09|1.0735|
|=|         12|         34|        183|     1402.671011|        334|00:00:05|-0.09|0.09|1.0175|
|=|          6|         34|        167|     1250.827105|        363|00:00:04|-0.05|0.10|0.9998|
|=|          5|         34|         60|     1069.481201|        392|00:00:04|-0.04|0.09|0.9706|
|=|         10|         34|         60|     1059.190964|        421|00:01:51|-0.04|0.07|0.9437|
|=|          9|         34|         60|     1044.115320|        450|00:01:43|-0.02|0.09|0.9194|
|=|          4|         34|        183|     956.7924747|        479|00:00:04|+0.00|0.09|0.8937|
|=|          1|         34|        183|     877.3771149|        508|00:00:03|-0.00|0.08|0.9256|
|=|          7|         34|         96|     832.9387170|        537|00:00:03|+0.02|0.09|0.9050|
|=|         14|         34|        183|     754.3070878|        571|00:00:05|+0.00|0.07|0.9228|
+-+-----------+-----------+-----------+----------------+-----------+--------+-----+----+------+
Best-so-far configuration:         183    mean value:      754.3070878
Description of the best-so-far configuration:
    .ID. particles topology modInfluence branching tSchedule phi1 phi2 inertia
183  183       123        4            0        NA        NA 2.19 2.43    0.54
    .PARENT.
183       88

# 2026-01-26 19:35:07 -03: Elite configurations (first number is the configuration ID; listed from best to worst according to the sum of ranks):
    particles topology modInfluence branching tSchedule phi1 phi2 inertia
183       123        4            0        NA        NA 2.19 2.43    0.54
96         19        5            0        NA         3 2.45 2.01    0.64
60        182        0            0        NA        NA 2.01 2.43    0.62
88         90        4            0        NA        NA 1.74 1.69    0.77
100        36        1            0        NA        NA 1.06 1.87    0.52
# 2026-01-26 19:35:07 -03: Iteration 4 of 5
# experimentsUsed: 1487
# remainingBudget: 2513
# currentBudget: 1256
# nbConfigurations: 65
# Markers:
     x No test is performed.
     c Configurations are discarded only due to capping.
     - The test is performed and some configurations are discarded.
     = The test is performed but no configuration is discarded.
     ! The test is performed and configurations could be discarded but elite configurations are preserved.
     . All alive configurations are elite and nothing is discarded.

+-+-----------+-----------+-----------+----------------+-----------+--------+-----+----+------+
| |   Instance|      Alive|       Best|       Mean best| Exp so far|  W time|  rho|KenW|  Qvar|
+-+-----------+-----------+-----------+----------------+-----------+--------+-----+----+------+
|x|         15|         65|        236|     15945.73548|         65|00:00:30|   NA|  NA|    NA|
|x|          3|         65|        236|     8195.215004|        125|00:03:49|+0.34|0.67|0.6956|
|x|          7|         65|        236|     5463.707408|        185|00:00:28|+0.11|0.40|0.6483|
|x|          8|         65|        197|     4413.669629|        245|00:03:52|+0.21|0.41|0.6283|
|-|          6|         39|        197|     3531.770357|        305|00:00:29|-0.10|0.12|1.0004|
|=|         14|         39|        197|     2949.859692|        339|00:00:05|-0.04|0.13|0.9540|
|=|          1|         39|        197|     2528.927806|        373|00:00:04|+0.03|0.17|0.9262|
|=|         10|         39|        197|     2328.105400|        407|00:02:29|+0.04|0.16|0.8745|
|=|          5|         39|        220|     2056.859527|        441|00:00:05|+0.01|0.12|0.9203|
|=|         13|         39|        220|     1885.182500|        475|00:02:12|-0.00|0.10|0.9250|
|=|         11|         39|        214|     1691.781923|        509|00:00:05|+0.01|0.10|0.9390|
|=|          2|         39|        214|     2159.642303|        543|00:00:06|+0.01|0.09|0.9272|
|=|          9|         39|        220|     2079.374291|        577|00:02:16|+0.02|0.10|0.9099|
|-|          4|         25|        220|     1946.961279|        611|00:00:05|-0.03|0.04|0.9519|
|=|         12|         25|        220|     1824.006077|        631|00:00:04|-0.02|0.05|0.9381|
|=|         16|         25|        220|     9982.242553|        656|00:00:04|-0.01|0.06|0.9167|
+-+-----------+-----------+-----------+----------------+-----------+--------+-----+----+------+
Best-so-far configuration:         220    mean value:      9982.242553
Description of the best-so-far configuration:
    .ID. particles topology modInfluence branching tSchedule phi1 phi2 inertia
220  220       100        4            0        NA        NA 2.42 2.24    0.47
    .PARENT.
220      183

# 2026-01-26 19:51:58 -03: Elite configurations (first number is the configuration ID; listed from best to worst according to the sum of ranks):
    particles topology modInfluence branching tSchedule phi1 phi2 inertia
220       100        4            0        NA        NA 2.42 2.24    0.47
202       101        4            0        NA        NA 2.45 2.40    0.50
227       101        4            0        NA        NA 2.20 2.45    0.41
214       129        4            0        NA        NA 2.11 2.26    0.46
229       108        4            0        NA        NA 2.13 2.32    0.65
# 2026-01-26 19:51:58 -03: Iteration 5 of 5
# experimentsUsed: 2143
# remainingBudget: 1857
# currentBudget: 1857
# nbConfigurations: 65
# Markers:
     x No test is performed.
     c Configurations are discarded only due to capping.
     - The test is performed and some configurations are discarded.
     = The test is performed but no configuration is discarded.
     ! The test is performed and configurations could be discarded but elite configurations are preserved.
     . All alive configurations are elite and nothing is discarded.

+-+-----------+-----------+-----------+----------------+-----------+--------+-----+----+------+
| |   Instance|      Alive|       Best|       Mean best| Exp so far|  W time|  rho|KenW|  Qvar|
+-+-----------+-----------+-----------+----------------+-----------+--------+-----+----+------+
|x|         17|         65|        263|     29.14907121|         65|00:01:47|   NA|  NA|    NA|
|x|         15|         65|        270|     7954.419400|        125|00:00:12|+0.18|0.59|0.5367|
|x|          5|         65|        270|     5312.130579|        185|00:00:08|+0.15|0.44|0.5197|
|x|          9|         65|        276|     4435.753870|        245|00:03:28|+0.11|0.33|0.4987|
|-|          3|         46|        202|     3658.419329|        305|00:03:22|-0.10|0.12|1.0926|
|=|          1|         46|        269|     3039.198839|        346|00:00:05|-0.08|0.10|1.0667|
|=|          2|         46|        269|     3641.777033|        387|00:00:07|-0.07|0.08|1.0587|
|=|         13|         46|        269|     3212.803578|        428|00:02:44|-0.06|0.07|1.0293|
|=|          7|         46|        269|     2856.223294|        469|00:00:05|-0.05|0.07|0.9965|
|=|         10|         46|        269|     2662.203182|        510|00:03:02|-0.02|0.08|0.9518|
|=|         12|         46|        269|     2430.459620|        551|00:00:09|+0.01|0.10|0.9305|
|=|          8|         46|        269|     2272.976883|        592|00:02:44|+0.00|0.08|0.9208|
|=|         14|         46|        269|     2102.233206|        633|00:00:06|+0.00|0.08|0.9148|
|=|          6|         46|        269|     1952.379753|        674|00:00:06|-0.01|0.06|0.9413|
|=|         11|         46|        269|     1822.277774|        715|00:00:07|-0.02|0.05|0.9588|
|=|         16|         46|        269|     12174.83442|        756|00:00:06|-0.02|0.05|0.9630|
|=|          4|         46|        269|     11471.92853|        797|00:00:06|-0.02|0.04|0.9458|
|=|         18|         46|        269|     11727.00617|        843|00:00:08|-0.01|0.05|0.9282|
+-+-----------+-----------+-----------+----------------+-----------+--------+-----+----+------+
Best-so-far configuration:         269    mean value:      11727.00617
Description of the best-so-far configuration:
    .ID. particles topology modInfluence branching tSchedule phi1 phi2 inertia
269  269        77        4            0        NA        NA 2.05 2.34    0.44
    .PARENT.
269      227

# 2026-01-26 20:10:38 -03: Elite configurations (first number is the configuration ID; listed from best to worst according to the sum of ranks):
    particles topology modInfluence branching tSchedule phi1 phi2 inertia
269        77        4            0        NA        NA 2.05 2.34    0.44
299       131        4            0        NA        NA 2.42 2.32    0.62
276        94        4            0        NA        NA 2.14 2.47    0.47
277       124        4            0        NA        NA 2.31 2.45    0.52
270       141        4            0        NA        NA 2.16 2.22    0.49
# 2026-01-26 20:10:38 -03: There is not enough budget to enforce the value of nbConfigurations, returning to default behaviour nbConfigurations:58.
# Iteration: 6
# nbIterations: 6
# experimentsUsed: 2986
# timeUsed: 0
# remainingBudget: 1014
# currentBudget: 1014
# number of elites: 5
# nbConfigurations: 58
# 2026-01-26 20:10:38 -03: Iteration 6 of 6
# experimentsUsed: 2986
# remainingBudget: 1014
# currentBudget: 1014
# nbConfigurations: 58
# Markers:
     x No test is performed.
     c Configurations are discarded only due to capping.
     - The test is performed and some configurations are discarded.
     = The test is performed but no configuration is discarded.
     ! The test is performed and configurations could be discarded but elite configurations are preserved.
     . All alive configurations are elite and nothing is discarded.

+-+-----------+-----------+-----------+----------------+-----------+--------+-----+----+------+
| |   Instance|      Alive|       Best|       Mean best| Exp so far|  W time|  rho|KenW|  Qvar|
+-+-----------+-----------+-----------+----------------+-----------+--------+-----+----+------+
|x|         19|         58|        351|     24740.60844|         58|00:00:07|   NA|  NA|    NA|
|x|          6|         58|        330|     17166.16235|        111|00:00:08|-0.26|0.37|1.2584|
|x|         13|         58|        328|     11623.87250|        164|00:03:18|+0.05|0.36|0.9992|
|x|          3|         58|        299|     8320.167238|        217|00:03:18|+0.06|0.29|0.9814|
|=|         10|         58|        299|     6833.086076|        270|00:03:42|+0.03|0.23|0.9676|
|=|          9|         58|        306|     5857.737137|        323|00:03:23|+0.00|0.17|1.0035|
|=|         18|         58|        299|     7228.514072|        376|00:00:10|+0.02|0.16|0.9651|
|=|         15|         58|        306|     8461.609591|        429|00:00:11|+0.02|0.14|0.9695|
|=|         11|         58|        306|     7521.532553|        482|00:00:08|-0.01|0.10|1.0002|
|=|          7|         58|        299|     6754.714143|        535|00:00:06|-0.01|0.09|0.9885|
|=|          8|         58|        299|     6191.897254|        588|00:03:21|-0.02|0.08|1.0036|
|=|          2|         58|        299|     6265.366495|        641|00:00:09|-0.00|0.08|0.9873|
|=|         16|         58|        299|     16595.44955|        694|00:00:08|-0.00|0.07|0.9837|
|=|          1|         58|        299|     15410.33568|        747|00:00:06|-0.01|0.07|0.9859|
|=|         14|         58|        299|     14384.42518|        800|00:00:07|-0.01|0.06|0.9857|
|=|          4|         58|        299|     13499.09721|        853|00:00:07|-0.00|0.06|0.9792|
|=|         12|         58|        335|     11477.25429|        906|00:00:11|+0.00|0.06|0.9731|
|=|          5|         58|        335|     10841.18198|        959|00:00:07|+0.01|0.06|0.9717|
|=|         17|         58|        350|     9475.551750|       1012|00:01:29|+0.01|0.06|0.9729|
+-+-----------+-----------+-----------+----------------+-----------+--------+-----+----+------+
Best-so-far configuration:         350    mean value:      9475.551750
Description of the best-so-far configuration:
    .ID. particles topology modInfluence branching tSchedule phi1 phi2 inertia
350  350       138        4            0        NA        NA 2.42 2.48    0.58
    .PARENT.
350      277

# 2026-01-26 20:31:04 -03: Elite configurations (first number is the configuration ID; listed from best to worst according to the sum of ranks):
    particles topology modInfluence branching tSchedule phi1 phi2 inertia
350       138        4            0        NA        NA 2.42 2.48    0.58
335       106        4            0        NA        NA 2.41 2.45    0.54
299       131        4            0        NA        NA 2.42 2.32    0.62
349       129        4            0        NA        NA 2.37 2.33    0.63
269        77        4            0        NA        NA 2.05 2.34    0.44
# 2026-01-26 20:31:04 -03: There is not enough budget to enforce the value of nbConfigurations, returning to default behaviour nbConfigurations:5.
# Iteration: 7
# nbIterations: 7
# experimentsUsed: 3998
# timeUsed: 0
# remainingBudget: 2
# currentBudget: 2
# number of elites: 5
# nbConfigurations: 5
# 2026-01-26 20:31:04 -03: Stopped because there is not enough budget left to race more than the minimum (5).
# You may either increase the budget or set 'minNbSurvival' to a lower value.
# Iteration: 7
# nbIterations: 7
# experimentsUsed: 3998
# timeUsed: 0
# remainingBudget: 2
# currentBudget: 2
# number of elites: 5
# nbConfigurations: 5
# Total CPU user time: 51162.01, CPU sys time: 247.804, Wall-clock time: 5937.019
# 2026-01-26 20:31:04 -03: Starting post-selection:
# Configurations selected: 350, 335.
# Pending instances: 0, 0.
# 2026-01-26 20:31:04 -03: seed: 1000193
# Configurations: 2
# Available experiments: 2
# minSurvival: 1
# Markers:
     x No test is performed.
     c Configurations are discarded only due to capping.
     - The test is performed and some configurations are discarded.
     = The test is performed but no configuration is discarded.
     ! The test is performed and configurations could be discarded but elite configurations are preserved.
     . All alive configurations are elite and nothing is discarded.

+-+-----------+-----------+-----------+----------------+-----------+--------+-----+----+------+
| |   Instance|      Alive|       Best|       Mean best| Exp so far|  W time|  rho|KenW|  Qvar|
+-+-----------+-----------+-----------+----------------+-----------+--------+-----+----+------+
|.|         18|          2|        350|     15960.88452|          0|00:00:00|   NA|  NA|    NA|
|.|         12|          2|        350|     7992.794527|          0|00:00:00|+1.00|1.00|0.0000|
|.|         14|          2|        350|     5341.537049|          0|00:00:00|-0.33|0.11|0.6667|
|.|          4|          2|        350|     4049.137601|          0|00:00:00|+0.00|0.25|0.5000|
|.|         10|          2|        350|     3419.291629|          0|00:00:00|+0.20|0.36|0.4000|
|.|         15|          2|        350|     5620.490528|          0|00:00:00|+0.33|0.44|0.3333|
|.|          7|          2|        350|     4817.681071|          0|00:00:00|+0.43|0.51|0.2857|
|.|          2|          2|        350|     5101.460113|          0|00:00:00|+0.50|0.56|0.2500|
|.|          8|          2|        350|     4595.133830|          0|00:00:00|+0.56|0.60|0.2222|
|.|         13|          2|        350|     4157.606852|          0|00:00:00|+0.60|0.64|0.2000|
|.|          9|          2|        350|     3862.522833|          0|00:00:00|+0.35|0.40|0.3273|
|.|          1|          2|        350|     3540.983291|          0|00:00:00|+0.18|0.25|0.4091|
|.|          5|          2|        350|     3270.618234|          0|00:00:00|+0.23|0.29|0.3846|
|.|          6|          2|        350|     3037.334728|          0|00:00:00|+0.12|0.18|0.4396|
|.|         11|          2|        350|     2834.907761|          0|00:00:00|+0.05|0.11|0.4762|
|.|          3|          2|        350|     2683.387631|          0|00:00:00|+0.08|0.14|0.4583|
|.|         17|          2|        350|     2527.449518|          0|00:00:00|+0.12|0.17|0.4412|
|.|         16|          2|        350|     7512.197901|          0|00:00:00|+0.15|0.20|0.4248|
|.|         19|          2|        350|     9475.551750|          0|00:00:00|+0.09|0.14|0.4561|
|=|         20|          2|        350|     9004.143952|          2|00:00:01|+0.04|0.09|0.4789|
+-+-----------+-----------+-----------+----------------+-----------+--------+-----+----+------+
Best-so-far configuration:         350    mean value:      9004.143952
Description of the best-so-far configuration:
    .ID. particles topology modInfluence branching tSchedule phi1 phi2 inertia
350  350       138        4            0        NA        NA 2.42 2.48    0.58
    .PARENT.
350      277

# 2026-01-26 20:31:05 -03: Elite configurations (first number is the configuration ID; listed from best to worst according to the sum of ranks):
    particles topology modInfluence branching tSchedule phi1 phi2 inertia
350       138        4            0        NA        NA 2.42 2.48    0.58
335       106        4            0        NA        NA 2.41 2.45    0.54
# Total CPU user time: 51165.31, CPU sys time: 247.915, Wall-clock time: 5938.747
    .ID. particles topology modInfluence branching tSchedule phi1 phi2 inertia
350  350       138        4            0        NA        NA 2.42 2.48    0.58
335  335       106        4            0        NA        NA 2.41 2.45    0.54
    .PARENT. .RANK.  .WEIGHT.
350      277     27 0.6666667
335      276     33 0.3333333
