# 2026-01-18 13:45:52 -03: Reading parameter file '/home/pestobar/Activities/irace-executions/ACOTSP/Scenarios/BL-45/Runs/BL-45_seed_1500311/parameters.txt'.
# 2026-01-18 13:45:52 -03: 1 expression(s) specifying forbidden configurations read.
# 2026-01-18 13:45:52 -03: Initialization
# Elitist race
# Elitist new instances: 1
# Elitist limit: 2
# nbIterations: 5
# minNbSurvival: 5
# nbParameters: 11
# seed: 1500311
# confidence level: 0.95
# budget: 2750
# mu: 5
# deterministic: FALSE

# 2026-01-18 13:45:53 -03: Iteration 1 of 5
# experimentsUsed: 0
# remainingBudget: 2750
# currentBudget: 550
# nbConfigurations: 45
# Markers:
     x No test is performed.
     c Configurations are discarded only due to capping.
     - The test is performed and some configurations are discarded.
     = The test is performed but no configuration is discarded.
     ! The test is performed and configurations could be discarded but elite configurations are preserved.
     . All alive configurations are elite and nothing is discarded.

+-+-----------+-----------+-----------+----------------+-----------+--------+-----+----+------+
| |   Instance|      Alive|       Best|       Mean best| Exp so far|  W time|  rho|KenW|  Qvar|
+-+-----------+-----------+-----------+----------------+-----------+--------+-----+----+------+
|x|          1|         45|         27|     32721852.00|         45|00:03:25|   NA|  NA|    NA|
|x|          2|         45|         17|     32772142.50|         90|00:03:21|+0.98|0.99|0.0038|
|x|          3|         45|         17|     32729553.33|        135|00:03:15|+0.98|0.99|0.0033|
|x|          4|         45|         17|     32886789.25|        180|00:03:22|+0.98|0.99|0.0031|
|-|          5|          2|         17|     32846979.60|        225|00:03:02|+0.20|0.36|0.4000|
+-+-----------+-----------+-----------+----------------+-----------+--------+-----+----+------+
Best-so-far configuration:          17    mean value:      32846979.60
Description of the best-so-far configuration:
   .ID. algorithm localsearch alpha beta rho ants q0 rasrank elitistants nnls
17   17      mmas           3  2.65 8.82 0.5   97 NA      NA          NA   25
   dlb .PARENT.
17   0       NA

# 2026-01-18 14:02:21 -03: Elite configurations (first number is the configuration ID; listed from best to worst according to the sum of ranks):
   algorithm localsearch alpha beta  rho ants   q0 rasrank elitistants nnls dlb
17      mmas           3  2.65 8.82 0.50   97   NA      NA          NA   25   0
27       acs           2  2.97 1.95 0.31   31 0.43      NA          NA   16   1
# 2026-01-18 14:02:21 -03: Iteration 2 of 5
# experimentsUsed: 225
# remainingBudget: 2525
# currentBudget: 631
# nbConfigurations: 45
# Markers:
     x No test is performed.
     c Configurations are discarded only due to capping.
     - The test is performed and some configurations are discarded.
     = The test is performed but no configuration is discarded.
     ! The test is performed and configurations could be discarded but elite configurations are preserved.
     . All alive configurations are elite and nothing is discarded.

+-+-----------+-----------+-----------+----------------+-----------+--------+-----+----+------+
| |   Instance|      Alive|       Best|       Mean best| Exp so far|  W time|  rho|KenW|  Qvar|
+-+-----------+-----------+-----------+----------------+-----------+--------+-----+----+------+
|x|          6|         45|         76|     32866812.00|         45|00:02:01|   NA|  NA|    NA|
|x|          5|         45|         51|     32740746.50|         88|00:01:51|+0.89|0.94|0.0070|
|x|          1|         45|         51|     32678530.33|        131|00:01:54|+0.89|0.93|0.0052|
|x|          3|         45|         51|     32637555.75|        174|00:01:45|+0.90|0.93|0.0060|
|-|          4|          6|         51|     32768582.20|        217|00:01:48|+0.47|0.57|0.4703|
|-|          2|          2|         51|     32760479.00|        221|00:00:33|-0.07|0.11|0.5333|
+-+-----------+-----------+-----------+----------------+-----------+--------+-----+----+------+
Best-so-far configuration:          51    mean value:      32760479.00
Description of the best-so-far configuration:
   .ID. algorithm localsearch alpha beta  rho ants   q0 rasrank elitistants
51   51       acs           3  3.09  3.8 0.61   63 0.32      NA          NA
   nnls dlb .PARENT.
51   20   0       17

# 2026-01-18 14:12:16 -03: Elite configurations (first number is the configuration ID; listed from best to worst according to the sum of ranks):
   algorithm localsearch alpha beta  rho ants   q0 rasrank elitistants nnls dlb
51       acs           3  3.09 3.80 0.61   63 0.32      NA          NA   20   0
76       acs           3  3.72 7.06 0.62   54 0.78      NA          NA   21   0
# 2026-01-18 14:12:16 -03: Iteration 3 of 5
# experimentsUsed: 446
# remainingBudget: 2304
# currentBudget: 768
# nbConfigurations: 45
# Markers:
     x No test is performed.
     c Configurations are discarded only due to capping.
     - The test is performed and some configurations are discarded.
     = The test is performed but no configuration is discarded.
     ! The test is performed and configurations could be discarded but elite configurations are preserved.
     . All alive configurations are elite and nothing is discarded.

+-+-----------+-----------+-----------+----------------+-----------+--------+-----+----+------+
| |   Instance|      Alive|       Best|       Mean best| Exp so far|  W time|  rho|KenW|  Qvar|
+-+-----------+-----------+-----------+----------------+-----------+--------+-----+----+------+
|x|          7|         45|         51|     32688442.00|         45|00:02:31|   NA|  NA|    NA|
|x|          3|         45|         51|     32601537.00|         88|00:02:24|+0.90|0.95|0.0034|
|x|          4|         45|        126|     32814012.67|        131|00:02:22|+0.90|0.93|0.0029|
|x|          2|         45|        126|     32782552.25|        174|00:02:24|+0.90|0.92|0.0038|
|-|          1|          8|        126|     32755985.00|        217|00:02:25|+0.12|0.30|0.7422|
|=|          5|          8|         51|     32720685.33|        223|00:00:57|+0.15|0.29|0.7035|
|=|          6|          8|         51|     32750188.00|        229|00:00:51|+0.09|0.22|0.7831|
|=|          8|          8|         51|     32727709.12|        237|00:00:48|+0.14|0.24|0.7503|
+-+-----------+-----------+-----------+----------------+-----------+--------+-----+----+------+
Best-so-far configuration:          51    mean value:      32727709.12
Description of the best-so-far configuration:
   .ID. algorithm localsearch alpha beta  rho ants   q0 rasrank elitistants
51   51       acs           3  3.09  3.8 0.61   63 0.32      NA          NA
   nnls dlb .PARENT.
51   20   0       17

# 2026-01-18 14:27:02 -03: Elite configurations (first number is the configuration ID; listed from best to worst according to the sum of ranks):
    algorithm localsearch alpha beta  rho ants   q0 rasrank elitistants nnls
51        acs           3  3.09 3.80 0.61   63 0.32      NA          NA   20
126       acs           3  3.41 2.91 0.85   67 0.80      NA          NA   14
95        acs           3  2.49 5.27 0.82   69 0.98      NA          NA    8
76        acs           3  3.72 7.06 0.62   54 0.78      NA          NA   21
99        ras           3  3.09 3.21 0.85   54   NA      44          NA   25
    dlb
51    0
126   0
95    0
76    0
99    0
# 2026-01-18 14:27:02 -03: Iteration 4 of 5
# experimentsUsed: 683
# remainingBudget: 2067
# currentBudget: 1033
# nbConfigurations: 45
# Markers:
     x No test is performed.
     c Configurations are discarded only due to capping.
     - The test is performed and some configurations are discarded.
     = The test is performed but no configuration is discarded.
     ! The test is performed and configurations could be discarded but elite configurations are preserved.
     . All alive configurations are elite and nothing is discarded.

+-+-----------+-----------+-----------+----------------+-----------+--------+-----+----+------+
| |   Instance|      Alive|       Best|       Mean best| Exp so far|  W time|  rho|KenW|  Qvar|
+-+-----------+-----------+-----------+----------------+-----------+--------+-----+----+------+
|x|          9|         45|        146|     32360128.00|         45|00:02:34|   NA|  NA|    NA|
|x|          7|         45|         51|     32532506.50|         85|00:02:18|+0.83|0.91|0.0478|
|x|          4|         45|        150|     32786961.00|        125|00:02:16|+0.86|0.91|0.0388|
|x|          2|         45|        126|     32767141.00|        165|00:02:20|+0.87|0.90|0.0347|
|-|          6|         12|        150|     32795002.20|        205|00:02:49|-0.12|0.11|1.0123|
|=|          3|         12|        150|     32742952.00|        212|00:00:31|-0.04|0.14|0.9278|
|=|          1|         12|        150|     32713478.00|        219|00:00:29|-0.01|0.13|0.9084|
|=|          5|         12|        150|     32700884.88|        226|00:00:29|+0.03|0.15|0.8679|
|=|          8|         12|        150|     32691127.89|        233|00:00:23|+0.03|0.14|0.8638|
|=|         10|         12|         51|     32705741.70|        245|00:00:51|+0.05|0.14|0.8323|
+-+-----------+-----------+-----------+----------------+-----------+--------+-----+----+------+
Best-so-far configuration:          51    mean value:      32705741.70
Description of the best-so-far configuration:
   .ID. algorithm localsearch alpha beta  rho ants   q0 rasrank elitistants
51   51       acs           3  3.09  3.8 0.61   63 0.32      NA          NA
   nnls dlb .PARENT.
51   20   0       17

# 2026-01-18 14:42:06 -03: Elite configurations (first number is the configuration ID; listed from best to worst according to the sum of ranks):
    algorithm localsearch alpha beta  rho ants   q0 rasrank elitistants nnls
51        acs           3  3.09 3.80 0.61   63 0.32      NA          NA   20
150       acs           3  3.51 0.94 0.86   68 0.44      NA          NA   10
157       acs           3  3.37 3.54 0.98   72 0.71      NA          NA    9
154       acs           3  2.93 2.31 0.86   72 0.72      NA          NA   10
95        acs           3  2.49 5.27 0.82   69 0.98      NA          NA    8
    dlb
51    0
150   0
157   0
154   0
95    0
# 2026-01-18 14:42:06 -03: Iteration 5 of 5
# experimentsUsed: 928
# remainingBudget: 1822
# currentBudget: 1822
# nbConfigurations: 45
# Markers:
     x No test is performed.
     c Configurations are discarded only due to capping.
     - The test is performed and some configurations are discarded.
     = The test is performed but no configuration is discarded.
     ! The test is performed and configurations could be discarded but elite configurations are preserved.
     . All alive configurations are elite and nothing is discarded.

+-+-----------+-----------+-----------+----------------+-----------+--------+-----+----+------+
| |   Instance|      Alive|       Best|       Mean best| Exp so far|  W time|  rho|KenW|  Qvar|
+-+-----------+-----------+-----------+----------------+-----------+--------+-----+----+------+
|x|         11|         45|        180|     32666509.00|         45|00:02:10|   NA|  NA|    NA|
|x|          7|         45|        180|     32679881.00|         85|00:02:10|+0.82|0.91|0.0869|
|x|          4|         45|        187|     32862805.00|        125|00:02:03|+0.81|0.87|0.0934|
|x|          2|         45|        180|     32819010.00|        165|00:01:49|+0.78|0.83|0.1221|
|-|          6|         18|        180|     32834335.00|        205|00:02:24|-0.10|0.12|1.0263|
|=|         10|         18|        180|     32835904.50|        218|00:00:45|-0.03|0.14|0.9784|
|=|          8|         18|        188|     32805703.00|        231|00:01:03|+0.00|0.14|0.9506|
|=|          1|         18|        188|     32771388.88|        244|00:01:02|+0.05|0.17|0.9074|
|=|          3|         18|        188|     32738164.44|        257|00:00:47|+0.04|0.15|0.8974|
|=|          9|         18|        188|     32708969.70|        270|00:01:07|+0.06|0.15|0.8839|
|-|          5|          8|        188|     32702120.36|        283|00:01:00|+0.02|0.11|0.8554|
|=|         12|          8|        188|     32697001.83|        291|00:00:35|-0.01|0.07|0.8724|
|=|         13|          8|        187|     32660867.00|        299|00:00:49|+0.03|0.10|0.8414|
+-+-----------+-----------+-----------+----------------+-----------+--------+-----+----+------+
Best-so-far configuration:         187    mean value:      32660867.00
Description of the best-so-far configuration:
    .ID. algorithm localsearch alpha beta  rho ants   q0 rasrank elitistants
187  187       acs           3  3.01 2.37 0.78   60 0.33      NA          NA
    nnls dlb .PARENT.
187   12   0      150

# 2026-01-18 14:59:56 -03: Elite configurations (first number is the configuration ID; listed from best to worst according to the sum of ranks):
    algorithm localsearch alpha beta  rho ants   q0 rasrank elitistants nnls
187       acs           3  3.01 2.37 0.78   60 0.33      NA          NA   12
188       acs           3  2.57 2.33 0.78   62 0.70      NA          NA    9
51        acs           3  3.09 3.80 0.61   63 0.32      NA          NA   20
180       acs           3  3.68 4.80 0.47   56 0.48      NA          NA   18
95        acs           3  2.49 5.27 0.82   69 0.98      NA          NA    8
    dlb
187   0
188   0
51    0
180   0
95    0
# 2026-01-18 14:59:56 -03: Iteration 6 of 6
# experimentsUsed: 1227
# remainingBudget: 1523
# currentBudget: 1523
# nbConfigurations: 45
# Markers:
     x No test is performed.
     c Configurations are discarded only due to capping.
     - The test is performed and some configurations are discarded.
     = The test is performed but no configuration is discarded.
     ! The test is performed and configurations could be discarded but elite configurations are preserved.
     . All alive configurations are elite and nothing is discarded.

+-+-----------+-----------+-----------+----------------+-----------+--------+-----+----+------+
| |   Instance|      Alive|       Best|       Mean best| Exp so far|  W time|  rho|KenW|  Qvar|
+-+-----------+-----------+-----------+----------------+-----------+--------+-----+----+------+
|x|         14|         45|         95|     32315926.00|         45|00:02:36|   NA|  NA|    NA|
|x|          6|         45|        240|     32607650.00|         85|00:02:35|+0.07|0.54|0.3503|
|x|          7|         45|        187|     32619736.33|        125|00:02:45|+0.26|0.50|0.3073|
|x|          9|         45|        187|     32561114.25|        165|00:02:30|+0.35|0.51|0.2831|
|-|          8|         20|        187|     32561707.00|        205|00:02:20|-0.09|0.13|1.0332|
|=|         12|         20|        187|     32569122.17|        220|00:01:05|-0.05|0.12|0.9925|
|=|          3|         20|        187|     32559936.29|        235|00:01:04|-0.01|0.13|0.9615|
|=|          2|         20|        187|     32582537.50|        250|00:00:52|-0.02|0.11|0.9493|
|=|         13|         20|        187|     32543749.89|        265|00:00:44|+0.01|0.12|0.9154|
|=|         10|         20|        188|     32584570.70|        280|00:01:07|+0.00|0.10|0.9262|
|=|          5|         20|        188|     32589030.36|        295|00:01:07|+0.01|0.10|0.9122|
|=|         11|         20|        188|     32599569.83|        310|00:00:56|+0.03|0.11|0.8997|
|=|          4|         20|        188|     32648878.85|        325|00:01:03|+0.04|0.11|0.8884|
|-|          1|         13|        188|     32640472.50|        340|00:01:07|-0.02|0.05|0.9229|
|=|         15|         13|        188|     32655994.27|        353|00:00:50|+0.01|0.07|0.8996|
|=|         16|         13|        187|     32655014.94|        366|00:00:39|+0.02|0.08|0.8842|
+-+-----------+-----------+-----------+----------------+-----------+--------+-----+----+------+
Best-so-far configuration:         187    mean value:      32655014.94
Description of the best-so-far configuration:
    .ID. algorithm localsearch alpha beta  rho ants   q0 rasrank elitistants
187  187       acs           3  3.01 2.37 0.78   60 0.33      NA          NA
    nnls dlb .PARENT.
187   12   0      150

# 2026-01-18 15:23:25 -03: Elite configurations (first number is the configuration ID; listed from best to worst according to the sum of ranks):
    algorithm localsearch alpha beta  rho ants   q0 rasrank elitistants nnls
187       acs           3  3.01 2.37 0.78   60 0.33      NA          NA   12
188       acs           3  2.57 2.33 0.78   62 0.70      NA          NA    9
51        acs           3  3.09 3.80 0.61   63 0.32      NA          NA   20
221       acs           3  2.44 2.70 0.81   63 0.69      NA          NA   11
180       acs           3  3.68 4.80 0.47   56 0.48      NA          NA   18
    dlb
187   0
188   0
51    0
221   0
180   0
# 2026-01-18 15:23:25 -03: Iteration 7 of 7
# experimentsUsed: 1593
# remainingBudget: 1157
# currentBudget: 1157
# nbConfigurations: 45
# Markers:
     x No test is performed.
     c Configurations are discarded only due to capping.
     - The test is performed and some configurations are discarded.
     = The test is performed but no configuration is discarded.
     ! The test is performed and configurations could be discarded but elite configurations are preserved.
     . All alive configurations are elite and nothing is discarded.

+-+-----------+-----------+-----------+----------------+-----------+--------+-----+----+------+
| |   Instance|      Alive|       Best|       Mean best| Exp so far|  W time|  rho|KenW|  Qvar|
+-+-----------+-----------+-----------+----------------+-----------+--------+-----+----+------+
|x|         17|         45|        277|     32057680.00|         45|00:02:09|   NA|  NA|    NA|
|x|          7|         45|        277|     32388086.00|         85|00:02:27|+0.23|0.61|0.5002|
|x|          4|         45|        277|     32634950.00|        125|00:02:24|+0.29|0.53|0.5407|
|x|          8|         45|        188|     32643200.25|        165|00:02:24|+0.29|0.47|0.5514|
|-|         16|         27|        188|     32659776.00|        205|00:02:31|-0.11|0.11|1.0514|
|=|          3|         27|        188|     32628541.50|        227|00:01:20|-0.03|0.14|0.9847|
|=|         11|         27|        188|     32640964.71|        249|00:01:34|+0.01|0.15|0.9444|
|=|          9|         27|        187|     32618966.00|        271|00:01:30|+0.01|0.14|0.9324|
|=|         15|         27|        187|     32644981.33|        293|00:01:38|+0.04|0.14|0.9164|
|=|          1|         27|        187|     32633880.40|        315|00:01:40|+0.04|0.14|0.9193|
|-|          5|         14|        187|     32631918.64|        337|00:01:24|-0.03|0.07|0.9591|
|=|         12|         14|        187|     32629775.25|        346|00:00:39|-0.04|0.05|0.9593|
|=|         10|         14|        187|     32653617.77|        355|00:00:34|-0.03|0.05|0.9534|
|=|          2|         14|        188|     32654531.29|        364|00:00:46|-0.03|0.04|0.9554|
|=|         13|         14|        188|     32627092.87|        373|00:00:41|-0.02|0.05|0.9401|
|=|          6|         14|        188|     32641790.94|        382|00:00:47|-0.02|0.04|0.9363|
|=|         14|         14|        187|     32627793.24|        391|00:00:41|-0.02|0.04|0.9344|
|=|         18|         14|        187|     32631917.33|        405|00:01:12|-0.02|0.03|0.9410|
+-+-----------+-----------+-----------+----------------+-----------+--------+-----+----+------+
Best-so-far configuration:         187    mean value:      32631917.33
Description of the best-so-far configuration:
    .ID. algorithm localsearch alpha beta  rho ants   q0 rasrank elitistants
187  187       acs           3  3.01 2.37 0.78   60 0.33      NA          NA
    nnls dlb .PARENT.
187   12   0      150

# 2026-01-18 15:49:56 -03: Elite configurations (first number is the configuration ID; listed from best to worst according to the sum of ranks):
    algorithm localsearch alpha beta  rho ants   q0 rasrank elitistants nnls
187       acs           3  3.01 2.37 0.78   60 0.33      NA          NA   12
221       acs           3  2.44 2.70 0.81   63 0.69      NA          NA   11
188       acs           3  2.57 2.33 0.78   62 0.70      NA          NA    9
260       acs           3  3.73 5.42 0.47   59 0.37      NA          NA   15
51        acs           3  3.09 3.80 0.61   63 0.32      NA          NA   20
    dlb
187   0
221   0
188   0
260   0
51    0
# 2026-01-18 15:49:56 -03: There is not enough budget to enforce the value of nbConfigurations, returning to default behaviour nbConfigurations:44.
# Iteration: 8
# nbIterations: 8
# experimentsUsed: 1998
# timeUsed: 0
# remainingBudget: 752
# currentBudget: 752
# number of elites: 5
# nbConfigurations: 44
# 2026-01-18 15:49:56 -03: Iteration 8 of 8
# experimentsUsed: 1998
# remainingBudget: 752
# currentBudget: 752
# nbConfigurations: 44
# Markers:
     x No test is performed.
     c Configurations are discarded only due to capping.
     - The test is performed and some configurations are discarded.
     = The test is performed but no configuration is discarded.
     ! The test is performed and configurations could be discarded but elite configurations are preserved.
     . All alive configurations are elite and nothing is discarded.

+-+-----------+-----------+-----------+----------------+-----------+--------+-----+----+------+
| |   Instance|      Alive|       Best|       Mean best| Exp so far|  W time|  rho|KenW|  Qvar|
+-+-----------+-----------+-----------+----------------+-----------+--------+-----+----+------+
|x|         19|         44|        300|     32781184.00|         44|00:02:08|   NA|  NA|    NA|
|x|          7|         44|        319|     32748955.50|         83|00:01:25|+0.12|0.56|0.7775|
|x|         13|         44|        188|     32585475.33|        122|00:01:51|+0.05|0.37|0.8543|
|x|         17|         44|        188|     32454681.50|        161|00:02:01|+0.05|0.29|0.8728|
|=|          4|         44|        188|     32611862.60|        200|00:01:31|+0.05|0.24|0.8772|
|-|          9|         27|        188|     32584255.00|        239|00:01:56|-0.09|0.10|1.0497|
|=|          8|         27|        188|     32578458.57|        261|00:01:06|-0.04|0.11|1.0043|
|=|         11|         27|        188|     32595589.25|        283|00:00:59|-0.01|0.11|0.9788|
|=|         15|         27|        188|     32626445.89|        305|00:00:56|+0.01|0.12|0.9569|
|=|         10|         27|        188|     32648657.50|        327|00:01:03|+0.00|0.10|0.9587|
|=|          3|         27|        188|     32632631.27|        349|00:01:05|+0.03|0.12|0.9323|
|=|          2|         27|        188|     32638503.00|        371|00:01:07|+0.03|0.11|0.9280|
|=|          6|         27|        188|     32655715.23|        393|00:01:05|+0.04|0.11|0.9218|
|-|         16|          8|        188|     32660741.21|        415|00:00:50|-0.02|0.05|0.8944|
|=|          1|          8|        188|     32652104.47|        418|00:00:19|-0.01|0.06|0.8802|
|=|         12|          8|        188|     32651391.56|        421|00:00:21|-0.02|0.05|0.8906|
|=|          5|          8|        188|     32650346.59|        424|00:00:20|-0.02|0.04|0.8906|
|=|         14|          8|        188|     32634196.11|        427|00:00:20|-0.01|0.04|0.8817|
|=|         18|          8|        188|     32642108.63|        430|00:00:20|-0.01|0.04|0.8767|
|=|         20|          8|        188|     32639489.50|        438|00:00:39|-0.00|0.05|0.8691|
+-+-----------+-----------+-----------+----------------+-----------+--------+-----+----+------+
Best-so-far configuration:         188    mean value:      32639489.50
Description of the best-so-far configuration:
    .ID. algorithm localsearch alpha beta  rho ants  q0 rasrank elitistants
188  188       acs           3  2.57 2.33 0.78   62 0.7      NA          NA
    nnls dlb .PARENT.
188    9   0      157

# 2026-01-18 16:11:26 -03: Elite configurations (first number is the configuration ID; listed from best to worst according to the sum of ranks):
    algorithm localsearch alpha beta  rho ants   q0 rasrank elitistants nnls
188       acs           3  2.57 2.33 0.78   62 0.70      NA          NA    9
187       acs           3  3.01 2.37 0.78   60 0.33      NA          NA   12
221       acs           3  2.44 2.70 0.81   63 0.69      NA          NA   11
51        acs           3  3.09 3.80 0.61   63 0.32      NA          NA   20
295       acs           3  2.94 2.85 0.75   60 0.23      NA          NA   14
    dlb
188   0
187   0
221   0
51    0
295   0
# 2026-01-18 16:11:26 -03: There is not enough budget to enforce the value of nbConfigurations, returning to default behaviour nbConfigurations:19.
# Iteration: 9
# nbIterations: 9
# experimentsUsed: 2436
# timeUsed: 0
# remainingBudget: 314
# currentBudget: 314
# number of elites: 5
# nbConfigurations: 19
# 2026-01-18 16:11:26 -03: Iteration 9 of 9
# experimentsUsed: 2436
# remainingBudget: 314
# currentBudget: 314
# nbConfigurations: 19
# Markers:
     x No test is performed.
     c Configurations are discarded only due to capping.
     - The test is performed and some configurations are discarded.
     = The test is performed but no configuration is discarded.
     ! The test is performed and configurations could be discarded but elite configurations are preserved.
     . All alive configurations are elite and nothing is discarded.

+-+-----------+-----------+-----------+----------------+-----------+--------+-----+----+------+
| |   Instance|      Alive|       Best|       Mean best| Exp so far|  W time|  rho|KenW|  Qvar|
+-+-----------+-----------+-----------+----------------+-----------+--------+-----+----+------+
|x|         21|         19|        336|     32562179.00|         19|00:00:56|   NA|  NA|    NA|
|x|         14|         19|         51|     32467395.50|         33|00:00:36|-0.19|0.40|1.0713|
|x|         16|         19|         51|     32548252.33|         47|00:00:35|+0.08|0.39|0.8429|
|x|          1|         19|         51|     32549713.75|         61|00:00:40|+0.14|0.35|0.8056|
|-|         15|         12|        188|     32614215.40|         75|00:00:36|-0.09|0.13|1.0302|
|=|          5|         12|         51|     32607987.00|         82|00:00:33|-0.05|0.13|0.9765|
|=|         18|         12|        187|     32636832.14|         89|00:00:25|-0.04|0.11|0.9852|
|=|          3|         12|        187|     32620330.75|         96|00:00:26|-0.05|0.08|0.9761|
|=|         11|         12|        221|     32622177.33|        103|00:00:32|-0.04|0.07|0.9667|
|=|         17|         12|        221|     32568374.80|        110|00:00:24|-0.03|0.08|0.9480|
|=|         10|         12|        188|     32598906.64|        117|00:00:25|-0.02|0.07|0.9396|
|=|          2|         12|        188|     32607588.75|        124|00:00:28|-0.04|0.05|0.9547|
|=|         19|         12|        188|     32621407.85|        131|00:00:24|-0.03|0.05|0.9429|
|=|          8|         12|        188|     32615855.86|        138|00:00:21|-0.01|0.06|0.9297|
|=|         12|         12|        188|     32617512.00|        145|00:00:27|-0.01|0.05|0.9266|
|=|          6|         12|        188|     32632808.88|        152|00:00:34|-0.00|0.06|0.9164|
|=|         20|         12|        188|     32630274.59|        159|00:00:20|-0.01|0.05|0.9224|
|=|          4|         12|        188|     32664180.83|        166|00:00:35|-0.01|0.05|0.9298|
|=|          7|         12|        188|     32667446.79|        173|00:00:29|-0.01|0.05|0.9266|
|=|         13|         12|        188|     32646222.20|        180|00:00:22|+0.00|0.05|0.9158|
|=|          9|         12|        188|     32636698.14|        187|00:00:28|+0.01|0.06|0.9100|
|=|         22|         12|        188|     32649408.00|        199|00:00:55|+0.01|0.06|0.9048|
+-+-----------+-----------+-----------+----------------+-----------+--------+-----+----+------+
Best-so-far configuration:         188    mean value:      32649408.00
Description of the best-so-far configuration:
    .ID. algorithm localsearch alpha beta  rho ants  q0 rasrank elitistants
188  188       acs           3  2.57 2.33 0.78   62 0.7      NA          NA
    nnls dlb .PARENT.
188    9   0      157

# 2026-01-18 16:23:09 -03: Elite configurations (first number is the configuration ID; listed from best to worst according to the sum of ranks):
    algorithm localsearch alpha beta  rho ants   q0 rasrank elitistants nnls
188       acs           3  2.57 2.33 0.78   62 0.70      NA          NA    9
221       acs           3  2.44 2.70 0.81   63 0.69      NA          NA   11
187       acs           3  3.01 2.37 0.78   60 0.33      NA          NA   12
295       acs           3  2.94 2.85 0.75   60 0.23      NA          NA   14
339       acs           3  2.68 1.96 0.72   59 0.33      NA          NA   10
    dlb
188   0
221   0
187   0
295   0
339   0
# 2026-01-18 16:23:09 -03: There is not enough budget to enforce the value of nbConfigurations, returning to default behaviour nbConfigurations:9.
# Iteration: 10
# nbIterations: 10
# experimentsUsed: 2635
# timeUsed: 0
# remainingBudget: 115
# currentBudget: 115
# number of elites: 5
# nbConfigurations: 9
# 2026-01-18 16:23:09 -03: Iteration 10 of 10
# experimentsUsed: 2635
# remainingBudget: 115
# currentBudget: 115
# nbConfigurations: 9
# Markers:
     x No test is performed.
     c Configurations are discarded only due to capping.
     - The test is performed and some configurations are discarded.
     = The test is performed but no configuration is discarded.
     ! The test is performed and configurations could be discarded but elite configurations are preserved.
     . All alive configurations are elite and nothing is discarded.

+-+-----------+-----------+-----------+----------------+-----------+--------+-----+----+------+
| |   Instance|      Alive|       Best|       Mean best| Exp so far|  W time|  rho|KenW|  Qvar|
+-+-----------+-----------+-----------+----------------+-----------+--------+-----+----+------+
|x|         23|          9|        345|     32408134.00|          9|00:00:25|   NA|  NA|    NA|
|x|         22|          9|        345|     32666524.50|         13|00:00:24|-0.08|0.46|1.1410|
|x|         20|          9|        345|     32641319.00|         17|00:00:20|-0.01|0.33|0.9723|
|x|          5|          9|        188|     32640635.75|         21|00:00:21|-0.05|0.21|1.0615|
|=|          1|          9|        188|     32618746.60|         25|00:00:20|-0.03|0.17|1.0396|
|=|          8|          9|        188|     32606235.50|         29|00:00:21|-0.02|0.15|0.9681|
|=|         10|          9|        188|     32640853.57|         33|00:00:18|+0.02|0.16|0.9264|
|=|         12|          9|        188|     32640834.12|         37|00:00:16|-0.03|0.10|0.9378|
|=|         18|          9|        188|     32656800.78|         41|00:00:17|-0.07|0.05|0.9662|
|=|          6|          9|        188|     32677346.90|         45|00:00:23|-0.07|0.04|0.9638|
|=|         16|          9|        188|     32681777.09|         49|00:00:19|-0.04|0.06|0.9476|
|=|          3|          9|        188|     32664326.42|         53|00:00:23|-0.03|0.06|0.9383|
|=|          7|          9|        188|     32669088.54|         57|00:00:19|-0.01|0.07|0.9255|
|=|         15|          9|        188|     32683675.00|         61|00:00:21|+0.01|0.08|0.9092|
|=|          2|          9|        188|     32684969.47|         65|00:00:21|+0.01|0.07|0.9198|
|=|         17|          9|        188|     32646052.62|         69|00:00:20|+0.01|0.07|0.9200|
|=|         21|          9|        188|     32642218.41|         73|00:00:21|+0.01|0.07|0.9154|
|=|          9|          9|        188|     32631329.44|         77|00:00:18|+0.01|0.07|0.9130|
|=|         13|          9|        188|     32610888.68|         81|00:00:16|+0.02|0.08|0.9023|
|=|         11|          9|        188|     32616119.45|         85|00:00:18|+0.02|0.07|0.8968|
|=|          4|          9|        188|     32645856.00|         89|00:00:23|+0.01|0.06|0.9020|
|=|         14|          9|        188|     32632846.09|         93|00:00:21|+0.02|0.06|0.8938|
|=|         19|          9|        188|     32639558.74|         97|00:00:23|+0.01|0.06|0.8939|
|=|         24|          9|        188|     32646093.67|        106|00:00:28|+0.00|0.05|0.8984|
+-+-----------+-----------+-----------+----------------+-----------+--------+-----+----+------+
Best-so-far configuration:         188    mean value:      32646093.67
Description of the best-so-far configuration:
    .ID. algorithm localsearch alpha beta  rho ants  q0 rasrank elitistants
188  188       acs           3  2.57 2.33 0.78   62 0.7      NA          NA
    nnls dlb .PARENT.
188    9   0      157

# 2026-01-18 16:31:35 -03: Elite configurations (first number is the configuration ID; listed from best to worst according to the sum of ranks):
    algorithm localsearch alpha beta  rho ants   q0 rasrank elitistants nnls
188       acs           3  2.57 2.33 0.78   62 0.70      NA          NA    9
187       acs           3  3.01 2.37 0.78   60 0.33      NA          NA   12
221       acs           3  2.44 2.70 0.81   63 0.69      NA          NA   11
295       acs           3  2.94 2.85 0.75   60 0.23      NA          NA   14
339       acs           3  2.68 1.96 0.72   59 0.33      NA          NA   10
    dlb
188   0
187   0
221   0
295   0
339   0
# 2026-01-18 16:31:35 -03: There is not enough budget to enforce the value of nbConfigurations, returning to default behaviour nbConfigurations:5.
# Iteration: 11
# nbIterations: 11
# experimentsUsed: 2741
# timeUsed: 0
# remainingBudget: 9
# currentBudget: 9
# number of elites: 5
# nbConfigurations: 5
# 2026-01-18 16:31:35 -03: Stopped because there is not enough budget left to race more than the minimum (5).
# You may either increase the budget or set 'minNbSurvival' to a lower value.
# Iteration: 11
# nbIterations: 11
# experimentsUsed: 2741
# timeUsed: 0
# remainingBudget: 9
# currentBudget: 9
# number of elites: 5
# nbConfigurations: 5
# Total CPU user time: 71790.57, CPU sys time: 486.963, Wall-clock time: 9943.063
# 2026-01-18 16:31:35 -03: Starting post-selection:
# Configurations selected: 188, 187, 221, 295, 339, 345, 346, 347, 348.
# Pending instances: 0, 0, 0, 0, 0, 0, 0, 0, 0.
# 2026-01-18 16:31:36 -03: seed: 1500311
# Configurations: 9
# Available experiments: 9
# minSurvival: 1
# Markers:
     x No test is performed.
     c Configurations are discarded only due to capping.
     - The test is performed and some configurations are discarded.
     = The test is performed but no configuration is discarded.
     ! The test is performed and configurations could be discarded but elite configurations are preserved.
     . All alive configurations are elite and nothing is discarded.

+-+-----------+-----------+-----------+----------------+-----------+--------+-----+----+------+
| |   Instance|      Alive|       Best|       Mean best| Exp so far|  W time|  rho|KenW|  Qvar|
+-+-----------+-----------+-----------+----------------+-----------+--------+-----+----+------+
|.|         20|          9|        339|     32548806.00|          0|00:00:00|   NA|  NA|    NA|
|.|         22|          9|        339|     32756135.00|          0|00:00:00|+0.18|0.59|0.7442|
|.|         12|          9|        339|     32710315.00|          0|00:00:00|-0.17|0.22|1.0082|
|.|         16|          9|        339|     32725995.25|          0|00:00:00|-0.07|0.20|0.9398|
|.|         21|          9|        339|     32704085.40|          0|00:00:00|+0.03|0.23|0.8411|
|.|         15|          9|        339|     32735369.17|          0|00:00:00|+0.09|0.24|0.7991|
|.|          8|          9|        339|     32708364.57|          0|00:00:00|+0.06|0.20|0.8287|
|.|          1|          9|        339|     32687065.38|          0|00:00:00|+0.09|0.20|0.8115|
|.|          9|          9|        339|     32657068.33|          0|00:00:00|+0.09|0.19|0.8064|
|.|         13|          9|        339|     32623451.30|          0|00:00:00|+0.09|0.18|0.8072|
|.|         11|          9|        339|     32629966.18|          0|00:00:00|+0.10|0.18|0.7874|
|.|          5|          9|        339|     32636817.25|          0|00:00:00|+0.11|0.18|0.7944|
|.|         23|          9|        339|     32620500.23|          0|00:00:00|+0.07|0.14|0.8375|
|.|         24|          9|        339|     32629480.93|          0|00:00:00|+0.03|0.10|0.8694|
|.|          7|          9|        339|     32636112.07|          0|00:00:00|+0.04|0.10|0.8629|
|.|          4|          9|        339|     32674785.75|          0|00:00:00|+0.02|0.08|0.8731|
|.|          3|          9|        339|     32663314.41|          0|00:00:00|+0.03|0.08|0.8716|
|.|         18|          9|        339|     32666655.50|          0|00:00:00|+0.01|0.07|0.8805|
|.|          2|          9|        339|     32668350.11|          0|00:00:00|+0.01|0.06|0.8932|
|.|         19|          9|        339|     32677750.00|          0|00:00:00|+0.01|0.06|0.8943|
|.|         17|          9|        339|     32650797.76|          0|00:00:00|+0.01|0.06|0.8953|
|.|         14|          9|        339|     32637575.86|          0|00:00:00|+0.02|0.06|0.8861|
|.|          6|          9|        339|     32648959.87|          0|00:00:00|+0.01|0.05|0.8962|
|.|         10|          9|        339|     32658666.83|          0|00:00:00|+0.00|0.05|0.8984|
|=|         25|          9|        188|     32648417.52|          9|00:00:29|+0.00|0.04|0.9025|
+-+-----------+-----------+-----------+----------------+-----------+--------+-----+----+------+
Best-so-far configuration:         188    mean value:      32648417.52
Description of the best-so-far configuration:
    .ID. algorithm localsearch alpha beta  rho ants  q0 rasrank elitistants
188  188       acs           3  2.57 2.33 0.78   62 0.7      NA          NA
    nnls dlb .PARENT.
188    9   0      157

# 2026-01-18 16:32:05 -03: Elite configurations (first number is the configuration ID; listed from best to worst according to the sum of ranks):
    algorithm localsearch alpha beta  rho ants   q0 rasrank elitistants nnls
188       acs           3  2.57 2.33 0.78   62 0.70      NA          NA    9
187       acs           3  3.01 2.37 0.78   60 0.33      NA          NA   12
221       acs           3  2.44 2.70 0.81   63 0.69      NA          NA   11
295       acs           3  2.94 2.85 0.75   60 0.23      NA          NA   14
346       acs           3  2.74 2.47 0.72   60 0.61      NA          NA   11
    dlb
188   0
187   0
221   0
295   0
346   0
# Total CPU user time: 71982.78, CPU sys time: 488.114, Wall-clock time: 9972.543
    .ID. algorithm localsearch alpha beta  rho ants   q0 rasrank elitistants
188  188       acs           3  2.57 2.33 0.78   62 0.70      NA          NA
187  187       acs           3  3.01 2.37 0.78   60 0.33      NA          NA
221  221       acs           3  2.44 2.70 0.81   63 0.69      NA          NA
295  295       acs           3  2.94 2.85 0.75   60 0.23      NA          NA
346  346       acs           3  2.74 2.47 0.72   60 0.61      NA          NA
    nnls dlb .PARENT. .RANK.   .WEIGHT.
188    9   0      157     94 0.33333333
187   12   0      150    120 0.26666667
221   11   0      188    122 0.20000000
295   14   0      187    124 0.13333333
346   11   0      188    125 0.06666667
