# 2026-01-26 23:35:18 -03: Reading parameter file '/home/pestobar/Activities/irace-executions/PSO-X/Scenarios/BH-65/Runs/BH-65_seed_1800371/parameters.txt'.
# 2026-01-26 23:35:18 -03: 2 expression(s) specifying forbidden configurations read.
# 2026-01-26 23:35:18 -03: Initialization
# Elitist race
# Elitist new instances: 1
# Elitist limit: 2
# nbIterations: 5
# minNbSurvival: 5
# nbParameters: 8
# seed: 1800371
# confidence level: 0.95
# budget: 4000
# mu: 5
# deterministic: FALSE

# 2026-01-26 23:35:19 -03: Iteration 1 of 5
# experimentsUsed: 0
# remainingBudget: 4000
# currentBudget: 800
# nbConfigurations: 65
# Markers:
     x No test is performed.
     c Configurations are discarded only due to capping.
     - The test is performed and some configurations are discarded.
     = The test is performed but no configuration is discarded.
     ! The test is performed and configurations could be discarded but elite configurations are preserved.
     . All alive configurations are elite and nothing is discarded.

+-+-----------+-----------+-----------+----------------+-----------+--------+-----+----+------+
| |   Instance|      Alive|       Best|       Mean best| Exp so far|  W time|  rho|KenW|  Qvar|
+-+-----------+-----------+-----------+----------------+-----------+--------+-----+----+------+
|x|          1|         65|         16|    0.8513723875|         65|00:00:37|   NA|  NA|    NA|
|x|          2|         65|         47|     61.63081679|        130|00:00:40|+0.82|0.91|0.2050|
|x|          3|         65|         44|     354.1432306|        195|00:04:04|+0.66|0.77|0.2364|
|x|          4|         65|         35|     325.8627578|        260|00:00:37|+0.59|0.69|0.3748|
|-|          5|         29|         41|     360.3595273|        325|00:00:41|-0.12|0.10|0.9750|
|=|          6|         29|         41|     451.9037528|        354|00:01:46|-0.08|0.10|0.9616|
|=|          7|         29|         41|     2689.084602|        383|00:00:12|-0.03|0.12|0.9458|
+-+-----------+-----------+-----------+----------------+-----------+--------+-----+----+------+
Best-so-far configuration:          41    mean value:      2689.084602
Description of the best-so-far configuration:
   .ID. particles topology modInfluence branching tSchedule phi1 phi2 inertia
41   41       188        4            0        NA        NA 1.93 1.88    0.57
   .PARENT.
41       NA

# 2026-01-26 23:44:01 -03: Elite configurations (first number is the configuration ID; listed from best to worst according to the sum of ranks):
   particles topology modInfluence branching tSchedule phi1 phi2 inertia
41       188        4            0        NA        NA 1.93 1.88    0.57
21       129        1            0        NA        NA 1.03 1.99    0.28
45       163        0            0        NA        NA 1.61 0.94    0.01
25       166        4            0        NA        NA 1.18 1.21    0.90
33       101        5            0        NA         6 1.14 1.41    0.40
# 2026-01-26 23:44:01 -03: Iteration 2 of 5
# experimentsUsed: 383
# remainingBudget: 3617
# currentBudget: 904
# nbConfigurations: 65
# Markers:
     x No test is performed.
     c Configurations are discarded only due to capping.
     - The test is performed and some configurations are discarded.
     = The test is performed but no configuration is discarded.
     ! The test is performed and configurations could be discarded but elite configurations are preserved.
     . All alive configurations are elite and nothing is discarded.

+-+-----------+-----------+-----------+----------------+-----------+--------+-----+----+------+
| |   Instance|      Alive|       Best|       Mean best| Exp so far|  W time|  rho|KenW|  Qvar|
+-+-----------+-----------+-----------+----------------+-----------+--------+-----+----+------+
|x|          8|         65|        120|     60.35952548|         65|00:00:43|   NA|  NA|    NA|
|x|          5|         65|         88|     8451.840627|        125|00:00:45|+0.59|0.79|0.5402|
|x|          2|         65|         71|     23494.09193|        185|00:00:44|+0.50|0.67|0.4552|
|x|          1|         65|         74|     16108.20822|        245|00:00:40|+0.54|0.66|0.3752|
|-|          4|         34|         74|     12917.15406|        305|00:00:43|-0.09|0.13|1.0425|
|=|          6|         34|        119|     10984.29283|        334|00:01:44|-0.02|0.15|0.9899|
|=|          7|         34|        119|     11720.13888|        363|00:00:24|+0.05|0.18|0.9339|
|-|          3|         24|        119|     10368.85566|        392|00:01:46|-0.03|0.09|1.0247|
|=|          9|         24|        119|     9216.911146|        416|00:00:03|-0.04|0.08|1.0175|
|=|         10|         24|        119|     8295.245781|        440|00:00:04|-0.01|0.09|0.9915|
+-+-----------+-----------+-----------+----------------+-----------+--------+-----+----+------+
Best-so-far configuration:         119    mean value:      8295.245781
Description of the best-so-far configuration:
    .ID. particles topology modInfluence branching tSchedule phi1 phi2 inertia
119  119       199        4            0        NA        NA 0.97 2.24     0.5
    .PARENT.
119       41

# 2026-01-26 23:51:43 -03: Elite configurations (first number is the configuration ID; listed from best to worst according to the sum of ranks):
    particles topology modInfluence branching tSchedule phi1 phi2 inertia
119       199        4            0        NA        NA 0.97 2.24    0.50
41        188        4            0        NA        NA 1.93 1.88    0.57
67         81        5            0        NA         7 2.30 2.25    0.84
88        132        4            2        NA        NA 2.10 1.76    0.90
70        124        1            0        NA        NA 1.64 1.95    0.47
# 2026-01-26 23:51:43 -03: Iteration 3 of 5
# experimentsUsed: 823
# remainingBudget: 3177
# currentBudget: 1059
# nbConfigurations: 65
# Markers:
     x No test is performed.
     c Configurations are discarded only due to capping.
     - The test is performed and some configurations are discarded.
     = The test is performed but no configuration is discarded.
     ! The test is performed and configurations could be discarded but elite configurations are preserved.
     . All alive configurations are elite and nothing is discarded.

+-+-----------+-----------+-----------+----------------+-----------+--------+-----+----+------+
| |   Instance|      Alive|       Best|       Mean best| Exp so far|  W time|  rho|KenW|  Qvar|
+-+-----------+-----------+-----------+----------------+-----------+--------+-----+----+------+
|x|         11|         65|        142|     25.37024651|         65|00:00:38|   NA|  NA|    NA|
|x|          5|         65|        160|     25.79756571|        125|00:00:36|+0.93|0.96|0.0709|
|x|         10|         65|        147|     19.32921093|        185|00:00:35|+0.60|0.74|0.4115|
|x|          3|         65|        135|     246.7170844|        245|00:03:59|+0.62|0.71|0.4678|
|-|          6|         27|        147|     375.6120656|        305|00:04:00|-0.09|0.12|0.9979|
|=|          9|         27|        142|     312.5476079|        327|00:00:03|-0.10|0.09|1.0006|
|=|          1|         27|        142|     274.9256669|        349|00:00:03|-0.06|0.09|0.9818|
|=|          8|         27|        160|     1387.721360|        371|00:00:04|-0.02|0.10|0.9560|
|=|          2|         27|        160|     1257.016355|        393|00:00:05|-0.05|0.06|0.9835|
|=|          4|         27|        160|     1135.575082|        415|00:00:04|-0.02|0.08|0.9457|
|=|          7|         27|        142|     2762.772948|        437|00:00:05|-0.01|0.08|0.9374|
|=|         12|         27|        142|     2532.749453|        464|00:00:04|-0.01|0.08|0.9274|
+-+-----------+-----------+-----------+----------------+-----------+--------+-----+----+------+
Best-so-far configuration:         142    mean value:      2532.749453
Description of the best-so-far configuration:
    .ID. particles topology modInfluence branching tSchedule phi1 phi2 inertia
142  142        82        4            0        NA        NA  2.1 2.13    0.78
    .PARENT.
142       88

# 2026-01-27 00:02:06 -03: Elite configurations (first number is the configuration ID; listed from best to worst according to the sum of ranks):
    particles topology modInfluence branching tSchedule phi1 phi2 inertia
142        82        4            0        NA        NA 2.10 2.13    0.78
160        42        1            0        NA        NA 1.75 2.31    0.78
148       196        4            0        NA        NA 1.22 2.42    0.48
166       107        4            0        NA        NA 1.30 1.88    0.68
133       101        4            0        NA        NA 2.26 1.85    0.72
# 2026-01-27 00:02:06 -03: Iteration 4 of 5
# experimentsUsed: 1287
# remainingBudget: 2713
# currentBudget: 1356
# nbConfigurations: 65
# Markers:
     x No test is performed.
     c Configurations are discarded only due to capping.
     - The test is performed and some configurations are discarded.
     = The test is performed but no configuration is discarded.
     ! The test is performed and configurations could be discarded but elite configurations are preserved.
     . All alive configurations are elite and nothing is discarded.

+-+-----------+-----------+-----------+----------------+-----------+--------+-----+----+------+
| |   Instance|      Alive|       Best|       Mean best| Exp so far|  W time|  rho|KenW|  Qvar|
+-+-----------+-----------+-----------+----------------+-----------+--------+-----+----+------+
|x|         13|         65|        195|     4.631957670|         65|00:00:08|   NA|  NA|    NA|
|x|          2|         65|        213|     63.84423344|        125|00:00:11|+0.61|0.81|0.0419|
|x|          3|         65|        216|     353.0440461|        185|00:03:29|+0.26|0.51|0.0444|
|x|          6|         65|        239|     496.4116608|        245|00:03:30|+0.26|0.44|0.0365|
|-|         11|         48|        239|     427.0385202|        305|00:00:12|-0.09|0.13|1.0441|
|=|         10|         48|        230|     347.1347623|        348|00:00:06|-0.05|0.12|0.9786|
|=|          5|         48|        187|     293.5421677|        391|00:00:09|-0.03|0.12|0.9502|
|=|          7|         48|        230|     2259.940850|        434|00:00:08|-0.00|0.12|0.9185|
|=|         12|         48|        230|     2009.092354|        477|00:00:06|+0.01|0.12|0.8681|
|=|          1|         48|        208|     1774.428909|        520|00:00:05|-0.02|0.08|0.9128|
|=|          8|         48|        218|     2570.579514|        563|00:00:06|-0.02|0.07|0.9161|
|=|          9|         48|        218|     2356.535945|        606|00:00:05|-0.02|0.06|0.9197|
|=|          4|         48|        218|     2179.851828|        649|00:00:07|-0.01|0.07|0.8914|
|=|         14|         48|        218|     2024.221390|        697|00:00:07|-0.01|0.07|0.9093|
+-+-----------+-----------+-----------+----------------+-----------+--------+-----+----+------+
Best-so-far configuration:         218    mean value:      2024.221390
Description of the best-so-far configuration:
    .ID. particles topology modInfluence branching tSchedule phi1 phi2 inertia
218  218        76        4            0        NA        NA 1.91  2.3    0.76
    .PARENT.
218      142

# 2026-01-27 00:10:42 -03: Elite configurations (first number is the configuration ID; listed from best to worst according to the sum of ranks):
    particles topology modInfluence branching tSchedule phi1 phi2 inertia
218        76        4            0        NA        NA 1.91 2.30    0.76
187        99        4            0        NA        NA 2.04 2.08    0.76
142        82        4            0        NA        NA 2.10 2.13    0.78
225        65        4            0        NA        NA 2.11 2.31    0.74
148       196        4            0        NA        NA 1.22 2.42    0.48
# 2026-01-27 00:10:42 -03: Iteration 5 of 5
# experimentsUsed: 1984
# remainingBudget: 2016
# currentBudget: 2016
# nbConfigurations: 65
# Markers:
     x No test is performed.
     c Configurations are discarded only due to capping.
     - The test is performed and some configurations are discarded.
     = The test is performed but no configuration is discarded.
     ! The test is performed and configurations could be discarded but elite configurations are preserved.
     . All alive configurations are elite and nothing is discarded.

+-+-----------+-----------+-----------+----------------+-----------+--------+-----+----+------+
| |   Instance|      Alive|       Best|       Mean best| Exp so far|  W time|  rho|KenW|  Qvar|
+-+-----------+-----------+-----------+----------------+-----------+--------+-----+----+------+
|x|         15|         65|        271|     3.229649365|         65|00:00:08|   NA|  NA|    NA|
|x|          3|         65|        259|     456.8173559|        125|00:03:24|+0.08|0.54|0.7785|
|x|          4|         65|        187|     322.9615892|        185|00:00:09|-0.11|0.26|0.9837|
|x|          8|         65|        218|     2801.304024|        245|00:00:08|-0.07|0.20|0.9222|
|=|          9|         65|        252|     4788.726536|        305|00:00:07|-0.08|0.14|0.8820|
|=|         10|         65|        264|     1800.591350|        365|00:00:08|-0.03|0.14|0.9226|
|=|          2|         65|        264|     1570.021056|        425|00:00:10|+0.02|0.16|0.8990|
|=|          6|         65|        264|     1487.412909|        485|00:03:26|+0.02|0.14|0.9089|
|=|          7|         65|        252|     4484.137307|        545|00:00:10|-0.01|0.11|0.9291|
|=|         14|         65|        252|     4035.816207|        605|00:00:09|+0.03|0.12|0.8975|
|-|          1|         23|        252|     3672.704275|        665|00:00:07|-0.03|0.07|0.9763|
|=|         12|         23|        252|     3366.813610|        683|00:00:02|-0.00|0.08|0.9580|
|=|          5|         23|        252|     3111.277166|        701|00:00:03|-0.03|0.05|0.9688|
|=|         11|         23|        252|     2891.477848|        719|00:00:03|-0.03|0.04|0.9622|
|=|         13|         23|        252|     2699.150159|        737|00:00:02|-0.02|0.05|0.9516|
|=|         16|         23|        252|     2584.381096|        760|00:00:59|-0.02|0.04|0.9654|
+-+-----------+-----------+-----------+----------------+-----------+--------+-----+----+------+
Best-so-far configuration:         252    mean value:      2584.381096
Description of the best-so-far configuration:
    .ID. particles topology modInfluence branching tSchedule phi1 phi2 inertia
252  252        76        4            0        NA        NA 1.93 2.26    0.68
    .PARENT.
252      218

# 2026-01-27 00:20:04 -03: Elite configurations (first number is the configuration ID; listed from best to worst according to the sum of ranks):
    particles topology modInfluence branching tSchedule phi1 phi2 inertia
252        76        4            0        NA        NA 1.93 2.26    0.68
264        57        4            0        NA        NA 1.83 2.35    0.74
299        89        4            0        NA        NA 2.06 2.14    0.70
277        69        4            0        NA        NA 1.80 2.27    0.71
259        81        4            1        NA        NA 1.86 2.25    0.77
# 2026-01-27 00:20:04 -03: Iteration 6 of 6
# experimentsUsed: 2744
# remainingBudget: 1256
# currentBudget: 1256
# nbConfigurations: 65
# Markers:
     x No test is performed.
     c Configurations are discarded only due to capping.
     - The test is performed and some configurations are discarded.
     = The test is performed but no configuration is discarded.
     ! The test is performed and configurations could be discarded but elite configurations are preserved.
     . All alive configurations are elite and nothing is discarded.

+-+-----------+-----------+-----------+----------------+-----------+--------+-----+----+------+
| |   Instance|      Alive|       Best|       Mean best| Exp so far|  W time|  rho|KenW|  Qvar|
+-+-----------+-----------+-----------+----------------+-----------+--------+-----+----+------+
|x|         17|         65|        315|     856.3850350|         65|00:04:18|   NA|  NA|    NA|
|x|          7|         65|        311|     8247.218499|        125|00:00:10|+0.30|0.65|0.4533|
|x|          5|         65|        343|     5429.694116|        185|00:00:11|+0.23|0.48|0.4418|
|x|          9|         65|        360|     4139.738240|        245|00:00:07|-0.04|0.22|0.8533|
|=|         15|         65|        314|     3316.194511|        305|00:00:07|-0.03|0.18|0.8941|
|=|         12|         65|        314|     2763.783836|        365|00:00:08|+0.05|0.21|0.8212|
|=|          4|         65|        314|     2382.359075|        425|00:00:09|+0.03|0.17|0.7888|
|=|         16|         65|        314|     2192.873116|        485|00:02:04|-0.02|0.10|0.9534|
|=|         11|         65|        314|     1951.697749|        545|00:00:11|-0.02|0.09|0.9258|
|=|          1|         65|        314|     1757.576264|        605|00:00:06|-0.02|0.08|0.9415|
|=|          3|         65|        314|     1680.556681|        665|00:03:24|-0.02|0.07|0.9339|
|=|         10|         65|        311|     1539.164366|        725|00:00:08|-0.02|0.07|0.9447|
|=|         13|         65|        311|     1421.288444|        785|00:00:07|-0.00|0.07|0.9390|
|=|          2|         65|        311|     1332.934856|        845|00:00:10|-0.00|0.07|0.9447|
|=|          6|         65|        311|     1304.696478|        905|00:03:29|+0.00|0.07|0.9485|
|=|          8|         65|        311|     2305.764021|        965|00:00:08|-0.01|0.06|0.9451|
|=|         14|         65|        311|     2170.187753|       1025|00:00:09|+0.01|0.06|0.9382|
|=|         18|         65|        311|     2057.680493|       1090|00:00:09|+0.01|0.06|0.9299|
+-+-----------+-----------+-----------+----------------+-----------+--------+-----+----+------+
Best-so-far configuration:         311    mean value:      2057.680493
Description of the best-so-far configuration:
    .ID. particles topology modInfluence branching tSchedule phi1 phi2 inertia
311  311        68        4            0        NA        NA 1.89 2.34    0.69
    .PARENT.
311      264

# 2026-01-27 00:35:29 -03: Elite configurations (first number is the configuration ID; listed from best to worst according to the sum of ranks):
    particles topology modInfluence branching tSchedule phi1 phi2 inertia
311        68        4            0        NA        NA 1.89 2.34    0.69
325        70        4            0        NA        NA 1.96 2.24    0.72
364       104        4            0        NA        NA 2.08 2.16    0.69
314        73        4            0        NA        NA 1.94 2.39    0.65
252        76        4            0        NA        NA 1.93 2.26    0.68
# 2026-01-27 00:35:29 -03: There is not enough budget to enforce the value of nbConfigurations, returning to default behaviour nbConfigurations:13.
# Iteration: 7
# nbIterations: 7
# experimentsUsed: 3834
# timeUsed: 0
# remainingBudget: 166
# currentBudget: 166
# number of elites: 5
# nbConfigurations: 13
# 2026-01-27 00:35:29 -03: Iteration 7 of 7
# experimentsUsed: 3834
# remainingBudget: 166
# currentBudget: 166
# nbConfigurations: 13
# Markers:
     x No test is performed.
     c Configurations are discarded only due to capping.
     - The test is performed and some configurations are discarded.
     = The test is performed but no configuration is discarded.
     ! The test is performed and configurations could be discarded but elite configurations are preserved.
     . All alive configurations are elite and nothing is discarded.

+-+-----------+-----------+-----------+----------------+-----------+--------+-----+----+------+
| |   Instance|      Alive|       Best|       Mean best| Exp so far|  W time|  rho|KenW|  Qvar|
+-+-----------+-----------+-----------+----------------+-----------+--------+-----+----+------+
|x|         19|         13|        370|     119735.8840|         13|00:00:02|   NA|  NA|    NA|
|x|         13|         13|        370|     59870.69837|         21|00:00:01|-0.21|0.39|0.9508|
|x|         12|         13|        370|     39914.41347|         29|00:00:01|-0.01|0.33|0.8364|
|x|         17|         13|        370|     30157.54555|         37|00:00:37|+0.05|0.29|0.8178|
|=|          7|         13|        370|     27258.97970|         45|00:00:01|+0.06|0.25|0.8254|
|=|         15|         13|        370|     22716.48923|         53|00:00:01|+0.07|0.22|0.8270|
|=|         10|         13|        370|     19471.32534|         61|00:00:01|+0.03|0.17|0.8361|
|=|          2|         13|        370|     17061.95368|         69|00:00:01|+0.01|0.13|0.8672|
|=|         11|         13|        370|     15172.99217|         77|00:00:01|+0.00|0.11|0.8559|
|=|          9|         13|        370|     13655.79128|         85|00:00:01|+0.00|0.10|0.8604|
|=|          3|         13|        370|     12497.16014|         93|00:00:33|-0.01|0.08|0.8917|
|=|         14|         13|        370|     11455.80895|        101|00:00:01|+0.01|0.10|0.8694|
|=|          8|         13|        373|     14913.76851|        109|00:00:01|+0.00|0.08|0.8884|
|=|         16|         13|        252|     14901.98964|        117|00:00:20|-0.01|0.07|0.9035|
|=|          5|         13|        366|     15070.25790|        125|00:00:01|-0.02|0.05|0.9210|
|=|          4|         13|        252|     13046.59546|        133|00:00:01|-0.01|0.05|0.9135|
|=|          6|         13|        252|     12332.63113|        141|00:00:33|+0.00|0.06|0.9052|
|=|         18|         13|        366|     12622.75817|        149|00:00:01|-0.01|0.04|0.9237|
|=|          1|         13|        366|     11959.43772|        157|00:00:01|-0.02|0.04|0.9313|
+-+-----------+-----------+-----------+----------------+-----------+--------+-----+----+------+
Best-so-far configuration:         366    mean value:      11959.43772
Description of the best-so-far configuration:
    .ID. particles topology modInfluence branching tSchedule phi1 phi2 inertia
366  366        71        4            0        NA        NA 1.86 2.42    0.65
    .PARENT.
366      314

# 2026-01-27 00:37:57 -03: Elite configurations (first number is the configuration ID; listed from best to worst according to the sum of ranks):
    particles topology modInfluence branching tSchedule phi1 phi2 inertia
366        71        4            0        NA        NA 1.86 2.42    0.65
370        66        4            0        NA        NA 1.78 2.45    0.60
373        65        4            0        NA        NA 1.88 2.46    0.67
252        76        4            0        NA        NA 1.93 2.26    0.68
364       104        4            0        NA        NA 2.08 2.16    0.69
# 2026-01-27 00:37:57 -03: There is not enough budget to enforce the value of nbConfigurations, returning to default behaviour nbConfigurations:5.
# Iteration: 8
# nbIterations: 8
# experimentsUsed: 3991
# timeUsed: 0
# remainingBudget: 9
# currentBudget: 9
# number of elites: 5
# nbConfigurations: 5
# 2026-01-27 00:37:57 -03: Stopped because there is not enough budget left to race more than the minimum (5).
# You may either increase the budget or set 'minNbSurvival' to a lower value.
# Iteration: 8
# nbIterations: 8
# experimentsUsed: 3991
# timeUsed: 0
# remainingBudget: 9
# currentBudget: 9
# number of elites: 5
# nbConfigurations: 5
# Total CPU user time: 33181.41, CPU sys time: 224.305, Wall-clock time: 3759.089
# 2026-01-27 00:37:57 -03: Starting post-selection:
# Configurations selected: 366, 370, 373, 252, 364, 311, 325, 314, 367.
# Pending instances: 0, 0, 0, 0, 0, 0, 0, 0, 0.
# 2026-01-27 00:37:58 -03: seed: 1800371
# Configurations: 9
# Available experiments: 9
# minSurvival: 1
# Markers:
     x No test is performed.
     c Configurations are discarded only due to capping.
     - The test is performed and some configurations are discarded.
     = The test is performed but no configuration is discarded.
     ! The test is performed and configurations could be discarded but elite configurations are preserved.
     . All alive configurations are elite and nothing is discarded.

+-+-----------+-----------+-----------+----------------+-----------+--------+-----+----+------+
| |   Instance|      Alive|       Best|       Mean best| Exp so far|  W time|  rho|KenW|  Qvar|
+-+-----------+-----------+-----------+----------------+-----------+--------+-----+----+------+
|.|          3|          9|        373|     908.4028272|          0|00:00:00|   NA|  NA|    NA|
|.|          7|          9|        373|     8289.004726|          0|00:00:00|-0.53|0.23|1.2306|
|.|         14|          9|        373|     5526.308433|          0|00:00:00|-0.13|0.24|0.8900|
|.|          1|          9|        373|     4150.103440|          0|00:00:00|-0.09|0.18|0.9422|
|.|         10|          9|        373|     3320.149561|          0|00:00:00|-0.07|0.14|0.9469|
|.|         19|          9|        373|     30414.27375|          0|00:00:00|-0.07|0.11|0.9585|
|.|         11|          9|        373|     26074.97076|          0|00:00:00|-0.08|0.08|0.9063|
|.|          6|          9|        373|     22929.25155|          0|00:00:00|-0.05|0.09|0.8981|
|.|         13|          9|        373|     20382.35049|          0|00:00:00|-0.01|0.10|0.8838|
|.|          8|          9|        373|     19374.59657|          0|00:00:00|-0.01|0.09|0.8763|
|.|         18|          9|        373|     17624.58632|          0|00:00:00|-0.02|0.07|0.8900|
|.|         16|          9|        373|     16228.05072|          0|00:00:00|-0.02|0.07|0.8942|
|.|         15|          9|        373|     14980.11650|          0|00:00:00|-0.03|0.05|0.9035|
|.|          4|          9|        373|     13916.83958|          0|00:00:00|-0.02|0.05|0.8967|
|.|         12|          9|        373|     12989.17410|          0|00:00:00|-0.03|0.04|0.8968|
|.|          5|          9|        373|     12180.23770|          0|00:00:00|-0.04|0.03|0.9092|
|.|         17|          9|        373|     11516.58328|          0|00:00:00|-0.03|0.03|0.9013|
|.|          9|          9|        373|     10876.85084|          0|00:00:00|-0.02|0.03|0.8978|
|.|          2|          9|        373|     10312.67213|          0|00:00:00|-0.03|0.02|0.9029|
|=|         20|          9|        370|     8585.792296|          9|00:00:01|-0.02|0.03|0.8988|
+-+-----------+-----------+-----------+----------------+-----------+--------+-----+----+------+
Best-so-far configuration:         370    mean value:      8585.792296
Description of the best-so-far configuration:
    .ID. particles topology modInfluence branching tSchedule phi1 phi2 inertia
370  370        66        4            0        NA        NA 1.78 2.45     0.6
    .PARENT.
370      314

# 2026-01-27 00:37:59 -03: Elite configurations (first number is the configuration ID; listed from best to worst according to the sum of ranks):
    particles topology modInfluence branching tSchedule phi1 phi2 inertia
370        66        4            0        NA        NA 1.78 2.45    0.60
366        71        4            0        NA        NA 1.86 2.42    0.65
373        65        4            0        NA        NA 1.88 2.46    0.67
252        76        4            0        NA        NA 1.93 2.26    0.68
311        68        4            0        NA        NA 1.89 2.34    0.69
# Total CPU user time: 33193.02, CPU sys time: 224.703, Wall-clock time: 3760.534
    .ID. particles topology modInfluence branching tSchedule phi1 phi2 inertia
370  370        66        4            0        NA        NA 1.78 2.45    0.60
366  366        71        4            0        NA        NA 1.86 2.42    0.65
373  373        65        4            0        NA        NA 1.88 2.46    0.67
252  252        76        4            0        NA        NA 1.93 2.26    0.68
311  311        68        4            0        NA        NA 1.89 2.34    0.69
    .PARENT. .RANK.   .WEIGHT.
370      314     90 0.33333333
366      314     93 0.26666667
373      314     94 0.20000000
252      218     97 0.13333333
311      264     99 0.06666667
