# 2026-01-24 21:09:45 -03: Reading parameter file '/home/pestobar/Activities/irace-executions/ACOTSP/Scenarios/BH-90/Runs/BH-90_seed_1900393/parameters.txt'.
# 2026-01-24 21:09:45 -03: 1 expression(s) specifying forbidden configurations read.
# 2026-01-24 21:09:45 -03: Initialization
# Elitist race
# Elitist new instances: 1
# Elitist limit: 2
# nbIterations: 5
# minNbSurvival: 5
# nbParameters: 11
# seed: 1900393
# confidence level: 0.95
# budget: 5500
# mu: 5
# deterministic: FALSE

# 2026-01-24 21:09:46 -03: Iteration 1 of 5
# experimentsUsed: 0
# remainingBudget: 5500
# currentBudget: 1100
# nbConfigurations: 90
# Markers:
     x No test is performed.
     c Configurations are discarded only due to capping.
     - The test is performed and some configurations are discarded.
     = The test is performed but no configuration is discarded.
     ! The test is performed and configurations could be discarded but elite configurations are preserved.
     . All alive configurations are elite and nothing is discarded.

+-+-----------+-----------+-----------+----------------+-----------+--------+-----+----+------+
| |   Instance|      Alive|       Best|       Mean best| Exp so far|  W time|  rho|KenW|  Qvar|
+-+-----------+-----------+-----------+----------------+-----------+--------+-----+----+------+
|x|          1|         90|         10|     32974254.00|         90|00:04:45|   NA|  NA|    NA|
|x|          2|         90|         21|     32742153.00|        180|00:05:06|+0.97|0.99|0.0016|
|x|          3|         90|         18|     32659248.00|        270|00:05:26|+0.98|0.98|0.0014|
|x|          4|         90|         18|     32609778.00|        360|00:05:23|+0.98|0.98|0.0013|
|-|          5|          5|         18|     32608780.80|        450|00:05:18|+0.22|0.38|0.4620|
+-+-----------+-----------+-----------+----------------+-----------+--------+-----+----+------+
Best-so-far configuration:          18    mean value:      32608780.80
Description of the best-so-far configuration:
   .ID. algorithm localsearch alpha beta  rho ants q0 rasrank elitistants nnls
18   18      mmas           3   4.1 3.82 0.32   92 NA      NA          NA   50
   dlb .PARENT.
18   0       NA

# 2026-01-24 21:35:46 -03: Elite configurations (first number is the configuration ID; listed from best to worst according to the sum of ranks):
   algorithm localsearch alpha beta  rho ants   q0 rasrank elitistants nnls dlb
18      mmas           3  4.10 3.82 0.32   92   NA      NA          NA   50   0
55       ras           3  3.39 4.60 0.46   46   NA      24          NA   18   0
10      mmas           3  1.75 7.26 0.60   29   NA      NA          NA   29   1
21       acs           3  0.97 7.57 0.94    8 0.95      NA          NA   33   0
48        as           3  3.86 0.54 0.05   19   NA      NA          NA   19   1
# 2026-01-24 21:35:46 -03: Iteration 2 of 5
# experimentsUsed: 450
# remainingBudget: 5050
# currentBudget: 1262
# nbConfigurations: 90
# Markers:
     x No test is performed.
     c Configurations are discarded only due to capping.
     - The test is performed and some configurations are discarded.
     = The test is performed but no configuration is discarded.
     ! The test is performed and configurations could be discarded but elite configurations are preserved.
     . All alive configurations are elite and nothing is discarded.

+-+-----------+-----------+-----------+----------------+-----------+--------+-----+----+------+
| |   Instance|      Alive|       Best|       Mean best| Exp so far|  W time|  rho|KenW|  Qvar|
+-+-----------+-----------+-----------+----------------+-----------+--------+-----+----+------+
|x|          6|         90|        156|     32401306.00|         90|00:08:01|   NA|  NA|    NA|
|x|          3|         90|        154|     32431010.00|        175|00:06:50|+0.97|0.98|0.0042|
|x|          4|         90|         18|     32457382.67|        260|00:07:33|+0.97|0.98|0.0033|
|x|          1|         90|         18|     32587103.25|        345|00:06:49|+0.97|0.98|0.0027|
|-|          5|         10|         55|     32562287.00|        430|00:07:12|+0.23|0.39|0.5220|
|-|          2|          8|        126|     32549816.50|        435|00:02:03|-0.08|0.10|0.9033|
|=|          7|          8|        126|     32568117.71|        443|00:02:15|-0.01|0.14|0.8718|
|=|          8|          8|        126|     32607524.38|        451|00:02:15|+0.01|0.13|0.8574|
+-+-----------+-----------+-----------+----------------+-----------+--------+-----+----+------+
Best-so-far configuration:         126    mean value:      32607524.38
Description of the best-so-far configuration:
    .ID. algorithm localsearch alpha beta rho ants q0 rasrank elitistants nnls
126  126       ras           3  3.91 4.82 0.5   24 NA      16          NA   25
    dlb .PARENT.
126   0       55

# 2026-01-24 22:18:48 -03: Elite configurations (first number is the configuration ID; listed from best to worst according to the sum of ranks):
    algorithm localsearch alpha beta  rho ants q0 rasrank elitistants nnls dlb
126       ras           3  3.91 4.82 0.50   24 NA      16          NA   25   0
55        ras           3  3.39 4.60 0.46   46 NA      24          NA   18   0
156      mmas           3  4.80 2.78 0.18   79 NA      NA          NA   44   0
154      mmas           3  4.23 8.76 0.24   13 NA      NA          NA   35   1
18       mmas           3  4.10 3.82 0.32   92 NA      NA          NA   50   0
# 2026-01-24 22:18:48 -03: Iteration 3 of 5
# experimentsUsed: 901
# remainingBudget: 4599
# currentBudget: 1533
# nbConfigurations: 90
# Markers:
     x No test is performed.
     c Configurations are discarded only due to capping.
     - The test is performed and some configurations are discarded.
     = The test is performed but no configuration is discarded.
     ! The test is performed and configurations could be discarded but elite configurations are preserved.
     . All alive configurations are elite and nothing is discarded.

+-+-----------+-----------+-----------+----------------+-----------+--------+-----+----+------+
| |   Instance|      Alive|       Best|       Mean best| Exp so far|  W time|  rho|KenW|  Qvar|
+-+-----------+-----------+-----------+----------------+-----------+--------+-----+----+------+
|x|          9|         90|        251|     32707877.00|         90|00:10:41|   NA|  NA|    NA|
|x|          6|         90|        156|     32560962.00|        175|00:09:29|+0.93|0.96|0.0026|
|x|          1|         90|        156|     32701241.00|        260|00:09:17|+0.91|0.94|0.0027|
|x|          3|         90|        255|     32628874.25|        345|00:09:09|+0.92|0.94|0.0027|
|-|          2|         14|        255|     32591371.80|        430|00:09:14|-0.11|0.11|1.0169|
|=|          5|         14|        255|     32587706.17|        439|00:01:37|-0.10|0.08|1.0323|
|=|          4|         14|        255|     32578472.86|        448|00:01:29|-0.10|0.06|1.0273|
|=|          7|         14|        255|     32579388.62|        457|00:01:33|-0.05|0.09|0.9715|
|=|          8|         14|        255|     32602482.22|        466|00:01:44|-0.01|0.10|0.9441|
|=|         10|         14|        255|     32603722.90|        480|00:02:21|+0.01|0.11|0.9108|
+-+-----------+-----------+-----------+----------------+-----------+--------+-----+----+------+
Best-so-far configuration:         255    mean value:      32603722.90
Description of the best-so-far configuration:
    .ID. algorithm localsearch alpha beta  rho ants q0 rasrank elitistants nnls
255  255      mmas           3  4.07  7.8 0.12   16 NA      NA          NA   38
    dlb .PARENT.
255   1      154

# 2026-01-24 23:15:27 -03: Elite configurations (first number is the configuration ID; listed from best to worst according to the sum of ranks):
    algorithm localsearch alpha beta  rho ants   q0 rasrank elitistants nnls
255      mmas           3  4.07 7.80 0.12   16   NA      NA          NA   38
126       ras           3  3.91 4.82 0.50   24   NA      16          NA   25
253       ras           3  3.91 4.53 0.46   39   NA      20          NA   37
156      mmas           3  4.80 2.78 0.18   79   NA      NA          NA   44
246       acs           3  4.24 6.41 0.39   23 0.22      NA          NA   27
    dlb
255   1
126   0
253   0
156   0
246   1
# 2026-01-24 23:15:27 -03: Iteration 4 of 5
# experimentsUsed: 1381
# remainingBudget: 4119
# currentBudget: 2059
# nbConfigurations: 90
# Markers:
     x No test is performed.
     c Configurations are discarded only due to capping.
     - The test is performed and some configurations are discarded.
     = The test is performed but no configuration is discarded.
     ! The test is performed and configurations could be discarded but elite configurations are preserved.
     . All alive configurations are elite and nothing is discarded.

+-+-----------+-----------+-----------+----------------+-----------+--------+-----+----+------+
| |   Instance|      Alive|       Best|       Mean best| Exp so far|  W time|  rho|KenW|  Qvar|
+-+-----------+-----------+-----------+----------------+-----------+--------+-----+----+------+
|x|         11|         90|        303|     32543275.00|         90|00:10:21|   NA|  NA|    NA|
|x|          5|         90|        303|     32484089.00|        175|00:09:51|+0.63|0.81|0.0044|
|x|         10|         90|        303|     32493989.00|        260|00:10:13|+0.64|0.76|0.0042|
|x|          1|         90|        272|     32638421.00|        345|00:10:03|+0.66|0.75|0.0049|
|-|          9|         30|        317|     32649007.80|        430|00:10:23|-0.12|0.11|1.0926|
|=|          2|         30|        332|     32624690.83|        455|00:03:34|-0.08|0.10|1.0406|
|=|          8|         30|        317|     32651051.86|        480|00:03:26|-0.09|0.07|1.0433|
|=|          7|         30|        332|     32650961.00|        505|00:03:55|-0.03|0.10|0.9952|
|=|          4|         30|        287|     32630420.67|        530|00:04:11|-0.01|0.10|0.9690|
|=|          3|         30|        317|     32603461.70|        555|00:02:50|+0.03|0.12|0.9373|
|=|          6|         30|        317|     32587881.55|        580|00:03:34|+0.03|0.12|0.9357|
|-|         12|         18|        317|     32588045.83|        610|00:04:05|-0.01|0.08|0.9415|
|=|         13|         18|        317|     32608616.54|        628|00:02:39|-0.00|0.08|0.9355|
|=|         14|         18|        332|     32596732.64|        646|00:03:03|+0.01|0.08|0.9252|
+-+-----------+-----------+-----------+----------------+-----------+--------+-----+----+------+
Best-so-far configuration:         332    mean value:      32596732.64
Description of the best-so-far configuration:
    .ID. algorithm localsearch alpha beta  rho ants q0 rasrank elitistants nnls
332  332      mmas           3   4.7 6.24 0.12   16 NA      NA          NA   39
    dlb .PARENT.
332   1      255

# 2026-01-25 00:37:41 -03: Elite configurations (first number is the configuration ID; listed from best to worst according to the sum of ranks):
    algorithm localsearch alpha beta  rho ants q0 rasrank elitistants nnls dlb
332      mmas           3  4.70 6.24 0.12   16 NA      NA          NA   39   1
317       ras           3  4.05 3.19 0.68   39 NA      18          NA   27   0
272       ras           3  2.97 3.46 0.60   37 NA      22          NA   22   0
287       ras           3  4.22 6.12 0.74   58 NA      11          NA   43   0
345      mmas           3  4.29 8.35 0.14   17 NA      NA          NA   32   1
# 2026-01-25 00:37:41 -03: Iteration 5 of 5
# experimentsUsed: 2027
# remainingBudget: 3473
# currentBudget: 3473
# nbConfigurations: 90
# Markers:
     x No test is performed.
     c Configurations are discarded only due to capping.
     - The test is performed and some configurations are discarded.
     = The test is performed but no configuration is discarded.
     ! The test is performed and configurations could be discarded but elite configurations are preserved.
     . All alive configurations are elite and nothing is discarded.

+-+-----------+-----------+-----------+----------------+-----------+--------+-----+----+------+
| |   Instance|      Alive|       Best|       Mean best| Exp so far|  W time|  rho|KenW|  Qvar|
+-+-----------+-----------+-----------+----------------+-----------+--------+-----+----+------+
|x|         15|         90|        400|     32611453.00|         90|00:08:57|   NA|  NA|    NA|
|x|          9|         90|        287|     32656758.50|        175|00:09:25|+0.48|0.74|0.2424|
|x|          1|         90|        332|     32740705.67|        260|00:09:02|+0.51|0.67|0.2174|
|x|          4|         90|        398|     32663313.50|        345|00:09:46|+0.46|0.60|0.2626|
|-|          2|         27|        363|     32619493.40|        430|00:09:15|-0.08|0.14|1.0477|
|=|          8|         27|        363|     32644046.17|        452|00:03:36|-0.01|0.15|0.9769|
|=|         11|         27|        363|     32628933.29|        474|00:03:46|+0.00|0.15|0.9542|
|=|          6|         27|        363|     32597546.00|        496|00:03:08|+0.02|0.15|0.9380|
|=|          5|         27|        398|     32588332.56|        518|00:03:28|+0.02|0.13|0.9428|
|=|          3|         27|        398|     32570937.20|        540|00:03:35|+0.03|0.13|0.9300|
|=|         13|         27|        363|     32591422.18|        562|00:03:30|+0.03|0.12|0.9256|
|-|          7|         10|        363|     32593236.33|        584|00:03:08|+0.05|0.13|0.8921|
|=|         10|         10|        363|     32584616.46|        589|00:01:39|+0.07|0.14|0.8707|
|-|         14|          7|        363|     32569641.14|        594|00:01:57|+0.12|0.18|0.7884|
|-|         12|          3|        363|     32568610.87|        596|00:00:33|+0.03|0.09|0.6346|
+-+-----------+-----------+-----------+----------------+-----------+--------+-----+----+------+
Best configuration for the instances in this race: 363
Best-so-far configuration:         398    mean value:      32578852.60
Description of the best-so-far configuration:
    .ID. algorithm localsearch alpha beta  rho ants q0 rasrank elitistants nnls
398  398       ras           3  2.57 2.58 0.62   41 NA      15          NA   20
    dlb .PARENT.
398   0      272

# 2026-01-25 01:52:35 -03: Elite configurations (first number is the configuration ID; listed from best to worst according to the sum of ranks):
    algorithm localsearch alpha beta  rho ants q0 rasrank elitistants nnls dlb
398       ras           3  2.57 2.58 0.62   41 NA      15          NA   20   0
363       ras           3  3.01 4.07 0.61   36 NA      12          NA   22   0
332      mmas           3  4.70 6.24 0.12   16 NA      NA          NA   39   1
# 2026-01-25 01:52:35 -03: Iteration 6 of 6
# experimentsUsed: 2623
# remainingBudget: 2877
# currentBudget: 2877
# nbConfigurations: 90
# Markers:
     x No test is performed.
     c Configurations are discarded only due to capping.
     - The test is performed and some configurations are discarded.
     = The test is performed but no configuration is discarded.
     ! The test is performed and configurations could be discarded but elite configurations are preserved.
     . All alive configurations are elite and nothing is discarded.

+-+-----------+-----------+-----------+----------------+-----------+--------+-----+----+------+
| |   Instance|      Alive|       Best|       Mean best| Exp so far|  W time|  rho|KenW|  Qvar|
+-+-----------+-----------+-----------+----------------+-----------+--------+-----+----+------+
|x|         16|         90|        447|     32625695.00|         90|00:08:13|   NA|  NA|    NA|
|x|         11|         90|        442|     32576224.00|        177|00:07:10|+0.42|0.71|0.3340|
|x|          7|         90|        468|     32596280.67|        264|00:07:38|+0.42|0.61|0.3288|
|x|          8|         90|        468|     32634907.50|        351|00:07:01|+0.39|0.54|0.3667|
|-|          9|         29|        468|     32648497.40|        438|00:07:25|-0.11|0.11|1.1015|
|=|          5|         29|        468|     32611817.00|        464|00:02:06|-0.04|0.13|1.0287|
|=|          2|         29|        468|     32590468.57|        490|00:02:35|-0.00|0.14|0.9911|
|=|         15|         29|        468|     32599992.25|        516|00:02:13|-0.02|0.11|1.0004|
|=|          1|         29|        501|     32631819.67|        542|00:02:23|+0.01|0.12|0.9785|
|=|         12|         29|        457|     32623799.30|        568|00:02:15|+0.00|0.10|0.9683|
|=|          6|         29|        457|     32604883.00|        594|00:02:40|+0.01|0.10|0.9556|
|=|         10|         29|        501|     32606745.08|        620|00:02:06|+0.01|0.10|0.9491|
|=|         14|         29|        468|     32584236.77|        646|00:02:45|+0.04|0.11|0.9212|
|=|          4|         29|        468|     32570132.21|        672|00:02:24|+0.03|0.10|0.9256|
|=|          3|         29|        468|     32559997.40|        698|00:02:16|+0.03|0.10|0.9243|
|=|         13|         29|        468|     32575000.88|        724|00:02:19|+0.03|0.09|0.9294|
|-|         17|         22|        487|     32603712.71|        753|00:03:02|-0.02|0.04|0.9683|
|=|         18|         22|        487|     32601199.39|        775|00:02:34|-0.01|0.04|0.9634|
|=|         19|         22|        487|     32615345.00|        797|00:02:02|-0.02|0.03|0.9666|
+-+-----------+-----------+-----------+----------------+-----------+--------+-----+----+------+
Best-so-far configuration:         487    mean value:      32615345.00
Description of the best-so-far configuration:
    .ID. algorithm localsearch alpha beta  rho ants q0 rasrank elitistants nnls
487  487       ras           3  2.05 2.44 0.58   33 NA       8          NA   18
    dlb .PARENT.
487   0      398

# 2026-01-25 03:03:52 -03: Elite configurations (first number is the configuration ID; listed from best to worst according to the sum of ranks):
    algorithm localsearch alpha beta  rho ants q0 rasrank elitistants nnls dlb
487       ras           3  2.05 2.44 0.58   33 NA       8          NA   18   0
457       ras           3  2.48 2.74 0.61   41 NA      13          NA   22   0
468       ras           3  2.33 1.78 0.56   42 NA      18          NA   25   0
363       ras           3  3.01 4.07 0.61   36 NA      12          NA   22   0
496       ras           3  2.66 3.82 0.71   39 NA      11          NA   21   0
# 2026-01-25 03:03:52 -03: Iteration 7 of 7
# experimentsUsed: 3420
# remainingBudget: 2080
# currentBudget: 2080
# nbConfigurations: 90
# Markers:
     x No test is performed.
     c Configurations are discarded only due to capping.
     - The test is performed and some configurations are discarded.
     = The test is performed but no configuration is discarded.
     ! The test is performed and configurations could be discarded but elite configurations are preserved.
     . All alive configurations are elite and nothing is discarded.

+-+-----------+-----------+-----------+----------------+-----------+--------+-----+----+------+
| |   Instance|      Alive|       Best|       Mean best| Exp so far|  W time|  rho|KenW|  Qvar|
+-+-----------+-----------+-----------+----------------+-----------+--------+-----+----+------+
|x|         20|         90|        487|     32759713.00|         90|00:08:38|   NA|  NA|    NA|
|x|         11|         90|        487|     32659642.00|        175|00:08:06|+0.43|0.72|0.3638|
|x|          3|         90|        525|     32567610.00|        260|00:07:36|+0.38|0.59|0.4046|
|x|          2|         90|        525|     32533545.50|        345|00:07:44|+0.42|0.56|0.3683|
|-|         12|         37|        457|     32550744.80|        430|00:07:55|-0.08|0.13|1.0428|
|=|         17|         37|        457|     32604582.83|        462|00:03:19|-0.02|0.15|0.9758|
|=|          4|         37|        553|     32581754.71|        494|00:03:30|-0.02|0.13|0.9569|
|=|          5|         37|        457|     32567893.00|        526|00:03:07|-0.02|0.10|0.9744|
|=|          9|         37|        487|     32573439.78|        558|00:03:11|-0.02|0.10|0.9726|
|=|          8|         37|        457|     32596616.90|        590|00:02:53|+0.00|0.10|0.9698|
|=|          7|         37|        457|     32595958.55|        622|00:03:07|+0.01|0.10|0.9641|
|=|         18|         37|        457|     32595219.92|        654|00:03:21|-0.00|0.08|0.9710|
|=|         16|         37|        457|     32601285.00|        686|00:03:16|+0.01|0.09|0.9704|
|=|         13|         37|        457|     32615350.57|        718|00:03:20|+0.01|0.08|0.9769|
|=|          1|         37|        598|     32629775.13|        750|00:02:33|+0.01|0.07|0.9801|
|=|         15|         37|        457|     32635980.19|        782|00:02:33|+0.01|0.07|0.9811|
|=|         14|         37|        457|     32621318.41|        814|00:02:50|+0.00|0.06|0.9842|
|=|         10|         37|        487|     32618842.67|        846|00:02:49|+0.00|0.06|0.9803|
|=|          6|         37|        457|     32607584.53|        878|00:03:15|-0.00|0.05|0.9833|
|=|         19|         37|        457|     32619269.35|        910|00:02:42|-0.01|0.05|0.9839|
|=|         21|         37|        457|     32613253.33|        947|00:03:14|-0.00|0.05|0.9777|
+-+-----------+-----------+-----------+----------------+-----------+--------+-----+----+------+
Best-so-far configuration:         457    mean value:      32613253.33
Description of the best-so-far configuration:
    .ID. algorithm localsearch alpha beta  rho ants q0 rasrank elitistants nnls
457  457       ras           3  2.48 2.74 0.61   41 NA      13          NA   22
    dlb .PARENT.
457   0      398

# 2026-01-25 04:33:01 -03: Elite configurations (first number is the configuration ID; listed from best to worst according to the sum of ranks):
    algorithm localsearch alpha beta  rho ants q0 rasrank elitistants nnls dlb
457       ras           3  2.48 2.74 0.61   41 NA      13          NA   22   0
518       ras           3  2.43 3.34 0.59   37 NA      12          NA   23   0
576       ras           3  2.37 2.71 0.64   37 NA      16          NA   19   0
487       ras           3  2.05 2.44 0.58   33 NA       8          NA   18   0
556       ras           3  2.32 1.53 0.51   46 NA      17          NA   25   0
# 2026-01-25 04:33:01 -03: There is not enough budget to enforce the value of nbConfigurations, returning to default behaviour nbConfigurations:56.
# Iteration: 8
# nbIterations: 8
# experimentsUsed: 4367
# timeUsed: 0
# remainingBudget: 1133
# currentBudget: 1133
# number of elites: 5
# nbConfigurations: 56
# 2026-01-25 04:33:01 -03: Iteration 8 of 8
# experimentsUsed: 4367
# remainingBudget: 1133
# currentBudget: 1133
# nbConfigurations: 56
# Markers:
     x No test is performed.
     c Configurations are discarded only due to capping.
     - The test is performed and some configurations are discarded.
     = The test is performed but no configuration is discarded.
     ! The test is performed and configurations could be discarded but elite configurations are preserved.
     . All alive configurations are elite and nothing is discarded.

+-+-----------+-----------+-----------+----------------+-----------+--------+-----+----+------+
| |   Instance|      Alive|       Best|       Mean best| Exp so far|  W time|  rho|KenW|  Qvar|
+-+-----------+-----------+-----------+----------------+-----------+--------+-----+----+------+
|x|         22|         56|        611|     32617697.00|         56|00:05:01|   NA|  NA|    NA|
|x|          1|         56|        625|     32754148.00|        107|00:04:22|+0.16|0.58|0.8519|
|x|         11|         56|        612|     32711148.00|        158|00:04:34|+0.21|0.48|0.7756|
|x|          4|         56|        612|     32631304.50|        209|00:04:46|+0.16|0.37|0.7781|
|-|         21|         35|        612|     32604151.40|        260|00:04:24|-0.12|0.10|1.0969|
|=|         17|         35|        612|     32643759.00|        290|00:02:46|-0.09|0.09|1.0556|
|=|         12|         35|        612|     32636704.57|        320|00:02:46|-0.05|0.10|1.0198|
|=|          6|         35|        612|     32611187.62|        350|00:02:52|-0.05|0.08|0.9950|
|=|         14|         35|        612|     32582824.44|        380|00:03:01|-0.03|0.09|0.9857|
|=|          9|         35|        612|     32593858.70|        410|00:03:07|-0.03|0.08|0.9778|
|=|         19|         35|        650|     32617680.00|        440|00:02:48|-0.02|0.08|0.9647|
|=|         13|         35|        650|     32633536.50|        470|00:03:02|-0.02|0.06|0.9773|
|=|         16|         35|        650|     32634078.69|        500|00:03:20|-0.02|0.06|0.9755|
|=|         15|         35|        650|     32633884.71|        530|00:02:49|-0.01|0.06|0.9734|
|=|         20|         35|        650|     32644982.67|        560|00:02:41|+0.01|0.07|0.9627|
|=|          2|         35|        650|     32632471.25|        590|00:02:09|+0.00|0.06|0.9660|
|=|          3|         35|        650|     32618541.24|        620|00:02:08|+0.01|0.07|0.9584|
|=|          7|         35|        650|     32618514.17|        650|00:02:21|+0.02|0.07|0.9509|
|=|         10|         35|        650|     32615299.79|        680|00:02:00|+0.01|0.06|0.9575|
|=|          8|         35|        606|     32621731.70|        710|00:02:00|+0.02|0.06|0.9558|
|=|         18|         35|        650|     32619142.57|        740|00:02:36|+0.02|0.07|0.9505|
|-|          5|         25|        650|     32611060.50|        770|00:02:20|-0.02|0.03|0.9779|
|=|         23|         25|        650|     32593711.70|        795|00:01:30|-0.02|0.03|0.9756|
|=|         24|         25|        650|     32583624.62|        820|00:02:02|-0.02|0.02|0.9779|
+-+-----------+-----------+-----------+----------------+-----------+--------+-----+----+------+
Best-so-far configuration:         650    mean value:      32583624.62
Description of the best-so-far configuration:
    .ID. algorithm localsearch alpha beta  rho ants q0 rasrank elitistants nnls
650  650       ras           3  2.44 3.18 0.62   47 NA      12          NA   19
    dlb .PARENT.
650   0      457

# 2026-01-25 05:44:37 -03: Elite configurations (first number is the configuration ID; listed from best to worst according to the sum of ranks):
    algorithm localsearch alpha beta  rho ants q0 rasrank elitistants nnls dlb
650       ras           3  2.44 3.18 0.62   47 NA      12          NA   19   0
518       ras           3  2.43 3.34 0.59   37 NA      12          NA   23   0
606       ras           3  2.42 3.21 0.57   40 NA      11          NA   24   0
457       ras           3  2.48 2.74 0.61   41 NA      13          NA   22   0
576       ras           3  2.37 2.71 0.64   37 NA      16          NA   19   0
# 2026-01-25 05:44:37 -03: There is not enough budget to enforce the value of nbConfigurations, returning to default behaviour nbConfigurations:17.
# Iteration: 9
# nbIterations: 9
# experimentsUsed: 5187
# timeUsed: 0
# remainingBudget: 313
# currentBudget: 313
# number of elites: 5
# nbConfigurations: 17
# 2026-01-25 05:44:37 -03: Iteration 9 of 9
# experimentsUsed: 5187
# remainingBudget: 313
# currentBudget: 313
# nbConfigurations: 17
# Markers:
     x No test is performed.
     c Configurations are discarded only due to capping.
     - The test is performed and some configurations are discarded.
     = The test is performed but no configuration is discarded.
     ! The test is performed and configurations could be discarded but elite configurations are preserved.
     . All alive configurations are elite and nothing is discarded.

+-+-----------+-----------+-----------+----------------+-----------+--------+-----+----+------+
| |   Instance|      Alive|       Best|       Mean best| Exp so far|  W time|  rho|KenW|  Qvar|
+-+-----------+-----------+-----------+----------------+-----------+--------+-----+----+------+
|x|         25|         17|        661|     33028176.00|         17|00:01:24|   NA|  NA|    NA|
|x|         14|         17|        654|     32685156.50|         29|00:01:10|+0.04|0.52|0.9402|
|x|         10|         17|        658|     32666223.00|         41|00:00:57|-0.02|0.32|1.0022|
|x|         22|         17|        663|     32677721.00|         53|00:01:26|-0.07|0.20|1.0195|
|=|          7|         17|        663|     32657243.00|         65|00:01:31|-0.05|0.16|1.0194|
|=|          5|         17|        663|     32641500.50|         77|00:01:41|-0.08|0.10|1.0401|
|=|          8|         17|        457|     32638571.14|         89|00:01:17|-0.02|0.13|0.9881|
|=|         15|         17|        518|     32641056.12|        101|00:01:11|+0.03|0.15|0.9356|
|=|         20|         17|        457|     32657653.89|        113|00:02:01|+0.03|0.13|0.9214|
|=|          6|         17|        606|     32629444.10|        125|00:01:28|+0.01|0.11|0.9384|
|=|          2|         17|        606|     32609964.27|        137|00:01:13|+0.03|0.12|0.9196|
|=|          3|         17|        606|     32595683.92|        149|00:01:36|+0.05|0.12|0.9070|
|=|         11|         17|        457|     32596040.08|        161|00:01:41|+0.03|0.11|0.9119|
|=|         23|         17|        457|     32571776.21|        173|00:01:04|+0.04|0.11|0.9062|
|=|         12|         17|        650|     32567630.00|        185|00:01:31|+0.03|0.09|0.9161|
|=|         21|         17|        650|     32561197.56|        197|00:01:31|+0.04|0.10|0.9106|
|-|          9|         11|        606|     32569308.24|        209|00:01:13|-0.01|0.05|0.9255|
|=|         19|         11|        650|     32581251.28|        215|00:00:37|-0.00|0.05|0.9257|
|=|         18|         11|        650|     32578711.42|        221|00:01:00|+0.00|0.06|0.9135|
|=|          1|         11|        650|     32599650.05|        227|00:00:55|-0.01|0.04|0.9293|
|=|         17|         11|        650|     32615495.19|        233|00:01:01|-0.01|0.04|0.9245|
|=|         16|         11|        663|     32630211.68|        239|00:00:47|-0.01|0.04|0.9189|
|=|         24|         11|        663|     32614535.70|        245|00:00:45|+0.00|0.04|0.9111|
|=|         13|         11|        663|     32622307.67|        251|00:00:43|+0.01|0.05|0.9116|
|=|          4|         11|        663|     32621440.68|        257|00:00:48|-0.00|0.04|0.9141|
|=|         26|         11|        663|     32620582.50|        268|00:01:04|-0.00|0.04|0.9133|
+-+-----------+-----------+-----------+----------------+-----------+--------+-----+----+------+
Best-so-far configuration:         663    mean value:      32620582.50
Description of the best-so-far configuration:
    .ID. algorithm localsearch alpha beta  rho ants q0 rasrank elitistants nnls
663  663       ras           3  2.36 2.74 0.61   48 NA      13          NA   19
    dlb .PARENT.
663   0      650

# 2026-01-25 06:16:23 -03: Elite configurations (first number is the configuration ID; listed from best to worst according to the sum of ranks):
    algorithm localsearch alpha beta  rho ants q0 rasrank elitistants nnls dlb
663       ras           3  2.36 2.74 0.61   48 NA      13          NA   19   0
650       ras           3  2.44 3.18 0.62   47 NA      12          NA   19   0
606       ras           3  2.42 3.21 0.57   40 NA      11          NA   24   0
576       ras           3  2.37 2.71 0.64   37 NA      16          NA   19   0
518       ras           3  2.43 3.34 0.59   37 NA      12          NA   23   0
# 2026-01-25 06:16:23 -03: There is not enough budget to enforce the value of nbConfigurations, returning to default behaviour nbConfigurations:6.
# Iteration: 10
# nbIterations: 10
# experimentsUsed: 5455
# timeUsed: 0
# remainingBudget: 45
# currentBudget: 45
# number of elites: 5
# nbConfigurations: 6
# 2026-01-25 06:16:23 -03: Iteration 10 of 10
# experimentsUsed: 5455
# remainingBudget: 45
# currentBudget: 45
# nbConfigurations: 6
# Markers:
     x No test is performed.
     c Configurations are discarded only due to capping.
     - The test is performed and some configurations are discarded.
     = The test is performed but no configuration is discarded.
     ! The test is performed and configurations could be discarded but elite configurations are preserved.
     . All alive configurations are elite and nothing is discarded.

+-+-----------+-----------+-----------+----------------+-----------+--------+-----+----+------+
| |   Instance|      Alive|       Best|       Mean best| Exp so far|  W time|  rho|KenW|  Qvar|
+-+-----------+-----------+-----------+----------------+-----------+--------+-----+----+------+
|x|         27|          6|        576|     32920100.00|          6|00:00:45|   NA|  NA|    NA|
|x|         22|          6|        663|     32809349.50|          7|00:00:28|-0.60|0.20|0.9344|
|x|          2|          6|        663|     32681155.67|          8|00:00:22|-0.41|0.06|1.0677|
|x|         20|          6|        650|     32713232.25|          9|00:00:25|-0.28|0.04|0.9969|
|=|          5|          6|        650|     32658853.20|         10|00:00:25|-0.10|0.12|0.8930|
|=|         19|          6|        650|     32679711.33|         11|00:00:23|-0.08|0.10|0.8535|
|=|         21|          6|        650|     32648997.00|         12|00:00:25|+0.01|0.15|0.8015|
|=|         10|          6|        650|     32637552.50|         13|00:00:19|+0.01|0.14|0.7953|
|=|         16|          6|        650|     32637889.44|         14|00:00:19|+0.06|0.16|0.7635|
|=|         15|          6|        518|     32636872.50|         15|00:00:21|+0.05|0.14|0.7770|
|=|         13|          6|        518|     32658463.00|         16|00:00:21|-0.03|0.06|0.8323|
|=|          1|          6|        518|     32680614.00|         17|00:00:22|-0.05|0.04|0.8607|
|=|          4|          6|        518|     32659206.77|         18|00:00:24|-0.04|0.04|0.8590|
|=|         26|          6|        518|     32657668.64|         19|00:00:24|-0.05|0.02|0.8719|
|=|         14|          6|        518|     32638260.87|         20|00:00:28|-0.06|0.02|0.8697|
|=|          3|          6|        518|     32623168.88|         21|00:00:22|-0.05|0.02|0.8647|
|=|          6|          6|        518|     32610120.29|         22|00:00:21|-0.05|0.01|0.8746|
|=|         23|          6|        518|     32590617.06|         23|00:00:23|-0.04|0.01|0.8646|
|=|          8|          6|        518|     32597026.84|         24|00:00:18|-0.04|0.02|0.8619|
|=|         11|          6|        518|     32596955.05|         25|00:00:27|-0.03|0.02|0.8507|
|=|         18|          6|        518|     32594281.43|         26|00:00:27|-0.03|0.02|0.8380|
|=|         25|          6|        518|     32616877.45|         27|00:00:17|-0.01|0.03|0.8311|
|=|          7|          6|        576|     32618178.17|         28|00:00:20|-0.02|0.02|0.8413|
|=|          9|          6|        576|     32621021.92|         29|00:00:20|-0.03|0.01|0.8489|
|=|         17|          6|        518|     32636529.92|         30|00:00:18|-0.03|0.01|0.8488|
|=|         24|          6|        518|     32621506.31|         31|00:00:23|-0.02|0.02|0.8519|
|=|         12|          6|        518|     32620794.33|         32|00:00:19|-0.03|0.01|0.8560|
|=|         28|          6|        576|     32617170.00|         38|00:00:49|-0.03|0.01|0.8553|
+-+-----------+-----------+-----------+----------------+-----------+--------+-----+----+------+
Best-so-far configuration:         576    mean value:      32617170.00
Description of the best-so-far configuration:
    .ID. algorithm localsearch alpha beta  rho ants q0 rasrank elitistants nnls
576  576       ras           3  2.37 2.71 0.64   37 NA      16          NA   19
    dlb .PARENT.
576   0      457

# 2026-01-25 06:27:55 -03: Elite configurations (first number is the configuration ID; listed from best to worst according to the sum of ranks):
    algorithm localsearch alpha beta  rho ants q0 rasrank elitistants nnls dlb
576       ras           3  2.37 2.71 0.64   37 NA      16          NA   19   0
518       ras           3  2.43 3.34 0.59   37 NA      12          NA   23   0
663       ras           3  2.36 2.74 0.61   48 NA      13          NA   19   0
650       ras           3  2.44 3.18 0.62   47 NA      12          NA   19   0
606       ras           3  2.42 3.21 0.57   40 NA      11          NA   24   0
# 2026-01-25 06:27:55 -03: There is not enough budget to enforce the value of nbConfigurations, returning to default behaviour nbConfigurations:5.
# Iteration: 11
# nbIterations: 11
# experimentsUsed: 5493
# timeUsed: 0
# remainingBudget: 7
# currentBudget: 7
# number of elites: 5
# nbConfigurations: 5
# 2026-01-25 06:27:55 -03: Stopped because there is not enough budget left to race more than the minimum (5).
# You may either increase the budget or set 'minNbSurvival' to a lower value.
# Iteration: 11
# nbIterations: 11
# experimentsUsed: 5493
# timeUsed: 0
# remainingBudget: 7
# currentBudget: 7
# number of elites: 5
# nbConfigurations: 5
# Total CPU user time: 272729.5, CPU sys time: 1026.333, Wall-clock time: 33489.38
# 2026-01-25 06:27:55 -03: Starting post-selection:
# Configurations selected: 576, 518, 663, 650, 606.
# Pending instances: 1, 1, 1, 1, 1.
# 2026-01-25 06:27:55 -03: seed: 1900393
# Configurations: 5
# Available experiments: 7
# minSurvival: 1
# Markers:
     x No test is performed.
     c Configurations are discarded only due to capping.
     - The test is performed and some configurations are discarded.
     = The test is performed but no configuration is discarded.
     ! The test is performed and configurations could be discarded but elite configurations are preserved.
     . All alive configurations are elite and nothing is discarded.

+-+-----------+-----------+-----------+----------------+-----------+--------+-----+----+------+
| |   Instance|      Alive|       Best|       Mean best| Exp so far|  W time|  rho|KenW|  Qvar|
+-+-----------+-----------+-----------+----------------+-----------+--------+-----+----+------+
|.|          6|          5|        606|     32350186.00|          0|00:00:00|   NA|  NA|    NA|
|.|         21|          5|        606|     32411755.00|          0|00:00:00|-0.10|0.45|0.5586|
|.|         22|          5|        606|     32500458.00|          0|00:00:00|-0.13|0.24|0.7651|
|.|         10|          5|        606|     32516958.00|          0|00:00:00|+0.05|0.29|0.7382|
|.|         28|          5|        606|     32524666.40|          0|00:00:00|-0.06|0.15|0.8156|
|.|         17|          5|        606|     32591863.67|          0|00:00:00|+0.01|0.17|0.8119|
|.|         15|          5|        606|     32597364.43|          0|00:00:00|+0.01|0.15|0.7900|
|.|          8|          5|        606|     32614683.88|          0|00:00:00|+0.03|0.15|0.7806|
|.|         27|          5|        606|     32671755.44|          0|00:00:00|-0.00|0.11|0.7965|
|.|         24|          5|        606|     32630518.30|          0|00:00:00|+0.05|0.15|0.7630|
|.|         20|          5|        606|     32644467.18|          0|00:00:00|+0.04|0.12|0.7756|
|.|         11|          5|        606|     32641861.08|          0|00:00:00|+0.00|0.09|0.7942|
|.|         16|          5|        606|     32642231.23|          0|00:00:00|+0.02|0.10|0.7783|
|.|          3|          5|        606|     32627686.14|          0|00:00:00|-0.01|0.06|0.8018|
|.|          5|          5|        606|     32615190.07|          0|00:00:00|-0.01|0.06|0.7975|
|.|          2|          5|        606|     32602688.56|          0|00:00:00|+0.02|0.08|0.7809|
|.|          1|          5|        606|     32623125.12|          0|00:00:00|+0.01|0.06|0.7898|
|.|         13|          5|        606|     32632982.11|          0|00:00:00|-0.02|0.04|0.8135|
|.|          7|          5|        606|     32630207.63|          0|00:00:00|-0.02|0.03|0.8260|
|.|         19|          5|        606|     32643477.60|          0|00:00:00|-0.03|0.02|0.8282|
|.|         14|          5|        606|     32631258.95|          0|00:00:00|-0.03|0.02|0.8256|
|.|          9|          5|        606|     32633150.55|          0|00:00:00|-0.03|0.02|0.8309|
|.|         23|          5|        606|     32618031.52|          0|00:00:00|-0.03|0.01|0.8303|
|.|         25|          5|        606|     32639875.62|          0|00:00:00|-0.03|0.01|0.8271|
|.|         12|          5|        606|     32633689.72|          0|00:00:00|-0.03|0.01|0.8301|
|.|         26|          5|        606|     32632007.85|          0|00:00:00|-0.03|0.01|0.8310|
|.|          4|          5|        606|     32623546.48|          0|00:00:00|-0.03|0.01|0.8283|
|.|         18|          5|        606|     32622832.25|          0|00:00:00|-0.03|0.01|0.8240|
|=|         29|          5|        576|     32616443.59|          5|00:00:49|-0.03|0.01|0.8189|
+-+-----------+-----------+-----------+----------------+-----------+--------+-----+----+------+
Best-so-far configuration:         576    mean value:      32616443.59
Description of the best-so-far configuration:
    .ID. algorithm localsearch alpha beta  rho ants q0 rasrank elitistants nnls
576  576       ras           3  2.37 2.71 0.64   37 NA      16          NA   19
    dlb .PARENT.
576   0      457

# 2026-01-25 06:28:44 -03: Elite configurations (first number is the configuration ID; listed from best to worst according to the sum of ranks):
    algorithm localsearch alpha beta  rho ants q0 rasrank elitistants nnls dlb
576       ras           3  2.37 2.71 0.64   37 NA      16          NA   19   0
518       ras           3  2.43 3.34 0.59   37 NA      12          NA   23   0
663       ras           3  2.36 2.74 0.61   48 NA      13          NA   19   0
650       ras           3  2.44 3.18 0.62   47 NA      12          NA   19   0
606       ras           3  2.42 3.21 0.57   40 NA      11          NA   24   0
# Total CPU user time: 272927.6, CPU sys time: 1026.886, Wall-clock time: 33539.02
    .ID. algorithm localsearch alpha beta  rho ants q0 rasrank elitistants nnls
576  576       ras           3  2.37 2.71 0.64   37 NA      16          NA   19
518  518       ras           3  2.43 3.34 0.59   37 NA      12          NA   23
663  663       ras           3  2.36 2.74 0.61   48 NA      13          NA   19
650  650       ras           3  2.44 3.18 0.62   47 NA      12          NA   19
606  606       ras           3  2.42 3.21 0.57   40 NA      11          NA   24
    dlb .PARENT. .RANK.   .WEIGHT.
576   0      457     82 0.33333333
518   0      457     84 0.26666667
663   0      650     88 0.20000000
650   0      457     90 0.13333333
606   0      518     91 0.06666667
