# 2026-01-19 17:27:08 -03: Reading parameter file '/home/pestobar/Activities/irace-executions/ACOTSP/Scenarios/BH/Runs/BH_seed_600083/parameters.txt'.
# 2026-01-19 17:27:08 -03: 1 expression(s) specifying forbidden configurations read.
# 2026-01-19 17:27:08 -03: Initialization
# Elitist race
# Elitist new instances: 1
# Elitist limit: 2
# nbIterations: 5
# minNbSurvival: 5
# nbParameters: 11
# seed: 600083
# confidence level: 0.95
# budget: 5500
# mu: 5
# deterministic: FALSE

# 2026-01-19 17:27:08 -03: Iteration 1 of 5
# experimentsUsed: 0
# remainingBudget: 5500
# currentBudget: 1100
# nbConfigurations: 183
# Markers:
     x No test is performed.
     c Configurations are discarded only due to capping.
     - The test is performed and some configurations are discarded.
     = The test is performed but no configuration is discarded.
     ! The test is performed and configurations could be discarded but elite configurations are preserved.
     . All alive configurations are elite and nothing is discarded.

+-+-----------+-----------+-----------+----------------+-----------+--------+-----+----+------+
| |   Instance|      Alive|       Best|       Mean best| Exp so far|  W time|  rho|KenW|  Qvar|
+-+-----------+-----------+-----------+----------------+-----------+--------+-----+----+------+
|x|          1|        183|          4|     32573418.00|        183|00:09:39|   NA|  NA|    NA|
|x|          2|        183|        179|     32802615.50|        366|00:09:38|+0.98|0.99|0.0009|
|x|          3|        183|          4|     32825759.00|        549|00:09:29|+0.98|0.99|0.0010|
|x|          4|        183|        179|     32788494.00|        732|00:09:31|+0.98|0.99|0.0010|
|-|          5|          9|        179|     32710198.20|        915|00:09:30|+0.33|0.47|0.5553|
|-|          6|          3|          4|     32683671.50|        924|00:01:14|+0.23|0.36|0.4223|
+-+-----------+-----------+-----------+----------------+-----------+--------+-----+----+------+
Best-so-far configuration:           4    mean value:      32683671.50
Description of the best-so-far configuration:
  .ID. algorithm localsearch alpha beta  rho ants   q0 rasrank elitistants nnls
4    4       acs           3  2.42 6.24 0.36   35 0.65      NA          NA   42
  dlb .PARENT.
4   1       NA

# 2026-01-19 18:16:12 -03: Elite configurations (first number is the configuration ID; listed from best to worst according to the sum of ranks):
    algorithm localsearch alpha beta  rho ants   q0 rasrank elitistants nnls
4         acs           3  2.42 6.24 0.36   35 0.65      NA          NA   42
179       acs           3  4.43 4.71 0.11   58 0.82      NA          NA   10
163       acs           3  2.08 6.28 0.76   19 0.16      NA          NA   23
    dlb
4     1
179   1
163   0
# 2026-01-19 18:16:12 -03: Iteration 2 of 5
# experimentsUsed: 924
# remainingBudget: 4576
# currentBudget: 1144
# nbConfigurations: 166
# Markers:
     x No test is performed.
     c Configurations are discarded only due to capping.
     - The test is performed and some configurations are discarded.
     = The test is performed but no configuration is discarded.
     ! The test is performed and configurations could be discarded but elite configurations are preserved.
     . All alive configurations are elite and nothing is discarded.

+-+-----------+-----------+-----------+----------------+-----------+--------+-----+----+------+
| |   Instance|      Alive|       Best|       Mean best| Exp so far|  W time|  rho|KenW|  Qvar|
+-+-----------+-----------+-----------+----------------+-----------+--------+-----+----+------+
|x|          7|        166|        179|     32555902.00|        166|00:11:13|   NA|  NA|    NA|
|x|          5|        166|        179|     32476458.50|        329|00:10:46|+0.97|0.98|0.0035|
|x|          3|        166|        242|     32583137.33|        492|00:10:54|+0.95|0.97|0.0029|
|x|          2|        166|        265|     32714740.25|        655|00:10:57|+0.95|0.96|0.0031|
|-|          1|         14|        209|     32683049.80|        818|00:10:43|+0.26|0.41|0.7554|
|-|          4|         10|        201|     32683501.83|        829|00:01:51|+0.05|0.21|0.8919|
|=|          6|         10|        209|     32666007.29|        836|00:01:35|+0.05|0.19|0.8616|
|=|          8|         10|        179|     32679762.88|        846|00:02:15|+0.06|0.17|0.8476|
+-+-----------+-----------+-----------+----------------+-----------+--------+-----+----+------+
Best-so-far configuration:         179    mean value:      32679762.88
Description of the best-so-far configuration:
    .ID. algorithm localsearch alpha beta  rho ants   q0 rasrank elitistants
179  179       acs           3  4.43 4.71 0.11   58 0.82      NA          NA
    nnls dlb .PARENT.
179   10   1       NA

# 2026-01-19 19:16:30 -03: Elite configurations (first number is the configuration ID; listed from best to worst according to the sum of ranks):
    algorithm localsearch alpha beta  rho ants   q0 rasrank elitistants nnls
179       acs           3  4.43 4.71 0.11   58 0.82      NA          NA   10
209       acs           3  4.05 4.75 0.44   20 0.49      NA          NA   23
4         acs           3  2.42 6.24 0.36   35 0.65      NA          NA   42
201       acs           3  2.78 8.18 0.97   20 0.21      NA          NA   20
232       acs           3  3.31 6.23 0.08   19 0.87      NA          NA   25
    dlb
179   1
209   0
4     1
201   0
232   0
# 2026-01-19 19:16:30 -03: Iteration 3 of 5
# experimentsUsed: 1770
# remainingBudget: 3730
# currentBudget: 1243
# nbConfigurations: 142
# Markers:
     x No test is performed.
     c Configurations are discarded only due to capping.
     - The test is performed and some configurations are discarded.
     = The test is performed but no configuration is discarded.
     ! The test is performed and configurations could be discarded but elite configurations are preserved.
     . All alive configurations are elite and nothing is discarded.

+-+-----------+-----------+-----------+----------------+-----------+--------+-----+----+------+
| |   Instance|      Alive|       Best|       Mean best| Exp so far|  W time|  rho|KenW|  Qvar|
+-+-----------+-----------+-----------+----------------+-----------+--------+-----+----+------+
|x|          9|        142|        352|     32767261.00|        142|00:07:29|   NA|  NA|    NA|
|x|          4|        142|        469|     32762029.50|        279|00:06:47|+0.84|0.92|0.0120|
|x|          5|        142|        423|     32613899.33|        416|00:07:05|+0.84|0.89|0.0113|
|x|          1|        142|        423|     32580981.25|        553|00:06:51|+0.84|0.88|0.0096|
|-|          7|         22|        437|     32596977.60|        690|00:06:50|+0.03|0.23|0.9129|
|=|          6|         22|        423|     32566853.33|        707|00:01:50|+0.04|0.20|0.8872|
|-|          8|         14|        423|     32595852.14|        724|00:02:19|-0.03|0.12|0.8679|
|=|          3|         14|        423|     32626324.88|        733|00:01:55|-0.05|0.08|0.9026|
|=|          2|         14|        423|     32675458.22|        742|00:01:54|-0.05|0.07|0.9271|
|=|         10|         14|        423|     32661030.60|        756|00:01:58|-0.04|0.06|0.9045|
+-+-----------+-----------+-----------+----------------+-----------+--------+-----+----+------+
Best-so-far configuration:         423    mean value:      32661030.60
Description of the best-so-far configuration:
    .ID. algorithm localsearch alpha beta  rho ants   q0 rasrank elitistants
423  423       acs           3  2.01 7.32 0.97   42 0.34      NA          NA
    nnls dlb .PARENT.
423   26   0      201

# 2026-01-19 20:01:33 -03: Elite configurations (first number is the configuration ID; listed from best to worst according to the sum of ranks):
    algorithm localsearch alpha beta  rho ants   q0 rasrank elitistants nnls
423       acs           3  2.01 7.32 0.97   42 0.34      NA          NA   26
437       acs           3  2.39 5.31 0.10   20 0.68      NA          NA   26
410      mmas           3  3.23 5.81 0.21   19   NA      NA          NA   38
380       acs           3  2.76 3.17 0.48   42 0.41      NA          NA   29
430       acs           3  4.66 3.46 0.19   62 0.86      NA          NA   11
    dlb
423   0
437   0
410   0
380   0
430   0
# 2026-01-19 20:01:33 -03: Iteration 4 of 5
# experimentsUsed: 2526
# remainingBudget: 2974
# currentBudget: 1487
# nbConfigurations: 139
# Markers:
     x No test is performed.
     c Configurations are discarded only due to capping.
     - The test is performed and some configurations are discarded.
     = The test is performed but no configuration is discarded.
     ! The test is performed and configurations could be discarded but elite configurations are preserved.
     . All alive configurations are elite and nothing is discarded.

+-+-----------+-----------+-----------+----------------+-----------+--------+-----+----+------+
| |   Instance|      Alive|       Best|       Mean best| Exp so far|  W time|  rho|KenW|  Qvar|
+-+-----------+-----------+-----------+----------------+-----------+--------+-----+----+------+
|x|         11|        139|        561|     32423441.00|        139|00:15:46|   NA|  NA|    NA|
|x|         10|        139|        528|     32467661.50|        273|00:15:31|+0.77|0.89|0.0048|
|x|          8|        139|        528|     32554252.00|        407|00:14:21|+0.78|0.85|0.0053|
|x|          1|        139|        587|     32551966.50|        541|00:14:36|+0.77|0.82|0.0056|
|-|          6|         21|        528|     32545574.80|        675|00:14:58|+0.01|0.21|0.9302|
|=|          7|         21|        528|     32559079.33|        691|00:02:39|-0.03|0.14|0.9731|
|=|          3|         21|        528|     32596565.00|        707|00:02:05|-0.07|0.08|1.0186|
|=|          4|         21|        587|     32612299.38|        723|00:02:26|-0.06|0.07|1.0099|
|=|          9|         21|        506|     32645891.67|        739|00:02:08|-0.08|0.04|1.0292|
|=|          2|         21|        506|     32683989.80|        755|00:02:31|-0.06|0.05|1.0117|
|=|          5|         21|        587|     32656140.27|        771|00:02:24|-0.03|0.07|0.9798|
|=|         12|         21|        587|     32617164.92|        792|00:02:42|-0.02|0.07|0.9719|
+-+-----------+-----------+-----------+----------------+-----------+--------+-----+----+------+
Best-so-far configuration:         587    mean value:      32617164.92
Description of the best-so-far configuration:
    .ID. algorithm localsearch alpha beta  rho ants   q0 rasrank elitistants
587  587       acs           3  2.12  4.7 0.16   31 0.47      NA          NA
    nnls dlb .PARENT.
587   29   0      437

# 2026-01-19 21:33:46 -03: Elite configurations (first number is the configuration ID; listed from best to worst according to the sum of ranks):
    algorithm localsearch alpha beta  rho ants   q0 rasrank elitistants nnls
587       acs           3  2.12 4.70 0.16   31 0.47      NA          NA   29
437       acs           3  2.39 5.31 0.10   20 0.68      NA          NA   26
506       acs           3  1.94 7.21 0.15   15 0.75      NA          NA   21
410      mmas           3  3.23 5.81 0.21   19   NA      NA          NA   38
608       acs           3  2.00 3.80 0.15   19 0.50      NA          NA   13
    dlb
587   0
437   0
506   0
410   0
608   0
# 2026-01-19 21:33:46 -03: Iteration 5 of 5
# experimentsUsed: 3318
# remainingBudget: 2182
# currentBudget: 2182
# nbConfigurations: 172
# Markers:
     x No test is performed.
     c Configurations are discarded only due to capping.
     - The test is performed and some configurations are discarded.
     = The test is performed but no configuration is discarded.
     ! The test is performed and configurations could be discarded but elite configurations are preserved.
     . All alive configurations are elite and nothing is discarded.

+-+-----------+-----------+-----------+----------------+-----------+--------+-----+----+------+
| |   Instance|      Alive|       Best|       Mean best| Exp so far|  W time|  rho|KenW|  Qvar|
+-+-----------+-----------+-----------+----------------+-----------+--------+-----+----+------+
|x|         13|        172|        669|     32515208.00|        172|00:20:33|   NA|  NA|    NA|
|x|          1|        172|        675|     32532079.50|        339|00:19:32|+0.45|0.72|0.2673|
|x|          7|        172|        708|     32527543.67|        506|00:20:17|+0.45|0.63|0.2668|
|x|          9|        172|        708|     32603566.00|        673|00:21:29|+0.44|0.58|0.2535|
|-|          2|         57|        506|     32704504.80|        840|00:18:31|-0.11|0.11|1.0881|
|=|          3|         57|        708|     32702027.67|        892|00:05:11|-0.04|0.13|1.0257|
|=|         10|         57|        506|     32684858.29|        944|00:05:25|-0.03|0.12|1.0180|
|=|         11|         57|        640|     32657309.62|        996|00:06:23|-0.02|0.11|1.0056|
|=|          5|         57|        650|     32629123.11|       1048|00:05:07|-0.02|0.10|0.9970|
|=|         12|         57|        650|     32589195.00|       1100|00:06:30|-0.01|0.09|0.9864|
|=|          6|         57|        689|     32584465.09|       1152|00:05:25|-0.01|0.08|0.9905|
|=|          4|         57|        689|     32595105.00|       1204|00:06:05|-0.00|0.08|0.9826|
|=|          8|         57|        640|     32604210.77|       1256|00:05:37|+0.00|0.08|0.9770|
|=|         14|         57|        695|     32587070.50|       1313|00:06:19|-0.00|0.07|0.9827|
+-+-----------+-----------+-----------+----------------+-----------+--------+-----+----+------+
Best-so-far configuration:         695    mean value:      32587070.50
Description of the best-so-far configuration:
    .ID. algorithm localsearch alpha beta  rho ants   q0 rasrank elitistants
695  695       acs           3   2.1 5.17 0.18   27 0.45      NA          NA
    nnls dlb .PARENT.
695   23   0      587

# 2026-01-20 00:06:19 -03: Elite configurations (first number is the configuration ID; listed from best to worst according to the sum of ranks):
    algorithm localsearch alpha beta  rho ants   q0 rasrank elitistants nnls
695       acs           3  2.10 5.17 0.18   27 0.45      NA          NA   23
689       acs           3  1.89 6.12 0.14   29 0.77      NA          NA   22
640       acs           3  2.21 2.84 0.14   29 0.44      NA          NA   22
410      mmas           3  3.23 5.81 0.21   19   NA      NA          NA   38
587       acs           3  2.12 4.70 0.16   31 0.47      NA          NA   29
    dlb
695   0
689   0
640   0
410   0
587   0
# 2026-01-20 00:06:19 -03: Iteration 6 of 6
# experimentsUsed: 4631
# remainingBudget: 869
# currentBudget: 869
# nbConfigurations: 62
# Markers:
     x No test is performed.
     c Configurations are discarded only due to capping.
     - The test is performed and some configurations are discarded.
     = The test is performed but no configuration is discarded.
     ! The test is performed and configurations could be discarded but elite configurations are preserved.
     . All alive configurations are elite and nothing is discarded.

+-+-----------+-----------+-----------+----------------+-----------+--------+-----+----+------+
| |   Instance|      Alive|       Best|       Mean best| Exp so far|  W time|  rho|KenW|  Qvar|
+-+-----------+-----------+-----------+----------------+-----------+--------+-----+----+------+
|x|         15|         62|        789|     32785166.00|         62|00:07:12|   NA|  NA|    NA|
|x|         14|         62|        817|     32529489.00|        119|00:06:21|+0.09|0.55|0.4866|
|x|          1|         62|        817|     32536343.33|        176|00:07:02|+0.24|0.50|0.3901|
|x|          2|         62|        799|     32658517.75|        233|00:07:27|+0.29|0.47|0.3584|
|-|          4|         36|        841|     32662196.60|        290|00:07:15|-0.07|0.14|1.0269|
|=|         11|         36|        811|     32639318.50|        321|00:04:30|-0.01|0.16|0.9664|
|=|          3|         36|        410|     32667139.00|        352|00:04:21|-0.01|0.14|0.9734|
|=|          7|         36|        789|     32645466.62|        383|00:04:15|+0.01|0.13|0.9517|
|=|         13|         36|        789|     32634432.78|        414|00:04:01|+0.04|0.14|0.9281|
|=|          5|         36|        689|     32615246.30|        445|00:04:08|+0.02|0.12|0.9465|
|=|          8|         36|        689|     32629467.18|        476|00:04:19|+0.04|0.12|0.9367|
|=|         12|         36|        689|     32592065.50|        507|00:03:41|+0.04|0.12|0.9382|
|-|          6|         21|        689|     32588124.69|        538|00:04:20|-0.04|0.04|0.9888|
|=|         10|         21|        689|     32584479.00|        554|00:02:47|-0.04|0.04|0.9859|
|=|          9|         21|        640|     32604518.93|        570|00:03:06|-0.03|0.04|0.9825|
|=|         16|         21|        689|     32599656.38|        591|00:03:37|-0.02|0.04|0.9748|
+-+-----------+-----------+-----------+----------------+-----------+--------+-----+----+------+
Best-so-far configuration:         689    mean value:      32599656.38
Description of the best-so-far configuration:
    .ID. algorithm localsearch alpha beta  rho ants   q0 rasrank elitistants
689  689       acs           3  1.89 6.12 0.14   29 0.77      NA          NA
    nnls dlb .PARENT.
689   22   0      506

# 2026-01-20 01:24:50 -03: Elite configurations (first number is the configuration ID; listed from best to worst according to the sum of ranks):
    algorithm localsearch alpha beta  rho ants   q0 rasrank elitistants nnls
689       acs           3  1.89 6.12 0.14   29 0.77      NA          NA   22
640       acs           3  2.21 2.84 0.14   29 0.44      NA          NA   22
695       acs           3  2.10 5.17 0.18   27 0.45      NA          NA   23
410      mmas           3  3.23 5.81 0.21   19   NA      NA          NA   38
799       acs           3  2.38 3.19 0.08   26 0.43      NA          NA   22
    dlb
689   0
640   0
695   0
410   0
799   0
# 2026-01-20 01:24:50 -03: Iteration 7 of 7
# experimentsUsed: 5222
# remainingBudget: 278
# currentBudget: 278
# nbConfigurations: 21
# Markers:
     x No test is performed.
     c Configurations are discarded only due to capping.
     - The test is performed and some configurations are discarded.
     = The test is performed but no configuration is discarded.
     ! The test is performed and configurations could be discarded but elite configurations are preserved.
     . All alive configurations are elite and nothing is discarded.

+-+-----------+-----------+-----------+----------------+-----------+--------+-----+----+------+
| |   Instance|      Alive|       Best|       Mean best| Exp so far|  W time|  rho|KenW|  Qvar|
+-+-----------+-----------+-----------+----------------+-----------+--------+-----+----+------+
|x|         17|         21|        640|     32680326.00|         21|00:02:39|   NA|  NA|    NA|
|x|          5|         21|        799|     32522733.00|         37|00:02:36|-0.09|0.45|1.0618|
|x|         13|         21|        799|     32538581.33|         53|00:02:17|+0.06|0.37|0.8530|
|x|          3|         21|        689|     32603754.50|         69|00:02:24|+0.04|0.28|0.8289|
|=|          8|         21|        640|     32624917.60|         85|00:02:24|+0.13|0.31|0.7419|
|-|         12|         11|        689|     32561223.50|        101|00:02:17|-0.08|0.10|0.9778|
|=|         15|         11|        689|     32594295.43|        107|00:01:36|-0.05|0.10|0.9343|
|=|          2|         11|        689|     32649065.62|        113|00:01:42|-0.02|0.10|0.9003|
|=|          4|         11|        689|     32656074.33|        119|00:02:08|-0.02|0.10|0.8903|
|=|         10|         11|        689|     32644175.40|        125|00:01:40|-0.00|0.10|0.8777|
|=|          9|         11|        689|     32661635.27|        131|00:01:40|+0.01|0.10|0.8805|
|=|         11|         11|        689|     32648039.67|        137|00:01:48|+0.03|0.11|0.8603|
|=|          6|         11|        640|     32634106.85|        143|00:01:27|+0.05|0.12|0.8450|
|=|         16|         11|        689|     32635205.21|        149|00:01:17|+0.04|0.11|0.8550|
|=|         14|         11|        689|     32613743.33|        155|00:01:36|+0.02|0.08|0.8834|
|=|          7|         11|        689|     32610610.00|        161|00:01:42|+0.01|0.07|0.8850|
|=|          1|         11|        689|     32609789.94|        167|00:01:44|-0.01|0.05|0.9006|
|=|         18|         11|        689|     32599690.39|        178|00:02:22|-0.00|0.06|0.8989|
+-+-----------+-----------+-----------+----------------+-----------+--------+-----+----+------+
Best-so-far configuration:         689    mean value:      32599690.39
Description of the best-so-far configuration:
    .ID. algorithm localsearch alpha beta  rho ants   q0 rasrank elitistants
689  689       acs           3  1.89 6.12 0.14   29 0.77      NA          NA
    nnls dlb .PARENT.
689   22   0      506

# 2026-01-20 02:00:16 -03: Elite configurations (first number is the configuration ID; listed from best to worst according to the sum of ranks):
    algorithm localsearch alpha beta  rho ants   q0 rasrank elitistants nnls
689       acs           3  1.89 6.12 0.14   29 0.77      NA          NA   22
640       acs           3  2.21 2.84 0.14   29 0.44      NA          NA   22
845      mmas           3  3.13 5.44 0.19   20   NA      NA          NA   39
695       acs           3  2.10 5.17 0.18   27 0.45      NA          NA   23
410      mmas           3  3.23 5.81 0.21   19   NA      NA          NA   38
    dlb
689   0
640   0
845   0
695   0
410   0
# 2026-01-20 02:00:16 -03: Iteration 8 of 8
# experimentsUsed: 5400
# remainingBudget: 100
# currentBudget: 100
# nbConfigurations: 10
# Markers:
     x No test is performed.
     c Configurations are discarded only due to capping.
     - The test is performed and some configurations are discarded.
     = The test is performed but no configuration is discarded.
     ! The test is performed and configurations could be discarded but elite configurations are preserved.
     . All alive configurations are elite and nothing is discarded.

+-+-----------+-----------+-----------+----------------+-----------+--------+-----+----+------+
| |   Instance|      Alive|       Best|       Mean best| Exp so far|  W time|  rho|KenW|  Qvar|
+-+-----------+-----------+-----------+----------------+-----------+--------+-----+----+------+
|x|         19|         10|        410|     32805142.00|         10|00:02:02|   NA|  NA|    NA|
|x|         11|         10|        640|     32660547.00|         15|00:01:54|+0.27|0.64|0.6159|
|x|          7|         10|        640|     32635880.33|         20|00:00:58|-0.11|0.26|0.9653|
|x|          5|         10|        689|     32580026.00|         25|00:01:47|-0.23|0.07|1.0856|
|=|         10|         10|        410|     32553541.40|         30|00:01:47|-0.16|0.07|1.0387|
|=|          8|         10|        640|     32598637.67|         35|00:01:31|-0.12|0.06|0.9907|
|=|         17|         10|        640|     32610307.43|         40|00:01:33|-0.09|0.07|0.9543|
|=|          3|         10|        640|     32626498.25|         45|00:01:50|-0.04|0.09|0.9143|
|=|          1|         10|        640|     32616866.33|         50|00:01:17|-0.02|0.09|0.8920|
|=|         12|         10|        640|     32581353.80|         55|00:01:22|-0.03|0.08|0.8864|
|=|          4|         10|        640|     32591581.91|         60|00:01:38|+0.01|0.10|0.8514|
|=|         18|         10|        640|     32577157.50|         65|00:01:40|-0.00|0.08|0.8648|
|=|         13|         10|        640|     32573054.46|         70|00:01:17|+0.02|0.10|0.8430|
|=|         16|         10|        640|     32578970.29|         75|00:02:00|+0.02|0.09|0.8437|
|=|         14|         10|        640|     32565596.47|         80|00:01:01|+0.02|0.09|0.8503|
|=|          2|         10|        640|     32597595.62|         85|00:01:23|+0.03|0.09|0.8535|
|=|          6|         10|        640|     32589504.65|         90|00:01:19|+0.03|0.08|0.8502|
|=|         15|         10|        640|     32603125.56|         95|00:01:26|+0.03|0.08|0.8530|
|=|          9|         10|        640|     32614539.21|        100|00:01:56|+0.03|0.08|0.8544|
+-+-----------+-----------+-----------+----------------+-----------+--------+-----+----+------+
Best-so-far configuration:         640    mean value:      32614539.21
Description of the best-so-far configuration:
    .ID. algorithm localsearch alpha beta  rho ants   q0 rasrank elitistants
640  640       acs           3  2.21 2.84 0.14   29 0.44      NA          NA
    nnls dlb .PARENT.
640   22   0      587

# 2026-01-20 02:30:08 -03: Elite configurations (first number is the configuration ID; listed from best to worst according to the sum of ranks):
    algorithm localsearch alpha beta  rho ants   q0 rasrank elitistants nnls
640       acs           3  2.21 2.84 0.14   29 0.44      NA          NA   22
689       acs           3  1.89 6.12 0.14   29 0.77      NA          NA   22
845      mmas           3  3.13 5.44 0.19   20   NA      NA          NA   39
410      mmas           3  3.23 5.81 0.21   19   NA      NA          NA   38
695       acs           3  2.10 5.17 0.18   27 0.45      NA          NA   23
    dlb
640   0
689   0
845   0
410   0
695   0
# 2026-01-20 02:30:08 -03: Stopped because budget is exhausted
# Iteration: 9
# nbIterations: 8
# experimentsUsed: 5500
# timeUsed: 0
# remainingBudget: 0
# currentBudget: 100
# number of elites: 5
# nbConfigurations: 10
# Total CPU user time: 269842.7, CPU sys time: 1161.42, Wall-clock time: 32579.94
    .ID. algorithm localsearch alpha beta  rho ants   q0 rasrank elitistants
640  640       acs           3  2.21 2.84 0.14   29 0.44      NA          NA
689  689       acs           3  1.89 6.12 0.14   29 0.77      NA          NA
845  845      mmas           3  3.13 5.44 0.19   20   NA      NA          NA
410  410      mmas           3  3.23 5.81 0.21   19   NA      NA          NA
695  695       acs           3  2.10 5.17 0.18   27 0.45      NA          NA
    nnls dlb .PARENT. .RANK.   .WEIGHT.
640   22   0      587     80 0.33333333
689   22   0      506     83 0.26666667
845   39   0      410     92 0.20000000
410   38   0        4     95 0.13333333
695   23   0      587    101 0.06666667
