# 2026-01-25 19:56:32 -03: Reading parameter file '/home/pestobar/Activities/irace-executions/PSO-X/Scenarios/BL-32/Runs/BL-32_seed_300017/parameters.txt'.
# 2026-01-25 19:56:32 -03: 2 expression(s) specifying forbidden configurations read.
# 2026-01-25 19:56:32 -03: Initialization
# Elitist race
# Elitist new instances: 1
# Elitist limit: 2
# nbIterations: 5
# minNbSurvival: 5
# nbParameters: 8
# seed: 300017
# confidence level: 0.95
# budget: 2000
# mu: 5
# deterministic: FALSE

# 2026-01-25 19:56:32 -03: Iteration 1 of 5
# experimentsUsed: 0
# remainingBudget: 2000
# currentBudget: 400
# nbConfigurations: 32
# Markers:
     x No test is performed.
     c Configurations are discarded only due to capping.
     - The test is performed and some configurations are discarded.
     = The test is performed but no configuration is discarded.
     ! The test is performed and configurations could be discarded but elite configurations are preserved.
     . All alive configurations are elite and nothing is discarded.

+-+-----------+-----------+-----------+----------------+-----------+--------+-----+----+------+
| |   Instance|      Alive|       Best|       Mean best| Exp so far|  W time|  rho|KenW|  Qvar|
+-+-----------+-----------+-----------+----------------+-----------+--------+-----+----+------+
|x|          1|         32|         18|     367.5247641|         32|00:01:21|   NA|  NA|    NA|
|x|          2|         32|         18|     194.4681745|         64|00:00:31|+0.62|0.81|0.4018|
|x|          3|         32|         18|     5553.506734|         96|00:00:32|+0.52|0.68|0.4577|
|x|          4|         32|         18|     4166.269620|        128|00:00:30|+0.43|0.57|0.5729|
|-|          5|         16|          1|     21093.49206|        160|00:00:32|-0.08|0.14|1.0179|
|=|          6|         16|          1|     17577.95442|        176|00:00:14|-0.04|0.13|0.9531|
|=|          7|         16|          1|     15092.65544|        192|00:00:14|+0.00|0.14|0.9194|
+-+-----------+-----------+-----------+----------------+-----------+--------+-----+----+------+
Best-so-far configuration:           1    mean value:      15092.65544
Description of the best-so-far configuration:
  .ID. particles topology modInfluence branching tSchedule phi1 phi2 inertia
1    1       133        1            0        NA        NA 1.94 1.29    0.17
  .PARENT.
1       NA

# 2026-01-25 20:00:29 -03: Elite configurations (first number is the configuration ID; listed from best to worst according to the sum of ranks):
   particles topology modInfluence branching tSchedule phi1 phi2 inertia
1        133        1            0        NA        NA 1.94 1.29    0.17
18        15        2            1        NA        NA 2.18 0.43    0.76
23        90        0            0        NA        NA 2.49 0.75    0.20
32       161        4            2        NA        NA 1.90 1.10    0.83
6         59        5            0        NA         7 1.01 0.98    0.28
# 2026-01-25 20:00:29 -03: Iteration 2 of 5
# experimentsUsed: 192
# remainingBudget: 1808
# currentBudget: 452
# nbConfigurations: 32
# Markers:
     x No test is performed.
     c Configurations are discarded only due to capping.
     - The test is performed and some configurations are discarded.
     = The test is performed but no configuration is discarded.
     ! The test is performed and configurations could be discarded but elite configurations are preserved.
     . All alive configurations are elite and nothing is discarded.

+-+-----------+-----------+-----------+----------------+-----------+--------+-----+----+------+
| |   Instance|      Alive|       Best|       Mean best| Exp so far|  W time|  rho|KenW|  Qvar|
+-+-----------+-----------+-----------+----------------+-----------+--------+-----+----+------+
|x|          8|         32|         18|     5288326.643|         32|00:00:25|   NA|  NA|    NA|
|x|          4|         32|         43|     5700342.804|         59|00:00:24|+0.42|0.71|0.3042|
|x|          6|         32|         43|     3800228.624|         86|00:00:24|+0.47|0.65|0.3067|
|x|          3|         32|         40|     2627936.330|        113|00:00:25|+0.40|0.55|0.4691|
|-|          5|         21|          1|     13025130.03|        140|00:00:25|-0.13|0.10|1.0494|
|=|          1|         21|          1|     10854447.73|        156|00:00:40|-0.10|0.09|1.0180|
|=|          2|         21|         39|     2676226.711|        172|00:00:02|-0.03|0.12|0.9793|
|=|          7|         21|         56|     2191429.272|        188|00:00:03|+0.02|0.14|0.9373|
|=|          9|         21|         39|     2081531.721|        209|00:00:05|+0.05|0.16|0.8922|
+-+-----------+-----------+-----------+----------------+-----------+--------+-----+----+------+
Best-so-far configuration:          39    mean value:      2081531.721
Description of the best-so-far configuration:
   .ID. particles topology modInfluence branching tSchedule phi1 phi2 inertia
39   39       175        1            0        NA        NA 1.37 2.43    0.46
   .PARENT.
39        1

# 2026-01-25 20:03:25 -03: Elite configurations (first number is the configuration ID; listed from best to worst according to the sum of ranks):
   particles topology modInfluence branching tSchedule phi1 phi2 inertia
39       175        1            0        NA        NA 1.37 2.43    0.46
56       107        0            0        NA        NA 2.32 0.53    0.71
1        133        1            0        NA        NA 1.94 1.29    0.17
32       161        4            2        NA        NA 1.90 1.10    0.83
38         6        2            2        NA        NA 0.81 0.04    0.69
# 2026-01-25 20:03:25 -03: Iteration 3 of 5
# experimentsUsed: 401
# remainingBudget: 1599
# currentBudget: 533
# nbConfigurations: 32
# Markers:
     x No test is performed.
     c Configurations are discarded only due to capping.
     - The test is performed and some configurations are discarded.
     = The test is performed but no configuration is discarded.
     ! The test is performed and configurations could be discarded but elite configurations are preserved.
     . All alive configurations are elite and nothing is discarded.

+-+-----------+-----------+-----------+----------------+-----------+--------+-----+----+------+
| |   Instance|      Alive|       Best|       Mean best| Exp so far|  W time|  rho|KenW|  Qvar|
+-+-----------+-----------+-----------+----------------+-----------+--------+-----+----+------+
|x|         10|         32|         80|     24887.87852|         32|00:00:27|   NA|  NA|    NA|
|x|          9|         32|         80|     12470.95260|         59|00:00:27|+0.53|0.77|0.2048|
|x|          4|         32|         39|     13866.90107|         86|00:00:25|+0.35|0.57|0.2259|
|x|          3|         32|         39|     14424.49488|        113|00:00:27|+0.36|0.52|0.4283|
|-|          1|         19|         39|     11712.11698|        140|00:01:04|-0.07|0.14|1.0342|
|=|          8|         19|         39|     3114111.145|        154|00:00:12|-0.03|0.14|0.9799|
|=|          7|         19|         39|     2669259.094|        168|00:00:12|+0.04|0.17|0.9184|
|=|          5|         19|         39|     2346915.056|        182|00:00:12|-0.03|0.10|0.9691|
|=|          2|         19|         39|     2086147.773|        196|00:00:12|+0.02|0.13|0.9214|
|=|          6|         19|         39|     1877533.024|        210|00:00:12|+0.02|0.12|0.8823|
|=|         11|         19|         39|     1706992.649|        229|00:00:12|+0.06|0.14|0.8387|
+-+-----------+-----------+-----------+----------------+-----------+--------+-----+----+------+
Best-so-far configuration:          39    mean value:      1706992.649
Description of the best-so-far configuration:
   .ID. particles topology modInfluence branching tSchedule phi1 phi2 inertia
39   39       175        1            0        NA        NA 1.37 2.43    0.46
   .PARENT.
39        1

# 2026-01-25 20:07:33 -03: Elite configurations (first number is the configuration ID; listed from best to worst according to the sum of ranks):
   particles topology modInfluence branching tSchedule phi1 phi2 inertia
39       175        1            0        NA        NA 1.37 2.43    0.46
80       125        1            0        NA        NA 1.82 2.27    0.65
65       101        0            0        NA        NA 2.35 1.04    0.75
62       167        4            2        NA        NA 1.38 2.08    0.77
63       174        1            0        NA        NA 0.74 2.35    0.42
# 2026-01-25 20:07:33 -03: Iteration 4 of 5
# experimentsUsed: 630
# remainingBudget: 1370
# currentBudget: 685
# nbConfigurations: 32
# Markers:
     x No test is performed.
     c Configurations are discarded only due to capping.
     - The test is performed and some configurations are discarded.
     = The test is performed but no configuration is discarded.
     ! The test is performed and configurations could be discarded but elite configurations are preserved.
     . All alive configurations are elite and nothing is discarded.

+-+-----------+-----------+-----------+----------------+-----------+--------+-----+----+------+
| |   Instance|      Alive|       Best|       Mean best| Exp so far|  W time|  rho|KenW|  Qvar|
+-+-----------+-----------+-----------+----------------+-----------+--------+-----+----+------+
|x|         12|         32|        100|     889.4879833|         32|00:02:26|   NA|  NA|    NA|
|x|          1|         32|        106|     881.2036820|         59|00:01:02|+0.46|0.73|0.5435|
|x|          6|         32|         62|     424.3972145|         86|00:00:29|+0.12|0.41|0.5806|
|x|          2|         32|         62|     320.5594184|        113|00:00:28|+0.24|0.43|0.4903|
|-|          4|         28|         39|     358.5360750|        140|00:00:29|-0.08|0.13|0.9530|
|=|         10|         28|        111|     4320.419920|        163|00:00:04|-0.01|0.16|0.9583|
|=|          8|         28|        101|     1919112.274|        186|00:00:05|+0.02|0.16|0.9318|
|=|          5|         28|         39|     2344993.814|        209|00:00:04|-0.04|0.09|0.9812|
|=|          3|         28|         39|     2086227.532|        232|00:00:05|-0.00|0.11|0.9455|
|=|         11|         28|         39|     1877763.668|        255|00:00:03|+0.04|0.13|0.9051|
|-|          9|         23|         39|     1707062.583|        278|00:00:05|-0.02|0.07|0.9699|
|=|          7|         23|        101|     1137042.995|        296|00:00:03|-0.01|0.08|0.9538|
|=|         13|         23|        101|     1049592.029|        319|00:00:04|-0.00|0.07|0.9409|
+-+-----------+-----------+-----------+----------------+-----------+--------+-----+----+------+
Best-so-far configuration:         101    mean value:      1049592.029
Description of the best-so-far configuration:
    .ID. particles topology modInfluence branching tSchedule phi1 phi2 inertia
101  101        80        1            0        NA        NA 2.02 2.45    0.73
    .PARENT.
101       80

# 2026-01-25 20:13:06 -03: Elite configurations (first number is the configuration ID; listed from best to worst according to the sum of ranks):
    particles topology modInfluence branching tSchedule phi1 phi2 inertia
101        80        1            0        NA        NA 2.02 2.45    0.73
111       149        4            0        NA        NA 1.35 2.41    0.67
39        175        1            0        NA        NA 1.37 2.43    0.46
108        95        1            0        NA        NA 1.74 2.01    0.66
80        125        1            0        NA        NA 1.82 2.27    0.65
# 2026-01-25 20:13:06 -03: Iteration 5 of 5
# experimentsUsed: 949
# remainingBudget: 1051
# currentBudget: 1051
# nbConfigurations: 32
# Markers:
     x No test is performed.
     c Configurations are discarded only due to capping.
     - The test is performed and some configurations are discarded.
     = The test is performed but no configuration is discarded.
     ! The test is performed and configurations could be discarded but elite configurations are preserved.
     . All alive configurations are elite and nothing is discarded.

+-+-----------+-----------+-----------+----------------+-----------+--------+-----+----+------+
| |   Instance|      Alive|       Best|       Mean best| Exp so far|  W time|  rho|KenW|  Qvar|
+-+-----------+-----------+-----------+----------------+-----------+--------+-----+----+------+
|x|         14|         32|        127|     1071187.843|         32|00:00:05|   NA|  NA|    NA|
|x|          6|         32|        135|     974850.6134|         59|00:00:04|+0.29|0.64|0.7144|
|x|          1|         32|        127|     357156.4272|         86|00:01:01|+0.19|0.46|0.7678|
|x|          5|         32|        127|     291380.4107|        113|00:00:03|+0.09|0.32|0.7742|
|-|         13|         11|        127|     233131.5449|        140|00:00:03|+0.28|0.42|0.6761|
|=|         10|         11|        127|     204707.3657|        146|00:00:01|+0.14|0.28|0.8626|
|=|          3|         11|        123|     368487.0793|        152|00:00:01|+0.05|0.19|0.9618|
|=|          7|         11|        130|     299458.4746|        158|00:00:01|+0.02|0.14|0.9751|
|=|          4|         11|        127|     138549.5204|        164|00:00:01|+0.02|0.13|0.9592|
|=|          8|         11|        127|     1592402.768|        170|00:00:01|+0.01|0.11|0.9654|
|=|         12|         11|        130|     1705399.066|        176|00:00:36|+0.00|0.09|0.9669|
|=|         11|         11|        130|     1563358.443|        182|00:00:01|+0.00|0.08|0.9500|
|=|          2|         11|        130|     1443100.248|        188|00:00:01|+0.03|0.10|0.9261|
|=|          9|         11|        130|     1340025.023|        194|00:00:02|+0.04|0.11|0.9115|
|-|         15|          8|        130|     1250690.094|        205|00:00:02|+0.01|0.07|0.8743|
|=|         16|          8|        135|     1288476.711|        213|00:00:01|+0.02|0.08|0.8657|
|=|         17|          8|        135|     1212684.954|        221|00:00:01|+0.02|0.08|0.8578|
+-+-----------+-----------+-----------+----------------+-----------+--------+-----+----+------+
Best-so-far configuration:         135    mean value:      1212684.954
Description of the best-so-far configuration:
    .ID. particles topology modInfluence branching tSchedule phi1 phi2 inertia
135  135       116        4            0        NA        NA 1.37 2.09     0.6
    .PARENT.
135      111

# 2026-01-25 20:15:22 -03: Elite configurations (first number is the configuration ID; listed from best to worst according to the sum of ranks):
    particles topology modInfluence branching tSchedule phi1 phi2 inertia
135       116        4            0        NA        NA 1.37 2.09    0.60
127       163        4            2        NA        NA 1.30 2.44    0.68
137        74        1            0        NA        NA 1.99 2.29    0.67
130        88        1            0        NA        NA 1.83 2.34    0.65
123        71        1            0        NA        NA 2.17 2.42    0.70
# 2026-01-25 20:15:22 -03: Iteration 6 of 6
# experimentsUsed: 1170
# remainingBudget: 830
# currentBudget: 830
# nbConfigurations: 32
# Markers:
     x No test is performed.
     c Configurations are discarded only due to capping.
     - The test is performed and some configurations are discarded.
     = The test is performed but no configuration is discarded.
     ! The test is performed and configurations could be discarded but elite configurations are preserved.
     . All alive configurations are elite and nothing is discarded.

+-+-----------+-----------+-----------+----------------+-----------+--------+-----+----+------+
| |   Instance|      Alive|       Best|       Mean best| Exp so far|  W time|  rho|KenW|  Qvar|
+-+-----------+-----------+-----------+----------------+-----------+--------+-----+----+------+
|x|         18|         32|        165|     139.7157531|         32|00:00:06|   NA|  NA|    NA|
|x|          7|         32|        143|     145.7924127|         59|00:00:04|-0.22|0.39|1.3322|
|x|          9|         32|        166|     114.5941757|         86|00:00:05|-0.06|0.29|1.0432|
|x|          1|         32|        166|     301.0976782|        113|00:01:01|-0.06|0.20|1.0163|
|=|         11|         32|        166|     459.2121781|        140|00:00:03|-0.11|0.11|1.0637|
|=|          3|         32|        166|     2880.743065|        167|00:00:05|-0.07|0.11|1.0272|
|=|          2|         32|        166|     2469.761274|        194|00:00:03|-0.02|0.12|0.9452|
|=|         13|         32|        166|     2176.574572|        221|00:00:04|-0.03|0.10|0.9449|
|=|          8|         32|        166|     1825757.042|        248|00:00:04|-0.02|0.09|0.9424|
|=|         16|         32|        166|     1643181.437|        275|00:00:04|-0.01|0.09|0.9497|
|=|         10|         32|        166|     1496960.255|        302|00:00:04|-0.02|0.07|0.9552|
|=|         15|         32|        166|     1372213.587|        329|00:00:04|-0.01|0.08|0.9523|
|=|         17|         32|        166|     1266660.123|        356|00:00:04|+0.01|0.08|0.9428|
|=|          5|         32|        166|     1184799.550|        383|00:00:04|+0.03|0.10|0.9326|
|=|         12|         32|        166|     1105873.146|        410|00:01:50|+0.01|0.07|0.9376|
|=|          6|         32|        154|     644359.7333|        437|00:00:04|+0.01|0.07|0.9324|
|-|          4|         25|        154|     606456.4799|        464|00:00:03|-0.01|0.05|0.9324|
|=|         14|         25|        127|     884852.5833|        484|00:00:02|+0.01|0.06|0.9208|
|=|         19|         25|        127|     838311.1146|        509|00:01:36|+0.02|0.07|0.9153|
+-+-----------+-----------+-----------+----------------+-----------+--------+-----+----+------+
Best-so-far configuration:         127    mean value:      838311.1146
Description of the best-so-far configuration:
    .ID. particles topology modInfluence branching tSchedule phi1 phi2 inertia
127  127       163        4            2        NA        NA  1.3 2.44    0.68
    .PARENT.
127      111

# 2026-01-25 20:21:02 -03: Elite configurations (first number is the configuration ID; listed from best to worst according to the sum of ranks):
    particles topology modInfluence branching tSchedule phi1 phi2 inertia
127       163        4            2        NA        NA 1.30 2.44    0.68
148       121        4            0        NA        NA 1.41 2.24    0.59
142       119        4            0        NA        NA 1.66 2.20    0.54
135       116        4            0        NA        NA 1.37 2.09    0.60
154       113        4            0        NA        NA 1.63 2.32    0.66
# 2026-01-25 20:21:02 -03: There is not enough budget to enforce the value of nbConfigurations, returning to default behaviour nbConfigurations:20.
# Iteration: 7
# nbIterations: 7
# experimentsUsed: 1679
# timeUsed: 0
# remainingBudget: 321
# currentBudget: 321
# number of elites: 5
# nbConfigurations: 20
# 2026-01-25 20:21:02 -03: Iteration 7 of 7
# experimentsUsed: 1679
# remainingBudget: 321
# currentBudget: 321
# nbConfigurations: 20
# Markers:
     x No test is performed.
     c Configurations are discarded only due to capping.
     - The test is performed and some configurations are discarded.
     = The test is performed but no configuration is discarded.
     ! The test is performed and configurations could be discarded but elite configurations are preserved.
     . All alive configurations are elite and nothing is discarded.

+-+-----------+-----------+-----------+----------------+-----------+--------+-----+----+------+
| |   Instance|      Alive|       Best|       Mean best| Exp so far|  W time|  rho|KenW|  Qvar|
+-+-----------+-----------+-----------+----------------+-----------+--------+-----+----+------+
|x|         20|         20|        177|     556.2837547|         20|00:01:06|   NA|  NA|    NA|
|x|         15|         20|        176|     282.0747431|         35|00:00:03|+0.43|0.71|0.5918|
|x|         14|         20|        177|     427145.9066|         50|00:00:03|+0.57|0.72|0.4904|
|x|          7|         20|        142|     332055.6532|         65|00:00:03|+0.03|0.27|0.8675|
|=|         18|         20|        142|     265676.5518|         80|00:00:03|+0.11|0.29|0.8561|
|-|          5|         13|        177|     228141.0371|         95|00:00:03|+0.09|0.24|0.8356|
|=|          3|         13|        177|     198050.2575|        103|00:00:02|-0.03|0.12|0.9417|
|=|          9|         13|        177|     173299.4801|        111|00:00:02|-0.03|0.10|0.9450|
|=|          1|         13|        177|     154077.2769|        119|00:00:20|-0.00|0.11|0.9161|
|=|         12|         13|        177|     138764.0475|        127|00:00:37|-0.03|0.07|0.9524|
|=|         16|         13|        177|     126149.2175|        135|00:00:01|-0.01|0.08|0.9274|
|=|         10|         13|        177|     120214.4933|        143|00:00:01|-0.03|0.06|0.9473|
|=|         17|         13|        177|     110968.4069|        151|00:00:01|-0.00|0.08|0.9218|
|=|         19|         13|        177|     103080.9939|        159|00:00:33|+0.02|0.09|0.9016|
|=|         11|         13|        177|     96370.33364|        167|00:00:01|-0.01|0.06|0.9240|
|=|          2|         13|        173|     107638.6102|        175|00:00:01|-0.02|0.05|0.9352|
|=|          8|         13|        177|     633556.6100|        183|00:00:01|-0.02|0.04|0.9437|
|=|          6|         13|        177|     598359.0367|        191|00:00:01|-0.03|0.03|0.9481|
|=|         13|         13|        177|     566871.9794|        199|00:00:01|-0.01|0.04|0.9403|
|=|          4|         13|        177|     538528.5764|        207|00:00:01|-0.01|0.04|0.9386|
|=|         21|         13|        177|     512927.6540|        220|00:01:07|-0.01|0.04|0.9321|
+-+-----------+-----------+-----------+----------------+-----------+--------+-----+----+------+
Best-so-far configuration:         177    mean value:      512927.6540
Description of the best-so-far configuration:
    .ID. particles topology modInfluence branching tSchedule phi1 phi2 inertia
177  177       167        4            2        NA        NA 1.24 2.46    0.63
    .PARENT.
177      127

# 2026-01-25 20:25:24 -03: Elite configurations (first number is the configuration ID; listed from best to worst according to the sum of ranks):
    particles topology modInfluence branching tSchedule phi1 phi2 inertia
177       167        4            2        NA        NA 1.24 2.46    0.63
127       163        4            2        NA        NA 1.30 2.44    0.68
142       119        4            0        NA        NA 1.66 2.20    0.54
173       122        4            0        NA        NA 1.40 2.45    0.55
181       172        4            2        NA        NA 1.32 2.38    0.71
# 2026-01-25 20:25:24 -03: There is not enough budget to enforce the value of nbConfigurations, returning to default behaviour nbConfigurations:9.
# Iteration: 8
# nbIterations: 8
# experimentsUsed: 1899
# timeUsed: 0
# remainingBudget: 101
# currentBudget: 101
# number of elites: 5
# nbConfigurations: 9
# 2026-01-25 20:25:24 -03: Iteration 8 of 8
# experimentsUsed: 1899
# remainingBudget: 101
# currentBudget: 101
# nbConfigurations: 9
# Markers:
     x No test is performed.
     c Configurations are discarded only due to capping.
     - The test is performed and some configurations are discarded.
     = The test is performed but no configuration is discarded.
     ! The test is performed and configurations could be discarded but elite configurations are preserved.
     . All alive configurations are elite and nothing is discarded.

+-+-----------+-----------+-----------+----------------+-----------+--------+-----+----+------+
| |   Instance|      Alive|       Best|       Mean best| Exp so far|  W time|  rho|KenW|  Qvar|
+-+-----------+-----------+-----------+----------------+-----------+--------+-----+----+------+
|x|         22|          9|        173|     68.73694365|          9|00:00:02|   NA|  NA|    NA|
|x|          2|          9|        173|     34.60724388|         13|00:00:01|+0.65|0.82|0.2903|
|x|          1|          9|        127|     128.3595025|         17|00:00:20|-0.01|0.33|1.0094|
|x|          6|          9|        127|     96.32844195|         21|00:00:01|+0.00|0.25|1.0150|
|=|         20|          9|        127|     190.3101965|         25|00:00:32|-0.02|0.18|0.9844|
|=|         18|          9|        127|     182.6099920|         29|00:00:02|-0.00|0.16|0.9514|
|=|          5|          9|        127|     13592.57444|         33|00:00:01|-0.04|0.11|0.9480|
|=|         17|          9|        127|     11895.40354|         37|00:00:01|+0.05|0.17|0.8968|
|=|         16|          9|        127|     10573.79337|         41|00:00:01|+0.06|0.17|0.8690|
|=|         19|          9|        127|     9572.881901|         45|00:00:31|+0.06|0.16|0.8752|
|=|          3|          9|        127|     10385.62384|         49|00:00:02|+0.04|0.13|0.8914|
|=|         21|          9|        127|     9595.884199|         53|00:00:33|+0.07|0.15|0.8651|
|-|         14|          6|        127|     91256.80413|         57|00:00:01|+0.01|0.09|0.8398|
|=|          7|          6|        127|     84751.62697|         58|00:00:01|-0.01|0.06|0.8549|
|=|         13|          6|        177|     92558.78740|         59|00:00:01|-0.00|0.06|0.8427|
|=|         12|          6|        127|     74225.16221|         60|00:00:36|-0.02|0.05|0.8472|
|=|          9|          6|        177|     81727.69601|         61|00:00:02|-0.00|0.06|0.8385|
|=|         11|          6|        127|     66100.68991|         62|00:00:01|-0.01|0.05|0.8450|
|=|         10|          6|        177|     76143.39207|         63|00:00:01|+0.00|0.05|0.8384|
|=|          8|          6|        177|     538580.8172|         64|00:00:01|-0.02|0.03|0.8487|
|=|          4|          6|        177|     512934.2983|         65|00:00:01|-0.00|0.04|0.8395|
|=|         15|          6|        177|     489619.1057|         66|00:00:01|-0.01|0.03|0.8438|
|=|         23|          6|        177|     468335.7864|         72|00:00:02|-0.02|0.03|0.8499|
+-+-----------+-----------+-----------+----------------+-----------+--------+-----+----+------+
Best-so-far configuration:         177    mean value:      468335.7864
Description of the best-so-far configuration:
    .ID. particles topology modInfluence branching tSchedule phi1 phi2 inertia
177  177       167        4            2        NA        NA 1.24 2.46    0.63
    .PARENT.
177      127

# 2026-01-25 20:28:31 -03: Elite configurations (first number is the configuration ID; listed from best to worst according to the sum of ranks):
    particles topology modInfluence branching tSchedule phi1 phi2 inertia
177       167        4            2        NA        NA 1.24 2.46    0.63
127       163        4            2        NA        NA 1.30 2.44    0.68
142       119        4            0        NA        NA 1.66 2.20    0.54
173       122        4            0        NA        NA 1.40 2.45    0.55
186       160        4            2        NA        NA 1.20 2.40    0.69
# 2026-01-25 20:28:31 -03: There is not enough budget to enforce the value of nbConfigurations, returning to default behaviour nbConfigurations:6.
# Iteration: 9
# nbIterations: 9
# experimentsUsed: 1971
# timeUsed: 0
# remainingBudget: 29
# currentBudget: 29
# number of elites: 5
# nbConfigurations: 6
# 2026-01-25 20:28:31 -03: Iteration 9 of 9
# experimentsUsed: 1971
# remainingBudget: 29
# currentBudget: 29
# nbConfigurations: 6
# Markers:
     x No test is performed.
     c Configurations are discarded only due to capping.
     - The test is performed and some configurations are discarded.
     = The test is performed but no configuration is discarded.
     ! The test is performed and configurations could be discarded but elite configurations are preserved.
     . All alive configurations are elite and nothing is discarded.

+-+-----------+-----------+-----------+----------------+-----------+--------+-----+----+------+
| |   Instance|      Alive|       Best|       Mean best| Exp so far|  W time|  rho|KenW|  Qvar|
+-+-----------+-----------+-----------+----------------+-----------+--------+-----+----+------+
|x|         24|          6|        127|     20.91036754|          6|00:00:01|   NA|  NA|    NA|
|x|         19|          6|        177|     282.7775872|          7|00:00:29|+0.09|0.54|0.5254|
|x|         11|          6|        173|     473.1486981|          8|00:00:00|-0.10|0.26|0.7305|
|x|         10|          6|        173|     3702.030162|          9|00:00:01|+0.11|0.34|0.5806|
|=|         17|          6|        173|     2964.970996|         10|00:00:01|-0.07|0.14|0.8691|
|=|         21|          6|        177|     9807.291308|         11|00:00:30|-0.06|0.11|0.8833|
|=|         13|          6|        177|     8421.242128|         12|00:00:01|+0.00|0.15|0.8418|
|=|         20|          6|        177|     7438.122332|         13|00:00:30|+0.09|0.20|0.7775|
|=|          7|          6|        177|     6630.703326|         14|00:00:01|+0.05|0.16|0.7817|
|=|          6|          6|        177|     5967.662062|         15|00:00:01|+0.08|0.17|0.7930|
|=|         22|          6|        142|     3889.615446|         16|00:00:01|+0.06|0.14|0.8120|
|=|          5|          6|        177|     12242.53284|         17|00:00:01|+0.01|0.10|0.8342|
|=|         23|          6|        142|     13618.64087|         18|00:00:02|+0.01|0.09|0.8407|
|=|          3|          6|        142|     13822.61336|         19|00:00:01|+0.01|0.08|0.8346|
|=|          9|          6|        177|     10970.85154|         20|00:00:01|+0.00|0.07|0.8377|
|=|         12|          6|        142|     12155.32467|         21|00:00:34|+0.02|0.08|0.8240|
|=|          4|          6|        142|     11440.53822|         22|00:00:01|+0.02|0.08|0.8278|
|=|         18|          6|        142|     10813.84979|         23|00:00:01|+0.03|0.08|0.8294|
|=|          1|          6|        177|     8734.436668|         24|00:00:19|+0.01|0.06|0.8412|
|=|         16|          6|        177|     8297.760754|         25|00:00:01|-0.01|0.04|0.8547|
|=|         15|          6|        177|     7902.632220|         26|00:00:01|-0.02|0.03|0.8566|
|=|          8|          6|        177|     431402.1441|         27|00:00:01|-0.02|0.02|0.8560|
|=|         14|          6|        177|     468336.0237|         28|00:00:01|-0.01|0.03|0.8486|
|=|          2|          6|        177|     448822.6674|         29|00:00:01|-0.01|0.03|0.8537|
+-+-----------+-----------+-----------+----------------+-----------+--------+-----+----+------+
Best-so-far configuration:         177    mean value:      448822.6674
Description of the best-so-far configuration:
    .ID. particles topology modInfluence branching tSchedule phi1 phi2 inertia
177  177       167        4            2        NA        NA 1.24 2.46    0.63
    .PARENT.
177      127

# 2026-01-25 20:31:22 -03: Elite configurations (first number is the configuration ID; listed from best to worst according to the sum of ranks):
    particles topology modInfluence branching tSchedule phi1 phi2 inertia
177       167        4            2        NA        NA 1.24 2.46    0.63
127       163        4            2        NA        NA 1.30 2.44    0.68
142       119        4            0        NA        NA 1.66 2.20    0.54
187       113        4            0        NA        NA 1.80 2.15    0.54
173       122        4            0        NA        NA 1.40 2.45    0.55
# 2026-01-25 20:31:23 -03: Stopped because budget is exhausted
# Iteration: 10
# nbIterations: 9
# experimentsUsed: 2000
# timeUsed: 0
# remainingBudget: 0
# currentBudget: 29
# number of elites: 5
# nbConfigurations: 6
# Total CPU user time: 12184.01, CPU sys time: 107.436, Wall-clock time: 2090.27
    .ID. particles topology modInfluence branching tSchedule phi1 phi2 inertia
177  177       167        4            2        NA        NA 1.24 2.46    0.63
127  127       163        4            2        NA        NA 1.30 2.44    0.68
142  142       119        4            0        NA        NA 1.66 2.20    0.54
187  187       113        4            0        NA        NA 1.80 2.15    0.54
173  173       122        4            0        NA        NA 1.40 2.45    0.55
    .PARENT. .RANK.   .WEIGHT.
177      127     76 0.33333333
127      111     77 0.26666667
142      135     84 0.20000000
187      142     84 0.13333333
173      148     85 0.06666667
