# 2026-01-26 00:47:23 -03: Reading parameter file '/home/pestobar/Activities/irace-executions/PSO-X/Scenarios/BL-32/Runs/BL-32_seed_1700359/parameters.txt'.
# 2026-01-26 00:47:23 -03: 2 expression(s) specifying forbidden configurations read.
# 2026-01-26 00:47:23 -03: Initialization
# Elitist race
# Elitist new instances: 1
# Elitist limit: 2
# nbIterations: 5
# minNbSurvival: 5
# nbParameters: 8
# seed: 1700359
# confidence level: 0.95
# budget: 2000
# mu: 5
# deterministic: FALSE

# 2026-01-26 00:47:23 -03: Iteration 1 of 5
# experimentsUsed: 0
# remainingBudget: 2000
# currentBudget: 400
# nbConfigurations: 32
# Markers:
     x No test is performed.
     c Configurations are discarded only due to capping.
     - The test is performed and some configurations are discarded.
     = The test is performed but no configuration is discarded.
     ! The test is performed and configurations could be discarded but elite configurations are preserved.
     . All alive configurations are elite and nothing is discarded.

+-+-----------+-----------+-----------+----------------+-----------+--------+-----+----+------+
| |   Instance|      Alive|       Best|       Mean best| Exp so far|  W time|  rho|KenW|  Qvar|
+-+-----------+-----------+-----------+----------------+-----------+--------+-----+----+------+
|x|          1|         32|         10|     109.6063098|         32|00:00:29|   NA|  NA|    NA|
|x|          2|         32|          5|     103.2633882|         64|00:00:29|+0.79|0.90|0.0561|
|x|          3|         32|          5|     19312.54761|         96|00:00:28|+0.60|0.73|0.2286|
|x|          4|         32|          5|     14490.14435|        128|00:00:28|+0.67|0.75|0.2159|
|-|          5|         11|          5|     11595.26256|        160|00:00:28|-0.01|0.19|0.9868|
|=|          6|         11|          5|     9662.857771|        171|00:00:02|+0.09|0.24|0.8941|
|=|          7|         11|          5|     8412.803840|        182|00:01:06|+0.14|0.26|0.8596|
+-+-----------+-----------+-----------+----------------+-----------+--------+-----+----+------+
Best-so-far configuration:           5    mean value:      8412.803840
Description of the best-so-far configuration:
  .ID. particles topology modInfluence branching tSchedule phi1 phi2 inertia
5    5        19        4            2        NA        NA 1.39 1.34     0.6
  .PARENT.
5       NA

# 2026-01-26 00:50:58 -03: Elite configurations (first number is the configuration ID; listed from best to worst according to the sum of ranks):
   particles topology modInfluence branching tSchedule phi1 phi2 inertia
5         19        4            2        NA        NA 1.39 1.34    0.60
10        56        4            1        NA        NA 2.48 1.49    0.66
29        25        1            0        NA        NA 0.69 2.04    0.13
21       112        2            0        NA        NA 2.40 1.26    0.86
20        87        5            0        NA         8 0.84 0.95    0.52
# 2026-01-26 00:50:58 -03: Iteration 2 of 5
# experimentsUsed: 182
# remainingBudget: 1818
# currentBudget: 454
# nbConfigurations: 32
# Markers:
     x No test is performed.
     c Configurations are discarded only due to capping.
     - The test is performed and some configurations are discarded.
     = The test is performed but no configuration is discarded.
     ! The test is performed and configurations could be discarded but elite configurations are preserved.
     . All alive configurations are elite and nothing is discarded.

+-+-----------+-----------+-----------+----------------+-----------+--------+-----+----+------+
| |   Instance|      Alive|       Best|       Mean best| Exp so far|  W time|  rho|KenW|  Qvar|
+-+-----------+-----------+-----------+----------------+-----------+--------+-----+----+------+
|x|          8|         32|         55|     29.53647409|         32|00:01:03|   NA|  NA|    NA|
|x|          2|         32|         55|     32.52203175|         59|00:00:21|+0.37|0.68|0.6578|
|x|          7|         32|         40|     344.8254163|         86|00:01:47|+0.14|0.42|0.5250|
|x|          6|         32|         55|     250.6960586|        113|00:00:21|+0.23|0.42|0.4042|
|-|          1|         16|         55|     215.5192034|        140|00:00:20|+0.03|0.22|1.0040|
|=|          4|         16|         55|     187.6641081|        151|00:00:18|-0.04|0.13|0.9963|
|=|          3|         16|         55|     18120.85944|        162|00:00:18|-0.03|0.12|0.9606|
|=|          5|         16|         49|     7307.976492|        173|00:00:19|+0.01|0.14|0.9217|
|=|          9|         16|         49|     6515.363938|        189|00:00:21|+0.03|0.13|0.9159|
+-+-----------+-----------+-----------+----------------+-----------+--------+-----+----+------+
Best-so-far configuration:          49    mean value:      6515.363938
Description of the best-so-far configuration:
   .ID. particles topology modInfluence branching tSchedule phi1 phi2 inertia
49   49        56        0            0        NA        NA 0.84 1.66    0.14
   .PARENT.
49       29

# 2026-01-26 00:56:12 -03: Elite configurations (first number is the configuration ID; listed from best to worst according to the sum of ranks):
   particles topology modInfluence branching tSchedule phi1 phi2 inertia
49        56        0            0        NA        NA 0.84 1.66    0.14
50        70        0            0        NA        NA 1.89 2.13    0.64
40        46        1            0        NA        NA 1.11 1.44    0.61
10        56        4            1        NA        NA 2.48 1.49    0.66
55        54        0            1        NA        NA 1.79 2.26    0.24
# 2026-01-26 00:56:12 -03: Iteration 3 of 5
# experimentsUsed: 371
# remainingBudget: 1629
# currentBudget: 543
# nbConfigurations: 32
# Markers:
     x No test is performed.
     c Configurations are discarded only due to capping.
     - The test is performed and some configurations are discarded.
     = The test is performed but no configuration is discarded.
     ! The test is performed and configurations could be discarded but elite configurations are preserved.
     . All alive configurations are elite and nothing is discarded.

+-+-----------+-----------+-----------+----------------+-----------+--------+-----+----+------+
| |   Instance|      Alive|       Best|       Mean best| Exp so far|  W time|  rho|KenW|  Qvar|
+-+-----------+-----------+-----------+----------------+-----------+--------+-----+----+------+
|x|         10|         32|         77|     15638.64039|         32|00:00:29|   NA|  NA|    NA|
|x|          7|         32|         77|     8274.003610|         59|00:02:01|+0.52|0.76|0.7274|
|x|          9|         32|         77|     5573.490566|         86|00:00:27|+0.61|0.74|0.5112|
|x|          3|         32|         77|     5723.105646|        113|00:00:25|+0.66|0.75|0.4642|
|-|          2|         15|         40|     8572.825256|        140|00:00:26|+0.13|0.31|0.8750|
|=|          8|         15|         40|     7149.410658|        150|00:00:15|+0.11|0.26|0.9177|
|=|          1|         15|         40|     6193.280357|        160|00:00:01|+0.01|0.15|0.9316|
|=|          6|         15|         40|     5419.285184|        170|00:00:01|-0.02|0.11|0.9710|
|=|          5|         15|         50|     5050.638221|        180|00:00:01|-0.01|0.10|0.9658|
|=|          4|         15|         50|     4545.619249|        190|00:00:01|+0.02|0.12|0.9358|
|=|         11|         15|         77|     2116.589157|        205|00:00:09|+0.04|0.13|0.9174|
+-+-----------+-----------+-----------+----------------+-----------+--------+-----+----+------+
Best-so-far configuration:          77    mean value:      2116.589157
Description of the best-so-far configuration:
   .ID. particles topology modInfluence branching tSchedule phi1 phi2 inertia
77   77        24        0            0        NA        NA 1.97 2.29    0.74
   .PARENT.
77       50

# 2026-01-26 01:00:33 -03: Elite configurations (first number is the configuration ID; listed from best to worst according to the sum of ranks):
   particles topology modInfluence branching tSchedule phi1 phi2 inertia
77        24        0            0        NA        NA 1.97 2.29    0.74
50        70        0            0        NA        NA 1.89 2.13    0.64
49        56        0            0        NA        NA 0.84 1.66    0.14
40        46        1            0        NA        NA 1.11 1.44    0.61
85         9        4            1        NA        NA 2.08 1.13    0.60
# 2026-01-26 01:00:33 -03: Iteration 4 of 5
# experimentsUsed: 576
# remainingBudget: 1424
# currentBudget: 712
# nbConfigurations: 32
# Markers:
     x No test is performed.
     c Configurations are discarded only due to capping.
     - The test is performed and some configurations are discarded.
     = The test is performed but no configuration is discarded.
     ! The test is performed and configurations could be discarded but elite configurations are preserved.
     . All alive configurations are elite and nothing is discarded.

+-+-----------+-----------+-----------+----------------+-----------+--------+-----+----+------+
| |   Instance|      Alive|       Best|       Mean best| Exp so far|  W time|  rho|KenW|  Qvar|
+-+-----------+-----------+-----------+----------------+-----------+--------+-----+----+------+
|x|         12|         32|         98|     79.58053140|         32|00:00:12|   NA|  NA|    NA|
|x|          5|         32|        102|     77.63039260|         59|00:00:10|-0.20|0.40|1.2261|
|x|          2|         32|         49|     87.58880653|         86|00:00:11|-0.00|0.33|0.9918|
|x|          6|         32|         49|     65.84305615|        113|00:00:10|+0.05|0.29|0.9452|
|=|          7|         32|         50|     238.5061709|        140|00:01:45|-0.02|0.18|0.9781|
|=|          3|         32|         50|     4890.619748|        167|00:00:10|-0.02|0.15|0.9282|
|=|         11|         32|        112|     3821.301194|        194|00:00:10|+0.03|0.17|0.8426|
|-|          1|         23|        113|     485.6253405|        221|00:00:11|-0.02|0.11|0.9583|
|=|          4|         23|        113|     431.7014690|        239|00:00:09|+0.00|0.11|0.9525|
|=|         10|         23|        112|     4356.799023|        257|00:00:10|+0.00|0.10|0.9497|
|=|          9|         23|        112|     3974.457169|        275|00:00:10|-0.01|0.08|0.9635|
|=|          8|         23|        112|     3645.892328|        293|00:00:35|+0.00|0.09|0.9574|
|=|         13|         23|        112|     3377.494399|        316|00:00:10|+0.02|0.09|0.9391|
+-+-----------+-----------+-----------+----------------+-----------+--------+-----+----+------+
Best-so-far configuration:         112    mean value:      3377.494399
Description of the best-so-far configuration:
    .ID. particles topology modInfluence branching tSchedule phi1 phi2 inertia
112  112        98        0            0        NA        NA 1.95    2    0.67
    .PARENT.
112       50

# 2026-01-26 01:04:53 -03: Elite configurations (first number is the configuration ID; listed from best to worst according to the sum of ranks):
    particles topology modInfluence branching tSchedule phi1 phi2 inertia
112        98        0            0        NA        NA 1.95 2.00    0.67
50         70        0            0        NA        NA 1.89 2.13    0.64
87         51        0            0        NA        NA 2.13 2.08    0.63
77         24        0            0        NA        NA 1.97 2.29    0.74
49         56        0            0        NA        NA 0.84 1.66    0.14
# 2026-01-26 01:04:53 -03: Iteration 5 of 5
# experimentsUsed: 892
# remainingBudget: 1108
# currentBudget: 1108
# nbConfigurations: 32
# Markers:
     x No test is performed.
     c Configurations are discarded only due to capping.
     - The test is performed and some configurations are discarded.
     = The test is performed but no configuration is discarded.
     ! The test is performed and configurations could be discarded but elite configurations are preserved.
     . All alive configurations are elite and nothing is discarded.

+-+-----------+-----------+-----------+----------------+-----------+--------+-----+----+------+
| |   Instance|      Alive|       Best|       Mean best| Exp so far|  W time|  rho|KenW|  Qvar|
+-+-----------+-----------+-----------+----------------+-----------+--------+-----+----+------+
|x|         14|         32|        135|     76721.24213|         32|00:00:05|   NA|  NA|    NA|
|x|          3|         32|        128|     55130.24904|         59|00:00:04|-0.73|0.14|1.6429|
|x|          9|         32|        128|     36797.44822|         86|00:00:05|-0.19|0.20|1.1382|
|x|          8|         32|        128|     27606.55817|        113|00:00:45|-0.12|0.16|1.0819|
|=|          6|         32|         87|     26945.14962|        140|00:00:03|-0.05|0.16|1.0086|
|=|          5|         32|         49|     23890.75566|        167|00:00:04|-0.04|0.14|0.9869|
|=|          2|         32|         49|     20492.28355|        194|00:00:04|+0.04|0.18|0.9062|
|=|         10|         32|        128|     15805.53918|        221|00:00:05|+0.02|0.14|0.9322|
|=|          4|         32|        128|     14049.41448|        248|00:00:03|+0.04|0.14|0.9629|
|-|          1|         20|        128|     12659.24891|        275|00:00:04|-0.02|0.08|0.9713|
|=|         12|         20|         50|     14974.85496|        290|00:00:02|+0.00|0.09|0.9514|
|=|         11|         20|        112|     11669.47354|        305|00:00:02|+0.02|0.10|0.9408|
|=|          7|         20|        112|     10841.76031|        320|00:01:05|-0.00|0.08|0.9508|
|=|         13|         20|        112|     10078.54309|        335|00:00:02|-0.00|0.07|0.9466|
|=|         15|         20|        112|     9406.703111|        355|00:00:03|-0.00|0.07|0.9502|
+-+-----------+-----------+-----------+----------------+-----------+--------+-----+----+------+
Best-so-far configuration:         112    mean value:      9406.703111
Description of the best-so-far configuration:
    .ID. particles topology modInfluence branching tSchedule phi1 phi2 inertia
112  112        98        0            0        NA        NA 1.95    2    0.67
    .PARENT.
112       50

# 2026-01-26 01:07:37 -03: Elite configurations (first number is the configuration ID; listed from best to worst according to the sum of ranks):
    particles topology modInfluence branching tSchedule phi1 phi2 inertia
112        98        0            0        NA        NA 1.95 2.00    0.67
50         70        0            0        NA        NA 1.89 2.13    0.64
129        82        0            0        NA        NA 1.42 2.26    0.60
126        48        0            0        NA        NA 0.91 1.48    0.12
49         56        0            0        NA        NA 0.84 1.66    0.14
# 2026-01-26 01:07:37 -03: Iteration 6 of 6
# experimentsUsed: 1247
# remainingBudget: 753
# currentBudget: 753
# nbConfigurations: 32
# Markers:
     x No test is performed.
     c Configurations are discarded only due to capping.
     - The test is performed and some configurations are discarded.
     = The test is performed but no configuration is discarded.
     ! The test is performed and configurations could be discarded but elite configurations are preserved.
     . All alive configurations are elite and nothing is discarded.

+-+-----------+-----------+-----------+----------------+-----------+--------+-----+----+------+
| |   Instance|      Alive|       Best|       Mean best| Exp so far|  W time|  rho|KenW|  Qvar|
+-+-----------+-----------+-----------+----------------+-----------+--------+-----+----+------+
|x|         16|         32|         49|     79592.88570|         32|00:00:05|   NA|  NA|    NA|
|x|         10|         32|        161|     66717.71364|         59|00:00:05|-0.53|0.23|1.4404|
|x|         11|         32|        149|     38157.58865|         86|00:00:04|-0.19|0.21|1.1463|
|x|         15|         32|        149|     28618.40321|        113|00:00:04|-0.12|0.16|1.0337|
|=|          8|         32|         49|     19455.04910|        140|00:00:45|+0.02|0.21|0.9117|
|=|          1|         32|         49|     16233.59219|        167|00:00:04|+0.08|0.23|0.9264|
|-|          2|         16|         49|     13929.00058|        194|00:00:04|-0.04|0.11|0.9965|
|=|         12|         16|         49|     12206.44913|        205|00:00:02|-0.01|0.12|0.9809|
|=|          3|         16|         49|     17208.11354|        216|00:00:02|-0.07|0.05|1.0076|
|=|          4|         16|         49|     15489.20062|        227|00:00:02|-0.08|0.03|1.0138|
|=|          7|         16|        112|     16413.98435|        238|00:01:04|-0.07|0.03|1.0066|
|=|         14|         16|         49|     20145.85953|        249|00:00:02|-0.05|0.04|0.9973|
|=|          6|         16|         49|     18596.22462|        260|00:00:02|-0.04|0.04|0.9930|
|=|          5|         16|         49|     17268.83190|        271|00:00:02|-0.03|0.04|0.9789|
|=|         13|         16|         49|     16131.79868|        282|00:00:02|-0.04|0.03|0.9805|
|=|          9|         16|         49|     15134.46523|        293|00:00:03|-0.04|0.03|0.9797|
|=|         17|         16|        112|     17330.96417|        309|00:00:03|-0.03|0.03|0.9768|
+-+-----------+-----------+-----------+----------------+-----------+--------+-----+----+------+
Best-so-far configuration:         112    mean value:      17330.96417
Description of the best-so-far configuration:
    .ID. particles topology modInfluence branching tSchedule phi1 phi2 inertia
112  112        98        0            0        NA        NA 1.95    2    0.67
    .PARENT.
112       50

# 2026-01-26 01:10:21 -03: Elite configurations (first number is the configuration ID; listed from best to worst according to the sum of ranks):
    particles topology modInfluence branching tSchedule phi1 phi2 inertia
112        98        0            0        NA        NA 1.95 2.00    0.67
49         56        0            0        NA        NA 0.84 1.66    0.14
149        63        0            0        NA        NA 0.72 1.46    0.09
126        48        0            0        NA        NA 0.91 1.48    0.12
129        82        0            0        NA        NA 1.42 2.26    0.60
# 2026-01-26 01:10:21 -03: There is not enough budget to enforce the value of nbConfigurations, returning to default behaviour nbConfigurations:29.
# Iteration: 7
# nbIterations: 7
# experimentsUsed: 1556
# timeUsed: 0
# remainingBudget: 444
# currentBudget: 444
# number of elites: 5
# nbConfigurations: 29
# 2026-01-26 01:10:21 -03: Iteration 7 of 7
# experimentsUsed: 1556
# remainingBudget: 444
# currentBudget: 444
# nbConfigurations: 29
# Markers:
     x No test is performed.
     c Configurations are discarded only due to capping.
     - The test is performed and some configurations are discarded.
     = The test is performed but no configuration is discarded.
     ! The test is performed and configurations could be discarded but elite configurations are preserved.
     . All alive configurations are elite and nothing is discarded.

+-+-----------+-----------+-----------+----------------+-----------+--------+-----+----+------+
| |   Instance|      Alive|       Best|       Mean best| Exp so far|  W time|  rho|KenW|  Qvar|
+-+-----------+-----------+-----------+----------------+-----------+--------+-----+----+------+
|x|         18|         29|        190|     862.2243467|         29|00:01:50|   NA|  NA|    NA|
|x|         14|         29|        186|     35129.59196|         53|00:00:04|-0.58|0.21|1.5622|
|x|         13|         29|        172|     32422.38690|         77|00:00:04|-0.16|0.23|1.0927|
|x|          9|         29|        112|     24623.58918|        101|00:00:05|+0.03|0.27|0.9436|
|=|         16|         29|        112|     47093.17239|        125|00:00:04|-0.03|0.18|0.9721|
|=|          8|         29|        186|     24484.74258|        149|00:00:45|-0.03|0.14|0.9867|
|=|          5|         29|        186|     20988.87410|        173|00:00:04|-0.04|0.11|0.9993|
|=|          2|         29|         49|     20884.67392|        197|00:00:04|+0.01|0.13|0.9641|
|=|         11|         29|         49|     18564.58243|        221|00:00:04|+0.02|0.13|0.9581|
|=|         17|         29|        173|     24417.89848|        245|00:00:05|+0.00|0.10|0.9736|
|=|          1|         29|         49|     16754.48655|        269|00:00:04|+0.01|0.10|0.9551|
|=|         15|         29|         49|     15358.34688|        293|00:00:04|+0.02|0.10|0.9423|
|=|         12|         29|        173|     18803.48087|        317|00:00:04|+0.02|0.09|0.9415|
|=|          3|         29|        173|     21049.71616|        341|00:00:03|+0.01|0.08|0.9566|
|=|          6|         29|        173|     19646.44485|        365|00:00:03|+0.01|0.08|0.9529|
|=|          4|         29|         49|     15105.61066|        389|00:00:03|-0.00|0.06|0.9676|
|=|         10|         29|        173|     18321.60319|        413|00:00:05|-0.01|0.05|0.9733|
|=|          7|         29|        173|     17354.43154|        437|00:01:41|-0.01|0.05|0.9729|
+-+-----------+-----------+-----------+----------------+-----------+--------+-----+----+------+
Best-so-far configuration:         173    mean value:      17354.43154
Description of the best-so-far configuration:
    .ID. particles topology modInfluence branching tSchedule phi1 phi2 inertia
173  173        58        0            0        NA        NA 1.01 1.62    0.12
    .PARENT.
173       49

# 2026-01-26 01:15:44 -03: Elite configurations (first number is the configuration ID; listed from best to worst according to the sum of ranks):
    particles topology modInfluence branching tSchedule phi1 phi2 inertia
173        58        0            0        NA        NA 1.01 1.62    0.12
112        98        0            0        NA        NA 1.95 2.00    0.67
186        53        0            0        NA        NA 0.54 1.68    0.06
49         56        0            0        NA        NA 0.84 1.66    0.14
179        52        0            0        NA        NA 0.98 1.48    0.13
# 2026-01-26 01:15:44 -03: There is not enough budget to enforce the value of nbConfigurations, returning to default behaviour nbConfigurations:5.
# Iteration: 8
# nbIterations: 8
# experimentsUsed: 1993
# timeUsed: 0
# remainingBudget: 7
# currentBudget: 7
# number of elites: 5
# nbConfigurations: 5
# 2026-01-26 01:15:44 -03: Stopped because there is not enough budget left to race more than the minimum (5).
# You may either increase the budget or set 'minNbSurvival' to a lower value.
# Iteration: 8
# nbIterations: 8
# experimentsUsed: 1993
# timeUsed: 0
# remainingBudget: 7
# currentBudget: 7
# number of elites: 5
# nbConfigurations: 5
# Total CPU user time: 11371.53, CPU sys time: 103.693, Wall-clock time: 1700.476
# 2026-01-26 01:15:44 -03: Starting post-selection:
# Configurations selected: 173, 112, 186, 49, 179, 149, 126.
# Pending instances: 0, 0, 0, 0, 0, 0, 0.
# 2026-01-26 01:15:44 -03: seed: 1700359
# Configurations: 7
# Available experiments: 7
# minSurvival: 1
# Markers:
     x No test is performed.
     c Configurations are discarded only due to capping.
     - The test is performed and some configurations are discarded.
     = The test is performed but no configuration is discarded.
     ! The test is performed and configurations could be discarded but elite configurations are preserved.
     . All alive configurations are elite and nothing is discarded.

+-+-----------+-----------+-----------+----------------+-----------+--------+-----+----+------+
| |   Instance|      Alive|       Best|       Mean best| Exp so far|  W time|  rho|KenW|  Qvar|
+-+-----------+-----------+-----------+----------------+-----------+--------+-----+----+------+
|.|         18|          7|        112|     994.4227125|          0|00:00:00|   NA|  NA|    NA|
|.|          6|          7|        112|     497.7620738|          0|00:00:00|-0.29|0.36|1.2474|
|.|         14|          7|        112|     32729.23343|          0|00:00:00|+0.07|0.38|0.9364|
|.|          7|          7|        112|     24774.22547|          0|00:00:00|-0.12|0.16|0.9603|
|.|         16|          7|        112|     47213.68142|          0|00:00:00|-0.03|0.18|0.8726|
|.|          9|          7|        112|     39369.90762|          0|00:00:00|-0.02|0.15|0.8953|
|.|         13|          7|        112|     33768.02356|          0|00:00:00|-0.05|0.10|0.9074|
|.|          5|          7|        112|     29549.16919|          0|00:00:00|-0.07|0.07|0.8833|
|.|         11|          7|        112|     26266.35197|          0|00:00:00|-0.07|0.05|0.8966|
|.|         10|          7|        112|     25306.91633|          0|00:00:00|-0.04|0.06|0.8670|
|.|         15|          7|        112|     23006.37333|          0|00:00:00|-0.03|0.06|0.8502|
|.|          4|          7|        112|     21089.21081|          0|00:00:00|-0.01|0.07|0.8593|
|.|          1|          7|        112|     19478.23022|          0|00:00:00|-0.01|0.06|0.8534|
|.|          8|          7|        112|     18089.19086|          0|00:00:00|+0.01|0.08|0.8417|
|.|          2|          7|        112|     16891.77233|          0|00:00:00|-0.02|0.05|0.8578|
|.|         17|          7|        112|     16870.68274|          0|00:00:00|-0.02|0.05|0.8680|
|.|          3|          7|        112|     17382.28128|          0|00:00:00|-0.01|0.05|0.8759|
|.|         12|          7|        112|     16423.37853|          0|00:00:00|-0.02|0.04|0.8815|
|=|         19|          7|        173|     16449.23238|          7|00:00:01|-0.01|0.04|0.8803|
+-+-----------+-----------+-----------+----------------+-----------+--------+-----+----+------+
Best-so-far configuration:         173    mean value:      16449.23238
Description of the best-so-far configuration:
    .ID. particles topology modInfluence branching tSchedule phi1 phi2 inertia
173  173        58        0            0        NA        NA 1.01 1.62    0.12
    .PARENT.
173       49

# 2026-01-26 01:15:45 -03: Elite configurations (first number is the configuration ID; listed from best to worst according to the sum of ranks):
    particles topology modInfluence branching tSchedule phi1 phi2 inertia
173        58        0            0        NA        NA 1.01 1.62    0.12
112        98        0            0        NA        NA 1.95 2.00    0.67
179        52        0            0        NA        NA 0.98 1.48    0.13
186        53        0            0        NA        NA 0.54 1.68    0.06
49         56        0            0        NA        NA 0.84 1.66    0.14
# Total CPU user time: 11380.32, CPU sys time: 103.983, Wall-clock time: 1701.926
    .ID. particles topology modInfluence branching tSchedule phi1 phi2 inertia
173  173        58        0            0        NA        NA 1.01 1.62    0.12
112  112        98        0            0        NA        NA 1.95 2.00    0.67
179  179        52        0            0        NA        NA 0.98 1.48    0.13
186  186        53        0            0        NA        NA 0.54 1.68    0.06
49    49        56        0            0        NA        NA 0.84 1.66    0.14
    .PARENT. .RANK.   .WEIGHT.
173       49     65 0.33333333
112       50     68 0.26666667
179      126     74 0.20000000
186      149     74 0.13333333
49        29     77 0.06666667
