# 2026-01-18 04:11:13 -03: Reading parameter file '/home/pestobar/Activities/irace-executions/ACOTSP/Scenarios/BL-45/Runs/BL-45_seed_1100211/parameters.txt'.
# 2026-01-18 04:11:13 -03: 1 expression(s) specifying forbidden configurations read.
# 2026-01-18 04:11:14 -03: Initialization
# Elitist race
# Elitist new instances: 1
# Elitist limit: 2
# nbIterations: 5
# minNbSurvival: 5
# nbParameters: 11
# seed: 1100211
# confidence level: 0.95
# budget: 2750
# mu: 5
# deterministic: FALSE

# 2026-01-18 04:11:14 -03: Iteration 1 of 5
# experimentsUsed: 0
# remainingBudget: 2750
# currentBudget: 550
# nbConfigurations: 45
# Markers:
     x No test is performed.
     c Configurations are discarded only due to capping.
     - The test is performed and some configurations are discarded.
     = The test is performed but no configuration is discarded.
     ! The test is performed and configurations could be discarded but elite configurations are preserved.
     . All alive configurations are elite and nothing is discarded.

+-+-----------+-----------+-----------+----------------+-----------+--------+-----+----+------+
| |   Instance|      Alive|       Best|       Mean best| Exp so far|  W time|  rho|KenW|  Qvar|
+-+-----------+-----------+-----------+----------------+-----------+--------+-----+----+------+
|x|          1|         45|          1|     32832734.00|         45|00:02:43|   NA|  NA|    NA|
|x|          2|         45|          1|     32690045.00|         90|00:02:49|+0.97|0.99|0.0005|
|x|          3|         45|          1|     32704487.00|        135|00:03:11|+0.98|0.99|0.0006|
|x|          4|         45|          1|     32677491.75|        180|00:02:36|+0.98|0.98|0.0005|
|-|          5|          3|          1|     32718543.80|        225|00:03:15|+0.35|0.48|0.4018|
+-+-----------+-----------+-----------+----------------+-----------+--------+-----+----+------+
Best-so-far configuration:           1    mean value:      32718543.80
Description of the best-so-far configuration:
  .ID. algorithm localsearch alpha beta  rho ants q0 rasrank elitistants nnls
1    1       ras           3  2.69 2.81 0.48   31 NA       8          NA   21
  dlb .PARENT.
1   1       NA

# 2026-01-18 04:25:51 -03: Elite configurations (first number is the configuration ID; listed from best to worst according to the sum of ranks):
   algorithm localsearch alpha beta  rho ants  q0 rasrank elitistants nnls dlb
1        ras           3  2.69 2.81 0.48   31  NA       8          NA   21   1
15       acs           3  4.25 8.43 0.54   25 0.8      NA          NA   36   1
45      mmas           3  4.80 3.28 0.28   77  NA      NA          NA   46   1
# 2026-01-18 04:25:51 -03: Iteration 2 of 5
# experimentsUsed: 225
# remainingBudget: 2525
# currentBudget: 631
# nbConfigurations: 45
# Markers:
     x No test is performed.
     c Configurations are discarded only due to capping.
     - The test is performed and some configurations are discarded.
     = The test is performed but no configuration is discarded.
     ! The test is performed and configurations could be discarded but elite configurations are preserved.
     . All alive configurations are elite and nothing is discarded.

+-+-----------+-----------+-----------+----------------+-----------+--------+-----+----+------+
| |   Instance|      Alive|       Best|       Mean best| Exp so far|  W time|  rho|KenW|  Qvar|
+-+-----------+-----------+-----------+----------------+-----------+--------+-----+----+------+
|x|          6|         45|         68|     32467910.00|         45|00:03:03|   NA|  NA|    NA|
|x|          4|         45|         68|     32528419.50|         87|00:03:16|+0.95|0.98|0.0016|
|x|          1|         45|         68|     32641994.67|        129|00:02:39|+0.95|0.96|0.0036|
|x|          3|         45|          1|     32666028.50|        171|00:03:28|+0.94|0.96|0.0033|
|-|          2|          7|          1|     32642294.00|        213|00:03:52|+0.03|0.23|0.8457|
|=|          5|          7|          1|     32682370.33|        217|00:00:29|+0.04|0.20|0.9023|
|=|          7|          7|          1|     32679513.57|        224|00:00:33|+0.04|0.17|0.8847|
+-+-----------+-----------+-----------+----------------+-----------+--------+-----+----+------+
Best-so-far configuration:           1    mean value:      32679513.57
Description of the best-so-far configuration:
  .ID. algorithm localsearch alpha beta  rho ants q0 rasrank elitistants nnls
1    1       ras           3  2.69 2.81 0.48   31 NA       8          NA   21
  dlb .PARENT.
1   1       NA

# 2026-01-18 04:43:15 -03: Elite configurations (first number is the configuration ID; listed from best to worst according to the sum of ranks):
   algorithm localsearch alpha beta  rho ants   q0 rasrank elitistants nnls dlb
1        ras           3  2.69 2.81 0.48   31   NA       8          NA   21   1
74       acs           3  3.92 5.00 0.78   64 0.87      NA          NA   40   1
55       acs           3  4.65 4.91 0.76   64 0.14      NA          NA   18   1
68       acs           3  4.68 7.44 0.70    7 0.44      NA          NA   45   0
53       acs           3  3.26 6.74 0.47   16 0.72      NA          NA   35   1
# 2026-01-18 04:43:15 -03: Iteration 3 of 5
# experimentsUsed: 449
# remainingBudget: 2301
# currentBudget: 767
# nbConfigurations: 45
# Markers:
     x No test is performed.
     c Configurations are discarded only due to capping.
     - The test is performed and some configurations are discarded.
     = The test is performed but no configuration is discarded.
     ! The test is performed and configurations could be discarded but elite configurations are preserved.
     . All alive configurations are elite and nothing is discarded.

+-+-----------+-----------+-----------+----------------+-----------+--------+-----+----+------+
| |   Instance|      Alive|       Best|       Mean best| Exp so far|  W time|  rho|KenW|  Qvar|
+-+-----------+-----------+-----------+----------------+-----------+--------+-----+----+------+
|x|          8|         45|          1|     32873767.00|         45|00:04:02|   NA|  NA|    NA|
|x|          5|         45|          1|     32878259.50|         85|00:03:35|+0.87|0.94|0.0012|
|x|          7|         45|          1|     32806297.33|        125|00:03:43|+0.90|0.93|0.0011|
|x|          3|         45|          1|     32788065.75|        165|00:03:19|+0.87|0.90|0.0015|
|-|          1|          9|          1|     32796999.40|        205|00:03:03|+0.25|0.40|0.6567|
|-|          6|          8|         98|     32749093.67|        209|00:01:03|+0.25|0.38|0.6831|
|=|          2|          8|         98|     32717513.14|        212|00:00:58|+0.09|0.22|0.7391|
|=|          4|          8|         98|     32694118.25|        215|00:01:01|+0.11|0.22|0.7515|
|-|          9|          4|         98|     32679413.33|        223|00:01:37|-0.07|0.05|0.8089|
+-+-----------+-----------+-----------+----------------+-----------+--------+-----+----+------+
Best-so-far configuration:          98    mean value:      32679413.33
Description of the best-so-far configuration:
   .ID. algorithm localsearch alpha beta  rho ants   q0 rasrank elitistants
98   98       acs           3  3.03 5.98 0.58   63 0.36      NA          NA
   nnls dlb .PARENT.
98   25   1       74

# 2026-01-18 05:05:40 -03: Elite configurations (first number is the configuration ID; listed from best to worst according to the sum of ranks):
    algorithm localsearch alpha beta  rho ants   q0 rasrank elitistants nnls
98        acs           3  3.03 5.98 0.58   63 0.36      NA          NA   25
100       ras           3  2.45 1.43 0.39   48   NA       5          NA   31
114       acs           3  3.40 6.43 0.61   55 0.12      NA          NA    8
1         ras           3  2.69 2.81 0.48   31   NA       8          NA   21
    dlb
98    1
100   0
114   0
1     1
# 2026-01-18 05:05:40 -03: Iteration 4 of 5
# experimentsUsed: 672
# remainingBudget: 2078
# currentBudget: 1039
# nbConfigurations: 45
# Markers:
     x No test is performed.
     c Configurations are discarded only due to capping.
     - The test is performed and some configurations are discarded.
     = The test is performed but no configuration is discarded.
     ! The test is performed and configurations could be discarded but elite configurations are preserved.
     . All alive configurations are elite and nothing is discarded.

+-+-----------+-----------+-----------+----------------+-----------+--------+-----+----+------+
| |   Instance|      Alive|       Best|       Mean best| Exp so far|  W time|  rho|KenW|  Qvar|
+-+-----------+-----------+-----------+----------------+-----------+--------+-----+----+------+
|x|         10|         45|        142|     31984315.00|         45|00:03:26|   NA|  NA|    NA|
|x|          4|         45|        168|     32293966.00|         86|00:03:31|+0.86|0.93|0.0016|
|x|          1|         45|         98|     32493276.33|        127|00:03:40|+0.86|0.91|0.0013|
|x|          8|         45|          1|     32581937.75|        168|00:04:02|+0.85|0.89|0.0010|
|-|          7|         11|          1|     32598024.80|        209|00:03:47|-0.02|0.19|0.8904|
|=|          3|         11|        153|     32623374.67|        216|00:01:32|-0.03|0.14|0.9131|
|=|          9|         11|        153|     32604270.71|        223|00:02:06|-0.08|0.07|0.9572|
|=|          2|         11|        153|     32585338.75|        230|00:01:39|-0.06|0.08|0.9416|
|=|          6|         11|        153|     32581457.67|        237|00:01:27|-0.05|0.07|0.9344|
|=|          5|         11|        153|     32613109.40|        244|00:01:37|-0.05|0.06|0.9255|
|=|         11|         11|        153|     32645430.73|        255|00:01:54|-0.03|0.06|0.9210|
+-+-----------+-----------+-----------+----------------+-----------+--------+-----+----+------+
Best-so-far configuration:         153    mean value:      32645430.73
Description of the best-so-far configuration:
    .ID. algorithm localsearch alpha beta  rho ants   q0 rasrank elitistants
153  153       acs           3  3.05  5.7 0.84   62 0.36      NA          NA
    nnls dlb .PARENT.
153   27   1       98

# 2026-01-18 05:34:26 -03: Elite configurations (first number is the configuration ID; listed from best to worst according to the sum of ranks):
    algorithm localsearch alpha beta  rho ants   q0 rasrank elitistants nnls
153       acs           3  3.05 5.70 0.84   62 0.36      NA          NA   27
168       ras           3  2.72 0.72 0.31   33   NA      17          NA   36
142       acs           3  3.74 5.58 0.55   60 0.15      NA          NA   10
152       acs           3  2.47 7.46 0.75   58 0.31      NA          NA   12
132       ras           3  3.23 1.14 0.45   63   NA      17          NA   35
    dlb
153   1
168   0
142   0
152   0
132   0
# 2026-01-18 05:34:26 -03: Iteration 5 of 5
# experimentsUsed: 927
# remainingBudget: 1823
# currentBudget: 1823
# nbConfigurations: 45
# Markers:
     x No test is performed.
     c Configurations are discarded only due to capping.
     - The test is performed and some configurations are discarded.
     = The test is performed but no configuration is discarded.
     ! The test is performed and configurations could be discarded but elite configurations are preserved.
     . All alive configurations are elite and nothing is discarded.

+-+-----------+-----------+-----------+----------------+-----------+--------+-----+----+------+
| |   Instance|      Alive|       Best|       Mean best| Exp so far|  W time|  rho|KenW|  Qvar|
+-+-----------+-----------+-----------+----------------+-----------+--------+-----+----+------+
|x|         12|         45|        152|     32850913.00|         45|00:05:30|   NA|  NA|    NA|
|x|          1|         45|        181|     32848664.00|         85|00:04:45|+0.63|0.82|0.0001|
|x|          4|         45|        181|     32752979.67|        125|00:04:54|+0.56|0.71|0.0002|
|x|          6|         45|        199|     32673241.50|        165|00:04:47|+0.60|0.70|0.0002|
|-|          7|         23|        199|     32675079.60|        205|00:04:47|-0.09|0.13|1.0157|
|=|          9|         23|        199|     32652979.83|        223|00:01:56|-0.07|0.11|0.9965|
|=|         11|         23|        142|     32696946.29|        241|00:02:03|-0.03|0.11|0.9648|
|=|          5|         23|        168|     32722393.38|        259|00:02:16|+0.01|0.13|0.9314|
|=|          8|         23|        197|     32737910.56|        277|00:02:03|+0.02|0.13|0.9221|
|=|          3|         23|        197|     32732647.50|        295|00:01:58|+0.05|0.14|0.9072|
|=|          2|         23|        197|     32709102.45|        313|00:02:02|+0.03|0.12|0.9197|
|-|         10|         14|        197|     32654680.50|        331|00:02:11|-0.03|0.05|0.9311|
|=|         13|         14|        197|     32654491.31|        345|00:02:04|-0.01|0.07|0.9075|
|=|         14|         14|        197|     32666172.79|        359|00:02:02|-0.02|0.06|0.9028|
+-+-----------+-----------+-----------+----------------+-----------+--------+-----+----+------+
Best-so-far configuration:         197    mean value:      32666172.79
Description of the best-so-far configuration:
    .ID. algorithm localsearch alpha beta  rho ants   q0 rasrank elitistants
197  197       acs           3  3.82 6.01 0.38   61 0.16      NA          NA
    nnls dlb .PARENT.
197   16   0      142

# 2026-01-18 06:17:52 -03: Elite configurations (first number is the configuration ID; listed from best to worst according to the sum of ranks):
    algorithm localsearch alpha beta  rho ants   q0 rasrank elitistants nnls
197       acs           3  3.82 6.01 0.38   61 0.16      NA          NA   16
199       acs           3  2.99 9.08 0.73   54 0.42      NA          NA   12
142       acs           3  3.74 5.58 0.55   60 0.15      NA          NA   10
153       acs           3  3.05 5.70 0.84   62 0.36      NA          NA   27
169       acs           3  4.06 5.45 0.66   65 0.29      NA          NA    8
    dlb
197   0
199   0
142   0
153   1
169   0
# 2026-01-18 06:17:52 -03: Iteration 6 of 6
# experimentsUsed: 1286
# remainingBudget: 1464
# currentBudget: 1464
# nbConfigurations: 45
# Markers:
     x No test is performed.
     c Configurations are discarded only due to capping.
     - The test is performed and some configurations are discarded.
     = The test is performed but no configuration is discarded.
     ! The test is performed and configurations could be discarded but elite configurations are preserved.
     . All alive configurations are elite and nothing is discarded.

+-+-----------+-----------+-----------+----------------+-----------+--------+-----+----+------+
| |   Instance|      Alive|       Best|       Mean best| Exp so far|  W time|  rho|KenW|  Qvar|
+-+-----------+-----------+-----------+----------------+-----------+--------+-----+----+------+
|x|         15|         45|        225|     32817854.00|         45|00:02:16|   NA|  NA|    NA|
|x|         14|         45|        224|     32773712.00|         85|00:02:08|+0.37|0.69|0.3297|
|x|          7|         45|        224|     32723929.67|        125|00:01:57|+0.50|0.66|0.2685|
|x|         10|         45|        222|     32562592.00|        165|00:02:05|+0.48|0.61|0.2904|
|-|         13|         18|        222|     32588523.60|        205|00:02:04|-0.07|0.14|0.9994|
|=|          3|         18|        222|     32608712.17|        218|00:00:57|-0.08|0.10|1.0383|
|=|         12|         18|        222|     32641730.86|        231|00:00:51|-0.05|0.10|1.0058|
|=|         11|         18|        243|     32676813.38|        244|00:01:00|-0.03|0.10|0.9852|
|=|          5|         18|        222|     32697919.33|        257|00:00:48|-0.01|0.10|0.9659|
|=|          8|         18|        222|     32716496.60|        270|00:01:07|+0.02|0.12|0.9414|
|=|          2|         18|        243|     32690201.18|        283|00:00:51|+0.02|0.11|0.9480|
|=|          4|         18|        243|     32678044.33|        296|00:00:47|-0.00|0.08|0.9614|
|=|          6|         18|        243|     32666014.46|        309|00:00:56|-0.01|0.06|0.9653|
|=|          9|         18|        243|     32655157.43|        322|00:00:57|+0.00|0.08|0.9516|
|=|          1|         18|        243|     32667578.27|        335|00:00:54|-0.00|0.07|0.9483|
|=|         16|         18|        243|     32669114.94|        353|00:00:50|+0.00|0.07|0.9434|
+-+-----------+-----------+-----------+----------------+-----------+--------+-----+----+------+
Best-so-far configuration:         243    mean value:      32669114.94
Description of the best-so-far configuration:
    .ID. algorithm localsearch alpha beta  rho ants   q0 rasrank elitistants
243  243       acs           3  3.48 8.29 0.65   61 0.34      NA          NA
    nnls dlb .PARENT.
243    8   0      199

# 2026-01-18 06:38:28 -03: Elite configurations (first number is the configuration ID; listed from best to worst according to the sum of ranks):
    algorithm localsearch alpha beta  rho ants   q0 rasrank elitistants nnls
243       acs           3  3.48 8.29 0.65   61 0.34      NA          NA    8
244       acs           3  4.15 6.21 0.34   57 0.14      NA          NA   15
246       acs           3  4.80 6.11 0.34   65 0.25      NA          NA   19
222       acs           3  4.24 6.27 0.58   69 0.38      NA          NA   11
214       acs           3  4.32 3.92 0.45   65 0.25      NA          NA   12
    dlb
243   0
244   0
246   0
222   0
214   0
# 2026-01-18 06:38:28 -03: Iteration 7 of 7
# experimentsUsed: 1639
# remainingBudget: 1111
# currentBudget: 1111
# nbConfigurations: 45
# Markers:
     x No test is performed.
     c Configurations are discarded only due to capping.
     - The test is performed and some configurations are discarded.
     = The test is performed but no configuration is discarded.
     ! The test is performed and configurations could be discarded but elite configurations are preserved.
     . All alive configurations are elite and nothing is discarded.

+-+-----------+-----------+-----------+----------------+-----------+--------+-----+----+------+
| |   Instance|      Alive|       Best|       Mean best| Exp so far|  W time|  rho|KenW|  Qvar|
+-+-----------+-----------+-----------+----------------+-----------+--------+-----+----+------+
|x|         17|         45|        275|     32591063.00|         45|00:02:44|   NA|  NA|    NA|
|x|          6|         45|        275|     32529497.50|         85|00:02:44|+0.45|0.73|0.3281|
|x|         10|         45|        243|     32409830.00|        125|00:02:08|+0.47|0.65|0.3202|
|x|          2|         45|        243|     32415623.75|        165|00:02:04|+0.51|0.63|0.3295|
|-|         14|         23|        288|     32492616.60|        205|00:02:00|-0.14|0.09|1.0951|
|=|         13|         23|        243|     32513974.83|        223|00:00:49|-0.09|0.09|1.0580|
|=|          8|         23|        288|     32576587.86|        241|00:00:56|-0.03|0.11|1.0061|
|=|          4|         23|        288|     32567696.50|        259|00:00:49|+0.02|0.14|0.9640|
|=|          9|         23|        288|     32559901.00|        277|00:00:53|+0.04|0.15|0.9389|
|=|         16|         23|        288|     32576320.20|        295|00:00:50|+0.03|0.12|0.9527|
|=|          1|         23|        243|     32599808.82|        313|00:00:49|+0.03|0.12|0.9373|
|=|         11|         23|        243|     32626148.75|        331|00:00:49|+0.05|0.13|0.9252|
|-|         15|         14|        243|     32641856.62|        349|00:00:47|-0.02|0.06|0.9538|
|=|          7|         14|        244|     32642921.79|        358|00:00:23|-0.01|0.06|0.9422|
|=|          5|         14|        243|     32655199.73|        367|00:00:24|-0.02|0.05|0.9503|
|=|         12|         14|        243|     32665841.19|        376|00:00:28|-0.01|0.06|0.9398|
|=|          3|         14|        243|     32668713.00|        385|00:00:30|-0.00|0.06|0.9315|
|=|         18|         14|        243|     32681424.94|        399|00:00:42|-0.00|0.05|0.9301|
+-+-----------+-----------+-----------+----------------+-----------+--------+-----+----+------+
Best-so-far configuration:         243    mean value:      32681424.94
Description of the best-so-far configuration:
    .ID. algorithm localsearch alpha beta  rho ants   q0 rasrank elitistants
243  243       acs           3  3.48 8.29 0.65   61 0.34      NA          NA
    nnls dlb .PARENT.
243    8   0      199

# 2026-01-18 06:59:28 -03: Elite configurations (first number is the configuration ID; listed from best to worst according to the sum of ranks):
    algorithm localsearch alpha beta  rho ants   q0 rasrank elitistants nnls
243       acs           3  3.48 8.29 0.65   61 0.34      NA          NA    8
222       acs           3  4.24 6.27 0.58   69 0.38      NA          NA   11
244       acs           3  4.15 6.21 0.34   57 0.14      NA          NA   15
246       acs           3  4.80 6.11 0.34   65 0.25      NA          NA   19
288       acs           3  3.70 9.25 0.55   59 0.32      NA          NA    8
    dlb
243   0
222   0
244   0
246   0
288   0
# 2026-01-18 06:59:28 -03: There is not enough budget to enforce the value of nbConfigurations, returning to default behaviour nbConfigurations:42.
# Iteration: 8
# nbIterations: 8
# experimentsUsed: 2038
# timeUsed: 0
# remainingBudget: 712
# currentBudget: 712
# number of elites: 5
# nbConfigurations: 42
# 2026-01-18 06:59:28 -03: Iteration 8 of 8
# experimentsUsed: 2038
# remainingBudget: 712
# currentBudget: 712
# nbConfigurations: 42
# Markers:
     x No test is performed.
     c Configurations are discarded only due to capping.
     - The test is performed and some configurations are discarded.
     = The test is performed but no configuration is discarded.
     ! The test is performed and configurations could be discarded but elite configurations are preserved.
     . All alive configurations are elite and nothing is discarded.

+-+-----------+-----------+-----------+----------------+-----------+--------+-----+----+------+
| |   Instance|      Alive|       Best|       Mean best| Exp so far|  W time|  rho|KenW|  Qvar|
+-+-----------+-----------+-----------+----------------+-----------+--------+-----+----+------+
|x|         19|         42|        306|     32558204.00|         42|00:01:39|   NA|  NA|    NA|
|x|         17|         42|        299|     32608957.00|         79|00:01:36|-0.05|0.48|1.0004|
|x|         14|         42|        320|     32654498.67|        116|00:01:39|+0.01|0.34|0.9560|
|x|         12|         42|        320|     32708818.75|        153|00:01:31|+0.02|0.26|0.9606|
|=|         15|         42|        222|     32738573.20|        190|00:01:39|+0.03|0.23|0.9497|
|=|         10|         42|        320|     32627636.50|        227|00:01:29|+0.04|0.20|0.9296|
|=|          1|         42|        222|     32663600.14|        264|00:01:35|+0.05|0.18|0.9163|
|=|         18|         42|        222|     32687658.62|        301|00:01:43|+0.05|0.17|0.9118|
|-|          3|         34|        222|     32690102.67|        338|00:01:28|-0.07|0.05|1.0408|
|=|          2|         34|        302|     32669206.20|        367|00:01:09|-0.05|0.05|1.0258|
|=|         13|         34|        302|     32665880.55|        396|00:01:17|-0.04|0.05|1.0119|
|=|          5|         34|        243|     32681498.42|        425|00:01:10|-0.03|0.05|1.0053|
|=|          8|         34|        243|     32700004.54|        454|00:01:15|-0.02|0.06|0.9966|
|=|         11|         34|        243|     32715424.79|        483|00:01:07|-0.01|0.06|0.9805|
|=|          4|         34|        306|     32701173.47|        512|00:01:13|+0.00|0.07|0.9735|
|=|          7|         34|        306|     32699203.88|        541|00:01:07|+0.01|0.07|0.9636|
|=|         16|         34|        306|     32694539.65|        570|00:01:04|+0.02|0.08|0.9567|
|=|          6|         34|        306|     32688167.06|        599|00:01:23|+0.02|0.07|0.9539|
|-|          9|         24|        306|     32678303.42|        628|00:01:12|-0.02|0.03|0.9760|
|=|         20|         24|        302|     32671622.60|        652|00:00:56|-0.02|0.03|0.9705|
|=|         21|         24|        302|     32671374.19|        676|00:00:53|-0.01|0.03|0.9662|
+-+-----------+-----------+-----------+----------------+-----------+--------+-----+----+------+
Best-so-far configuration:         302    mean value:      32671374.19
Description of the best-so-far configuration:
    .ID. algorithm localsearch alpha beta  rho ants   q0 rasrank elitistants
302  302       acs           3  4.57 5.63 0.23   58 0.14      NA          NA
    nnls dlb .PARENT.
302   15   0      244

# 2026-01-18 07:27:44 -03: Elite configurations (first number is the configuration ID; listed from best to worst according to the sum of ranks):
    algorithm localsearch alpha beta  rho ants   q0 rasrank elitistants nnls
302       acs           3  4.57 5.63 0.23   58 0.14      NA          NA   15
288       acs           3  3.70 9.25 0.55   59 0.32      NA          NA    8
296       acs           3  4.54 6.41 0.62   67 0.47      NA          NA   10
306       acs           3  4.13 6.25 0.58   68 0.46      NA          NA   13
243       acs           3  3.48 8.29 0.65   61 0.34      NA          NA    8
    dlb
302   0
288   0
296   0
306   0
243   0
# 2026-01-18 07:27:44 -03: There is not enough budget to enforce the value of nbConfigurations, returning to default behaviour nbConfigurations:6.
# Iteration: 9
# nbIterations: 9
# experimentsUsed: 2714
# timeUsed: 0
# remainingBudget: 36
# currentBudget: 36
# number of elites: 5
# nbConfigurations: 6
# 2026-01-18 07:27:44 -03: Iteration 9 of 9
# experimentsUsed: 2714
# remainingBudget: 36
# currentBudget: 36
# nbConfigurations: 6
# Markers:
     x No test is performed.
     c Configurations are discarded only due to capping.
     - The test is performed and some configurations are discarded.
     = The test is performed but no configuration is discarded.
     ! The test is performed and configurations could be discarded but elite configurations are preserved.
     . All alive configurations are elite and nothing is discarded.

+-+-----------+-----------+-----------+----------------+-----------+--------+-----+----+------+
| |   Instance|      Alive|       Best|       Mean best| Exp so far|  W time|  rho|KenW|  Qvar|
+-+-----------+-----------+-----------+----------------+-----------+--------+-----+----+------+
|x|         22|          6|        326|     32792729.00|          6|00:00:22|   NA|  NA|    NA|
|x|          7|          6|        302|     32702534.50|          7|00:00:13|+0.14|0.57|0.5963|
|x|         21|          6|        302|     32690491.67|          8|00:00:12|+0.10|0.40|0.8512|
|x|          5|          6|        288|     32751002.00|          9|00:00:14|-0.21|0.09|1.0025|
|=|          8|          6|        326|     32763183.40|         10|00:00:15|-0.12|0.10|0.9295|
|=|          2|          6|        288|     32724842.33|         11|00:00:13|-0.09|0.09|0.8757|
|=|         17|          6|        288|     32722303.71|         12|00:00:13|-0.11|0.05|0.9047|
|=|         19|          6|        288|     32705057.38|         13|00:00:13|-0.10|0.04|0.9156|
|=|          4|          6|        288|     32682879.56|         14|00:00:13|-0.06|0.05|0.8952|
|=|          6|          6|        288|     32663413.60|         15|00:00:15|-0.07|0.04|0.8940|
|=|          3|          6|        288|     32667781.27|         16|00:00:12|-0.05|0.04|0.8944|
|=|         12|          6|        288|     32688193.17|         17|00:00:13|-0.05|0.04|0.8837|
|=|         11|          6|        288|     32705786.62|         18|00:00:13|-0.04|0.04|0.8774|
|=|         14|          6|        288|     32710165.64|         19|00:00:13|-0.05|0.02|0.8828|
|=|          9|          6|        288|     32695990.40|         20|00:00:13|-0.04|0.03|0.8737|
|=|         15|          6|        288|     32705927.00|         21|00:00:14|-0.05|0.02|0.8728|
|=|         20|          6|        288|     32694510.00|         22|00:00:15|-0.04|0.02|0.8692|
|=|         13|          6|        288|     32693191.44|         23|00:00:14|-0.05|0.01|0.8702|
|=|         10|          6|        288|     32659755.47|         24|00:00:12|-0.04|0.01|0.8657|
|=|         18|          6|        302|     32669534.60|         25|00:00:14|-0.04|0.02|0.8628|
|=|         16|          6|        302|     32670421.14|         26|00:00:11|-0.04|0.01|0.8652|
|=|          1|          6|        302|     32678622.59|         27|00:00:12|-0.04|0.01|0.8669|
|=|         23|          6|        302|     32693272.96|         33|00:00:21|-0.04|0.01|0.8678|
+-+-----------+-----------+-----------+----------------+-----------+--------+-----+----+------+
Best-so-far configuration:         302    mean value:      32693272.96
Description of the best-so-far configuration:
    .ID. algorithm localsearch alpha beta  rho ants   q0 rasrank elitistants
302  302       acs           3  4.57 5.63 0.23   58 0.14      NA          NA
    nnls dlb .PARENT.
302   15   0      244

# 2026-01-18 07:33:16 -03: Elite configurations (first number is the configuration ID; listed from best to worst according to the sum of ranks):
    algorithm localsearch alpha beta  rho ants   q0 rasrank elitistants nnls
302       acs           3  4.57 5.63 0.23   58 0.14      NA          NA   15
296       acs           3  4.54 6.41 0.62   67 0.47      NA          NA   10
288       acs           3  3.70 9.25 0.55   59 0.32      NA          NA    8
306       acs           3  4.13 6.25 0.58   68 0.46      NA          NA   13
326       acs           3  3.39 9.46 0.49   52 0.41      NA          NA    9
    dlb
302   0
296   0
288   0
306   0
326   0
# 2026-01-18 07:33:16 -03: There is not enough budget to enforce the value of nbConfigurations, returning to default behaviour nbConfigurations:5.
# Iteration: 10
# nbIterations: 10
# experimentsUsed: 2747
# timeUsed: 0
# remainingBudget: 3
# currentBudget: 3
# number of elites: 5
# nbConfigurations: 5
# 2026-01-18 07:33:16 -03: Stopped because there is not enough budget left to race more than the minimum (5).
# You may either increase the budget or set 'minNbSurvival' to a lower value.
# Iteration: 10
# nbIterations: 10
# experimentsUsed: 2747
# timeUsed: 0
# remainingBudget: 3
# currentBudget: 3
# number of elites: 5
# nbConfigurations: 5
# Total CPU user time: 83963.47, CPU sys time: 528.856, Wall-clock time: 12122.32
# 2026-01-18 07:33:16 -03: Starting post-selection:
# Configurations selected: 302, 296, 288.
# Pending instances: 0, 0, 0.
# 2026-01-18 07:33:16 -03: seed: 1100211
# Configurations: 3
# Available experiments: 3
# minSurvival: 1
# Markers:
     x No test is performed.
     c Configurations are discarded only due to capping.
     - The test is performed and some configurations are discarded.
     = The test is performed but no configuration is discarded.
     ! The test is performed and configurations could be discarded but elite configurations are preserved.
     . All alive configurations are elite and nothing is discarded.

+-+-----------+-----------+-----------+----------------+-----------+--------+-----+----+------+
| |   Instance|      Alive|       Best|       Mean best| Exp so far|  W time|  rho|KenW|  Qvar|
+-+-----------+-----------+-----------+----------------+-----------+--------+-----+----+------+
|.|          8|          3|        288|     32902256.00|          0|00:00:00|   NA|  NA|    NA|
|.|          2|          3|        288|     32672523.00|          0|00:00:00|+0.50|0.75|0.7554|
|.|          3|          3|        288|     32685501.33|          0|00:00:00|+0.17|0.44|0.6503|
|.|         19|          3|        288|     32660209.25|          0|00:00:00|-0.08|0.19|0.7778|
|.|         10|          3|        288|     32539749.00|          0|00:00:00|-0.05|0.16|0.7080|
|.|         12|          3|        288|     32601911.50|          0|00:00:00|+0.10|0.25|0.6120|
|.|          5|          3|        288|     32637761.29|          0|00:00:00|+0.14|0.27|0.6223|
|.|         23|          3|        288|     32680664.38|          0|00:00:00|+0.07|0.19|0.6329|
|.|         18|          3|        288|     32701784.89|          0|00:00:00|-0.03|0.09|0.6979|
|.|          7|          3|        288|     32695113.00|          0|00:00:00|-0.01|0.09|0.6943|
|.|         15|          3|        288|     32709646.00|          0|00:00:00|+0.02|0.11|0.6721|
|.|         11|          3|        288|     32726917.83|          0|00:00:00|-0.02|0.06|0.6884|
|.|         22|          3|        288|     32740939.62|          0|00:00:00|-0.04|0.04|0.6977|
|.|         20|          3|        288|     32724575.21|          0|00:00:00|-0.01|0.06|0.6823|
|.|          9|          3|        288|     32709439.33|          0|00:00:00|-0.04|0.03|0.6981|
|.|         16|          3|        288|     32710355.19|          0|00:00:00|-0.05|0.01|0.7018|
|.|         13|          3|        288|     32708027.00|          0|00:00:00|-0.04|0.02|0.6887|
|.|         17|          3|        288|     32707973.94|          0|00:00:00|-0.05|0.01|0.6986|
|.|          1|          3|        288|     32719468.74|          0|00:00:00|-0.05|0.00|0.6974|
|.|         14|          3|        288|     32721849.95|          0|00:00:00|-0.05|0.00|0.6941|
|.|         21|          3|        288|     32716375.24|          0|00:00:00|-0.05|0.00|0.6977|
|.|          6|          3|        288|     32706004.55|          0|00:00:00|-0.05|0.00|0.6946|
|.|          4|          3|        288|     32697285.09|          0|00:00:00|-0.04|0.01|0.6933|
|=|         24|          3|        302|     32692154.58|          3|00:00:21|-0.04|0.01|0.6880|
+-+-----------+-----------+-----------+----------------+-----------+--------+-----+----+------+
Best-so-far configuration:         302    mean value:      32692154.58
Description of the best-so-far configuration:
    .ID. algorithm localsearch alpha beta  rho ants   q0 rasrank elitistants
302  302       acs           3  4.57 5.63 0.23   58 0.14      NA          NA
    nnls dlb .PARENT.
302   15   0      244

# 2026-01-18 07:33:38 -03: Elite configurations (first number is the configuration ID; listed from best to worst according to the sum of ranks):
    algorithm localsearch alpha beta  rho ants   q0 rasrank elitistants nnls
302       acs           3  4.57 5.63 0.23   58 0.14      NA          NA   15
288       acs           3  3.70 9.25 0.55   59 0.32      NA          NA    8
296       acs           3  4.54 6.41 0.62   67 0.47      NA          NA   10
    dlb
302   0
288   0
296   0
# Total CPU user time: 84015.85, CPU sys time: 529.244, Wall-clock time: 12144.09
    .ID. algorithm localsearch alpha beta  rho ants   q0 rasrank elitistants
302  302       acs           3  4.57 5.63 0.23   58 0.14      NA          NA
288  288       acs           3  3.70 9.25 0.55   59 0.32      NA          NA
296  296       acs           3  4.54 6.41 0.62   67 0.47      NA          NA
    nnls dlb .PARENT. .RANK.  .WEIGHT.
302   15   0      244     46 0.5000000
288    8   0      243     48 0.3333333
296   10   0      222     50 0.1666667
