# 2026-01-20 22:11:13 -03: Reading parameter file '/home/pestobar/Activities/irace-executions/ACOTSP/Scenarios/BH/Runs/BH_seed_1400299/parameters.txt'.
# 2026-01-20 22:11:13 -03: 1 expression(s) specifying forbidden configurations read.
# 2026-01-20 22:11:13 -03: Initialization
# Elitist race
# Elitist new instances: 1
# Elitist limit: 2
# nbIterations: 5
# minNbSurvival: 5
# nbParameters: 11
# seed: 1400299
# confidence level: 0.95
# budget: 5500
# mu: 5
# deterministic: FALSE

# 2026-01-20 22:11:13 -03: Iteration 1 of 5
# experimentsUsed: 0
# remainingBudget: 5500
# currentBudget: 1100
# nbConfigurations: 183
# Markers:
     x No test is performed.
     c Configurations are discarded only due to capping.
     - The test is performed and some configurations are discarded.
     = The test is performed but no configuration is discarded.
     ! The test is performed and configurations could be discarded but elite configurations are preserved.
     . All alive configurations are elite and nothing is discarded.

+-+-----------+-----------+-----------+----------------+-----------+--------+-----+----+------+
| |   Instance|      Alive|       Best|       Mean best| Exp so far|  W time|  rho|KenW|  Qvar|
+-+-----------+-----------+-----------+----------------+-----------+--------+-----+----+------+
|x|          1|        183|         36|     32273829.00|        183|00:09:31|   NA|  NA|    NA|
|x|          2|        183|        138|     32331108.00|        366|00:09:07|+0.98|0.99|0.0013|
|x|          3|        183|        138|     32597981.00|        549|00:09:25|+0.98|0.99|0.0013|
|x|          4|        183|        138|     32541898.25|        732|00:09:46|+0.98|0.99|0.0015|
|-|          5|          8|        138|     32547630.60|        915|00:09:11|+0.48|0.59|0.5264|
|-|          6|          3|        138|     32593145.33|        923|00:02:05|+0.23|0.36|0.5164|
+-+-----------+-----------+-----------+----------------+-----------+--------+-----+----+------+
Best-so-far configuration:         138    mean value:      32593145.33
Description of the best-so-far configuration:
    .ID. algorithm localsearch alpha beta  rho ants   q0 rasrank elitistants
138  138       acs           3   3.5 9.04 0.23   49 0.32      NA          NA
    nnls dlb .PARENT.
138   39   0       NA

# 2026-01-20 23:00:21 -03: Elite configurations (first number is the configuration ID; listed from best to worst according to the sum of ranks):
    algorithm localsearch alpha beta  rho ants   q0 rasrank elitistants nnls
138       acs           3  3.50 9.04 0.23   49 0.32      NA          NA   39
127       ras           3  2.90 0.72 0.82   94   NA       9          NA   46
155      mmas           3  4.28 6.23 0.27   28   NA      NA          NA   34
    dlb
138   0
127   0
155   1
# 2026-01-20 23:00:21 -03: Iteration 2 of 5
# experimentsUsed: 923
# remainingBudget: 4577
# currentBudget: 1144
# nbConfigurations: 166
# Markers:
     x No test is performed.
     c Configurations are discarded only due to capping.
     - The test is performed and some configurations are discarded.
     = The test is performed but no configuration is discarded.
     ! The test is performed and configurations could be discarded but elite configurations are preserved.
     . All alive configurations are elite and nothing is discarded.

+-+-----------+-----------+-----------+----------------+-----------+--------+-----+----+------+
| |   Instance|      Alive|       Best|       Mean best| Exp so far|  W time|  rho|KenW|  Qvar|
+-+-----------+-----------+-----------+----------------+-----------+--------+-----+----+------+
|x|          7|        166|        197|     32872606.00|        166|00:10:40|   NA|  NA|    NA|
|x|          1|        166|        127|     32619967.00|        329|00:10:10|+0.96|0.98|0.0021|
|x|          5|        166|        127|     32598958.00|        492|00:10:04|+0.96|0.98|0.0021|
|x|          2|        166|        127|     32544209.00|        655|00:10:07|+0.95|0.96|0.0022|
|-|          6|         15|        127|     32573810.80|        818|00:10:32|+0.30|0.44|0.6841|
|-|          3|          7|        127|     32675492.17|        830|00:01:18|+0.05|0.21|0.7832|
|=|          4|          7|        326|     32624585.71|        834|00:00:48|+0.11|0.23|0.7479|
|-|          8|          5|        326|     32596822.50|        841|00:01:58|+0.03|0.15|0.7958|
+-+-----------+-----------+-----------+----------------+-----------+--------+-----+----+------+
Best-so-far configuration:         326    mean value:      32596822.50
Description of the best-so-far configuration:
    .ID. algorithm localsearch alpha beta  rho ants  q0 rasrank elitistants
326  326       acs           3  3.92 9.51 0.07   35 0.7      NA          NA
    nnls dlb .PARENT.
326   30   0      138

# 2026-01-20 23:56:02 -03: Elite configurations (first number is the configuration ID; listed from best to worst according to the sum of ranks):
    algorithm localsearch alpha beta  rho ants   q0 rasrank elitistants nnls
326       acs           3  3.92 9.51 0.07   35 0.70      NA          NA   30
127       ras           3  2.90 0.72 0.82   94   NA       9          NA   46
138       acs           3  3.50 9.04 0.23   49 0.32      NA          NA   39
252       acs           3  3.31 7.11 0.25   20 0.27      NA          NA   33
323       ras           3  3.35 1.79 0.70   59   NA      31          NA   34
    dlb
326   0
127   0
138   0
252   1
323   1
# 2026-01-20 23:56:02 -03: Iteration 3 of 5
# experimentsUsed: 1764
# remainingBudget: 3736
# currentBudget: 1245
# nbConfigurations: 142
# Markers:
     x No test is performed.
     c Configurations are discarded only due to capping.
     - The test is performed and some configurations are discarded.
     = The test is performed but no configuration is discarded.
     ! The test is performed and configurations could be discarded but elite configurations are preserved.
     . All alive configurations are elite and nothing is discarded.

+-+-----------+-----------+-----------+----------------+-----------+--------+-----+----+------+
| |   Instance|      Alive|       Best|       Mean best| Exp so far|  W time|  rho|KenW|  Qvar|
+-+-----------+-----------+-----------+----------------+-----------+--------+-----+----+------+
|x|          9|        142|        381|     32946661.00|        142|00:14:00|   NA|  NA|    NA|
|x|          7|        142|        347|     32927668.50|        279|00:12:53|+0.94|0.97|0.0011|
|x|          5|        142|        433|     32827826.00|        416|00:12:41|+0.88|0.92|0.0022|
|x|          3|        142|        400|     32888886.50|        553|00:12:53|+0.89|0.92|0.0018|
|-|          8|         22|        326|     32801480.20|        690|00:13:21|-0.02|0.19|1.0149|
|=|          6|         22|        326|     32792165.00|        707|00:03:34|-0.00|0.16|1.0052|
|=|          1|         22|        433|     32725051.43|        724|00:02:58|-0.00|0.14|0.9890|
|=|          4|         22|        433|     32678784.75|        741|00:03:48|-0.01|0.11|0.9871|
|=|          2|         22|        326|     32643045.89|        758|00:03:21|-0.01|0.10|0.9708|
|=|         10|         22|        326|     32631913.00|        780|00:03:38|-0.00|0.10|0.9598|
+-+-----------+-----------+-----------+----------------+-----------+--------+-----+----+------+
Best-so-far configuration:         326    mean value:      32631913.00
Description of the best-so-far configuration:
    .ID. algorithm localsearch alpha beta  rho ants  q0 rasrank elitistants
326  326       acs           3  3.92 9.51 0.07   35 0.7      NA          NA
    nnls dlb .PARENT.
326   30   0      138

# 2026-01-21 01:19:14 -03: Elite configurations (first number is the configuration ID; listed from best to worst according to the sum of ranks):
    algorithm localsearch alpha beta  rho ants   q0 rasrank elitistants nnls
326       acs           3  3.92 9.51 0.07   35 0.70      NA          NA   30
443       acs           3  4.97 8.21 0.22   59 0.67      NA          NA   20
127       ras           3  2.90 0.72 0.82   94   NA       9          NA   46
391       acs           3  2.68 7.44 0.43   50 0.56      NA          NA   28
433       acs           3  3.40 8.21 0.26   32 0.59      NA          NA   35
    dlb
326   0
443   0
127   0
391   0
433   0
# 2026-01-21 01:19:14 -03: Iteration 4 of 5
# experimentsUsed: 2544
# remainingBudget: 2956
# currentBudget: 1478
# nbConfigurations: 138
# Markers:
     x No test is performed.
     c Configurations are discarded only due to capping.
     - The test is performed and some configurations are discarded.
     = The test is performed but no configuration is discarded.
     ! The test is performed and configurations could be discarded but elite configurations are preserved.
     . All alive configurations are elite and nothing is discarded.

+-+-----------+-----------+-----------+----------------+-----------+--------+-----+----+------+
| |   Instance|      Alive|       Best|       Mean best| Exp so far|  W time|  rho|KenW|  Qvar|
+-+-----------+-----------+-----------+----------------+-----------+--------+-----+----+------+
|x|         11|        138|        518|     32584045.00|        138|00:15:54|   NA|  NA|    NA|
|x|         10|        138|        557|     32566186.00|        271|00:14:52|+0.78|0.89|0.0021|
|x|          5|        138|        557|     32554676.33|        404|00:14:27|+0.78|0.85|0.0020|
|x|          9|        138|        518|     32667818.50|        537|00:14:58|+0.77|0.83|0.0017|
|-|          8|         34|        518|     32622057.40|        670|00:14:22|-0.09|0.13|1.0531|
|=|          1|         34|        518|     32570686.17|        699|00:03:37|-0.09|0.09|1.0525|
|=|          6|         34|        518|     32589966.29|        728|00:03:09|-0.04|0.11|1.0071|
|=|          4|         34|        518|     32561114.88|        757|00:03:41|-0.01|0.12|0.9761|
|=|          7|         34|        518|     32605560.67|        786|00:03:10|+0.01|0.12|0.9593|
|=|          2|         34|        518|     32579327.50|        815|00:03:09|+0.04|0.13|0.9230|
|=|          3|         34|        326|     32632432.18|        844|00:03:10|+0.04|0.13|0.9084|
|-|         12|         25|        518|     32629804.75|        878|00:03:33|-0.04|0.04|0.9817|
|=|         13|         25|        518|     32614471.38|        903|00:03:31|-0.04|0.04|0.9781|
|=|         14|         25|        485|     32607602.71|        928|00:03:30|-0.03|0.04|0.9750|
+-+-----------+-----------+-----------+----------------+-----------+--------+-----+----+------+
Best-so-far configuration:         485    mean value:      32607602.71
Description of the best-so-far configuration:
    .ID. algorithm localsearch alpha beta  rho ants   q0 rasrank elitistants
485  485       acs           3  4.31 9.61 0.15   46 0.54      NA          NA
    nnls dlb .PARENT.
485   15   0      443

# 2026-01-21 03:04:25 -03: Elite configurations (first number is the configuration ID; listed from best to worst according to the sum of ranks):
    algorithm localsearch alpha beta  rho ants   q0 rasrank elitistants nnls
485       acs           3  4.31 9.61 0.15   46 0.54      NA          NA   15
531       acs           3  2.56 8.03 0.07   22 0.82      NA          NA   34
391       acs           3  2.68 7.44 0.43   50 0.56      NA          NA   28
443       acs           3  4.97 8.21 0.22   59 0.67      NA          NA   20
616       acs           3  4.37 7.09 0.18   53 0.74      NA          NA   18
    dlb
485   0
531   0
391   0
443   0
616   0
# 2026-01-21 03:04:25 -03: Iteration 5 of 5
# experimentsUsed: 3472
# remainingBudget: 2028
# currentBudget: 2028
# nbConfigurations: 139
# Markers:
     x No test is performed.
     c Configurations are discarded only due to capping.
     - The test is performed and some configurations are discarded.
     = The test is performed but no configuration is discarded.
     ! The test is performed and configurations could be discarded but elite configurations are preserved.
     . All alive configurations are elite and nothing is discarded.

+-+-----------+-----------+-----------+----------------+-----------+--------+-----+----+------+
| |   Instance|      Alive|       Best|       Mean best| Exp so far|  W time|  rho|KenW|  Qvar|
+-+-----------+-----------+-----------+----------------+-----------+--------+-----+----+------+
|x|         15|        139|        643|     32777128.00|        139|00:12:52|   NA|  NA|    NA|
|x|          7|        139|        729|     32828192.50|        273|00:11:52|+0.55|0.77|0.0067|
|x|         11|        139|        729|     32733476.33|        407|00:12:07|+0.64|0.76|0.0067|
|x|         12|        139|        729|     32700897.75|        541|00:11:30|+0.62|0.71|0.0097|
|-|          9|         29|        729|     32767734.20|        675|00:11:58|-0.06|0.16|0.9690|
|=|         14|         29|        729|     32727517.83|        699|00:01:19|-0.01|0.16|0.9365|
|=|          3|         29|        729|     32773101.57|        723|00:01:28|+0.04|0.18|0.9134|
|=|          2|         29|        729|     32716235.12|        747|00:01:25|+0.04|0.16|0.9127|
|=|          4|         29|        729|     32677352.89|        771|00:01:35|+0.02|0.13|0.9329|
|=|          5|         29|        729|     32662828.50|        795|00:01:30|+0.03|0.13|0.9240|
|=|          8|         29|        729|     32641649.45|        819|00:01:22|+0.04|0.12|0.9209|
|=|          1|         29|        729|     32617735.00|        843|00:01:20|+0.02|0.10|0.9349|
|=|         13|         29|        729|     32604996.62|        867|00:01:21|+0.02|0.10|0.9332|
|=|         10|         29|        707|     32605958.50|        891|00:01:24|+0.03|0.10|0.9289|
|-|          6|         16|        707|     32613412.93|        915|00:01:18|-0.00|0.06|0.9443|
|=|         16|         16|        653|     32602282.44|        931|00:00:52|-0.01|0.05|0.9455|
|=|         17|         16|        653|     32629496.24|        947|00:00:59|-0.01|0.05|0.9402|
+-+-----------+-----------+-----------+----------------+-----------+--------+-----+----+------+
Best-so-far configuration:         653    mean value:      32629496.24
Description of the best-so-far configuration:
    .ID. algorithm localsearch alpha beta  rho ants   q0 rasrank elitistants
653  653       acs           3  4.22 9.42 0.14   48 0.59      NA          NA
    nnls dlb .PARENT.
653   13   0      485

# 2026-01-21 04:20:46 -03: Elite configurations (first number is the configuration ID; listed from best to worst according to the sum of ranks):
    algorithm localsearch alpha beta  rho ants   q0 rasrank elitistants nnls
653       acs           3  4.22 9.42 0.14   48 0.59      NA          NA   13
729       acs           3  4.26 9.42 0.13   43 0.49      NA          NA   19
707       acs           3  3.75 8.54 0.08   38 0.58      NA          NA   13
634       acs           3  4.06 9.25 0.10   41 0.45      NA          NA   14
485       acs           3  4.31 9.61 0.15   46 0.54      NA          NA   15
    dlb
653   0
729   0
707   0
634   0
485   0
# 2026-01-21 04:20:46 -03: Iteration 6 of 6
# experimentsUsed: 4419
# remainingBudget: 1081
# currentBudget: 1081
# nbConfigurations: 64
# Markers:
     x No test is performed.
     c Configurations are discarded only due to capping.
     - The test is performed and some configurations are discarded.
     = The test is performed but no configuration is discarded.
     ! The test is performed and configurations could be discarded but elite configurations are preserved.
     . All alive configurations are elite and nothing is discarded.

+-+-----------+-----------+-----------+----------------+-----------+--------+-----+----+------+
| |   Instance|      Alive|       Best|       Mean best| Exp so far|  W time|  rho|KenW|  Qvar|
+-+-----------+-----------+-----------+----------------+-----------+--------+-----+----+------+
|x|         18|         64|        754|     32704114.00|         64|00:02:32|   NA|  NA|    NA|
|x|          1|         64|        754|     32472417.50|        123|00:02:29|+0.37|0.69|0.2592|
|x|         13|         64|        485|     32428330.33|        182|00:02:27|+0.33|0.55|0.3058|
|x|          7|         64|        485|     32552430.00|        241|00:02:14|+0.33|0.50|0.2981|
|-|          9|         32|        788|     32646801.00|        300|00:02:24|-0.09|0.13|1.0477|
|=|         12|         32|        788|     32642030.17|        327|00:00:59|-0.05|0.12|1.0147|
|=|          8|         32|        788|     32606302.43|        354|00:01:01|-0.03|0.12|0.9974|
|=|          4|         32|        788|     32574798.75|        381|00:01:02|-0.02|0.11|0.9964|
|=|          3|         32|        788|     32629614.44|        408|00:01:01|-0.02|0.09|0.9970|
|=|         16|         32|        766|     32627488.30|        435|00:01:02|-0.00|0.10|0.9784|
|=|         14|         32|        759|     32619853.00|        462|00:01:00|-0.01|0.08|0.9860|
|=|         11|         32|        759|     32615415.50|        489|00:01:03|+0.00|0.08|0.9730|
|=|         17|         32|        759|     32648193.85|        516|00:01:01|+0.00|0.08|0.9701|
|=|         10|         32|        759|     32633772.36|        543|00:01:00|+0.01|0.08|0.9630|
|=|          2|         32|        759|     32614760.67|        570|00:01:07|+0.02|0.09|0.9499|
|=|          5|         32|        759|     32614889.19|        597|00:01:08|+0.03|0.09|0.9452|
|=|         15|         32|        759|     32629689.18|        624|00:01:11|+0.03|0.08|0.9457|
|=|          6|         32|        766|     32639894.44|        651|00:01:06|+0.03|0.08|0.9460|
|=|         19|         32|        766|     32644050.84|        683|00:01:08|+0.02|0.07|0.9525|
+-+-----------+-----------+-----------+----------------+-----------+--------+-----+----+------+
Best-so-far configuration:         766    mean value:      32644050.84
Description of the best-so-far configuration:
    .ID. algorithm localsearch alpha beta  rho ants   q0 rasrank elitistants
766  766       acs           3     4 9.51 0.12   43 0.45      NA          NA
    nnls dlb .PARENT.
766   11   0      634

# 2026-01-21 04:47:51 -03: Elite configurations (first number is the configuration ID; listed from best to worst according to the sum of ranks):
    algorithm localsearch alpha beta  rho ants   q0 rasrank elitistants nnls
766       acs           3  4.00 9.51 0.12   43 0.45      NA          NA   11
707       acs           3  3.75 8.54 0.08   38 0.58      NA          NA   13
759       acs           3  4.13 9.95 0.19   49 0.66      NA          NA   13
729       acs           3  4.26 9.42 0.13   43 0.49      NA          NA   19
485       acs           3  4.31 9.61 0.15   46 0.54      NA          NA   15
    dlb
766   0
707   0
759   0
729   0
485   0
# 2026-01-21 04:47:51 -03: Iteration 7 of 7
# experimentsUsed: 5102
# remainingBudget: 398
# currentBudget: 398
# nbConfigurations: 24
# Markers:
     x No test is performed.
     c Configurations are discarded only due to capping.
     - The test is performed and some configurations are discarded.
     = The test is performed but no configuration is discarded.
     ! The test is performed and configurations could be discarded but elite configurations are preserved.
     . All alive configurations are elite and nothing is discarded.

+-+-----------+-----------+-----------+----------------+-----------+--------+-----+----+------+
| |   Instance|      Alive|       Best|       Mean best| Exp so far|  W time|  rho|KenW|  Qvar|
+-+-----------+-----------+-----------+----------------+-----------+--------+-----+----+------+
|x|         20|         24|        812|     32789618.00|         24|00:00:57|   NA|  NA|    NA|
|x|         10|         24|        485|     32671246.50|         43|00:00:53|+0.13|0.57|0.4176|
|x|          3|         24|        766|     32809347.00|         62|00:00:49|+0.27|0.51|0.3107|
|x|          4|         24|        766|     32685032.25|         81|00:00:53|+0.33|0.49|0.2906|
|-|         17|         13|        819|     32748045.60|        100|00:00:49|-0.09|0.13|0.9861|
|=|          7|         13|        819|     32761673.17|        108|00:00:22|+0.00|0.17|0.9106|
|=|         11|         13|        819|     32744283.29|        116|00:00:24|+0.04|0.18|0.8862|
|=|         16|         13|        766|     32715680.88|        124|00:00:21|+0.05|0.17|0.9027|
|=|         13|         13|        766|     32676403.89|        132|00:00:23|+0.05|0.16|0.8815|
|=|         12|         13|        819|     32665485.90|        140|00:00:22|+0.05|0.15|0.8960|
|-|         19|          9|        819|     32670991.09|        148|00:00:21|-0.04|0.06|0.9122|
|=|          8|          9|        819|     32650270.17|        152|00:00:19|-0.01|0.08|0.8763|
|=|          2|          9|        819|     32626799.77|        156|00:00:18|-0.02|0.05|0.8992|
|=|          5|          9|        819|     32621206.43|        160|00:00:19|-0.01|0.06|0.8946|
|=|         15|          9|        766|     32645905.60|        164|00:00:19|-0.01|0.06|0.8897|
|=|         14|          9|        766|     32643495.06|        168|00:00:17|-0.01|0.05|0.8821|
|=|          9|          9|        766|     32664051.88|        172|00:00:19|-0.01|0.05|0.8798|
|=|          1|          9|        766|     32643060.83|        176|00:00:20|-0.01|0.05|0.8873|
|=|          6|          9|        766|     32647427.58|        180|00:00:18|-0.00|0.05|0.8874|
|=|         18|          9|        766|     32655307.00|        184|00:00:21|-0.00|0.05|0.8867|
|=|         21|          9|        766|     32666448.10|        193|00:00:22|-0.01|0.04|0.9005|
+-+-----------+-----------+-----------+----------------+-----------+--------+-----+----+------+
Best-so-far configuration:         766    mean value:      32666448.10
Description of the best-so-far configuration:
    .ID. algorithm localsearch alpha beta  rho ants   q0 rasrank elitistants
766  766       acs           3     4 9.51 0.12   43 0.45      NA          NA
    nnls dlb .PARENT.
766   11   0      634

# 2026-01-21 04:57:48 -03: Elite configurations (first number is the configuration ID; listed from best to worst according to the sum of ranks):
    algorithm localsearch alpha beta  rho ants   q0 rasrank elitistants nnls
766       acs           3  4.00 9.51 0.12   43 0.45      NA          NA   11
707       acs           3  3.75 8.54 0.08   38 0.58      NA          NA   13
485       acs           3  4.31 9.61 0.15   46 0.54      NA          NA   15
812       acs           3  4.12 8.89 0.05   38 0.60      NA          NA   10
729       acs           3  4.26 9.42 0.13   43 0.49      NA          NA   19
    dlb
766   0
707   0
485   0
812   0
729   0
# 2026-01-21 04:57:48 -03: Iteration 8 of 8
# experimentsUsed: 5295
# remainingBudget: 205
# currentBudget: 205
# nbConfigurations: 14
# Markers:
     x No test is performed.
     c Configurations are discarded only due to capping.
     - The test is performed and some configurations are discarded.
     = The test is performed but no configuration is discarded.
     ! The test is performed and configurations could be discarded but elite configurations are preserved.
     . All alive configurations are elite and nothing is discarded.

+-+-----------+-----------+-----------+----------------+-----------+--------+-----+----+------+
| |   Instance|      Alive|       Best|       Mean best| Exp so far|  W time|  rho|KenW|  Qvar|
+-+-----------+-----------+-----------+----------------+-----------+--------+-----+----+------+
|x|         22|         14|        831|     32419695.00|         14|00:00:41|   NA|  NA|    NA|
|x|         20|         14|        485|     32632993.00|         23|00:00:24|+0.10|0.55|0.2163|
|x|          9|         14|        831|     32758994.67|         32|00:00:23|-0.06|0.29|0.3061|
|x|          2|         14|        485|     32661037.00|         41|00:00:24|+0.03|0.27|0.2526|
|=|          6|         14|        707|     32682844.20|         50|00:00:24|+0.04|0.23|0.2696|
|=|          4|         14|        707|     32619426.83|         59|00:00:24|+0.10|0.25|0.2378|
|-|          1|         13|        485|     32575408.14|         68|00:00:25|-0.08|0.08|1.0044|
|=|         17|         13|        812|     32629540.62|         76|00:00:24|-0.01|0.11|0.9458|
|=|         21|         13|        812|     32660441.67|         84|00:00:20|-0.03|0.08|0.9589|
|=|         14|         13|        812|     32649969.00|         92|00:00:22|+0.01|0.11|0.9272|
|=|         18|         13|        812|     32657050.09|        100|00:00:22|+0.05|0.13|0.8925|
|=|          8|         13|        812|     32636816.17|        108|00:00:22|+0.05|0.13|0.8702|
|=|         15|         13|        812|     32652602.38|        116|00:00:21|+0.05|0.13|0.8655|
|=|         10|         13|        485|     32645278.29|        124|00:00:22|+0.03|0.10|0.8902|
|=|          5|         13|        485|     32641939.53|        132|00:00:25|+0.04|0.11|0.8842|
|=|          7|         13|        766|     32656034.12|        140|00:00:21|+0.04|0.10|0.8860|
|-|         16|          9|        766|     32644771.24|        148|00:00:23|-0.02|0.04|0.9072|
|=|         19|          9|        766|     32648887.61|        152|00:00:20|-0.02|0.04|0.9079|
|=|         11|          9|        766|     32649247.05|        156|00:00:20|-0.01|0.04|0.8999|
|=|         13|          9|        766|     32634894.10|        160|00:00:22|+0.00|0.05|0.8875|
|=|         12|          9|        485|     32633731.67|        164|00:00:19|+0.00|0.05|0.8878|
|=|          3|          9|        766|     32659584.09|        168|00:00:21|+0.01|0.05|0.8865|
|=|         23|          9|        766|     32668865.30|        177|00:00:25|+0.00|0.04|0.8971|
+-+-----------+-----------+-----------+----------------+-----------+--------+-----+----+------+
Best-so-far configuration:         766    mean value:      32668865.30
Description of the best-so-far configuration:
    .ID. algorithm localsearch alpha beta  rho ants   q0 rasrank elitistants
766  766       acs           3     4 9.51 0.12   43 0.45      NA          NA
    nnls dlb .PARENT.
766   11   0      634

# 2026-01-21 05:06:54 -03: Elite configurations (first number is the configuration ID; listed from best to worst according to the sum of ranks):
    algorithm localsearch alpha beta  rho ants   q0 rasrank elitistants nnls
766       acs           3  4.00 9.51 0.12   43 0.45      NA          NA   11
812       acs           3  4.12 8.89 0.05   38 0.60      NA          NA   10
707       acs           3  3.75 8.54 0.08   38 0.58      NA          NA   13
485       acs           3  4.31 9.61 0.15   46 0.54      NA          NA   15
729       acs           3  4.26 9.42 0.13   43 0.49      NA          NA   19
    dlb
766   0
812   0
707   0
485   0
729   0
# 2026-01-21 05:06:54 -03: Iteration 9 of 9
# experimentsUsed: 5472
# remainingBudget: 28
# currentBudget: 28
# nbConfigurations: 6
# Markers:
     x No test is performed.
     c Configurations are discarded only due to capping.
     - The test is performed and some configurations are discarded.
     = The test is performed but no configuration is discarded.
     ! The test is performed and configurations could be discarded but elite configurations are preserved.
     . All alive configurations are elite and nothing is discarded.

+-+-----------+-----------+-----------+----------------+-----------+--------+-----+----+------+
| |   Instance|      Alive|       Best|       Mean best| Exp so far|  W time|  rho|KenW|  Qvar|
+-+-----------+-----------+-----------+----------------+-----------+--------+-----+----+------+
|x|         11|          6|        729|     32544044.00|          1|00:00:15|   NA|  NA|    NA|
|x|         13|          6|        485|     32469996.50|          2|00:00:17|-0.43|0.29|1.1820|
|x|         10|          6|        485|     32489097.33|          3|00:00:16|-0.16|0.23|0.9842|
|x|          2|          6|        485|     32451699.50|          4|00:00:15|-0.07|0.20|0.9024|
|=|          5|          6|        485|     32480399.00|          5|00:00:15|+0.05|0.24|0.7839|
|=|          1|          6|        485|     32437168.67|          6|00:00:16|+0.03|0.19|0.8112|
|=|         20|          6|        485|     32491172.29|          7|00:00:18|-0.00|0.14|0.8512|
|=|         23|          6|        485|     32540768.25|          8|00:00:19|-0.06|0.08|0.8910|
|=|          8|          6|        485|     32528022.00|          9|00:00:18|-0.02|0.10|0.8584|
|=|          7|          6|        766|     32565949.10|         10|00:00:17|-0.02|0.08|0.8632|
|=|         22|          6|        766|     32561357.36|         11|00:00:18|-0.03|0.07|0.8601|
|=|          9|          6|        766|     32597324.33|         12|00:00:17|-0.01|0.07|0.8553|
|=|         19|          6|        766|     32606673.69|         13|00:00:18|+0.01|0.08|0.8312|
|=|         14|          6|        485|     32602043.07|         14|00:00:19|+0.01|0.08|0.8282|
|=|         16|          6|        766|     32597244.00|         15|00:00:18|+0.01|0.08|0.8278|
|=|          3|          6|        766|     32625754.56|         16|00:00:22|-0.01|0.05|0.8472|
|=|         18|          6|        485|     32632656.06|         17|00:00:19|-0.01|0.05|0.8408|
|=|         17|          6|        485|     32653372.44|         18|00:00:18|+0.00|0.06|0.8289|
|=|          6|          6|        485|     32659995.47|         19|00:00:19|+0.00|0.05|0.8257|
|=|         15|          6|        812|     32675160.65|         20|00:00:18|-0.01|0.04|0.8331|
|=|         21|          6|        766|     32681536.14|         21|00:00:16|-0.02|0.03|0.8419|
|=|          4|          6|        766|     32664743.05|         22|00:00:20|-0.02|0.02|0.8421|
|=|         12|          6|        766|     32668865.30|         23|00:00:16|-0.02|0.02|0.8443|
+-+-----------+-----------+-----------+----------------+-----------+--------+-----+----+------+
Best-so-far configuration:         766    mean value:      32668865.30
Description of the best-so-far configuration:
    .ID. algorithm localsearch alpha beta  rho ants   q0 rasrank elitistants
766  766       acs           3     4 9.51 0.12   43 0.45      NA          NA
    nnls dlb .PARENT.
766   11   0      634

# 2026-01-21 05:13:48 -03: Elite configurations (first number is the configuration ID; listed from best to worst according to the sum of ranks):
    algorithm localsearch alpha beta  rho ants   q0 rasrank elitistants nnls
766       acs           3  4.00 9.51 0.12   43 0.45      NA          NA   11
812       acs           3  4.12 8.89 0.05   38 0.60      NA          NA   10
707       acs           3  3.75 8.54 0.08   38 0.58      NA          NA   13
729       acs           3  4.26 9.42 0.13   43 0.49      NA          NA   19
485       acs           3  4.31 9.61 0.15   46 0.54      NA          NA   15
    dlb
766   0
812   0
707   0
729   0
485   0
# 2026-01-21 05:13:48 -03: Stopped because there is not enough budget left to race more than the minimum (5).
# You may either increase the budget or set 'minNbSurvival' to a lower value.
# Iteration: 10
# nbIterations: 10
# experimentsUsed: 5495
# timeUsed: 0
# remainingBudget: 5
# currentBudget: 5
# number of elites: 5
# nbConfigurations: 5
# Total CPU user time: 219104, CPU sys time: 1002.717, Wall-clock time: 25355.47
# 2026-01-21 05:13:48 -03: Starting post-selection:
# Configurations selected: 766, 812, 707, 729, 485.
# Pending instances: 0, 0, 0, 0, 0.
# 2026-01-21 05:13:48 -03: seed: 1400299
# Configurations: 5
# Available experiments: 5
# minSurvival: 1
# Markers:
     x No test is performed.
     c Configurations are discarded only due to capping.
     - The test is performed and some configurations are discarded.
     = The test is performed but no configuration is discarded.
     ! The test is performed and configurations could be discarded but elite configurations are preserved.
     . All alive configurations are elite and nothing is discarded.

+-+-----------+-----------+-----------+----------------+-----------+--------+-----+----+------+
| |   Instance|      Alive|       Best|       Mean best| Exp so far|  W time|  rho|KenW|  Qvar|
+-+-----------+-----------+-----------+----------------+-----------+--------+-----+----+------+
|.|         19|          5|        812|     32680859.00|          0|00:00:00|   NA|  NA|    NA|
|.|          3|          5|        812|     32873707.00|          0|00:00:00|-0.60|0.20|1.1336|
|.|         16|          5|        812|     32778573.00|          0|00:00:00|-0.40|0.07|1.0821|
|.|         10|          5|        812|     32726925.25|          0|00:00:00|-0.15|0.14|0.8672|
|.|         21|          5|        812|     32763070.20|          0|00:00:00|-0.05|0.16|0.8436|
|.|          7|          5|        812|     32774798.67|          0|00:00:00|+0.05|0.21|0.7910|
|.|          4|          5|        812|     32716580.57|          0|00:00:00|+0.10|0.22|0.7499|
|.|         15|          5|        812|     32732262.62|          0|00:00:00|+0.09|0.20|0.7593|
|.|          5|          5|        812|     32725517.33|          0|00:00:00|+0.15|0.25|0.7089|
|.|          1|          5|        812|     32680808.20|          0|00:00:00|+0.05|0.15|0.7679|
|.|         11|          5|        812|     32680263.55|          0|00:00:00|+0.05|0.13|0.7704|
|.|         23|          5|        812|     32695015.25|          0|00:00:00|+0.03|0.12|0.7939|
|.|         20|          5|        812|     32702292.38|          0|00:00:00|-0.01|0.07|0.8249|
|.|         14|          5|        812|     32691822.57|          0|00:00:00|-0.03|0.04|0.8388|
|.|          8|          5|        812|     32673317.27|          0|00:00:00|-0.01|0.05|0.8262|
|.|         13|          5|        812|     32653079.06|          0|00:00:00|-0.03|0.04|0.8274|
|.|          9|          5|        812|     32673200.82|          0|00:00:00|-0.01|0.05|0.8137|
|.|          2|          5|        812|     32656076.28|          0|00:00:00|-0.03|0.03|0.8252|
|.|         18|          5|        812|     32659854.42|          0|00:00:00|-0.04|0.01|0.8352|
|.|         17|          5|        812|     32676239.65|          0|00:00:00|-0.05|0.01|0.8364|
|.|         22|          5|        812|     32669471.05|          0|00:00:00|-0.05|0.00|0.8385|
|.|         12|          5|        812|     32668492.41|          0|00:00:00|-0.05|0.00|0.8378|
|.|          6|          5|        812|     32670698.96|          0|00:00:00|-0.04|0.00|0.8346|
|=|         24|          5|        729|     32669799.92|          5|00:00:29|-0.04|0.00|0.8340|
+-+-----------+-----------+-----------+----------------+-----------+--------+-----+----+------+
Best-so-far configuration:         729    mean value:      32669799.92
Description of the best-so-far configuration:
    .ID. algorithm localsearch alpha beta  rho ants   q0 rasrank elitistants
729  729       acs           3  4.26 9.42 0.13   43 0.49      NA          NA
    nnls dlb .PARENT.
729   19   0      485

# 2026-01-21 05:14:18 -03: Elite configurations (first number is the configuration ID; listed from best to worst according to the sum of ranks):
    algorithm localsearch alpha beta  rho ants   q0 rasrank elitistants nnls
729       acs           3  4.26 9.42 0.13   43 0.49      NA          NA   19
707       acs           3  3.75 8.54 0.08   38 0.58      NA          NA   13
766       acs           3  4.00 9.51 0.12   43 0.45      NA          NA   11
485       acs           3  4.31 9.61 0.15   46 0.54      NA          NA   15
812       acs           3  4.12 8.89 0.05   38 0.60      NA          NA   10
    dlb
729   0
707   0
766   0
485   0
812   0
# Total CPU user time: 219220.8, CPU sys time: 1003.473, Wall-clock time: 25384.75
    .ID. algorithm localsearch alpha beta  rho ants   q0 rasrank elitistants
729  729       acs           3  4.26 9.42 0.13   43 0.49      NA          NA
707  707       acs           3  3.75 8.54 0.08   38 0.58      NA          NA
766  766       acs           3  4.00 9.51 0.12   43 0.45      NA          NA
485  485       acs           3  4.31 9.61 0.15   46 0.54      NA          NA
812  812       acs           3  4.12 8.89 0.05   38 0.60      NA          NA
    nnls dlb .PARENT. .RANK.   .WEIGHT.
729   19   0      485     70 0.33333333
707   13   0      485     72 0.26666667
766   11   0      634     72 0.20000000
485   15   0      443     73 0.13333333
812   10   0      707     73 0.06666667
