#------------------------------------------------------------------------------
# irace: An implementation in R of (Elitist) Iterated Racing
# Version: 4.2.0.9000.4117289
# Copyright (C) 2010-2025
# Manuel Lopez-Ibanez     <manuel.lopez-ibanez@manchester.ac.uk>
# Jeremie Dubois-Lacoste
# Leslie Perez Caceres    <leslie.perez.caceres@ulb.ac.be>
#
# This is free software, and you are welcome to redistribute it under certain
# conditions.  See the GNU General Public License for details. There is NO
# WARRANTY; not even for MERCHANTABILITY or FITNESS FOR A PARTICULAR PURPOSE.
#
# irace builds upon previous code from the race package:
#     race: Racing methods for the selection of the best
#     Copyright (C) 2003 Mauro Birattari
#------------------------------------------------------------------------------
# installed at: /home/pestobar/R/x86_64-redhat-linux-gnu-library/4.5/irace
# called with: --only-test configurations.txt --scenario scenario.txt
# 2026-01-31 13:47:55 -03: Checking scenario.
# 2026-01-31 13:47:55 -03: Reading parameter file '/home/pestobar/Activities/irace-executions/PSO-X/Scenarios/Best_Elites/Runs/Best_Elites_seed_1600333/parameters.txt'.
# 2026-01-31 13:47:55 -03: 2 expression(s) specifying forbidden configurations read.
## irace scenario:
scenarioFile = "/home/pestobar/Activities/irace-executions/PSO-X/Scenarios/Best_Elites/Runs/Best_Elites_seed_1600333/scenario.txt"
execDir = "/home/pestobar/Activities/irace-executions/PSO-X/Scenarios/Best_Elites/Runs/Best_Elites_seed_1600333/Results"
parameterFile = "/home/pestobar/Activities/irace-executions/PSO-X/Scenarios/Best_Elites/Runs/Best_Elites_seed_1600333/parameters.txt"
parameters = <environment>
initConfigurations = NULL
configurationsFile = ""
logFile = "/home/pestobar/Activities/irace-executions/PSO-X/Scenarios/Best_Elites/Runs/Best_Elites_seed_1600333/Results/irace.Rdata"
recoveryFile = ""
instances = c("--competition 3 --problem 0 --dimensions 30", "--competition 3 --problem 1 --dimensions 30", "--competition 3 --problem 2 --dimensions 30", "--competition 3 --problem 3 --dimensions 30", "--competition 3 --problem 4 --dimensions 30", "--competition 3 --problem 5 --dimensions 30", "--competition 3 --problem 6 --dimensions 30", "--competition 3 --problem 7 --dimensions 30", "--competition 3 --problem 8 --dimensions 30", "--competition 3 --problem 9 --dimensions 30", "--competition 3 --problem 10 --dimensions 30", "--competition 3 --problem 11 --dimensions 30", "--competition 3 --problem 12 --dimensions 30", "--competition 3 --problem 13 --dimensions 30", "--competition 3 --problem 14 --dimensions 30", "--competition 3 --problem 15 --dimensions 30", "--competition 3 --problem 16 --dimensions 30", "--competition 3 --problem 17 --dimensions 30", "--competition 3 --problem 18 --dimensions 30", "--competition 3 --problem 19 --dimensions 30", "--competition 3 --problem 20 --dimensions 30", "--competition 3 --problem 21 --dimensions 30", "--competition 3 --problem 22 --dimensions 30", "--competition 3 --problem 23 --dimensions 30", "--competition 3 --problem 24 --dimensions 30", "--competition 3 --problem 25 --dimensions 30", "--competition 3 --problem 26 --dimensions 30", "--competition 3 --problem 27 --dimensions 30", "--competition 3 --problem 28 --dimensions 30", "--competition 3 --problem 29 --dimensions 30", "--competition 3 --problem 30 --dimensions 30", "--competition 3 --problem 31 --dimensions 30", "--competition 3 --problem 32 --dimensions 30", "--competition 3 --problem 33 --dimensions 30", "--competition 3 --problem 34 --dimensions 30", "--competition 3 --problem 35 --dimensions 30", "--competition 3 --problem 36 --dimensions 30", "--competition 3 --problem 37 --dimensions 30", "--competition 3 --problem 38 --dimensions 30", "--competition 3 --problem 39 --dimensions 30", "--competition 3 --problem 40 --dimensions 30", "--competition 3 --problem 41 --dimensions 30", "--competition 3 --problem 42 --dimensions 30", "--competition 3 --problem 43 --dimensions 30", "--competition 3 --problem 44 --dimensions 30", "--competition 3 --problem 45 --dimensions 30", "--competition 3 --problem 46 --dimensions 30", "--competition 3 --problem 47 --dimensions 30", "--competition 3 --problem 48 --dimensions 30", "--competition 3 --problem 49 --dimensions 30")
trainInstancesDir = ""
trainInstancesFile = "/home/pestobar/Activities/irace-executions/PSO-X/Instances/train_MIXTURE.txt"
sampleInstances = TRUE
testInstancesDir = ""
testInstancesFile = "/home/pestobar/Activities/irace-executions/PSO-X/TestingInstances/test_MIXTURE.txt"
testInstances = c("1t" = "--competition 3 --problem 0 --dimensions 50", "2t" = "--competition 3 --problem 1 --dimensions 50", "3t" = "--competition 3 --problem 2 --dimensions 50", "4t" = "--competition 3 --problem 3 --dimensions 50", "5t" = "--competition 3 --problem 4 --dimensions 50", "6t" = "--competition 3 --problem 5 --dimensions 50", "7t" = "--competition 3 --problem 6 --dimensions 50", "8t" = "--competition 3 --problem 7 --dimensions 50", "9t" = "--competition 3 --problem 8 --dimensions 50", "10t" = "--competition 3 --problem 9 --dimensions 50", "11t" = "--competition 3 --problem 10 --dimensions 50", "12t" = "--competition 3 --problem 11 --dimensions 50", "13t" = "--competition 3 --problem 12 --dimensions 50", "14t" = "--competition 3 --problem 13 --dimensions 50", "15t" = "--competition 3 --problem 14 --dimensions 50", "16t" = "--competition 3 --problem 15 --dimensions 50", "17t" = "--competition 3 --problem 16 --dimensions 50", "18t" = "--competition 3 --problem 17 --dimensions 50", "19t" = "--competition 3 --problem 18 --dimensions 50", "20t" = "--competition 3 --problem 19 --dimensions 50", "21t" = "--competition 3 --problem 20 --dimensions 50", "22t" = "--competition 3 --problem 21 --dimensions 50", "23t" = "--competition 3 --problem 22 --dimensions 50", "24t" = "--competition 3 --problem 23 --dimensions 50", "25t" = "--competition 3 --problem 24 --dimensions 50", "26t" = "--competition 3 --problem 25 --dimensions 50", "27t" = "--competition 3 --problem 26 --dimensions 50", "28t" = "--competition 3 --problem 27 --dimensions 50", "29t" = "--competition 3 --problem 28 --dimensions 50", "30t" = "--competition 3 --problem 29 --dimensions 50", "31t" = "--competition 3 --problem 30 --dimensions 50", "32t" = "--competition 3 --problem 31 --dimensions 50", "33t" = "--competition 3 --problem 32 --dimensions 50", "34t" = "--competition 3 --problem 33 --dimensions 50", "35t" = "--competition 3 --problem 34 --dimensions 50", "36t" = "--competition 3 --problem 35 --dimensions 50", "37t" = "--competition 3 --problem 36 --dimensions 50", "38t" = "--competition 3 --problem 37 --dimensions 50", "39t" = "--competition 3 --problem 38 --dimensions 50", "40t" = "--competition 3 --problem 39 --dimensions 50", "41t" = "--competition 3 --problem 40 --dimensions 50", "42t" = "--competition 3 --problem 41 --dimensions 50", "43t" = "--competition 3 --problem 42 --dimensions 50", "44t" = "--competition 3 --problem 43 --dimensions 50", "45t" = "--competition 3 --problem 44 --dimensions 50", "46t" = "--competition 3 --problem 45 --dimensions 50", "47t" = "--competition 3 --problem 46 --dimensions 50", "48t" = "--competition 3 --problem 47 --dimensions 50", "49t" = "--competition 3 --problem 48 --dimensions 50", "50t" = "--competition 3 --problem 49 --dimensions 50")
testNbElites = 1L
testIterationElites = FALSE
testType = "friedman"
firstTest = 5L
blockSize = 1L
eachTest = 1L
targetRunner = "/home/pestobar/Activities/irace-executions/PSO-X/Scenarios/Best_Elites/Runs/Best_Elites_seed_1600333/target-runner"
targetRunnerLauncher = ""
targetCmdline = "{configurationID} {instanceID} {seed} {instance} {bound} {targetRunnerArgs}"
targetRunnerRetries = 0L
targetRunnerTimeout = 0L
targetRunnerData = ""
targetRunnerParallel = NULL
targetEvaluator = NULL
deterministic = FALSE
maxExperiments = 5500L
minExperiments = NA_character_
maxTime = 0L
budgetEstimation = 0.05
minMeasurableTime = 0.01
parallel = 10L
loadBalancing = TRUE
mpi = FALSE
batchmode = "0"
quiet = FALSE
debugLevel = 0L
seed = 1600333L
softRestart = TRUE
softRestartThreshold = 1e-04
elitist = TRUE
elitistNewInstances = 1L
elitistLimit = 2L
repairConfiguration = NULL
capping = FALSE
cappingAfterFirstTest = FALSE
cappingType = "median"
boundType = "candidate"
boundMax = NULL
boundDigits = 0L
boundPar = 1L
boundAsTimeout = TRUE
postselection = TRUE
aclib = FALSE
nbIterations = 0L
nbExperimentsPerIteration = 0L
minNbSurvival = 0L
nbConfigurations = 0L
mu = 5L
confidence = 0.95
## end of irace scenario
# 2026-01-31 13:47:55 -03: Read 80 configuration(s) from file 'configurations.txt'
# 2026-01-31 13:47:55 -03: Testing configurations (in the order given as input): 
   particles topology modInfluence branching tSchedule phi1 phi2 inertia
1         21        4            0        NA        NA 1.89 2.36    0.38
2        134        4            0        NA        NA 2.09 2.30    0.53
3          9        1            0        NA        NA 1.54 2.48    0.26
4        142        4            0        NA        NA 1.27 2.48    0.50
5         67        4            0        NA        NA 1.58 2.49    0.41
6         66        1            1        NA        NA 2.05 1.48    0.59
7         90        4            0        NA        NA 1.94 2.40    0.65
8        162        4            2        NA        NA 0.44 2.37    0.81
9         85        4            0        NA        NA 2.15 2.28    0.55
10        45        4            0        NA        NA 1.79 2.42    0.50
11        82        4            0        NA        NA 1.24 2.44    0.35
12       106        4            0        NA        NA 1.91 2.36    0.46
13        77        4            0        NA        NA 1.28 2.47    0.42
14        57        4            0        NA        NA 0.59 2.22    0.56
15        20        0            1        NA        NA 2.46 2.08    0.31
16       108        4            0        NA        NA 2.14 2.28    0.67
17       142        4            0        NA        NA 2.03 2.45    0.37
18       101        4            0        NA        NA 2.28 2.16    0.50
19         6        5            0        NA         6 2.43 2.33    0.21
20        18        0            1        NA        NA 1.86 2.30    0.24
21       149        4            0        NA        NA 1.24 2.43    0.40
22       138        4            0        NA        NA 2.42 2.48    0.58
23        15        0            1        NA        NA 1.34 2.03    0.19
24       144        4            0        NA        NA 1.96 2.47    0.60
25       119        4            0        NA        NA 0.85 2.49    0.50
26        56        1            1        NA        NA 2.15 2.11    0.57
27        76        4            0        NA        NA 2.25 2.43    0.61
28        75        4            0        NA        NA 1.87 2.34    0.55
29       165        4            0        NA        NA 2.45 2.44    0.37
30        71        4            0        NA        NA 1.86 2.42    0.65
31        92        4            0        NA        NA 1.30 2.43    0.41
32        14        4            0        NA        NA 1.38 2.15    0.26
33        80        4            0        NA        NA 1.65 2.50    0.27
34        11        4            0        NA        NA 1.41 2.38    0.48
35        40        1            1        NA        NA 2.47 2.15    0.44
36       134        4            0        NA        NA 2.01 2.42    0.53
37       102        4            0        NA        NA 2.17 2.48    0.43
38       109        4            0        NA        NA 1.97 2.44    0.56
39       162        0            0        NA        NA 1.96 2.26    0.18
40        21        0            1        NA        NA 2.25 2.32    0.22
41        38        4            0        NA        NA 2.21 1.60    0.53
42       150        4            0        NA        NA 1.95 2.33    0.58
43         4        4            2        NA        NA 1.77 2.47    0.41
44       105        4            0        NA        NA 0.43 2.38    0.25
45        75        4            0        NA        NA 2.17 2.11    0.61
46       115        1            1        NA        NA 2.36 2.43    0.66
47       115        4            0        NA        NA 2.26 2.13    0.74
48        83        4            0        NA        NA 2.38 2.39    0.11
49        38        4            0        NA        NA 2.46 1.83    0.67
50        83        4            0        NA        NA 1.42 2.41    0.70
51        79        4            0        NA        NA 1.02 2.39    0.45
52        83        4            0        NA        NA 2.35 2.47    0.44
53        25        1            0        NA        NA 1.69 2.28    0.33
54        89        4            2        NA        NA 2.41 2.46    0.72
55        25        1            2        NA        NA 2.11 2.38    0.30
56       103        4            0        NA        NA 0.96 2.24    0.45
57        84        4            0        NA        NA 2.11 2.48    0.32
58       103        4            0        NA        NA 0.50 2.49    0.48
59        28        0            0        NA        NA 1.99 1.81    0.13
60        22        1            1        NA        NA 2.31 2.37    0.25
61        47        1            0        NA        NA 2.09 2.05    0.14
62        85        4            0        NA        NA 2.11 2.33    0.54
63       104        4            0        NA        NA 2.27 2.39    0.41
64        90        4            0        NA        NA 0.31 2.31    0.15
65       113        4            0        NA        NA 2.23 2.37    0.60
66        93        4            0        NA        NA 1.89 1.55    0.42
67        53        1            0        NA        NA 2.25 2.49    0.64
68       136        4            2        NA        NA 1.47 2.26    0.82
69        58        0            0        NA        NA 1.01 1.62    0.12
70        91        4            0        NA        NA 2.43 2.31    0.50
71        68        4            0        NA        NA 0.99 2.49    0.28
72        21        4            0        NA        NA 2.30 2.28    0.31
73       113        4            0        NA        NA 2.17 2.37    0.39
74       167        4            2        NA        NA 1.24 2.46    0.63
75       153        4            0        NA        NA 1.84 2.45    0.31
76        90        4            0        NA        NA 1.66 2.30    0.57
77        84        4            0        NA        NA 0.78 2.24    0.29
78       135        4            0        NA        NA 1.32 2.29    0.57
79        88        0            0        NA        NA 1.68 2.50    0.22
80       200        4            2        NA        NA 2.48 2.31    0.64
# 2026-01-31 16:28:22 -03: Testing results (column number is configuration ID in no particular order):
         seeds            1            2            3            4            5
1t   152319163 9.588185e-01 1.463592e+00 8.716089e-01 1.693162e+00 9.899774e-01
2t   209832609 5.444147e+06 1.557322e+07 2.984724e+06 2.892479e+07 8.070294e+06
3t  1192641254 1.306172e+06 1.978006e+06 1.382113e+06 2.785876e+06 1.783904e+06
4t  1823151574 1.085288e+05 1.466014e+05 4.696060e+04 1.169732e+05 1.175785e+05
5t  1036200291 1.174432e+01 1.149899e+01 2.292789e+00 1.728176e+01 2.963339e+01
6t  1232318267 5.560310e+00 4.172628e+02 3.683818e+00 2.465894e+02 5.999253e+01
7t  1267959888 4.388548e+03 5.084213e+03 1.310021e+04 5.101471e+03 5.647787e+03
8t   593435221 5.478504e+00 6.482226e+00 5.026098e+00 6.823739e+00 5.965535e+00
9t   101735119 3.099204e+02 1.834606e+02 3.434226e+02 2.593987e+02 2.500287e+02
10t  377131221 2.770019e+01 2.846005e+01 2.291938e+01 3.137361e+01 2.725383e+01
11t  785808070 3.028665e+02 2.561744e+02 3.669218e+02 2.565072e+02 2.820101e+02
12t 1594746907 4.294012e+03 3.053694e+02 4.594400e+03 3.375695e+02 1.056806e+04
13t 1410967956 1.979691e+01 1.542868e+00 2.005869e+01 1.551617e+00 1.319070e+00
14t 1115939624 2.093318e+01 2.111911e+01 2.085147e+01 2.106839e+01 2.099348e+01
15t 1153964702 1.500195e+02 2.555654e+02 1.847725e+03 2.862236e+02 1.601692e+02
16t  501998565 4.923273e+01 4.727338e+01 4.874446e+01 4.924983e+01 4.927179e+01
17t 1775070304 1.258364e-01 9.202621e-01 5.758103e-02 7.394415e-01 2.643616e-01
18t   61588753 8.479388e-01 9.918134e-01 8.387798e-01 9.904948e-01 9.154444e-01
19t  376662245 5.370591e+02 4.202082e+02 6.679506e+02 3.954281e+02 5.785841e+02
20t  902973376 3.628616e+02 1.776010e+02 4.374803e+02 2.741557e+02 3.005091e+02
21t  512620767 2.886707e+04 2.748635e+04 2.933022e+04 2.778940e+04 2.768865e+04
22t  512390442 2.940551e+04 2.873883e+04 3.102691e+04 2.830891e+04 2.813080e+04
23t 2122416019 5.329436e+01 5.182513e+01 6.955012e+01 4.309113e+01 5.416099e+01
24t  260042671 5.282053e-01 7.221645e-01 6.278725e-01 8.116017e-01 7.261403e-01
25t 1102743975 6.985455e-01 4.794586e-01 8.176847e-01 5.134319e-01 4.888354e-01
26t 1815765850 2.977743e-01 2.912175e-01 2.812195e-01 3.360005e-01 2.735227e-01
27t  993113398 7.791775e+01 7.654488e+01 1.250699e+02 8.456920e+01 9.007092e+01
28t 1607056210 2.806716e+02 2.798707e+02 2.246917e+02 2.506024e+02 2.333444e+02
29t 1212498795 3.251933e+02 3.082870e+02 3.781517e+02 2.744747e+02 2.682665e+02
30t  115191817 1.090985e+01 1.152482e+01 8.657867e+00 1.222708e+01 1.359815e+01
31t  600044700 2.186049e+02 1.589758e+02 2.854982e+02 1.617493e+02 1.935419e+02
32t 1477158335 1.382324e+03 3.079853e+02 5.913229e+02 3.031375e+02 3.227564e+02
33t 2050583031 1.205596e+02 1.116178e+02 1.331549e+02 7.777569e+01 1.387591e+02
34t  762031703 2.218484e+01 2.606203e+01 2.677508e+01 2.594660e+01 2.560692e+01
35t 1316931748 1.341221e+04 1.272550e+04 1.317836e+04 1.263869e+04 1.283166e+04
36t 1602470260 1.769744e+05 1.969514e+05 4.266641e+05 1.958081e+05 2.073905e+05
37t  170075404 5.802359e+01 6.266745e+01 5.888542e+01 5.659497e+01 5.397794e+01
38t 1728998587 3.356360e+05 2.230433e+05 3.771541e+05 2.484704e+05 2.280730e+05
39t 1345010491 5.301822e+00 9.071526e+00 5.715836e+00 7.410067e+00 6.495008e+00
40t  878616059 6.104449e+01 3.543619e+01 5.916143e+01 4.322065e+01 4.537060e+01
41t 1877810861 4.472563e+02 4.500820e+02 4.474090e+02 4.503272e+02 4.485183e+02
42t 1554797012 4.273736e+02 2.928853e+02 4.274719e+02 2.805049e+02 2.531128e+02
43t 2080123223 3.723603e+02 3.820081e+02 4.929616e+02 3.817409e+02 3.551100e+02
44t  264381200 9.358859e+02 9.225210e+02 9.344560e+02 9.201637e+02 9.367129e+02
45t 1912038784 9.325427e+02 9.217227e+02 9.307236e+02 9.337227e+02 9.434125e+02
46t  292474777 9.385461e+02 9.442603e+02 9.356067e+02 9.316124e+02 9.287184e+02
47t  739834030 8.972586e+02 1.026588e+03 1.199723e+03 1.025397e+03 1.037640e+03
48t 1136282330 1.158290e+03 9.317643e+02 1.202538e+03 9.230704e+02 9.963802e+02
49t 2141495825 5.570809e+02 1.021392e+03 9.061184e+02 1.021759e+03 1.018778e+03
50t  488383278 1.274678e+03 1.273483e+03 1.259386e+03 1.220969e+03 1.243446e+03
               6            7            8            9           10
1t  1.315955e+00 1.884483e+00 3.245245e+00 1.415663e+00 1.225129e+00
2t  8.192400e+06 4.044215e+07 1.600663e+07 1.112200e+07 1.034774e+07
3t  1.775769e+06 3.060436e+06 5.041146e+06 2.345489e+06 1.772873e+06
4t  1.295540e+05 9.844194e+04 1.383288e+05 1.240537e+05 1.067550e+05
5t  6.143355e+01 1.017704e+01 1.225623e+01 3.920235e+01 2.263029e+01
6t  1.634795e+02 3.492234e+02 2.687192e+02 2.481685e+02 2.753461e+01
7t  9.585684e+03 2.554313e+03 3.522929e+03 5.157117e+03 3.410516e+03
8t  6.283648e+00 7.567694e+00 9.578611e+00 5.928548e+00 6.263392e+00
9t  3.552395e+02 2.258427e+02 1.820769e+02 2.583574e+02 2.906605e+02
10t 2.772510e+01 3.433478e+01 3.812948e+01 3.202611e+01 2.893766e+01
11t 3.676433e+02 1.520809e+02 5.782086e+01 2.375412e+02 2.615943e+02
12t 2.724263e+04 2.237220e+02 1.716863e+03 2.761614e+02 1.655890e+02
13t 2.040234e+01 1.938035e+00 2.276839e+00 1.534995e+00 1.528084e+00
14t 2.118560e+01 2.102453e+01 2.117932e+01 2.106703e+01 2.110649e+01
15t 1.998310e+02 2.801225e+02 4.000316e+02 4.259216e+02 6.162532e+03
16t 4.917873e+01 4.841753e+01 4.919581e+01 4.736822e+01 4.785217e+01
17t 4.981286e+02 1.306611e-01 1.071150e-01 6.108990e-01 7.662363e-01
18t 9.306768e-01 1.019002e+00 1.048006e+00 9.450238e-01 9.395716e-01
19t 1.444440e+03 4.229578e+02 4.114763e+02 5.220814e+02 4.477204e+02
20t 6.469577e+02 1.859393e+02 2.266580e+02 2.302490e+02 2.517897e+02
21t 3.513981e+04 2.821798e+04 3.156629e+04 2.781173e+04 2.791147e+04
22t 3.508351e+04 2.780982e+04 3.280135e+04 2.763179e+04 2.762192e+04
23t 6.284137e+01 3.167008e+01 3.667715e+01 4.639713e+01 5.060088e+01
24t 3.391705e+00 6.192197e-01 3.768978e+00 4.501783e-01 7.377336e-01
25t 6.691283e-01 5.777178e-01 5.020022e-01 5.625561e-01 5.365331e-01
26t 2.766155e-01 3.570948e-01 2.837463e-01 2.571940e-01 3.011532e-01
27t 3.424757e+01 7.068572e+01 4.987686e+01 1.008703e+02 9.228276e+01
28t 1.555719e+02 2.598508e+02 3.622158e+02 2.427500e+02 2.494333e+02
29t 4.257364e+02 2.803418e+02 2.808703e+02 2.656168e+02 3.123102e+02
30t 1.530785e+01 1.262241e+01 1.621592e+01 1.083987e+01 1.097310e+01
31t 1.054593e+02 1.618508e+02 1.543696e+02 1.902729e+02 2.261864e+02
32t 3.113514e+02 3.065832e+02 2.824722e+02 3.206403e+02 1.250095e+03
33t 1.488790e+02 9.920461e+01 9.146826e+01 1.024712e+02 9.375511e+01
34t 3.234963e+01 2.794364e+01 3.225494e+01 2.505127e+01 2.507196e+01
35t 1.390667e+04 1.242270e+04 1.255042e+04 1.260888e+04 1.278558e+04
36t 1.723110e+05 3.348539e+05 4.458025e+05 1.486730e+05 2.087695e+05
37t 6.664253e+01 6.216970e+01 6.064439e+01 5.749011e+01 5.936280e+01
38t 1.546765e+05 2.561779e+05 2.437612e+05 2.018766e+05 2.731324e+05
39t 4.954853e+00 7.867133e+00 6.559734e+00 5.724228e+00 5.262627e+00
40t 9.079667e+02 2.620419e+01 2.079643e+01 5.914333e+01 4.909437e+01
41t 4.139269e+02 4.526149e+02 5.021301e+02 4.500522e+02 4.492999e+02
42t 3.613215e+02 2.777688e+02 2.620813e+02 3.033633e+02 4.281598e+02
43t 3.823172e+02 3.615785e+02 3.099239e+02 4.241830e+02 4.056904e+02
44t 9.492889e+02 9.226763e+02 9.262685e+02 9.298163e+02 9.261782e+02
45t 9.501940e+02 9.274340e+02 9.292927e+02 9.326602e+02 9.260061e+02
46t 9.415824e+02 9.272845e+02 9.245190e+02 9.291516e+02 9.231826e+02
47t 9.267730e+02 1.021548e+03 6.236857e+02 1.028410e+03 1.021625e+03
48t 1.222101e+03 9.160732e+02 9.402682e+02 9.871847e+02 1.007402e+03
49t 1.204088e+03 1.019267e+03 6.228607e+02 1.018502e+03 1.023981e+03
50t 1.347270e+03 1.087357e+03 1.217133e+03 1.152348e+03 1.181096e+03
              11           12           13           14           15
1t  1.177466e+00 1.238168e+00 1.004581e+00 2.278022e+00 6.589774e-01
2t  1.272822e+07 1.252394e+07 1.426818e+07 1.200463e+07 3.634004e+06
3t  1.844620e+06 2.004378e+06 1.754148e+06 3.120156e+06 9.551055e+05
4t  1.133645e+05 1.252200e+05 1.001036e+05 6.416990e+04 1.569208e+05
5t  5.104901e+01 3.440316e+01 3.948998e+01 1.205118e+01 4.707157e+01
6t  1.358827e+02 2.887998e+02 1.389124e+02 4.014456e+01 4.333287e+00
7t  5.844373e+03 4.862355e+03 5.121277e+03 3.337800e+03 1.321762e+04
8t  5.889314e+00 6.044442e+00 6.333592e+00 7.988341e+00 4.166838e+00
9t  2.838250e+02 2.663607e+02 2.600282e+02 2.510836e+02 3.209875e+02
10t 2.790370e+01 2.874147e+01 2.883429e+01 3.477975e+01 1.940573e+01
11t 2.718072e+02 2.530019e+02 2.546016e+02 2.636715e+02 3.249493e+02
12t 2.414100e+02 5.517489e+02 3.095551e+03 1.299167e+04 1.318662e+04
13t 1.373072e+00 1.501118e+00 1.479359e+00 2.073863e+00 1.974225e+01
14t 2.103466e+01 2.106306e+01 2.087970e+01 2.112501e+01 2.108551e+01
15t 1.801471e+02 1.966533e+02 4.847939e+02 8.606012e+02 1.081753e+02
16t 4.785239e+01 4.904635e+01 1.058414e+02 4.797503e+01 4.923587e+01
17t 1.177407e+00 9.965096e-01 1.048049e+00 9.704132e-02 2.094306e+02
18t 9.481260e-01 9.302956e-01 9.390267e-01 1.008762e+00 6.338366e-01
19t 5.320673e+02 4.340890e+02 4.846125e+02 3.811713e+02 5.144416e+03
20t 3.223126e+02 2.816059e+02 3.066100e+02 2.873655e+02 8.845236e+02
21t 2.801799e+04 2.767200e+04 2.820639e+04 2.871695e+04 3.809576e+04
22t 2.786337e+04 2.816498e+04 2.832128e+04 2.938407e+04 3.714706e+04
23t 4.582860e+01 4.689570e+01 4.844567e+01 4.444462e+01 8.785228e+01
24t 8.547815e-01 5.988632e-01 7.339724e-01 4.923372e-01 1.433121e+00
25t 6.212334e-01 5.342725e-01 5.872449e-01 5.344066e-01 5.995223e-01
26t 3.361213e-01 3.405703e-01 2.649910e-01 2.488365e-01 2.911513e-01
27t 7.542008e+01 7.709773e+01 9.127694e+01 9.663153e+01 6.047409e+01
28t 2.457305e+02 2.189608e+02 2.172453e+02 3.153388e+02 1.429970e+02
29t 2.802688e+02 3.018650e+02 2.881432e+02 2.644373e+02 4.527912e+02
30t 1.211503e+01 1.078500e+01 1.327418e+01 1.417901e+01 1.038729e+01
31t 1.638596e+02 1.440792e+02 1.824905e+02 2.015472e+02 1.300215e+02
32t 3.070581e+02 4.799665e+02 3.764377e+02 5.979532e+02 1.857977e+02
33t 1.189574e+02 1.084188e+02 1.053853e+02 1.088874e+02 1.970554e+02
34t 2.380645e+01 2.537515e+01 2.550890e+01 2.833285e+01 2.601608e+01
35t 1.289497e+04 1.256279e+04 1.299521e+04 1.254008e+04 1.817892e+04
36t 1.644088e+05 1.847338e+05 2.074505e+05 2.397879e+05 1.198185e+05
37t 5.419521e+01 5.623152e+01 5.954817e+01 5.946962e+01 6.871225e+01
38t 2.503119e+05 2.107866e+05 2.808563e+05 3.758220e+05 1.923222e+05
39t 6.109581e+00 6.908394e+00 7.150865e+00 5.428694e+00 5.473357e+00
40t 4.899836e+01 4.386063e+01 4.180295e+01 2.500708e+01 6.902764e+02
41t 4.481354e+02 5.509742e+02 4.486911e+02 4.523213e+02 8.772070e+02
42t 3.283019e+02 3.192386e+02 3.155778e+02 2.751688e+02 4.263401e+02
43t 4.631101e+02 3.603906e+02 3.528043e+02 3.224898e+02 4.670181e+02
44t 9.219240e+02 9.215972e+02 9.224140e+02 9.212072e+02 9.255414e+02
45t 9.354397e+02 9.298670e+02 9.266532e+02 9.216218e+02 9.249934e+02
46t 9.400659e+02 9.309830e+02 9.450542e+02 9.308183e+02 9.252247e+02
47t 1.025897e+03 5.414200e+02 5.392707e+02 1.022599e+03 1.231034e+03
48t 1.034461e+03 9.339512e+02 9.730338e+02 9.650152e+02 1.406355e+03
49t 5.621378e+02 1.023758e+03 9.142601e+02 1.021928e+03 1.234153e+03
50t 1.240244e+03 1.225302e+03 1.215558e+03 1.085093e+03 1.417116e+03
              16           17           18           19           20
1t  2.009295e+00 9.515262e-01 1.302149e+00 6.686748e-01 6.689333e-01
2t  1.916930e+07 3.182346e+07 1.451062e+07 3.527592e+06 3.437802e+06
3t  3.625149e+06 2.045135e+06 2.080392e+06 1.003692e+06 8.998066e+05
4t  1.243341e+05 1.170114e+05 1.040043e+05 6.834553e+04 1.302128e+05
5t  5.572179e+00 3.789429e+01 2.812380e+01 1.214626e+01 4.426834e+01
6t  3.424530e+02 2.950325e+02 1.893302e+02 2.343409e+00 2.889618e+00
7t  3.593659e+03 7.808270e+03 5.093633e+03 7.599982e+03 9.947432e+03
8t  8.112793e+00 5.568286e+00 6.077366e+00 5.112311e+00 1.266644e+02
9t  2.413444e+02 2.787037e+02 2.870786e+02 3.679009e+02 4.393648e+02
10t 3.392959e+01 2.784974e+01 2.921507e+01 2.249802e+01 1.967628e+01
11t 2.241353e+02 2.702715e+02 2.736629e+02 3.911833e+02 4.243740e+02
12t 2.566424e+02 2.373193e+03 4.046338e+02 2.406045e+02 1.065707e+04
13t 1.855009e+00 1.370248e+00 1.558487e+00 2.028151e+01 1.972390e+01
14t 2.096524e+01 2.101147e+01 2.121562e+01 2.082570e+01 2.112648e+01
15t 5.509986e+02 5.902765e+02 3.951977e+02 1.330916e+02 1.009674e+02
16t 4.815284e+01 4.955276e+01 4.877167e+01 4.911059e+01 4.923738e+01
17t 5.729112e-01 7.118559e-01 1.570784e+00 5.750492e-02 3.328808e+02
18t 1.006115e+00 9.632464e-01 9.811571e-01 7.944816e-01 6.030322e-01
19t 3.837084e+02 5.642699e+02 4.995421e+02 8.731703e+02 4.886393e+03
20t 1.787282e+02 2.538699e+02 3.067715e+02 5.955428e+02 9.712546e+02
21t 2.763026e+04 2.840481e+04 2.741992e+04 3.179916e+04 3.823511e+04
22t 2.861091e+04 2.761204e+04 2.774494e+04 3.116074e+04 3.888351e+04
23t 4.422949e+01 4.549014e+01 4.867657e+01 6.863951e+01 9.175101e+01
24t 6.985278e-01 7.124178e-01 1.022709e+00 5.637634e-01 4.556296e+00
25t 4.739454e-01 7.776266e-01 4.750852e-01 7.116701e-01 5.660468e-01
26t 3.078582e-01 2.822573e-01 3.534491e-01 3.267084e-01 3.031682e-01
27t 9.757694e+01 7.326249e+01 6.603065e+01 1.137241e+02 5.954890e+01
28t 3.079489e+02 2.086244e+02 2.210171e+02 2.783082e+02 1.321513e+02
29t 2.604756e+02 3.039613e+02 3.109673e+02 4.252439e+02 4.671254e+02
30t 1.369915e+01 1.015978e+01 1.185199e+01 1.167982e+01 1.326812e+01
31t 1.879957e+02 1.723554e+02 1.750747e+02 2.546463e+02 9.834235e+01
32t 3.372604e+02 2.859068e+02 3.458024e+02 5.376392e+02 3.265501e+02
33t 1.054306e+02 1.086929e+02 1.013171e+02 2.171229e+02 1.694044e+02
34t 2.905382e+01 2.462439e+01 2.370043e+01 2.211673e+01 2.540132e+01
35t 1.262970e+04 1.268255e+04 1.282077e+04 1.388104e+04 1.837737e+04
36t 2.515910e+05 2.082049e+05 2.401165e+05 2.125912e+05 1.121808e+05
37t 5.986083e+01 5.911393e+01 6.082645e+01 5.904084e+01 6.239240e+01
38t 2.469512e+05 1.782628e+05 2.433785e+05 3.097555e+05 1.725186e+05
39t 7.488511e+00 6.029639e+00 6.436365e+00 6.463494e+00 4.632874e+00
40t 1.839678e+01 6.374983e+01 3.786665e+01 6.683527e+01 6.051151e+02
41t 4.525197e+02 4.473740e+02 4.346295e+02 7.824103e+02 4.426650e+02
42t 3.430998e+02 2.881293e+02 2.925980e+02 4.271133e+02 4.257262e+02
43t 3.293704e+02 3.970341e+02 3.999632e+02 4.613052e+02 4.308323e+02
44t 9.215792e+02 9.385460e+02 9.271517e+02 9.492116e+02 9.242988e+02
45t 9.215478e+02 9.352441e+02 9.374966e+02 1.072720e+03 9.257789e+02
46t 9.308162e+02 9.255604e+02 9.289830e+02 1.009863e+03 9.214328e+02
47t 1.021041e+03 5.359440e+02 9.133022e+02 5.304705e+02 1.204640e+03
48t 9.106455e+02 9.897456e+02 1.015556e+03 1.179332e+03 1.415776e+03
49t 1.021205e+03 1.023503e+03 1.022701e+03 5.456094e+02 1.289627e+03
50t 9.763377e+02 1.260869e+03 1.218271e+03 1.459966e+03 1.418781e+03
              21           22           23           24           25
1t  1.415411e+00 1.489959e+00 5.712344e-01 1.928989e+00 1.691919e+00
2t  1.612996e+07 2.051674e+07 3.182924e+06 2.349766e+07 1.084112e+07
3t  2.344546e+06 2.736316e+06 8.582918e+05 3.367406e+06 2.641950e+06
4t  1.251775e+05 1.264451e+05 1.551682e+05 1.181197e+05 1.458833e+05
5t  4.460831e+01 8.184682e+00 4.267475e+01 1.260016e+01 2.300591e+01
6t  4.824898e+02 4.312942e+02 3.315795e+00 5.197030e+02 2.803002e+02
7t  5.008299e+03 3.980279e+03 1.174260e+04 6.874411e+03 4.859967e+03
8t  6.135289e+00 6.999121e+00 1.216725e+02 7.312873e+00 7.282598e+00
9t  2.599760e+02 2.583245e+02 3.327621e+02 2.004946e+02 2.838312e+02
10t 2.806932e+01 3.123928e+01 1.970287e+01 3.106825e+01 3.300891e+01
11t 2.423518e+02 2.339387e+02 3.396654e+02 2.455991e+02 2.072934e+02
12t 9.858357e+03 3.020151e+02 1.004548e+04 2.794931e+02 3.178361e+03
13t 1.518597e+00 1.761288e+00 1.985270e+01 1.692224e+00 1.779801e+00
14t 2.087483e+01 2.114664e+01 2.097533e+01 2.101592e+01 2.110236e+01
15t 5.371412e+02 4.424113e+02 1.131662e+02 3.247121e+02 2.572126e+02
16t 4.584947e+01 4.885508e+01 4.923314e+01 4.947124e+01 7.080813e+01
17t 1.324653e+00 1.047011e+00 3.300383e+02 6.929441e-01 1.054504e+00
18t 9.555857e-01 9.995716e-01 6.568669e-01 1.016965e+00 9.972225e-01
19t 5.225493e+02 3.771935e+02 4.625671e+03 3.847068e+02 4.145413e+02
20t 3.187387e+02 2.617521e+02 4.810316e+02 2.342522e+02 2.247954e+02
21t 2.847747e+04 2.707359e+04 3.771628e+04 2.796451e+04 2.805119e+04
22t 2.833456e+04 2.883701e+04 3.969531e+04 2.809601e+04 2.877065e+04
23t 5.134459e+01 4.547660e+01 8.180157e+01 3.887998e+01 4.667190e+01
24t 6.992059e-01 8.461924e-01 5.421793e+00 8.299224e-01 6.769229e-01
25t 6.457928e-01 6.421002e-01 5.558494e-01 4.928245e-01 4.794780e-01
26t 2.868048e-01 2.981246e-01 2.974945e-01 3.135202e-01 2.487090e-01
27t 7.962987e+01 8.159926e+01 7.248337e+01 4.314712e+01 7.473246e+01
28t 2.555614e+02 2.632453e+02 1.299671e+02 2.798380e+02 2.677361e+02
29t 3.067011e+02 3.045797e+02 4.635052e+02 3.063359e+02 2.645933e+02
30t 1.202506e+01 1.213457e+01 1.090656e+01 1.286321e+01 1.225174e+01
31t 1.517148e+02 1.477274e+02 1.475441e+02 1.547484e+02 1.338985e+02
32t 2.686823e+02 2.772233e+02 3.631557e+02 3.368377e+02 3.106529e+02
33t 9.773379e+01 1.001202e+02 2.017845e+02 9.662560e+01 9.065141e+01
34t 2.602251e+01 2.701708e+01 2.885887e+01 2.740202e+01 2.836031e+01
35t 1.220223e+04 1.247025e+04 1.818259e+04 1.243899e+04 1.259409e+04
36t 1.426594e+05 2.536193e+05 1.100451e+05 2.551783e+05 2.309181e+05
37t 6.091701e+01 6.142994e+01 5.983357e+01 6.030643e+01 5.406930e+01
38t 2.162027e+05 2.946473e+05 1.788499e+05 2.364835e+05 2.864899e+05
39t 6.515902e+00 6.219232e+00 5.483669e+00 6.359790e+00 7.049004e+00
40t 3.282497e+01 3.693621e+01 5.163765e+02 2.669986e+01 2.777937e+01
41t 3.951577e+02 4.501862e+02 9.477876e+02 4.513106e+02 4.508740e+02
42t 3.009571e+02 2.915944e+02 4.259836e+02 2.919771e+02 2.639309e+02
43t 3.462441e+02 3.828679e+02 5.490452e+02 3.192441e+02 3.667304e+02
44t 9.248407e+02 9.275610e+02 9.260863e+02 9.213908e+02 9.231212e+02
45t 9.290458e+02 9.214565e+02 9.237054e+02 9.310482e+02 9.233250e+02
46t 9.229673e+02 9.335548e+02 9.242027e+02 9.334255e+02 9.332249e+02
47t 5.445496e+02 1.022340e+03 1.234934e+03 1.018345e+03 1.026308e+03
48t 9.853874e+02 9.917703e+02 1.356241e+03 9.242897e+02 9.817232e+02
49t 1.023695e+03 1.019741e+03 5.410696e+02 1.024497e+03 1.020048e+03
50t 1.262254e+03 1.112574e+03 1.399369e+03 1.187556e+03 1.109497e+03
              26           27           28           29           30
1t  1.228409e+00 1.492598e+00 1.286915e+00 1.107573e+00 1.818465e+00
2t  6.558749e+06 1.438884e+07 7.680364e+06 2.211737e+07 1.011323e+07
3t  1.674267e+06 2.701276e+06 2.429082e+06 1.727709e+06 2.209672e+06
4t  1.113812e+05 8.543563e+04 9.004033e+04 1.311716e+05 9.320799e+04
5t  6.222760e+01 1.498309e+01 2.949789e+01 3.938483e+01 9.106332e+00
6t  8.013677e+01 1.943977e+02 1.693334e+02 6.866907e+02 1.988889e+02
7t  8.733971e+03 4.981610e+03 3.960168e+03 8.076405e+03 3.142412e+03
8t  5.871022e+00 7.046501e+00 6.582042e+00 5.679059e+00 7.728084e+00
9t  3.774737e+02 2.716755e+02 2.292081e+02 2.848813e+02 2.093414e+02
10t 2.727292e+01 3.059133e+01 3.193264e+01 2.673765e+01 3.351459e+01
11t 3.813007e+02 2.423420e+02 2.573437e+02 2.688604e+02 1.241968e+02
12t 2.395148e+04 1.785945e+02 2.498906e+02 1.070802e+04 1.860324e+02
13t 2.018671e+01 1.754718e+00 1.599939e+00 1.425586e+00 1.857799e+00
14t 2.116677e+01 2.115378e+01 2.107706e+01 2.110503e+01 2.102128e+01
15t 1.574066e+02 2.217703e+02 5.727306e+02 4.539097e+02 2.545811e+02
16t 4.926072e+01 4.889070e+01 4.840759e+01 5.007216e+01 4.752374e+01
17t 2.970092e+02 8.097996e-02 2.408454e-01 1.128821e+00 1.172186e-01
18t 9.254156e-01 9.595494e-01 9.883546e-01 1.019818e+00 9.927298e-01
19t 1.375681e+03 4.168292e+02 4.433337e+02 5.625977e+02 4.284666e+02
20t 6.139882e+02 2.324786e+02 2.569913e+02 3.297730e+02 2.530458e+02
21t 3.479573e+04 2.605822e+04 2.709334e+04 2.777431e+04 2.692045e+04
22t 3.556645e+04 2.830564e+04 2.936976e+04 2.902479e+04 2.847667e+04
23t 6.230354e+01 5.006073e+01 4.062342e+01 5.262173e+01 4.241291e+01
24t 3.701798e+00 6.124226e-01 6.652853e-01 7.431958e-01 4.309988e-01
25t 6.000828e-01 5.176786e-01 5.489486e-01 6.716692e-01 5.874331e-01
26t 2.949679e-01 3.267065e-01 2.899599e-01 3.291692e-01 3.516882e-01
27t 5.292379e+01 9.857345e+01 8.909949e+01 7.747223e+01 5.911903e+01
28t 1.667839e+02 2.738476e+02 2.261705e+02 2.759268e+02 2.675001e+02
29t 4.410184e+02 2.530985e+02 3.053501e+02 3.026028e+02 2.707514e+02
30t 1.408179e+01 1.125085e+01 1.308116e+01 1.200640e+01 1.259970e+01
31t 1.110267e+02 1.745995e+02 1.713074e+02 1.546282e+02 1.554176e+02
32t 3.475943e+02 3.729676e+02 3.864299e+02 3.247768e+02 3.585852e+02
33t 1.502099e+02 9.919091e+01 9.262758e+01 1.128456e+02 9.154133e+01
34t 3.005080e+01 3.010958e+01 2.546713e+01 2.600532e+01 2.838116e+01
35t 1.403215e+04 1.279215e+04 1.272538e+04 1.283306e+04 1.272027e+04
36t 1.606861e+05 2.356326e+05 1.822067e+05 1.538996e+05 2.963090e+05
37t 6.663318e+01 6.052503e+01 6.204732e+01 6.166361e+01 6.230532e+01
38t 1.553888e+05 3.035839e+05 2.441236e+05 2.043959e+05 3.097624e+05
39t 4.645058e+00 5.629626e+00 5.820117e+00 6.494289e+00 6.317517e+00
40t 7.480091e+02 2.937402e+01 3.047725e+01 5.882712e+01 3.342947e+01
41t 4.485345e+02 4.507502e+02 4.494278e+02 4.367144e+02 4.507472e+02
42t 3.939131e+02 2.994139e+02 3.397616e+02 3.242899e+02 2.916405e+02
43t 4.144649e+02 3.330371e+02 3.350182e+02 4.487827e+02 3.068118e+02
44t 9.434618e+02 9.211703e+02 9.223321e+02 9.317906e+02 9.342297e+02
45t 9.507425e+02 9.231145e+02 9.339980e+02 9.369858e+02 9.205918e+02
46t 9.453608e+02 9.274174e+02 9.460497e+02 9.436466e+02 9.270391e+02
47t 5.392411e+02 1.022013e+03 1.022642e+03 5.333304e+02 1.024278e+03
48t 1.177338e+03 9.398425e+02 9.617658e+02 9.376498e+02 9.517168e+02
49t 5.730726e+02 1.019536e+03 1.022927e+03 5.778339e+02 1.022142e+03
50t 1.324080e+03 1.145497e+03 1.211104e+03 1.276298e+03 1.197317e+03
              31           32           33           34           35
1t  1.266476e+00 7.822321e-01 1.015191e+00 9.421584e-01 8.554038e-01
2t  8.421683e+06 3.605557e+06 1.311139e+07 1.869525e+06 4.956264e+06
3t  2.145229e+06 1.414310e+06 1.512463e+06 1.470695e+06 1.392926e+06
4t  1.116775e+05 5.441546e+04 1.104384e+05 7.300313e+04 1.146489e+05
5t  4.264708e+01 1.383517e+01 4.291275e+01 1.320124e+01 5.924197e+01
6t  1.419321e+02 3.837753e+00 1.091266e+02 4.209941e+00 3.442360e+01
7t  5.320990e+03 5.788368e+03 6.519635e+03 8.874803e+03 7.629174e+03
8t  6.299695e+00 5.317522e+00 5.447821e+00 6.134359e+00 4.713908e+00
9t  2.667868e+02 3.263296e+02 2.777206e+02 3.049875e+02 3.958373e+02
10t 2.902506e+01 2.578903e+01 2.513953e+01 2.884521e+01 2.392004e+01
11t 2.526091e+02 3.346694e+02 2.900691e+02 3.365030e+02 3.504171e+02
12t 9.954268e+03 3.767364e+03 2.480489e+02 2.202508e+02 2.156310e+04
13t 1.477802e+00 1.980256e+01 1.243250e+00 1.989874e+01 2.016816e+01
14t 2.102687e+01 2.111844e+01 2.095076e+01 2.103428e+01 2.113254e+01
15t 1.963258e+02 1.030745e+03 1.660180e+02 1.609204e+02 1.364785e+02
16t 4.932262e+01 4.713024e+01 4.925896e+01 4.709529e+01 4.926117e+01
17t 4.837321e-01 1.407116e-01 2.416928e+00 7.244039e-02 4.077890e+02
18t 9.454755e-01 8.537385e-01 8.873646e-01 8.962887e-01 8.224989e-01
19t 4.859768e+02 6.895466e+02 6.450408e+02 5.616900e+02 2.086823e+03
20t 2.665823e+02 4.415997e+02 3.723191e+02 3.989466e+02 7.371476e+02
21t 2.791263e+04 2.931996e+04 2.882972e+04 2.994366e+04 3.525246e+04
22t 2.932846e+04 3.097481e+04 2.845673e+04 3.054269e+04 3.601795e+04
23t 5.199659e+01 6.747325e+01 5.498319e+01 6.253549e+01 6.934473e+01
24t 5.599004e-01 6.308429e-01 6.911266e-01 1.235358e+00 3.677006e+00
25t 6.494049e-01 5.111237e-01 7.904309e-01 7.325101e-01 6.163362e-01
26t 2.882212e-01 3.535869e-01 3.269948e-01 3.070761e-01 2.499171e-01
27t 7.396060e+01 1.124579e+02 9.738518e+01 1.067519e+02 5.115340e+01
28t 2.325614e+02 2.113140e+02 3.640957e+02 2.734013e+02 1.430837e+02
29t 2.828852e+02 3.609705e+02 3.491642e+02 4.201298e+02 4.313030e+02
30t 1.083062e+01 1.041497e+01 9.945209e+00 1.964262e+01 1.524587e+01
31t 2.131239e+02 2.042870e+02 1.862643e+02 2.761176e+02 1.140106e+02
32t 3.443000e+02 6.168920e+02 3.574501e+02 4.567185e+02 3.313098e+02
33t 1.013725e+02 1.407482e+02 1.358716e+02 1.264131e+02 1.351395e+02
34t 2.466271e+01 2.796684e+01 2.221695e+01 2.418538e+01 2.770306e+01
35t 1.263102e+04 1.338342e+04 1.290291e+04 1.338218e+04 1.448187e+04
36t 2.428855e+05 2.807985e+05 1.657404e+05 3.590336e+05 1.259945e+05
37t 5.879536e+01 5.988447e+01 5.466788e+01 6.227323e+01 6.637648e+01
38t 2.698973e+05 2.176771e+05 2.461168e+05 4.175568e+05 1.490203e+05
39t 5.675171e+00 7.027129e+00 6.378950e+00 5.310380e+00 4.793068e+00
40t 4.000283e+01 5.636088e+01 1.251461e+02 4.647388e+01 8.605990e+02
41t 4.490772e+02 4.474251e+02 4.473495e+02 4.482781e+02 4.463798e+02
42t 2.975260e+02 4.268986e+02 3.351521e+02 4.289632e+02 4.276152e+02
43t 3.723658e+02 4.305226e+02 4.446111e+02 5.312981e+02 4.160744e+02
44t 9.475725e+02 9.377113e+02 9.354598e+02 9.309460e+02 9.318327e+02
45t 9.370657e+02 9.340600e+02 9.286569e+02 1.061600e+03 9.326270e+02
46t 9.466705e+02 9.407639e+02 9.362605e+02 9.416128e+02 9.288798e+02
47t 5.420574e+02 5.331168e+02 5.324785e+02 9.089905e+02 1.202298e+03
48t 1.033658e+03 1.135151e+03 1.025018e+03 1.029992e+03 1.276789e+03
49t 1.020963e+03 5.549765e+02 5.528545e+02 1.024124e+03 1.201030e+03
50t 1.278857e+03 1.269621e+03 1.282944e+03 1.329650e+03 1.346289e+03
              36           37           38           39           40
1t  1.446903e+00 1.076446e+00 1.503730e+00 7.850958e-01 5.927399e-01
2t  2.418145e+07 1.119578e+07 1.870756e+07 6.657783e+06 3.765678e+06
3t  2.309565e+06 1.854200e+06 2.301800e+06 1.172461e+06 7.834257e+05
4t  1.146974e+05 1.443991e+05 1.035082e+05 1.552274e+05 1.739555e+05
5t  1.350019e+01 3.736498e+01 1.089669e+01 4.900446e+01 4.702816e+01
6t  3.460015e+02 2.108619e+02 3.355551e+02 1.068286e+01 4.126685e+00
7t  4.375248e+03 6.306134e+03 3.656094e+03 2.221481e+04 1.557000e+04
8t  6.122153e+00 5.933074e+00 6.472061e+00 5.746541e+00 4.265956e+00
9t  2.781189e+02 2.827733e+02 2.608631e+02 3.208076e+02 3.132571e+02
10t 2.877348e+01 2.874196e+01 3.187872e+01 2.091278e+01 1.844428e+01
11t 2.471296e+02 2.801736e+02 2.747622e+02 3.024488e+02 4.218851e+02
12t 2.913347e+02 8.393044e+03 2.738582e+02 1.967869e+04 1.221579e+04
13t 1.570301e+00 1.359263e+00 1.605902e+00 1.960550e+01 1.981032e+01
14t 2.115256e+01 2.115364e+01 2.113560e+01 2.087766e+01 2.115662e+01
15t 4.674560e+02 3.633263e+02 1.966200e+02 1.266894e+02 1.003133e+02
16t 4.881876e+01 4.740217e+01 4.850724e+01 6.721285e+01 4.924197e+01
17t 1.815731e+00 1.065357e+00 4.210202e-01 3.731016e+01 3.645763e+02
18t 9.970631e-01 9.171362e-01 9.603499e-01 8.197478e-01 6.346343e-01
19t 5.015035e+02 5.016669e+02 4.818202e+02 1.582188e+03 5.411562e+03
20t 2.225099e+02 3.005857e+02 2.704635e+02 3.826435e+02 9.309220e+02
21t 2.769472e+04 2.713027e+04 2.727057e+04 2.898057e+04 3.787044e+04
22t 2.840873e+04 2.779905e+04 2.850501e+04 2.923605e+04 3.821413e+04
23t 4.732866e+01 5.163653e+01 3.947918e+01 6.009154e+01 8.892074e+01
24t 9.325272e-01 7.247263e-01 8.072682e-01 3.248380e-01 1.416202e+00
25t 6.972172e-01 5.411207e-01 5.528158e-01 6.920732e-01 6.004545e-01
26t 3.230178e-01 2.794926e-01 2.947201e-01 3.502242e-01 2.947535e-01
27t 7.068520e+01 6.288708e+01 7.462090e+01 1.049947e+02 5.525282e+01
28t 2.445108e+02 2.335756e+02 2.428055e+02 2.033657e+02 1.402976e+02
29t 2.833677e+02 2.803444e+02 2.639628e+02 3.059370e+02 4.582104e+02
30t 1.303193e+01 1.272783e+01 1.153043e+01 2.053422e+01 1.076736e+01
31t 1.606839e+02 1.547290e+02 1.670374e+02 2.255029e+02 1.183710e+02
32t 3.556785e+02 5.686542e+02 2.860903e+02 3.232581e+02 2.804867e+02
33t 9.791386e+01 1.132085e+02 1.184486e+02 1.120607e+02 1.892353e+02
34t 2.749699e+01 2.519973e+01 2.535168e+01 3.184436e+01 2.849563e+01
35t 1.258854e+04 1.299604e+04 1.254848e+04 1.429442e+04 1.906052e+04
36t 2.189722e+05 1.927550e+05 2.425591e+05 1.482352e+05 1.131311e+05
37t 6.103887e+01 5.950802e+01 5.959217e+01 5.600478e+01 6.053674e+01
38t 2.745276e+05 2.260650e+05 2.346331e+05 1.867426e+05 1.837284e+05
39t 5.601461e+00 7.325293e+00 5.765999e+00 5.307307e+00 5.326985e+00
40t 3.812390e+01 6.133511e+01 3.620197e+01 2.298070e+02 7.737156e+02
41t 4.497966e+02 4.477527e+02 4.353597e+02 7.773163e+02 9.667916e+02
42t 2.984845e+02 3.470730e+02 2.782885e+02 3.912647e+02 4.255101e+02
43t 4.094968e+02 4.106271e+02 3.336438e+02 3.987024e+02 4.791327e+02
44t 9.217526e+02 9.274528e+02 9.244546e+02 9.337178e+02 9.227748e+02
45t 9.285298e+02 9.315459e+02 9.228022e+02 9.599669e+02 9.247521e+02
46t 9.337140e+02 9.317907e+02 9.241119e+02 1.111690e+03 9.229688e+02
47t 1.024984e+03 5.468965e+02 1.021107e+03 1.193666e+03 1.236495e+03
48t 9.684513e+02 9.334808e+02 9.885928e+02 1.208994e+03 1.419373e+03
49t 1.021727e+03 1.022970e+03 1.022821e+03 1.035639e+03 1.272200e+03
50t 1.239475e+03 1.245751e+03 1.148295e+03 1.359557e+03 1.440573e+03
              41           42           43           44           45
1t  1.235569e+00 1.851254e+00 8.244959e-01 1.487386e+00 1.557338e+00
2t  1.247998e+07 1.878981e+07 2.284456e+06 2.866726e+07 1.670942e+07
3t  2.066505e+06 3.066110e+06 1.237141e+06 2.353840e+06 2.533024e+06
4t  1.167961e+05 1.311204e+05 4.987203e+04 7.994507e+04 9.885867e+04
5t  3.152846e+01 1.093361e+01 5.540356e+00 5.833763e+01 3.324675e+01
6t  3.143995e+01 6.927407e+02 3.433609e+00 1.289684e+02 2.488551e+02
7t  4.901166e+03 6.881046e+03 4.518550e+04 6.369252e+03 3.320597e+03
8t  6.655007e+00 7.368391e+00 4.717279e+00 6.561821e+00 7.510129e+00
9t  2.787677e+02 2.519811e+02 4.118100e+02 2.931769e+02 2.054619e+02
10t 2.719355e+01 3.096839e+01 2.353439e+01 3.029684e+01 3.015158e+01
11t 2.680182e+02 2.453180e+02 3.621902e+02 2.719563e+02 1.783117e+02
12t 9.653261e+03 4.443989e+02 2.171702e+02 1.644855e+04 2.575980e+02
13t 1.866837e+01 1.790597e+00 2.018172e+01 1.616557e+00 1.689460e+00
14t 2.111575e+01 2.115316e+01 2.080517e+01 2.095720e+01 2.114280e+01
15t 4.944909e+02 3.239348e+02 1.243713e+02 3.490930e+02 2.394839e+02
16t 1.076829e+02 4.975550e+01 4.924121e+01 9.898724e+01 4.924331e+01
17t 2.452233e+00 1.050365e+00 2.611325e-02 2.942123e+00 2.420359e-01
18t 9.696850e-01 1.035835e+00 7.849830e-01 9.494923e-01 1.011758e+00
19t 5.729461e+02 4.109614e+02 2.362486e+03 4.395336e+02 3.551585e+02
20t 3.843271e+02 2.652384e+02 5.418643e+02 3.238158e+02 1.621707e+02
21t 2.829623e+04 2.818038e+04 4.028025e+04 2.844574e+04 2.769547e+04
22t 2.848718e+04 2.850572e+04 3.097790e+04 2.887597e+04 2.804179e+04
23t 5.823750e+01 5.075288e+01 8.202306e+01 5.135898e+01 4.325471e+01
24t 7.655095e-01 8.177315e-01 6.844245e+00 8.006799e-01 7.321076e-01
25t 9.218810e-01 5.449825e-01 5.480602e-01 5.964762e-01 5.005176e-01
26t 2.219852e-01 2.926325e-01 2.577388e-01 3.573956e-01 3.674838e-01
27t 9.280973e+01 3.439929e+01 8.467985e+01 7.267944e+01 9.464570e+01
28t 2.457115e+02 2.882368e+02 1.856836e+02 2.771237e+02 2.727007e+02
29t 2.776543e+02 2.591815e+02 4.750157e+02 3.307354e+02 2.334650e+02
30t 1.296079e+01 1.324525e+01 5.961686e+02 1.303952e+01 1.195305e+01
31t 2.101267e+02 1.728828e+02 1.776932e+02 1.640318e+02 1.805759e+02
32t 4.904883e+02 3.587791e+02 4.140667e+02 4.678070e+02 3.071848e+02
33t 1.149761e+02 1.099268e+02 2.003225e+02 9.667959e+01 1.153712e+02
34t 2.662316e+01 2.621547e+01 3.381095e+01 3.033636e+01 2.607728e+01
35t 1.280353e+04 1.241939e+04 1.437853e+04 1.281744e+04 1.253311e+04
36t 2.421387e+05 2.276395e+05 1.627000e+05 1.758352e+05 1.907025e+05
37t 6.040889e+01 6.018657e+01 6.340991e+01 5.568715e+01 6.235691e+01
38t 2.191468e+05 2.455589e+05 1.785725e+05 2.076766e+05 2.645981e+05
39t 5.937465e+00 5.890531e+00 5.899954e+00 7.583637e+00 5.564068e+00
40t 8.104781e+01 2.950275e+01 7.721222e+01 6.894964e+01 3.990578e+01
41t 4.492349e+02 3.995745e+02 6.743507e+02 4.494914e+02 5.227443e+02
42t 3.617399e+02 3.122113e+02 4.269083e+02 2.901944e+02 3.372426e+02
43t 3.458619e+02 3.753618e+02 4.291953e+02 3.564483e+02 3.745431e+02
44t 9.537917e+02 9.266840e+02 9.334328e+02 9.345252e+02 9.205182e+02
45t 9.277376e+02 9.399820e+02 1.104945e+03 9.365350e+02 9.300961e+02
46t 9.487066e+02 9.383843e+02 1.132519e+03 9.289080e+02 9.311009e+02
47t 9.158848e+02 1.022905e+03 1.207865e+03 5.481504e+02 1.030134e+03
48t 1.028096e+03 9.780094e+02 1.319124e+03 9.434735e+02 9.370942e+02
49t 1.020341e+03 1.021880e+03 5.486184e+02 1.029853e+03 1.023904e+03
50t 1.188871e+03 1.062318e+03 1.324951e+03 1.221183e+03 1.068418e+03
              46           47           48           49           50
1t  1.577303e+00 3.772142e+00 8.135976e-01 1.842255e+00 2.844655e+00
2t  9.879273e+06 2.970626e+07 1.695341e+07 7.218727e+06 2.224921e+07
3t  2.475287e+06 5.838392e+06 1.338430e+06 3.243809e+06 4.061831e+06
4t  1.490831e+05 1.209608e+05 1.226384e+05 8.694351e+04 1.154764e+05
5t  6.044612e+01 5.806949e+00 6.128686e+01 1.640122e+01 2.719504e+00
6t  3.001504e+02 6.729709e+02 2.567210e+02 6.082789e+01 4.076269e+02
7t  1.024102e+04 4.318575e+03 9.038038e+03 2.879667e+03 3.699095e+03
8t  6.548959e+00 9.660484e+00 4.763531e+00 7.823018e+00 7.522215e+00
9t  3.662594e+02 1.607679e+02 2.832446e+02 2.675236e+02 1.331872e+02
10t 2.834314e+01 3.737982e+01 2.315174e+01 3.333297e+01 3.709548e+01
11t 3.253195e+02 2.125891e+02 2.733120e+02 2.552180e+02 2.122394e+02
12t 2.661934e+04 2.643817e+02 2.239584e+04 1.943070e+02 3.047967e+02
13t 2.004735e+01 2.354296e+00 1.929897e+01 1.787520e+00 2.189318e+00
14t 2.117852e+01 2.113382e+01 2.095864e+01 2.118481e+01 2.112425e+01
15t 2.064740e+02 4.235033e+02 1.709360e+02 2.173940e+02 6.193014e+02
16t 4.926647e+01 4.901783e+01 6.559350e+01 4.817752e+01 4.934815e+01
17t 1.021177e+02 1.389386e+00 1.174091e+01 1.500852e-01 1.596245e-01
18t 9.489764e-01 1.058429e+00 8.839416e-01 1.008253e+00 1.040013e+00
19t 1.156790e+03 4.081451e+02 6.127409e+02 3.857874e+02 4.105347e+02
20t 6.288178e+02 2.216115e+02 3.439885e+02 3.211568e+02 2.166644e+02
21t 3.410146e+04 2.750027e+04 2.835809e+04 2.842365e+04 2.810733e+04
22t 3.549240e+04 2.733187e+04 2.876254e+04 2.920714e+04 2.895746e+04
23t 5.324103e+01 4.217727e+01 6.073640e+01 5.116518e+01 4.228610e+01
24t 3.558879e+00 9.019663e-01 8.620459e-01 4.802261e-01 9.874528e-01
25t 5.649725e-01 5.545944e-01 7.518689e-01 6.358383e-01 5.622561e-01
26t 2.596141e-01 3.145558e-01 2.802801e-01 2.820843e-01 2.815421e-01
27t 5.687876e+01 6.759837e+01 8.633207e+01 8.992432e+01 9.059959e+01
28t 2.042034e+02 4.187311e+02 4.894752e+04 2.860399e+02 3.628824e+02
29t 4.142422e+02 3.080642e+02 3.436989e+02 2.755036e+02 2.746858e+02
30t 1.710574e+01 1.459371e+01 9.515989e+00 1.276148e+01 1.419409e+01
31t 1.048299e+02 1.512673e+02 1.743648e+02 1.666949e+02 1.359014e+02
32t 4.069379e+02 3.088476e+02 2.437258e+02 3.705022e+02 3.724392e+02
33t 1.229308e+02 9.687701e+01 1.185889e+02 1.209405e+02 9.894908e+01
34t 2.782051e+01 3.323074e+01 2.350527e+01 3.251729e+01 2.982594e+01
35t 1.365531e+04 1.257559e+04 1.322755e+04 1.262051e+04 1.251446e+04
36t 3.022392e+05 3.245927e+05 1.601394e+05 3.235893e+05 3.358948e+05
37t 6.274259e+01 5.968171e+01 5.659908e+01 6.250957e+01 6.162240e+01
38t 1.754764e+05 2.776788e+05 2.049581e+05 2.782219e+05 2.799436e+05
39t 6.558970e+00 6.783992e+00 5.087434e+00 5.911132e+00 5.797054e+00
40t 3.567744e+02 2.479317e+01 2.021884e+02 3.856734e+01 2.004576e+01
41t 4.495017e+02 4.464868e+02 4.454671e+02 4.507848e+02 4.186658e+02
42t 3.749519e+02 2.849809e+02 3.519517e+02 3.885402e+02 3.066496e+02
43t 3.804513e+02 3.317442e+02 4.319105e+02 3.477101e+02 3.170192e+02
44t 9.628544e+02 9.219668e+02 9.307707e+02 9.314360e+02 9.291427e+02
45t 1.009804e+03 9.250464e+02 9.319759e+02 9.223976e+02 9.277291e+02
46t 9.533006e+02 9.346370e+02 9.305069e+02 9.312148e+02 9.317141e+02
47t 5.568230e+02 1.023992e+03 5.396458e+02 5.800980e+02 1.023750e+03
48t 1.153872e+03 9.168149e+02 1.078031e+03 9.807135e+02 9.207395e+02
49t 5.631319e+02 1.022759e+03 5.467002e+02 1.020036e+03 1.021650e+03
50t 1.313337e+03 1.011209e+03 1.298072e+03 1.197284e+03 1.225057e+03
              51           52           53           54           55
1t  1.298015e+00 9.545789e-01 9.889812e-01 1.558420e+00 7.707666e-01
2t  1.233018e+07 1.424295e+07 7.878313e+06 6.875989e+06 4.455308e+06
3t  2.117178e+06 1.669916e+06 1.411533e+06 2.517620e+06 1.154649e+06
4t  1.139717e+05 1.149676e+05 1.066811e+05 1.174382e+05 1.148875e+05
5t  2.111911e+01 2.287691e+01 2.946203e+01 4.423288e+01 5.526497e+01
6t  1.399366e+02 1.404835e+02 1.030177e+01 1.306942e+02 1.252507e+01
7t  5.947798e+03 6.012507e+03 5.541771e+03 7.484788e+03 1.372412e+04
8t  6.421687e+00 5.920376e+00 5.614665e+00 6.635174e+00 5.099733e+00
9t  2.740765e+02 2.788418e+02 3.189560e+02 2.934718e+02 4.061459e+02
10t 3.063684e+01 2.400719e+01 2.778193e+01 3.115192e+01 2.298561e+01
11t 2.860965e+02 2.487096e+02 3.135837e+02 2.681945e+02 4.168177e+02
12t 3.078699e+02 3.800734e+02 9.265335e+03 4.902982e+03 2.001241e+04
13t 1.598863e+00 1.360206e+00 1.925673e+01 1.770457e+00 2.028987e+01
14t 2.107460e+01 2.097368e+01 2.097148e+01 2.107361e+01 2.114020e+01
15t 2.035804e+02 3.951789e+02 1.511581e+02 4.843466e+02 1.253827e+02
16t 4.898774e+01 4.869224e+01 4.705914e+01 4.917212e+01 4.924882e+01
17t 8.905418e-02 2.198952e-01 1.537752e+00 5.811790e-02 5.628256e+02
18t 9.666668e-01 9.225863e-01 8.622635e-01 9.540937e-01 7.341902e-01
19t 5.185969e+02 4.979552e+02 5.867850e+02 5.266345e+02 2.543555e+03
20t 2.496265e+02 2.786727e+02 3.272044e+02 3.309457e+02 7.655442e+02
21t 2.875618e+04 2.750644e+04 2.874970e+04 3.138092e+04 3.475856e+04
22t 2.845203e+04 2.825558e+04 2.919499e+04 3.455600e+04 3.674477e+04
23t 4.917713e+01 5.496306e+01 5.020536e+01 4.857798e+01 7.470246e+01
24t 6.386312e-01 7.733516e-01 7.617448e-01 3.599596e+00 3.846716e+00
25t 6.708717e-01 5.058831e-01 7.804850e-01 5.915663e-01 5.626868e-01
26t 3.116001e-01 3.001885e-01 3.048284e-01 3.216400e-01 2.996992e-01
27t 8.646508e+01 7.429414e+01 6.400851e+01 6.735006e+01 5.909852e+01
28t 2.710792e+02 2.188519e+02 2.059790e+02 2.494139e+02 1.565370e+02
29t 2.281446e+02 3.399936e+02 4.013885e+02 3.277914e+02 4.774629e+02
30t 1.196414e+01 1.063476e+01 1.268353e+01 1.178800e+01 7.311403e+01
31t 1.935082e+02 1.627118e+02 2.595887e+02 1.583470e+02 1.082301e+02
32t 3.161967e+02 4.986726e+02 3.433195e+02 4.053874e+02 3.512237e+02
33t 9.693621e+01 1.082478e+02 1.179767e+02 1.115275e+02 1.651375e+02
34t 2.548558e+01 2.576531e+01 2.602631e+01 3.038453e+01 2.936786e+01
35t 1.253224e+04 1.271932e+04 1.331948e+04 1.298202e+04 1.488921e+04
36t 2.488813e+05 1.867340e+05 2.213026e+05 1.810558e+05 1.280714e+05
37t 5.713478e+01 5.837947e+01 5.683594e+01 6.045097e+01 7.031271e+01
38t 2.306325e+05 2.060418e+05 2.771674e+05 1.434527e+05 1.578565e+05
39t 6.619162e+00 6.419635e+00 7.191076e+00 7.031354e+00 4.953038e+00
40t 4.260585e+01 5.775092e+01 7.827130e+01 6.363763e+01 8.085671e+02
41t 4.500813e+02 4.481610e+02 6.450548e+02 4.512669e+02 4.453308e+02
42t 3.047821e+02 2.991089e+02 4.274525e+02 3.102537e+02 4.263592e+02
43t 3.303058e+02 4.022404e+02 3.739249e+02 3.539673e+02 4.261915e+02
44t 9.293969e+02 9.236977e+02 9.381371e+02 9.320715e+02 9.315086e+02
45t 9.231652e+02 9.311121e+02 9.265377e+02 9.298729e+02 9.323828e+02
46t 9.567586e+02 9.327863e+02 9.367587e+02 9.305986e+02 9.307259e+02
47t 5.429170e+02 5.393577e+02 8.915982e+02 5.547468e+02 1.205298e+03
48t 1.027342e+03 1.004774e+03 1.063283e+03 9.983350e+02 1.289496e+03
49t 1.022637e+03 1.023019e+03 5.600164e+02 5.818281e+02 1.209166e+03
50t 1.232921e+03 1.237458e+03 1.272710e+03 1.281306e+03 1.359334e+03
              56           57           58           59           60
1t  1.510584e+00 7.984273e-01 1.841238e+00 7.881231e-01 6.485421e-01
2t  1.557712e+07 1.376696e+07 1.063931e+07 3.319995e+06 4.066192e+06
3t  2.332966e+06 1.642644e+06 3.274832e+06 1.184941e+06 1.117672e+06
4t  9.635176e+04 1.123319e+05 9.846310e+04 1.093601e+05 1.097559e+05
5t  2.871438e+01 5.142348e+01 1.546249e+01 3.569816e+01 5.174459e+01
6t  2.262230e+02 1.584133e+02 1.767832e+02 2.455256e+00 8.198201e+00
7t  5.194149e+03 7.002795e+03 4.289152e+03 1.383063e+04 9.951346e+03
8t  6.064555e+00 5.661684e+00 7.693521e+00 4.635531e+00 4.616678e+00
9t  2.998372e+02 2.739817e+02 2.379253e+02 3.251295e+02 3.867986e+02
10t 2.995115e+01 2.626748e+01 3.486524e+01 2.185196e+01 2.084391e+01
11t 2.889696e+02 2.724281e+02 2.797228e+02 3.174342e+02 4.018633e+02
12t 2.766818e+02 3.688251e+02 5.764814e+02 7.275548e+03 1.570258e+04
13t 1.543688e+00 1.104089e+00 1.873341e+00 1.981618e+01 2.045743e+01
14t 2.100651e+01 2.093461e+01 2.104632e+01 2.094351e+01 2.119108e+01
15t 2.014383e+02 3.283574e+02 2.896104e+02 1.246779e+02 1.205839e+02
16t 4.873971e+01 9.290644e+01 4.928186e+01 4.921874e+01 4.924726e+01
17t 1.314694e+00 5.161276e+00 8.148683e-02 2.235811e-01 4.111197e+02
18t 9.741733e-01 8.962146e-01 9.977717e-01 7.439192e-01 7.081884e-01
19t 4.596771e+02 5.670891e+02 4.559630e+02 1.825207e+03 2.396448e+03
20t 2.613634e+02 2.418538e+02 2.624888e+02 3.807142e+02 7.127010e+02
21t 2.787381e+04 2.811258e+04 2.787211e+04 2.908566e+04 3.565589e+04
22t 2.761367e+04 2.796393e+04 2.724038e+04 2.954434e+04 3.676957e+04
23t 5.282712e+01 5.284301e+01 4.695781e+01 6.906697e+01 7.256777e+01
24t 8.773609e-01 5.669109e-01 7.946566e-01 6.904023e-01 3.583285e+00
25t 5.444910e-01 3.770041e-01 4.510611e-01 6.396365e-01 5.909766e-01
26t 2.950897e-01 2.699489e-01 3.408758e-01 3.193210e-01 3.028421e-01
27t 7.401082e+01 8.410872e+01 5.872787e+01 1.205910e+02 4.732790e+01
28t 2.227306e+02 2.267857e+02 2.734018e+02 2.335701e+02 1.503806e+02
29t 2.791779e+02 2.739998e+02 2.686870e+02 4.167593e+02 4.739645e+02
30t 1.305421e+01 1.161251e+01 1.471973e+01 1.078835e+01 1.221943e+01
31t 1.564913e+02 1.738934e+02 1.592537e+02 2.657567e+02 1.198168e+02
32t 3.648019e+02 5.472171e+02 3.158782e+02 3.916683e+02 3.397416e+02
33t 1.008248e+02 1.195350e+02 1.052757e+02 1.349634e+02 1.317333e+02
34t 2.596969e+01 2.232845e+01 2.858904e+01 3.244725e+01 2.750209e+01
35t 1.262292e+04 1.324777e+04 1.268347e+04 1.411531e+04 1.482024e+04
36t 2.120744e+05 1.554859e+05 2.205374e+05 3.339210e+05 1.213355e+05
37t 5.984341e+01 5.850051e+01 5.830748e+01 5.240964e+01 7.013798e+01
38t 2.355831e+05 1.713349e+05 2.873894e+05 2.191255e+05 1.733240e+05
39t 4.850648e+00 6.217403e+00 6.086549e+00 5.319524e+00 4.207219e+00
40t 3.677917e+01 1.090714e+02 2.501056e+01 9.009767e+01 7.547280e+02
41t 4.499640e+02 4.467583e+02 4.508409e+02 4.453451e+02 4.445803e+02
42t 3.490755e+02 3.546181e+02 3.070026e+02 4.269692e+02 4.268185e+02
43t 3.740223e+02 3.445288e+02 3.134083e+02 4.858909e+02 4.208408e+02
44t 9.254229e+02 9.291088e+02 9.264699e+02 1.011755e+03 9.257714e+02
45t 9.434764e+02 9.314628e+02 9.221652e+02 1.100253e+03 9.277720e+02
46t 9.341212e+02 9.386968e+02 9.323685e+02 1.051420e+03 9.277413e+02
47t 1.028902e+03 5.328502e+02 1.027951e+03 8.831115e+02 1.213104e+03
48t 9.350698e+02 1.034048e+03 9.430198e+02 1.199383e+03 1.321336e+03
49t 1.019904e+03 5.575117e+02 1.023106e+03 9.073577e+02 1.215010e+03
50t 1.254905e+03 1.253064e+03 1.196113e+03 1.313337e+03 1.376285e+03
              61           62           63           64           65
1t  8.251343e-01 1.365660e+00 1.067512e+00 1.442952e+00 1.635208e+00
2t  1.559000e+07 1.313019e+07 9.756191e+06 2.697036e+07 1.720114e+07
3t  1.525959e+06 2.248121e+06 1.860186e+06 2.225210e+06 2.653558e+06
4t  1.223221e+05 1.210521e+05 1.059317e+05 9.472289e+04 1.369688e+05
5t  4.952526e+01 1.423906e+01 5.030916e+01 6.845808e+01 9.030771e+00
6t  7.420886e+01 1.824578e+02 2.970667e+02 2.642312e+02 3.551873e+02
7t  1.045567e+04 4.615766e+03 5.199812e+03 8.978437e+03 3.699349e+03
8t  5.214412e+00 6.653351e+00 5.773545e+00 6.271242e+00 7.025941e+00
9t  3.239192e+02 2.727760e+02 2.877090e+02 2.920715e+02 2.331073e+02
10t 2.414943e+01 2.835260e+01 2.765508e+01 2.920363e+01 3.034257e+01
11t 3.116489e+02 1.873037e+02 2.617664e+02 2.819817e+02 2.449981e+02
12t 1.529534e+04 3.097238e+02 1.749790e+04 1.576152e+04 2.509477e+02
13t 1.907853e+01 1.587128e+00 1.335077e+00 1.653938e+00 1.714036e+00
14t 2.096450e+01 2.116132e+01 2.103577e+01 2.099586e+01 2.117586e+01
15t 2.811967e+02 3.962148e+02 1.686702e+02 2.956682e+02 4.439087e+02
16t 6.686467e+01 4.821430e+01 1.098016e+02 1.055128e+02 4.906184e+01
17t 1.144233e+01 6.515966e-01 1.334102e+00 3.058842e+00 5.998288e-01
18t 8.509608e-01 9.688110e-01 9.176420e-01 9.821180e-01 9.895344e-01
19t 7.437983e+02 3.741149e+02 5.908743e+02 6.278929e+02 4.142597e+02
20t 3.827267e+02 2.529146e+02 2.826110e+02 3.137268e+02 2.757759e+02
21t 2.855847e+04 2.731136e+04 2.713807e+04 2.740377e+04 2.772878e+04
22t 2.947969e+04 2.841423e+04 2.853761e+04 2.909214e+04 2.830325e+04
23t 6.276775e+01 5.456558e+01 5.022460e+01 4.884639e+01 5.063229e+01
24t 1.142978e+00 6.857467e-01 8.601475e-01 6.922438e-01 7.488518e-01
25t 6.703547e-01 5.447785e-01 5.277531e-01 5.732375e-01 5.102682e-01
26t 3.597752e-01 2.956653e-01 2.931281e-01 3.289101e-01 3.161854e-01
27t 1.248751e+02 7.814177e+01 6.578875e+01 8.473145e+01 6.797046e+01
28t 2.184213e+02 2.419734e+02 2.384108e+02 3.047330e+02 2.334832e+02
29t 3.221173e+02 2.497233e+02 2.982664e+02 3.537530e+02 2.818452e+02
30t 1.242880e+01 1.214974e+01 1.085124e+01 1.113551e+01 1.176985e+01
31t 2.266267e+02 1.692179e+02 1.298251e+02 2.194326e+02 1.489764e+02
32t 3.574720e+02 3.789285e+02 2.536571e+02 3.362269e+02 2.661694e+02
33t 1.367868e+02 1.130338e+02 1.050841e+02 1.021963e+02 1.017867e+02
34t 2.501776e+01 2.472026e+01 2.337766e+01 2.904984e+01 2.684870e+01
35t 1.299102e+04 1.283540e+04 1.266703e+04 1.269194e+04 1.233454e+04
36t 1.442671e+05 1.986489e+05 1.376351e+05 1.645824e+05 2.467230e+05
37t 6.101952e+01 6.190196e+01 5.974967e+01 5.816871e+01 6.225272e+01
38t 2.677168e+05 2.605665e+05 1.875527e+05 1.509850e+05 2.469389e+05
39t 6.915552e+00 5.642876e+00 7.017738e+00 7.432188e+00 5.637489e+00
40t 2.125649e+02 4.401015e+01 6.614028e+01 6.425645e+01 3.659963e+01
41t 5.455325e+02 4.491854e+02 4.476955e+02 4.492972e+02 4.090749e+02
42t 4.271485e+02 3.590265e+02 3.409771e+02 3.148431e+02 3.385650e+02
43t 4.300763e+02 4.441945e+02 3.491272e+02 3.210721e+02 4.037959e+02
44t 9.214495e+02 9.289057e+02 9.403651e+02 9.372473e+02 9.312158e+02
45t 9.318630e+02 9.263689e+02 9.275237e+02 9.866507e+02 9.332369e+02
46t 9.321093e+02 9.315950e+02 9.275840e+02 9.283587e+02 9.242606e+02
47t 1.038035e+03 1.022631e+03 5.417009e+02 9.056435e+02 1.027883e+03
48t 1.088169e+03 9.823598e+02 1.010756e+03 1.008032e+03 9.268819e+02
49t 5.495505e+02 1.019838e+03 1.025809e+03 1.036790e+03 1.019207e+03
50t 1.268936e+03 1.199549e+03 1.218829e+03 1.183338e+03 1.146898e+03
              66           67           68           69           70
1t  1.426986e+00 1.959918e+00 2.096580e+00 1.026882e+00 1.257898e+00
2t  1.776575e+07 3.020886e+07 1.778377e+07 7.335713e+06 1.332213e+07
3t  2.604799e+06 3.071140e+06 4.681074e+06 1.348237e+06 2.185002e+06
4t  1.296832e+05 9.549001e+04 1.302836e+05 1.833220e+05 1.244109e+05
5t  4.400073e+01 1.519735e+01 3.203638e+01 4.053770e+01 3.348303e+01
6t  3.873963e+02 2.004534e+02 2.762237e+02 5.921986e+00 2.495846e+02
7t  7.650878e+03 4.636154e+03 4.556393e+03 3.069334e+04 5.199855e+03
8t  6.237694e+00 6.823407e+00 9.193038e+00 5.392828e+00 5.730777e+00
9t  3.011698e+02 2.421888e+02 2.559097e+02 3.143623e+02 2.844152e+02
10t 2.729920e+01 3.189871e+01 3.589801e+01 3.105514e+01 2.728895e+01
11t 3.005380e+02 2.565545e+02 2.254911e+02 3.370223e+02 2.573761e+02
12t 1.186696e+04 1.889377e+02 3.013355e+03 1.462791e+04 1.987202e+02
13t 1.756677e+00 1.762473e+00 2.271187e+00 1.961889e+01 1.469604e+00
14t 2.111841e+01 2.106324e+01 2.119044e+01 2.094368e+01 2.110958e+01
15t 2.162874e+02 1.804306e+03 3.962459e+02 7.430046e+03 1.899884e+02
16t 1.836021e+02 4.976299e+01 4.932877e+01 4.921659e+01 1.201319e+02
17t 6.315246e+00 1.263108e+00 8.531188e-02 2.435195e+02 7.280452e-02
18t 1.001521e+00 1.002678e+00 1.037850e+00 8.518311e-01 9.680715e-01
19t 6.719317e+02 4.240058e+02 4.081394e+02 1.876578e+03 4.784897e+02
20t 3.593626e+02 2.266969e+02 2.504061e+02 3.239760e+02 2.856301e+02
21t 2.811683e+04 2.790719e+04 3.080931e+04 3.006727e+04 2.784990e+04
22t 2.887751e+04 2.846797e+04 3.331469e+04 3.066898e+04 2.885040e+04
23t 5.720299e+01 4.287649e+01 4.481097e+01 6.788045e+01 4.604398e+01
24t 1.107404e+00 7.374952e-01 3.619254e+00 7.612005e-01 6.062724e-01
25t 5.908010e-01 5.143637e-01 6.243964e-01 4.806292e-01 5.841370e-01
26t 2.946303e-01 3.553087e-01 2.500321e-01 3.918060e-01 3.210688e-01
27t 9.557782e+01 7.446290e+01 4.963735e+01 1.264029e+02 9.545118e+01
28t 2.448436e+05 2.806448e+02 3.403635e+02 2.546411e+02 2.550145e+02
29t 3.892078e+02 2.552961e+02 3.071966e+02 3.252674e+02 2.192968e+02
30t 1.189946e+01 1.320847e+01 1.513333e+01 1.647894e+01 1.086073e+01
31t 1.790801e+02 2.014799e+02 1.224816e+02 2.299731e+02 1.658906e+02
32t 3.198461e+02 3.617765e+02 3.229974e+02 4.044979e+02 3.106240e+02
33t 1.207404e+02 9.243995e+01 1.063826e+02 1.199502e+02 1.105269e+02
34t 2.643099e+01 3.193806e+01 3.275968e+01 3.199657e+01 2.472970e+01
35t 1.324868e+04 1.248477e+04 1.270928e+04 1.418622e+04 1.293247e+04
36t 1.824607e+05 2.661528e+05 3.253094e+05 1.624844e+05 1.581674e+05
37t 6.094554e+01 6.102719e+01 6.139857e+01 5.864209e+01 6.208400e+01
38t 2.105338e+05 2.448932e+05 1.981130e+05 1.905462e+05 1.999536e+05
39t 5.442136e+00 5.949145e+00 5.897827e+00 6.394007e+00 6.803043e+00
40t 1.630510e+02 3.527054e+01 2.944405e+01 1.471336e+02 3.705357e+01
41t 4.492905e+02 4.509481e+02 4.562349e+02 6.388632e+02 3.773505e+02
42t 3.736585e+02 2.821818e+02 2.622972e+02 3.456590e+02 3.212512e+02
43t 4.213956e+02 3.801312e+02 3.421299e+02 4.607332e+02 4.296145e+02
44t 9.513630e+02 9.223404e+02 9.282525e+02 9.338066e+02 9.365167e+02
45t 9.453065e+02 9.215047e+02 9.417870e+02 1.175323e+03 9.252340e+02
46t 9.448037e+02 9.205131e+02 9.330988e+02 1.029722e+03 9.235154e+02
47t 5.402350e+02 1.020398e+03 5.953998e+02 8.876814e+02 1.021647e+03
48t 1.037349e+03 9.935117e+02 9.645980e+02 1.173007e+03 9.294989e+02
49t 1.025921e+03 1.027064e+03 6.189490e+02 1.202613e+03 5.643700e+02
50t 1.220792e+03 1.157850e+03 1.228194e+03 1.275464e+03 1.181790e+03
              71           72           73           74           75
1t  1.101413e+00 9.035951e-01 1.072831e+00 1.351679e+00 1.061225e+00
2t  1.123472e+07 6.457110e+06 1.025724e+07 7.680902e+06 1.869344e+07
3t  1.742690e+06 1.384959e+06 1.814799e+06 2.206244e+06 2.083386e+06
4t  9.963461e+04 1.120038e+05 1.254073e+05 1.502655e+05 1.383479e+05
5t  4.839835e+01 3.000509e+01 4.105168e+01 3.064630e+01 4.315140e+01
6t  4.318564e+01 4.837445e+00 1.593668e+02 3.620006e+02 5.782553e+02
7t  7.609723e+03 6.015718e+03 6.181373e+03 7.151789e+03 7.889373e+03
8t  5.493988e+00 5.202254e+00 5.291277e+00 6.253106e+00 5.378485e+00
9t  3.001653e+02 3.063550e+02 2.763998e+02 2.883945e+02 2.617730e+02
10t 2.674728e+01 2.487721e+01 2.815455e+01 2.832898e+01 2.731619e+01
11t 2.583569e+02 3.102850e+02 2.824025e+02 2.775665e+02 2.735259e+02
12t 1.368110e+04 1.083624e+04 2.549949e+03 1.488530e+04 6.121658e+03
13t 1.401055e+00 1.967109e+01 1.372321e+00 1.565263e+00 1.426746e+00
14t 2.084842e+01 2.091499e+01 2.089159e+01 2.118531e+01 2.107729e+01
15t 1.636945e+02 1.270549e+02 1.747753e+03 1.872518e+02 1.880740e+02
16t 4.920721e+01 4.883112e+01 9.210868e+01 4.895374e+01 4.921943e+01
17t 2.232091e+00 2.328115e-01 1.154208e+00 4.661037e-02 3.894710e+00
18t 8.632174e-01 8.717736e-01 8.965825e-01 9.255199e-01 9.418709e-01
19t 6.031078e+02 6.555741e+02 5.586242e+02 6.176941e+02 5.758114e+02
20t 3.502440e+02 4.175404e+02 2.911843e+02 5.106676e+02 2.854277e+02
21t 2.852744e+04 3.000421e+04 2.789794e+04 3.371706e+04 2.804399e+04
22t 2.867667e+04 2.905129e+04 2.851872e+04 3.430347e+04 2.892469e+04
23t 5.600479e+01 6.328559e+01 4.910640e+01 5.134425e+01 5.636639e+01
24t 5.535439e-01 6.503777e-01 6.002138e-01 3.474462e+00 8.125037e-01
25t 7.423541e-01 7.200125e-01 6.105964e-01 5.806213e-01 5.780600e-01
26t 2.659035e-01 3.002592e-01 2.842431e-01 2.978024e-01 3.209627e-01
27t 8.597369e+01 9.890104e+01 6.555341e+01 7.447815e+01 5.814297e+01
28t 4.435730e+02 2.439331e+02 2.203847e+02 2.334900e+02 2.203608e+02
29t 3.249485e+02 3.445969e+02 2.763078e+02 3.599920e+02 3.110385e+02
30t 1.096690e+01 9.009195e+00 1.407206e+01 1.240300e+01 1.364566e+01
31t 1.817015e+02 2.814935e+02 1.463917e+02 1.483029e+02 1.497393e+02
32t 2.667182e+02 3.654069e+02 2.949938e+02 2.808918e+02 3.230931e+02
33t 1.047975e+02 1.358144e+02 1.075564e+02 1.242728e+02 1.120168e+02
34t 2.290373e+01 2.392932e+01 2.682304e+01 2.819588e+01 2.542876e+01
35t 1.266934e+04 1.354154e+04 1.283568e+04 1.283399e+04 1.285190e+04
36t 1.922834e+05 2.136850e+05 1.531842e+05 1.548515e+05 1.847629e+05
37t 5.730665e+01 5.947611e+01 6.051667e+01 6.194096e+01 5.887147e+01
38t 2.085539e+05 2.733109e+05 1.770546e+05 1.568333e+05 2.181704e+05
39t 7.341111e+00 6.174522e+00 6.021742e+00 5.235139e+00 6.005109e+00
40t 5.022193e+01 7.273391e+01 1.250715e+02 1.291610e+02 7.018601e+01
41t 4.475149e+02 4.466328e+02 4.484681e+02 4.484748e+02 4.481211e+02
42t 3.567875e+02 4.272397e+02 2.884566e+02 3.233824e+02 3.100265e+02
43t 3.603688e+02 3.857087e+02 4.987233e+02 4.252061e+02 4.301216e+02
44t 9.281540e+02 9.367195e+02 9.425516e+02 9.372165e+02 9.335422e+02
45t 9.241452e+02 9.258134e+02 9.406469e+02 9.539259e+02 9.379818e+02
46t 9.326567e+02 9.302950e+02 9.320449e+02 9.394550e+02 9.292032e+02
47t 1.031932e+03 8.897655e+02 1.023401e+03 5.464053e+02 5.328763e+02
48t 1.039910e+03 1.147434e+03 9.808620e+02 9.997623e+02 1.008946e+03
49t 1.027771e+03 9.064189e+02 1.021634e+03 5.636533e+02 1.026383e+03
50t 1.222153e+03 1.296005e+03 1.234261e+03 1.334285e+03 1.262297e+03
              76           77           78           79           80
1t  1.391124e+00 1.323818e+00 1.937465e+00 8.304993e-01 1.364492e+00
2t  1.828700e+07 1.332431e+07 1.367327e+07 3.427817e+06 7.196522e+06
3t  2.747769e+06 1.902915e+06 3.186451e+06 1.198301e+06 1.891109e+06
4t  1.091681e+05 8.844928e+04 1.355983e+05 1.075662e+05 1.556973e+05
5t  1.765456e+01 5.473958e+01 9.591207e+00 4.162524e+01 4.840366e+01
6t  3.780599e+02 9.644318e+01 5.197498e+02 4.079212e+00 4.582477e+02
7t  3.401345e+03 9.716458e+03 4.884762e+03 9.674853e+03 9.479187e+03
8t  6.645752e+00 5.861176e+00 7.216089e+00 4.990264e+00 6.305510e+00
9t  2.875610e+02 3.029721e+02 2.546161e+02 3.110859e+02 3.050539e+02
10t 3.128444e+01 2.802098e+01 3.300710e+01 2.509778e+01 2.860851e+01
11t 2.425396e+02 2.771948e+02 1.875736e+02 3.212085e+02 3.033723e+02
12t 2.566773e+02 1.490156e+04 3.645761e+02 8.916609e+03 1.334500e+04
13t 1.761182e+00 1.389634e+00 1.836515e+00 1.970325e+01 1.938612e+01
14t 2.104978e+01 2.105836e+01 2.088905e+01 2.099910e+01 2.119951e+01
15t 3.791261e+02 1.705979e+02 5.602812e+03 1.261096e+02 4.129289e+02
16t 4.848408e+01 5.060086e+01 4.551740e+01 4.809936e+01 4.903468e+01
17t 1.387574e-01 1.834950e+00 1.049551e+00 6.620375e-02 4.679314e-02
18t 9.998568e-01 9.533679e-01 9.917433e-01 6.856612e-01 9.626593e-01
19t 3.695776e+02 5.211470e+02 4.556782e+02 1.047601e+03 5.161765e+02
20t 2.346224e+02 3.385884e+02 2.417746e+02 4.265060e+02 3.323106e+02
21t 2.793245e+04 2.735985e+04 2.809143e+04 2.946336e+04 3.243172e+04
22t 2.819237e+04 2.871308e+04 2.875952e+04 2.954944e+04 3.453977e+04
23t 5.084423e+01 5.047547e+01 4.863794e+01 5.952741e+01 5.894653e+01
24t 4.586411e-01 4.814766e-01 6.216536e-01 8.617159e-01 3.464703e+00
25t 5.055943e-01 5.844232e-01 5.115444e-01 6.336737e-01 7.042028e-01
26t 2.898244e-01 2.561861e-01 3.315881e-01 3.404377e-01 2.988178e-01
27t 5.578544e+01 9.135043e+01 7.209158e+01 1.087580e+02 8.590641e+01
28t 2.437906e+02 3.236815e+02 3.113997e+02 2.541994e+02 2.311277e+02
29t 2.441416e+02 2.691635e+02 2.750631e+02 3.117311e+02 3.781018e+02
30t 1.156537e+01 1.029710e+01 1.370587e+01 3.029044e+01 1.134921e+01
31t 1.620376e+02 1.572179e+02 1.451914e+02 2.297091e+02 1.340855e+02
32t 3.327419e+02 3.280758e+02 3.022967e+02 3.688872e+02 3.353693e+02
33t 1.047431e+02 1.139173e+02 1.089212e+02 1.192027e+02 1.081035e+02
34t 2.742712e+01 2.604827e+01 2.936438e+01 2.864835e+01 2.367499e+01
35t 1.247078e+04 1.291541e+04 1.255433e+04 1.451037e+04 1.279355e+04
36t 2.312732e+05 1.550685e+05 2.308474e+05 2.242606e+05 1.640809e+05
37t 6.211259e+01 5.611479e+01 5.976165e+01 5.524239e+01 6.155317e+01
38t 2.666625e+05 2.351975e+05 2.030731e+05 2.235600e+05 1.496218e+05
39t 5.667495e+00 6.834057e+00 7.109367e+00 6.790662e+00 5.776116e+00
40t 3.898506e+01 6.202197e+01 2.452388e+01 1.034528e+02 1.256268e+02
41t 4.504146e+02 4.488099e+02 4.030402e+02 4.467006e+02 4.496072e+02
42t 2.971799e+02 3.137537e+02 3.009714e+02 4.648339e+02 3.630133e+02
43t 4.212931e+02 3.646064e+02 3.120789e+02 4.030916e+02 3.930769e+02
44t 9.285589e+02 9.315611e+02 9.272108e+02 9.329977e+02 9.388258e+02
45t 9.575652e+02 9.370029e+02 9.244373e+02 1.052409e+03 9.506647e+02
46t 9.360186e+02 9.506919e+02 9.318764e+02 1.037609e+03 9.322936e+02
47t 1.022380e+03 5.439930e+02 1.024566e+03 5.269090e+02 5.471777e+02
48t 9.689850e+02 1.012650e+03 9.275564e+02 1.233060e+03 1.040983e+03
49t 1.020638e+03 1.031088e+03 1.020791e+03 1.056483e+03 5.650043e+02
50t 1.181898e+03 1.244275e+03 1.227311e+03 1.359708e+03 1.349575e+03
# 2026-01-31 16:28:22 -03: Finished testing
