#------------------------------------------------------------------------------
# irace: An implementation in R of (Elitist) Iterated Racing
# Version: 4.2.0.9000.4117289
# Copyright (C) 2010-2025
# Manuel Lopez-Ibanez     <manuel.lopez-ibanez@manchester.ac.uk>
# Jeremie Dubois-Lacoste
# Leslie Perez Caceres    <leslie.perez.caceres@ulb.ac.be>
#
# This is free software, and you are welcome to redistribute it under certain
# conditions.  See the GNU General Public License for details. There is NO
# WARRANTY; not even for MERCHANTABILITY or FITNESS FOR A PARTICULAR PURPOSE.
#
# irace builds upon previous code from the race package:
#     race: Racing methods for the selection of the best
#     Copyright (C) 2003 Mauro Birattari
#------------------------------------------------------------------------------
# installed at: /home/pestobar/R/x86_64-redhat-linux-gnu-library/4.5/irace
# called with: --only-test configurations.txt --scenario scenario.txt
# 2026-01-30 18:52:04 -03: Checking scenario.
# 2026-01-30 18:52:04 -03: Reading parameter file '/home/pestobar/Activities/irace-executions/PSO-X/Scenarios/Best_Elites/Runs/Best_Elites_seed_200009/parameters.txt'.
# 2026-01-30 18:52:05 -03: 2 expression(s) specifying forbidden configurations read.
## irace scenario:
scenarioFile = "/home/pestobar/Activities/irace-executions/PSO-X/Scenarios/Best_Elites/Runs/Best_Elites_seed_200009/scenario.txt"
execDir = "/home/pestobar/Activities/irace-executions/PSO-X/Scenarios/Best_Elites/Runs/Best_Elites_seed_200009/Results"
parameterFile = "/home/pestobar/Activities/irace-executions/PSO-X/Scenarios/Best_Elites/Runs/Best_Elites_seed_200009/parameters.txt"
parameters = <environment>
initConfigurations = NULL
configurationsFile = ""
logFile = "/home/pestobar/Activities/irace-executions/PSO-X/Scenarios/Best_Elites/Runs/Best_Elites_seed_200009/Results/irace.Rdata"
recoveryFile = ""
instances = c("--competition 3 --problem 0 --dimensions 30", "--competition 3 --problem 1 --dimensions 30", "--competition 3 --problem 2 --dimensions 30", "--competition 3 --problem 3 --dimensions 30", "--competition 3 --problem 4 --dimensions 30", "--competition 3 --problem 5 --dimensions 30", "--competition 3 --problem 6 --dimensions 30", "--competition 3 --problem 7 --dimensions 30", "--competition 3 --problem 8 --dimensions 30", "--competition 3 --problem 9 --dimensions 30", "--competition 3 --problem 10 --dimensions 30", "--competition 3 --problem 11 --dimensions 30", "--competition 3 --problem 12 --dimensions 30", "--competition 3 --problem 13 --dimensions 30", "--competition 3 --problem 14 --dimensions 30", "--competition 3 --problem 15 --dimensions 30", "--competition 3 --problem 16 --dimensions 30", "--competition 3 --problem 17 --dimensions 30", "--competition 3 --problem 18 --dimensions 30", "--competition 3 --problem 19 --dimensions 30", "--competition 3 --problem 20 --dimensions 30", "--competition 3 --problem 21 --dimensions 30", "--competition 3 --problem 22 --dimensions 30", "--competition 3 --problem 23 --dimensions 30", "--competition 3 --problem 24 --dimensions 30", "--competition 3 --problem 25 --dimensions 30", "--competition 3 --problem 26 --dimensions 30", "--competition 3 --problem 27 --dimensions 30", "--competition 3 --problem 28 --dimensions 30", "--competition 3 --problem 29 --dimensions 30", "--competition 3 --problem 30 --dimensions 30", "--competition 3 --problem 31 --dimensions 30", "--competition 3 --problem 32 --dimensions 30", "--competition 3 --problem 33 --dimensions 30", "--competition 3 --problem 34 --dimensions 30", "--competition 3 --problem 35 --dimensions 30", "--competition 3 --problem 36 --dimensions 30", "--competition 3 --problem 37 --dimensions 30", "--competition 3 --problem 38 --dimensions 30", "--competition 3 --problem 39 --dimensions 30", "--competition 3 --problem 40 --dimensions 30", "--competition 3 --problem 41 --dimensions 30", "--competition 3 --problem 42 --dimensions 30", "--competition 3 --problem 43 --dimensions 30", "--competition 3 --problem 44 --dimensions 30", "--competition 3 --problem 45 --dimensions 30", "--competition 3 --problem 46 --dimensions 30", "--competition 3 --problem 47 --dimensions 30", "--competition 3 --problem 48 --dimensions 30", "--competition 3 --problem 49 --dimensions 30")
trainInstancesDir = ""
trainInstancesFile = "/home/pestobar/Activities/irace-executions/PSO-X/Instances/train_MIXTURE.txt"
sampleInstances = TRUE
testInstancesDir = ""
testInstancesFile = "/home/pestobar/Activities/irace-executions/PSO-X/TestingInstances/test_MIXTURE.txt"
testInstances = c("1t" = "--competition 3 --problem 0 --dimensions 50", "2t" = "--competition 3 --problem 1 --dimensions 50", "3t" = "--competition 3 --problem 2 --dimensions 50", "4t" = "--competition 3 --problem 3 --dimensions 50", "5t" = "--competition 3 --problem 4 --dimensions 50", "6t" = "--competition 3 --problem 5 --dimensions 50", "7t" = "--competition 3 --problem 6 --dimensions 50", "8t" = "--competition 3 --problem 7 --dimensions 50", "9t" = "--competition 3 --problem 8 --dimensions 50", "10t" = "--competition 3 --problem 9 --dimensions 50", "11t" = "--competition 3 --problem 10 --dimensions 50", "12t" = "--competition 3 --problem 11 --dimensions 50", "13t" = "--competition 3 --problem 12 --dimensions 50", "14t" = "--competition 3 --problem 13 --dimensions 50", "15t" = "--competition 3 --problem 14 --dimensions 50", "16t" = "--competition 3 --problem 15 --dimensions 50", "17t" = "--competition 3 --problem 16 --dimensions 50", "18t" = "--competition 3 --problem 17 --dimensions 50", "19t" = "--competition 3 --problem 18 --dimensions 50", "20t" = "--competition 3 --problem 19 --dimensions 50", "21t" = "--competition 3 --problem 20 --dimensions 50", "22t" = "--competition 3 --problem 21 --dimensions 50", "23t" = "--competition 3 --problem 22 --dimensions 50", "24t" = "--competition 3 --problem 23 --dimensions 50", "25t" = "--competition 3 --problem 24 --dimensions 50", "26t" = "--competition 3 --problem 25 --dimensions 50", "27t" = "--competition 3 --problem 26 --dimensions 50", "28t" = "--competition 3 --problem 27 --dimensions 50", "29t" = "--competition 3 --problem 28 --dimensions 50", "30t" = "--competition 3 --problem 29 --dimensions 50", "31t" = "--competition 3 --problem 30 --dimensions 50", "32t" = "--competition 3 --problem 31 --dimensions 50", "33t" = "--competition 3 --problem 32 --dimensions 50", "34t" = "--competition 3 --problem 33 --dimensions 50", "35t" = "--competition 3 --problem 34 --dimensions 50", "36t" = "--competition 3 --problem 35 --dimensions 50", "37t" = "--competition 3 --problem 36 --dimensions 50", "38t" = "--competition 3 --problem 37 --dimensions 50", "39t" = "--competition 3 --problem 38 --dimensions 50", "40t" = "--competition 3 --problem 39 --dimensions 50", "41t" = "--competition 3 --problem 40 --dimensions 50", "42t" = "--competition 3 --problem 41 --dimensions 50", "43t" = "--competition 3 --problem 42 --dimensions 50", "44t" = "--competition 3 --problem 43 --dimensions 50", "45t" = "--competition 3 --problem 44 --dimensions 50", "46t" = "--competition 3 --problem 45 --dimensions 50", "47t" = "--competition 3 --problem 46 --dimensions 50", "48t" = "--competition 3 --problem 47 --dimensions 50", "49t" = "--competition 3 --problem 48 --dimensions 50", "50t" = "--competition 3 --problem 49 --dimensions 50")
testNbElites = 1L
testIterationElites = FALSE
testType = "friedman"
firstTest = 5L
blockSize = 1L
eachTest = 1L
targetRunner = "/home/pestobar/Activities/irace-executions/PSO-X/Scenarios/Best_Elites/Runs/Best_Elites_seed_200009/target-runner"
targetRunnerLauncher = ""
targetCmdline = "{configurationID} {instanceID} {seed} {instance} {bound} {targetRunnerArgs}"
targetRunnerRetries = 0L
targetRunnerTimeout = 0L
targetRunnerData = ""
targetRunnerParallel = NULL
targetEvaluator = NULL
deterministic = FALSE
maxExperiments = 5500L
minExperiments = NA_character_
maxTime = 0L
budgetEstimation = 0.05
minMeasurableTime = 0.01
parallel = 10L
loadBalancing = TRUE
mpi = FALSE
batchmode = "0"
quiet = FALSE
debugLevel = 0L
seed = 200009L
softRestart = TRUE
softRestartThreshold = 1e-04
elitist = TRUE
elitistNewInstances = 1L
elitistLimit = 2L
repairConfiguration = NULL
capping = FALSE
cappingAfterFirstTest = FALSE
cappingType = "median"
boundType = "candidate"
boundMax = NULL
boundDigits = 0L
boundPar = 1L
boundAsTimeout = TRUE
postselection = TRUE
aclib = FALSE
nbIterations = 0L
nbExperimentsPerIteration = 0L
minNbSurvival = 0L
nbConfigurations = 0L
mu = 5L
confidence = 0.95
## end of irace scenario
# 2026-01-30 18:52:05 -03: Read 80 configuration(s) from file 'configurations.txt'
# 2026-01-30 18:52:05 -03: Testing configurations (in the order given as input): 
   particles topology modInfluence branching tSchedule phi1 phi2 inertia
1         21        4            0        NA        NA 1.89 2.36    0.38
2        134        4            0        NA        NA 2.09 2.30    0.53
3          9        1            0        NA        NA 1.54 2.48    0.26
4        142        4            0        NA        NA 1.27 2.48    0.50
5         67        4            0        NA        NA 1.58 2.49    0.41
6         66        1            1        NA        NA 2.05 1.48    0.59
7         90        4            0        NA        NA 1.94 2.40    0.65
8        162        4            2        NA        NA 0.44 2.37    0.81
9         85        4            0        NA        NA 2.15 2.28    0.55
10        45        4            0        NA        NA 1.79 2.42    0.50
11        82        4            0        NA        NA 1.24 2.44    0.35
12       106        4            0        NA        NA 1.91 2.36    0.46
13        77        4            0        NA        NA 1.28 2.47    0.42
14        57        4            0        NA        NA 0.59 2.22    0.56
15        20        0            1        NA        NA 2.46 2.08    0.31
16       108        4            0        NA        NA 2.14 2.28    0.67
17       142        4            0        NA        NA 2.03 2.45    0.37
18       101        4            0        NA        NA 2.28 2.16    0.50
19         6        5            0        NA         6 2.43 2.33    0.21
20        18        0            1        NA        NA 1.86 2.30    0.24
21       149        4            0        NA        NA 1.24 2.43    0.40
22       138        4            0        NA        NA 2.42 2.48    0.58
23        15        0            1        NA        NA 1.34 2.03    0.19
24       144        4            0        NA        NA 1.96 2.47    0.60
25       119        4            0        NA        NA 0.85 2.49    0.50
26        56        1            1        NA        NA 2.15 2.11    0.57
27        76        4            0        NA        NA 2.25 2.43    0.61
28        75        4            0        NA        NA 1.87 2.34    0.55
29       165        4            0        NA        NA 2.45 2.44    0.37
30        71        4            0        NA        NA 1.86 2.42    0.65
31        92        4            0        NA        NA 1.30 2.43    0.41
32        14        4            0        NA        NA 1.38 2.15    0.26
33        80        4            0        NA        NA 1.65 2.50    0.27
34        11        4            0        NA        NA 1.41 2.38    0.48
35        40        1            1        NA        NA 2.47 2.15    0.44
36       134        4            0        NA        NA 2.01 2.42    0.53
37       102        4            0        NA        NA 2.17 2.48    0.43
38       109        4            0        NA        NA 1.97 2.44    0.56
39       162        0            0        NA        NA 1.96 2.26    0.18
40        21        0            1        NA        NA 2.25 2.32    0.22
41        38        4            0        NA        NA 2.21 1.60    0.53
42       150        4            0        NA        NA 1.95 2.33    0.58
43         4        4            2        NA        NA 1.77 2.47    0.41
44       105        4            0        NA        NA 0.43 2.38    0.25
45        75        4            0        NA        NA 2.17 2.11    0.61
46       115        1            1        NA        NA 2.36 2.43    0.66
47       115        4            0        NA        NA 2.26 2.13    0.74
48        83        4            0        NA        NA 2.38 2.39    0.11
49        38        4            0        NA        NA 2.46 1.83    0.67
50        83        4            0        NA        NA 1.42 2.41    0.70
51        79        4            0        NA        NA 1.02 2.39    0.45
52        83        4            0        NA        NA 2.35 2.47    0.44
53        25        1            0        NA        NA 1.69 2.28    0.33
54        89        4            2        NA        NA 2.41 2.46    0.72
55        25        1            2        NA        NA 2.11 2.38    0.30
56       103        4            0        NA        NA 0.96 2.24    0.45
57        84        4            0        NA        NA 2.11 2.48    0.32
58       103        4            0        NA        NA 0.50 2.49    0.48
59        28        0            0        NA        NA 1.99 1.81    0.13
60        22        1            1        NA        NA 2.31 2.37    0.25
61        47        1            0        NA        NA 2.09 2.05    0.14
62        85        4            0        NA        NA 2.11 2.33    0.54
63       104        4            0        NA        NA 2.27 2.39    0.41
64        90        4            0        NA        NA 0.31 2.31    0.15
65       113        4            0        NA        NA 2.23 2.37    0.60
66        93        4            0        NA        NA 1.89 1.55    0.42
67        53        1            0        NA        NA 2.25 2.49    0.64
68       136        4            2        NA        NA 1.47 2.26    0.82
69        58        0            0        NA        NA 1.01 1.62    0.12
70        91        4            0        NA        NA 2.43 2.31    0.50
71        68        4            0        NA        NA 0.99 2.49    0.28
72        21        4            0        NA        NA 2.30 2.28    0.31
73       113        4            0        NA        NA 2.17 2.37    0.39
74       167        4            2        NA        NA 1.24 2.46    0.63
75       153        4            0        NA        NA 1.84 2.45    0.31
76        90        4            0        NA        NA 1.66 2.30    0.57
77        84        4            0        NA        NA 0.78 2.24    0.29
78       135        4            0        NA        NA 1.32 2.29    0.57
79        88        0            0        NA        NA 1.68 2.50    0.22
80       200        4            2        NA        NA 2.48 2.31    0.64
# 2026-01-30 21:32:25 -03: Testing results (column number is configuration ID in no particular order):
         seeds            1            2            3            4            5
1t   120886150 9.431879e-01 1.435127e+00 8.536062e-01 1.625405e+00 1.190764e+00
2t  1903754183 4.848209e+06 2.665263e+07 3.999416e+06 1.447859e+07 9.223323e+06
3t  2008129168 1.609901e+06 2.729981e+06 1.032347e+06 2.682172e+06 1.676103e+06
4t   828600464 1.118518e+05 1.443517e+05 8.655521e+04 1.137645e+05 1.298514e+05
5t  1231409652 2.870100e+01 1.100316e+01 2.000940e+01 2.342007e+01 3.682860e+01
6t    27130526 4.550642e+00 6.107992e+02 2.770785e+00 6.179263e+02 5.374662e+01
7t  1607974688 5.304764e+03 4.376895e+03 3.269307e+03 5.643830e+03 3.705694e+03
8t  1180613943 5.144178e+00 6.670896e+00 5.031154e+00 6.494248e+00 5.808984e+00
9t   444679449 3.049406e+02 2.803057e+02 3.647489e+02 2.577055e+02 3.014492e+02
10t  486959649 2.573454e+01 3.026749e+01 2.515289e+01 3.076903e+01 2.795310e+01
11t  927072714 3.001699e+02 2.483486e+02 3.047595e+02 2.120099e+02 2.746886e+02
12t 1064878185 6.438459e+03 2.772737e+02 7.947717e+03 4.671927e+02 1.927041e+02
13t  392602162 1.947994e+01 1.589049e+00 2.029925e+01 1.570144e+00 1.981692e+01
14t 1026738369 2.095054e+01 2.114344e+01 2.093327e+01 2.093357e+01 2.098126e+01
15t   19871480 7.171069e+03 8.596546e+02 1.352667e+02 2.281174e+02 1.563558e+02
16t  914431203 4.707928e+01 8.622122e+01 4.708787e+01 5.026880e+01 4.800089e+01
17t 1935029489 2.697282e-01 1.227922e+00 5.334254e-02 2.357798e-01 1.482872e+00
18t  574782248 8.297073e-01 9.860149e-01 8.210766e-01 9.869908e-01 9.126290e-01
19t 1259525707 7.027096e+02 5.067501e+02 7.784520e+02 4.598820e+02 5.192862e+02
20t 2019652421 4.117096e+02 2.670941e+02 5.578386e+02 2.522257e+02 3.422324e+02
21t 1296384412 2.872271e+04 2.740242e+04 2.888722e+04 2.731749e+04 2.838814e+04
22t 1788311264 2.836076e+04 2.830325e+04 2.956036e+04 2.857142e+04 2.769985e+04
23t 1832312984 5.028810e+01 4.594878e+01 5.836705e+01 4.944477e+01 5.270177e+01
24t  295241978 1.080379e+00 1.013710e+00 9.144867e-01 9.671481e-01 7.207717e-01
25t  236408006 9.437685e-01 5.263828e-01 1.014618e+00 5.307938e-01 6.859239e-01
26t 1736531270 3.675249e-01 4.362762e-01 3.122114e-01 2.964635e-01 3.428068e-01
27t 1416452761 1.025943e+02 6.820295e+01 1.133080e+02 8.431128e+01 9.402025e+01
28t  304772514 2.358218e+02 2.582468e+02 2.650584e+02 2.459280e+02 2.418368e+02
29t  206986219 3.381576e+02 3.139120e+02 3.250628e+02 2.957713e+02 3.373945e+02
30t  838869591 1.132491e+01 1.201431e+01 1.054459e+01 1.160676e+01 1.039001e+01
31t 2114558524 2.574733e+02 1.561114e+02 2.186820e+02 1.753196e+02 2.013773e+02
32t 1815610012 4.006325e+02 5.355901e+02 5.902747e+02 3.398619e+02 3.419634e+02
33t 2045289909 1.120698e+02 1.034720e+02 1.650117e+02 1.044283e+02 1.038546e+02
34t  591973981 2.879531e+01 2.415922e+01 2.783095e+01 2.593463e+01 2.639215e+01
35t  908010000 1.302702e+04 1.275743e+04 1.372472e+04 1.270449e+04 1.286323e+04
36t  695630671 1.786767e+05 2.348499e+05 2.726042e+05 2.337530e+05 1.940248e+05
37t  291727998 5.933661e+01 5.970318e+01 6.127928e+01 5.825462e+01 5.694689e+01
38t  324243129 3.091775e+05 2.836382e+05 3.904490e+05 2.389273e+05 3.247389e+05
39t  661152063 5.186679e+00 6.828652e+00 6.307936e+00 5.789810e+00 5.658844e+00
40t 1185295324 5.543980e+01 7.040781e+01 4.678052e+01 2.813928e+01 7.518453e+01
41t 1856031999 5.829382e+02 4.502067e+02 6.901359e+02 4.505231e+02 4.192420e+02
42t  527785081 4.277565e+02 2.813745e+02 4.270934e+02 3.153280e+02 4.285642e+02
43t  479868695 4.133493e+02 3.496843e+02 3.722567e+02 3.464514e+02 4.352284e+02
44t 1053143390 9.925353e+02 9.611401e+02 9.497207e+02 9.354165e+02 9.449970e+02
45t  430331246 9.344323e+02 9.322764e+02 9.336430e+02 9.365957e+02 9.329679e+02
46t 1667444325 9.303368e+02 9.328613e+02 9.336087e+02 9.228564e+02 9.328544e+02
47t  631848457 8.928423e+02 1.022994e+03 5.329152e+02 1.026759e+03 9.045657e+02
48t  961973382 1.097842e+03 9.711064e+02 1.230386e+03 9.232175e+02 1.066321e+03
49t 2047534986 5.535298e+02 5.736221e+02 1.207389e+03 1.022592e+03 1.024181e+03
50t  143484946 1.173815e+03 1.182659e+03 1.078445e+03 1.189840e+03 1.042957e+03
               6            7            8            9           10
1t  1.298450e+00 1.810653e+00 3.480282e+00 1.341626e+00 1.279798e+00
2t  7.622739e+06 2.058042e+07 1.145757e+07 1.007052e+07 6.775434e+06
3t  1.920305e+06 3.359496e+06 5.222544e+06 2.352782e+06 1.920664e+06
4t  1.543425e+05 1.270781e+05 1.485423e+05 1.305491e+05 1.187665e+05
5t  5.869935e+01 9.744039e+00 9.646038e+00 3.032596e+01 3.295686e+01
6t  1.544688e+02 2.411720e+02 1.762180e+02 1.671412e+02 1.734964e+01
7t  8.018291e+03 2.487497e+03 2.976981e+03 4.271146e+03 4.560362e+03
8t  6.506965e+00 7.724974e+00 1.010706e+01 6.712114e+00 6.102008e+00
9t  3.791018e+02 2.451159e+02 1.738286e+02 2.478254e+02 2.703848e+02
10t 2.638299e+01 3.311441e+01 3.991046e+01 2.768516e+01 2.747206e+01
11t 3.636873e+02 1.992383e+02 1.074307e+02 2.463056e+02 2.619296e+02
12t 2.652880e+04 2.633072e+02 6.071986e+02 2.978993e+02 2.021270e+02
13t 2.045896e+01 1.887266e+00 2.159081e+00 1.554375e+00 1.372937e+00
14t 2.112674e+01 2.111291e+01 2.123086e+01 2.115983e+01 2.094645e+01
15t 1.823767e+02 2.581554e+02 3.462958e+02 2.164674e+02 1.841127e+02
16t 4.928269e+01 4.846097e+01 4.930609e+01 4.977116e+01 4.890767e+01
17t 4.901746e+02 1.413152e-01 1.093071e-01 7.572547e-01 6.688930e-02
18t 8.802614e-01 1.021626e+00 1.050523e+00 9.615991e-01 9.472981e-01
19t 1.358779e+03 4.000892e+02 3.897371e+02 4.678470e+02 4.433844e+02
20t 6.045764e+02 1.911350e+02 2.296505e+02 3.668582e+02 2.859350e+02
21t 3.559932e+04 2.762192e+04 2.872881e+04 2.692784e+04 2.858236e+04
22t 3.567070e+04 2.842116e+04 3.371376e+04 2.760283e+04 2.854121e+04
23t 6.662239e+01 3.967630e+01 3.513725e+01 5.016290e+01 4.912268e+01
24t 3.720503e+00 9.207874e-01 3.594504e+00 5.122799e-01 5.154902e-01
25t 5.383463e-01 5.750315e-01 4.218871e-01 5.993228e-01 7.160271e-01
26t 2.736270e-01 3.093701e-01 3.087654e-01 3.461237e-01 7.306608e-01
27t 4.610565e+01 8.063209e+01 6.853200e+01 7.576698e+01 8.508796e+01
28t 1.642704e+02 2.689461e+02 3.114432e+02 2.471868e+02 2.593397e+02
29t 4.149910e+02 2.890990e+02 3.080493e+02 3.074767e+02 3.571305e+02
30t 1.332845e+01 1.243961e+01 1.457265e+01 1.267901e+01 9.127725e+00
31t 9.875670e+01 1.741911e+02 1.025512e+02 1.703696e+02 2.160033e+02
32t 4.192198e+02 2.963541e+02 3.168927e+02 7.490722e+02 1.193185e+03
33t 1.450569e+02 1.059387e+02 1.105978e+02 1.046231e+02 1.026874e+02
34t 2.609082e+01 2.983804e+01 3.257796e+01 2.639610e+01 2.735833e+01
35t 1.405229e+04 1.282375e+04 1.257745e+04 1.266764e+04 1.296044e+04
36t 1.028236e+05 2.392800e+05 3.135749e+05 2.547078e+05 1.952162e+05
37t 6.553141e+01 5.953220e+01 6.030528e+01 6.080599e+01 6.078959e+01
38t 1.679195e+05 3.001668e+05 1.909921e+05 2.785991e+05 3.083882e+05
39t 5.787745e+00 6.146886e+00 6.447554e+00 6.051238e+00 5.266894e+00
40t 8.873136e+02 2.704046e+01 2.417659e+01 5.493783e+01 5.740775e+01
41t 4.499641e+02 3.988943e+02 4.577103e+02 4.168296e+02 3.720525e+02
42t 4.291708e+02 2.999869e+02 3.088628e+02 3.788140e+02 3.383963e+02
43t 4.359219e+02 2.933086e+02 3.032318e+02 3.510439e+02 3.602414e+02
44t 9.553389e+02 9.358061e+02 9.321579e+02 9.361633e+02 9.519698e+02
45t 9.437485e+02 9.212195e+02 9.299926e+02 9.225555e+02 9.301025e+02
46t 9.428860e+02 9.258682e+02 9.249626e+02 9.324949e+02 9.260598e+02
47t 6.813734e+02 1.021711e+03 6.137067e+02 1.021085e+03 1.033592e+03
48t 1.190760e+03 9.118611e+02 9.218317e+02 9.220572e+02 1.000478e+03
49t 5.737081e+02 1.021101e+03 6.341326e+02 5.708586e+02 1.018715e+03
50t 1.306236e+03 9.388147e+02 1.135313e+03 1.007192e+03 1.159881e+03
              11           12           13           14           15
1t  1.249355e+00 1.146078e+00 1.305077e+00 1.759221e+00 5.864538e-01
2t  1.021483e+07 1.456010e+07 5.325232e+06 5.916396e+06 3.408488e+06
3t  1.859729e+06 1.540352e+06 2.048743e+06 2.912708e+06 9.943028e+05
4t  1.251705e+05 1.406735e+05 1.254884e+05 6.617256e+04 2.354991e+05
5t  4.015268e+01 2.553355e+01 3.864660e+01 1.837300e+01 4.101710e+01
6t  9.673407e+01 2.323706e+02 8.553991e+01 3.953910e+01 3.270463e+00
7t  5.617065e+03 4.541751e+03 4.352363e+03 3.920399e+03 1.957066e+04
8t  5.407958e+00 5.219600e+00 5.913254e+00 8.042078e+00 4.453445e+00
9t  2.869208e+02 2.687403e+02 2.793380e+02 2.057100e+02 4.232020e+02
10t 2.606049e+01 2.835413e+01 2.794740e+01 3.335487e+01 1.832938e+01
11t 2.787409e+02 2.664334e+02 2.651866e+02 2.624288e+02 4.034775e+02
12t 9.502207e+03 6.100779e+02 1.688223e+03 8.313226e+03 1.270206e+04
13t 1.999641e+01 1.581566e+00 1.534180e+00 1.990936e+00 1.991976e+01
14t 2.097475e+01 2.112521e+01 2.095599e+01 2.107883e+01 2.081078e+01
15t 1.804236e+02 2.348532e+02 4.681977e+03 2.607007e+02 1.108848e+02
16t 4.616285e+01 6.689516e+01 4.832364e+01 1.031509e+02 4.919606e+01
17t 2.766425e+00 9.636242e-01 1.128359e+00 1.503764e-01 2.236372e+02
18t 9.314135e-01 9.585105e-01 9.116395e-01 9.840743e-01 6.586809e-01
19t 5.489633e+02 5.291940e+02 5.585480e+02 3.966447e+02 5.015582e+03
20t 3.315350e+02 3.434647e+02 3.664710e+02 2.504585e+02 5.616411e+02
21t 2.812669e+04 2.741377e+04 2.862044e+04 2.724645e+04 3.712728e+04
22t 2.970939e+04 2.788337e+04 2.871233e+04 2.907384e+04 3.843283e+04
23t 5.558930e+01 5.408514e+01 4.647317e+01 4.902392e+01 8.155176e+01
24t 6.290645e-01 6.933367e-01 6.865154e-01 7.715641e-01 4.701336e+00
25t 6.879166e-01 4.506831e-01 5.024151e-01 4.590659e-01 5.781678e-01
26t 3.139611e-01 3.948154e-01 2.984662e-01 2.694382e-01 2.882583e-01
27t 9.194929e+01 8.554312e+01 1.088154e+02 1.072089e+02 5.353684e+01
28t 2.419277e+02 2.304714e+02 2.406301e+02 2.934705e+02 1.289448e+02
29t 3.212113e+02 2.195761e+02 3.248235e+02 2.107722e+02 3.941862e+02
30t 1.197612e+01 1.092464e+01 1.126242e+01 1.345650e+01 1.558126e+01
31t 1.873776e+02 1.612657e+02 1.799698e+02 2.235286e+02 1.129058e+02
32t 7.304668e+02 2.594773e+02 2.742317e+02 4.443464e+02 3.788773e+02
33t 1.153321e+02 1.159126e+02 1.014005e+02 1.165518e+02 1.573543e+02
34t 2.508678e+01 2.464207e+01 2.222125e+01 3.062055e+01 2.354878e+01
35t 1.289353e+04 1.293632e+04 1.289193e+04 1.256183e+04 1.783245e+04
36t 1.623261e+05 1.955055e+05 1.688079e+05 2.982044e+05 1.471834e+05
37t 5.748547e+01 5.873982e+01 5.685517e+01 5.614215e+01 5.618879e+01
38t 2.696518e+05 2.765314e+05 2.510311e+05 3.977445e+05 1.390350e+05
39t 6.317312e+00 5.805463e+00 6.904935e+00 6.676275e+00 5.068650e+00
40t 9.373638e+01 4.962240e+01 8.217909e+01 2.243407e+01 7.439117e+02
41t 4.482228e+02 3.786400e+02 5.019436e+02 4.522863e+02 9.012406e+02
42t 3.152365e+02 3.297212e+02 4.286976e+02 2.760672e+02 4.263364e+02
43t 3.468908e+02 3.486351e+02 3.517718e+02 3.158842e+02 5.076707e+02
44t 9.427714e+02 9.395811e+02 9.298886e+02 9.327107e+02 9.255081e+02
45t 9.391035e+02 9.315690e+02 9.335879e+02 9.363847e+02 9.254872e+02
46t 9.329305e+02 9.296065e+02 9.345190e+02 9.308079e+02 9.257737e+02
47t 5.405234e+02 1.020569e+03 1.024628e+03 1.024326e+03 1.217722e+03
48t 9.616683e+02 1.008528e+03 9.909745e+02 9.852397e+02 1.426429e+03
49t 1.028148e+03 5.597300e+02 5.662091e+02 1.025908e+03 1.293855e+03
50t 1.186594e+03 1.199394e+03 1.198812e+03 9.222382e+02 1.355851e+03
              16           17           18           19           20
1t  2.244173e+00 1.088299e+00 1.329537e+00 7.601203e-01 5.617258e-01
2t  1.320030e+07 1.400363e+07 7.028994e+06 3.989668e+06 3.471575e+06
3t  3.943464e+06 1.851057e+06 2.075997e+06 1.147030e+06 9.240014e+05
4t  1.220755e+05 1.458423e+05 1.397321e+05 5.490108e+04 2.567451e+05
5t  6.195494e+00 4.167761e+01 2.729192e+01 1.431161e+01 3.944878e+01
6t  4.264394e+02 4.979061e+02 2.369459e+02 1.562846e+00 3.388028e+00
7t  2.715203e+03 7.193779e+03 4.148730e+03 5.837753e+03 2.748801e+04
8t  7.917020e+00 5.785890e+00 5.732545e+00 1.616060e+02 4.268129e+00
9t  2.517871e+02 2.750319e+02 2.933264e+02 3.594386e+02 4.378609e+02
10t 3.437252e+01 2.761194e+01 2.883916e+01 2.193678e+01 1.850880e+01
11t 8.188665e+01 2.570365e+02 2.470707e+02 3.473914e+02 4.266266e+02
12t 2.713356e+02 1.185595e+04 1.442690e+03 2.768639e+03 1.211813e+04
13t 1.918926e+00 1.464591e+00 1.514140e+00 2.026796e+01 2.000719e+01
14t 2.113552e+01 2.104018e+01 2.116886e+01 2.082168e+01 2.069932e+01
15t 3.310389e+02 2.469392e+03 1.755306e+02 1.021326e+03 1.038734e+02
16t 4.848835e+01 7.006387e+01 4.772527e+01 4.707427e+01 4.916346e+01
17t 1.115423e+00 6.943799e-01 6.151178e-01 4.071425e-01 2.915672e+02
18t 1.028693e+00 8.770204e-01 9.799197e-01 7.712575e-01 5.904572e-01
19t 4.175013e+02 5.752641e+02 4.276786e+02 1.015569e+03 4.687547e+03
20t 2.143322e+02 2.489568e+02 3.496039e+02 6.611809e+02 5.188243e+02
21t 2.779476e+04 2.735128e+04 2.733090e+04 2.971636e+04 3.717286e+04
22t 2.831108e+04 2.810149e+04 2.793109e+04 2.971530e+04 3.931002e+04
23t 4.590507e+01 4.642338e+01 5.634088e+01 5.835245e+01 8.118336e+01
24t 8.253779e-01 5.890579e-01 8.629557e-01 7.857694e-01 4.009751e+00
25t 4.826320e-01 5.180512e-01 5.546071e-01 7.170205e-01 6.301120e-01
26t 3.088587e-01 4.184292e-01 3.525997e-01 3.384720e-01 2.890494e-01
27t 7.550479e+01 6.784276e+01 6.253271e+01 8.997353e+01 5.372005e+01
28t 2.739278e+02 1.964518e+02 2.150648e+02 2.706148e+02 1.287254e+02
29t 2.978410e+02 2.912910e+02 3.394044e+02 4.761257e+02 4.130983e+02
30t 1.195353e+01 1.091400e+01 1.103555e+01 1.037284e+01 1.545879e+01
31t 1.348677e+02 1.749371e+02 1.663406e+02 2.383776e+02 1.142400e+02
32t 3.482923e+02 3.057223e+02 3.003510e+02 9.650796e+02 3.565468e+02
33t 1.041341e+02 1.082776e+02 1.105032e+02 1.960141e+02 1.812909e+02
34t 2.836644e+01 2.274171e+01 2.681527e+01 2.442966e+01 2.256952e+01
35t 1.240391e+04 1.246340e+04 1.275054e+04 1.370396e+04 1.855929e+04
36t 2.612799e+05 1.706348e+05 2.106497e+05 2.499013e+05 1.597883e+05
37t 6.161261e+01 5.839958e+01 6.195339e+01 6.221645e+01 5.698969e+01
38t 2.449190e+05 2.090557e+05 1.857092e+05 5.152040e+05 1.609188e+05
39t 5.979202e+00 5.344633e+00 6.990090e+00 5.976182e+00 4.777967e+00
40t 2.439963e+01 9.506988e+01 1.009813e+02 6.251173e+01 7.231880e+02
41t 4.512742e+02 4.476920e+02 4.490563e+02 6.459188e+02 9.901686e+02
42t 2.882416e+02 3.602638e+02 3.334160e+02 4.267474e+02 4.261490e+02
43t 3.145944e+02 3.976797e+02 3.570653e+02 4.477060e+02 4.878553e+02
44t 9.261273e+02 9.437274e+02 9.390063e+02 9.877993e+02 9.218463e+02
45t 9.216396e+02 9.301622e+02 9.358256e+02 9.859875e+02 9.249731e+02
46t 9.222755e+02 9.276334e+02 9.384281e+02 9.317914e+02 9.234379e+02
47t 1.020621e+03 1.021572e+03 1.025864e+03 1.035668e+03 1.210353e+03
48t 9.131743e+02 1.009346e+03 9.358730e+02 1.170302e+03 1.382790e+03
49t 1.017802e+03 5.559851e+02 1.021696e+03 1.217878e+03 1.283305e+03
50t 9.653949e+02 1.175786e+03 1.036524e+03 1.275757e+03 1.331161e+03
              21           22           23           24           25
1t  1.419230e+00 1.645003e+00 6.296479e-01 2.122759e+00 1.770645e+00
2t  9.555138e+06 1.716539e+07 3.792851e+06 2.103639e+07 2.194140e+07
3t  2.198126e+06 2.461843e+06 9.638135e+05 3.213622e+06 2.945391e+06
4t  1.431168e+05 1.550561e+05 2.666332e+05 1.439514e+05 1.215301e+05
5t  2.808879e+01 1.040280e+01 3.633026e+01 4.788664e+00 1.126452e+01
6t  3.830368e+02 6.132264e+02 2.442204e+00 4.699092e+02 2.572900e+02
7t  3.658028e+03 4.374415e+03 3.316450e+04 3.439212e+03 4.588007e+03
8t  6.358357e+00 6.578299e+00 1.268899e+03 7.037410e+00 7.426902e+00
9t  2.923675e+02 2.490992e+02 3.389784e+02 2.559894e+02 2.194424e+02
10t 2.711552e+01 3.075975e+01 1.750558e+01 3.233610e+01 3.328050e+01
11t 2.789663e+02 2.312087e+02 3.104524e+02 2.135981e+02 2.370648e+02
12t 1.268711e+04 1.995753e+02 1.256889e+04 2.741710e+02 3.736064e+02
13t 1.582880e+00 1.700559e+00 2.003398e+01 1.614196e+00 1.890912e+00
14t 2.100780e+01 2.107083e+01 2.084346e+01 2.106868e+01 2.111839e+01
15t 2.557348e+02 2.557235e+02 1.086745e+02 3.062837e+02 4.848864e+02
16t 4.928447e+01 4.727772e+01 4.916832e+01 5.336430e+01 4.891321e+01
17t 1.138613e+00 5.639453e-01 3.980497e+02 1.086600e+00 1.064678e-01
18t 9.637997e-01 1.009503e+00 6.518913e-01 1.017516e+00 9.215374e-01
19t 4.976121e+02 3.849152e+02 6.570664e+03 3.808891e+02 4.666279e+02
20t 3.398404e+02 2.483668e+02 9.882365e+02 2.412628e+02 2.848112e+02
21t 2.775792e+04 2.722757e+04 3.799859e+04 2.726551e+04 2.737867e+04
22t 2.788393e+04 2.809721e+04 3.897283e+04 2.859530e+04 2.851820e+04
23t 4.539620e+01 4.563949e+01 8.291784e+01 4.287423e+01 4.364961e+01
24t 8.005687e-01 7.039494e-01 5.455644e+00 4.927324e-01 6.935949e-01
25t 5.070868e-01 4.737175e-01 6.563735e-01 5.462652e-01 4.726777e-01
26t 3.240646e-01 3.320399e-01 2.908592e-01 2.792948e-01 3.522939e-01
27t 7.299410e+01 6.627844e+01 5.300466e+01 5.441982e+01 8.713476e+01
28t 2.413484e+02 2.659165e+02 1.328233e+02 2.445704e+02 2.615734e+02
29t 2.749566e+02 2.690002e+02 4.100042e+02 2.810878e+02 2.927585e+02
30t 1.058951e+01 1.295574e+01 9.299931e+00 1.296484e+01 1.224908e+01
31t 1.365802e+02 1.646475e+02 1.149226e+02 1.425703e+02 1.539655e+02
32t 2.755445e+02 3.085321e+02 4.257326e+02 4.247272e+02 2.681779e+02
33t 9.912676e+01 1.066718e+02 1.782464e+02 9.626772e+01 9.101737e+01
34t 2.862120e+01 2.418693e+01 2.276725e+01 2.873344e+01 2.969816e+01
35t 1.273714e+04 1.262608e+04 1.828528e+04 1.242765e+04 1.257737e+04
36t 2.109317e+05 2.739942e+05 1.203346e+05 2.220378e+05 2.174470e+05
37t 5.783010e+01 6.074981e+01 5.600220e+01 6.130762e+01 5.804321e+01
38t 2.393172e+05 2.572698e+05 2.218816e+05 3.416599e+05 3.355777e+05
39t 6.744057e+00 6.137845e+00 6.583233e+00 5.973023e+00 5.352374e+00
40t 5.672909e+01 2.774098e+01 5.911820e+02 4.317789e+01 2.755802e+01
41t 4.495694e+02 4.509164e+02 1.044230e+03 4.511347e+02 4.503754e+02
42t 4.187647e+02 3.924197e+02 4.261312e+02 3.115859e+02 2.470459e+02
43t 3.461928e+02 3.411103e+02 4.572534e+02 3.070809e+02 3.192580e+02
44t 9.359034e+02 9.311185e+02 9.237278e+02 9.283904e+02 9.344454e+02
45t 9.362259e+02 9.224183e+02 9.248829e+02 9.246524e+02 9.285527e+02
46t 9.428183e+02 9.304840e+02 9.225240e+02 9.315691e+02 9.246803e+02
47t 5.459286e+02 1.021107e+03 1.213707e+03 1.024402e+03 1.024290e+03
48t 9.756382e+02 9.243255e+02 1.423982e+03 9.199334e+02 9.809548e+02
49t 1.030646e+03 1.016981e+03 1.242258e+03 1.019177e+03 1.023341e+03
50t 1.233727e+03 1.001990e+03 1.310816e+03 9.754647e+02 1.139175e+03
              26           27           28           29           30
1t  1.226888e+00 1.769992e+00 1.338464e+00 1.046016e+00 1.721227e+00
2t  6.335951e+06 7.359283e+06 9.103577e+06 2.424223e+07 9.642384e+06
3t  1.705410e+06 2.410073e+06 2.293369e+06 1.990135e+06 3.064366e+06
4t  1.363421e+05 1.119811e+05 1.267730e+05 1.529596e+05 1.157851e+05
5t  5.952444e+01 9.559608e+00 1.377130e+01 3.349396e+01 9.926435e+00
6t  8.877790e+01 9.597211e+01 1.443328e+02 4.978613e+02 1.589651e+02
7t  7.391123e+03 3.692652e+03 4.761044e+03 7.793046e+03 3.189532e+03
8t  5.847710e+00 6.564159e+00 6.651806e+00 5.282599e+00 7.245019e+00
9t  3.626087e+02 2.536526e+02 2.510257e+02 2.961449e+02 2.643392e+02
10t 2.723827e+01 3.180153e+01 3.174074e+01 2.829567e+01 3.236589e+01
11t 3.622495e+02 2.332699e+02 2.629955e+02 2.650680e+02 2.379669e+02
12t 2.435758e+04 2.306889e+02 2.209759e+02 1.056229e+04 2.437399e+02
13t 2.051364e+01 1.704547e+00 1.705794e+00 1.457404e+00 1.835864e+00
14t 2.119421e+01 2.110375e+01 2.102443e+01 2.104166e+01 2.109580e+01
15t 1.586559e+02 2.482415e+02 2.000240e+02 3.928699e+02 2.012556e+02
16t 4.928270e+01 4.896429e+01 1.170908e+02 4.835359e+01 4.808943e+01
17t 3.099402e+02 4.361299e-01 9.252825e-01 1.083420e+00 1.692045e-01
18t 9.197737e-01 1.001906e+00 9.786313e-01 9.392657e-01 9.786218e-01
19t 1.566156e+03 4.493970e+02 4.777807e+02 5.711631e+02 3.873702e+02
20t 6.175088e+02 2.698755e+02 2.908545e+02 3.015288e+02 1.860201e+02
21t 3.504272e+04 2.720569e+04 2.799398e+04 2.667777e+04 2.754051e+04
22t 3.555728e+04 2.863490e+04 2.877322e+04 2.839931e+04 2.724246e+04
23t 6.514842e+01 4.965572e+01 4.395047e+01 4.932339e+01 4.311278e+01
24t 3.190002e+00 8.342551e-01 7.407141e-01 7.168044e-01 5.741079e-01
25t 5.633828e-01 7.155003e-01 5.211091e-01 5.987091e-01 5.820516e-01
26t 2.757894e-01 3.334887e-01 2.653804e-01 3.475988e-01 3.232065e-01
27t 5.473994e+01 1.115642e+02 7.737712e+01 5.589362e+01 7.795421e+01
28t 1.680711e+02 2.548927e+02 2.383722e+02 2.154684e+02 2.478801e+02
29t 4.115645e+02 3.081410e+02 2.784748e+02 2.634638e+02 2.832906e+02
30t 1.293802e+01 1.235674e+01 1.137000e+01 1.174973e+01 1.377733e+01
31t 1.098625e+02 1.853254e+02 1.985691e+02 1.664623e+02 2.156704e+02
32t 3.655582e+02 1.117352e+03 4.033585e+02 3.483977e+02 3.173346e+02
33t 1.365600e+02 1.109450e+02 9.318814e+01 1.201347e+02 9.725459e+01
34t 2.481265e+01 2.711017e+01 2.702372e+01 2.107623e+01 2.754253e+01
35t 1.406038e+04 1.279477e+04 1.281643e+04 1.277828e+04 1.241637e+04
36t 1.580104e+05 1.991816e+05 2.250412e+05 1.767942e+05 3.070092e+05
37t 6.655141e+01 5.909070e+01 5.491165e+01 5.487973e+01 6.099361e+01
38t 1.762436e+05 3.113501e+05 2.731378e+05 1.909925e+05 4.247862e+05
39t 6.575172e+00 5.663759e+00 5.430909e+00 5.551531e+00 5.971644e+00
40t 8.692972e+02 4.080296e+01 3.585945e+01 9.411251e+01 1.958256e+01
41t 4.492801e+02 4.510335e+02 4.321190e+02 4.486107e+02 4.518175e+02
42t 3.808227e+02 4.191466e+02 4.031433e+02 3.928782e+02 3.284680e+02
43t 3.972274e+02 3.255658e+02 3.560827e+02 3.565690e+02 3.496890e+02
44t 9.458484e+02 9.298604e+02 9.364912e+02 9.356419e+02 9.266536e+02
45t 9.445601e+02 9.238558e+02 9.431973e+02 9.326541e+02 9.307946e+02
46t 9.477196e+02 9.254430e+02 9.323963e+02 9.428985e+02 9.295899e+02
47t 5.494350e+02 1.017902e+03 1.027967e+03 5.358428e+02 1.021038e+03
48t 1.210870e+03 9.229585e+02 9.882930e+02 9.969885e+02 9.219540e+02
49t 1.130824e+03 1.024041e+03 1.025033e+03 5.701915e+02 1.021799e+03
50t 1.265782e+03 8.988780e+02 1.009950e+03 1.209086e+03 9.171646e+02
              31           32           33           34           35
1t  1.428859e+00 8.995640e-01 9.427027e-01 9.987143e-01 8.524926e-01
2t  9.872541e+06 4.013295e+06 2.135219e+07 5.433317e+06 4.091262e+06
3t  1.493566e+06 1.293999e+06 1.501800e+06 1.780565e+06 1.105790e+06
4t  1.497976e+05 9.671877e+04 1.436219e+05 4.731344e+04 1.241231e+05
5t  3.530111e+01 1.156233e+01 4.807654e+01 1.041186e+01 5.788515e+01
6t  1.418201e+02 3.938666e+00 8.978286e+01 3.685288e+00 3.160953e+01
7t  4.992707e+03 4.564369e+03 4.285965e+03 1.610732e+03 1.208052e+04
8t  5.943128e+00 5.278531e+00 5.206351e+00 5.998725e+00 5.147869e+00
9t  2.741269e+02 3.208308e+02 3.110310e+02 3.353318e+02 3.573897e+02
10t 2.819347e+01 2.393003e+01 2.574083e+01 2.887444e+01 2.407514e+01
11t 2.767157e+02 2.969320e+02 2.753424e+02 3.178236e+02 3.799550e+02
12t 1.179798e+04 8.988093e+03 1.448069e+04 1.655291e+02 2.255726e+04
13t 1.360926e+00 2.007439e+01 1.996587e+01 2.010937e+01 2.025624e+01
14t 2.098567e+01 2.095361e+01 2.091346e+01 2.101406e+01 2.119234e+01
15t 1.900187e+02 1.342649e+02 1.528010e+02 3.731253e+03 1.341625e+02
16t 4.773941e+01 4.926240e+01 4.926453e+01 4.902092e+01 4.903758e+01
17t 1.413292e+00 5.089306e-02 5.826507e+00 7.587574e-02 4.652371e+02
18t 9.365610e-01 8.385874e-01 8.795569e-01 9.230972e-01 7.948983e-01
19t 4.893945e+02 6.443985e+02 6.124111e+02 6.019649e+02 2.209208e+03
20t 3.544085e+02 4.642026e+02 2.952055e+02 4.773960e+02 6.729077e+02
21t 2.781005e+04 2.939421e+04 2.771660e+04 2.932575e+04 3.458994e+04
22t 2.836124e+04 2.994111e+04 2.831684e+04 3.023500e+04 3.590802e+04
23t 4.284872e+01 6.933486e+01 5.657176e+01 6.043855e+01 6.570090e+01
24t 7.166516e-01 7.758061e-01 5.896210e-01 9.593503e-01 2.989500e+00
25t 6.020678e-01 8.043799e-01 4.949042e-01 1.022182e+00 5.983070e-01
26t 3.024742e-01 3.853494e-01 2.814300e-01 2.848458e-01 3.035499e-01
27t 8.312551e+01 1.207280e+02 1.000236e+02 1.260250e+02 4.479512e+01
28t 2.445883e+02 2.112132e+02 2.075287e+02 2.235317e+02 1.470482e+02
29t 3.027133e+02 3.848070e+02 3.212954e+02 3.709521e+02 4.145597e+02
30t 1.177503e+01 1.020433e+01 1.334303e+01 1.163236e+01 1.838313e+01
31t 1.908848e+02 2.373518e+02 1.743913e+02 2.651700e+02 1.002039e+02
32t 3.063218e+02 7.642631e+02 2.939144e+02 5.145607e+02 4.004651e+02
33t 1.145220e+02 1.353805e+02 1.222081e+02 1.327993e+02 1.651604e+02
34t 2.897795e+01 2.044231e+01 2.327267e+01 3.330192e+01 2.434769e+01
35t 1.262893e+04 1.313334e+04 1.298581e+04 1.309965e+04 1.444624e+04
36t 1.447916e+05 1.929773e+05 1.546901e+05 2.612266e+05 1.373732e+05
37t 5.726985e+01 5.721844e+01 5.412625e+01 5.608455e+01 6.553498e+01
38t 2.309277e+05 4.322681e+05 2.326360e+05 3.885192e+05 1.471863e+05
39t 5.569784e+00 6.347166e+00 5.333114e+00 5.430757e+00 6.310451e+00
40t 9.505282e+01 5.180816e+01 1.141103e+02 4.561072e+01 1.060304e+03
41t 3.793078e+02 6.940389e+02 4.477858e+02 5.344533e+02 5.581255e+02
42t 2.901413e+02 3.463067e+02 3.119109e+02 3.709003e+02 3.867440e+02
43t 3.420508e+02 3.837160e+02 4.396069e+02 4.020358e+02 4.330915e+02
44t 9.350712e+02 9.359114e+02 9.306104e+02 9.419656e+02 9.329674e+02
45t 9.453186e+02 9.357921e+02 9.944358e+02 9.581546e+02 9.315938e+02
46t 9.800553e+02 9.296011e+02 9.278493e+02 9.304324e+02 9.362277e+02
47t 5.463948e+02 5.352573e+02 5.317232e+02 1.200092e+03 5.329617e+02
48t 9.808876e+02 1.122948e+03 1.055304e+03 1.048616e+03 1.320089e+03
49t 5.633645e+02 1.198056e+03 5.545143e+02 9.163367e+02 1.200199e+03
50t 1.181203e+03 1.143297e+03 1.195882e+03 9.670164e+02 1.317052e+03
              36           37           38           39           40
1t  1.274499e+00 1.213543e+00 1.648465e+00 7.769908e-01 5.973620e-01
2t  2.197753e+07 6.889681e+06 1.154378e+07 6.261364e+06 2.898337e+06
3t  2.276269e+06 1.750533e+06 2.295178e+06 1.403373e+06 8.898323e+05
4t  1.502362e+05 1.325791e+05 1.242128e+05 1.453564e+05 2.223888e+05
5t  8.248513e+00 4.610541e+01 1.110860e+01 3.602545e+01 4.262539e+01
6t  4.166640e+02 2.551274e+02 2.737268e+02 9.296321e+00 4.466952e+00
7t  3.901033e+03 5.985085e+03 3.764525e+03 2.674143e+04 1.485538e+04
8t  6.600294e+00 5.782726e+00 6.604904e+00 5.106026e+00 4.369509e+00
9t  2.586391e+02 2.521099e+02 2.710761e+02 3.131856e+02 4.432649e+02
10t 2.953340e+01 2.802965e+01 2.737957e+01 2.117486e+01 1.895995e+01
11t 2.416297e+02 2.613410e+02 2.344653e+02 2.723005e+02 4.343091e+02
12t 2.938843e+02 3.735374e+02 2.854511e+02 1.835601e+04 1.391855e+04
13t 1.647593e+00 1.461307e+00 1.662785e+00 1.888639e+01 2.001155e+01
14t 2.107796e+01 2.104051e+01 2.112672e+01 2.085476e+01 2.069516e+01
15t 2.308726e+02 2.941090e+02 2.842221e+02 1.321893e+02 1.058886e+02
16t 4.851839e+01 4.871303e+01 4.870172e+01 4.912453e+01 4.924192e+01
17t 9.740237e-01 2.287456e-01 1.123840e+00 3.694713e+01 3.717695e+02
18t 9.371855e-01 9.514623e-01 9.768656e-01 8.421576e-01 6.422823e-01
19t 4.284090e+02 4.830332e+02 4.429151e+02 1.713676e+03 6.287406e+03
20t 2.587060e+02 2.529725e+02 2.662036e+02 3.865126e+02 9.504799e+02
21t 2.670948e+04 2.713821e+04 2.648895e+04 2.699112e+04 3.714284e+04
22t 2.873775e+04 2.840381e+04 2.918619e+04 2.975368e+04 3.944938e+04
23t 5.083371e+01 5.521247e+01 4.542974e+01 5.263609e+01 7.702048e+01
24t 4.151197e-01 8.979771e-01 7.030776e-01 7.702437e-01 4.256823e+00
25t 5.944069e-01 4.759963e-01 5.270584e-01 7.635942e-01 6.340377e-01
26t 4.032681e-01 2.845506e-01 3.586800e-01 7.566835e-01 2.873565e-01
27t 6.543214e+01 7.347935e+01 8.011327e+01 1.083019e+02 5.956870e+01
28t 2.643558e+02 2.138852e+02 2.467858e+02 2.263686e+02 1.153151e+02
29t 2.871289e+02 3.517786e+02 3.289356e+02 3.104596e+02 4.175055e+02
30t 1.084550e+01 1.042340e+01 1.196872e+01 1.204034e+01 1.405747e+01
31t 1.270987e+02 1.628251e+02 1.342692e+02 2.459736e+02 1.143771e+02
32t 3.151809e+02 3.269778e+02 4.084594e+02 2.916604e+02 3.835452e+02
33t 1.102542e+02 9.649407e+01 1.003864e+02 1.604848e+02 1.565291e+02
34t 2.403036e+01 2.308113e+01 2.472055e+01 2.897985e+01 2.335753e+01
35t 1.280818e+04 1.251039e+04 1.264256e+04 1.487213e+04 1.874488e+04
36t 2.227504e+05 1.583476e+05 2.101133e+05 1.678378e+05 1.363179e+05
37t 6.088265e+01 5.879495e+01 5.860204e+01 5.379919e+01 5.268408e+01
38t 2.792986e+05 2.475729e+05 2.503484e+05 2.236583e+05 1.575793e+05
39t 5.486031e+00 5.178377e+00 6.300910e+00 7.620205e+00 4.738195e+00
40t 2.958784e+01 6.712968e+01 2.988707e+01 2.377286e+02 8.714465e+02
41t 4.496076e+02 3.741287e+02 4.503076e+02 7.587382e+02 9.459805e+02
42t 3.159504e+02 3.121870e+02 2.653295e+02 4.842357e+02 4.260625e+02
43t 3.591243e+02 3.905744e+02 3.532311e+02 4.265047e+02 4.453259e+02
44t 9.579255e+02 9.417733e+02 9.341801e+02 1.056203e+03 9.247314e+02
45t 9.302341e+02 9.286546e+02 9.330295e+02 1.062216e+03 9.251973e+02
46t 9.310882e+02 9.314169e+02 9.269419e+02 1.042759e+03 9.249311e+02
47t 1.024940e+03 1.024156e+03 1.022153e+03 5.308836e+02 1.212142e+03
48t 9.734470e+02 9.564642e+02 9.714612e+02 1.249242e+03 1.419180e+03
49t 1.024733e+03 5.643743e+02 1.021070e+03 1.024189e+03 1.300778e+03
50t 1.158197e+03 1.143988e+03 1.158328e+03 1.254859e+03 1.348374e+03
              41           42           43           44           45
1t  1.305428e+00 1.850566e+00 7.336277e-01 1.607772e+00 1.576426e+00
2t  5.136515e+06 1.677544e+07 2.965144e+06 9.809319e+06 6.421510e+06
3t  2.044508e+06 2.868998e+06 1.227916e+06 2.324376e+06 2.702555e+06
4t  1.154373e+05 1.521835e+05 6.864408e+04 1.392799e+05 1.190805e+05
5t  3.835406e+01 1.250301e+01 9.001526e+00 5.120744e+01 1.729400e+01
6t  3.302746e+01 4.614120e+02 2.755926e+00 2.962454e+02 1.724839e+02
7t  4.106066e+03 3.883198e+03 1.477794e+05 5.336716e+03 3.743526e+03
8t  6.729782e+00 6.680639e+00 5.019146e+00 6.581364e+00 6.363657e+00
9t  2.695884e+02 2.053736e+02 3.726107e+02 3.042835e+02 2.805251e+02
10t 2.996410e+01 2.999362e+01 2.314448e+01 2.769257e+01 3.166453e+01
11t 3.040044e+02 2.521637e+02 3.649810e+02 2.867251e+02 2.086494e+02
12t 1.423344e+04 2.603465e+02 5.105585e+02 1.221906e+04 2.169581e+02
13t 2.012525e+01 1.860080e+00 2.042569e+01 1.999544e+01 1.709015e+00
14t 2.116218e+01 2.113144e+01 2.080794e+01 2.104004e+01 2.119255e+01
15t 1.928517e+02 3.182000e+02 1.259269e+02 2.341776e+02 2.288140e+02
16t 4.822507e+01 4.890749e+01 4.922805e+01 5.214569e+01 4.891558e+01
17t 1.948282e+00 9.925647e-01 4.648251e-02 2.614720e+00 1.109444e+00
18t 9.196309e-01 1.025441e+00 8.387355e-01 1.000337e+00 9.982137e-01
19t 5.091550e+02 4.766229e+02 1.999052e+03 5.062745e+02 4.877903e+02
20t 3.543350e+02 2.196898e+02 6.662160e+02 3.797144e+02 2.746145e+02
21t 2.863092e+04 2.715076e+04 3.859767e+04 2.752587e+04 2.719504e+04
22t 2.967965e+04 2.838005e+04 3.198537e+04 2.894182e+04 2.794287e+04
23t 5.656752e+01 4.176240e+01 7.355694e+01 5.185963e+01 4.800220e+01
24t 1.110203e+00 9.186915e-01 6.568431e-01 5.312507e-01 7.471733e-01
25t 8.381923e-01 5.298757e-01 7.084574e-01 6.132249e-01 6.660916e-01
26t 2.902833e-01 3.417262e-01 3.658489e-01 7.984182e-01 3.691371e-01
27t 9.762491e+01 6.520359e+01 9.092440e+01 7.726262e+01 8.286246e+01
28t 2.667816e+02 2.661630e+02 1.760991e+02 3.726511e+02 2.326193e+02
29t 3.788774e+02 3.067235e+02 5.324175e+02 3.271289e+02 3.080778e+02
30t 1.308602e+01 1.283549e+01 1.059986e+03 1.386577e+01 1.264799e+01
31t 2.165750e+02 1.565087e+02 1.591529e+02 1.618768e+02 1.822772e+02
32t 2.543885e+02 2.971144e+02 5.583005e+02 2.922287e+02 3.375946e+02
33t 1.021246e+02 1.041393e+02 1.992573e+02 9.956144e+01 9.200569e+01
34t 2.754956e+01 3.224610e+01 2.944550e+01 2.685016e+01 2.859893e+01
35t 1.280244e+04 1.249378e+04 1.443760e+04 1.281610e+04 1.259791e+04
36t 2.124526e+05 2.445935e+05 1.515732e+05 2.174616e+05 1.819078e+05
37t 6.082648e+01 6.022711e+01 7.186317e+01 5.796615e+01 5.969343e+01
38t 3.173883e+05 1.876376e+05 2.227312e+05 2.677614e+05 2.248586e+05
39t 5.653982e+00 6.446152e+00 5.731384e+00 6.158832e+00 6.379526e+00
40t 8.598835e+01 4.882666e+01 7.813714e+01 7.801729e+01 6.101886e+01
41t 4.683249e+02 4.504404e+02 8.301054e+02 4.290256e+02 4.509259e+02
42t 4.282970e+02 3.270775e+02 3.683295e+02 2.638272e+02 3.852935e+02
43t 4.066013e+02 3.451749e+02 4.309384e+02 3.143847e+02 3.205242e+02
44t 9.417563e+02 9.340454e+02 9.728003e+02 9.776459e+02 9.328191e+02
45t 9.526687e+02 9.366595e+02 1.168644e+03 9.319848e+02 9.298659e+02
46t 9.382939e+02 9.291734e+02 9.450924e+02 9.276434e+02 9.262571e+02
47t 5.491868e+02 1.020862e+03 5.301903e+02 5.504182e+02 5.514424e+02
48t 1.024881e+03 9.191782e+02 1.577751e+03 1.003871e+03 9.174782e+02
49t 5.690369e+02 1.020624e+03 1.227762e+03 5.669030e+02 1.023174e+03
50t 1.060010e+03 1.001466e+03 1.273283e+03 1.131475e+03 9.569436e+02
              46           47           48           49           50
1t  1.281046e+00 2.967135e+00 7.860667e-01 1.886191e+00 2.433942e+00
2t  8.357890e+06 3.185752e+07 1.928227e+07 7.310570e+06 2.830168e+07
3t  2.324306e+06 4.977665e+06 1.268420e+06 3.303032e+06 3.382320e+06
4t  1.486915e+05 1.366789e+05 1.398786e+05 9.900221e+04 1.021889e+05
5t  5.837841e+01 5.685691e+00 5.833927e+01 1.322017e+01 5.870669e+00
6t  3.196127e+02 5.712970e+02 1.317702e+02 4.408846e+01 2.325250e+02
7t  7.850196e+03 3.192175e+03 5.566978e+03 2.086764e+03 3.219427e+03
8t  6.312514e+00 9.287480e+00 4.659430e+00 7.012038e+00 8.277416e+00
9t  3.660719e+02 1.876328e+02 2.959973e+02 2.630049e+02 1.579133e+02
10t 3.007106e+01 3.743722e+01 2.478666e+01 3.363779e+01 3.449886e+01
11t 3.309207e+02 2.089994e+02 2.866641e+02 2.788126e+02 2.115175e+02
12t 2.645760e+04 2.767199e+02 1.773615e+04 2.044014e+02 3.080421e+02
13t 2.025142e+01 2.347099e+00 1.982973e+01 1.831372e+00 2.238583e+00
14t 2.110672e+01 2.112778e+01 2.082059e+01 2.109364e+01 2.102978e+01
15t 1.969755e+02 1.029700e+03 1.488367e+02 2.517161e+02 3.529409e+02
16t 4.928908e+01 4.986926e+01 4.902753e+01 4.839274e+01 4.815850e+01
17t 6.693738e+01 1.008961e+00 4.489974e+00 3.491200e-01 2.723500e-01
18t 9.750969e-01 1.048306e+00 8.179516e-01 9.966692e-01 1.030376e+00
19t 1.182379e+03 3.712682e+02 5.660915e+02 5.058221e+02 4.145034e+02
20t 5.258907e+02 1.925963e+02 3.956856e+02 2.587570e+02 2.275900e+02
21t 3.455108e+04 2.675192e+04 2.854814e+04 2.814159e+04 2.745162e+04
22t 3.574317e+04 2.814247e+04 2.891260e+04 2.844777e+04 2.866693e+04
23t 5.607422e+01 4.109184e+01 5.768714e+01 5.236769e+01 4.273621e+01
24t 3.952020e+00 9.845000e-01 8.191420e-01 7.058915e-01 7.542830e-01
25t 4.974781e-01 4.067060e-01 7.545431e-01 6.489664e-01 5.343063e-01
26t 2.875834e-01 3.424830e-01 3.643176e-01 7.816739e-01 3.375002e-01
27t 5.617551e+01 6.112810e+01 7.190206e+01 9.018085e+01 7.750329e+01
28t 1.925968e+02 3.528950e+02 2.042316e+02 3.129910e+02 3.015909e+02
29t 4.181082e+02 2.926070e+02 3.045484e+02 2.577252e+02 2.919704e+02
30t 1.449155e+01 1.524158e+01 1.330810e+01 1.298065e+01 1.440236e+01
31t 1.159746e+02 1.652591e+02 1.629751e+02 2.000500e+02 1.894440e+02
32t 4.223006e+02 3.703272e+02 4.971762e+02 3.374412e+02 5.173958e+02
33t 1.217341e+02 1.098211e+02 1.303032e+02 1.031397e+02 1.050669e+02
34t 2.724908e+01 3.148237e+01 2.528283e+01 2.945012e+01 3.069540e+01
35t 1.337515e+04 1.245382e+04 1.323492e+04 1.263759e+04 1.236140e+04
36t 3.151345e+05 3.176942e+05 1.497640e+05 3.362241e+05 2.682210e+05
37t 5.954389e+01 6.192065e+01 5.699701e+01 5.923702e+01 5.883967e+01
38t 2.318460e+05 2.257401e+05 2.150714e+05 3.551377e+05 3.550087e+05
39t 6.267008e+00 6.066416e+00 7.142901e+00 6.527024e+00 6.172569e+00
40t 4.854195e+02 2.475983e+01 3.655975e+02 4.953967e+01 1.713114e+01
41t 4.504457e+02 4.559018e+02 4.467398e+02 3.964423e+02 4.542665e+02
42t 3.400449e+02 3.051459e+02 3.387853e+02 4.317758e+02 2.338185e+02
43t 3.812210e+02 2.844083e+02 4.415528e+02 3.458102e+02 3.154767e+02
44t 9.646640e+02 9.262377e+02 9.379835e+02 9.347753e+02 9.283097e+02
45t 9.785768e+02 9.230925e+02 9.258080e+02 9.327768e+02 9.243685e+02
46t 9.393542e+02 9.216603e+02 9.331024e+02 9.343242e+02 9.241584e+02
47t 5.605395e+02 1.022405e+03 5.286543e+02 1.023405e+03 1.020392e+03
48t 1.121969e+03 9.362916e+02 1.112547e+03 9.908635e+02 9.234056e+02
49t 5.818963e+02 1.019676e+03 5.494517e+02 1.020143e+03 1.021543e+03
50t 1.270166e+03 9.121257e+02 1.170952e+03 9.061824e+02 9.178333e+02
              51           52           53           54           55
1t  1.179747e+00 1.099131e+00 9.747746e-01 1.573711e+00 6.967810e-01
2t  1.365868e+07 6.803955e+06 8.679477e+06 7.122779e+06 5.045015e+06
3t  2.104593e+06 1.764762e+06 1.555390e+06 2.510483e+06 1.162731e+06
4t  1.132364e+05 1.494801e+05 1.146285e+05 1.516009e+05 1.902261e+05
5t  3.698077e+01 3.677981e+01 3.485261e+01 4.465280e+01 5.332567e+01
6t  1.257586e+02 9.814694e+01 9.787317e+00 1.556161e+02 9.636365e+00
7t  3.693517e+03 2.994086e+03 4.699276e+03 6.325840e+03 1.468522e+04
8t  6.507894e+00 5.759305e+00 5.463757e+00 7.179833e+00 1.817578e+01
9t  2.626143e+02 2.776848e+02 2.936334e+02 2.542320e+02 4.086892e+02
10t 2.918740e+01 2.892311e+01 2.659209e+01 2.969669e+01 2.256797e+01
11t 2.240007e+02 2.238166e+02 2.835618e+02 2.396915e+02 4.009840e+02
12t 2.313414e+02 2.479862e+02 1.206992e+04 4.344190e+03 2.016093e+04
13t 1.586809e+00 1.317665e+00 1.950237e+01 1.672297e+00 2.057416e+01
14t 2.109218e+01 2.109355e+01 2.097388e+01 2.103616e+01 2.116145e+01
15t 1.981759e+02 1.605609e+02 1.436215e+02 2.187700e+02 1.095081e+02
16t 1.019857e+02 4.886353e+01 4.711093e+01 4.921676e+01 4.925118e+01
17t 9.831936e-02 1.006758e+00 2.590121e+00 6.640757e-02 5.122821e+02
18t 9.928493e-01 8.950089e-01 8.997579e-01 9.578605e-01 8.338328e-01
19t 5.219964e+02 5.426975e+02 6.421554e+02 5.419236e+02 2.566102e+03
20t 3.139006e+02 3.004805e+02 4.186972e+02 4.015280e+02 7.966720e+02
21t 2.802444e+04 2.727232e+04 2.860164e+04 3.107449e+04 3.495540e+04
22t 2.915626e+04 2.802162e+04 2.981268e+04 3.173073e+04 3.579052e+04
23t 5.315800e+01 5.091945e+01 5.882369e+01 5.200588e+01 7.038453e+01
24t 9.895967e-01 9.427177e-01 4.660731e-01 3.912767e+00 2.594649e+00
25t 4.835183e-01 7.552380e-01 8.427841e-01 5.413477e-01 6.344930e-01
26t 3.915203e-01 3.318913e-01 3.096789e-01 3.449934e-01 2.866704e-01
27t 9.438061e+01 8.900241e+01 1.118514e+02 7.832882e+01 6.780291e+01
28t 2.356307e+02 2.276050e+02 2.171824e+02 2.403428e+02 1.472575e+02
29t 3.107136e+02 3.028930e+02 3.994337e+02 3.319472e+02 4.594893e+02
30t 1.417885e+01 9.736184e+00 1.484113e+01 1.679647e+01 1.974255e+01
31t 1.829440e+02 1.748591e+02 1.999675e+02 1.576697e+02 9.890641e+01
32t 3.459553e+02 3.294423e+02 3.187184e+02 4.328799e+02 4.346511e+02
33t 1.081551e+02 1.181619e+02 1.272699e+02 1.058287e+02 1.651535e+02
34t 2.284392e+01 2.137644e+01 2.217309e+01 2.777455e+01 2.377894e+01
35t 1.251923e+04 1.283726e+04 1.337596e+04 1.278051e+04 1.455842e+04
36t 1.831673e+05 1.547050e+05 1.653022e+05 2.678342e+05 1.519751e+05
37t 5.908421e+01 6.077908e+01 5.843910e+01 6.229490e+01 6.815824e+01
38t 3.596731e+05 2.403869e+05 3.273148e+05 1.956857e+05 1.346289e+05
39t 6.413343e+00 5.160835e+00 7.134780e+00 5.529434e+00 6.120177e+00
40t 4.070567e+01 8.619914e+01 8.710933e+01 5.541996e+01 9.553804e+02
41t 4.032829e+02 3.710774e+02 5.642354e+02 4.513816e+02 5.331837e+02
42t 3.300557e+02 3.566480e+02 3.257641e+02 4.305200e+02 4.270434e+02
43t 4.378195e+02 3.899903e+02 3.630592e+02 3.857187e+02 4.461086e+02
44t 9.355357e+02 9.311083e+02 9.390863e+02 9.810051e+02 9.303663e+02
45t 9.331132e+02 9.448612e+02 9.401225e+02 9.266876e+02 9.304633e+02
46t 9.384863e+02 9.271623e+02 9.409940e+02 9.959864e+02 9.301963e+02
47t 1.023013e+03 5.443445e+02 5.324664e+02 5.549678e+02 1.196192e+03
48t 9.516027e+02 9.906198e+02 1.101377e+03 9.979707e+02 1.411364e+03
49t 1.019052e+03 1.021046e+03 1.020958e+03 5.716602e+02 1.216041e+03
50t 1.101955e+03 1.102695e+03 1.159935e+03 1.210343e+03 1.320604e+03
              56           57           58           59           60
1t  1.376610e+00 9.139998e-01 1.702806e+00 7.015891e-01 6.848213e-01
2t  1.604473e+07 1.852726e+07 1.221714e+07 2.679515e+06 4.421762e+06
3t  2.392504e+06 1.520159e+06 2.679885e+06 1.077167e+06 1.031231e+06
4t  1.242606e+05 1.413657e+05 9.493038e+04 1.115789e+05 1.668844e+05
5t  3.521459e+01 4.364541e+01 1.578546e+01 2.340871e+01 4.852834e+01
6t  1.492662e+02 1.013594e+02 1.306246e+02 3.312700e+00 7.916447e+00
7t  4.642433e+03 4.465401e+03 4.814799e+03 1.343877e+04 1.251029e+04
8t  6.057620e+00 5.378313e+00 7.760009e+00 4.564060e+00 4.716295e+00
9t  2.641068e+02 2.790954e+02 2.642668e+02 3.304366e+02 4.091880e+02
10t 3.026194e+01 2.305764e+01 3.487017e+01 2.385186e+01 2.223162e+01
11t 2.549999e+02 2.741820e+02 2.658176e+02 3.052998e+02 3.884005e+02
12t 7.864136e+03 1.583583e+04 4.264550e+02 1.118100e+04 1.896294e+04
13t 1.719303e+00 1.259848e+00 1.859787e+00 1.996350e+01 2.054879e+01
14t 2.105078e+01 2.087060e+01 2.106882e+01 2.080055e+01 2.117794e+01
15t 1.911553e+02 1.424122e+02 2.782891e+02 1.233761e+02 1.164137e+02
16t 4.893283e+01 4.921219e+01 4.917077e+01 4.921857e+01 4.924703e+01
17t 5.184270e-01 1.841106e+00 2.037671e-01 2.791539e-02 4.019924e+02
18t 9.704670e-01 8.764580e-01 9.996130e-01 7.568587e-01 8.011886e-01
19t 5.612093e+02 5.087936e+02 3.900638e+02 1.958271e+03 2.650190e+03
20t 2.929342e+02 3.441246e+02 3.232543e+02 4.920916e+02 7.267434e+02
21t 2.727778e+04 2.733433e+04 2.767967e+04 2.746023e+04 3.652240e+04
22t 2.914622e+04 2.844774e+04 2.822775e+04 3.014109e+04 3.526936e+04
23t 5.195174e+01 5.129967e+01 4.933922e+01 6.479993e+01 7.231394e+01
24t 6.974488e-01 7.000617e-01 5.318919e-01 1.131066e+00 3.091013e+00
25t 4.516832e-01 5.667738e-01 3.980504e-01 7.566349e-01 6.169614e-01
26t 3.480314e-01 3.363319e-01 3.899884e-01 4.543819e-01 3.009127e-01
27t 8.276612e+01 8.248759e+01 8.741434e+01 1.310482e+02 5.233267e+01
28t 2.999989e+02 2.364509e+02 2.646694e+02 2.399325e+02 1.333332e+02
29t 3.137241e+02 3.618062e+02 2.892260e+02 3.858446e+02 4.187327e+02
30t 1.160542e+01 1.482683e+01 1.460414e+01 1.232396e+01 3.591884e+01
31t 1.790764e+02 1.598847e+02 1.797383e+02 2.655317e+02 1.104010e+02
32t 3.741750e+02 4.368068e+02 4.101759e+02 3.254674e+02 4.249400e+02
33t 1.030518e+02 1.171498e+02 9.748680e+01 1.424081e+02 1.631346e+02
34t 2.225875e+01 2.234404e+01 2.612945e+01 3.663439e+01 2.273239e+01
35t 1.266780e+04 1.274315e+04 1.251021e+04 1.400229e+04 1.492901e+04
36t 1.849364e+05 1.811228e+05 1.912378e+05 2.639191e+05 1.235061e+05
37t 5.770733e+01 5.411211e+01 5.796139e+01 5.743616e+01 6.610366e+01
38t 2.714653e+05 2.987360e+05 3.014216e+05 6.289089e+05 1.507546e+05
39t 5.633321e+00 5.203956e+00 5.774141e+00 5.751833e+00 5.977980e+00
40t 5.283869e+01 1.164489e+02 2.205145e+01 1.061028e+02 8.468856e+02
41t 3.838808e+02 4.476431e+02 4.512721e+02 7.016745e+02 7.789045e+02
42t 2.885595e+02 3.464005e+02 2.937132e+02 4.266140e+02 4.265827e+02
43t 3.707087e+02 4.375013e+02 3.127211e+02 5.353955e+02 4.349122e+02
44t 9.318770e+02 9.347360e+02 9.380866e+02 1.003815e+03 9.265412e+02
45t 9.343188e+02 9.341809e+02 9.299893e+02 1.020989e+03 9.277083e+02
46t 9.535640e+02 9.301984e+02 9.291562e+02 1.158987e+03 9.280915e+02
47t 5.507944e+02 5.318239e+02 1.027291e+03 1.188682e+03 1.196456e+03
48t 9.708903e+02 9.860935e+02 9.124699e+02 1.459349e+03 1.349959e+03
49t 1.030350e+03 5.620111e+02 1.025667e+03 1.211681e+03 1.208389e+03
50t 9.804010e+02 1.162582e+03 9.783647e+02 1.314290e+03 1.312457e+03
              61           62           63           64           65
1t  8.526911e-01 1.338014e+00 1.010162e+00 1.421890e+00 1.589820e+00
2t  9.828400e+06 1.278619e+07 1.639673e+07 1.972427e+07 1.196568e+07
3t  1.441991e+06 2.024569e+06 1.769027e+06 2.087219e+06 2.891133e+06
4t  1.245406e+05 1.263473e+05 1.587031e+05 1.157878e+05 1.312294e+05
5t  5.347085e+01 2.410252e+01 3.570794e+01 5.268731e+01 8.677161e+00
6t  8.225358e+01 7.860263e+01 2.592546e+02 2.350779e+02 3.767578e+02
7t  7.189573e+03 3.898251e+03 4.923083e+03 7.490846e+03 3.711770e+03
8t  5.119321e+00 6.550494e+00 5.569591e+00 6.476852e+00 7.219052e+00
9t  3.069900e+02 2.577201e+02 2.774356e+02 3.068517e+02 2.411056e+02
10t 2.207032e+01 2.925383e+01 2.740070e+01 2.933687e+01 3.119260e+01
11t 2.943516e+02 2.510587e+02 2.314735e+02 2.971730e+02 2.380100e+02
12t 2.131889e+04 2.887884e+02 3.392856e+02 1.873731e+04 2.775106e+02
13t 1.997841e+01 1.570311e+00 1.649969e+00 1.986220e+01 1.756215e+00
14t 2.102804e+01 2.107174e+01 2.104346e+01 2.090414e+01 2.108754e+01
15t 1.351066e+02 2.114432e+02 1.769344e+02 5.686825e+03 2.615002e+02
16t 8.381283e+01 4.762824e+01 4.856945e+01 5.242307e+01 4.885124e+01
17t 3.015214e+01 4.846651e-01 1.931042e+00 2.741235e+00 5.418125e-01
18t 8.812624e-01 9.366424e-01 9.400304e-01 9.792789e-01 9.950500e-01
19t 7.402232e+02 4.773726e+02 5.804704e+02 6.293439e+02 4.235803e+02
20t 4.145612e+02 3.323644e+02 3.125607e+02 3.169157e+02 2.865141e+02
21t 2.890228e+04 2.811271e+04 2.753092e+04 2.726992e+04 2.699636e+04
22t 2.962550e+04 2.731607e+04 2.797066e+04 2.850406e+04 2.850716e+04
23t 5.918927e+01 4.750054e+01 5.343530e+01 4.820780e+01 4.227489e+01
24t 1.074097e+00 9.015043e-01 9.462719e-01 8.713139e-01 5.958921e-01
25t 6.942615e-01 4.485792e-01 6.836822e-01 5.789645e-01 6.084474e-01
26t 8.059802e-01 3.191344e-01 3.476717e-01 4.142580e-01 3.641103e-01
27t 8.223958e+01 8.257555e+01 7.876466e+01 1.236983e+02 6.846086e+01
28t 1.448905e+05 2.391315e+02 2.208111e+02 7.107242e+05 2.601229e+02
29t 3.947757e+02 2.929134e+02 3.015209e+02 3.506693e+02 3.033842e+02
30t 1.562804e+01 1.117862e+01 1.320150e+01 1.120010e+01 1.151226e+01
31t 2.017564e+02 1.781576e+02 1.554451e+02 2.125656e+02 1.324928e+02
32t 3.133673e+02 3.377810e+02 3.101911e+02 3.335261e+02 3.111807e+02
33t 1.395996e+02 9.721354e+01 1.009665e+02 9.273228e+01 1.087470e+02
34t 2.379624e+01 2.422594e+01 2.516227e+01 2.702208e+01 2.875193e+01
35t 1.346451e+04 1.283153e+04 1.260270e+04 1.307643e+04 1.259096e+04
36t 1.555609e+05 2.255124e+05 1.502378e+05 1.653515e+05 2.510074e+05
37t 5.902180e+01 5.626327e+01 5.891177e+01 5.403176e+01 6.159527e+01
38t 2.186681e+05 2.751882e+05 2.659249e+05 2.394836e+05 2.018158e+05
39t 6.292040e+00 5.787477e+00 5.811879e+00 7.018863e+00 6.023183e+00
40t 2.503068e+02 5.112154e+01 1.069753e+02 9.052962e+01 3.177187e+01
41t 4.463512e+02 4.495868e+02 4.391901e+02 4.488207e+02 4.104494e+02
42t 3.342398e+02 3.247633e+02 3.439036e+02 4.289659e+02 3.447452e+02
43t 4.334694e+02 3.472273e+02 4.021481e+02 3.115592e+02 3.351281e+02
44t 9.283577e+02 9.364455e+02 9.297146e+02 9.282355e+02 9.398550e+02
45t 9.323507e+02 9.256348e+02 9.374292e+02 9.356418e+02 9.271724e+02
46t 9.351864e+02 9.228496e+02 9.319160e+02 9.363329e+02 9.301871e+02
47t 1.189884e+03 5.479185e+02 1.025506e+03 5.453324e+02 1.022625e+03
48t 1.126161e+03 9.597261e+02 9.462824e+02 1.023590e+03 9.622518e+02
49t 5.537371e+02 1.022374e+03 1.018987e+03 5.652782e+02 1.016551e+03
50t 1.241621e+03 1.010695e+03 1.059385e+03 1.165777e+03 1.006460e+03
              66           67           68           69           70
1t  1.384507e+00 1.673415e+00 2.753363e+00 1.006964e+00 1.191972e+00
2t  3.112706e+07 2.260006e+07 6.668206e+06 6.301940e+06 1.186350e+07
3t  2.806621e+06 3.036572e+06 5.129551e+06 1.378037e+06 1.789812e+06
4t  1.552872e+05 1.523348e+05 1.577332e+05 1.621487e+05 1.329651e+05
5t  5.170497e+01 1.026579e+01 2.565658e+01 3.764835e+01 3.121471e+01
6t  5.693567e+02 1.915298e+02 2.653351e+02 4.802121e+00 2.238607e+02
7t  6.758264e+03 3.401708e+03 4.137841e+03 2.364747e+04 3.728704e+03
8t  6.390472e+00 7.474425e+00 9.779122e+00 6.182525e+00 6.110701e+00
9t  2.987110e+02 2.702563e+02 1.776531e+02 2.751703e+02 2.813237e+02
10t 3.009757e+01 3.366406e+01 3.831070e+01 3.107986e+01 2.960989e+01
11t 2.836549e+02 2.516715e+02 1.925313e+02 2.834974e+02 2.642508e+02
12t 1.987166e+04 1.917054e+02 3.231150e+03 1.335820e+04 2.159610e+02
13t 2.007642e+01 1.840474e+00 1.988457e+00 1.991927e+01 1.503150e+00
14t 2.109609e+01 2.098745e+01 2.114889e+01 2.091685e+01 2.120971e+01
15t 5.308306e+04 2.536454e+02 4.372568e+02 1.486573e+02 1.845582e+02
16t 7.039094e+01 6.142618e+01 4.929688e+01 4.847261e+01 4.860959e+01
17t 1.317674e+01 1.541681e+00 1.040325e-01 3.043587e+02 3.864635e-01
18t 9.508514e-01 1.006351e+00 1.037309e+00 8.886613e-01 9.400877e-01
19t 5.881300e+02 4.261702e+02 4.508450e+02 1.974920e+03 5.102966e+02
20t 3.585244e+02 3.406091e+02 2.985164e+02 3.439922e+02 2.988694e+02
21t 2.738563e+04 2.751926e+04 2.960545e+04 2.844106e+04 2.729662e+04
22t 2.822689e+04 2.943520e+04 3.384719e+04 2.954790e+04 2.924741e+04
23t 5.673651e+01 4.020121e+01 4.426944e+01 6.753592e+01 5.534343e+01
24t 1.016238e+00 6.303164e-01 3.221290e+00 1.124586e+00 8.065763e-01
25t 5.786257e-01 5.370503e-01 5.584774e-01 5.888151e-01 5.229376e-01
26t 3.877336e-01 2.756553e-01 2.856221e-01 4.230047e-01 7.117733e-01
27t 7.475023e+01 6.451220e+01 2.033560e+01 1.194927e+02 7.111054e+01
28t 8.364185e+04 2.720930e+02 3.280402e+02 2.577548e+02 2.522419e+02
29t 3.577274e+02 2.804796e+02 2.965123e+02 3.753270e+02 3.464899e+02
30t 1.288157e+01 1.280305e+01 1.559233e+01 1.480283e+01 1.164901e+01
31t 1.846664e+02 2.105308e+02 1.227592e+02 2.293461e+02 1.637357e+02
32t 2.849455e+02 3.950059e+02 2.972332e+02 2.895248e+02 2.775480e+02
33t 1.108561e+02 1.119329e+02 9.991831e+01 1.719852e+02 1.098862e+02
34t 2.729218e+01 2.965844e+01 3.188564e+01 3.404408e+01 2.451472e+01
35t 1.283638e+04 1.256757e+04 1.262397e+04 1.407148e+04 1.271025e+04
36t 1.715373e+05 2.452733e+05 4.107511e+05 2.339131e+05 1.989493e+05
37t 6.109293e+01 6.001284e+01 6.100148e+01 5.897480e+01 5.816353e+01
38t 2.855090e+05 3.161326e+05 1.742017e+05 2.083118e+05 2.757567e+05
39t 6.435538e+00 5.829364e+00 5.490246e+00 7.998367e+00 4.716352e+00
40t 1.749026e+02 3.323400e+01 2.938633e+01 1.388443e+02 7.407549e+01
41t 4.498954e+02 4.257088e+02 4.567761e+02 6.380982e+02 4.988551e+02
42t 4.087988e+02 3.017967e+02 3.510235e+02 4.275306e+02 3.041883e+02
43t 4.377784e+02 3.417881e+02 3.428784e+02 4.312443e+02 3.610995e+02
44t 9.407530e+02 9.320101e+02 9.254389e+02 1.020815e+03 9.375075e+02
45t 9.469022e+02 9.256333e+02 9.345733e+02 1.045673e+03 9.326904e+02
46t 9.455381e+02 9.312779e+02 9.315060e+02 1.062728e+03 9.362521e+02
47t 1.035679e+03 1.039001e+03 5.976523e+02 1.198581e+03 5.414269e+02
48t 9.895239e+02 9.806673e+02 9.783885e+02 1.194952e+03 9.323465e+02
49t 5.663604e+02 1.028659e+03 6.104706e+02 5.490377e+02 5.667845e+02
50t 1.160781e+03 9.662676e+02 1.172765e+03 1.301692e+03 1.085613e+03
              71           72           73           74           75
1t  1.059218e+00 9.260839e-01 1.024433e+00 1.265827e+00 1.017309e+00
2t  1.838807e+07 5.581796e+06 1.698986e+07 7.318123e+06 1.740959e+07
3t  1.733750e+06 1.171313e+06 1.733998e+06 1.754223e+06 1.303004e+06
4t  1.430185e+05 1.235202e+05 1.344183e+05 1.637050e+05 1.670859e+05
5t  3.896734e+01 2.108976e+01 4.099462e+01 2.670547e+01 4.172279e+01
6t  6.980360e+01 5.501422e+00 3.378372e+02 2.933617e+02 5.586414e+02
7t  6.033489e+03 9.397129e+03 4.381537e+03 8.040566e+03 5.888088e+03
8t  5.700883e+00 5.300087e+00 5.320697e+00 6.336158e+00 5.790642e+00
9t  2.798373e+02 3.039444e+02 2.873572e+02 3.145468e+02 2.824669e+02
10t 2.750561e+01 2.584130e+01 2.514948e+01 2.752889e+01 2.178937e+01
11t 2.791374e+02 2.985727e+02 2.644861e+02 2.959919e+02 2.820398e+02
12t 1.380410e+04 1.152530e+04 2.841440e+02 1.065453e+04 8.617319e+03
13t 1.857989e+01 1.987926e+01 1.551469e+00 1.967962e+01 1.963881e+01
14t 2.095743e+01 2.107851e+01 2.108235e+01 2.114829e+01 2.102820e+01
15t 1.487833e+02 1.315595e+02 2.179354e+02 1.847617e+02 2.127000e+03
16t 4.853782e+01 4.708316e+01 9.777376e+01 4.929378e+01 4.750800e+01
17t 1.450506e+00 3.421747e-01 7.335319e-01 4.459243e-02 1.805752e+00
18t 9.315099e-01 8.512619e-01 9.347596e-01 8.893721e-01 9.357067e-01
19t 4.446886e+02 5.395522e+02 4.851454e+02 5.718989e+02 5.550677e+02
20t 2.834266e+02 4.375192e+02 3.453657e+02 4.300858e+02 3.165222e+02
21t 2.832238e+04 2.769978e+04 2.777224e+04 3.436358e+04 2.711676e+04
22t 2.856157e+04 2.975877e+04 2.856317e+04 3.363361e+04 2.855931e+04
23t 5.505806e+01 6.000817e+01 4.880598e+01 4.509781e+01 5.270595e+01
24t 6.447763e-01 9.166294e-01 6.128286e-01 2.852315e+00 5.967924e-01
25t 6.195067e-01 9.773009e-01 5.191565e-01 5.357120e-01 5.202321e-01
26t 3.411885e-01 3.673155e-01 3.275463e-01 3.425191e-01 3.463452e-01
27t 7.172915e+01 1.190399e+02 7.033356e+01 7.897426e+01 7.201486e+01
28t 2.163664e+02 1.903988e+02 2.302278e+02 2.315089e+02 3.533575e+04
29t 3.360861e+02 3.130878e+02 3.392756e+02 3.781243e+02 3.098527e+02
30t 1.281219e+01 8.782858e+00 9.531160e+00 1.440704e+01 1.007276e+01
31t 1.830436e+02 2.229402e+02 1.662628e+02 1.664802e+02 1.435514e+02
32t 4.598561e+02 4.216107e+02 2.879802e+02 3.980532e+02 3.624116e+02
33t 9.126371e+01 1.411993e+02 1.240061e+02 1.035837e+02 1.241672e+02
34t 2.630881e+01 2.688415e+01 2.356451e+01 2.515424e+01 2.463031e+01
35t 1.267764e+04 1.385994e+04 1.295720e+04 1.270407e+04 1.273638e+04
36t 1.816561e+05 2.231548e+05 1.864731e+05 1.984190e+05 1.772545e+05
37t 5.656278e+01 5.665905e+01 5.533197e+01 5.931456e+01 5.869400e+01
38t 1.786799e+05 3.075719e+05 1.981154e+05 1.516950e+05 1.924247e+05
39t 5.810726e+00 5.226388e+00 7.361303e+00 5.255786e+00 5.528207e+00
40t 7.954537e+01 6.895261e+01 9.402471e+01 1.427839e+02 1.045452e+02
41t 4.475954e+02 6.168573e+02 3.872823e+02 4.509355e+02 4.479508e+02
42t 3.074833e+02 4.266210e+02 4.150072e+02 3.946784e+02 4.280053e+02
43t 3.556671e+02 3.851102e+02 3.812753e+02 3.657806e+02 4.036540e+02
44t 9.373270e+02 9.963637e+02 9.359869e+02 9.819716e+02 9.423827e+02
45t 9.396103e+02 9.312313e+02 9.295857e+02 9.557810e+02 9.419831e+02
46t 9.332281e+02 9.623281e+02 9.347710e+02 9.637898e+02 9.307267e+02
47t 5.365343e+02 8.879088e+02 1.032722e+03 5.437228e+02 5.338913e+02
48t 1.019802e+03 1.075302e+03 1.006562e+03 1.034396e+03 1.002739e+03
49t 5.528046e+02 5.492729e+02 5.626046e+02 5.684170e+02 5.633087e+02
50t 1.146208e+03 1.032945e+03 1.140953e+03 1.249781e+03 1.117839e+03
              76           77           78           79           80
1t  1.491429e+00 1.301691e+00 1.989343e+00 8.618420e-01 1.341438e+00
2t  8.829942e+06 1.505805e+07 1.986382e+07 3.530823e+06 9.682572e+06
3t  2.570773e+06 2.177990e+06 2.938694e+06 1.059461e+06 1.961672e+06
4t  1.361206e+05 1.395878e+05 1.468457e+05 8.702065e+04 1.317509e+05
5t  1.818263e+01 5.002237e+01 1.355260e+01 3.541677e+01 3.462747e+01
6t  2.170491e+02 8.837061e+01 6.995577e+02 4.194448e+00 5.839841e+02
7t  5.068713e+03 3.549930e+03 3.737968e+03 7.852897e+03 5.533844e+03
8t  6.976308e+00 6.111443e+00 7.185485e+00 5.647922e+00 6.722559e+00
9t  1.958909e+02 2.980786e+02 2.435415e+02 3.228619e+02 3.092895e+02
10t 3.132110e+01 2.790590e+01 3.169648e+01 2.675322e+01 2.800304e+01
11t 2.087367e+02 2.600465e+02 2.301725e+02 2.888754e+02 2.896261e+02
12t 2.622373e+02 6.045801e+02 4.173489e+02 1.166298e+04 1.261238e+04
13t 1.558972e+00 1.991804e+01 1.778978e+00 2.010460e+01 1.926515e+01
14t 2.117494e+01 2.099932e+01 2.109070e+01 2.077334e+01 2.116056e+01
15t 2.433425e+02 1.865315e+02 8.929352e+03 1.314793e+02 4.016455e+02
16t 1.019189e+02 4.852187e+01 4.918507e+01 4.874987e+01 4.913698e+01
17t 1.180371e+00 2.640431e+00 5.881915e-01 3.801996e-02 5.456060e-02
18t 9.938530e-01 9.618306e-01 1.021314e+00 8.607901e-01 9.453069e-01
19t 4.371148e+02 4.515893e+02 4.306725e+02 1.145128e+03 7.941284e+02
20t 2.821480e+02 4.121191e+02 2.016242e+02 4.364199e+02 5.147549e+02
21t 2.724881e+04 2.798388e+04 2.745292e+04 2.837844e+04 3.332064e+04
22t 2.795072e+04 2.894870e+04 2.857701e+04 2.898238e+04 3.473854e+04
23t 4.610374e+01 5.279135e+01 4.585942e+01 5.770601e+01 4.879907e+01
24t 5.490742e-01 8.322058e-01 7.821352e-01 9.573959e-01 3.705060e+00
25t 4.448621e-01 6.991561e-01 5.503770e-01 6.419496e-01 5.826407e-01
26t 3.325035e-01 3.388158e-01 3.351543e-01 8.083455e-01 3.061081e-01
27t 7.462077e+01 7.613800e+01 8.252140e+01 1.131140e+02 5.497341e+01
28t 2.502024e+02 2.957546e+02 2.694517e+02 2.420277e+02 2.214613e+02
29t 2.872987e+02 3.244983e+02 3.327643e+02 3.853044e+02 3.431330e+02
30t 1.047136e+01 1.192958e+01 1.322436e+01 1.249520e+01 1.644171e+01
31t 1.671158e+02 1.897229e+02 1.460432e+02 2.153066e+02 1.568126e+02
32t 3.423377e+02 4.971199e+02 3.409319e+02 7.028007e+02 3.061238e+02
33t 1.059433e+02 1.075853e+02 1.128960e+02 1.433203e+02 1.208716e+02
34t 2.812751e+01 2.342248e+01 2.773920e+01 3.461304e+01 2.481218e+01
35t 1.266176e+04 1.281999e+04 1.259738e+04 1.419600e+04 1.296605e+04
36t 2.529823e+05 1.815207e+05 2.739959e+05 2.143549e+05 1.455906e+05
37t 5.866394e+01 5.541779e+01 5.724666e+01 5.191983e+01 6.022674e+01
38t 3.407181e+05 3.301674e+05 2.126229e+05 3.170010e+05 1.345528e+05
39t 5.457005e+00 5.959185e+00 5.978925e+00 6.127417e+00 6.824486e+00
40t 4.534124e+01 8.959713e+01 3.176198e+01 1.360308e+02 2.231905e+02
41t 4.507002e+02 4.493679e+02 4.511582e+02 6.026482e+02 4.496549e+02
42t 3.043336e+02 4.288236e+02 2.989583e+02 3.410379e+02 3.618090e+02
43t 2.892419e+02 4.119297e+02 3.212739e+02 5.278713e+02 3.810224e+02
44t 9.306227e+02 9.392143e+02 9.296544e+02 9.894641e+02 9.465605e+02
45t 9.316154e+02 9.419560e+02 9.263612e+02 9.517793e+02 9.440306e+02
46t 9.334363e+02 9.400373e+02 9.262375e+02 1.029472e+03 9.519785e+02
47t 1.021948e+03 1.022465e+03 1.023347e+03 5.271026e+02 5.482829e+02
48t 9.502804e+02 1.013041e+03 9.729098e+02 1.303771e+03 1.020838e+03
49t 1.023298e+03 5.700047e+02 1.021692e+03 1.211548e+03 5.693669e+02
50t 9.885703e+02 1.075510e+03 9.466692e+02 1.251302e+03 1.269133e+03
# 2026-01-30 21:32:25 -03: Finished testing
