# 2026-01-19 09:56:26 -03: Reading parameter file '/home/pestobar/Activities/irace-executions/ACOTSP/Scenarios/BH/Runs/BH_seed_300017/parameters.txt'.
# 2026-01-19 09:56:26 -03: 1 expression(s) specifying forbidden configurations read.
# 2026-01-19 09:56:26 -03: Initialization
# Elitist race
# Elitist new instances: 1
# Elitist limit: 2
# nbIterations: 5
# minNbSurvival: 5
# nbParameters: 11
# seed: 300017
# confidence level: 0.95
# budget: 5500
# mu: 5
# deterministic: FALSE

# 2026-01-19 09:56:26 -03: Iteration 1 of 5
# experimentsUsed: 0
# remainingBudget: 5500
# currentBudget: 1100
# nbConfigurations: 183
# Markers:
     x No test is performed.
     c Configurations are discarded only due to capping.
     - The test is performed and some configurations are discarded.
     = The test is performed but no configuration is discarded.
     ! The test is performed and configurations could be discarded but elite configurations are preserved.
     . All alive configurations are elite and nothing is discarded.

+-+-----------+-----------+-----------+----------------+-----------+--------+-----+----+------+
| |   Instance|      Alive|       Best|       Mean best| Exp so far|  W time|  rho|KenW|  Qvar|
+-+-----------+-----------+-----------+----------------+-----------+--------+-----+----+------+
|x|          1|        183|        170|     32645242.00|        183|00:09:13|   NA|  NA|    NA|
|x|          2|        183|        170|     32859487.50|        366|00:08:37|+0.98|0.99|0.0014|
|x|          3|        183|        170|     32767066.33|        549|00:09:20|+0.98|0.99|0.0017|
|x|          4|        183|        170|     32743741.75|        732|00:08:42|+0.98|0.99|0.0016|
|-|          5|         11|         73|     32709862.40|        915|00:08:37|+0.21|0.37|0.6701|
|-|          6|          7|         73|     32642224.33|        926|00:01:55|-0.05|0.12|0.8882|
|=|          7|          7|         73|     32626409.86|        933|00:01:41|-0.01|0.13|0.8563|
|=|          8|          7|         73|     32612317.75|        940|00:01:13|+0.01|0.14|0.8227|
+-+-----------+-----------+-----------+----------------+-----------+--------+-----+----+------+
Best-so-far configuration:          73    mean value:      32612317.75
Description of the best-so-far configuration:
   .ID. algorithm localsearch alpha beta  rho ants q0 rasrank elitistants nnls
73   73      mmas           3  1.95 5.93 0.48   25 NA      NA          NA   49
   dlb .PARENT.
73   0       NA

# 2026-01-19 10:45:48 -03: Elite configurations (first number is the configuration ID; listed from best to worst according to the sum of ranks):
    algorithm localsearch alpha beta  rho ants   q0 rasrank elitistants nnls
73       mmas           3  1.95 5.93 0.48   25   NA      NA          NA   49
170       acs           3  2.05 9.01 0.38   38 0.44      NA          NA   46
150       acs           3  3.22 7.61 0.21   33 0.21      NA          NA   39
62        acs           3  3.55 9.91 0.67   27 0.73      NA          NA   26
118       acs           3  2.96 3.58 0.62   14 0.38      NA          NA   15
    dlb
73    0
170   0
150   0
62    1
118   1
# 2026-01-19 10:45:48 -03: Iteration 2 of 5
# experimentsUsed: 940
# remainingBudget: 4560
# currentBudget: 1140
# nbConfigurations: 131
# Markers:
     x No test is performed.
     c Configurations are discarded only due to capping.
     - The test is performed and some configurations are discarded.
     = The test is performed but no configuration is discarded.
     ! The test is performed and configurations could be discarded but elite configurations are preserved.
     . All alive configurations are elite and nothing is discarded.

+-+-----------+-----------+-----------+----------------+-----------+--------+-----+----+------+
| |   Instance|      Alive|       Best|       Mean best| Exp so far|  W time|  rho|KenW|  Qvar|
+-+-----------+-----------+-----------+----------------+-----------+--------+-----+----+------+
|x|          9|        131|        244|     32550304.00|        131|00:08:39|   NA|  NA|    NA|
|x|          8|        131|        244|     32473500.50|        257|00:09:08|+0.93|0.97|0.0046|
|x|          4|        131|        244|     32514507.00|        383|00:08:44|+0.94|0.96|0.0041|
|x|          1|        131|        244|     32553179.50|        509|00:08:55|+0.94|0.96|0.0039|
|-|          2|         15|        244|     32653392.60|        635|00:09:29|+0.11|0.29|0.7837|
|-|          7|         13|        244|     32635440.83|        645|00:02:14|+0.14|0.28|0.7842|
|=|          5|         13|        244|     32644732.57|        653|00:01:37|+0.02|0.16|0.8892|
|=|          3|         13|        301|     32643096.50|        661|00:01:18|+0.02|0.14|0.8893|
|=|          6|         13|        301|     32604386.56|        669|00:01:33|-0.01|0.10|0.9191|
|=|         10|         13|        301|     32576743.40|        682|00:02:18|-0.02|0.08|0.9307|
+-+-----------+-----------+-----------+----------------+-----------+--------+-----+----+------+
Best-so-far configuration:         301    mean value:      32576743.40
Description of the best-so-far configuration:
    .ID. algorithm localsearch alpha beta  rho ants q0 rasrank elitistants nnls
301  301      mmas           3  2.89 6.29 0.34   38 NA      NA          NA   24
    dlb .PARENT.
301   1       62

# 2026-01-19 11:39:49 -03: Elite configurations (first number is the configuration ID; listed from best to worst according to the sum of ranks):
    algorithm localsearch alpha beta  rho ants   q0 rasrank elitistants nnls
301      mmas           3  2.89 6.29 0.34   38   NA      NA          NA   24
238      mmas           3  4.82 9.88 0.34   40   NA      NA          NA   23
244       acs           3  1.56 8.24 0.45   33 0.89      NA          NA   13
225       acs           3  2.79 7.16 0.97   54 0.65      NA          NA   41
285       acs           3  2.16 8.45 0.33   18 0.14      NA          NA   22
    dlb
301   1
238   0
244   1
225   0
285   0
# 2026-01-19 11:39:49 -03: Iteration 3 of 5
# experimentsUsed: 1622
# remainingBudget: 3878
# currentBudget: 1292
# nbConfigurations: 122
# Markers:
     x No test is performed.
     c Configurations are discarded only due to capping.
     - The test is performed and some configurations are discarded.
     = The test is performed but no configuration is discarded.
     ! The test is performed and configurations could be discarded but elite configurations are preserved.
     . All alive configurations are elite and nothing is discarded.

+-+-----------+-----------+-----------+----------------+-----------+--------+-----+----+------+
| |   Instance|      Alive|       Best|       Mean best| Exp so far|  W time|  rho|KenW|  Qvar|
+-+-----------+-----------+-----------+----------------+-----------+--------+-----+----+------+
|x|         11|        122|        354|     32765060.00|        122|00:07:15|   NA|  NA|    NA|
|x|         10|        122|        225|     32548978.00|        239|00:06:45|+0.95|0.97|0.0030|
|x|          7|        122|        225|     32525468.00|        356|00:07:04|+0.94|0.96|0.0037|
|x|          2|        122|        362|     32651095.00|        473|00:06:41|+0.94|0.95|0.0036|
|-|          8|         20|        362|     32621878.00|        590|00:06:26|-0.04|0.17|1.0005|
|=|          1|         20|        362|     32616290.67|        605|00:01:46|-0.01|0.16|0.9702|
|=|          3|         20|        362|     32603810.14|        620|00:01:43|+0.04|0.18|0.9208|
|-|          5|         15|        362|     32610753.50|        635|00:01:53|+0.03|0.15|0.9407|
|=|          4|         15|        362|     32615957.11|        645|00:01:40|-0.01|0.10|0.9661|
|=|          9|         15|        362|     32621947.70|        655|00:01:03|-0.03|0.08|0.9763|
|=|          6|         15|        325|     32582509.55|        665|00:01:44|-0.05|0.04|0.9958|
|=|         12|         15|        325|     32599173.92|        680|00:01:49|-0.03|0.05|0.9750|
+-+-----------+-----------+-----------+----------------+-----------+--------+-----+----+------+
Best-so-far configuration:         325    mean value:      32599173.92
Description of the best-so-far configuration:
    .ID. algorithm localsearch alpha beta  rho ants   q0 rasrank elitistants
325  325       acs           3  2.86 6.21 0.61   58 0.58      NA          NA
    nnls dlb .PARENT.
325   42   0      225

# 2026-01-19 12:25:43 -03: Elite configurations (first number is the configuration ID; listed from best to worst according to the sum of ranks):
    algorithm localsearch alpha beta  rho ants   q0 rasrank elitistants nnls
325       acs           3  2.86 6.21 0.61   58 0.58      NA          NA   42
317       acs           3  2.99 7.82 0.18   25 0.53      NA          NA   18
362       acs           3  4.97 6.91 0.01   13 0.05      NA          NA   19
421       acs           3  2.53 6.62 0.65   54 0.29      NA          NA   20
329       acs           3  3.77 8.83 0.09   31 0.35      NA          NA   21
    dlb
325   0
317   0
362   1
421   0
329   0
# 2026-01-19 12:25:43 -03: Iteration 4 of 5
# experimentsUsed: 2302
# remainingBudget: 3198
# currentBudget: 1599
# nbConfigurations: 127
# Markers:
     x No test is performed.
     c Configurations are discarded only due to capping.
     - The test is performed and some configurations are discarded.
     = The test is performed but no configuration is discarded.
     ! The test is performed and configurations could be discarded but elite configurations are preserved.
     . All alive configurations are elite and nothing is discarded.

+-+-----------+-----------+-----------+----------------+-----------+--------+-----+----+------+
| |   Instance|      Alive|       Best|       Mean best| Exp so far|  W time|  rho|KenW|  Qvar|
+-+-----------+-----------+-----------+----------------+-----------+--------+-----+----+------+
|x|         13|        127|        530|     32479611.00|        127|00:14:01|   NA|  NA|    NA|
|x|         11|        127|        530|     32655824.50|        249|00:13:12|+0.73|0.86|0.0054|
|x|          3|        127|        530|     32567876.00|        371|00:13:10|+0.71|0.81|0.0051|
|x|          2|        127|        530|     32692509.50|        493|00:13:21|+0.70|0.78|0.0061|
|-|          6|         41|        460|     32623549.60|        615|00:14:37|-0.11|0.11|1.0704|
|=|          7|         41|        530|     32590914.17|        651|00:04:51|-0.04|0.14|1.0138|
|=|          1|         41|        460|     32605661.43|        687|00:04:58|-0.03|0.12|1.0148|
|=|         10|         41|        530|     32552541.75|        723|00:04:41|+0.00|0.13|0.9906|
|=|          5|         41|        530|     32559940.22|        759|00:05:26|+0.01|0.12|0.9646|
|=|          9|         41|        530|     32570490.50|        795|00:04:46|-0.00|0.10|0.9684|
|=|          4|         41|        530|     32573940.27|        831|00:04:58|+0.01|0.10|0.9423|
|=|          8|         41|        530|     32563657.75|        867|00:04:41|+0.01|0.10|0.9468|
|=|         12|         41|        530|     32580251.38|        903|00:05:19|+0.03|0.11|0.9346|
|-|         14|         22|        530|     32583796.00|        944|00:05:35|-0.02|0.05|0.9594|
|=|         15|         22|        530|     32583138.40|        966|00:02:37|-0.00|0.06|0.9503|
|=|         16|         22|        530|     32588385.00|        988|00:02:33|-0.00|0.06|0.9542|
+-+-----------+-----------+-----------+----------------+-----------+--------+-----+----+------+
Best-so-far configuration:         530    mean value:      32588385.00
Description of the best-so-far configuration:
    .ID. algorithm localsearch alpha beta  rho ants   q0 rasrank elitistants
530  530       acs           3  3.36 6.94 0.06   24 0.03      NA          NA
    nnls dlb .PARENT.
530   19   1      362

# 2026-01-19 14:24:37 -03: Elite configurations (first number is the configuration ID; listed from best to worst according to the sum of ranks):
    algorithm localsearch alpha beta  rho ants   q0 rasrank elitistants nnls
530       acs           3  3.36 6.94 0.06   24 0.03      NA          NA   19
484       acs           3  3.66 8.14 0.22   44 0.19      NA          NA   28
428      mmas           3  3.41 5.52 0.17   13   NA      NA          NA   22
437       acs           3  2.98 8.27 0.12   38 0.46      NA          NA   17
546       acs           3  2.96 7.15 0.84   53 0.02      NA          NA   16
    dlb
530   1
484   0
428   0
437   0
546   0
# 2026-01-19 14:24:37 -03: Iteration 5 of 5
# experimentsUsed: 3290
# remainingBudget: 2210
# currentBudget: 2210
# nbConfigurations: 134
# Markers:
     x No test is performed.
     c Configurations are discarded only due to capping.
     - The test is performed and some configurations are discarded.
     = The test is performed but no configuration is discarded.
     ! The test is performed and configurations could be discarded but elite configurations are preserved.
     . All alive configurations are elite and nothing is discarded.

+-+-----------+-----------+-----------+----------------+-----------+--------+-----+----+------+
| |   Instance|      Alive|       Best|       Mean best| Exp so far|  W time|  rho|KenW|  Qvar|
+-+-----------+-----------+-----------+----------------+-----------+--------+-----+----+------+
|x|         17|        134|        564|     32625824.00|        134|00:10:15|   NA|  NA|    NA|
|x|         12|        134|        484|     32675280.00|        263|00:09:52|+0.51|0.75|0.0032|
|x|          3|        134|        611|     32601343.00|        392|00:10:42|+0.51|0.68|0.0046|
|x|          2|        134|        627|     32731399.00|        521|00:10:07|+0.51|0.63|0.0044|
|-|         11|         47|        602|     32752094.00|        650|00:10:31|-0.12|0.10|1.0924|
|=|          4|         47|        611|     32715667.17|        692|00:03:30|-0.07|0.11|1.0428|
|=|          5|         47|        627|     32715847.43|        734|00:03:40|-0.04|0.11|1.0150|
|=|         16|         47|        627|     32705993.12|        776|00:03:19|-0.02|0.11|0.9901|
|=|         14|         47|        602|     32702772.00|        818|00:03:26|+0.00|0.11|0.9686|
|=|          9|         47|        602|     32690979.60|        860|00:03:13|+0.00|0.10|0.9676|
|=|          7|         47|        611|     32664779.73|        902|00:03:30|+0.01|0.10|0.9615|
|=|         15|         47|        602|     32668240.17|        944|00:03:32|+0.02|0.10|0.9474|
|=|         13|         47|        530|     32653030.69|        986|00:03:37|+0.02|0.10|0.9457|
|-|          8|         29|        602|     32639643.79|       1028|00:03:24|-0.04|0.04|0.9898|
|=|          1|         29|        602|     32637986.73|       1052|00:02:33|-0.03|0.04|0.9838|
|=|         10|         29|        602|     32614653.56|       1076|00:02:14|-0.01|0.05|0.9686|
|=|          6|         29|        602|     32592258.71|       1100|00:02:39|-0.01|0.05|0.9676|
|=|         18|         29|        602|     32604641.22|       1129|00:02:51|-0.00|0.05|0.9674|
+-+-----------+-----------+-----------+----------------+-----------+--------+-----+----+------+
Best-so-far configuration:         602    mean value:      32604641.22
Description of the best-so-far configuration:
    .ID. algorithm localsearch alpha beta  rho ants   q0 rasrank elitistants
602  602       acs           3  2.83 8.29 0.05   25 0.36      NA          NA
    nnls dlb .PARENT.
602   15   0      437

# 2026-01-19 15:57:40 -03: Elite configurations (first number is the configuration ID; listed from best to worst according to the sum of ranks):
    algorithm localsearch alpha beta  rho ants   q0 rasrank elitistants nnls
602       acs           3  2.83 8.29 0.05   25 0.36      NA          NA   15
667       acs           3  2.72 6.99 0.87   53 0.03      NA          NA   16
484       acs           3  3.66 8.14 0.22   44 0.19      NA          NA   28
437       acs           3  2.98 8.27 0.12   38 0.46      NA          NA   17
625       acs           3  3.20 8.21 0.34   45 0.27      NA          NA   10
    dlb
602   0
667   0
484   0
437   0
625   0
# 2026-01-19 15:57:40 -03: Iteration 6 of 6
# experimentsUsed: 4419
# remainingBudget: 1081
# currentBudget: 1081
# nbConfigurations: 61
# Markers:
     x No test is performed.
     c Configurations are discarded only due to capping.
     - The test is performed and some configurations are discarded.
     = The test is performed but no configuration is discarded.
     ! The test is performed and configurations could be discarded but elite configurations are preserved.
     . All alive configurations are elite and nothing is discarded.

+-+-----------+-----------+-----------+----------------+-----------+--------+-----+----+------+
| |   Instance|      Alive|       Best|       Mean best| Exp so far|  W time|  rho|KenW|  Qvar|
+-+-----------+-----------+-----------+----------------+-----------+--------+-----+----+------+
|x|         19|         61|        711|     32833100.00|         61|00:04:52|   NA|  NA|    NA|
|x|          1|         61|        667|     32734253.50|        117|00:04:22|+0.17|0.59|0.2728|
|x|         10|         61|        690|     32553902.67|        173|00:04:19|+0.34|0.56|0.2211|
|x|         17|         61|        667|     32603918.50|        229|00:04:15|+0.36|0.52|0.2147|
|-|          9|         29|        667|     32598713.20|        285|00:04:25|-0.10|0.12|1.0846|
|=|          2|         29|        667|     32669928.33|        309|00:02:01|-0.01|0.16|0.9938|
|=|          8|         29|        667|     32635057.29|        333|00:02:03|+0.03|0.17|0.9680|
|=|         16|         29|        724|     32634055.12|        357|00:02:05|-0.01|0.12|0.9964|
|=|         18|         29|        602|     32663050.33|        381|00:02:04|-0.00|0.11|0.9945|
|=|         13|         29|        602|     32647129.00|        405|00:02:04|+0.02|0.11|0.9769|
|=|         11|         29|        602|     32660558.36|        429|00:02:06|+0.02|0.11|0.9730|
|=|         15|         29|        602|     32655093.67|        453|00:01:57|+0.02|0.10|0.9641|
|=|         12|         29|        602|     32664929.46|        477|00:02:03|+0.03|0.11|0.9524|
|=|          3|         29|        602|     32651400.43|        501|00:02:02|+0.03|0.10|0.9489|
|-|          5|         17|        602|     32651337.47|        525|00:01:46|-0.03|0.04|0.9709|
|=|          7|         17|        690|     32632649.25|        537|00:01:16|-0.02|0.04|0.9616|
|=|          6|         17|        602|     32618712.18|        549|00:01:14|-0.02|0.04|0.9591|
|=|         14|         17|        602|     32618377.00|        561|00:01:14|-0.01|0.04|0.9533|
|=|          4|         17|        690|     32613845.58|        573|00:01:07|-0.02|0.04|0.9543|
|=|         20|         17|        602|     32633123.60|        590|00:01:24|-0.01|0.04|0.9534|
+-+-----------+-----------+-----------+----------------+-----------+--------+-----+----+------+
Best-so-far configuration:         602    mean value:      32633123.60
Description of the best-so-far configuration:
    .ID. algorithm localsearch alpha beta  rho ants   q0 rasrank elitistants
602  602       acs           3  2.83 8.29 0.05   25 0.36      NA          NA
    nnls dlb .PARENT.
602   15   0      437

# 2026-01-19 16:46:31 -03: Elite configurations (first number is the configuration ID; listed from best to worst according to the sum of ranks):
    algorithm localsearch alpha beta  rho ants   q0 rasrank elitistants nnls
602       acs           3  2.83 8.29 0.05   25 0.36      NA          NA   15
690       acs           3  2.85 8.01 0.22   40 0.43      NA          NA   14
702       acs           3  2.95 8.27 0.36   48 0.29      NA          NA    9
678       acs           3  3.15 8.28 0.16   36 0.24      NA          NA   17
731       acs           3  3.00 9.49 0.16   32 0.48      NA          NA   19
    dlb
602   0
690   0
702   0
678   0
731   0
# 2026-01-19 16:46:31 -03: Iteration 7 of 7
# experimentsUsed: 5009
# remainingBudget: 491
# currentBudget: 491
# nbConfigurations: 28
# Markers:
     x No test is performed.
     c Configurations are discarded only due to capping.
     - The test is performed and some configurations are discarded.
     = The test is performed but no configuration is discarded.
     ! The test is performed and configurations could be discarded but elite configurations are preserved.
     . All alive configurations are elite and nothing is discarded.

+-+-----------+-----------+-----------+----------------+-----------+--------+-----+----+------+
| |   Instance|      Alive|       Best|       Mean best| Exp so far|  W time|  rho|KenW|  Qvar|
+-+-----------+-----------+-----------+----------------+-----------+--------+-----+----+------+
|x|         21|         28|        690|     32695935.00|         28|00:01:39|   NA|  NA|    NA|
|x|          2|         28|        752|     32865882.50|         51|00:01:13|+0.02|0.51|0.9824|
|x|         19|         28|        690|     32866273.00|         74|00:01:26|+0.04|0.36|0.8478|
|x|          9|         28|        690|     32801868.00|         97|00:01:28|+0.01|0.25|0.8876|
|=|         20|         28|        690|     32813812.80|        120|00:01:28|+0.07|0.26|0.8543|
|-|          3|         17|        690|     32748059.17|        143|00:01:24|-0.09|0.09|1.0009|
|=|          8|         17|        690|     32707691.00|        155|00:00:41|-0.08|0.07|1.0110|
|=|          5|         17|        690|     32692828.50|        167|00:00:44|-0.07|0.07|0.9978|
|=|         17|         17|        690|     32700883.89|        179|00:00:41|-0.06|0.06|0.9984|
|=|         11|         17|        734|     32711710.30|        191|00:00:41|-0.05|0.06|0.9880|
|=|          7|         17|        734|     32689210.09|        203|00:00:41|-0.03|0.06|0.9707|
|=|         13|         17|        690|     32677272.25|        215|00:00:39|-0.04|0.04|0.9811|
|=|          4|         17|        690|     32674354.69|        227|00:00:41|-0.03|0.05|0.9715|
|=|         16|         17|        690|     32673221.57|        239|00:00:42|-0.04|0.04|0.9808|
|=|         10|         17|        690|     32641400.67|        251|00:00:40|-0.02|0.04|0.9683|
|=|         18|         17|        690|     32653201.75|        263|00:00:42|-0.02|0.05|0.9664|
|=|         14|         17|        690|     32651452.65|        275|00:00:39|-0.00|0.06|0.9566|
|=|         15|         17|        690|     32644071.39|        287|00:00:38|+0.01|0.06|0.9438|
|=|          6|         17|        690|     32624797.47|        299|00:00:39|+0.01|0.07|0.9379|
|=|          1|         17|        690|     32624767.80|        311|00:00:39|+0.01|0.06|0.9416|
|=|         12|         17|        690|     32629552.05|        323|00:00:39|+0.02|0.07|0.9302|
|=|         22|         17|        690|     32641268.05|        340|00:00:54|+0.02|0.07|0.9311|
+-+-----------+-----------+-----------+----------------+-----------+--------+-----+----+------+
Best-so-far configuration:         690    mean value:      32641268.05
Description of the best-so-far configuration:
    .ID. algorithm localsearch alpha beta  rho ants   q0 rasrank elitistants
690  690       acs           3  2.85 8.01 0.22   40 0.43      NA          NA
    nnls dlb .PARENT.
690   14   0      437

# 2026-01-19 17:06:19 -03: Elite configurations (first number is the configuration ID; listed from best to worst according to the sum of ranks):
    algorithm localsearch alpha beta  rho ants   q0 rasrank elitistants nnls
690       acs           3  2.85 8.01 0.22   40 0.43      NA          NA   14
749       acs           3  3.02 7.58 0.36   47 0.28      NA          NA   12
734       acs           3  2.93 7.66 0.26   46 0.43      NA          NA   14
602       acs           3  2.83 8.29 0.05   25 0.36      NA          NA   15
702       acs           3  2.95 8.27 0.36   48 0.29      NA          NA    9
    dlb
690   0
749   0
734   0
602   0
702   0
# 2026-01-19 17:06:19 -03: Iteration 8 of 8
# experimentsUsed: 5349
# remainingBudget: 151
# currentBudget: 151
# nbConfigurations: 11
# Markers:
     x No test is performed.
     c Configurations are discarded only due to capping.
     - The test is performed and some configurations are discarded.
     = The test is performed but no configuration is discarded.
     ! The test is performed and configurations could be discarded but elite configurations are preserved.
     . All alive configurations are elite and nothing is discarded.

+-+-----------+-----------+-----------+----------------+-----------+--------+-----+----+------+
| |   Instance|      Alive|       Best|       Mean best| Exp so far|  W time|  rho|KenW|  Qvar|
+-+-----------+-----------+-----------+----------------+-----------+--------+-----+----+------+
|x|         23|         11|        702|     32726887.00|         11|00:00:51|   NA|  NA|    NA|
|x|          5|         11|        749|     32674844.00|         17|00:00:34|+0.33|0.66|0.1117|
|x|          9|         11|        749|     32647243.00|         23|00:00:30|+0.50|0.67|0.0923|
|x|         21|         11|        690|     32662238.50|         29|00:00:32|+0.47|0.60|0.0994|
|-|          3|          7|        690|     32613649.00|         35|00:00:32|-0.09|0.13|0.9100|
|=|         15|          7|        690|     32597805.83|         37|00:00:22|+0.00|0.17|0.8312|
|=|          1|          7|        690|     32601577.00|         39|00:00:20|-0.02|0.13|0.8308|
|=|         14|          7|        690|     32604313.25|         41|00:00:21|+0.04|0.16|0.7998|
|=|         11|          7|        749|     32637483.78|         43|00:00:21|+0.06|0.17|0.7917|
|=|          4|          7|        749|     32630108.70|         45|00:00:20|+0.10|0.19|0.7616|
|=|         20|          7|        749|     32647180.64|         47|00:00:21|+0.06|0.15|0.7972|
|=|         22|          7|        749|     32668784.75|         49|00:00:22|+0.03|0.11|0.8243|
|=|         19|          7|        749|     32684486.92|         51|00:00:21|+0.05|0.13|0.8025|
|=|          2|          7|        749|     32712267.29|         53|00:00:20|+0.01|0.08|0.8298|
|=|         17|          7|        749|     32710798.53|         55|00:00:20|+0.02|0.08|0.8269|
|=|          8|          7|        749|     32698948.56|         57|00:00:20|+0.02|0.09|0.8282|
|=|          7|          7|        749|     32684569.06|         59|00:00:21|+0.02|0.08|0.8313|
|=|         16|          7|        749|     32682379.56|         61|00:00:22|+0.01|0.06|0.8435|
|=|         12|          7|        749|     32685498.21|         63|00:00:21|+0.03|0.08|0.8246|
|=|         18|          7|        690|     32694601.05|         65|00:00:23|+0.04|0.08|0.8114|
|=|         10|          7|        690|     32670853.76|         67|00:00:20|+0.04|0.08|0.8053|
|=|         13|          7|        690|     32662982.05|         69|00:00:19|+0.02|0.07|0.8208|
|=|          6|          7|        690|     32646237.91|         71|00:00:20|+0.03|0.07|0.8162|
|=|         24|          7|        690|     32634822.46|         78|00:00:28|+0.02|0.06|0.8210|
+-+-----------+-----------+-----------+----------------+-----------+--------+-----+----+------+
Best-so-far configuration:         690    mean value:      32634822.46
Description of the best-so-far configuration:
    .ID. algorithm localsearch alpha beta  rho ants   q0 rasrank elitistants
690  690       acs           3  2.85 8.01 0.22   40 0.43      NA          NA
    nnls dlb .PARENT.
690   14   0      437

# 2026-01-19 17:16:11 -03: Elite configurations (first number is the configuration ID; listed from best to worst according to the sum of ranks):
    algorithm localsearch alpha beta  rho ants   q0 rasrank elitistants nnls
690       acs           3  2.85 8.01 0.22   40 0.43      NA          NA   14
749       acs           3  3.02 7.58 0.36   47 0.28      NA          NA   12
734       acs           3  2.93 7.66 0.26   46 0.43      NA          NA   14
602       acs           3  2.83 8.29 0.05   25 0.36      NA          NA   15
757       acs           3  2.94 7.72 0.35   48 0.37      NA          NA   12
    dlb
690   0
749   0
734   0
602   0
757   0
# 2026-01-19 17:16:11 -03: Iteration 9 of 9
# experimentsUsed: 5427
# remainingBudget: 73
# currentBudget: 73
# nbConfigurations: 7
# Markers:
     x No test is performed.
     c Configurations are discarded only due to capping.
     - The test is performed and some configurations are discarded.
     = The test is performed but no configuration is discarded.
     ! The test is performed and configurations could be discarded but elite configurations are preserved.
     . All alive configurations are elite and nothing is discarded.

+-+-----------+-----------+-----------+----------------+-----------+--------+-----+----+------+
| |   Instance|      Alive|       Best|       Mean best| Exp so far|  W time|  rho|KenW|  Qvar|
+-+-----------+-----------+-----------+----------------+-----------+--------+-----+----+------+
|x|         25|          7|        734|     32545328.00|          7|00:00:27|   NA|  NA|    NA|
|x|          6|          7|        734|     32388508.00|          9|00:00:22|-0.29|0.36|1.2037|
|x|          3|          7|        734|     32397433.67|         11|00:00:22|+0.10|0.40|0.9243|
|x|          9|          7|        734|     32454567.75|         13|00:00:21|-0.02|0.23|0.9475|
|=|          2|          7|        764|     32587101.40|         15|00:00:19|-0.16|0.07|1.0153|
|=|         16|          7|        764|     32591582.17|         17|00:00:23|-0.09|0.10|0.9437|
|=|         18|          7|        764|     32624752.57|         19|00:00:25|-0.02|0.13|0.8865|
|=|         11|          7|        764|     32650418.38|         21|00:00:22|-0.01|0.12|0.8820|
|=|          7|          7|        764|     32627412.22|         23|00:00:23|+0.00|0.12|0.8792|
|=|         17|          7|        764|     32641491.90|         25|00:00:21|-0.01|0.09|0.8886|
|=|         23|          7|        764|     32649334.73|         27|00:00:22|+0.02|0.11|0.8796|
|=|         22|          7|        764|     32670557.33|         29|00:00:24|-0.02|0.07|0.8963|
|=|         19|          7|        764|     32687831.38|         31|00:00:22|-0.04|0.04|0.9027|
|=|          4|          7|        764|     32685563.64|         33|00:00:22|-0.03|0.04|0.8927|
|=|         13|          7|        764|     32670037.80|         35|00:00:22|-0.02|0.05|0.8895|
|=|         20|          7|        764|     32686479.25|         37|00:00:22|-0.02|0.05|0.8871|
|=|          1|          7|        749|     32674011.59|         39|00:00:25|-0.02|0.04|0.8785|
|=|          5|          7|        749|     32670509.67|         41|00:00:24|-0.01|0.04|0.8777|
|=|         12|          7|        749|     32674253.05|         43|00:00:22|+0.01|0.06|0.8653|
|=|         24|          7|        749|     32657053.05|         45|00:00:22|-0.01|0.04|0.8733|
|=|         21|          7|        749|     32662820.14|         47|00:00:19|-0.01|0.04|0.8735|
|=|         15|          7|        764|     32665182.86|         49|00:00:16|-0.01|0.04|0.8722|
|=|          8|          7|        764|     32657057.74|         51|00:00:18|-0.02|0.03|0.8810|
|=|         14|          7|        734|     32651714.04|         53|00:00:21|-0.02|0.02|0.8839|
|=|         10|          7|        690|     32635489.80|         55|00:00:20|-0.02|0.02|0.8797|
|=|         26|          7|        749|     32646480.27|         62|00:00:35|-0.02|0.02|0.8756|
+-+-----------+-----------+-----------+----------------+-----------+--------+-----+----+------+
Best-so-far configuration:         749    mean value:      32646480.27
Description of the best-so-far configuration:
    .ID. algorithm localsearch alpha beta  rho ants   q0 rasrank elitistants
749  749       acs           3  3.02 7.58 0.36   47 0.28      NA          NA
    nnls dlb .PARENT.
749   12   0      702

# 2026-01-19 17:26:05 -03: Elite configurations (first number is the configuration ID; listed from best to worst according to the sum of ranks):
    algorithm localsearch alpha beta  rho ants   q0 rasrank elitistants nnls
749       acs           3  3.02 7.58 0.36   47 0.28      NA          NA   12
690       acs           3  2.85 8.01 0.22   40 0.43      NA          NA   14
764       acs           3  2.94 7.55 0.35   48 0.40      NA          NA   12
734       acs           3  2.93 7.66 0.26   46 0.43      NA          NA   14
757       acs           3  2.94 7.72 0.35   48 0.37      NA          NA   12
    dlb
749   0
690   0
764   0
734   0
757   0
# 2026-01-19 17:26:05 -03: Stopped because there is not enough budget left to race more than the minimum (5).
# You may either increase the budget or set 'minNbSurvival' to a lower value.
# Iteration: 10
# nbIterations: 10
# experimentsUsed: 5489
# timeUsed: 0
# remainingBudget: 11
# currentBudget: 11
# number of elites: 5
# nbConfigurations: 5
# Total CPU user time: 215590.9, CPU sys time: 1017.619, Wall-clock time: 26979.36
# 2026-01-19 17:26:05 -03: Starting post-selection:
# Configurations selected: 749, 690, 764, 734, 757, 602, 702.
# Pending instances: 1, 1, 1, 1, 1, 1, 3.
# 2026-01-19 17:26:05 -03: seed: 300017
# Configurations: 7
# Available experiments: 11
# minSurvival: 1
# Markers:
     x No test is performed.
     c Configurations are discarded only due to capping.
     - The test is performed and some configurations are discarded.
     = The test is performed but no configuration is discarded.
     ! The test is performed and configurations could be discarded but elite configurations are preserved.
     . All alive configurations are elite and nothing is discarded.

+-+-----------+-----------+-----------+----------------+-----------+--------+-----+----+------+
| |   Instance|      Alive|       Best|       Mean best| Exp so far|  W time|  rho|KenW|  Qvar|
+-+-----------+-----------+-----------+----------------+-----------+--------+-----+----+------+
|x|         25|          7|        734|     32545328.00|          1|00:00:16|   NA|  NA|    NA|
|.|         22|          7|        734|     32724707.50|          1|00:00:00|-0.21|0.39|0.8328|
|.|         23|          7|        734|     32748847.67|          1|00:00:00|-0.20|0.20|0.9935|
|.|         12|          7|        734|     32750780.75|          1|00:00:00|-0.18|0.12|1.0493|
|.|          4|          7|        734|     32730131.00|          1|00:00:00|-0.06|0.15|0.9346|
|.|         10|          7|        734|     32654226.67|          1|00:00:00|-0.02|0.15|0.8884|
|.|          7|          7|        734|     32627081.14|          1|00:00:00|-0.02|0.13|0.8802|
|.|          1|          7|        734|     32632942.88|          1|00:00:00|+0.01|0.14|0.8400|
|.|         11|          7|        734|     32651158.11|          1|00:00:00|+0.00|0.11|0.8541|
|.|         17|          7|        734|     32650366.50|          1|00:00:00|-0.02|0.08|0.8655|
|.|          3|          7|        734|     32628995.45|          1|00:00:00|-0.02|0.07|0.8703|
|.|         13|          7|        734|     32619892.08|          1|00:00:00|-0.04|0.05|0.8998|
|.|         14|          7|        734|     32617879.08|          1|00:00:00|-0.03|0.05|0.8826|
|.|          2|          7|        734|     32655088.36|          1|00:00:00|-0.04|0.03|0.8924|
|.|          5|          7|        734|     32650160.67|          1|00:00:00|-0.03|0.03|0.8799|
|.|         20|          7|        734|     32665093.44|          1|00:00:00|-0.03|0.04|0.8683|
|.|         16|          7|        734|     32667779.59|          1|00:00:00|-0.03|0.03|0.8761|
|.|         19|          7|        734|     32679381.28|          1|00:00:00|-0.02|0.04|0.8666|
|.|         18|          7|        734|     32687123.89|          1|00:00:00|-0.03|0.02|0.8787|
|.|         21|          7|        734|     32689182.45|          1|00:00:00|-0.03|0.02|0.8734|
|.|         15|          7|        734|     32680866.05|          1|00:00:00|-0.02|0.03|0.8677|
|.|         24|          7|        734|     32665292.27|          1|00:00:00|-0.02|0.03|0.8656|
|.|          9|          7|        734|     32663582.61|          1|00:00:00|-0.02|0.02|0.8705|
|.|          6|          7|        734|     32645587.00|          1|00:00:00|-0.02|0.02|0.8775|
|x|         26|          7|        749|     32651491.52|          2|00:00:15|-0.02|0.02|0.8718|
|.|          8|          7|        749|     32646480.27|          2|00:00:00|-0.02|0.02|0.8773|
|=|         27|          7|        690|     32631871.26|          9|00:00:30|-0.01|0.02|0.8693|
+-+-----------+-----------+-----------+----------------+-----------+--------+-----+----+------+
Best-so-far configuration:         690    mean value:      32631871.26
Description of the best-so-far configuration:
    .ID. algorithm localsearch alpha beta  rho ants   q0 rasrank elitistants
690  690       acs           3  2.85 8.01 0.22   40 0.43      NA          NA
    nnls dlb .PARENT.
690   14   0      437

# 2026-01-19 17:27:07 -03: Elite configurations (first number is the configuration ID; listed from best to worst according to the sum of ranks):
    algorithm localsearch alpha beta  rho ants   q0 rasrank elitistants nnls
690       acs           3  2.85 8.01 0.22   40 0.43      NA          NA   14
749       acs           3  3.02 7.58 0.36   47 0.28      NA          NA   12
764       acs           3  2.94 7.55 0.35   48 0.40      NA          NA   12
734       acs           3  2.93 7.66 0.26   46 0.43      NA          NA   14
757       acs           3  2.94 7.72 0.35   48 0.37      NA          NA   12
    dlb
690   0
749   0
764   0
734   0
757   0
# Total CPU user time: 215793.1, CPU sys time: 1019.596, Wall-clock time: 27041.59
    .ID. algorithm localsearch alpha beta  rho ants   q0 rasrank elitistants
690  690       acs           3  2.85 8.01 0.22   40 0.43      NA          NA
749  749       acs           3  3.02 7.58 0.36   47 0.28      NA          NA
764  764       acs           3  2.94 7.55 0.35   48 0.40      NA          NA
734  734       acs           3  2.93 7.66 0.26   46 0.43      NA          NA
757  757       acs           3  2.94 7.72 0.35   48 0.37      NA          NA
    nnls dlb .PARENT. .RANK.   .WEIGHT.
690   14   0      437     96 0.33333333
749   12   0      702     97 0.26666667
764   12   0      757    105 0.20000000
734   14   0      690    110 0.13333333
757   12   0      702    114 0.06666667
