# 2026-01-23 21:23:11 -03: Reading parameter file '/home/pestobar/Activities/irace-executions/ACOTSP/Scenarios/BH-90/Runs/BH-90_seed_1300277/parameters.txt'.
# 2026-01-23 21:23:11 -03: 1 expression(s) specifying forbidden configurations read.
# 2026-01-23 21:23:12 -03: Initialization
# Elitist race
# Elitist new instances: 1
# Elitist limit: 2
# nbIterations: 5
# minNbSurvival: 5
# nbParameters: 11
# seed: 1300277
# confidence level: 0.95
# budget: 5500
# mu: 5
# deterministic: FALSE

# 2026-01-23 21:23:12 -03: Iteration 1 of 5
# experimentsUsed: 0
# remainingBudget: 5500
# currentBudget: 1100
# nbConfigurations: 90
# Markers:
     x No test is performed.
     c Configurations are discarded only due to capping.
     - The test is performed and some configurations are discarded.
     = The test is performed but no configuration is discarded.
     ! The test is performed and configurations could be discarded but elite configurations are preserved.
     . All alive configurations are elite and nothing is discarded.

+-+-----------+-----------+-----------+----------------+-----------+--------+-----+----+------+
| |   Instance|      Alive|       Best|       Mean best| Exp so far|  W time|  rho|KenW|  Qvar|
+-+-----------+-----------+-----------+----------------+-----------+--------+-----+----+------+
|x|          1|         90|         59|     32505906.00|         90|00:06:12|   NA|  NA|    NA|
|x|          2|         90|         59|     32699444.50|        180|00:06:06|+0.98|0.99|0.0008|
|x|          3|         90|         59|     32712013.33|        270|00:06:18|+0.98|0.99|0.0014|
|x|          4|         90|         59|     32825862.00|        360|00:06:18|+0.98|0.99|0.0014|
|-|          5|          4|         59|     32775158.80|        450|00:06:14|+0.20|0.36|0.6453|
+-+-----------+-----------+-----------+----------------+-----------+--------+-----+----+------+
Best-so-far configuration:          59    mean value:      32775158.80
Description of the best-so-far configuration:
   .ID. algorithm localsearch alpha beta  rho ants   q0 rasrank elitistants
59   59       acs           3  2.84 0.34 0.69   33 0.46      NA          NA
   nnls dlb .PARENT.
59    8   0       NA

# 2026-01-23 21:54:23 -03: Elite configurations (first number is the configuration ID; listed from best to worst according to the sum of ranks):
   algorithm localsearch alpha beta  rho ants   q0 rasrank elitistants nnls dlb
59       acs           3  2.84 0.34 0.69   33 0.46      NA          NA    8   0
28       acs           3  1.82 1.75 0.76   38 0.20      NA          NA   13   0
29      mmas           3  3.70 5.50 0.39   74   NA      NA          NA   19   0
39       eas           3  1.43 2.53 0.53   60   NA      NA         599   33   1
# 2026-01-23 21:54:23 -03: Iteration 2 of 5
# experimentsUsed: 450
# remainingBudget: 5050
# currentBudget: 1262
# nbConfigurations: 90
# Markers:
     x No test is performed.
     c Configurations are discarded only due to capping.
     - The test is performed and some configurations are discarded.
     = The test is performed but no configuration is discarded.
     ! The test is performed and configurations could be discarded but elite configurations are preserved.
     . All alive configurations are elite and nothing is discarded.

+-+-----------+-----------+-----------+----------------+-----------+--------+-----+----+------+
| |   Instance|      Alive|       Best|       Mean best| Exp so far|  W time|  rho|KenW|  Qvar|
+-+-----------+-----------+-----------+----------------+-----------+--------+-----+----+------+
|x|          6|         90|        138|     32655569.00|         90|00:03:30|   NA|  NA|    NA|
|x|          5|         90|         28|     32593135.50|        176|00:03:12|+0.93|0.97|0.0025|
|x|          3|         90|         99|     32649577.33|        262|00:03:20|+0.94|0.96|0.0017|
|x|          1|         90|         28|     32624261.00|        348|00:03:20|+0.94|0.96|0.0019|
|-|          2|         11|         59|     32676837.60|        434|00:03:09|+0.04|0.23|0.8710|
|=|          4|         11|         59|     32758599.33|        441|00:00:54|+0.07|0.23|0.8395|
|-|          7|          7|         59|     32739892.43|        452|00:01:03|+0.09|0.22|0.8159|
|=|          8|          7|         28|     32717711.62|        459|00:01:05|+0.05|0.17|0.8142|
|=|          9|          7|         28|     32731129.44|        466|00:00:58|+0.06|0.17|0.7932|
+-+-----------+-----------+-----------+----------------+-----------+--------+-----+----+------+
Best-so-far configuration:          28    mean value:      32731129.44
Description of the best-so-far configuration:
   .ID. algorithm localsearch alpha beta  rho ants  q0 rasrank elitistants nnls
28   28       acs           3  1.82 1.75 0.76   38 0.2      NA          NA   13
   dlb .PARENT.
28   0       NA

# 2026-01-23 22:14:58 -03: Elite configurations (first number is the configuration ID; listed from best to worst according to the sum of ranks):
    algorithm localsearch alpha beta  rho ants   q0 rasrank elitistants nnls
28        acs           3  1.82 1.75 0.76   38 0.20      NA          NA   13
59        acs           3  2.84 0.34 0.69   33 0.46      NA          NA    8
171       acs           3  2.96 3.09 0.38   29 0.43      NA          NA    8
99        acs           3  2.84 2.93 0.18   39 0.95      NA          NA   12
29       mmas           3  3.70 5.50 0.39   74   NA      NA          NA   19
    dlb
28    0
59    0
171   1
99    0
29    0
# 2026-01-23 22:14:58 -03: Iteration 3 of 5
# experimentsUsed: 916
# remainingBudget: 4584
# currentBudget: 1528
# nbConfigurations: 90
# Markers:
     x No test is performed.
     c Configurations are discarded only due to capping.
     - The test is performed and some configurations are discarded.
     = The test is performed but no configuration is discarded.
     ! The test is performed and configurations could be discarded but elite configurations are preserved.
     . All alive configurations are elite and nothing is discarded.

+-+-----------+-----------+-----------+----------------+-----------+--------+-----+----+------+
| |   Instance|      Alive|       Best|       Mean best| Exp so far|  W time|  rho|KenW|  Qvar|
+-+-----------+-----------+-----------+----------------+-----------+--------+-----+----+------+
|x|         10|         90|        258|     32479281.00|         90|00:03:56|   NA|  NA|    NA|
|x|          9|         90|        191|     32638068.50|        175|00:03:46|+0.90|0.95|0.0024|
|x|          8|         90|        230|     32611942.67|        260|00:03:49|+0.92|0.94|0.0029|
|x|          6|         90|        258|     32613938.75|        345|00:03:35|+0.93|0.95|0.0025|
|-|          3|         13|        258|     32624719.40|        430|00:03:40|+0.20|0.36|0.6964|
|-|          7|         12|        258|     32638960.67|        438|00:00:33|+0.26|0.38|0.6276|
|!|          5|         12|        230|     32621273.71|        445|00:00:33|+0.16|0.28|0.7323|
|!|          2|         12|        230|     32660991.38|        452|00:00:26|+0.16|0.26|0.7335|
|!|          1|         12|        230|     32642544.11|        459|00:00:32|+0.13|0.22|0.7832|
|-|          4|          7|        230|     32686932.60|        466|00:00:36|-0.06|0.05|0.9115|
|=|         11|          7|        230|     32684556.27|        473|00:00:31|-0.07|0.03|0.9275|
|=|         12|          7|        191|     32742569.50|        480|00:00:34|-0.06|0.03|0.9207|
+-+-----------+-----------+-----------+----------------+-----------+--------+-----+----+------+
Best-so-far configuration:         191    mean value:      32742569.50
Description of the best-so-far configuration:
    .ID. algorithm localsearch alpha beta  rho ants   q0 rasrank elitistants
191  191       acs           3  2.93 5.76 0.74   13 0.03      NA          NA
    nnls dlb .PARENT.
191   10   0       28

# 2026-01-23 22:37:36 -03: Elite configurations (first number is the configuration ID; listed from best to worst according to the sum of ranks):
    algorithm localsearch alpha beta  rho ants   q0 rasrank elitistants nnls
191       acs           3  2.93 5.76 0.74   13 0.03      NA          NA   10
230       acs           3  2.60 3.13 0.24   32 0.30      NA          NA   14
258       acs           3  2.23 3.30 0.79   41 0.21      NA          NA   13
209       acs           3  3.02 5.27 0.67   12 0.23      NA          NA    8
247       acs           3  1.84 3.96 0.71   22 0.39      NA          NA   12
    dlb
191   0
230   0
258   0
209   0
247   0
# 2026-01-23 22:37:36 -03: Iteration 4 of 5
# experimentsUsed: 1396
# remainingBudget: 4104
# currentBudget: 2052
# nbConfigurations: 90
# Markers:
     x No test is performed.
     c Configurations are discarded only due to capping.
     - The test is performed and some configurations are discarded.
     = The test is performed but no configuration is discarded.
     ! The test is performed and configurations could be discarded but elite configurations are preserved.
     . All alive configurations are elite and nothing is discarded.

+-+-----------+-----------+-----------+----------------+-----------+--------+-----+----+------+
| |   Instance|      Alive|       Best|       Mean best| Exp so far|  W time|  rho|KenW|  Qvar|
+-+-----------+-----------+-----------+----------------+-----------+--------+-----+----+------+
|x|         13|         90|        301|     32501745.00|         90|00:04:38|   NA|  NA|    NA|
|x|          4|         90|        301|     32773647.00|        175|00:04:17|+0.63|0.81|0.0030|
|x|          9|         90|        301|     32784160.67|        260|00:04:16|+0.65|0.77|0.0027|
|x|         10|         90|        288|     32725546.25|        345|00:04:27|+0.65|0.74|0.0026|
|-|         11|         38|        301|     32709898.40|        430|00:04:21|-0.13|0.10|1.1129|
|=|          1|         38|        301|     32671306.83|        463|00:01:29|-0.06|0.11|1.0866|
|=|         12|         38|        288|     32647350.14|        496|00:01:40|-0.03|0.12|1.0421|
|=|          2|         38|        288|     32678399.62|        529|00:01:35|-0.00|0.12|1.0240|
|=|          8|         38|        288|     32665321.67|        562|00:01:26|+0.01|0.12|0.9914|
|=|          3|         38|        288|     32667689.60|        595|00:01:37|+0.02|0.12|0.9914|
|=|          7|         38|        301|     32669350.91|        628|00:01:34|+0.01|0.10|0.9881|
|=|          5|         38|        301|     32660283.08|        661|00:01:38|+0.01|0.09|0.9919|
|=|          6|         38|        301|     32659131.00|        694|00:01:20|+0.03|0.10|0.9745|
|=|         14|         38|        301|     32670864.29|        732|00:01:53|+0.02|0.09|0.9747|
+-+-----------+-----------+-----------+----------------+-----------+--------+-----+----+------+
Best-so-far configuration:         301    mean value:      32670864.29
Description of the best-so-far configuration:
    .ID. algorithm localsearch alpha beta  rho ants   q0 rasrank elitistants
301  301       acs           3  2.06 1.63 0.28   29 0.35      NA          NA
    nnls dlb .PARENT.
301   17   0      230

# 2026-01-23 23:13:54 -03: Elite configurations (first number is the configuration ID; listed from best to worst according to the sum of ranks):
    algorithm localsearch alpha beta  rho ants   q0 rasrank elitistants nnls
301       acs           3  2.06 1.63 0.28   29 0.35      NA          NA   17
303       acs           3  2.23 4.43 0.73   21 0.34      NA          NA   14
288       acs           3  2.07 3.47 0.72   44 0.26      NA          NA   12
272       acs           3  2.83 4.83 0.22   32 0.49      NA          NA   12
276       acs           3  2.46 7.68 0.61   31 0.27      NA          NA   12
    dlb
301   0
303   0
288   0
272   0
276   0
# 2026-01-23 23:13:54 -03: Iteration 5 of 5
# experimentsUsed: 2128
# remainingBudget: 3372
# currentBudget: 3372
# nbConfigurations: 90
# Markers:
     x No test is performed.
     c Configurations are discarded only due to capping.
     - The test is performed and some configurations are discarded.
     = The test is performed but no configuration is discarded.
     ! The test is performed and configurations could be discarded but elite configurations are preserved.
     . All alive configurations are elite and nothing is discarded.

+-+-----------+-----------+-----------+----------------+-----------+--------+-----+----+------+
| |   Instance|      Alive|       Best|       Mean best| Exp so far|  W time|  rho|KenW|  Qvar|
+-+-----------+-----------+-----------+----------------+-----------+--------+-----+----+------+
|x|         15|         90|        355|     32522463.00|         90|00:05:55|   NA|  NA|    NA|
|x|         10|         90|        355|     32518936.50|        175|00:06:02|+0.52|0.76|0.4473|
|x|         12|         90|        428|     32506511.33|        260|00:05:46|+0.57|0.71|0.4438|
|x|          7|         90|        428|     32534112.25|        345|00:05:40|+0.54|0.65|0.3966|
|-|         13|         30|        355|     32537923.60|        430|00:05:29|-0.07|0.14|1.0380|
|=|          4|         30|        428|     32628055.33|        455|00:01:38|-0.03|0.14|0.9882|
|=|          8|         30|        428|     32619628.00|        480|00:01:36|-0.01|0.13|0.9907|
|=|          1|         30|        428|     32605970.25|        505|00:01:43|+0.03|0.15|0.9695|
|=|         14|         30|        355|     32628179.22|        530|00:01:35|+0.00|0.12|0.9958|
|=|          9|         30|        355|     32651152.10|        555|00:01:40|+0.00|0.10|1.0013|
|=|          6|         30|        355|     32650464.00|        580|00:01:24|+0.02|0.11|0.9837|
|=|          3|         30|        360|     32652713.50|        605|00:01:34|+0.03|0.11|0.9696|
|=|          2|         30|        355|     32669126.92|        630|00:01:22|+0.04|0.11|0.9596|
|-|         11|         19|        355|     32664816.79|        655|00:01:35|-0.03|0.05|0.9817|
|=|          5|         19|        360|     32654406.93|        669|00:00:52|-0.02|0.04|0.9741|
|=|         16|         19|        360|     32654761.81|        688|00:00:57|-0.03|0.04|0.9700|
+-+-----------+-----------+-----------+----------------+-----------+--------+-----+----+------+
Best-so-far configuration:         360    mean value:      32654761.81
Description of the best-so-far configuration:
    .ID. algorithm localsearch alpha beta rho ants   q0 rasrank elitistants
360  360       acs           3  2.16 2.47 0.4   26 0.54      NA          NA
    nnls dlb .PARENT.
360   17   0      301

# 2026-01-23 23:58:50 -03: Elite configurations (first number is the configuration ID; listed from best to worst according to the sum of ranks):
    algorithm localsearch alpha beta  rho ants   q0 rasrank elitistants nnls
360       acs           3  2.16 2.47 0.40   26 0.54      NA          NA   17
355       acs           3  1.83 4.40 0.64   35 0.06      NA          NA    8
412       acs           3  2.80 7.36 0.36   31 0.35      NA          NA   11
303       acs           3  2.23 4.43 0.73   21 0.34      NA          NA   14
384       acs           3  2.53 2.82 0.28   31 0.39      NA          NA   13
    dlb
360   0
355   0
412   0
303   0
384   0
# 2026-01-23 23:58:50 -03: Iteration 6 of 6
# experimentsUsed: 2816
# remainingBudget: 2684
# currentBudget: 2684
# nbConfigurations: 90
# Markers:
     x No test is performed.
     c Configurations are discarded only due to capping.
     - The test is performed and some configurations are discarded.
     = The test is performed but no configuration is discarded.
     ! The test is performed and configurations could be discarded but elite configurations are preserved.
     . All alive configurations are elite and nothing is discarded.

+-+-----------+-----------+-----------+----------------+-----------+--------+-----+----+------+
| |   Instance|      Alive|       Best|       Mean best| Exp so far|  W time|  rho|KenW|  Qvar|
+-+-----------+-----------+-----------+----------------+-----------+--------+-----+----+------+
|x|         17|         90|        360|     32602305.00|         90|00:04:09|   NA|  NA|    NA|
|x|          9|         90|        444|     32650670.50|        175|00:03:55|-0.02|0.49|1.0487|
|x|         14|         90|        444|     32690496.00|        260|00:03:52|+0.03|0.35|0.9745|
|x|          8|         90|        451|     32667056.25|        345|00:03:53|+0.05|0.29|0.9443|
|=|         15|         90|        451|     32641436.80|        430|00:04:05|+0.06|0.25|0.9309|
|-|          6|         30|        360|     32632343.00|        515|00:04:08|-0.07|0.10|1.0337|
|=|          4|         30|        360|     32697535.71|        540|00:01:17|-0.05|0.10|1.0194|
|=|          2|         30|        360|     32720888.25|        565|00:01:02|-0.03|0.10|1.0010|
|=|         16|         30|        360|     32714132.33|        590|00:01:22|-0.04|0.08|1.0014|
|=|          7|         30|        360|     32705998.40|        615|00:01:19|-0.03|0.07|0.9935|
|=|         11|         30|        360|     32695892.45|        640|00:01:03|-0.00|0.09|0.9660|
|=|          5|         30|        360|     32679930.83|        665|00:01:11|+0.01|0.10|0.9483|
|=|         12|         30|        451|     32669179.23|        690|00:01:16|+0.02|0.09|0.9450|
|=|          1|         30|        360|     32654006.93|        715|00:01:20|+0.01|0.08|0.9538|
|=|         13|         30|        451|     32653877.67|        740|00:01:08|+0.02|0.08|0.9448|
|=|          3|         30|        360|     32652986.50|        765|00:01:12|+0.02|0.08|0.9455|
|=|         10|         30|        451|     32650809.94|        790|00:01:16|+0.01|0.07|0.9478|
|=|         18|         30|        451|     32625318.56|        820|00:01:23|+0.01|0.06|0.9526|
+-+-----------+-----------+-----------+----------------+-----------+--------+-----+----+------+
Best-so-far configuration:         451    mean value:      32625318.56
Description of the best-so-far configuration:
    .ID. algorithm localsearch alpha beta  rho ants   q0 rasrank elitistants
451  451       acs           3  1.93 4.31 0.56   38 0.09      NA          NA
    nnls dlb .PARENT.
451    8   0      355

# 2026-01-24 00:37:49 -03: Elite configurations (first number is the configuration ID; listed from best to worst according to the sum of ranks):
    algorithm localsearch alpha beta  rho ants   q0 rasrank elitistants nnls
451       acs           3  1.93 4.31 0.56   38 0.09      NA          NA    8
486       acs           3  3.23 9.02 0.36   43 0.44      NA          NA    8
360       acs           3  2.16 2.47 0.40   26 0.54      NA          NA   17
504       acs           3  2.57 7.27 0.38   16 0.30      NA          NA   12
470       acs           3  2.19 6.58 0.32   36 0.40      NA          NA    9
    dlb
451   0
486   0
360   0
504   0
470   0
# 2026-01-24 00:37:49 -03: Iteration 7 of 7
# experimentsUsed: 3636
# remainingBudget: 1864
# currentBudget: 1864
# nbConfigurations: 90
# Markers:
     x No test is performed.
     c Configurations are discarded only due to capping.
     - The test is performed and some configurations are discarded.
     = The test is performed but no configuration is discarded.
     ! The test is performed and configurations could be discarded but elite configurations are preserved.
     . All alive configurations are elite and nothing is discarded.

+-+-----------+-----------+-----------+----------------+-----------+--------+-----+----+------+
| |   Instance|      Alive|       Best|       Mean best| Exp so far|  W time|  rho|KenW|  Qvar|
+-+-----------+-----------+-----------+----------------+-----------+--------+-----+----+------+
|x|         19|         90|        587|     32366750.00|         90|00:03:20|   NA|  NA|    NA|
|x|         11|         90|        595|     32468144.00|        175|00:03:12|+0.15|0.58|0.7270|
|x|         10|         90|        595|     32480518.33|        260|00:03:17|+0.23|0.49|0.7127|
|x|         14|         90|        486|     32546631.75|        345|00:03:10|+0.26|0.44|0.6894|
|-|          2|         49|        486|     32614382.40|        430|00:03:05|-0.11|0.11|1.0646|
|=|         13|         49|        486|     32591628.67|        474|00:01:42|-0.05|0.13|1.0115|
|=|         18|         49|        486|     32533385.29|        518|00:01:51|-0.03|0.12|0.9876|
|=|         15|         49|        486|     32540213.12|        562|00:01:56|+0.01|0.13|0.9542|
|=|         12|         49|        486|     32527413.11|        606|00:01:49|+0.02|0.13|0.9387|
|=|          6|         49|        486|     32528405.00|        650|00:01:46|+0.03|0.12|0.9350|
|=|          4|         49|        486|     32580074.36|        694|00:01:54|+0.02|0.11|0.9370|
|=|          7|         49|        486|     32590881.75|        738|00:01:46|+0.02|0.10|0.9410|
|-|          5|         26|        486|     32585873.38|        782|00:01:42|-0.04|0.04|0.9791|
|=|          3|         26|        574|     32593685.36|        803|00:01:04|-0.03|0.05|0.9735|
|=|         17|         26|        486|     32600895.93|        824|00:01:00|-0.03|0.04|0.9725|
|=|         16|         26|        486|     32604114.94|        845|00:01:05|-0.02|0.05|0.9687|
|=|          1|         26|        588|     32605174.88|        866|00:01:02|-0.02|0.04|0.9720|
|=|          8|         26|        535|     32606529.89|        887|00:01:05|-0.02|0.04|0.9716|
|=|          9|         26|        486|     32609417.47|        908|00:00:56|-0.02|0.04|0.9733|
|=|         20|         26|        486|     32609583.05|        934|00:01:17|-0.01|0.04|0.9726|
+-+-----------+-----------+-----------+----------------+-----------+--------+-----+----+------+
Best-so-far configuration:         486    mean value:      32609583.05
Description of the best-so-far configuration:
    .ID. algorithm localsearch alpha beta  rho ants   q0 rasrank elitistants
486  486       acs           3  3.23 9.02 0.36   43 0.44      NA          NA
    nnls dlb .PARENT.
486    8   0      412

# 2026-01-24 01:15:55 -03: Elite configurations (first number is the configuration ID; listed from best to worst according to the sum of ranks):
    algorithm localsearch alpha beta  rho ants   q0 rasrank elitistants nnls
486       acs           3  3.23 9.02 0.36   43 0.44      NA          NA    8
535       acs           3  2.21 7.29 0.38   20 0.34      NA          NA   12
546       acs           3  3.23 9.00 0.37   46 0.36      NA          NA   10
588       acs           3  3.01 8.73 0.33   46 0.48      NA          NA   10
574       acs           3  3.28 9.34 0.40   47 0.40      NA          NA   10
    dlb
486   0
535   0
546   0
588   0
574   0
# 2026-01-24 01:15:55 -03: There is not enough budget to enforce the value of nbConfigurations, returning to default behaviour nbConfigurations:49.
# Iteration: 8
# nbIterations: 8
# experimentsUsed: 4570
# timeUsed: 0
# remainingBudget: 930
# currentBudget: 930
# number of elites: 5
# nbConfigurations: 49
# 2026-01-24 01:15:55 -03: Iteration 8 of 8
# experimentsUsed: 4570
# remainingBudget: 930
# currentBudget: 930
# nbConfigurations: 49
# Markers:
     x No test is performed.
     c Configurations are discarded only due to capping.
     - The test is performed and some configurations are discarded.
     = The test is performed but no configuration is discarded.
     ! The test is performed and configurations could be discarded but elite configurations are preserved.
     . All alive configurations are elite and nothing is discarded.

+-+-----------+-----------+-----------+----------------+-----------+--------+-----+----+------+
| |   Instance|      Alive|       Best|       Mean best| Exp so far|  W time|  rho|KenW|  Qvar|
+-+-----------+-----------+-----------+----------------+-----------+--------+-----+----+------+
|x|         21|         49|        633|     32566662.00|         49|00:01:49|   NA|  NA|    NA|
|x|          2|         49|        602|     32726072.50|         93|00:01:28|+0.31|0.66|0.7310|
|x|          5|         49|        616|     32645399.67|        137|00:01:37|+0.23|0.49|0.7785|
|x|         20|         49|        616|     32623812.75|        181|00:01:45|+0.18|0.39|0.8061|
|=|         11|         49|        616|     32617042.60|        225|00:01:34|+0.07|0.26|0.8998|
|-|         18|         32|        588|     32544467.83|        269|00:01:39|-0.04|0.13|0.9911|
|=|         14|         32|        616|     32570217.00|        296|00:01:02|-0.03|0.12|0.9775|
|=|          1|         32|        610|     32563225.62|        323|00:01:05|-0.03|0.10|0.9905|
|=|          4|         32|        610|     32621504.11|        350|00:01:08|-0.03|0.09|0.9860|
|=|         19|         32|        610|     32600163.70|        377|00:00:57|-0.00|0.10|0.9625|
|=|          6|         32|        605|     32604606.73|        404|00:01:04|+0.00|0.09|0.9574|
|=|          7|         32|        605|     32609320.17|        431|00:00:57|-0.00|0.08|0.9574|
|=|          8|         32|        605|     32605590.00|        458|00:01:01|+0.01|0.09|0.9462|
|=|         15|         32|        574|     32599200.36|        485|00:01:05|+0.03|0.10|0.9312|
|-|         12|         20|        574|     32587519.47|        512|00:01:00|-0.04|0.03|0.9825|
|=|         16|         20|        610|     32591845.50|        527|00:00:38|-0.04|0.03|0.9797|
|=|          9|         20|        610|     32604027.53|        542|00:00:34|-0.04|0.03|0.9790|
|=|          3|         20|        605|     32610997.17|        557|00:00:37|-0.03|0.03|0.9740|
|=|         13|         20|        605|     32604810.37|        572|00:00:32|-0.03|0.02|0.9715|
|=|         17|         20|        605|     32606183.55|        587|00:00:37|-0.03|0.02|0.9710|
|=|         10|         20|        605|     32601144.33|        602|00:00:37|-0.02|0.03|0.9663|
|=|         22|         20|        605|     32598524.64|        622|00:00:40|-0.02|0.03|0.9632|
+-+-----------+-----------+-----------+----------------+-----------+--------+-----+----+------+
Best-so-far configuration:         605    mean value:      32598524.64
Description of the best-so-far configuration:
    .ID. algorithm localsearch alpha beta  rho ants   q0 rasrank elitistants
605  605       acs           3  3.09 9.07 0.32   48 0.36      NA          NA
    nnls dlb .PARENT.
605   12   0      546

# 2026-01-24 01:39:35 -03: Elite configurations (first number is the configuration ID; listed from best to worst according to the sum of ranks):
    algorithm localsearch alpha beta  rho ants   q0 rasrank elitistants nnls
605       acs           3  3.09 9.07 0.32   48 0.36      NA          NA   12
624       acs           3  3.40 8.68 0.37   49 0.37      NA          NA   11
603       acs           3  3.22 9.45 0.35   45 0.41      NA          NA    8
609       acs           3  2.91 8.70 0.34   46 0.53      NA          NA   10
610       acs           3  2.87 8.50 0.29   47 0.53      NA          NA    9
    dlb
605   0
624   0
603   0
609   0
610   0
# 2026-01-24 01:39:35 -03: There is not enough budget to enforce the value of nbConfigurations, returning to default behaviour nbConfigurations:18.
# Iteration: 9
# nbIterations: 9
# experimentsUsed: 5192
# timeUsed: 0
# remainingBudget: 308
# currentBudget: 308
# number of elites: 5
# nbConfigurations: 18
# 2026-01-24 01:39:35 -03: Iteration 9 of 9
# experimentsUsed: 5192
# remainingBudget: 308
# currentBudget: 308
# nbConfigurations: 18
# Markers:
     x No test is performed.
     c Configurations are discarded only due to capping.
     - The test is performed and some configurations are discarded.
     = The test is performed but no configuration is discarded.
     ! The test is performed and configurations could be discarded but elite configurations are preserved.
     . All alive configurations are elite and nothing is discarded.

+-+-----------+-----------+-----------+----------------+-----------+--------+-----+----+------+
| |   Instance|      Alive|       Best|       Mean best| Exp so far|  W time|  rho|KenW|  Qvar|
+-+-----------+-----------+-----------+----------------+-----------+--------+-----+----+------+
|x|         23|         18|        655|     32550008.00|         18|00:00:41|   NA|  NA|    NA|
|x|         10|         18|        652|     32519330.00|         31|00:00:37|-0.31|0.34|1.1189|
|x|         20|         18|        624|     32574233.00|         44|00:00:35|-0.08|0.28|0.9771|
|x|          1|         18|        649|     32557045.25|         57|00:00:34|+0.05|0.28|0.8880|
|=|          3|         18|        605|     32570431.60|         70|00:00:36|+0.01|0.21|0.9164|
|=|         18|         18|        605|     32500676.33|         83|00:00:37|+0.04|0.20|0.9145|
|=|         21|         18|        646|     32520307.00|         96|00:00:35|+0.07|0.20|0.8851|
|=|          4|         18|        646|     32586337.50|        109|00:00:38|+0.07|0.19|0.8906|
|=|          2|         18|        646|     32617908.44|        122|00:00:34|+0.07|0.17|0.8961|
|=|          6|         18|        646|     32615587.20|        135|00:00:31|+0.06|0.15|0.8973|
|=|         13|         18|        605|     32599006.09|        148|00:00:33|+0.03|0.12|0.9217|
|=|         11|         18|        605|     32598775.92|        161|00:00:34|+0.03|0.11|0.9247|
|=|         16|         18|        646|     32612078.77|        174|00:00:39|+0.04|0.11|0.9280|
|=|         14|         18|        646|     32629557.36|        187|00:00:31|+0.04|0.11|0.9275|
|=|          7|         18|        646|     32629612.13|        200|00:00:32|+0.03|0.10|0.9344|
|=|         22|         18|        649|     32620730.62|        213|00:00:32|+0.04|0.10|0.9325|
|=|          9|         18|        646|     32631858.47|        226|00:00:34|+0.04|0.09|0.9310|
|-|          5|         15|        605|     32613912.72|        239|00:00:32|-0.02|0.03|0.9549|
|=|         19|         15|        605|     32605166.58|        249|00:00:21|-0.02|0.03|0.9531|
|=|         15|         15|        646|     32614951.30|        259|00:00:22|-0.02|0.03|0.9531|
|=|          8|         15|        646|     32609752.57|        269|00:00:23|-0.02|0.03|0.9517|
|=|         12|         15|        646|     32600102.14|        279|00:00:23|-0.01|0.03|0.9460|
|=|         17|         15|        646|     32602378.39|        289|00:00:22|-0.01|0.03|0.9417|
|=|         24|         15|        646|     32599064.21|        304|00:00:39|-0.01|0.04|0.9409|
+-+-----------+-----------+-----------+----------------+-----------+--------+-----+----+------+
Best-so-far configuration:         646    mean value:      32599064.21
Description of the best-so-far configuration:
    .ID. algorithm localsearch alpha beta rho ants   q0 rasrank elitistants
646  646       acs           3   3.1 8.85 0.3   46 0.34      NA          NA
    nnls dlb .PARENT.
646   12   0      605

# 2026-01-24 01:52:43 -03: Elite configurations (first number is the configuration ID; listed from best to worst according to the sum of ranks):
    algorithm localsearch alpha beta  rho ants   q0 rasrank elitistants nnls
646       acs           3  3.10 8.85 0.30   46 0.34      NA          NA   12
605       acs           3  3.09 9.07 0.32   48 0.36      NA          NA   12
603       acs           3  3.22 9.45 0.35   45 0.41      NA          NA    8
624       acs           3  3.40 8.68 0.37   49 0.37      NA          NA   11
657       acs           3  3.12 8.61 0.35   48 0.33      NA          NA   13
    dlb
646   0
605   0
603   0
624   0
657   0
# 2026-01-24 01:52:43 -03: There is not enough budget to enforce the value of nbConfigurations, returning to default behaviour nbConfigurations:5.
# Iteration: 10
# nbIterations: 10
# experimentsUsed: 5496
# timeUsed: 0
# remainingBudget: 4
# currentBudget: 4
# number of elites: 5
# nbConfigurations: 5
# 2026-01-24 01:52:43 -03: Stopped because there is not enough budget left to race more than the minimum (5).
# You may either increase the budget or set 'minNbSurvival' to a lower value.
# Iteration: 10
# nbIterations: 10
# experimentsUsed: 5496
# timeUsed: 0
# remainingBudget: 4
# currentBudget: 4
# number of elites: 5
# nbConfigurations: 5
# Total CPU user time: 136662.7, CPU sys time: 991.326, Wall-clock time: 16171.43
# 2026-01-24 01:52:43 -03: Starting post-selection:
# Configurations selected: 646, 605, 603, 624.
# Pending instances: 0, 0, 0, 0.
# 2026-01-24 01:52:43 -03: seed: 1300277
# Configurations: 4
# Available experiments: 4
# minSurvival: 1
# Markers:
     x No test is performed.
     c Configurations are discarded only due to capping.
     - The test is performed and some configurations are discarded.
     = The test is performed but no configuration is discarded.
     ! The test is performed and configurations could be discarded but elite configurations are preserved.
     . All alive configurations are elite and nothing is discarded.

+-+-----------+-----------+-----------+----------------+-----------+--------+-----+----+------+
| |   Instance|      Alive|       Best|       Mean best| Exp so far|  W time|  rho|KenW|  Qvar|
+-+-----------+-----------+-----------+----------------+-----------+--------+-----+----+------+
|.|          9|          4|        646|     32690682.00|          0|00:00:00|   NA|  NA|    NA|
|.|         13|          4|        646|     32666937.50|          0|00:00:00|-0.40|0.30|1.2785|
|.|         18|          4|        646|     32494510.67|          0|00:00:00|-0.20|0.20|0.8654|
|.|          3|          4|        646|     32537558.25|          0|00:00:00|+0.10|0.33|0.6488|
|.|          8|          4|        646|     32531202.20|          0|00:00:00|-0.12|0.10|0.7941|
|.|         15|          4|        646|     32539052.67|          0|00:00:00|-0.13|0.06|0.8259|
|.|         23|          4|        646|     32541884.00|          0|00:00:00|-0.07|0.09|0.7643|
|.|         16|          4|        646|     32551795.00|          0|00:00:00|-0.06|0.07|0.7876|
|.|         17|          4|        646|     32562979.56|          0|00:00:00|-0.07|0.05|0.7886|
|.|         21|          4|        646|     32561693.90|          0|00:00:00|-0.04|0.07|0.7472|
|.|          1|          4|        646|     32556062.45|          0|00:00:00|+0.01|0.10|0.7039|
|.|         12|          4|        646|     32542844.17|          0|00:00:00|+0.05|0.13|0.6687|
|.|          6|          4|        646|     32546832.77|          0|00:00:00|+0.07|0.14|0.6602|
|.|          4|          4|        646|     32582669.79|          0|00:00:00|+0.08|0.15|0.6551|
|.|         19|          4|        646|     32575097.80|          0|00:00:00|+0.04|0.10|0.6982|
|.|          2|          4|        646|     32593558.94|          0|00:00:00|+0.06|0.11|0.6884|
|.|         11|          4|        646|     32590219.41|          0|00:00:00|+0.07|0.13|0.6766|
|.|         24|          4|        646|     32586476.00|          0|00:00:00|+0.10|0.15|0.6550|
|.|         20|          4|        646|     32587001.32|          0|00:00:00|+0.07|0.12|0.6661|
|.|         10|          4|        646|     32588680.80|          0|00:00:00|+0.04|0.08|0.6989|
|.|         14|          4|        646|     32601447.38|          0|00:00:00|+0.01|0.05|0.7278|
|.|          5|          4|        646|     32597292.36|          0|00:00:00|-0.01|0.04|0.7427|
|.|         22|          4|        646|     32597702.70|          0|00:00:00|-0.02|0.02|0.7573|
|.|          7|          4|        646|     32599064.21|          0|00:00:00|-0.02|0.02|0.7582|
|=|         25|          4|        646|     32597645.32|          4|00:00:18|-0.02|0.02|0.7534|
+-+-----------+-----------+-----------+----------------+-----------+--------+-----+----+------+
Best-so-far configuration:         646    mean value:      32597645.32
Description of the best-so-far configuration:
    .ID. algorithm localsearch alpha beta rho ants   q0 rasrank elitistants
646  646       acs           3   3.1 8.85 0.3   46 0.34      NA          NA
    nnls dlb .PARENT.
646   12   0      605

# 2026-01-24 01:53:01 -03: Elite configurations (first number is the configuration ID; listed from best to worst according to the sum of ranks):
    algorithm localsearch alpha beta  rho ants   q0 rasrank elitistants nnls
646       acs           3  3.10 8.85 0.30   46 0.34      NA          NA   12
605       acs           3  3.09 9.07 0.32   48 0.36      NA          NA   12
603       acs           3  3.22 9.45 0.35   45 0.41      NA          NA    8
624       acs           3  3.40 8.68 0.37   49 0.37      NA          NA   11
    dlb
646   0
605   0
603   0
624   0
# Total CPU user time: 136726, CPU sys time: 991.893, Wall-clock time: 16189.54
    .ID. algorithm localsearch alpha beta  rho ants   q0 rasrank elitistants
646  646       acs           3  3.10 8.85 0.30   46 0.34      NA          NA
605  605       acs           3  3.09 9.07 0.32   48 0.36      NA          NA
603  603       acs           3  3.22 9.45 0.35   45 0.41      NA          NA
624  624       acs           3  3.40 8.68 0.37   49 0.37      NA          NA
    nnls dlb .PARENT. .RANK. .WEIGHT.
646   12   0      605     57      0.4
605   12   0      546     61      0.3
603    8   0      486     66      0.2
624   11   0      546     66      0.1
