# 2026-01-26 15:24:16 -03: Reading parameter file '/home/pestobar/Activities/irace-executions/PSO-X/Scenarios/BH-65/Runs/BH-65_seed_400031/parameters.txt'.
# 2026-01-26 15:24:16 -03: 2 expression(s) specifying forbidden configurations read.
# 2026-01-26 15:24:16 -03: Initialization
# Elitist race
# Elitist new instances: 1
# Elitist limit: 2
# nbIterations: 5
# minNbSurvival: 5
# nbParameters: 8
# seed: 400031
# confidence level: 0.95
# budget: 4000
# mu: 5
# deterministic: FALSE

# 2026-01-26 15:24:17 -03: Iteration 1 of 5
# experimentsUsed: 0
# remainingBudget: 4000
# currentBudget: 800
# nbConfigurations: 65
# Markers:
     x No test is performed.
     c Configurations are discarded only due to capping.
     - The test is performed and some configurations are discarded.
     = The test is performed but no configuration is discarded.
     ! The test is performed and configurations could be discarded but elite configurations are preserved.
     . All alive configurations are elite and nothing is discarded.

+-+-----------+-----------+-----------+----------------+-----------+--------+-----+----+------+
| |   Instance|      Alive|       Best|       Mean best| Exp so far|  W time|  rho|KenW|  Qvar|
+-+-----------+-----------+-----------+----------------+-----------+--------+-----+----+------+
|x|          1|         65|         46|     898.2164790|         65|00:04:42|   NA|  NA|    NA|
|x|          2|         65|         22|     761.3389713|        130|00:04:19|+0.43|0.71|0.4045|
|x|          3|         65|          1|     584.6899166|        195|00:04:11|+0.32|0.55|0.5172|
|x|          4|         65|         50|     444.5687098|        260|00:00:42|+0.33|0.50|0.5494|
|-|          5|         32|          1|     280711.7211|        325|00:00:43|-0.08|0.14|1.0766|
|=|          6|         32|          7|     128811.0476|        357|00:00:18|+0.01|0.18|0.9717|
|=|          7|         32|          7|     110422.6066|        389|00:00:19|+0.04|0.17|0.8804|
+-+-----------+-----------+-----------+----------------+-----------+--------+-----+----+------+
Best-so-far configuration:           7    mean value:      110422.6066
Description of the best-so-far configuration:
  .ID. particles topology modInfluence branching tSchedule phi1 phi2 inertia
7    7         5        1            2        NA        NA 1.28  2.3    0.28
  .PARENT.
7       NA

# 2026-01-26 15:39:34 -03: Elite configurations (first number is the configuration ID; listed from best to worst according to the sum of ranks):
   particles topology modInfluence branching tSchedule phi1 phi2 inertia
7          5        1            2        NA        NA 1.28 2.30    0.28
38        27        1            1        NA        NA 1.94 2.11    0.71
45        14        3            1        NA        NA 1.47 1.64    0.21
1         80        0            0        NA        NA 1.59 1.37    0.61
3        130        2            0        NA        NA 0.96 1.99    0.39
# 2026-01-26 15:39:34 -03: Iteration 2 of 5
# experimentsUsed: 389
# remainingBudget: 3611
# currentBudget: 902
# nbConfigurations: 65
# Markers:
     x No test is performed.
     c Configurations are discarded only due to capping.
     - The test is performed and some configurations are discarded.
     = The test is performed but no configuration is discarded.
     ! The test is performed and configurations could be discarded but elite configurations are preserved.
     . All alive configurations are elite and nothing is discarded.

+-+-----------+-----------+-----------+----------------+-----------+--------+-----+----+------+
| |   Instance|      Alive|       Best|       Mean best| Exp so far|  W time|  rho|KenW|  Qvar|
+-+-----------+-----------+-----------+----------------+-----------+--------+-----+----+------+
|x|          8|         65|         45|     11.48741395|         65|00:00:26|   NA|  NA|    NA|
|x|          7|         65|         86|     33.99722485|        125|00:00:27|+0.48|0.74|0.3652|
|x|          2|         65|         86|     203.7935971|        185|00:03:47|+0.21|0.47|0.6138|
|x|          6|         65|         86|     177.0232583|        245|00:00:26|+0.31|0.49|0.5242|
|-|          1|         39|          7|     349.6347756|        305|00:04:06|-0.05|0.16|1.0196|
|=|          5|         39|          7|     128756.5847|        339|00:00:13|-0.00|0.17|0.9872|
|=|          3|         39|         86|     129349.7415|        373|00:02:16|-0.01|0.14|0.9740|
|=|          4|         39|         86|     113181.4563|        407|00:00:12|+0.04|0.16|0.9473|
|-|          9|         23|         86|     100605.8310|        446|00:00:14|+0.02|0.13|0.9830|
|=|         10|         23|          7|     77299.54529|        469|00:00:08|+0.03|0.12|0.9696|
|=|         11|         23|          7|     72228.66538|        492|00:00:09|-0.00|0.09|0.9747|
+-+-----------+-----------+-----------+----------------+-----------+--------+-----+----+------+
Best-so-far configuration:           7    mean value:      72228.66538
Description of the best-so-far configuration:
  .ID. particles topology modInfluence branching tSchedule phi1 phi2 inertia
7    7         5        1            2        NA        NA 1.28  2.3    0.28
  .PARENT.
7       NA

# 2026-01-26 15:52:04 -03: Elite configurations (first number is the configuration ID; listed from best to worst according to the sum of ranks):
    particles topology modInfluence branching tSchedule phi1 phi2 inertia
7           5        1            2        NA        NA 1.28 2.30    0.28
119        88        4            2        NA        NA 2.25 1.76    0.52
80         45        0            1        NA        NA 2.45 2.10    0.48
112        10        0            0        NA        NA 1.66 2.39    0.27
45         14        3            1        NA        NA 1.47 1.64    0.21
# 2026-01-26 15:52:04 -03: Iteration 3 of 5
# experimentsUsed: 881
# remainingBudget: 3119
# currentBudget: 1039
# nbConfigurations: 65
# Markers:
     x No test is performed.
     c Configurations are discarded only due to capping.
     - The test is performed and some configurations are discarded.
     = The test is performed but no configuration is discarded.
     ! The test is performed and configurations could be discarded but elite configurations are preserved.
     . All alive configurations are elite and nothing is discarded.

+-+-----------+-----------+-----------+----------------+-----------+--------+-----+----+------+
| |   Instance|      Alive|       Best|       Mean best| Exp so far|  W time|  rho|KenW|  Qvar|
+-+-----------+-----------+-----------+----------------+-----------+--------+-----+----+------+
|x|         12|         65|        170|     26.95034111|         65|00:00:11|   NA|  NA|    NA|
|x|          5|         65|         80|     348028.2553|        125|00:00:10|+0.25|0.62|0.0178|
|x|          6|         65|         80|     232043.9088|        185|00:00:10|+0.49|0.66|0.0138|
|x|          2|         65|        129|     192823.8062|        245|00:03:23|+0.12|0.34|0.3602|
|-|          9|         40|        128|     135791.4721|        305|00:00:11|-0.06|0.16|1.0622|
|=|          7|         40|        128|     113169.5575|        340|00:00:07|+0.02|0.18|0.9885|
|=|         11|         40|        128|     100303.7295|        375|00:00:09|-0.04|0.11|1.0444|
|=|          3|         40|        170|     107671.2082|        410|00:02:12|-0.03|0.10|1.0187|
|=|          4|         40|        170|     95708.06933|        445|00:00:06|-0.01|0.11|0.9913|
|=|         10|         40|        128|     70269.16337|        480|00:00:06|-0.01|0.09|0.9885|
|=|          8|         40|         80|     65429.23336|        515|00:00:06|+0.01|0.10|0.9643|
|=|          1|         40|        170|     71881.65819|        550|00:02:27|-0.01|0.07|0.9715|
|=|         13|         40|        170|     66423.68752|        590|00:02:22|+0.00|0.08|0.9550|
+-+-----------+-----------+-----------+----------------+-----------+--------+-----+----+------+
Best-so-far configuration:         170    mean value:      66423.68752
Description of the best-so-far configuration:
    .ID. particles topology modInfluence branching tSchedule phi1 phi2 inertia
170  170        29        1            1        NA        NA    2 2.44    0.33
    .PARENT.
170       80

# 2026-01-26 16:03:49 -03: Elite configurations (first number is the configuration ID; listed from best to worst according to the sum of ranks):
    particles topology modInfluence branching tSchedule phi1 phi2 inertia
170        29        1            1        NA        NA 2.00 2.44    0.33
130        33        1            1        NA        NA 2.41 2.06    0.40
129        95        4            2        NA        NA 2.28 1.92    0.53
128        24        0            1        NA        NA 1.77 2.01    0.18
80         45        0            1        NA        NA 2.45 2.10    0.48
# 2026-01-26 16:03:49 -03: Iteration 4 of 5
# experimentsUsed: 1471
# remainingBudget: 2529
# currentBudget: 1264
# nbConfigurations: 65
# Markers:
     x No test is performed.
     c Configurations are discarded only due to capping.
     - The test is performed and some configurations are discarded.
     = The test is performed but no configuration is discarded.
     ! The test is performed and configurations could be discarded but elite configurations are preserved.
     . All alive configurations are elite and nothing is discarded.

+-+-----------+-----------+-----------+----------------+-----------+--------+-----+----+------+
| |   Instance|      Alive|       Best|       Mean best| Exp so far|  W time|  rho|KenW|  Qvar|
+-+-----------+-----------+-----------+----------------+-----------+--------+-----+----+------+
|x|         14|         65|        237|     3.345794156|         65|00:00:22|   NA|  NA|    NA|
|x|          8|         65|        233|     7.733278210|        125|00:00:20|+0.20|0.60|0.7699|
|x|         13|         65|        199|     277.6052075|        185|00:03:43|+0.01|0.34|0.6160|
|x|          5|         65|        233|     136944.9338|        245|00:00:21|+0.12|0.34|0.7395|
|-|          9|         29|        233|     109556.0753|        305|00:00:23|-0.03|0.17|0.9261|
|=|         11|         29|        233|     94974.40936|        329|00:00:16|-0.10|0.09|1.0281|
|=|          2|         29|        130|     95373.83858|        353|00:01:50|-0.08|0.08|1.0264|
|=|          3|         29|        201|     80143.14838|        377|00:01:52|-0.05|0.08|1.0109|
|=|          7|         29|        202|     75502.17209|        401|00:00:15|-0.07|0.05|1.0035|
|=|         10|         29|        201|     64125.19850|        425|00:00:14|-0.07|0.04|1.0238|
|=|          4|         29|        201|     58295.89002|        449|00:00:13|-0.06|0.04|0.9958|
|=|          1|         29|        201|     53531.01246|        473|00:02:02|-0.06|0.03|0.9959|
|=|          6|         29|        201|     49419.59320|        497|00:00:14|-0.05|0.03|0.9980|
|=|         12|         29|        201|     45892.40083|        521|00:00:14|-0.05|0.03|0.9882|
|=|         15|         29|        201|     42847.83240|        550|00:00:18|-0.04|0.03|0.9882|
+-+-----------+-----------+-----------+----------------+-----------+--------+-----+----+------+
Best-so-far configuration:         201    mean value:      42847.83240
Description of the best-so-far configuration:
    .ID. particles topology modInfluence branching tSchedule phi1 phi2 inertia
201  201        15        4            1        NA        NA 1.89 2.38    0.31
    .PARENT.
201      170

# 2026-01-26 16:16:34 -03: Elite configurations (first number is the configuration ID; listed from best to worst according to the sum of ranks):
    particles topology modInfluence branching tSchedule phi1 phi2 inertia
201        15        4            1        NA        NA 1.89 2.38    0.31
234        48        1            1        NA        NA 2.21 2.08    0.37
202        44        1            1        NA        NA 2.25 2.00    0.26
196        44        1            1        NA        NA 2.29 2.18    0.41
80         45        0            1        NA        NA 2.45 2.10    0.48
# 2026-01-26 16:16:34 -03: Iteration 5 of 5
# experimentsUsed: 2021
# remainingBudget: 1979
# currentBudget: 1979
# nbConfigurations: 65
# Markers:
     x No test is performed.
     c Configurations are discarded only due to capping.
     - The test is performed and some configurations are discarded.
     = The test is performed but no configuration is discarded.
     ! The test is performed and configurations could be discarded but elite configurations are preserved.
     . All alive configurations are elite and nothing is discarded.

+-+-----------+-----------+-----------+----------------+-----------+--------+-----+----+------+
| |   Instance|      Alive|       Best|       Mean best| Exp so far|  W time|  rho|KenW|  Qvar|
+-+-----------+-----------+-----------+----------------+-----------+--------+-----+----+------+
|x|         16|         65|        284|     442.5566092|         65|00:03:55|   NA|  NA|    NA|
|x|         15|         65|        276|     314.4182300|        125|00:00:19|-0.13|0.44|1.0681|
|x|          5|         65|        276|     209765.1943|        185|00:00:15|-0.10|0.27|1.0765|
|x|         14|         65|        276|     157325.0378|        245|00:00:15|-0.01|0.24|0.9757|
|=|          4|         65|        259|     127326.7847|        305|00:00:15|+0.04|0.23|1.0008|
|=|          1|         65|        259|     106305.0898|        365|00:03:58|+0.01|0.18|1.0001|
|=|         13|         65|        259|     91252.62611|        425|00:03:36|+0.01|0.15|0.9717|
|=|          8|         65|        296|     89314.28632|        485|00:00:16|+0.01|0.14|0.9743|
|=|          2|         65|        296|     79449.94666|        545|00:03:33|+0.01|0.12|0.9522|
|=|         10|         65|        296|     71507.11754|        605|00:00:16|+0.03|0.12|0.9393|
|=|         12|         65|        296|     65014.12567|        665|00:00:16|-0.00|0.09|0.9205|
|=|          3|         65|        296|     59617.96914|        725|00:03:33|+0.01|0.09|0.9209|
|=|         11|         65|        296|     56314.63649|        785|00:00:18|+0.01|0.09|0.9160|
|=|          7|         65|        276|     46590.46989|        845|00:00:16|+0.01|0.08|0.9203|
|=|          9|         65|        276|     43484.48631|        905|00:00:16|+0.01|0.07|0.9159|
|=|          6|         65|        276|     40772.45514|        965|00:00:15|+0.01|0.08|0.9204|
|=|         17|         65|        276|     38374.86187|       1030|00:00:16|+0.02|0.07|0.9407|
+-+-----------+-----------+-----------+----------------+-----------+--------+-----+----+------+
Best-so-far configuration:         276    mean value:      38374.86187
Description of the best-so-far configuration:
    .ID. particles topology modInfluence branching tSchedule phi1 phi2 inertia
276  276        37        1            1        NA        NA  2.4 1.94    0.24
    .PARENT.
276      202

# 2026-01-26 16:38:30 -03: Elite configurations (first number is the configuration ID; listed from best to worst according to the sum of ranks):
    particles topology modInfluence branching tSchedule phi1 phi2 inertia
276        37        1            1        NA        NA 2.40 1.94    0.24
201        15        4            1        NA        NA 1.89 2.38    0.31
252        46        1            1        NA        NA 2.23 1.69    0.42
270        45        1            1        NA        NA 2.46 2.16    0.45
259        38        1            1        NA        NA 2.23 2.05    0.20
# 2026-01-26 16:38:30 -03: There is not enough budget to enforce the value of nbConfigurations, returning to default behaviour nbConfigurations:57.
# Iteration: 6
# nbIterations: 6
# experimentsUsed: 3051
# timeUsed: 0
# remainingBudget: 949
# currentBudget: 949
# number of elites: 5
# nbConfigurations: 57
# 2026-01-26 16:38:30 -03: Iteration 6 of 6
# experimentsUsed: 3051
# remainingBudget: 949
# currentBudget: 949
# nbConfigurations: 57
# Markers:
     x No test is performed.
     c Configurations are discarded only due to capping.
     - The test is performed and some configurations are discarded.
     = The test is performed but no configuration is discarded.
     ! The test is performed and configurations could be discarded but elite configurations are preserved.
     . All alive configurations are elite and nothing is discarded.

+-+-----------+-----------+-----------+----------------+-----------+--------+-----+----+------+
| |   Instance|      Alive|       Best|       Mean best| Exp so far|  W time|  rho|KenW|  Qvar|
+-+-----------+-----------+-----------+----------------+-----------+--------+-----+----+------+
|x|         18|         57|        340|     67049.12676|         57|00:00:09|   NA|  NA|    NA|
|x|          4|         57|        340|     33526.05182|        109|00:00:07|-0.31|0.35|1.3028|
|x|         13|         57|        340|     22656.04040|        161|00:03:23|-0.16|0.23|1.1753|
|x|         14|         57|        340|     16993.24561|        213|00:00:08|+0.01|0.26|1.0553|
|=|          1|         57|        340|     13820.40413|        265|00:03:40|+0.02|0.22|1.0206|
|=|         12|         57|        340|     11521.84352|        317|00:00:09|-0.01|0.16|1.0275|
|=|          8|         57|        340|     9877.675979|        369|00:00:08|+0.02|0.16|1.0161|
|=|          9|         57|        340|     8643.056222|        421|00:00:09|+0.03|0.15|1.0015|
|-|          5|         36|        340|     102485.1251|        473|00:00:08|-0.05|0.06|1.0382|
|=|         17|         36|        339|     94874.89540|        504|00:00:05|-0.03|0.07|1.0102|
|=|         16|         36|        339|     86292.31293|        535|00:02:08|-0.02|0.07|1.0084|
|=|          7|         36|        339|     79105.04852|        566|00:00:06|-0.01|0.07|0.9916|
|=|         15|         36|        339|     73033.94306|        597|00:00:07|+0.00|0.08|0.9723|
|=|          2|         36|        339|     67904.21780|        628|00:02:12|-0.01|0.07|0.9781|
|=|          3|         36|        339|     63394.51117|        659|00:02:10|+0.01|0.08|0.9618|
|=|         10|         36|        339|     59434.11062|        690|00:00:05|+0.00|0.06|0.9773|
|=|         11|         36|        276|     42813.26393|        721|00:00:07|+0.01|0.06|0.9720|
|=|          6|         36|        276|     40439.85969|        752|00:00:05|+0.01|0.06|0.9612|
|=|         19|         36|        276|     38375.55024|        788|00:02:14|+0.01|0.06|0.9538|
+-+-----------+-----------+-----------+----------------+-----------+--------+-----+----+------+
Best-so-far configuration:         276    mean value:      38375.55024
Description of the best-so-far configuration:
    .ID. particles topology modInfluence branching tSchedule phi1 phi2 inertia
276  276        37        1            1        NA        NA  2.4 1.94    0.24
    .PARENT.
276      202

# 2026-01-26 16:56:01 -03: Elite configurations (first number is the configuration ID; listed from best to worst according to the sum of ranks):
    particles topology modInfluence branching tSchedule phi1 phi2 inertia
276        37        1            1        NA        NA 2.40 1.94    0.24
339        37        1            1        NA        NA 2.33 2.04    0.27
340        40        1            1        NA        NA 2.47 2.15    0.44
270        45        1            1        NA        NA 2.46 2.16    0.45
310        37        1            1        NA        NA 2.37 1.84    0.24
# 2026-01-26 16:56:01 -03: There is not enough budget to enforce the value of nbConfigurations, returning to default behaviour nbConfigurations:12.
# Iteration: 7
# nbIterations: 7
# experimentsUsed: 3839
# timeUsed: 0
# remainingBudget: 161
# currentBudget: 161
# number of elites: 5
# nbConfigurations: 12
# 2026-01-26 16:56:01 -03: Iteration 7 of 7
# experimentsUsed: 3839
# remainingBudget: 161
# currentBudget: 161
# nbConfigurations: 12
# Markers:
     x No test is performed.
     c Configurations are discarded only due to capping.
     - The test is performed and some configurations are discarded.
     = The test is performed but no configuration is discarded.
     ! The test is performed and configurations could be discarded but elite configurations are preserved.
     . All alive configurations are elite and nothing is discarded.

+-+-----------+-----------+-----------+----------------+-----------+--------+-----+----+------+
| |   Instance|      Alive|       Best|       Mean best| Exp so far|  W time|  rho|KenW|  Qvar|
+-+-----------+-----------+-----------+----------------+-----------+--------+-----+----+------+
|x|         20|         12|        340|     287.1977325|         12|00:00:02|   NA|  NA|    NA|
|x|          3|         12|        340|     268.7343108|         19|00:00:31|-0.25|0.37|1.1576|
|x|         13|         12|        270|     458.6858360|         26|00:00:33|+0.16|0.44|0.8358|
|x|         15|         12|        340|     409.4374598|         33|00:00:02|+0.13|0.35|0.8316|
|=|          5|         12|        276|     126075.9909|         40|00:00:01|-0.10|0.12|1.0267|
|=|         17|         12|        270|     150460.0088|         47|00:00:01|-0.10|0.09|0.9996|
|=|          7|         12|        276|     90062.63692|         54|00:00:01|-0.06|0.09|0.9683|
|=|          4|         12|        276|     78805.19178|         61|00:00:01|-0.06|0.08|0.9559|
|=|          6|         12|        358|     91205.05966|         68|00:00:01|-0.07|0.05|0.9720|
|=|         11|         12|        358|     84106.51154|         75|00:00:02|-0.05|0.06|0.9571|
|=|         19|         12|        358|     76569.36848|         82|00:00:32|-0.05|0.05|0.9493|
|=|          8|         12|        358|     70189.63345|         89|00:00:01|-0.05|0.04|0.9441|
|=|         12|         12|        358|     64792.40185|         96|00:00:01|-0.02|0.05|0.9228|
|=|          9|         12|        358|     60164.41914|        103|00:00:01|-0.00|0.07|0.9032|
|=|         10|         12|        358|     56155.36868|        110|00:00:01|+0.01|0.07|0.8955|
|=|         14|         12|        339|     55815.17392|        117|00:00:01|+0.00|0.07|0.8924|
|=|         16|         12|        339|     52559.36888|        124|00:00:31|+0.03|0.08|0.8768|
|=|          1|         12|        339|     49706.10384|        131|00:00:34|+0.02|0.07|0.8854|
|=|         18|         12|        339|     51136.01819|        138|00:00:01|+0.01|0.06|0.8940|
|=|          2|         12|        358|     46114.54479|        145|00:00:32|+0.00|0.05|0.8997|
|=|         21|         12|        340|     45057.26091|        157|00:00:04|-0.00|0.05|0.9057|
+-+-----------+-----------+-----------+----------------+-----------+--------+-----+----+------+
Best-so-far configuration:         340    mean value:      45057.26091
Description of the best-so-far configuration:
    .ID. particles topology modInfluence branching tSchedule phi1 phi2 inertia
340  340        40        1            1        NA        NA 2.47 2.15    0.44
    .PARENT.
340      270

# 2026-01-26 16:59:46 -03: Elite configurations (first number is the configuration ID; listed from best to worst according to the sum of ranks):
    particles topology modInfluence branching tSchedule phi1 phi2 inertia
340        40        1            1        NA        NA 2.47 2.15    0.44
339        37        1            1        NA        NA 2.33 2.04    0.27
358        48        1            1        NA        NA 2.50 2.02    0.22
276        37        1            1        NA        NA 2.40 1.94    0.24
270        45        1            1        NA        NA 2.46 2.16    0.45
# 2026-01-26 16:59:46 -03: There is not enough budget to enforce the value of nbConfigurations, returning to default behaviour nbConfigurations:5.
# Iteration: 8
# nbIterations: 8
# experimentsUsed: 3996
# timeUsed: 0
# remainingBudget: 4
# currentBudget: 4
# number of elites: 5
# nbConfigurations: 5
# 2026-01-26 16:59:46 -03: Stopped because there is not enough budget left to race more than the minimum (5).
# You may either increase the budget or set 'minNbSurvival' to a lower value.
# Iteration: 8
# nbIterations: 8
# experimentsUsed: 3996
# timeUsed: 0
# remainingBudget: 4
# currentBudget: 4
# number of elites: 5
# nbConfigurations: 5
# Total CPU user time: 49378.38, CPU sys time: 256.533, Wall-clock time: 5729.334
# 2026-01-26 16:59:46 -03: Starting post-selection:
# Configurations selected: 340, 339, 358, 276.
# Pending instances: 0, 0, 0, 0.
# 2026-01-26 16:59:46 -03: seed: 400031
# Configurations: 4
# Available experiments: 4
# minSurvival: 1
# Markers:
     x No test is performed.
     c Configurations are discarded only due to capping.
     - The test is performed and some configurations are discarded.
     = The test is performed but no configuration is discarded.
     ! The test is performed and configurations could be discarded but elite configurations are preserved.
     . All alive configurations are elite and nothing is discarded.

+-+-----------+-----------+-----------+----------------+-----------+--------+-----+----+------+
| |   Instance|      Alive|       Best|       Mean best| Exp so far|  W time|  rho|KenW|  Qvar|
+-+-----------+-----------+-----------+----------------+-----------+--------+-----+----+------+
|.|          5|          4|        276|     628666.7465|          0|00:00:00|   NA|  NA|    NA|
|.|          1|          4|        276|     314930.9429|          0|00:00:00|+0.00|0.50|0.7985|
|.|          9|          4|        276|     209954.2007|          0|00:00:00|+0.13|0.42|0.9581|
|.|         14|          4|        276|     157466.7926|          0|00:00:00|-0.10|0.17|0.9446|
|.|         10|          4|        276|     125979.0695|          0|00:00:00|-0.06|0.15|0.8190|
|.|          2|          4|        276|     105183.4550|          0|00:00:00|-0.11|0.08|0.8798|
|.|         12|          4|        276|     90161.48995|          0|00:00:00|-0.12|0.04|0.8566|
|.|          3|          4|        276|     78922.01861|          0|00:00:00|-0.09|0.04|0.8457|
|.|         18|          4|        276|     78546.77461|          0|00:00:00|-0.07|0.05|0.8345|
|.|         16|          4|        276|     70738.36701|          0|00:00:00|-0.04|0.06|0.8254|
|.|         13|          4|        276|     64392.24102|          0|00:00:00|-0.06|0.03|0.8226|
|.|          8|          4|        276|     59027.32064|          0|00:00:00|-0.08|0.01|0.8098|
|.|         20|          4|        276|     54515.24750|          0|00:00:00|-0.08|0.01|0.8051|
|.|         17|          4|        276|     50622.25622|          0|00:00:00|-0.08|0.00|0.7935|
|.|         11|          4|        276|     48532.10057|          0|00:00:00|-0.07|0.00|0.7982|
|.|         19|          4|        276|     45574.96805|          0|00:00:00|-0.07|0.00|0.7897|
|.|          7|          4|        276|     42896.74254|          0|00:00:00|-0.06|0.00|0.7832|
|.|          6|          4|        276|     40518.70060|          0|00:00:00|-0.06|0.00|0.7861|
|.|          4|          4|        276|     38386.29930|          0|00:00:00|-0.05|0.00|0.7875|
|.|         21|          4|        276|     36528.27373|          0|00:00:00|-0.05|0.00|0.7845|
|.|         15|          4|        276|     34796.74345|          0|00:00:00|-0.05|0.00|0.7861|
|=|         22|          4|        276|     33215.08680|          4|00:00:01|-0.05|0.00|0.7835|
+-+-----------+-----------+-----------+----------------+-----------+--------+-----+----+------+
Best-so-far configuration:         276    mean value:      33215.08680
Description of the best-so-far configuration:
    .ID. particles topology modInfluence branching tSchedule phi1 phi2 inertia
276  276        37        1            1        NA        NA  2.4 1.94    0.24
    .PARENT.
276      202

# 2026-01-26 16:59:47 -03: Elite configurations (first number is the configuration ID; listed from best to worst according to the sum of ranks):
    particles topology modInfluence branching tSchedule phi1 phi2 inertia
276        37        1            1        NA        NA 2.40 1.94    0.24
339        37        1            1        NA        NA 2.33 2.04    0.27
340        40        1            1        NA        NA 2.47 2.15    0.44
358        48        1            1        NA        NA 2.50 2.02    0.22
# Total CPU user time: 49383.76, CPU sys time: 256.773, Wall-clock time: 5730.839
    .ID. particles topology modInfluence branching tSchedule phi1 phi2 inertia
276  276        37        1            1        NA        NA 2.40 1.94    0.24
339  339        37        1            1        NA        NA 2.33 2.04    0.27
340  340        40        1            1        NA        NA 2.47 2.15    0.44
358  358        48        1            1        NA        NA 2.50 2.02    0.22
    .PARENT. .RANK. .WEIGHT.
276      202     54      0.4
339      276     54      0.3
340      270     55      0.2
358      276     57      0.1
