# 2026-01-17 15:05:36 -03: Reading parameter file '/home/pestobar/Activities/irace-executions/ACOTSP/Scenarios/BL-45/Runs/BL-45_seed_700099/parameters.txt'.
# 2026-01-17 15:05:36 -03: 1 expression(s) specifying forbidden configurations read.
# 2026-01-17 15:05:36 -03: Initialization
# Elitist race
# Elitist new instances: 1
# Elitist limit: 2
# nbIterations: 5
# minNbSurvival: 5
# nbParameters: 11
# seed: 700099
# confidence level: 0.95
# budget: 2750
# mu: 5
# deterministic: FALSE

# 2026-01-17 15:05:36 -03: Iteration 1 of 5
# experimentsUsed: 0
# remainingBudget: 2750
# currentBudget: 550
# nbConfigurations: 45
# Markers:
     x No test is performed.
     c Configurations are discarded only due to capping.
     - The test is performed and some configurations are discarded.
     = The test is performed but no configuration is discarded.
     ! The test is performed and configurations could be discarded but elite configurations are preserved.
     . All alive configurations are elite and nothing is discarded.

+-+-----------+-----------+-----------+----------------+-----------+--------+-----+----+------+
| |   Instance|      Alive|       Best|       Mean best| Exp so far|  W time|  rho|KenW|  Qvar|
+-+-----------+-----------+-----------+----------------+-----------+--------+-----+----+------+
|x|          1|         45|          5|     32881339.00|         45|00:03:37|   NA|  NA|    NA|
|x|          2|         45|          5|     32809546.50|         90|00:03:35|+0.97|0.99|0.0009|
|x|          3|         45|          5|     32800931.67|        135|00:03:39|+0.96|0.97|0.0009|
|x|          4|         45|          5|     32797774.50|        180|00:03:35|+0.96|0.97|0.0008|
|-|          5|          3|          5|     32803273.20|        225|00:03:41|+0.40|0.52|0.3136|
+-+-----------+-----------+-----------+----------------+-----------+--------+-----+----+------+
Best-so-far configuration:           5    mean value:      32803273.20
Description of the best-so-far configuration:
  .ID. algorithm localsearch alpha beta  rho ants   q0 rasrank elitistants nnls
5    5       acs           2     2 4.19 0.96   70 0.97      NA          NA   46
  dlb .PARENT.
5   0       NA

# 2026-01-17 15:23:46 -03: Elite configurations (first number is the configuration ID; listed from best to worst according to the sum of ranks):
   algorithm localsearch alpha beta  rho ants   q0 rasrank elitistants nnls dlb
5        acs           2  2.00 4.19 0.96   70 0.97      NA          NA   46   0
4        ras           3  3.87 5.44 0.59   58   NA      34          NA   17   1
27       acs           2  4.65 7.00 0.19    7 0.06      NA          NA   33   1
# 2026-01-17 15:23:46 -03: Iteration 2 of 5
# experimentsUsed: 225
# remainingBudget: 2525
# currentBudget: 631
# nbConfigurations: 45
# Markers:
     x No test is performed.
     c Configurations are discarded only due to capping.
     - The test is performed and some configurations are discarded.
     = The test is performed but no configuration is discarded.
     ! The test is performed and configurations could be discarded but elite configurations are preserved.
     . All alive configurations are elite and nothing is discarded.

+-+-----------+-----------+-----------+----------------+-----------+--------+-----+----+------+
| |   Instance|      Alive|       Best|       Mean best| Exp so far|  W time|  rho|KenW|  Qvar|
+-+-----------+-----------+-----------+----------------+-----------+--------+-----+----+------+
|x|          6|         45|         66|     32682520.00|         45|00:02:01|   NA|  NA|    NA|
|x|          3|         45|         64|     32657086.00|         87|00:02:18|+0.98|0.99|0.0020|
|x|          4|         45|         57|     32736014.33|        129|00:02:20|+0.98|0.98|0.0023|
|x|          2|         45|         57|     32714338.75|        171|00:02:23|+0.98|0.98|0.0031|
|-|          1|          7|         57|     32720673.20|        213|00:02:03|+0.34|0.47|0.3974|
|-|          5|          4|         57|     32726953.67|        217|00:01:26|+0.00|0.17|0.7508|
+-+-----------+-----------+-----------+----------------+-----------+--------+-----+----+------+
Best-so-far configuration:          57    mean value:      32726953.67
Description of the best-so-far configuration:
   .ID. algorithm localsearch alpha beta  rho ants   q0 rasrank elitistants
57   57       acs           3  3.58 5.01 0.74   25 0.08      NA          NA
   nnls dlb .PARENT.
57   44   0        4

# 2026-01-17 15:36:20 -03: Elite configurations (first number is the configuration ID; listed from best to worst according to the sum of ranks):
   algorithm localsearch alpha beta  rho ants   q0 rasrank elitistants nnls dlb
57       acs           3  3.58 5.01 0.74   25 0.08      NA          NA   44   0
64       acs           3  3.01 8.05 0.56   13 0.32      NA          NA   18   0
66       acs           3  3.15 2.26 0.75   82 0.96      NA          NA   21   1
56       acs           3  3.78 2.55 0.91   85 0.92      NA          NA   45   0
# 2026-01-17 15:36:20 -03: Iteration 3 of 5
# experimentsUsed: 442
# remainingBudget: 2308
# currentBudget: 769
# nbConfigurations: 45
# Markers:
     x No test is performed.
     c Configurations are discarded only due to capping.
     - The test is performed and some configurations are discarded.
     = The test is performed but no configuration is discarded.
     ! The test is performed and configurations could be discarded but elite configurations are preserved.
     . All alive configurations are elite and nothing is discarded.

+-+-----------+-----------+-----------+----------------+-----------+--------+-----+----+------+
| |   Instance|      Alive|       Best|       Mean best| Exp so far|  W time|  rho|KenW|  Qvar|
+-+-----------+-----------+-----------+----------------+-----------+--------+-----+----+------+
|x|          7|         45|        104|     32327813.00|         45|00:04:30|   NA|  NA|    NA|
|x|          6|         45|        110|     32514178.50|         86|00:03:35|+0.92|0.96|0.0015|
|x|          4|         45|        104|     32606171.00|        127|00:03:17|+0.92|0.94|0.0012|
|x|          1|         45|        104|     32642684.25|        168|00:04:01|+0.90|0.92|0.0012|
|-|          3|         10|        104|     32645129.40|        209|00:04:05|-0.08|0.14|0.8779|
|=|          2|         10|        104|     32627457.83|        215|00:01:20|-0.00|0.16|0.8166|
|=|          5|         10|        104|     32639334.86|        221|00:01:54|+0.00|0.15|0.8273|
|=|          8|         10|        104|     32683788.25|        231|00:02:02|+0.02|0.14|0.8462|
+-+-----------+-----------+-----------+----------------+-----------+--------+-----+----+------+
Best-so-far configuration:         104    mean value:      32683788.25
Description of the best-so-far configuration:
    .ID. algorithm localsearch alpha beta  rho ants   q0 rasrank elitistants
104  104       acs           3  3.69 0.04 0.64   66 0.96      NA          NA
    nnls dlb .PARENT.
104   23   0       56

# 2026-01-17 16:01:10 -03: Elite configurations (first number is the configuration ID; listed from best to worst according to the sum of ranks):
    algorithm localsearch alpha beta  rho ants   q0 rasrank elitistants nnls
104       acs           3  3.69 0.04 0.64   66 0.96      NA          NA   23
97        acs           3  3.10 1.11 0.68   63 0.80      NA          NA   50
119       acs           3  3.04 3.19 0.29   53 0.68      NA          NA   23
118       acs           3  2.61 8.71 0.56   31 0.66      NA          NA   10
126       ras           3  2.86 1.05 0.73   44   NA      25          NA   46
    dlb
104   0
97    0
119   1
118   1
126   0
# 2026-01-17 16:01:10 -03: Iteration 4 of 5
# experimentsUsed: 673
# remainingBudget: 2077
# currentBudget: 1038
# nbConfigurations: 45
# Markers:
     x No test is performed.
     c Configurations are discarded only due to capping.
     - The test is performed and some configurations are discarded.
     = The test is performed but no configuration is discarded.
     ! The test is performed and configurations could be discarded but elite configurations are preserved.
     . All alive configurations are elite and nothing is discarded.

+-+-----------+-----------+-----------+----------------+-----------+--------+-----+----+------+
| |   Instance|      Alive|       Best|       Mean best| Exp so far|  W time|  rho|KenW|  Qvar|
+-+-----------+-----------+-----------+----------------+-----------+--------+-----+----+------+
|x|          9|         45|        166|     32638083.00|         45|00:04:51|   NA|  NA|    NA|
|x|          2|         45|        118|     32619097.50|         85|00:04:49|+0.91|0.95|0.0017|
|x|          1|         45|        166|     32664771.33|        125|00:04:33|+0.90|0.93|0.0021|
|x|          6|         45|        119|     32656898.75|        165|00:04:58|+0.90|0.92|0.0034|
|-|          5|         11|        131|     32665255.40|        205|00:04:51|-0.15|0.08|1.0454|
|=|          7|         11|        131|     32610792.00|        211|00:02:22|-0.06|0.11|0.9495|
|=|          4|         11|        131|     32642760.86|        217|00:02:21|-0.02|0.13|0.9124|
|=|          3|         11|        131|     32648185.88|        223|00:02:19|+0.03|0.15|0.8663|
|=|          8|         11|        131|     32682130.78|        229|00:02:04|+0.04|0.15|0.8567|
|=|         10|         11|        131|     32699662.10|        240|00:02:40|+0.04|0.14|0.8494|
+-+-----------+-----------+-----------+----------------+-----------+--------+-----+----+------+
Best-so-far configuration:         131    mean value:      32699662.10
Description of the best-so-far configuration:
    .ID. algorithm localsearch alpha beta  rho ants   q0 rasrank elitistants
131  131       acs           3  2.93 4.76 0.56   63 0.65      NA          NA
    nnls dlb .PARENT.
131   42   0       97

# 2026-01-17 16:37:03 -03: Elite configurations (first number is the configuration ID; listed from best to worst according to the sum of ranks):
    algorithm localsearch alpha beta  rho ants   q0 rasrank elitistants nnls
131       acs           3  2.93 4.76 0.56   63 0.65      NA          NA   42
158       acs           3  1.80 7.63 0.61   43 0.98      NA          NA    8
119       acs           3  3.04 3.19 0.29   53 0.68      NA          NA   23
104       acs           3  3.69 0.04 0.64   66 0.96      NA          NA   23
118       acs           3  2.61 8.71 0.56   31 0.66      NA          NA   10
    dlb
131   0
158   1
119   1
104   0
118   1
# 2026-01-17 16:37:03 -03: Iteration 5 of 5
# experimentsUsed: 913
# remainingBudget: 1837
# currentBudget: 1837
# nbConfigurations: 45
# Markers:
     x No test is performed.
     c Configurations are discarded only due to capping.
     - The test is performed and some configurations are discarded.
     = The test is performed but no configuration is discarded.
     ! The test is performed and configurations could be discarded but elite configurations are preserved.
     . All alive configurations are elite and nothing is discarded.

+-+-----------+-----------+-----------+----------------+-----------+--------+-----+----+------+
| |   Instance|      Alive|       Best|       Mean best| Exp so far|  W time|  rho|KenW|  Qvar|
+-+-----------+-----------+-----------+----------------+-----------+--------+-----+----+------+
|x|         11|         45|        131|     32883696.00|         45|00:05:21|   NA|  NA|    NA|
|x|          7|         45|        131|     32611085.50|         85|00:05:27|+0.68|0.84|0.0918|
|x|          1|         45|        131|     32653649.00|        125|00:04:58|+0.72|0.81|0.0893|
|x|          9|         45|        131|     32657613.50|        165|00:05:05|+0.72|0.79|0.0861|
|-|         10|         11|        131|     32697579.60|        205|00:05:28|-0.01|0.20|0.9386|
|=|          5|         11|        131|     32688205.50|        211|00:01:32|+0.03|0.19|0.9066|
|=|          3|         11|        131|     32687913.43|        217|00:01:37|-0.04|0.11|0.9490|
|=|          8|         11|        131|     32721135.50|        223|00:01:41|+0.01|0.13|0.9017|
|=|          4|         11|        131|     32733739.78|        229|00:01:35|+0.00|0.11|0.9136|
|=|          2|         11|        181|     32718898.80|        235|00:01:26|-0.02|0.08|0.9349|
|=|          6|         11|        131|     32716392.45|        241|00:01:45|-0.03|0.06|0.9381|
|=|         12|         11|        131|     32710139.67|        252|00:01:57|-0.05|0.04|0.9502|
+-+-----------+-----------+-----------+----------------+-----------+--------+-----+----+------+
Best-so-far configuration:         131    mean value:      32710139.67
Description of the best-so-far configuration:
    .ID. algorithm localsearch alpha beta  rho ants   q0 rasrank elitistants
131  131       acs           3  2.93 4.76 0.56   63 0.65      NA          NA
    nnls dlb .PARENT.
131   42   0       97

# 2026-01-17 17:15:01 -03: Elite configurations (first number is the configuration ID; listed from best to worst according to the sum of ranks):
    algorithm localsearch alpha beta  rho ants   q0 rasrank elitistants nnls
131       acs           3  2.93 4.76 0.56   63 0.65      NA          NA   42
181       acs           3  3.69 4.58 0.70   67 0.67      NA          NA   45
196       acs           3  2.58 5.31 0.61   54 0.56      NA          NA   30
119       acs           3  3.04 3.19 0.29   53 0.68      NA          NA   23
118       acs           3  2.61 8.71 0.56   31 0.66      NA          NA   10
    dlb
131   0
181   0
196   0
119   1
118   1
# 2026-01-17 17:15:01 -03: Iteration 6 of 6
# experimentsUsed: 1165
# remainingBudget: 1585
# currentBudget: 1585
# nbConfigurations: 45
# Markers:
     x No test is performed.
     c Configurations are discarded only due to capping.
     - The test is performed and some configurations are discarded.
     = The test is performed but no configuration is discarded.
     ! The test is performed and configurations could be discarded but elite configurations are preserved.
     . All alive configurations are elite and nothing is discarded.

+-+-----------+-----------+-----------+----------------+-----------+--------+-----+----+------+
| |   Instance|      Alive|       Best|       Mean best| Exp so far|  W time|  rho|KenW|  Qvar|
+-+-----------+-----------+-----------+----------------+-----------+--------+-----+----+------+
|x|         13|         45|        218|     32716210.00|         45|00:06:17|   NA|  NA|    NA|
|x|          3|         45|        119|     32677943.00|         85|00:05:39|+0.26|0.63|0.5548|
|x|          4|         45|        209|     32690750.33|        125|00:05:34|+0.25|0.50|0.5241|
|x|          7|         45|        209|     32604431.00|        165|00:06:41|+0.22|0.42|0.5008|
|-|         11|         23|        209|     32668453.20|        205|00:06:11|-0.08|0.14|1.0162|
|=|          5|         23|        209|     32661481.00|        223|00:03:29|-0.04|0.13|0.9789|
|=|         12|         23|        209|     32651366.43|        241|00:03:05|+0.01|0.15|0.9447|
|=|         10|         23|        209|     32685658.25|        259|00:03:21|+0.03|0.15|0.9183|
|=|          1|         23|        209|     32693026.89|        277|00:02:45|+0.03|0.14|0.9153|
|=|          9|         23|        209|     32694897.60|        295|00:02:51|+0.04|0.13|0.9101|
|-|          2|         17|        181|     32692294.36|        313|00:03:14|-0.05|0.05|0.9933|
|=|          6|         17|        209|     32682431.83|        325|00:02:06|-0.04|0.05|0.9873|
|=|          8|         17|        209|     32699252.08|        337|00:02:18|-0.02|0.06|0.9633|
|=|         14|         17|        209|     32693881.71|        354|00:03:20|-0.02|0.06|0.9571|
+-+-----------+-----------+-----------+----------------+-----------+--------+-----+----+------+
Best-so-far configuration:         209    mean value:      32693881.71
Description of the best-so-far configuration:
    .ID. algorithm localsearch alpha beta  rho ants  q0 rasrank elitistants
209  209       acs           3  2.04  8.5 0.66   23 0.8      NA          NA
    nnls dlb .PARENT.
209   10   1      118

# 2026-01-17 18:11:59 -03: Elite configurations (first number is the configuration ID; listed from best to worst according to the sum of ranks):
    algorithm localsearch alpha beta  rho ants   q0 rasrank elitistants nnls
209       acs           3  2.04 8.50 0.66   23 0.80      NA          NA   10
181       acs           3  3.69 4.58 0.70   67 0.67      NA          NA   45
224       acs           3  3.38 5.19 0.56   64 0.50      NA          NA   42
131       acs           3  2.93 4.76 0.56   63 0.65      NA          NA   42
119       acs           3  3.04 3.19 0.29   53 0.68      NA          NA   23
    dlb
209   1
181   0
224   0
131   0
119   1
# 2026-01-17 18:11:59 -03: Iteration 7 of 7
# experimentsUsed: 1519
# remainingBudget: 1231
# currentBudget: 1231
# nbConfigurations: 45
# Markers:
     x No test is performed.
     c Configurations are discarded only due to capping.
     - The test is performed and some configurations are discarded.
     = The test is performed but no configuration is discarded.
     ! The test is performed and configurations could be discarded but elite configurations are preserved.
     . All alive configurations are elite and nothing is discarded.

+-+-----------+-----------+-----------+----------------+-----------+--------+-----+----+------+
| |   Instance|      Alive|       Best|       Mean best| Exp so far|  W time|  rho|KenW|  Qvar|
+-+-----------+-----------+-----------+----------------+-----------+--------+-----+----+------+
|x|         15|         45|        261|     32542068.00|         45|00:06:02|   NA|  NA|    NA|
|x|          6|         45|        262|     32581861.00|         85|00:05:29|+0.19|0.59|0.6936|
|x|         10|         45|        262|     32663891.67|        125|00:05:19|+0.33|0.56|0.5315|
|x|          9|         45|        262|     32670670.25|        165|00:06:12|+0.22|0.42|0.6387|
|-|         12|         29|        262|     32670058.20|        205|00:06:53|-0.09|0.13|1.0132|
|=|         13|         29|        119|     32689754.83|        229|00:04:01|-0.06|0.12|1.0088|
|=|          3|         29|        119|     32678696.14|        253|00:03:38|-0.05|0.10|0.9933|
|=|          1|         29|        119|     32685117.50|        277|00:03:56|-0.03|0.10|0.9783|
|=|          7|         29|        119|     32653666.67|        301|00:04:05|-0.01|0.10|0.9604|
|=|          4|         29|        209|     32663772.60|        325|00:03:43|-0.01|0.09|0.9580|
|=|          5|         29|        209|     32660395.09|        349|00:04:30|+0.02|0.11|0.9334|
|=|         14|         29|        209|     32657367.75|        373|00:03:49|+0.03|0.11|0.9258|
|=|          8|         29|        209|     32676116.00|        397|00:03:24|+0.04|0.11|0.9172|
|-|          2|         14|        209|     32671713.50|        421|00:03:58|-0.03|0.05|0.9410|
|=|         11|         14|        209|     32688568.73|        430|00:01:58|-0.02|0.05|0.9318|
|=|         16|         14|        209|     32682240.06|        444|00:02:01|-0.02|0.04|0.9345|
+-+-----------+-----------+-----------+----------------+-----------+--------+-----+----+------+
Best-so-far configuration:         209    mean value:      32682240.06
Description of the best-so-far configuration:
    .ID. algorithm localsearch alpha beta  rho ants  q0 rasrank elitistants
209  209       acs           3  2.04  8.5 0.66   23 0.8      NA          NA
    nnls dlb .PARENT.
209   10   1      118

# 2026-01-17 19:21:07 -03: Elite configurations (first number is the configuration ID; listed from best to worst according to the sum of ranks):
    algorithm localsearch alpha beta  rho ants   q0 rasrank elitistants nnls
209       acs           3  2.04 8.50 0.66   23 0.80      NA          NA   10
181       acs           3  3.69 4.58 0.70   67 0.67      NA          NA   45
224       acs           3  3.38 5.19 0.56   64 0.50      NA          NA   42
264       acs           3  1.89 8.42 0.50   26 0.85      NA          NA   10
119       acs           3  3.04 3.19 0.29   53 0.68      NA          NA   23
    dlb
209   1
181   0
224   0
264   1
119   1
# 2026-01-17 19:21:07 -03: Iteration 8 of 8
# experimentsUsed: 1963
# remainingBudget: 787
# currentBudget: 787
# nbConfigurations: 45
# Markers:
     x No test is performed.
     c Configurations are discarded only due to capping.
     - The test is performed and some configurations are discarded.
     = The test is performed but no configuration is discarded.
     ! The test is performed and configurations could be discarded but elite configurations are preserved.
     . All alive configurations are elite and nothing is discarded.

+-+-----------+-----------+-----------+----------------+-----------+--------+-----+----+------+
| |   Instance|      Alive|       Best|       Mean best| Exp so far|  W time|  rho|KenW|  Qvar|
+-+-----------+-----------+-----------+----------------+-----------+--------+-----+----+------+
|x|         17|         45|        299|     32445113.00|         45|00:05:00|   NA|  NA|    NA|
|x|         10|         45|        299|     32647868.00|         85|00:06:13|+0.28|0.64|0.4530|
|x|         12|         45|        289|     32642896.33|        125|00:05:44|+0.22|0.48|0.5712|
|x|          1|         45|        289|     32667952.75|        165|00:05:19|+0.17|0.37|0.6328|
|-|          9|         28|        327|     32668795.40|        205|00:05:26|-0.11|0.11|1.0493|
|=|         14|         28|        327|     32653460.67|        228|00:03:54|-0.08|0.10|1.0297|
|=|          2|         28|        314|     32645808.29|        251|00:03:58|-0.06|0.09|1.0091|
|=|         11|         28|        327|     32684294.38|        274|00:03:36|-0.06|0.08|1.0115|
|=|          4|         28|        314|     32694651.89|        297|00:03:17|-0.06|0.06|1.0109|
|=|          7|         28|        289|     32671855.70|        320|00:03:41|-0.06|0.04|1.0114|
|=|          3|         28|        181|     32665633.00|        343|00:03:44|-0.06|0.04|1.0164|
|=|          5|         28|        181|     32662861.83|        366|00:03:43|-0.05|0.04|1.0001|
|=|         15|         28|        181|     32659504.23|        389|00:03:24|-0.04|0.04|0.9929|
|=|          8|         28|        181|     32681641.64|        412|00:03:45|-0.04|0.04|0.9932|
|=|          6|         28|        209|     32674137.20|        435|00:04:04|-0.03|0.04|0.9890|
|=|         16|         28|        224|     32669973.12|        458|00:03:45|-0.03|0.04|0.9824|
|=|         13|         28|        181|     32677831.18|        481|00:03:32|-0.02|0.04|0.9812|
|=|         18|         28|        181|     32679719.39|        509|00:04:01|-0.02|0.04|0.9786|
+-+-----------+-----------+-----------+----------------+-----------+--------+-----+----+------+
Best-so-far configuration:         181    mean value:      32679719.39
Description of the best-so-far configuration:
    .ID. algorithm localsearch alpha beta rho ants   q0 rasrank elitistants
181  181       acs           3  3.69 4.58 0.7   67 0.67      NA          NA
    nnls dlb .PARENT.
181   45   0      131

# 2026-01-17 20:37:20 -03: Elite configurations (first number is the configuration ID; listed from best to worst according to the sum of ranks):
    algorithm localsearch alpha beta  rho ants   q0 rasrank elitistants nnls
181       acs           3  3.69 4.58 0.70   67 0.67      NA          NA   45
295       acs           3  2.16 8.04 0.68   22 0.86      NA          NA    9
306       acs           3  3.43 5.03 0.73   68 0.71      NA          NA   47
224       acs           3  3.38 5.19 0.56   64 0.50      NA          NA   42
325       acs           3  1.70 9.09 0.47   27 0.82      NA          NA   11
    dlb
181   0
295   1
306   0
224   0
325   1
# 2026-01-17 20:37:20 -03: There is not enough budget to enforce the value of nbConfigurations, returning to default behaviour nbConfigurations:19.
# Iteration: 9
# nbIterations: 9
# experimentsUsed: 2472
# timeUsed: 0
# remainingBudget: 278
# currentBudget: 278
# number of elites: 5
# nbConfigurations: 19
# 2026-01-17 20:37:20 -03: Iteration 9 of 9
# experimentsUsed: 2472
# remainingBudget: 278
# currentBudget: 278
# nbConfigurations: 19
# Markers:
     x No test is performed.
     c Configurations are discarded only due to capping.
     - The test is performed and some configurations are discarded.
     = The test is performed but no configuration is discarded.
     ! The test is performed and configurations could be discarded but elite configurations are preserved.
     . All alive configurations are elite and nothing is discarded.

+-+-----------+-----------+-----------+----------------+-----------+--------+-----+----+------+
| |   Instance|      Alive|       Best|       Mean best| Exp so far|  W time|  rho|KenW|  Qvar|
+-+-----------+-----------+-----------+----------------+-----------+--------+-----+----+------+
|x|         19|         19|        295|     32857509.00|         19|00:04:01|   NA|  NA|    NA|
|x|         16|         19|        325|     32677169.50|         33|00:02:41|+0.31|0.65|0.6740|
|x|          7|         19|        295|     32559344.00|         47|00:02:32|+0.27|0.51|0.6775|
|x|          2|         19|        295|     32563536.75|         61|00:02:36|+0.26|0.44|0.6936|
|-|         11|         11|        295|     32625343.40|         75|00:02:52|-0.03|0.18|0.9352|
|=|         14|         11|        295|     32640346.33|         81|00:02:04|-0.05|0.12|0.9921|
|=|          5|         11|        295|     32643801.14|         87|00:02:12|-0.07|0.08|0.9950|
|=|          4|         11|        295|     32659552.50|         93|00:02:02|-0.03|0.10|0.9533|
|=|          8|         11|        295|     32691459.56|         99|00:01:52|-0.03|0.09|0.9649|
|=|         15|         11|        295|     32688759.90|        105|00:01:54|-0.03|0.07|0.9593|
|=|          3|         11|        295|     32687894.27|        111|00:01:59|-0.02|0.07|0.9520|
|=|          9|         11|        325|     32684410.25|        117|00:01:56|+0.01|0.09|0.9276|
|=|         18|         11|        325|     32684898.85|        123|00:01:47|+0.02|0.10|0.9025|
|=|         12|         11|        325|     32681114.00|        129|00:01:51|+0.01|0.08|0.9230|
|=|         10|         11|        325|     32701306.00|        135|00:01:53|+0.01|0.07|0.9251|
|=|         13|         11|        325|     32702855.88|        141|00:01:49|+0.01|0.07|0.9235|
|=|          6|         11|        325|     32700240.47|        147|00:01:49|+0.00|0.06|0.9241|
|=|          1|         11|        325|     32703165.44|        153|00:01:16|-0.01|0.05|0.9338|
|=|         17|         11|        325|     32693783.11|        159|00:01:57|-0.00|0.05|0.9302|
|=|         20|         11|        325|     32691042.10|        170|00:02:28|+0.00|0.05|0.9238|
+-+-----------+-----------+-----------+----------------+-----------+--------+-----+----+------+
Best-so-far configuration:         325    mean value:      32691042.10
Description of the best-so-far configuration:
    .ID. algorithm localsearch alpha beta  rho ants   q0 rasrank elitistants
325  325       acs           3   1.7 9.09 0.47   27 0.82      NA          NA
    nnls dlb .PARENT.
325   11   1      264

# 2026-01-17 21:21:02 -03: Elite configurations (first number is the configuration ID; listed from best to worst according to the sum of ranks):
    algorithm localsearch alpha beta  rho ants   q0 rasrank elitistants nnls
325       acs           3  1.70 9.09 0.47   27 0.82      NA          NA   11
181       acs           3  3.69 4.58 0.70   67 0.67      NA          NA   45
224       acs           3  3.38 5.19 0.56   64 0.50      NA          NA   42
295       acs           3  2.16 8.04 0.68   22 0.86      NA          NA    9
306       acs           3  3.43 5.03 0.73   68 0.71      NA          NA   47
    dlb
325   1
181   0
224   0
295   1
306   0
# 2026-01-17 21:21:02 -03: There is not enough budget to enforce the value of nbConfigurations, returning to default behaviour nbConfigurations:9.
# Iteration: 10
# nbIterations: 10
# experimentsUsed: 2642
# timeUsed: 0
# remainingBudget: 108
# currentBudget: 108
# number of elites: 5
# nbConfigurations: 9
# 2026-01-17 21:21:02 -03: Iteration 10 of 10
# experimentsUsed: 2642
# remainingBudget: 108
# currentBudget: 108
# nbConfigurations: 9
# Markers:
     x No test is performed.
     c Configurations are discarded only due to capping.
     - The test is performed and some configurations are discarded.
     = The test is performed but no configuration is discarded.
     ! The test is performed and configurations could be discarded but elite configurations are preserved.
     . All alive configurations are elite and nothing is discarded.

+-+-----------+-----------+-----------+----------------+-----------+--------+-----+----+------+
| |   Instance|      Alive|       Best|       Mean best| Exp so far|  W time|  rho|KenW|  Qvar|
+-+-----------+-----------+-----------+----------------+-----------+--------+-----+----+------+
|x|         21|          9|        224|     32491189.00|          9|00:01:51|   NA|  NA|    NA|
|x|          5|          9|        224|     32565363.00|         13|00:01:03|+0.55|0.78|0.7537|
|x|          6|          9|        224|     32590803.00|         17|00:01:17|+0.27|0.51|0.7647|
|x|         13|          9|        346|     32623038.25|         21|00:01:25|+0.12|0.34|0.8502|
|=|          3|          9|        224|     32649665.40|         25|00:02:04|-0.04|0.17|0.9828|
|=|          8|          9|        346|     32683686.33|         29|00:00:52|+0.01|0.18|0.8995|
|=|         15|          9|        346|     32680343.71|         33|00:01:37|+0.01|0.15|0.8929|
|=|         10|          9|        346|     32706471.38|         37|00:01:40|+0.06|0.18|0.8677|
|=|          7|          9|        346|     32659915.00|         41|00:01:25|+0.09|0.19|0.8499|
|=|         12|          9|        346|     32657001.90|         45|00:01:33|+0.08|0.17|0.8456|
|=|         14|          9|        346|     32651321.91|         49|00:01:23|+0.08|0.16|0.8433|
|-|         11|          6|        346|     32669544.08|         53|00:01:19|+0.05|0.13|0.8258|
|=|         19|          6|        346|     32691538.00|         54|00:00:10|+0.02|0.09|0.8527|
|=|         20|          6|        346|     32690372.29|         55|00:00:10|-0.01|0.06|0.8632|
|=|          1|          6|        346|     32689206.40|         56|00:00:10|-0.00|0.06|0.8480|
|=|          2|          6|        346|     32678708.81|         57|00:00:10|+0.02|0.08|0.8323|
|=|          4|          6|        346|     32686838.06|         58|00:00:10|-0.01|0.05|0.8446|
|=|         18|          6|        346|     32687895.72|         59|00:00:10|-0.01|0.05|0.8483|
|=|         17|          6|        346|     32679093.74|         60|00:00:10|-0.00|0.05|0.8468|
|=|         16|          6|        346|     32668695.55|         61|00:00:10|+0.00|0.05|0.8411|
|=|          9|          6|        346|     32667827.76|         62|00:00:10|+0.02|0.07|0.8291|
|=|         22|          6|        346|     32656896.73|         68|00:01:58|+0.00|0.05|0.8416|
+-+-----------+-----------+-----------+----------------+-----------+--------+-----+----+------+
Best-so-far configuration:         346    mean value:      32656896.73
Description of the best-so-far configuration:
    .ID. algorithm localsearch alpha beta  rho ants   q0 rasrank elitistants
346  346       acs           3  1.84 9.12 0.52   29 0.74      NA          NA
    nnls dlb .PARENT.
346   12   1      325

# 2026-01-17 21:42:09 -03: Elite configurations (first number is the configuration ID; listed from best to worst according to the sum of ranks):
    algorithm localsearch alpha beta  rho ants   q0 rasrank elitistants nnls
346       acs           3  1.84 9.12 0.52   29 0.74      NA          NA   12
181       acs           3  3.69 4.58 0.70   67 0.67      NA          NA   45
325       acs           3  1.70 9.09 0.47   27 0.82      NA          NA   11
224       acs           3  3.38 5.19 0.56   64 0.50      NA          NA   42
306       acs           3  3.43 5.03 0.73   68 0.71      NA          NA   47
    dlb
346   1
181   0
325   1
224   0
306   0
# 2026-01-17 21:42:09 -03: There is not enough budget to enforce the value of nbConfigurations, returning to default behaviour nbConfigurations:6.
# Iteration: 11
# nbIterations: 11
# experimentsUsed: 2710
# timeUsed: 0
# remainingBudget: 40
# currentBudget: 40
# number of elites: 5
# nbConfigurations: 6
# 2026-01-17 21:42:09 -03: Iteration 11 of 11
# experimentsUsed: 2710
# remainingBudget: 40
# currentBudget: 40
# nbConfigurations: 6
# Markers:
     x No test is performed.
     c Configurations are discarded only due to capping.
     - The test is performed and some configurations are discarded.
     = The test is performed but no configuration is discarded.
     ! The test is performed and configurations could be discarded but elite configurations are preserved.
     . All alive configurations are elite and nothing is discarded.

+-+-----------+-----------+-----------+----------------+-----------+--------+-----+----+------+
| |   Instance|      Alive|       Best|       Mean best| Exp so far|  W time|  rho|KenW|  Qvar|
+-+-----------+-----------+-----------+----------------+-----------+--------+-----+----+------+
|x|         23|          6|        347|     32736485.00|          6|00:01:44|   NA|  NA|    NA|
|x|          2|          6|        346|     32667470.50|          7|00:00:10|-0.77|0.11|1.5546|
|x|          1|          6|        346|     32669275.00|          8|00:00:10|-0.07|0.29|0.9635|
|x|         15|          6|        306|     32671478.75|          9|00:00:10|+0.07|0.30|0.9129|
|=|         21|          6|        224|     32639791.60|         10|00:00:10|+0.12|0.30|0.8276|
|=|          9|          6|        346|     32644205.00|         11|00:00:10|+0.09|0.24|0.8131|
|=|          7|          6|        346|     32593242.00|         12|00:00:10|+0.19|0.31|0.7389|
|-|         11|          5|        346|     32627835.25|         13|00:00:10|+0.06|0.18|0.7489|
|.|         12|          5|        346|     32628162.89|         13|00:00:00|+0.09|0.19|0.7321|
|.|          6|          5|        346|     32626677.10|         13|00:00:00|+0.14|0.23|0.6872|
|.|         22|          5|        346|     32608556.00|         13|00:00:00|+0.05|0.13|0.7688|
|.|         13|          5|        346|     32613754.83|         13|00:00:00|+0.06|0.14|0.7486|
|.|         19|          5|        346|     32640040.23|         13|00:00:00|+0.02|0.10|0.7737|
|.|         20|          5|        346|     32642552.93|         13|00:00:00|-0.02|0.05|0.8092|
|.|          4|          5|        346|     32654176.47|         13|00:00:00|-0.04|0.03|0.8223|
|.|         16|          5|        346|     32642736.06|         13|00:00:00|-0.02|0.05|0.8072|
|.|         18|          5|        346|     32646450.18|         13|00:00:00|-0.01|0.05|0.7999|
|.|         14|          5|        346|     32643565.28|         13|00:00:00|+0.01|0.06|0.7883|
|.|         10|          5|        346|     32656502.11|         13|00:00:00|+0.00|0.06|0.7969|
|.|          5|          5|        346|     32656740.05|         13|00:00:00|-0.01|0.04|0.8041|
|.|         17|          5|        346|     32650259.95|         13|00:00:00|-0.02|0.03|0.8116|
|.|          8|          5|        346|     32661884.73|         13|00:00:00|-0.01|0.04|0.8004|
|.|          3|          5|        346|     32663714.09|         13|00:00:00|-0.02|0.03|0.8130|
+-+-----------+-----------+-----------+----------------+-----------+--------+-----+----+------+
Best-so-far configuration:         346    mean value:      32663714.09
Description of the best-so-far configuration:
    .ID. algorithm localsearch alpha beta  rho ants   q0 rasrank elitistants
346  346       acs           3  1.84 9.12 0.52   29 0.74      NA          NA
    nnls dlb .PARENT.
346   12   1      325

# 2026-01-17 21:45:07 -03: Elite configurations (first number is the configuration ID; listed from best to worst according to the sum of ranks):
    algorithm localsearch alpha beta  rho ants   q0 rasrank elitistants nnls
346       acs           3  1.84 9.12 0.52   29 0.74      NA          NA   12
181       acs           3  3.69 4.58 0.70   67 0.67      NA          NA   45
325       acs           3  1.70 9.09 0.47   27 0.82      NA          NA   11
306       acs           3  3.43 5.03 0.73   68 0.71      NA          NA   47
224       acs           3  3.38 5.19 0.56   64 0.50      NA          NA   42
    dlb
346   1
181   0
325   1
306   0
224   0
# 2026-01-17 21:45:07 -03: There is not enough budget to enforce the value of nbConfigurations, returning to default behaviour nbConfigurations:6.
# Iteration: 12
# nbIterations: 12
# experimentsUsed: 2723
# timeUsed: 0
# remainingBudget: 27
# currentBudget: 27
# number of elites: 5
# nbConfigurations: 6
# 2026-01-17 21:45:07 -03: Iteration 12 of 12
# experimentsUsed: 2723
# remainingBudget: 27
# currentBudget: 27
# nbConfigurations: 6
# Markers:
     x No test is performed.
     c Configurations are discarded only due to capping.
     - The test is performed and some configurations are discarded.
     = The test is performed but no configuration is discarded.
     ! The test is performed and configurations could be discarded but elite configurations are preserved.
     . All alive configurations are elite and nothing is discarded.

+-+-----------+-----------+-----------+----------------+-----------+--------+-----+----+------+
| |   Instance|      Alive|       Best|       Mean best| Exp so far|  W time|  rho|KenW|  Qvar|
+-+-----------+-----------+-----------+----------------+-----------+--------+-----+----+------+
|x|         22|          6|        181|     32328823.00|          1|00:00:10|   NA|  NA|    NA|
|x|          2|          6|        181|     32444741.00|          2|00:00:10|-0.49|0.26|1.1818|
|x|          7|          6|        181|     32407000.33|          3|00:00:10|+0.01|0.34|0.8488|
|x|         19|          6|        181|     32534785.00|          4|00:00:10|-0.12|0.16|0.9650|
|=|         20|          6|        181|     32542712.80|          5|00:00:10|-0.06|0.15|0.9078|
|=|          9|          6|        181|     32563947.67|          6|00:00:10|-0.03|0.14|0.8756|
|=|          6|          6|        181|     32580613.43|          7|00:00:10|-0.02|0.13|0.8532|
|=|          5|          6|        181|     32587084.12|          8|00:00:10|+0.04|0.16|0.8072|
|=|         21|          6|        181|     32581412.67|          9|00:00:10|+0.05|0.16|0.8145|
|=|         14|          6|        181|     32585499.90|         10|00:00:10|-0.01|0.09|0.8506|
|=|         18|          6|        181|     32596983.45|         11|00:00:10|+0.01|0.10|0.8309|
|=|          4|          6|        181|     32614627.42|         12|00:00:10|+0.01|0.10|0.8228|
|=|         15|          6|        181|     32614980.15|         13|00:00:10|-0.02|0.06|0.8480|
|=|          3|          6|        181|     32615995.36|         14|00:00:10|-0.04|0.04|0.8635|
|=|          1|          6|        181|     32627861.00|         15|00:00:10|-0.03|0.04|0.8564|
|=|         12|          6|        346|     32632727.50|         16|00:00:10|-0.02|0.05|0.8371|
|=|         13|          6|        346|     32634975.41|         17|00:00:10|+0.00|0.06|0.8252|
|=|         17|          6|        346|     32628624.44|         18|00:00:10|-0.01|0.05|0.8288|
|=|         11|          6|        346|     32641327.79|         19|00:00:10|-0.01|0.05|0.8321|
|=|         16|          6|        346|     32632817.90|         20|00:00:10|+0.01|0.06|0.8236|
|=|          8|          6|        346|     32645826.81|         21|00:00:10|+0.01|0.06|0.8272|
|=|         23|          6|        346|     32653457.23|         22|00:00:10|-0.01|0.04|0.8423|
|=|         10|          6|        346|     32663714.09|         23|00:00:10|-0.00|0.04|0.8432|
+-+-----------+-----------+-----------+----------------+-----------+--------+-----+----+------+
Best-so-far configuration:         346    mean value:      32663714.09
Description of the best-so-far configuration:
    .ID. algorithm localsearch alpha beta  rho ants   q0 rasrank elitistants
346  346       acs           3  1.84 9.12 0.52   29 0.74      NA          NA
    nnls dlb .PARENT.
346   12   1      325

# 2026-01-17 21:49:08 -03: Elite configurations (first number is the configuration ID; listed from best to worst according to the sum of ranks):
    algorithm localsearch alpha beta  rho ants   q0 rasrank elitistants nnls
346       acs           3  1.84 9.12 0.52   29 0.74      NA          NA   12
181       acs           3  3.69 4.58 0.70   67 0.67      NA          NA   45
325       acs           3  1.70 9.09 0.47   27 0.82      NA          NA   11
306       acs           3  3.43 5.03 0.73   68 0.71      NA          NA   47
224       acs           3  3.38 5.19 0.56   64 0.50      NA          NA   42
    dlb
346   1
181   0
325   1
306   0
224   0
# 2026-01-17 21:49:08 -03: There is not enough budget to enforce the value of nbConfigurations, returning to default behaviour nbConfigurations:5.
# Iteration: 13
# nbIterations: 13
# experimentsUsed: 2746
# timeUsed: 0
# remainingBudget: 4
# currentBudget: 4
# number of elites: 5
# nbConfigurations: 5
# 2026-01-17 21:49:08 -03: Stopped because there is not enough budget left to race more than the minimum (5).
# You may either increase the budget or set 'minNbSurvival' to a lower value.
# Iteration: 13
# nbIterations: 13
# experimentsUsed: 2746
# timeUsed: 0
# remainingBudget: 4
# currentBudget: 4
# number of elites: 5
# nbConfigurations: 5
# Total CPU user time: 156269.8, CPU sys time: 288.208, Wall-clock time: 24212.17
# 2026-01-17 21:49:08 -03: Starting post-selection:
# Configurations selected: 346, 181, 325, 306.
# Pending instances: 0, 0, 0, 0.
# 2026-01-17 21:49:08 -03: seed: 700099
# Configurations: 4
# Available experiments: 4
# minSurvival: 1
# Markers:
     x No test is performed.
     c Configurations are discarded only due to capping.
     - The test is performed and some configurations are discarded.
     = The test is performed but no configuration is discarded.
     ! The test is performed and configurations could be discarded but elite configurations are preserved.
     . All alive configurations are elite and nothing is discarded.

+-+-----------+-----------+-----------+----------------+-----------+--------+-----+----+------+
| |   Instance|      Alive|       Best|       Mean best| Exp so far|  W time|  rho|KenW|  Qvar|
+-+-----------+-----------+-----------+----------------+-----------+--------+-----+----+------+
|.|         19|          4|        325|     32881606.00|          0|00:00:00|   NA|  NA|    NA|
|.|          1|          4|        325|     32817248.00|          0|00:00:00|-0.80|0.10|1.2384|
|.|         14|          4|        325|     32732036.67|          0|00:00:00|-0.07|0.29|0.7065|
|.|         15|          4|        325|     32717807.00|          0|00:00:00|-0.23|0.07|0.8546|
|.|          2|          4|        325|     32704431.60|          0|00:00:00|-0.20|0.04|0.8967|
|.|          7|          4|        325|     32647621.67|          0|00:00:00|-0.11|0.08|0.8458|
|.|          5|          4|        325|     32658524.00|          0|00:00:00|-0.08|0.08|0.8207|
|.|         21|          4|        325|     32650010.00|          0|00:00:00|-0.01|0.12|0.7732|
|.|          4|          4|        325|     32667349.11|          0|00:00:00|-0.05|0.07|0.7763|
|.|         18|          4|        325|     32669690.40|          0|00:00:00|-0.08|0.03|0.8062|
|.|         13|          4|        325|     32674818.91|          0|00:00:00|-0.06|0.03|0.7875|
|.|         12|          4|        325|     32671243.25|          0|00:00:00|-0.04|0.05|0.7736|
|.|         20|          4|        325|     32668760.15|          0|00:00:00|-0.06|0.02|0.7908|
|.|          8|          4|        325|     32686832.00|          0|00:00:00|-0.03|0.04|0.7757|
|.|         22|          4|        325|     32666316.20|          0|00:00:00|-0.04|0.03|0.7888|
|.|         23|          4|        325|     32673874.94|          0|00:00:00|-0.06|0.01|0.7901|
|.|         16|          4|        325|     32662043.06|          0|00:00:00|-0.04|0.02|0.7783|
|.|          6|          4|        325|     32661840.33|          0|00:00:00|-0.03|0.03|0.7654|
|.|         10|          4|        325|     32678795.79|          0|00:00:00|-0.02|0.03|0.7656|
|.|          3|          4|        325|     32675229.15|          0|00:00:00|-0.03|0.02|0.7766|
|.|         17|          4|        325|     32668070.67|          0|00:00:00|-0.03|0.01|0.7798|
|.|          9|          4|        325|     32667344.55|          0|00:00:00|-0.02|0.02|0.7736|
|.|         11|          4|        325|     32677287.17|          0|00:00:00|-0.01|0.03|0.7640|
|=|         24|          4|        346|     32657259.00|          4|00:01:30|-0.00|0.04|0.7579|
+-+-----------+-----------+-----------+----------------+-----------+--------+-----+----+------+
Best-so-far configuration:         346    mean value:      32657259.00
Description of the best-so-far configuration:
    .ID. algorithm localsearch alpha beta  rho ants   q0 rasrank elitistants
346  346       acs           3  1.84 9.12 0.52   29 0.74      NA          NA
    nnls dlb .PARENT.
346   12   1      325

# 2026-01-17 21:50:39 -03: Elite configurations (first number is the configuration ID; listed from best to worst according to the sum of ranks):
    algorithm localsearch alpha beta  rho ants   q0 rasrank elitistants nnls
346       acs           3  1.84 9.12 0.52   29 0.74      NA          NA   12
181       acs           3  3.69 4.58 0.70   67 0.67      NA          NA   45
325       acs           3  1.70 9.09 0.47   27 0.82      NA          NA   11
306       acs           3  3.43 5.03 0.73   68 0.71      NA          NA   47
    dlb
346   1
181   0
325   1
306   0
# Total CPU user time: 156468.8, CPU sys time: 288.583, Wall-clock time: 24302.95
    .ID. algorithm localsearch alpha beta  rho ants   q0 rasrank elitistants
346  346       acs           3  1.84 9.12 0.52   29 0.74      NA          NA
181  181       acs           3  3.69 4.58 0.70   67 0.67      NA          NA
325  325       acs           3  1.70 9.09 0.47   27 0.82      NA          NA
306  306       acs           3  3.43 5.03 0.73   68 0.71      NA          NA
    nnls dlb .PARENT. .RANK. .WEIGHT.
346   12   1      325     52      0.4
181   45   0      131     59      0.3
325   11   1      264     62      0.2
306   47   0      181     67      0.1
