# 2026-01-26 14:04:40 -03: Reading parameter file '/home/pestobar/Activities/irace-executions/PSO-X/Scenarios/BH-65/Runs/BH-65_seed_200009/parameters.txt'.
# 2026-01-26 14:04:40 -03: 2 expression(s) specifying forbidden configurations read.
# 2026-01-26 14:04:40 -03: Initialization
# Elitist race
# Elitist new instances: 1
# Elitist limit: 2
# nbIterations: 5
# minNbSurvival: 5
# nbParameters: 8
# seed: 200009
# confidence level: 0.95
# budget: 4000
# mu: 5
# deterministic: FALSE

# 2026-01-26 14:04:40 -03: Iteration 1 of 5
# experimentsUsed: 0
# remainingBudget: 4000
# currentBudget: 800
# nbConfigurations: 65
# Markers:
     x No test is performed.
     c Configurations are discarded only due to capping.
     - The test is performed and some configurations are discarded.
     = The test is performed but no configuration is discarded.
     ! The test is performed and configurations could be discarded but elite configurations are preserved.
     . All alive configurations are elite and nothing is discarded.

+-+-----------+-----------+-----------+----------------+-----------+--------+-----+----+------+
| |   Instance|      Alive|       Best|       Mean best| Exp so far|  W time|  rho|KenW|  Qvar|
+-+-----------+-----------+-----------+----------------+-----------+--------+-----+----+------+
|x|          1|         65|         64|     71.28806112|         65|00:00:35|   NA|  NA|    NA|
|x|          2|         65|         60|     2497.562907|        130|00:04:03|+0.38|0.69|0.4232|
|x|          3|         65|         53|     493.5818752|        195|00:04:06|+0.52|0.68|0.3518|
|x|          4|         65|         53|     338703.8520|        260|00:00:35|+0.56|0.67|0.2759|
|-|          5|         21|         53|     270964.1894|        325|00:00:35|-0.02|0.19|1.0676|
|=|          6|         21|         53|     225808.8634|        346|00:00:45|+0.01|0.17|1.0114|
|=|          7|         21|         53|     193680.4089|        367|00:01:38|+0.02|0.16|0.9671|
+-+-----------+-----------+-----------+----------------+-----------+--------+-----+----+------+
Best-so-far configuration:          53    mean value:      193680.4089
Description of the best-so-far configuration:
   .ID. particles topology modInfluence branching tSchedule phi1 phi2 inertia
53   53        56        4            0        NA        NA 1.74 2.33    0.52
   .PARENT.
53       NA

# 2026-01-26 14:17:01 -03: Elite configurations (first number is the configuration ID; listed from best to worst according to the sum of ranks):
   particles topology modInfluence branching tSchedule phi1 phi2 inertia
53        56        4            0        NA        NA 1.74 2.33    0.52
14        71        1            0        NA        NA 1.08 2.37    0.39
24        15        2            0        NA        NA 2.25 1.04    0.59
26        65        4            2        NA        NA 1.62 1.66    0.81
29        40        5            0        NA         6 1.31 1.98    0.02
# 2026-01-26 14:17:01 -03: Iteration 2 of 5
# experimentsUsed: 367
# remainingBudget: 3633
# currentBudget: 908
# nbConfigurations: 65
# Markers:
     x No test is performed.
     c Configurations are discarded only due to capping.
     - The test is performed and some configurations are discarded.
     = The test is performed but no configuration is discarded.
     ! The test is performed and configurations could be discarded but elite configurations are preserved.
     . All alive configurations are elite and nothing is discarded.

+-+-----------+-----------+-----------+----------------+-----------+--------+-----+----+------+
| |   Instance|      Alive|       Best|       Mean best| Exp so far|  W time|  rho|KenW|  Qvar|
+-+-----------+-----------+-----------+----------------+-----------+--------+-----+----+------+
|x|          8|         65|         84|     47.75674766|         65|00:00:20|   NA|  NA|    NA|
|x|          2|         65|         98|     258.6275334|        125|00:03:30|+0.42|0.71|0.3033|
|x|          4|         65|         98|     321889.8568|        185|00:00:20|+0.35|0.57|0.2248|
|x|          7|         65|        122|     223113.9050|        245|00:03:40|+0.27|0.45|0.2321|
|-|          5|         31|         85|     174397.5917|        305|00:00:20|-0.07|0.15|1.0392|
|=|          3|         31|         85|     145483.2437|        331|00:01:42|-0.08|0.10|1.0273|
|=|          6|         31|         85|     124704.4690|        357|00:00:45|-0.07|0.09|1.0145|
|=|          1|         31|         85|     109128.7284|        383|00:00:10|-0.04|0.09|0.9833|
|=|          9|         31|         85|     97009.77700|        414|00:00:12|-0.01|0.10|0.9358|
+-+-----------+-----------+-----------+----------------+-----------+--------+-----+----+------+
Best-so-far configuration:          85    mean value:      97009.77700
Description of the best-so-far configuration:
   .ID. particles topology modInfluence branching tSchedule phi1 phi2 inertia
85   85        28        1            0        NA        NA 1.91 2.03    0.31
   .PARENT.
85       24

# 2026-01-26 14:28:03 -03: Elite configurations (first number is the configuration ID; listed from best to worst according to the sum of ranks):
   particles topology modInfluence branching tSchedule phi1 phi2 inertia
85        28        1            0        NA        NA 1.91 2.03    0.31
53        56        4            0        NA        NA 1.74 2.33    0.52
92        81        4            0        NA        NA 1.99 1.55    0.25
14        71        1            0        NA        NA 1.08 2.37    0.39
82       120        4            2        NA        NA 1.46 2.09    0.82
# 2026-01-26 14:28:03 -03: Iteration 3 of 5
# experimentsUsed: 781
# remainingBudget: 3219
# currentBudget: 1073
# nbConfigurations: 65
# Markers:
     x No test is performed.
     c Configurations are discarded only due to capping.
     - The test is performed and some configurations are discarded.
     = The test is performed but no configuration is discarded.
     ! The test is performed and configurations could be discarded but elite configurations are preserved.
     . All alive configurations are elite and nothing is discarded.

+-+-----------+-----------+-----------+----------------+-----------+--------+-----+----+------+
| |   Instance|      Alive|       Best|       Mean best| Exp so far|  W time|  rho|KenW|  Qvar|
+-+-----------+-----------+-----------+----------------+-----------+--------+-----+----+------+
|x|         10|         65|        172|    0.4551158554|         65|00:00:17|   NA|  NA|    NA|
|x|          6|         65|        185|     15.59603571|        125|00:01:45|+0.28|0.64|0.5969|
|x|          3|         65|        185|     313.2849663|        185|00:03:39|+0.31|0.54|0.4325|
|x|          8|         65|        185|     267.4848288|        245|00:00:17|+0.26|0.45|0.3528|
|-|          2|         40|        185|     308.8803649|        305|00:03:33|-0.12|0.10|1.0036|
|=|          9|         40|        185|     266.6616854|        340|00:00:15|-0.07|0.11|0.9132|
|=|          1|         40|        185|     240.7204245|        375|00:00:14|-0.01|0.14|0.8615|
|=|          5|         40|        185|     211.3772471|        410|00:00:14|+0.01|0.13|0.9162|
|=|          7|         40|        185|     288.9047272|        445|00:02:18|+0.05|0.15|0.8868|
|=|          4|         40|        185|     85782.52463|        480|00:00:14|+0.04|0.13|0.8827|
|-|         11|         16|        185|     77992.45306|        520|00:00:14|-0.02|0.07|0.9425|
|=|         12|         16|        185|     71493.10782|        536|00:00:02|-0.00|0.08|0.9307|
|=|         13|         16|        185|     66014.14095|        552|00:00:02|+0.01|0.08|0.9170|
+-+-----------+-----------+-----------+----------------+-----------+--------+-----+----+------+
Best-so-far configuration:         185    mean value:      66014.14095
Description of the best-so-far configuration:
    .ID. particles topology modInfluence branching tSchedule phi1 phi2 inertia
185  185        16        4            0        NA        NA 1.09 2.06    0.33
    .PARENT.
185       53

# 2026-01-26 14:41:14 -03: Elite configurations (first number is the configuration ID; listed from best to worst according to the sum of ranks):
    particles topology modInfluence branching tSchedule phi1 phi2 inertia
185        16        4            0        NA        NA 1.09 2.06    0.33
176        48        1            0        NA        NA 1.72 2.40    0.39
53         56        4            0        NA        NA 1.74 2.33    0.52
165        34        4            0        NA        NA 1.90 2.34    0.50
85         28        1            0        NA        NA 1.91 2.03    0.31
# 2026-01-26 14:41:14 -03: Iteration 4 of 5
# experimentsUsed: 1333
# remainingBudget: 2667
# currentBudget: 1333
# nbConfigurations: 65
# Markers:
     x No test is performed.
     c Configurations are discarded only due to capping.
     - The test is performed and some configurations are discarded.
     = The test is performed but no configuration is discarded.
     ! The test is performed and configurations could be discarded but elite configurations are preserved.
     . All alive configurations are elite and nothing is discarded.

+-+-----------+-----------+-----------+----------------+-----------+--------+-----+----+------+
| |   Instance|      Alive|       Best|       Mean best| Exp so far|  W time|  rho|KenW|  Qvar|
+-+-----------+-----------+-----------+----------------+-----------+--------+-----+----+------+
|x|         14|         65|        228|     7.664907355|         65|00:00:09|   NA|  NA|    NA|
|x|         13|         65|        228|     98.49928933|        125|00:00:08|+0.01|0.51|0.7573|
|x|          9|         65|        195|     93.63054590|        185|00:00:11|+0.12|0.41|0.6323|
|x|         11|         65|        195|     225.3484147|        245|00:00:07|+0.19|0.40|0.6106|
|-|          5|         51|        242|     243.9599022|        305|00:00:08|-0.11|0.11|1.0362|
|=|         10|         51|        209|     184.1238465|        351|00:00:05|-0.11|0.08|1.0226|
|=|          2|         51|        209|     225.5107151|        397|00:02:43|-0.08|0.08|1.0197|
|=|          6|         51|        209|     201.2406074|        443|00:01:15|-0.05|0.08|0.9961|
|=|          1|         51|        209|     188.5178352|        489|00:00:06|-0.03|0.09|0.9704|
|=|          3|         51|        209|     260.7961235|        535|00:02:50|-0.01|0.09|0.9457|
|=|         12|         51|        209|     237.8998527|        581|00:00:05|+0.00|0.09|0.9227|
|=|          8|         51|        185|     176.8210208|        627|00:00:07|-0.00|0.08|0.9410|
|=|          7|         51|        185|     233.1520629|        673|00:02:44|+0.01|0.09|0.9196|
|=|          4|         51|        185|     61304.00575|        719|00:00:06|+0.00|0.07|0.9325|
|=|         15|         51|        185|     57217.09678|        770|00:00:07|-0.00|0.07|0.9406|
+-+-----------+-----------+-----------+----------------+-----------+--------+-----+----+------+
Best-so-far configuration:         185    mean value:      57217.09678
Description of the best-so-far configuration:
    .ID. particles topology modInfluence branching tSchedule phi1 phi2 inertia
185  185        16        4            0        NA        NA 1.09 2.06    0.33
    .PARENT.
185       53

# 2026-01-26 14:52:12 -03: Elite configurations (first number is the configuration ID; listed from best to worst according to the sum of ranks):
    particles topology modInfluence branching tSchedule phi1 phi2 inertia
185        16        4            0        NA        NA 1.09 2.06    0.33
209        19        1            0        NA        NA 1.82 2.16    0.49
221        39        4            0        NA        NA 1.69 2.29    0.47
194        26        4            0        NA        NA 1.66 2.46    0.39
215        14        4            0        NA        NA 1.38 2.15    0.26
# 2026-01-26 14:52:12 -03: Iteration 5 of 5
# experimentsUsed: 2103
# remainingBudget: 1897
# currentBudget: 1897
# nbConfigurations: 65
# Markers:
     x No test is performed.
     c Configurations are discarded only due to capping.
     - The test is performed and some configurations are discarded.
     = The test is performed but no configuration is discarded.
     ! The test is performed and configurations could be discarded but elite configurations are preserved.
     . All alive configurations are elite and nothing is discarded.

+-+-----------+-----------+-----------+----------------+-----------+--------+-----+----+------+
| |   Instance|      Alive|       Best|       Mean best| Exp so far|  W time|  rho|KenW|  Qvar|
+-+-----------+-----------+-----------+----------------+-----------+--------+-----+----+------+
|x|         16|         65|        294|    0.6574610013|         65|00:00:10|   NA|  NA|    NA|
|x|          3|         65|        284|     454.3742244|        125|00:03:25|+0.04|0.52|1.0996|
|x|          6|         65|        284|     312.1757081|        185|00:01:32|+0.10|0.40|0.8710|
|x|          7|         65|        185|     462.3090242|        245|00:03:24|+0.15|0.36|0.7916|
|-|         12|         34|        185|     369.9092653|        305|00:00:07|-0.09|0.13|1.0529|
|=|          9|         34|        287|     316.4853347|        334|00:00:05|-0.07|0.11|1.0230|
|=|         14|         34|        185|     282.4803971|        363|00:00:04|-0.06|0.09|1.0222|
|=|         10|         34|        185|     247.2361001|        392|00:00:03|-0.03|0.10|0.9956|
|=|         15|         34|        185|     219.8066676|        421|00:00:04|-0.02|0.09|0.9879|
|=|          2|         34|        260|     243.1474308|        450|00:01:40|+0.00|0.10|0.9747|
|=|         13|         34|        185|     247.2055496|        479|00:00:03|-0.01|0.08|0.9831|
|=|          5|         34|        260|     231.5855550|        508|00:00:03|-0.01|0.08|0.9858|
|=|          8|         34|        260|     224.7893667|        537|00:00:04|-0.01|0.06|0.9853|
|=|          4|         34|        260|     63726.98617|        566|00:00:04|+0.00|0.07|0.9739|
|=|         11|         34|        185|     57211.47744|        595|00:00:03|-0.01|0.06|0.9865|
|=|          1|         34|        185|     53641.07715|        624|00:00:03|-0.00|0.06|0.9776|
|=|         17|         34|        185|     50494.78163|        658|00:00:06|+0.00|0.06|0.9682|
+-+-----------+-----------+-----------+----------------+-----------+--------+-----+----+------+
Best-so-far configuration:         185    mean value:      50494.78163
Description of the best-so-far configuration:
    .ID. particles topology modInfluence branching tSchedule phi1 phi2 inertia
185  185        16        4            0        NA        NA 1.09 2.06    0.33
    .PARENT.
185       53

# 2026-01-26 15:03:20 -03: Elite configurations (first number is the configuration ID; listed from best to worst according to the sum of ranks):
    particles topology modInfluence branching tSchedule phi1 phi2 inertia
185        16        4            0        NA        NA 1.09 2.06    0.33
260        19        4            0        NA        NA 1.17 2.32    0.27
215        14        4            0        NA        NA 1.38 2.15    0.26
265        33        4            0        NA        NA 2.07 2.49    0.48
251        20        4            0        NA        NA 1.46 1.94    0.30
# 2026-01-26 15:03:20 -03: Iteration 6 of 6
# experimentsUsed: 2761
# remainingBudget: 1239
# currentBudget: 1239
# nbConfigurations: 65
# Markers:
     x No test is performed.
     c Configurations are discarded only due to capping.
     - The test is performed and some configurations are discarded.
     = The test is performed but no configuration is discarded.
     ! The test is performed and configurations could be discarded but elite configurations are preserved.
     . All alive configurations are elite and nothing is discarded.

+-+-----------+-----------+-----------+----------------+-----------+--------+-----+----+------+
| |   Instance|      Alive|       Best|       Mean best| Exp so far|  W time|  rho|KenW|  Qvar|
+-+-----------+-----------+-----------+----------------+-----------+--------+-----+----+------+
|x|         18|         65|        336|    0.1561278046|         65|00:01:14|   NA|  NA|    NA|
|x|          4|         65|        318|     346644.5449|        125|00:00:08|+0.08|0.54|0.8761|
|x|         10|         65|        336|     253914.7302|        185|00:00:06|+0.19|0.46|0.8013|
|x|          6|         65|        336|     190443.8295|        245|00:01:31|+0.16|0.37|0.7870|
|-|          3|         41|        336|     152537.2878|        305|00:03:25|-0.10|0.12|1.0873|
|=|          8|         41|        185|     142715.9147|        341|00:00:05|-0.08|0.10|1.0512|
|=|          7|         41|        185|     122457.8018|        377|00:02:13|-0.05|0.10|1.0074|
|=|          2|         41|        185|     107209.8844|        413|00:02:13|-0.02|0.11|0.9882|
|=|         14|         41|        185|     95305.70259|        449|00:00:05|-0.01|0.10|0.9758|
|=|          5|         41|        347|     78355.33846|        485|00:00:04|+0.00|0.10|0.9603|
|=|         11|         41|        185|     77986.27597|        521|00:00:04|-0.02|0.07|0.9915|
|=|         16|         41|        336|     63756.65443|        557|00:00:05|-0.01|0.08|0.9837|
|=|         15|         41|        336|     58852.32126|        593|00:00:05|-0.01|0.06|0.9859|
|=|          9|         41|        347|     56081.05877|        629|00:00:07|-0.00|0.07|0.9734|
|=|         12|         41|        336|     51009.42317|        665|00:00:04|-0.01|0.05|0.9837|
|=|         17|         41|        336|     47832.14081|        701|00:00:06|-0.00|0.06|0.9721|
|=|         13|         41|        185|     50489.80352|        737|00:00:04|-0.01|0.05|0.9732|
|=|          1|         41|        185|     47689.54071|        773|00:00:05|-0.01|0.05|0.9771|
|=|         19|         41|        185|     170812.3126|        814|00:00:07|-0.01|0.04|0.9825|
+-+-----------+-----------+-----------+----------------+-----------+--------+-----+----+------+
Best-so-far configuration:         185    mean value:      170812.3126
Description of the best-so-far configuration:
    .ID. particles topology modInfluence branching tSchedule phi1 phi2 inertia
185  185        16        4            0        NA        NA 1.09 2.06    0.33
    .PARENT.
185       53

# 2026-01-26 15:15:21 -03: Elite configurations (first number is the configuration ID; listed from best to worst according to the sum of ranks):
    particles topology modInfluence branching tSchedule phi1 phi2 inertia
185        16        4            0        NA        NA 1.09 2.06    0.33
336        16        4            0        NA        NA 1.50 2.16    0.23
215        14        4            0        NA        NA 1.38 2.15    0.26
347        27        4            0        NA        NA 1.32 2.29    0.24
354        15        4            0        NA        NA 1.13 2.00    0.33
# 2026-01-26 15:15:21 -03: There is not enough budget to enforce the value of nbConfigurations, returning to default behaviour nbConfigurations:26.
# Iteration: 7
# nbIterations: 7
# experimentsUsed: 3575
# timeUsed: 0
# remainingBudget: 425
# currentBudget: 425
# number of elites: 5
# nbConfigurations: 26
# 2026-01-26 15:15:21 -03: Iteration 7 of 7
# experimentsUsed: 3575
# remainingBudget: 425
# currentBudget: 425
# nbConfigurations: 26
# Markers:
     x No test is performed.
     c Configurations are discarded only due to capping.
     - The test is performed and some configurations are discarded.
     = The test is performed but no configuration is discarded.
     ! The test is performed and configurations could be discarded but elite configurations are preserved.
     . All alive configurations are elite and nothing is discarded.

+-+-----------+-----------+-----------+----------------+-----------+--------+-----+----+------+
| |   Instance|      Alive|       Best|       Mean best| Exp so far|  W time|  rho|KenW|  Qvar|
+-+-----------+-----------+-----------+----------------+-----------+--------+-----+----+------+
|x|         20|         26|        380|     912.9279293|         26|00:01:50|   NA|  NA|    NA|
|x|         16|         26|        381|     461.0130980|         47|00:00:04|+0.03|0.52|0.9995|
|x|         19|         26|        385|     539989.3961|         68|00:00:04|-0.21|0.19|1.1388|
|x|         18|         26|        385|     404992.1408|         89|00:00:30|-0.08|0.19|1.0052|
|=|         11|         26|        385|     324377.9763|        110|00:00:03|-0.10|0.12|0.9341|
|=|          7|         26|        336|     387526.0525|        131|00:01:40|-0.07|0.11|0.9835|
|=|          4|         26|        336|     440985.6995|        152|00:00:03|-0.03|0.12|0.9624|
|=|          8|         26|        366|     711570.8613|        173|00:00:04|-0.02|0.11|0.9536|
|=|          1|         26|        336|     343025.3123|        194|00:00:03|-0.04|0.08|0.9755|
|=|         14|         26|        366|     570383.5019|        215|00:00:03|-0.04|0.06|0.9913|
|=|          2|         26|        366|     518573.3664|        236|00:01:34|-0.02|0.07|0.9830|
|=|         12|         26|        366|     475360.6828|        257|00:00:03|-0.03|0.06|0.9902|
|=|         15|         26|        366|     438794.4966|        278|00:00:03|-0.02|0.06|0.9920|
|=|          6|         26|        366|     407454.3506|        299|00:00:44|-0.01|0.07|0.9723|
|=|          5|         26|        336|     205855.1390|        320|00:00:03|-0.02|0.05|0.9766|
|=|         13|         26|        366|     356540.5106|        341|00:00:03|-0.02|0.04|0.9772|
|=|         17|         26|        336|     181664.6531|        362|00:00:04|-0.02|0.04|0.9701|
|=|         10|         26|        336|     171572.1975|        383|00:00:03|-0.01|0.04|0.9642|
|=|          3|         26|        336|     162590.0356|        404|00:01:38|-0.01|0.05|0.9589|
|=|          9|         26|        215|     92662.82034|        425|00:00:04|-0.00|0.05|0.9529|
+-+-----------+-----------+-----------+----------------+-----------+--------+-----+----+------+
Best-so-far configuration:         215    mean value:      92662.82034
Description of the best-so-far configuration:
    .ID. particles topology modInfluence branching tSchedule phi1 phi2 inertia
215  215        14        4            0        NA        NA 1.38 2.15    0.26
    .PARENT.
215      185

# 2026-01-26 15:24:16 -03: Elite configurations (first number is the configuration ID; listed from best to worst according to the sum of ranks):
    particles topology modInfluence branching tSchedule phi1 phi2 inertia
215        14        4            0        NA        NA 1.38 2.15    0.26
366        27        4            0        NA        NA 1.39 2.24    0.27
185        16        4            0        NA        NA 1.09 2.06    0.33
336        16        4            0        NA        NA 1.50 2.16    0.23
347        27        4            0        NA        NA 1.32 2.29    0.24
# 2026-01-26 15:24:16 -03: Stopped because budget is exhausted
# Iteration: 8
# nbIterations: 7
# experimentsUsed: 4000
# timeUsed: 0
# remainingBudget: 0
# currentBudget: 425
# number of elites: 5
# nbConfigurations: 26
# Total CPU user time: 42348.05, CPU sys time: 238.68, Wall-clock time: 4775.901
    .ID. particles topology modInfluence branching tSchedule phi1 phi2 inertia
215  215        14        4            0        NA        NA 1.38 2.15    0.26
366  366        27        4            0        NA        NA 1.39 2.24    0.27
185  185        16        4            0        NA        NA 1.09 2.06    0.33
336  336        16        4            0        NA        NA 1.50 2.16    0.23
347  347        27        4            0        NA        NA 1.32 2.29    0.24
    .PARENT. .RANK.   .WEIGHT.
215      185    217 0.33333333
366      347    218 0.26666667
185       53    219 0.20000000
336      215    219 0.13333333
347      260    227 0.06666667
