# 2026-01-22 18:23:25 -03: Reading parameter file '/home/pestobar/Activities/irace-executions/ACOTSP/Scenarios/BH-90/Runs/BH-90_seed_600083/parameters.txt'.
# 2026-01-22 18:23:25 -03: 1 expression(s) specifying forbidden configurations read.
# 2026-01-22 18:23:26 -03: Initialization
# Elitist race
# Elitist new instances: 1
# Elitist limit: 2
# nbIterations: 5
# minNbSurvival: 5
# nbParameters: 11
# seed: 600083
# confidence level: 0.95
# budget: 5500
# mu: 5
# deterministic: FALSE

# 2026-01-22 18:23:26 -03: Iteration 1 of 5
# experimentsUsed: 0
# remainingBudget: 5500
# currentBudget: 1100
# nbConfigurations: 90
# Markers:
     x No test is performed.
     c Configurations are discarded only due to capping.
     - The test is performed and some configurations are discarded.
     = The test is performed but no configuration is discarded.
     ! The test is performed and configurations could be discarded but elite configurations are preserved.
     . All alive configurations are elite and nothing is discarded.

+-+-----------+-----------+-----------+----------------+-----------+--------+-----+----+------+
| |   Instance|      Alive|       Best|       Mean best| Exp so far|  W time|  rho|KenW|  Qvar|
+-+-----------+-----------+-----------+----------------+-----------+--------+-----+----+------+
|x|          1|         90|          4|     32573418.00|         90|00:04:32|   NA|  NA|    NA|
|x|          2|         90|          4|     32840807.00|        180|00:04:22|+0.97|0.99|0.0006|
|x|          3|         90|          4|     32825759.00|        270|00:04:33|+0.98|0.99|0.0011|
|x|          4|         90|          4|     32799188.75|        360|00:04:22|+0.98|0.99|0.0011|
|-|          5|          6|          4|     32719235.00|        450|00:04:33|+0.08|0.26|0.6034|
|=|          6|          6|          4|     32683671.50|        456|00:01:28|+0.15|0.29|0.5528|
|=|          7|          6|          4|     32667716.29|        462|00:01:10|+0.20|0.31|0.5271|
+-+-----------+-----------+-----------+----------------+-----------+--------+-----+----+------+
Best-so-far configuration:           4    mean value:      32667716.29
Description of the best-so-far configuration:
  .ID. algorithm localsearch alpha beta  rho ants   q0 rasrank elitistants nnls
4    4       acs           3  2.42 6.24 0.36   35 0.65      NA          NA   42
  dlb .PARENT.
4   1       NA

# 2026-01-22 18:48:29 -03: Elite configurations (first number is the configuration ID; listed from best to worst according to the sum of ranks):
   algorithm localsearch alpha beta  rho ants   q0 rasrank elitistants nnls dlb
4        acs           3  2.42 6.24 0.36   35 0.65      NA          NA   42   1
53      mmas           3  4.37 7.64 0.31    9   NA      NA          NA   47   0
36       acs           3  3.59 7.33 0.22   30 0.88      NA          NA   49   1
39      mmas           3  1.71 1.08 0.59   66   NA      NA          NA   32   1
76       eas           3  2.30 7.41 0.63   55   NA      NA         475   43   1
# 2026-01-22 18:48:29 -03: Iteration 2 of 5
# experimentsUsed: 462
# remainingBudget: 5038
# currentBudget: 1259
# nbConfigurations: 90
# Markers:
     x No test is performed.
     c Configurations are discarded only due to capping.
     - The test is performed and some configurations are discarded.
     = The test is performed but no configuration is discarded.
     ! The test is performed and configurations could be discarded but elite configurations are preserved.
     . All alive configurations are elite and nothing is discarded.

+-+-----------+-----------+-----------+----------------+-----------+--------+-----+----+------+
| |   Instance|      Alive|       Best|       Mean best| Exp so far|  W time|  rho|KenW|  Qvar|
+-+-----------+-----------+-----------+----------------+-----------+--------+-----+----+------+
|x|          8|         90|         96|     32763233.00|         90|00:06:23|   NA|  NA|    NA|
|x|          7|         90|        113|     32679800.50|        175|00:06:14|+0.95|0.98|0.0014|
|x|          6|         90|         96|     32623815.33|        260|00:07:26|+0.96|0.97|0.0017|
|x|          5|         90|          4|     32577668.50|        345|00:07:14|+0.96|0.97|0.0016|
|-|          1|         12|         96|     32566072.40|        430|00:07:24|+0.40|0.52|0.5504|
|-|          2|          9|         96|     32636894.17|        437|00:02:07|+0.50|0.58|0.3982|
|!|          3|          9|         96|     32666431.29|        441|00:01:06|+0.35|0.44|0.5306|
|-|          4|          5|         96|     32674769.62|        445|00:01:49|+0.00|0.13|0.7801|
+-+-----------+-----------+-----------+----------------+-----------+--------+-----+----+------+
Best-so-far configuration:          96    mean value:      32674769.62
Description of the best-so-far configuration:
   .ID. algorithm localsearch alpha beta  rho ants   q0 rasrank elitistants
96   96       acs           3  3.41 7.41 0.39   16 0.39      NA          NA
   nnls dlb .PARENT.
96   22   1       53

# 2026-01-22 19:28:15 -03: Elite configurations (first number is the configuration ID; listed from best to worst according to the sum of ranks):
    algorithm localsearch alpha beta  rho ants   q0 rasrank elitistants nnls
96        acs           3  3.41 7.41 0.39   16 0.39      NA          NA   22
4         acs           3  2.42 6.24 0.36   35 0.65      NA          NA   42
105      mmas           3  3.67 6.85 0.16   14   NA      NA          NA   45
113       ras           3  3.65 2.49 0.63   79   NA      45          NA   40
155       acs           3  2.19 4.85 0.74   60 0.45      NA          NA   39
    dlb
96    1
4     1
105   0
113   0
155   1
# 2026-01-22 19:28:15 -03: Iteration 3 of 5
# experimentsUsed: 907
# remainingBudget: 4593
# currentBudget: 1531
# nbConfigurations: 90
# Markers:
     x No test is performed.
     c Configurations are discarded only due to capping.
     - The test is performed and some configurations are discarded.
     = The test is performed but no configuration is discarded.
     ! The test is performed and configurations could be discarded but elite configurations are preserved.
     . All alive configurations are elite and nothing is discarded.

+-+-----------+-----------+-----------+----------------+-----------+--------+-----+----+------+
| |   Instance|      Alive|       Best|       Mean best| Exp so far|  W time|  rho|KenW|  Qvar|
+-+-----------+-----------+-----------+----------------+-----------+--------+-----+----+------+
|x|          9|         90|        211|     32811645.00|         90|00:08:31|   NA|  NA|    NA|
|x|          3|         90|        211|     32768356.50|        175|00:07:18|+0.93|0.96|0.0048|
|x|          8|         90|        211|     32775273.33|        260|00:06:34|+0.87|0.92|0.0089|
|x|          4|         90|        211|     32765450.50|        345|00:06:23|+0.88|0.91|0.0078|
|-|          2|         16|        195|     32834615.00|        430|00:08:02|+0.08|0.26|0.8596|
|=|          1|         16|        195|     32784582.67|        441|00:02:16|+0.11|0.26|0.8381|
|=|          7|         16|        195|     32762215.71|        452|00:01:59|+0.11|0.23|0.8386|
|=|          6|         16|        195|     32735862.88|        463|00:02:21|+0.08|0.19|0.8803|
|=|          5|         16|        195|     32693955.22|        474|00:01:18|+0.08|0.18|0.8615|
|-|         10|         10|        195|     32670976.60|        490|00:02:37|-0.05|0.05|0.9374|
|=|         11|         10|        195|     32662402.82|        500|00:01:54|-0.03|0.06|0.9268|
|=|         12|         10|        195|     32626482.67|        510|00:01:49|+0.00|0.09|0.9019|
+-+-----------+-----------+-----------+----------------+-----------+--------+-----+----+------+
Best-so-far configuration:         195    mean value:      32626482.67
Description of the best-so-far configuration:
    .ID. algorithm localsearch alpha beta  rho ants   q0 rasrank elitistants
195  195       acs           3  4.03 2.95 0.11   46 0.44      NA          NA
    nnls dlb .PARENT.
195   30   0      105

# 2026-01-22 20:19:24 -03: Elite configurations (first number is the configuration ID; listed from best to worst according to the sum of ranks):
    algorithm localsearch alpha beta  rho ants   q0 rasrank elitistants nnls
195       acs           3  4.03 2.95 0.11   46 0.44      NA          NA   30
198      mmas           3  3.83 5.16 0.19   23   NA      NA          NA   47
4         acs           3  2.42 6.24 0.36   35 0.65      NA          NA   42
178       acs           3  3.40 7.30 0.24   42 0.48      NA          NA   48
96        acs           3  3.41 7.41 0.39   16 0.39      NA          NA   22
    dlb
195   0
198   0
4     1
178   1
96    1
# 2026-01-22 20:19:24 -03: Iteration 4 of 5
# experimentsUsed: 1417
# remainingBudget: 4083
# currentBudget: 2041
# nbConfigurations: 90
# Markers:
     x No test is performed.
     c Configurations are discarded only due to capping.
     - The test is performed and some configurations are discarded.
     = The test is performed but no configuration is discarded.
     ! The test is performed and configurations could be discarded but elite configurations are preserved.
     . All alive configurations are elite and nothing is discarded.

+-+-----------+-----------+-----------+----------------+-----------+--------+-----+----+------+
| |   Instance|      Alive|       Best|       Mean best| Exp so far|  W time|  rho|KenW|  Qvar|
+-+-----------+-----------+-----------+----------------+-----------+--------+-----+----+------+
|x|         13|         90|        319|     32514490.00|         90|00:09:26|   NA|  NA|    NA|
|x|          8|         90|        285|     32652566.50|        175|00:09:44|+0.68|0.84|0.0048|
|x|          1|         90|        338|     32618202.67|        260|00:08:52|+0.72|0.81|0.0033|
|x|          2|         90|        332|     32731457.75|        345|00:08:56|+0.70|0.77|0.0036|
|-|         10|         19|        332|     32677413.40|        430|00:09:46|-0.09|0.13|1.0299|
|=|          9|         19|        332|     32705174.67|        444|00:03:02|-0.04|0.14|0.9527|
|=|          5|         19|        195|     32663578.43|        458|00:02:23|-0.05|0.10|0.9515|
|=|          3|         19|        195|     32680215.50|        472|00:03:05|-0.03|0.10|0.9333|
|=|         12|         19|        195|     32630342.78|        486|00:02:23|-0.03|0.08|0.9417|
|=|          6|         19|        195|     32622447.80|        500|00:03:04|-0.04|0.07|0.9330|
|=|         11|         19|        195|     32618285.73|        514|00:02:35|-0.02|0.07|0.9316|
|=|          4|         19|        332|     32619405.75|        528|00:02:59|-0.03|0.06|0.9419|
|=|          7|         19|        332|     32614899.38|        542|00:02:20|-0.02|0.06|0.9291|
|=|         14|         19|        332|     32591786.79|        561|00:03:39|-0.00|0.07|0.9116|
+-+-----------+-----------+-----------+----------------+-----------+--------+-----+----+------+
Best-so-far configuration:         332    mean value:      32591786.79
Description of the best-so-far configuration:
    .ID. algorithm localsearch alpha beta  rho ants   q0 rasrank elitistants
332  332       acs           3  2.27 5.53 0.13   31 0.86      NA          NA
    nnls dlb .PARENT.
332   46   0      198

# 2026-01-22 21:31:43 -03: Elite configurations (first number is the configuration ID; listed from best to worst according to the sum of ranks):
    algorithm localsearch alpha beta  rho ants   q0 rasrank elitistants nnls
332       acs           3  2.27 5.53 0.13   31 0.86      NA          NA   46
195       acs           3  4.03 2.95 0.11   46 0.44      NA          NA   30
4         acs           3  2.42 6.24 0.36   35 0.65      NA          NA   42
280      mmas           3  2.97 5.24 0.14   18   NA      NA          NA   18
198      mmas           3  3.83 5.16 0.19   23   NA      NA          NA   47
    dlb
332   0
195   0
4     1
280   1
198   0
# 2026-01-22 21:31:43 -03: Iteration 5 of 5
# experimentsUsed: 1978
# remainingBudget: 3522
# currentBudget: 3522
# nbConfigurations: 90
# Markers:
     x No test is performed.
     c Configurations are discarded only due to capping.
     - The test is performed and some configurations are discarded.
     = The test is performed but no configuration is discarded.
     ! The test is performed and configurations could be discarded but elite configurations are preserved.
     . All alive configurations are elite and nothing is discarded.

+-+-----------+-----------+-----------+----------------+-----------+--------+-----+----+------+
| |   Instance|      Alive|       Best|       Mean best| Exp so far|  W time|  rho|KenW|  Qvar|
+-+-----------+-----------+-----------+----------------+-----------+--------+-----+----+------+
|x|         15|         90|        376|     32761083.00|         90|00:13:58|   NA|  NA|    NA|
|x|          8|         90|        358|     32780760.00|        175|00:13:05|+0.62|0.81|0.0044|
|x|          4|         90|        358|     32739411.67|        260|00:13:07|+0.61|0.74|0.0064|
|x|          1|         90|        358|     32691184.75|        345|00:13:54|+0.59|0.69|0.0060|
|-|         13|         20|        358|     32667593.80|        430|00:12:34|-0.05|0.16|1.0463|
|=|         12|         20|        358|     32591076.17|        445|00:02:29|-0.01|0.16|0.9944|
|=|         11|         20|        358|     32578282.43|        460|00:02:35|-0.01|0.14|0.9797|
|=|          5|         20|        358|     32550263.25|        475|00:03:03|+0.00|0.13|0.9692|
|=|         14|         20|        358|     32513647.33|        490|00:02:28|+0.01|0.12|0.9580|
|=|          6|         20|        358|     32516091.80|        505|00:02:28|+0.00|0.10|0.9412|
|=|          3|         20|        358|     32540916.09|        520|00:02:38|+0.02|0.11|0.9232|
|=|         10|         20|        358|     32536819.92|        535|00:02:45|+0.02|0.11|0.9221|
|=|          2|         20|        358|     32574198.15|        550|00:02:24|+0.05|0.12|0.9035|
|=|          9|         20|        358|     32597986.07|        565|00:02:54|+0.03|0.10|0.9200|
|=|          7|         20|        358|     32606546.73|        580|00:02:38|+0.02|0.09|0.9308|
|=|         16|         20|        358|     32607966.94|        600|00:03:20|+0.02|0.08|0.9277|
+-+-----------+-----------+-----------+----------------+-----------+--------+-----+----+------+
Best-so-far configuration:         358    mean value:      32607966.94
Description of the best-so-far configuration:
    .ID. algorithm localsearch alpha beta  rho ants q0 rasrank elitistants nnls
358  358      mmas           3  2.45 3.96 0.15   15 NA      NA          NA   16
    dlb .PARENT.
358   1      280

# 2026-01-22 23:08:12 -03: Elite configurations (first number is the configuration ID; listed from best to worst according to the sum of ranks):
    algorithm localsearch alpha beta  rho ants   q0 rasrank elitistants nnls
358      mmas           3  2.45 3.96 0.15   15   NA      NA          NA   16
332       acs           3  2.27 5.53 0.13   31 0.86      NA          NA   46
195       acs           3  4.03 2.95 0.11   46 0.44      NA          NA   30
414       acs           3  3.67 3.73 0.09   44 0.56      NA          NA   31
427       acs           3  3.81 2.30 0.13   51 0.38      NA          NA   26
    dlb
358   1
332   0
195   0
414   0
427   0
# 2026-01-22 23:08:12 -03: Iteration 6 of 6
# experimentsUsed: 2578
# remainingBudget: 2922
# currentBudget: 2922
# nbConfigurations: 90
# Markers:
     x No test is performed.
     c Configurations are discarded only due to capping.
     - The test is performed and some configurations are discarded.
     = The test is performed but no configuration is discarded.
     ! The test is performed and configurations could be discarded but elite configurations are preserved.
     . All alive configurations are elite and nothing is discarded.

+-+-----------+-----------+-----------+----------------+-----------+--------+-----+----+------+
| |   Instance|      Alive|       Best|       Mean best| Exp so far|  W time|  rho|KenW|  Qvar|
+-+-----------+-----------+-----------+----------------+-----------+--------+-----+----+------+
|x|         17|         90|        434|     32700823.00|         90|00:11:54|   NA|  NA|    NA|
|x|         12|         90|        414|     32465330.50|        175|00:10:52|+0.64|0.82|0.1574|
|x|         10|         90|        414|     32459583.33|        260|00:11:04|+0.61|0.74|0.1734|
|x|         15|         90|        414|     32546216.50|        345|00:10:04|+0.61|0.71|0.1664|
|-|          3|         33|        501|     32598436.40|        430|00:10:33|-0.08|0.13|1.0610|
|=|          4|         33|        358|     32613369.83|        458|00:03:47|-0.08|0.10|1.0386|
|=|          8|         33|        358|     32634722.00|        486|00:03:57|-0.04|0.11|1.0108|
|=|         11|         33|        358|     32618071.75|        514|00:04:08|-0.03|0.10|0.9905|
|=|         13|         33|        358|     32613089.33|        542|00:04:12|-0.01|0.10|0.9801|
|=|          5|         33|        358|     32587193.30|        570|00:03:36|+0.00|0.10|0.9613|
|=|          2|         33|        358|     32626788.18|        598|00:04:07|+0.02|0.11|0.9358|
|=|          7|         33|        358|     32635088.83|        626|00:04:13|+0.02|0.10|0.9505|
|=|          6|         33|        358|     32627627.54|        654|00:03:25|+0.03|0.10|0.9412|
|=|          9|         33|        440|     32634368.86|        682|00:04:09|+0.03|0.10|0.9347|
|-|          1|         15|        440|     32628783.53|        710|00:04:12|-0.03|0.04|0.9569|
|=|         16|         15|        440|     32627400.06|        720|00:01:20|-0.02|0.05|0.9484|
|=|         14|         15|        440|     32607107.88|        730|00:01:24|-0.01|0.05|0.9469|
|=|         18|         15|        358|     32604383.72|        745|00:02:34|-0.01|0.04|0.9473|
+-+-----------+-----------+-----------+----------------+-----------+--------+-----+----+------+
Best-so-far configuration:         358    mean value:      32604383.72
Description of the best-so-far configuration:
    .ID. algorithm localsearch alpha beta  rho ants q0 rasrank elitistants nnls
358  358      mmas           3  2.45 3.96 0.15   15 NA      NA          NA   16
    dlb .PARENT.
358   1      280

# 2026-01-23 00:47:51 -03: Elite configurations (first number is the configuration ID; listed from best to worst according to the sum of ranks):
    algorithm localsearch alpha beta  rho ants   q0 rasrank elitistants nnls
358      mmas           3  2.45 3.96 0.15   15   NA      NA          NA   16
440       acs           3  2.73 4.61 0.03   30 0.87      NA          NA   47
414       acs           3  3.67 3.73 0.09   44 0.56      NA          NA   31
195       acs           3  4.03 2.95 0.11   46 0.44      NA          NA   30
505       acs           3  4.52 3.32 0.08   48 0.51      NA          NA   30
    dlb
358   1
440   0
414   0
195   0
505   0
# 2026-01-23 00:47:51 -03: Iteration 7 of 7
# experimentsUsed: 3323
# remainingBudget: 2177
# currentBudget: 2177
# nbConfigurations: 90
# Markers:
     x No test is performed.
     c Configurations are discarded only due to capping.
     - The test is performed and some configurations are discarded.
     = The test is performed but no configuration is discarded.
     ! The test is performed and configurations could be discarded but elite configurations are preserved.
     . All alive configurations are elite and nothing is discarded.

+-+-----------+-----------+-----------+----------------+-----------+--------+-----+----+------+
| |   Instance|      Alive|       Best|       Mean best| Exp so far|  W time|  rho|KenW|  Qvar|
+-+-----------+-----------+-----------+----------------+-----------+--------+-----+----+------+
|x|         19|         90|        583|     32793587.00|         90|00:12:20|   NA|  NA|    NA|
|x|          2|         90|        588|     32925473.50|        175|00:11:17|+0.35|0.67|0.3855|
|x|         18|         90|        583|     32714696.67|        260|00:11:36|+0.33|0.55|0.4333|
|x|          6|         90|        541|     32690290.50|        345|00:10:55|+0.33|0.49|0.4312|
|-|         15|         39|        541|     32711282.00|        430|00:10:50|-0.12|0.11|1.0719|
|=|         14|         39|        588|     32620441.00|        464|00:05:02|-0.06|0.11|1.0076|
|=|         11|         39|        588|     32608768.57|        498|00:04:42|-0.03|0.12|0.9796|
|=|          8|         39|        588|     32632751.62|        532|00:04:27|+0.00|0.13|0.9461|
|=|         12|         39|        588|     32583462.33|        566|00:05:03|+0.02|0.13|0.9292|
|=|         10|         39|        588|     32573574.60|        600|00:04:51|+0.01|0.11|0.9406|
|=|          5|         39|        588|     32550296.27|        634|00:04:43|+0.02|0.11|0.9272|
|=|         16|         39|        588|     32554573.83|        668|00:05:25|+0.03|0.12|0.9091|
|-|          1|         14|        588|     32553516.31|        702|00:04:50|-0.03|0.05|0.9570|
|=|         13|         14|        588|     32553369.00|        711|00:01:52|-0.02|0.06|0.9429|
|=|          3|         14|        588|     32571633.07|        720|00:02:12|-0.02|0.05|0.9404|
|=|          7|         14|        588|     32572104.94|        729|00:01:46|-0.01|0.05|0.9435|
|=|          4|         14|        588|     32583851.47|        738|00:01:30|-0.02|0.04|0.9498|
|=|         17|         14|        588|     32594325.56|        747|00:01:34|-0.03|0.03|0.9519|
|=|          9|         14|        440|     32615240.84|        756|00:01:31|-0.02|0.03|0.9521|
|=|         20|         14|        530|     32602942.80|        770|00:02:14|-0.02|0.03|0.9482|
+-+-----------+-----------+-----------+----------------+-----------+--------+-----+----+------+
Best-so-far configuration:         530    mean value:      32602942.80
Description of the best-so-far configuration:
    .ID. algorithm localsearch alpha beta  rho ants   q0 rasrank elitistants
530  530       acs           3  3.77 4.79 0.11   47 0.53      NA          NA
    nnls dlb .PARENT.
530   30   0      414

# 2026-01-23 02:36:43 -03: Elite configurations (first number is the configuration ID; listed from best to worst according to the sum of ranks):
    algorithm localsearch alpha beta  rho ants   q0 rasrank elitistants nnls
530       acs           3  3.77 4.79 0.11   47 0.53      NA          NA   30
588       acs           3  3.99 3.78 0.10   47 0.52      NA          NA   31
440       acs           3  2.73 4.61 0.03   30 0.87      NA          NA   47
561       acs           3  3.73 4.11 0.07   43 0.60      NA          NA   35
541       acs           3  2.96 4.57 0.04   31 0.88      NA          NA   42
    dlb
530   0
588   0
440   0
561   0
541   0
# 2026-01-23 02:36:43 -03: There is not enough budget to enforce the value of nbConfigurations, returning to default behaviour nbConfigurations:71.
# Iteration: 8
# nbIterations: 8
# experimentsUsed: 4093
# timeUsed: 0
# remainingBudget: 1407
# currentBudget: 1407
# number of elites: 5
# nbConfigurations: 71
# 2026-01-23 02:36:43 -03: Iteration 8 of 8
# experimentsUsed: 4093
# remainingBudget: 1407
# currentBudget: 1407
# nbConfigurations: 71
# Markers:
     x No test is performed.
     c Configurations are discarded only due to capping.
     - The test is performed and some configurations are discarded.
     = The test is performed but no configuration is discarded.
     ! The test is performed and configurations could be discarded but elite configurations are preserved.
     . All alive configurations are elite and nothing is discarded.

+-+-----------+-----------+-----------+----------------+-----------+--------+-----+----+------+
| |   Instance|      Alive|       Best|       Mean best| Exp so far|  W time|  rho|KenW|  Qvar|
+-+-----------+-----------+-----------+----------------+-----------+--------+-----+----+------+
|x|         21|         71|        636|     32573890.00|         71|00:10:25|   NA|  NA|    NA|
|x|         18|         71|        614|     32442597.50|        137|00:10:49|+0.35|0.68|0.3827|
|x|         19|         71|        614|     32588123.00|        203|00:09:46|+0.33|0.56|0.3822|
|x|          5|         71|        614|     32533191.75|        269|00:09:22|+0.34|0.50|0.3724|
|-|          1|         38|        647|     32547200.00|        335|00:08:48|-0.07|0.14|1.0380|
|=|          6|         38|        647|     32539303.33|        368|00:04:13|-0.01|0.16|0.9724|
|=|         14|         38|        588|     32490105.29|        401|00:05:10|+0.02|0.16|0.9433|
|=|          3|         38|        530|     32521853.12|        434|00:05:06|+0.00|0.13|0.9444|
|=|         16|         38|        666|     32542880.00|        467|00:04:58|+0.03|0.14|0.9251|
|=|          9|         38|        530|     32561703.00|        500|00:04:56|+0.02|0.12|0.9407|
|=|         20|         38|        530|     32554906.82|        533|00:04:51|+0.03|0.12|0.9236|
|-|          4|         24|        530|     32569610.42|        566|00:04:45|-0.04|0.05|0.9937|
|=|         15|         24|        530|     32589269.54|        585|00:02:41|-0.04|0.04|0.9934|
|=|          8|         24|        530|     32603220.07|        604|00:03:09|-0.03|0.04|0.9907|
|=|         13|         24|        530|     32598670.93|        623|00:02:59|-0.03|0.04|0.9820|
|=|         10|         24|        530|     32593708.19|        642|00:03:10|-0.03|0.04|0.9804|
|=|         12|         24|        530|     32573099.41|        661|00:03:19|-0.03|0.03|0.9809|
|=|         11|         24|        666|     32580069.89|        680|00:03:11|-0.03|0.03|0.9890|
|=|         17|         24|        643|     32584860.47|        699|00:03:09|-0.03|0.03|0.9832|
|=|          2|         24|        530|     32603587.95|        718|00:03:07|-0.02|0.03|0.9780|
|=|          7|         24|        643|     32605996.00|        737|00:03:09|-0.02|0.03|0.9805|
|=|         22|         24|        643|     32613800.36|        761|00:03:48|-0.02|0.03|0.9789|
+-+-----------+-----------+-----------+----------------+-----------+--------+-----+----+------+
Best-so-far configuration:         643    mean value:      32613800.36
Description of the best-so-far configuration:
    .ID. algorithm localsearch alpha beta  rho ants   q0 rasrank elitistants
643  643       acs           3  4.07 3.58 0.09   48 0.48      NA          NA
    nnls dlb .PARENT.
643   30   0      588

# 2026-01-23 04:31:46 -03: Elite configurations (first number is the configuration ID; listed from best to worst according to the sum of ranks):
    algorithm localsearch alpha beta  rho ants   q0 rasrank elitistants nnls
643       acs           3  4.07 3.58 0.09   48 0.48      NA          NA   30
666       acs           3  3.71 3.63 0.12   47 0.46      NA          NA   30
530       acs           3  3.77 4.79 0.11   47 0.53      NA          NA   30
661       acs           3  4.00 5.16 0.11   45 0.49      NA          NA   30
614       acs           3  3.85 4.98 0.13   50 0.61      NA          NA   32
    dlb
643   0
666   0
530   0
661   0
614   0
# 2026-01-23 04:31:46 -03: There is not enough budget to enforce the value of nbConfigurations, returning to default behaviour nbConfigurations:32.
# Iteration: 9
# nbIterations: 9
# experimentsUsed: 4854
# timeUsed: 0
# remainingBudget: 646
# currentBudget: 646
# number of elites: 5
# nbConfigurations: 32
# 2026-01-23 04:31:46 -03: Iteration 9 of 9
# experimentsUsed: 4854
# remainingBudget: 646
# currentBudget: 646
# nbConfigurations: 32
# Markers:
     x No test is performed.
     c Configurations are discarded only due to capping.
     - The test is performed and some configurations are discarded.
     = The test is performed but no configuration is discarded.
     ! The test is performed and configurations could be discarded but elite configurations are preserved.
     . All alive configurations are elite and nothing is discarded.

+-+-----------+-----------+-----------+----------------+-----------+--------+-----+----+------+
| |   Instance|      Alive|       Best|       Mean best| Exp so far|  W time|  rho|KenW|  Qvar|
+-+-----------+-----------+-----------+----------------+-----------+--------+-----+----+------+
|x|         23|         32|        680|     32659536.00|         32|00:04:42|   NA|  NA|    NA|
|x|         13|         32|        530|     32617471.50|         59|00:03:57|+0.10|0.55|0.6412|
|x|         20|         32|        530|     32573962.67|         86|00:04:07|+0.20|0.47|0.6128|
|x|          9|         32|        530|     32630222.50|        113|00:04:14|+0.13|0.35|0.6392|
|-|          4|         22|        643|     32654497.60|        140|00:04:02|-0.08|0.13|1.0234|
|=|         15|         22|        643|     32673356.83|        157|00:02:36|-0.05|0.13|0.9858|
|=|         17|         22|        643|     32677694.29|        174|00:02:40|-0.02|0.13|0.9681|
|=|         21|         22|        643|     32665386.12|        191|00:02:35|+0.01|0.13|0.9415|
|=|         11|         22|        643|     32652151.89|        208|00:02:39|-0.00|0.11|0.9521|
|=|          5|         22|        643|     32624088.30|        225|00:02:30|+0.01|0.11|0.9443|
|=|          1|         22|        643|     32621237.09|        242|00:02:46|+0.00|0.09|0.9497|
|=|          3|         22|        643|     32634236.75|        259|00:02:23|+0.01|0.09|0.9417|
|=|          2|         22|        643|     32665545.46|        276|00:02:42|+0.02|0.09|0.9356|
|=|          6|         22|        530|     32647515.29|        293|00:02:30|+0.03|0.10|0.9260|
|=|         14|         22|        530|     32618919.93|        310|00:02:29|+0.03|0.10|0.9174|
|=|         22|         22|        530|     32629256.75|        327|00:02:35|+0.03|0.09|0.9182|
|=|         10|         22|        530|     32622786.76|        344|00:02:21|+0.03|0.09|0.9174|
|-|          8|         11|        530|     32631775.11|        361|00:02:23|-0.02|0.04|0.9207|
|=|         16|         11|        530|     32632376.58|        367|00:01:10|-0.02|0.03|0.9232|
|=|          7|         11|        643|     32634198.60|        373|00:01:05|-0.02|0.03|0.9217|
|=|         12|         11|        643|     32615737.38|        379|00:01:14|-0.02|0.03|0.9209|
|=|         19|         11|        643|     32628325.05|        385|00:01:02|-0.02|0.03|0.9236|
|=|         18|         11|        643|     32617731.17|        391|00:01:17|-0.01|0.03|0.9176|
|=|         24|         11|        643|     32612968.21|        402|00:02:00|-0.00|0.04|0.9090|
+-+-----------+-----------+-----------+----------------+-----------+--------+-----+----+------+
Best-so-far configuration:         643    mean value:      32612968.21
Description of the best-so-far configuration:
    .ID. algorithm localsearch alpha beta  rho ants   q0 rasrank elitistants
643  643       acs           3  4.07 3.58 0.09   48 0.48      NA          NA
    nnls dlb .PARENT.
643   30   0      588

# 2026-01-23 05:33:56 -03: Elite configurations (first number is the configuration ID; listed from best to worst according to the sum of ranks):
    algorithm localsearch alpha beta  rho ants   q0 rasrank elitistants nnls
643       acs           3  4.07 3.58 0.09   48 0.48      NA          NA   30
530       acs           3  3.77 4.79 0.11   47 0.53      NA          NA   30
614       acs           3  3.85 4.98 0.13   50 0.61      NA          NA   32
684       acs           3  3.95 5.18 0.09   46 0.49      NA          NA   31
666       acs           3  3.71 3.63 0.12   47 0.46      NA          NA   30
    dlb
643   0
530   0
614   0
684   0
666   0
# 2026-01-23 05:33:56 -03: There is not enough budget to enforce the value of nbConfigurations, returning to default behaviour nbConfigurations:14.
# Iteration: 10
# nbIterations: 10
# experimentsUsed: 5256
# timeUsed: 0
# remainingBudget: 244
# currentBudget: 244
# number of elites: 5
# nbConfigurations: 14
# 2026-01-23 05:33:56 -03: Iteration 10 of 10
# experimentsUsed: 5256
# remainingBudget: 244
# currentBudget: 244
# nbConfigurations: 14
# Markers:
     x No test is performed.
     c Configurations are discarded only due to capping.
     - The test is performed and some configurations are discarded.
     = The test is performed but no configuration is discarded.
     ! The test is performed and configurations could be discarded but elite configurations are preserved.
     . All alive configurations are elite and nothing is discarded.

+-+-----------+-----------+-----------+----------------+-----------+--------+-----+----+------+
| |   Instance|      Alive|       Best|       Mean best| Exp so far|  W time|  rho|KenW|  Qvar|
+-+-----------+-----------+-----------+----------------+-----------+--------+-----+----+------+
|x|         25|         14|        697|     32633392.00|         14|00:02:13|   NA|  NA|    NA|
|x|         13|         14|        530|     32587703.50|         23|00:01:20|+0.05|0.53|0.8351|
|x|         19|         14|        694|     32681035.67|         32|00:01:25|+0.26|0.51|0.6938|
|x|         18|         14|        694|     32589208.25|         41|00:01:32|+0.20|0.40|0.6709|
|=|         12|         14|        694|     32509557.20|         50|00:01:37|+0.15|0.32|0.7450|
|-|         21|          9|        694|     32526990.50|         59|00:01:25|-0.05|0.12|0.9088|
|=|         14|          9|        694|     32493710.29|         63|00:01:10|-0.06|0.09|0.9155|
|=|         23|          9|        694|     32511806.00|         67|00:01:13|-0.02|0.11|0.8737|
|=|          3|          9|        694|     32543507.11|         71|00:00:57|-0.03|0.09|0.8791|
|=|          2|          9|        530|     32596483.40|         75|00:01:07|-0.04|0.07|0.8896|
|=|         10|          9|        694|     32584587.09|         79|00:01:07|-0.04|0.05|0.9053|
|=|         22|          9|        694|     32603885.33|         83|00:01:08|-0.06|0.03|0.9226|
|=|          8|          9|        694|     32622123.00|         87|00:01:03|-0.06|0.02|0.9159|
|=|         24|          9|        530|     32609688.29|         91|00:01:05|-0.04|0.03|0.8974|
|=|         11|          9|        684|     32604286.47|         95|00:01:07|-0.05|0.02|0.9109|
|=|          5|          9|        530|     32592533.38|         99|00:01:05|-0.05|0.02|0.9190|
|=|         16|          9|        614|     32595998.06|        103|00:01:07|-0.04|0.02|0.9142|
|=|          9|          9|        684|     32605690.28|        107|00:00:57|-0.03|0.03|0.8997|
|=|          4|          9|        684|     32612225.05|        111|00:01:04|-0.02|0.03|0.8995|
|=|         20|          9|        684|     32605957.60|        115|00:01:01|-0.01|0.04|0.8875|
|=|         15|          9|        643|     32619296.19|        119|00:01:07|-0.00|0.05|0.8803|
|=|          7|          9|        614|     32613413.09|        123|00:01:12|-0.00|0.04|0.8882|
|=|          1|          9|        614|     32610909.22|        127|00:01:02|+0.00|0.04|0.8841|
|=|         17|          9|        643|     32619749.21|        131|00:01:06|+0.01|0.05|0.8822|
|=|          6|          9|        643|     32615385.96|        135|00:01:08|+0.01|0.05|0.8754|
|=|         26|          9|        643|     32608562.69|        144|00:01:25|+0.01|0.05|0.8776|
+-+-----------+-----------+-----------+----------------+-----------+--------+-----+----+------+
Best-so-far configuration:         643    mean value:      32608562.69
Description of the best-so-far configuration:
    .ID. algorithm localsearch alpha beta  rho ants   q0 rasrank elitistants
643  643       acs           3  4.07 3.58 0.09   48 0.48      NA          NA
    nnls dlb .PARENT.
643   30   0      588

# 2026-01-23 06:05:53 -03: Elite configurations (first number is the configuration ID; listed from best to worst according to the sum of ranks):
    algorithm localsearch alpha beta  rho ants   q0 rasrank elitistants nnls
643       acs           3  4.07 3.58 0.09   48 0.48      NA          NA   30
530       acs           3  3.77 4.79 0.11   47 0.53      NA          NA   30
614       acs           3  3.85 4.98 0.13   50 0.61      NA          NA   32
694       acs           3  3.80 4.79 0.10   48 0.55      NA          NA   30
702       acs           3  4.14 3.70 0.10   49 0.43      NA          NA   30
    dlb
643   0
530   0
614   0
694   0
702   0
# 2026-01-23 06:05:53 -03: There is not enough budget to enforce the value of nbConfigurations, returning to default behaviour nbConfigurations:8.
# Iteration: 11
# nbIterations: 11
# experimentsUsed: 5400
# timeUsed: 0
# remainingBudget: 100
# currentBudget: 100
# number of elites: 5
# nbConfigurations: 8
# 2026-01-23 06:05:53 -03: Iteration 11 of 11
# experimentsUsed: 5400
# remainingBudget: 100
# currentBudget: 100
# nbConfigurations: 8
# Markers:
     x No test is performed.
     c Configurations are discarded only due to capping.
     - The test is performed and some configurations are discarded.
     = The test is performed but no configuration is discarded.
     ! The test is performed and configurations could be discarded but elite configurations are preserved.
     . All alive configurations are elite and nothing is discarded.

+-+-----------+-----------+-----------+----------------+-----------+--------+-----+----+------+
| |   Instance|      Alive|       Best|       Mean best| Exp so far|  W time|  rho|KenW|  Qvar|
+-+-----------+-----------+-----------+----------------+-----------+--------+-----+----+------+
|x|         27|          8|        704|     32622452.00|          8|00:01:14|   NA|  NA|    NA|
|x|         12|          8|        694|     32407362.00|         11|00:00:50|+0.00|0.50|1.0458|
|x|         22|          8|        694|     32543630.00|         14|00:01:01|-0.32|0.12|1.2652|
|x|          3|          8|        694|     32607001.50|         17|00:00:55|-0.25|0.06|1.1369|
|=|          1|          8|        694|     32585592.00|         20|00:00:57|-0.09|0.13|0.9958|
|=|         14|          8|        694|     32536998.17|         23|00:00:59|-0.08|0.10|0.9254|
|=|         25|          8|        530|     32534949.71|         26|00:00:49|-0.01|0.13|0.8521|
|=|         11|          8|        694|     32552445.25|         29|00:00:58|-0.06|0.07|0.9226|
|=|         24|          8|        530|     32535379.33|         32|00:00:50|-0.06|0.06|0.9033|
|=|         16|          8|        530|     32546161.70|         35|00:00:58|-0.07|0.04|0.9070|
|=|         26|          8|        530|     32535198.82|         38|00:00:57|-0.08|0.02|0.9265|
|=|         17|          8|        530|     32551266.67|         41|00:00:51|-0.06|0.02|0.9155|
|=|         20|          8|        530|     32546318.85|         44|00:01:01|-0.04|0.04|0.8950|
|=|         13|          8|        530|     32545509.14|         47|00:00:47|-0.02|0.05|0.8786|
|=|          2|          8|        530|     32576471.13|         50|00:01:02|-0.00|0.07|0.8715|
|=|         23|          8|        530|     32584189.19|         53|00:00:58|+0.01|0.07|0.8658|
|=|          6|          8|        530|     32576593.94|         56|00:00:48|+0.02|0.08|0.8563|
|=|          4|          8|        530|     32585191.50|         59|00:01:03|+0.02|0.08|0.8564|
|=|          9|          8|        530|     32596444.68|         62|00:00:57|+0.02|0.07|0.8632|
|=|         15|          8|        530|     32607881.40|         65|00:00:58|+0.01|0.06|0.8679|
|=|         19|          8|        530|     32621567.62|         68|00:01:01|-0.00|0.04|0.8782|
|=|          5|          8|        530|     32609395.50|         71|00:00:48|-0.00|0.04|0.8809|
|=|          7|          8|        530|     32609636.30|         74|00:01:09|-0.02|0.03|0.8858|
|=|         18|          8|        530|     32600994.04|         77|00:01:00|-0.01|0.03|0.8863|
|=|         21|          8|        530|     32602067.76|         80|00:01:04|-0.01|0.03|0.8792|
|=|          8|          8|        530|     32609087.35|         83|00:00:54|-0.01|0.02|0.8835|
|=|         10|          8|        530|     32605760.67|         86|00:01:04|-0.02|0.02|0.8883|
|=|         28|          8|        643|     32619230.61|         94|00:01:15|-0.02|0.02|0.8913|
+-+-----------+-----------+-----------+----------------+-----------+--------+-----+----+------+
Best-so-far configuration:         643    mean value:      32619230.61
Description of the best-so-far configuration:
    .ID. algorithm localsearch alpha beta  rho ants   q0 rasrank elitistants
643  643       acs           3  4.07 3.58 0.09   48 0.48      NA          NA
    nnls dlb .PARENT.
643   30   0      588

# 2026-01-23 06:33:14 -03: Elite configurations (first number is the configuration ID; listed from best to worst according to the sum of ranks):
    algorithm localsearch alpha beta  rho ants   q0 rasrank elitistants nnls
643       acs           3  4.07 3.58 0.09   48 0.48      NA          NA   30
694       acs           3  3.80 4.79 0.10   48 0.55      NA          NA   30
530       acs           3  3.77 4.79 0.11   47 0.53      NA          NA   30
614       acs           3  3.85 4.98 0.13   50 0.61      NA          NA   32
702       acs           3  4.14 3.70 0.10   49 0.43      NA          NA   30
    dlb
643   0
694   0
530   0
614   0
702   0
# 2026-01-23 06:33:14 -03: There is not enough budget to enforce the value of nbConfigurations, returning to default behaviour nbConfigurations:5.
# Iteration: 12
# nbIterations: 12
# experimentsUsed: 5494
# timeUsed: 0
# remainingBudget: 6
# currentBudget: 6
# number of elites: 5
# nbConfigurations: 5
# 2026-01-23 06:33:14 -03: Stopped because there is not enough budget left to race more than the minimum (5).
# You may either increase the budget or set 'minNbSurvival' to a lower value.
# Iteration: 12
# nbIterations: 12
# experimentsUsed: 5494
# timeUsed: 0
# remainingBudget: 6
# currentBudget: 6
# number of elites: 5
# nbConfigurations: 5
# Total CPU user time: 354334.6, CPU sys time: 1022.142, Wall-clock time: 43788.61
# 2026-01-23 06:33:14 -03: Starting post-selection:
# Configurations selected: 643, 694, 530, 614, 702, 703.
# Pending instances: 0, 0, 0, 0, 0, 0.
# 2026-01-23 06:33:14 -03: seed: 600083
# Configurations: 6
# Available experiments: 6
# minSurvival: 1
# Markers:
     x No test is performed.
     c Configurations are discarded only due to capping.
     - The test is performed and some configurations are discarded.
     = The test is performed but no configuration is discarded.
     ! The test is performed and configurations could be discarded but elite configurations are preserved.
     . All alive configurations are elite and nothing is discarded.

+-+-----------+-----------+-----------+----------------+-----------+--------+-----+----+------+
| |   Instance|      Alive|       Best|       Mean best| Exp so far|  W time|  rho|KenW|  Qvar|
+-+-----------+-----------+-----------+----------------+-----------+--------+-----+----+------+
|.|         14|          6|        530|     32218585.00|          0|00:00:00|   NA|  NA|    NA|
|.|          4|          6|        530|     32474967.50|          0|00:00:00|+0.09|0.54|0.8571|
|.|          9|          6|        530|     32582979.00|          0|00:00:00|+0.16|0.44|0.6839|
|.|         26|          6|        530|     32543626.75|          0|00:00:00|-0.04|0.22|0.7623|
|.|         16|          6|        530|     32563542.00|          0|00:00:00|-0.15|0.08|0.9632|
|.|         12|          6|        530|     32510178.17|          0|00:00:00|-0.13|0.06|0.9312|
|.|         27|          6|        530|     32528143.14|          0|00:00:00|-0.11|0.05|0.9285|
|.|          8|          6|        530|     32560197.38|          0|00:00:00|-0.05|0.08|0.8902|
|.|         28|          6|        530|     32604493.11|          0|00:00:00|-0.04|0.07|0.8978|
|.|         10|          6|        530|     32595970.50|          0|00:00:00|-0.02|0.08|0.8915|
|.|         11|          6|        530|     32595529.27|          0|00:00:00|-0.01|0.08|0.8835|
|.|         20|          6|        530|     32586480.58|          0|00:00:00|-0.01|0.07|0.8801|
|.|         17|          6|        530|     32597367.69|          0|00:00:00|-0.01|0.07|0.8794|
|.|         24|          6|        530|     32589173.50|          0|00:00:00|-0.01|0.06|0.8698|
|.|          5|          6|        530|     32573480.67|          0|00:00:00|-0.04|0.03|0.8760|
|.|          7|          6|        530|     32576071.50|          0|00:00:00|-0.03|0.03|0.8708|
|.|         25|          6|        530|     32579856.94|          0|00:00:00|-0.04|0.02|0.8719|
|.|          2|          6|        530|     32603750.39|          0|00:00:00|-0.04|0.02|0.8640|
|.|         23|          6|        530|     32608814.05|          0|00:00:00|-0.04|0.02|0.8708|
|.|         19|          6|        530|     32623137.95|          0|00:00:00|-0.04|0.02|0.8687|
|.|         22|          6|        530|     32630812.76|          0|00:00:00|-0.04|0.01|0.8702|
|.|         21|          6|        530|     32630677.50|          0|00:00:00|-0.03|0.02|0.8619|
|.|          6|          6|        530|     32623042.39|          0|00:00:00|-0.03|0.02|0.8626|
|.|         18|          6|        530|     32613841.54|          0|00:00:00|-0.02|0.02|0.8563|
|.|         15|          6|        530|     32622295.04|          0|00:00:00|-0.01|0.03|0.8530|
|.|          3|          6|        530|     32624984.96|          0|00:00:00|-0.01|0.03|0.8505|
|.|         13|          6|        530|     32621651.56|          0|00:00:00|-0.01|0.03|0.8469|
|.|          1|          6|        530|     32618371.32|          0|00:00:00|-0.00|0.03|0.8434|
|=|         29|          6|        643|     32617182.55|          6|00:01:10|+0.00|0.04|0.8414|
+-+-----------+-----------+-----------+----------------+-----------+--------+-----+----+------+
Best-so-far configuration:         643    mean value:      32617182.55
Description of the best-so-far configuration:
    .ID. algorithm localsearch alpha beta  rho ants   q0 rasrank elitistants
643  643       acs           3  4.07 3.58 0.09   48 0.48      NA          NA
    nnls dlb .PARENT.
643   30   0      588

# 2026-01-23 06:34:25 -03: Elite configurations (first number is the configuration ID; listed from best to worst according to the sum of ranks):
    algorithm localsearch alpha beta  rho ants   q0 rasrank elitistants nnls
643       acs           3  4.07 3.58 0.09   48 0.48      NA          NA   30
614       acs           3  3.85 4.98 0.13   50 0.61      NA          NA   32
530       acs           3  3.77 4.79 0.11   47 0.53      NA          NA   30
694       acs           3  3.80 4.79 0.10   48 0.55      NA          NA   30
702       acs           3  4.14 3.70 0.10   49 0.43      NA          NA   30
    dlb
643   0
614   0
530   0
694   0
702   0
# Total CPU user time: 354729, CPU sys time: 1023.188, Wall-clock time: 43859.3
    .ID. algorithm localsearch alpha beta  rho ants   q0 rasrank elitistants
643  643       acs           3  4.07 3.58 0.09   48 0.48      NA          NA
614  614       acs           3  3.85 4.98 0.13   50 0.61      NA          NA
530  530       acs           3  3.77 4.79 0.11   47 0.53      NA          NA
694  694       acs           3  3.80 4.79 0.10   48 0.55      NA          NA
702  702       acs           3  4.14 3.70 0.10   49 0.43      NA          NA
    nnls dlb .PARENT. .RANK.   .WEIGHT.
643   30   0      588     89 0.33333333
614   32   0      530     97 0.26666667
530   30   0      414    100 0.20000000
694   30   0      530    100 0.13333333
702   30   0      643    103 0.06666667
