# 2026-01-17 01:35:18 -03: Reading parameter file '/home/pestobar/Activities/irace-executions/ACOTSP/Scenarios/BL/Runs/BL_seed_1800371/parameters.txt'.
# 2026-01-17 01:35:18 -03: 1 expression(s) specifying forbidden configurations read.
# 2026-01-17 01:35:18 -03: Initialization
# Elitist race
# Elitist new instances: 1
# Elitist limit: 2
# nbIterations: 5
# minNbSurvival: 5
# nbParameters: 11
# seed: 1800371
# confidence level: 0.95
# budget: 2750
# mu: 5
# deterministic: FALSE

# 2026-01-17 01:35:18 -03: Iteration 1 of 5
# experimentsUsed: 0
# remainingBudget: 2750
# currentBudget: 550
# nbConfigurations: 91
# Markers:
     x No test is performed.
     c Configurations are discarded only due to capping.
     - The test is performed and some configurations are discarded.
     = The test is performed but no configuration is discarded.
     ! The test is performed and configurations could be discarded but elite configurations are preserved.
     . All alive configurations are elite and nothing is discarded.

+-+-----------+-----------+-----------+----------------+-----------+--------+-----+----+------+
| |   Instance|      Alive|       Best|       Mean best| Exp so far|  W time|  rho|KenW|  Qvar|
+-+-----------+-----------+-----------+----------------+-----------+--------+-----+----+------+
|x|          1|         91|         25|     32757121.00|         91|00:04:30|   NA|  NA|    NA|
|x|          2|         91|         17|     32485737.00|        182|00:04:37|+0.98|0.99|0.0020|
|x|          3|         91|         25|     32512705.33|        273|00:04:47|+0.98|0.99|0.0013|
|x|          4|         91|         25|     32562090.00|        364|00:04:33|+0.98|0.99|0.0012|
|-|          5|          3|         25|     32539994.40|        455|00:04:38|+0.55|0.64|0.3963|
+-+-----------+-----------+-----------+----------------+-----------+--------+-----+----+------+
Best-so-far configuration:          25    mean value:      32539994.40
Description of the best-so-far configuration:
   .ID. algorithm localsearch alpha beta  rho ants q0 rasrank elitistants nnls
25   25      mmas           3  1.15 8.16 0.97   60 NA      NA          NA   16
   dlb .PARENT.
25   1       NA

# 2026-01-17 01:58:27 -03: Elite configurations (first number is the configuration ID; listed from best to worst according to the sum of ranks):
   algorithm localsearch alpha beta  rho ants   q0 rasrank elitistants nnls dlb
25      mmas           3  1.15 8.16 0.97   60   NA      NA          NA   16   1
17       acs           3  2.71 8.78 0.66    6 0.09      NA          NA   42   1
28       acs           2  2.40 5.66 0.23   36 0.40      NA          NA   28   0
# 2026-01-17 01:58:27 -03: Iteration 2 of 5
# experimentsUsed: 455
# remainingBudget: 2295
# currentBudget: 573
# nbConfigurations: 84
# Markers:
     x No test is performed.
     c Configurations are discarded only due to capping.
     - The test is performed and some configurations are discarded.
     = The test is performed but no configuration is discarded.
     ! The test is performed and configurations could be discarded but elite configurations are preserved.
     . All alive configurations are elite and nothing is discarded.

+-+-----------+-----------+-----------+----------------+-----------+--------+-----+----+------+
| |   Instance|      Alive|       Best|       Mean best| Exp so far|  W time|  rho|KenW|  Qvar|
+-+-----------+-----------+-----------+----------------+-----------+--------+-----+----+------+
|x|          6|         84|         17|     32715302.00|         84|00:04:39|   NA|  NA|    NA|
|x|          3|         84|        144|     32623054.50|        165|00:04:22|+0.97|0.99|0.0049|
|x|          1|         84|         17|     32674750.33|        246|00:04:41|+0.98|0.98|0.0055|
|x|          4|         84|         25|     32690139.50|        327|00:04:44|+0.97|0.98|0.0049|
|-|          5|          7|         25|     32642434.00|        408|00:05:04|+0.27|0.42|0.7954|
|-|          2|          4|         25|     32577839.83|        412|00:00:50|-0.13|0.06|0.8928|
+-+-----------+-----------+-----------+----------------+-----------+--------+-----+----+------+
Best-so-far configuration:          25    mean value:      32577839.83
Description of the best-so-far configuration:
   .ID. algorithm localsearch alpha beta  rho ants q0 rasrank elitistants nnls
25   25      mmas           3  1.15 8.16 0.97   60 NA      NA          NA   16
   dlb .PARENT.
25   1       NA

# 2026-01-17 02:22:51 -03: Elite configurations (first number is the configuration ID; listed from best to worst according to the sum of ranks):
    algorithm localsearch alpha beta  rho ants   q0 rasrank elitistants nnls
25       mmas           3  1.15 8.16 0.97   60   NA      NA          NA   16
17        acs           3  2.71 8.78 0.66    6 0.09      NA          NA   42
105       acs           3  2.91 3.83 0.33   51 0.18      NA          NA   20
117       acs           3  3.84 7.59 0.18   53 0.54      NA          NA   25
    dlb
25    1
17    1
105   1
117   1
# 2026-01-17 02:22:51 -03: Iteration 3 of 5
# experimentsUsed: 867
# remainingBudget: 1883
# currentBudget: 627
# nbConfigurations: 81
# Markers:
     x No test is performed.
     c Configurations are discarded only due to capping.
     - The test is performed and some configurations are discarded.
     = The test is performed but no configuration is discarded.
     ! The test is performed and configurations could be discarded but elite configurations are preserved.
     . All alive configurations are elite and nothing is discarded.

+-+-----------+-----------+-----------+----------------+-----------+--------+-----+----+------+
| |   Instance|      Alive|       Best|       Mean best| Exp so far|  W time|  rho|KenW|  Qvar|
+-+-----------+-----------+-----------+----------------+-----------+--------+-----+----+------+
|x|          7|         81|        117|     32739168.00|         81|00:03:50|   NA|  NA|    NA|
|x|          2|         81|        117|     32484405.50|        158|00:03:38|+0.92|0.96|0.0029|
|x|          4|         81|        185|     32546274.33|        235|00:03:01|+0.94|0.96|0.0023|
|x|          1|         81|        185|     32599420.50|        312|00:03:26|+0.94|0.96|0.0021|
|-|          6|          9|        185|     32609795.80|        389|00:03:41|-0.01|0.19|0.8274|
|=|          5|          9|        185|     32590116.83|        394|00:00:36|+0.01|0.18|0.8370|
|=|          3|          9|        184|     32585611.43|        399|00:00:34|+0.07|0.21|0.7776|
|=|          8|          9|        184|     32612173.75|        408|00:00:36|+0.13|0.24|0.7442|
+-+-----------+-----------+-----------+----------------+-----------+--------+-----+----+------+
Best-so-far configuration:         184    mean value:      32612173.75
Description of the best-so-far configuration:
    .ID. algorithm localsearch alpha beta  rho ants  q0 rasrank elitistants
184  184       acs           3  1.98 3.91 0.42   46 0.3      NA          NA
    nnls dlb .PARENT.
184   11   1      105

# 2026-01-17 02:42:16 -03: Elite configurations (first number is the configuration ID; listed from best to worst according to the sum of ranks):
    algorithm localsearch alpha beta  rho ants   q0 rasrank elitistants nnls
184       acs           3  1.98 3.91 0.42   46 0.30      NA          NA   11
185       acs           3  2.82 6.87 0.26   35 0.34      NA          NA   47
25       mmas           3  1.15 8.16 0.97   60   NA      NA          NA   16
216       acs           3  3.87 6.20 0.62   58 0.01      NA          NA    9
173       acs           3  3.94 8.38 0.24   42 0.41      NA          NA   28
    dlb
184   1
185   1
25    1
216   0
173   1
# 2026-01-17 02:42:16 -03: Iteration 4 of 5
# experimentsUsed: 1275
# remainingBudget: 1475
# currentBudget: 737
# nbConfigurations: 86
# Markers:
     x No test is performed.
     c Configurations are discarded only due to capping.
     - The test is performed and some configurations are discarded.
     = The test is performed but no configuration is discarded.
     ! The test is performed and configurations could be discarded but elite configurations are preserved.
     . All alive configurations are elite and nothing is discarded.

+-+-----------+-----------+-----------+----------------+-----------+--------+-----+----+------+
| |   Instance|      Alive|       Best|       Mean best| Exp so far|  W time|  rho|KenW|  Qvar|
+-+-----------+-----------+-----------+----------------+-----------+--------+-----+----+------+
|x|          9|         86|        307|     32705284.00|         86|00:03:16|   NA|  NA|    NA|
|x|          7|         86|        307|     32710438.00|        167|00:03:21|+0.80|0.90|0.0017|
|x|          8|         86|        307|     32715749.67|        248|00:03:07|+0.82|0.88|0.0022|
|x|          1|         86|        315|     32772476.50|        329|00:03:17|+0.81|0.86|0.0019|
|-|          2|         23|        307|     32643152.20|        410|00:03:10|-0.04|0.17|1.0054|
|=|          6|         23|        307|     32651653.83|        428|00:01:53|+0.04|0.20|0.9258|
|-|          4|         15|        307|     32654436.71|        446|00:01:23|+0.05|0.18|0.8805|
|=|          5|         15|        307|     32639731.12|        456|00:01:36|+0.00|0.13|0.9101|
|=|          3|         15|        307|     32622242.78|        466|00:01:39|+0.01|0.12|0.8903|
|=|         10|         15|        307|     32632980.40|        481|00:01:29|+0.01|0.11|0.8997|
+-+-----------+-----------+-----------+----------------+-----------+--------+-----+----+------+
Best-so-far configuration:         307    mean value:      32632980.40
Description of the best-so-far configuration:
    .ID. algorithm localsearch alpha beta  rho ants   q0 rasrank elitistants
307  307       acs           3  2.32 4.59 0.45   48 0.16      NA          NA
    nnls dlb .PARENT.
307    7   1      184

# 2026-01-17 03:06:32 -03: Elite configurations (first number is the configuration ID; listed from best to worst according to the sum of ranks):
    algorithm localsearch alpha beta  rho ants   q0 rasrank elitistants nnls
307       acs           3  2.32 4.59 0.45   48 0.16      NA          NA    7
304       acs           3  2.26 2.46 0.30   42 0.49      NA          NA   11
315       acs           3  1.54 6.41 0.70   26 0.60      NA          NA   10
323       acs           3  2.57 3.99 0.66   55 0.40      NA          NA   17
185       acs           3  2.82 6.87 0.26   35 0.34      NA          NA   47
    dlb
307   1
304   1
315   1
323   1
185   1
# 2026-01-17 03:06:32 -03: Iteration 5 of 5
# experimentsUsed: 1756
# remainingBudget: 994
# currentBudget: 994
# nbConfigurations: 94
# Markers:
     x No test is performed.
     c Configurations are discarded only due to capping.
     - The test is performed and some configurations are discarded.
     = The test is performed but no configuration is discarded.
     ! The test is performed and configurations could be discarded but elite configurations are preserved.
     . All alive configurations are elite and nothing is discarded.

+-+-----------+-----------+-----------+----------------+-----------+--------+-----+----+------+
| |   Instance|      Alive|       Best|       Mean best| Exp so far|  W time|  rho|KenW|  Qvar|
+-+-----------+-----------+-----------+----------------+-----------+--------+-----+----+------+
|x|         11|         94|        342|     32881848.00|         94|00:03:03|   NA|  NA|    NA|
|x|          6|         94|        340|     32811939.00|        183|00:02:59|+0.60|0.80|0.0036|
|x|          1|         94|        342|     32776091.00|        272|00:02:46|+0.56|0.71|0.0045|
|x|          9|         94|        342|     32760423.25|        361|00:03:21|+0.56|0.67|0.0043|
|-|         10|         23|        342|     32748621.20|        450|00:03:18|-0.13|0.10|1.0499|
|=|          5|         23|        342|     32712113.83|        468|00:00:24|-0.12|0.07|1.0499|
|=|          4|         23|        407|     32705816.86|        486|00:00:24|-0.06|0.09|1.0031|
|=|          3|         23|        407|     32685960.88|        504|00:00:24|-0.05|0.08|1.0064|
|=|          8|         23|        407|     32695782.56|        522|00:00:23|-0.03|0.08|0.9858|
|=|          7|         23|        307|     32706101.10|        540|00:00:24|-0.03|0.08|0.9832|
|=|          2|         23|        307|     32663225.55|        558|00:00:24|-0.01|0.08|0.9665|
|=|         12|         23|        304|     32646969.17|        581|00:00:36|-0.01|0.08|0.9641|
+-+-----------+-----------+-----------+----------------+-----------+--------+-----+----+------+
Best-so-far configuration:         304    mean value:      32646969.17
Description of the best-so-far configuration:
    .ID. algorithm localsearch alpha beta rho ants   q0 rasrank elitistants
304  304       acs           3  2.26 2.46 0.3   42 0.49      NA          NA
    nnls dlb .PARENT.
304   11   1      184

# 2026-01-17 03:25:07 -03: Elite configurations (first number is the configuration ID; listed from best to worst according to the sum of ranks):
    algorithm localsearch alpha beta  rho ants   q0 rasrank elitistants nnls
304       acs           3  2.26 2.46 0.30   42 0.49      NA          NA   11
307       acs           3  2.32 4.59 0.45   48 0.16      NA          NA    7
351       acs           3  2.79 4.00 0.60   63 0.47      NA          NA   10
371       acs           3  2.08 2.76 0.36   39 0.60      NA          NA   13
401       acs           3  2.14 5.85 0.57   46 0.46      NA          NA   10
    dlb
304   1
307   1
351   1
371   1
401   1
# 2026-01-17 03:25:07 -03: Iteration 6 of 6
# experimentsUsed: 2337
# remainingBudget: 413
# currentBudget: 413
# nbConfigurations: 36
# Markers:
     x No test is performed.
     c Configurations are discarded only due to capping.
     - The test is performed and some configurations are discarded.
     = The test is performed but no configuration is discarded.
     ! The test is performed and configurations could be discarded but elite configurations are preserved.
     . All alive configurations are elite and nothing is discarded.

+-+-----------+-----------+-----------+----------------+-----------+--------+-----+----+------+
| |   Instance|      Alive|       Best|       Mean best| Exp so far|  W time|  rho|KenW|  Qvar|
+-+-----------+-----------+-----------+----------------+-----------+--------+-----+----+------+
|x|         13|         36|        449|     33002509.00|         36|00:00:42|   NA|  NA|    NA|
|x|          1|         36|        351|     32883544.00|         67|00:00:42|+0.32|0.66|0.3665|
|x|          7|         36|        351|     32827849.33|         98|00:00:42|+0.44|0.63|0.3150|
|x|          2|         36|        351|     32669365.50|        129|00:00:42|+0.48|0.61|0.2732|
|-|          4|          9|        449|     32661828.60|        160|00:00:42|+0.24|0.39|0.6563|
|=|          6|          9|        449|     32668177.00|        164|00:00:10|+0.12|0.26|0.7788|
|=|         10|          9|        449|     32674039.86|        168|00:00:10|+0.11|0.24|0.7696|
|=|          3|          9|        449|     32643661.12|        172|00:00:10|+0.13|0.24|0.7480|
|=|          9|          9|        449|     32648669.22|        176|00:00:10|+0.11|0.21|0.7680|
|=|          8|          9|        449|     32660960.30|        180|00:00:10|+0.09|0.18|0.8141|
|=|         11|          9|        449|     32694501.09|        184|00:00:10|+0.04|0.13|0.8584|
|=|          5|          9|        449|     32672334.67|        188|00:00:10|+0.04|0.12|0.8468|
|=|         12|          9|        449|     32651886.77|        192|00:00:10|+0.06|0.13|0.8292|
|=|         14|          9|        449|     32629137.43|        201|00:00:10|+0.07|0.13|0.8172|
+-+-----------+-----------+-----------+----------------+-----------+--------+-----+----+------+
Best-so-far configuration:         449    mean value:      32629137.43
Description of the best-so-far configuration:
    .ID. algorithm localsearch alpha beta  rho ants  q0 rasrank elitistants
449  449       acs           3  2.97  5.1 0.55   61 0.5      NA          NA
    nnls dlb .PARENT.
449    9   1      351

# 2026-01-17 03:30:13 -03: Elite configurations (first number is the configuration ID; listed from best to worst according to the sum of ranks):
    algorithm localsearch alpha beta  rho ants   q0 rasrank elitistants nnls
449       acs           3  2.97 5.10 0.55   61 0.50      NA          NA    9
445       acs           3  2.23 5.15 0.55   42 0.26      NA          NA   10
304       acs           3  2.26 2.46 0.30   42 0.49      NA          NA   11
351       acs           3  2.79 4.00 0.60   63 0.47      NA          NA   10
307       acs           3  2.32 4.59 0.45   48 0.16      NA          NA    7
    dlb
449   1
445   1
304   1
351   1
307   1
# 2026-01-17 03:30:13 -03: Iteration 7 of 7
# experimentsUsed: 2538
# remainingBudget: 212
# currentBudget: 212
# nbConfigurations: 18
# Markers:
     x No test is performed.
     c Configurations are discarded only due to capping.
     - The test is performed and some configurations are discarded.
     = The test is performed but no configuration is discarded.
     ! The test is performed and configurations could be discarded but elite configurations are preserved.
     . All alive configurations are elite and nothing is discarded.

+-+-----------+-----------+-----------+----------------+-----------+--------+-----+----+------+
| |   Instance|      Alive|       Best|       Mean best| Exp so far|  W time|  rho|KenW|  Qvar|
+-+-----------+-----------+-----------+----------------+-----------+--------+-----+----+------+
|x|         15|         18|        458|     32460671.00|         18|00:00:22|   NA|  NA|    NA|
|x|          3|         18|        445|     32473334.50|         31|00:00:21|+0.50|0.75|0.3828|
|x|         14|         18|        462|     32433394.33|         44|00:00:21|+0.43|0.62|0.3870|
|x|          8|         18|        304|     32524244.00|         57|00:00:21|+0.44|0.58|0.3951|
|-|         13|          9|        449|     32625587.00|         70|00:00:21|-0.11|0.11|0.9440|
|=|         10|          9|        449|     32639525.33|         74|00:00:10|-0.03|0.14|0.9024|
|=|          2|          9|        449|     32574377.29|         78|00:00:10|-0.05|0.10|0.9381|
|=|          7|          9|        449|     32598095.12|         82|00:00:10|-0.04|0.09|0.9331|
|=|          6|          9|        449|     32609408.89|         86|00:00:10|-0.00|0.11|0.9144|
|=|          9|          9|        449|     32617341.40|         90|00:00:10|+0.04|0.14|0.8710|
|=|         11|          9|        449|     32654847.55|         94|00:00:10|+0.04|0.13|0.8937|
|=|          1|          9|        449|     32660578.67|         98|00:00:10|+0.06|0.13|0.8753|
|=|          4|          9|        449|     32658642.15|        102|00:00:10|+0.08|0.15|0.8535|
|=|          5|          9|        449|     32642203.71|        106|00:00:10|+0.06|0.12|0.8584|
|-|         12|          7|        449|     32626490.93|        110|00:00:10|-0.02|0.05|0.8693|
|=|         16|          7|        449|     32649376.19|        117|00:00:10|-0.01|0.05|0.8584|
|=|         17|          7|        449|     32665737.06|        124|00:00:10|+0.00|0.06|0.8527|
+-+-----------+-----------+-----------+----------------+-----------+--------+-----+----+------+
Best-so-far configuration:         449    mean value:      32665737.06
Description of the best-so-far configuration:
    .ID. algorithm localsearch alpha beta  rho ants  q0 rasrank elitistants
449  449       acs           3  2.97  5.1 0.55   61 0.5      NA          NA
    nnls dlb .PARENT.
449    9   1      351

# 2026-01-17 03:34:06 -03: Elite configurations (first number is the configuration ID; listed from best to worst according to the sum of ranks):
    algorithm localsearch alpha beta  rho ants   q0 rasrank elitistants nnls
449       acs           3  2.97 5.10 0.55   61 0.50      NA          NA    9
459       acs           3  2.79 4.85 0.61   56 0.45      NA          NA    9
445       acs           3  2.23 5.15 0.55   42 0.26      NA          NA   10
462       acs           3  2.35 4.93 0.55   53 0.36      NA          NA   10
304       acs           3  2.26 2.46 0.30   42 0.49      NA          NA   11
    dlb
449   1
459   1
445   1
462   1
304   1
# 2026-01-17 03:34:06 -03: Iteration 8 of 8
# experimentsUsed: 2662
# remainingBudget: 88
# currentBudget: 88
# nbConfigurations: 9
# Markers:
     x No test is performed.
     c Configurations are discarded only due to capping.
     - The test is performed and some configurations are discarded.
     = The test is performed but no configuration is discarded.
     ! The test is performed and configurations could be discarded but elite configurations are preserved.
     . All alive configurations are elite and nothing is discarded.

+-+-----------+-----------+-----------+----------------+-----------+--------+-----+----+------+
| |   Instance|      Alive|       Best|       Mean best| Exp so far|  W time|  rho|KenW|  Qvar|
+-+-----------+-----------+-----------+----------------+-----------+--------+-----+----+------+
|x|         18|          9|        466|     32835881.00|          9|00:00:10|   NA|  NA|    NA|
|x|          7|          9|        464|     32778686.00|         13|00:00:10|+0.03|0.52|0.9827|
|x|         15|          9|        464|     32678679.67|         17|00:00:10|+0.22|0.48|0.7091|
|x|          8|          9|        304|     32719873.25|         21|00:00:10|-0.04|0.22|0.9155|
|=|          4|          9|        459|     32703598.00|         25|00:00:10|+0.05|0.24|0.8402|
|=|         13|          9|        464|     32764625.00|         29|00:00:10|+0.07|0.22|0.8173|
|=|          9|          9|        464|     32758277.14|         33|00:00:10|+0.14|0.26|0.7662|
|-|          5|          6|        464|     32720232.25|         37|00:00:10|+0.06|0.18|0.8178|
|=|         10|          6|        464|     32722148.33|         38|00:00:10|+0.00|0.11|0.8572|
|=|         16|          6|        464|     32739720.20|         39|00:00:10|+0.05|0.15|0.8187|
|=|         17|          6|        464|     32752856.55|         40|00:00:10|+0.04|0.12|0.8321|
|=|         12|          6|        464|     32727133.00|         41|00:00:10|-0.00|0.08|0.8559|
|=|          2|          6|        464|     32689749.92|         42|00:00:10|+0.02|0.09|0.8365|
|=|          6|          6|        449|     32696710.71|         43|00:00:10|+0.01|0.08|0.8504|
|=|          1|          6|        449|     32698504.73|         44|00:00:10|+0.03|0.09|0.8298|
|=|         11|          6|        464|     32710509.38|         45|00:00:10|+0.03|0.09|0.8380|
|=|         14|          6|        449|     32696522.12|         46|00:00:10|+0.01|0.07|0.8469|
|=|          3|          6|        449|     32681771.44|         47|00:00:10|+0.02|0.07|0.8384|
|=|         19|          6|        464|     32660793.95|         53|00:00:10|-0.01|0.05|0.8513|
+-+-----------+-----------+-----------+----------------+-----------+--------+-----+----+------+
Best-so-far configuration:         464    mean value:      32660793.95
Description of the best-so-far configuration:
    .ID. algorithm localsearch alpha beta  rho ants   q0 rasrank elitistants
464  464       acs           3  2.93  4.9 0.59   58 0.59      NA          NA
    nnls dlb .PARENT.
464   11   1      459

# 2026-01-17 03:37:26 -03: Elite configurations (first number is the configuration ID; listed from best to worst according to the sum of ranks):
    algorithm localsearch alpha beta  rho ants   q0 rasrank elitistants nnls
464       acs           3  2.93 4.90 0.59   58 0.59      NA          NA   11
449       acs           3  2.97 5.10 0.55   61 0.50      NA          NA    9
459       acs           3  2.79 4.85 0.61   56 0.45      NA          NA    9
445       acs           3  2.23 5.15 0.55   42 0.26      NA          NA   10
462       acs           3  2.35 4.93 0.55   53 0.36      NA          NA   10
    dlb
464   1
449   1
459   1
445   1
462   1
# 2026-01-17 03:37:26 -03: Iteration 9 of 9
# experimentsUsed: 2715
# remainingBudget: 35
# currentBudget: 35
# nbConfigurations: 6
# Markers:
     x No test is performed.
     c Configurations are discarded only due to capping.
     - The test is performed and some configurations are discarded.
     = The test is performed but no configuration is discarded.
     ! The test is performed and configurations could be discarded but elite configurations are preserved.
     . All alive configurations are elite and nothing is discarded.

+-+-----------+-----------+-----------+----------------+-----------+--------+-----+----+------+
| |   Instance|      Alive|       Best|       Mean best| Exp so far|  W time|  rho|KenW|  Qvar|
+-+-----------+-----------+-----------+----------------+-----------+--------+-----+----+------+
|x|         20|          6|        468|     32186286.00|          6|00:00:10|   NA|  NA|    NA|
|x|         10|          6|        468|     32428859.50|          7|00:00:10|-0.09|0.46|1.0889|
|x|         18|          6|        468|     32566791.00|          8|00:00:10|-0.10|0.26|0.9856|
|x|         14|          6|        468|     32511283.75|          9|00:00:10|+0.00|0.25|0.9219|
|=|          6|          6|        468|     32550604.40|         10|00:00:10|-0.06|0.15|0.9113|
|=|         11|          6|        468|     32619128.33|         11|00:00:10|-0.07|0.11|0.8693|
|=|          4|          6|        468|     32626912.43|         12|00:00:10|-0.11|0.05|0.9268|
|=|          2|          6|        459|     32583300.50|         13|00:00:10|-0.11|0.03|0.9206|
|=|          9|          6|        468|     32595346.11|         14|00:00:10|-0.06|0.05|0.8917|
|=|         13|          6|        449|     32642919.70|         15|00:00:10|-0.02|0.08|0.8616|
|=|          8|          6|        449|     32654616.09|         16|00:00:10|+0.02|0.11|0.8389|
|=|          1|          6|        449|     32660366.50|         17|00:00:10|+0.06|0.14|0.8108|
|=|         12|          6|        468|     32632964.46|         18|00:00:10|+0.08|0.15|0.7886|
|=|         17|          6|        468|     32651836.36|         19|00:00:10|+0.07|0.14|0.7973|
|=|          3|          6|        468|     32636778.20|         20|00:00:10|+0.03|0.10|0.8028|
|=|         19|          6|        468|     32620366.19|         21|00:00:10|-0.01|0.06|0.8351|
|=|         16|          6|        468|     32638986.76|         22|00:00:10|-0.01|0.05|0.8314|
|=|          5|          6|        468|     32628594.67|         23|00:00:10|-0.01|0.05|0.8312|
|=|         15|          6|        468|     32617542.53|         24|00:00:10|-0.00|0.05|0.8214|
|=|          7|          6|        468|     32622950.20|         25|00:00:10|-0.01|0.04|0.8200|
|=|         21|          6|        468|     32622919.81|         31|00:00:10|-0.01|0.03|0.8297|
+-+-----------+-----------+-----------+----------------+-----------+--------+-----+----+------+
Best-so-far configuration:         468    mean value:      32622919.81
Description of the best-so-far configuration:
    .ID. algorithm localsearch alpha beta  rho ants   q0 rasrank elitistants
468  468       acs           3  3.18 5.14 0.57   63 0.52      NA          NA
    nnls dlb .PARENT.
468   11   1      449

# 2026-01-17 03:41:07 -03: Elite configurations (first number is the configuration ID; listed from best to worst according to the sum of ranks):
    algorithm localsearch alpha beta  rho ants   q0 rasrank elitistants nnls
468       acs           3  3.18 5.14 0.57   63 0.52      NA          NA   11
449       acs           3  2.97 5.10 0.55   61 0.50      NA          NA    9
464       acs           3  2.93 4.90 0.59   58 0.59      NA          NA   11
459       acs           3  2.79 4.85 0.61   56 0.45      NA          NA    9
462       acs           3  2.35 4.93 0.55   53 0.36      NA          NA   10
    dlb
468   1
449   1
464   1
459   1
462   1
# 2026-01-17 03:41:07 -03: Stopped because there is not enough budget left to race more than the minimum (5).
# You may either increase the budget or set 'minNbSurvival' to a lower value.
# Iteration: 10
# nbIterations: 10
# experimentsUsed: 2746
# timeUsed: 0
# remainingBudget: 4
# currentBudget: 4
# number of elites: 5
# nbConfigurations: 5
# Total CPU user time: 54161.92, CPU sys time: 265.198, Wall-clock time: 7548.851
# 2026-01-17 03:41:07 -03: Starting post-selection:
# Configurations selected: 468, 449, 464, 459.
# Pending instances: 0, 0, 0, 0.
# 2026-01-17 03:41:07 -03: seed: 1800371
# Configurations: 4
# Available experiments: 4
# minSurvival: 1
# Markers:
     x No test is performed.
     c Configurations are discarded only due to capping.
     - The test is performed and some configurations are discarded.
     = The test is performed but no configuration is discarded.
     ! The test is performed and configurations could be discarded but elite configurations are preserved.
     . All alive configurations are elite and nothing is discarded.

+-+-----------+-----------+-----------+----------------+-----------+--------+-----+----+------+
| |   Instance|      Alive|       Best|       Mean best| Exp so far|  W time|  rho|KenW|  Qvar|
+-+-----------+-----------+-----------+----------------+-----------+--------+-----+----+------+
|.|         19|          4|        459|     32321689.00|          0|00:00:00|   NA|  NA|    NA|
|.|         21|          4|        459|     32436124.00|          0|00:00:00|+1.00|1.00|0.0009|
|.|          8|          4|        459|     32558002.00|          0|00:00:00|+0.33|0.56|0.4742|
|.|          6|          4|        459|     32588352.50|          0|00:00:00|+0.53|0.65|0.3421|
|.|          4|          4|        459|     32597692.20|          0|00:00:00|+0.64|0.71|0.3121|
|.|          5|          4|        459|     32576926.83|          0|00:00:00|+0.29|0.41|0.5297|
|.|         14|          4|        459|     32554760.57|          0|00:00:00|+0.16|0.28|0.6253|
|.|         12|          4|        459|     32539714.25|          0|00:00:00|+0.09|0.21|0.6694|
|.|         18|          4|        459|     32576190.11|          0|00:00:00|-0.02|0.09|0.7504|
|.|          3|          4|        459|     32569320.50|          0|00:00:00|-0.07|0.04|0.7835|
|.|          2|          4|        459|     32532962.36|          0|00:00:00|-0.03|0.06|0.7509|
|.|         15|          4|        459|     32533034.17|          0|00:00:00|-0.07|0.02|0.7817|
|.|         10|          4|        459|     32547400.15|          0|00:00:00|-0.06|0.02|0.7710|
|.|          7|          4|        459|     32556825.86|          0|00:00:00|-0.05|0.02|0.7737|
|.|         16|          4|        459|     32587534.33|          0|00:00:00|-0.07|0.00|0.7891|
|.|         13|          4|        459|     32617505.19|          0|00:00:00|-0.06|0.01|0.7838|
|.|         17|          4|        459|     32636820.41|          0|00:00:00|-0.06|0.00|0.7880|
|.|          9|          4|        459|     32642266.67|          0|00:00:00|-0.05|0.01|0.7789|
|.|          1|          4|        459|     32647304.95|          0|00:00:00|-0.03|0.02|0.7696|
|.|         20|          4|        459|     32625037.05|          0|00:00:00|-0.02|0.03|0.7564|
|.|         11|          4|        459|     32641514.76|          0|00:00:00|-0.02|0.02|0.7634|
|=|         22|          4|        468|     32643221.45|          4|00:00:10|-0.04|0.01|0.7728|
+-+-----------+-----------+-----------+----------------+-----------+--------+-----+----+------+
Best-so-far configuration:         468    mean value:      32643221.45
Description of the best-so-far configuration:
    .ID. algorithm localsearch alpha beta  rho ants   q0 rasrank elitistants
468  468       acs           3  3.18 5.14 0.57   63 0.52      NA          NA
    nnls dlb .PARENT.
468   11   1      449

# 2026-01-17 03:41:18 -03: Elite configurations (first number is the configuration ID; listed from best to worst according to the sum of ranks):
    algorithm localsearch alpha beta  rho ants   q0 rasrank elitistants nnls
468       acs           3  3.18 5.14 0.57   63 0.52      NA          NA   11
449       acs           3  2.97 5.10 0.55   61 0.50      NA          NA    9
464       acs           3  2.93 4.90 0.59   58 0.59      NA          NA   11
459       acs           3  2.79 4.85 0.61   56 0.45      NA          NA    9
    dlb
468   1
449   1
464   1
459   1
# Total CPU user time: 54203.42, CPU sys time: 265.551, Wall-clock time: 7559.429
    .ID. algorithm localsearch alpha beta  rho ants   q0 rasrank elitistants
468  468       acs           3  3.18 5.14 0.57   63 0.52      NA          NA
449  449       acs           3  2.97 5.10 0.55   61 0.50      NA          NA
464  464       acs           3  2.93 4.90 0.59   58 0.59      NA          NA
459  459       acs           3  2.79 4.85 0.61   56 0.45      NA          NA
    nnls dlb .PARENT. .RANK. .WEIGHT.
468   11   1      449     52      0.4
449    9   1      351     53      0.3
464   11   1      459     57      0.2
459    9   1      449     58      0.1
