# 2026-01-26 18:01:50 -03: Reading parameter file '/home/pestobar/Activities/irace-executions/PSO-X/Scenarios/BH-65/Runs/BH-65_seed_900149/parameters.txt'.
# 2026-01-26 18:01:50 -03: 2 expression(s) specifying forbidden configurations read.
# 2026-01-26 18:01:50 -03: Initialization
# Elitist race
# Elitist new instances: 1
# Elitist limit: 2
# nbIterations: 5
# minNbSurvival: 5
# nbParameters: 8
# seed: 900149
# confidence level: 0.95
# budget: 4000
# mu: 5
# deterministic: FALSE

# 2026-01-26 18:01:50 -03: Iteration 1 of 5
# experimentsUsed: 0
# remainingBudget: 4000
# currentBudget: 800
# nbConfigurations: 65
# Markers:
     x No test is performed.
     c Configurations are discarded only due to capping.
     - The test is performed and some configurations are discarded.
     = The test is performed but no configuration is discarded.
     ! The test is performed and configurations could be discarded but elite configurations are preserved.
     . All alive configurations are elite and nothing is discarded.

+-+-----------+-----------+-----------+----------------+-----------+--------+-----+----+------+
| |   Instance|      Alive|       Best|       Mean best| Exp so far|  W time|  rho|KenW|  Qvar|
+-+-----------+-----------+-----------+----------------+-----------+--------+-----+----+------+
|x|          1|         65|         63|     531.7400703|         65|00:04:20|   NA|  NA|    NA|
|x|          2|         65|         34|     270.1631617|        130|00:00:46|+0.34|0.67|0.7100|
|x|          3|         65|         59|     189.1070028|        195|00:00:46|+0.37|0.58|0.6178|
|x|          4|         65|         14|     167.4960767|        260|00:00:47|+0.47|0.60|0.5131|
|-|          5|         19|         14|     134.0847581|        325|00:00:45|-0.04|0.16|0.9426|
|=|          6|         19|         63|     109.5848169|        344|00:00:06|-0.00|0.16|0.9112|
|=|          7|         19|         63|     10256.40756|        363|00:00:05|+0.03|0.17|0.9018|
+-+-----------+-----------+-----------+----------------+-----------+--------+-----+----+------+
Best-so-far configuration:          63    mean value:      10256.40756
Description of the best-so-far configuration:
   .ID. particles topology modInfluence branching tSchedule phi1 phi2 inertia
63   63        11        2            1        NA        NA 1.57 2.17    0.34
   .PARENT.
63       NA

# 2026-01-26 18:09:29 -03: Elite configurations (first number is the configuration ID; listed from best to worst according to the sum of ranks):
   particles topology modInfluence branching tSchedule phi1 phi2 inertia
63        11        2            1        NA        NA 1.57 2.17    0.34
14        99        4            1        NA        NA 1.90 1.92    0.81
46        40        1            2        NA        NA 1.08 1.95    0.04
59        84        4            0        NA        NA 2.10 1.25    0.51
8         12        1            2        NA        NA 2.06 1.13    0.30
# 2026-01-26 18:09:29 -03: Iteration 2 of 5
# experimentsUsed: 363
# remainingBudget: 3637
# currentBudget: 909
# nbConfigurations: 65
# Markers:
     x No test is performed.
     c Configurations are discarded only due to capping.
     - The test is performed and some configurations are discarded.
     = The test is performed but no configuration is discarded.
     ! The test is performed and configurations could be discarded but elite configurations are preserved.
     . All alive configurations are elite and nothing is discarded.

+-+-----------+-----------+-----------+----------------+-----------+--------+-----+----+------+
| |   Instance|      Alive|       Best|       Mean best| Exp so far|  W time|  rho|KenW|  Qvar|
+-+-----------+-----------+-----------+----------------+-----------+--------+-----+----+------+
|x|          8|         65|         95|     2.708831659|         65|00:00:28|   NA|  NA|    NA|
|x|          1|         65|         90|     268.3344543|        125|00:03:45|+0.43|0.72|0.5717|
|x|          3|         65|         63|     178.3740634|        185|00:00:27|+0.45|0.64|0.4269|
|x|          7|         65|         46|     13957.62886|        245|00:00:28|+0.50|0.63|0.3851|
|-|          2|         26|         90|     13834.68964|        305|00:00:29|-0.03|0.18|1.0785|
|=|          6|         26|         90|     11529.01606|        326|00:00:15|+0.04|0.20|1.0072|
|=|          5|         26|         63|     10241.96734|        347|00:00:15|+0.07|0.20|0.9285|
|-|          4|         15|         90|     8659.231726|        368|00:00:15|+0.02|0.14|0.9607|
|=|          9|         15|         85|     6735.660754|        383|00:01:18|+0.01|0.12|0.9396|
|=|         10|         15|         85|     7862.787147|        398|00:00:15|+0.02|0.12|0.9355|
+-+-----------+-----------+-----------+----------------+-----------+--------+-----+----+------+
Best-so-far configuration:          85    mean value:      7862.787147
Description of the best-so-far configuration:
   .ID. particles topology modInfluence branching tSchedule phi1 phi2 inertia
85   85        36        1            1        NA        NA 2.46 2.21    0.27
   .PARENT.
85       46

# 2026-01-26 18:17:29 -03: Elite configurations (first number is the configuration ID; listed from best to worst according to the sum of ranks):
   particles topology modInfluence branching tSchedule phi1 phi2 inertia
85        36        1            1        NA        NA 2.46 2.21    0.27
90        17        4            2        NA        NA 1.40 2.36    0.18
63        11        2            1        NA        NA 1.57 2.17    0.34
14        99        4            1        NA        NA 1.90 1.92    0.81
59        84        4            0        NA        NA 2.10 1.25    0.51
# 2026-01-26 18:17:29 -03: Iteration 3 of 5
# experimentsUsed: 761
# remainingBudget: 3239
# currentBudget: 1079
# nbConfigurations: 65
# Markers:
     x No test is performed.
     c Configurations are discarded only due to capping.
     - The test is performed and some configurations are discarded.
     = The test is performed but no configuration is discarded.
     ! The test is performed and configurations could be discarded but elite configurations are preserved.
     . All alive configurations are elite and nothing is discarded.

+-+-----------+-----------+-----------+----------------+-----------+--------+-----+----+------+
| |   Instance|      Alive|       Best|       Mean best| Exp so far|  W time|  rho|KenW|  Qvar|
+-+-----------+-----------+-----------+----------------+-----------+--------+-----+----+------+
|x|         11|         65|        132|     968893.5496|         65|00:00:20|   NA|  NA|    NA|
|x|         10|         65|        184|     634661.7618|        125|00:00:18|+0.63|0.82|0.6132|
|x|          9|         65|         14|     2450275.355|        185|00:03:43|+0.36|0.58|0.5066|
|x|          7|         65|        163|     932222.0964|        245|00:00:19|+0.09|0.32|0.4008|
|-|          5|         42|        163|     745777.7525|        305|00:00:21|-0.13|0.09|1.0636|
|=|          6|         42|        163|     621481.5608|        342|00:00:08|-0.07|0.11|0.9908|
|=|          4|         42|        163|     532709.0856|        379|00:00:07|-0.04|0.11|0.9686|
|=|          1|         42|        163|     466276.5851|        416|00:02:14|-0.04|0.09|0.9642|
|=|          8|         42|        163|     414468.3935|        453|00:00:06|+0.01|0.12|0.9146|
|=|          2|         42|        163|     373023.5607|        490|00:00:07|-0.01|0.09|0.9545|
|=|          3|         42|        163|     339112.3533|        527|00:00:07|-0.00|0.09|0.9528|
|=|         12|         42|         63|     251899.7710|        569|00:00:08|+0.01|0.09|0.9493|
+-+-----------+-----------+-----------+----------------+-----------+--------+-----+----+------+
Best-so-far configuration:          63    mean value:      251899.7710
Description of the best-so-far configuration:
   .ID. particles topology modInfluence branching tSchedule phi1 phi2 inertia
63   63        11        2            1        NA        NA 1.57 2.17    0.34
   .PARENT.
63       NA

# 2026-01-26 18:25:34 -03: Elite configurations (first number is the configuration ID; listed from best to worst according to the sum of ranks):
    particles topology modInfluence branching tSchedule phi1 phi2 inertia
63         11        2            1        NA        NA 1.57 2.17    0.34
163        20        0            1        NA        NA 1.89 2.40    0.27
90         17        4            2        NA        NA 1.40 2.36    0.18
157        17        1            2        NA        NA 2.14 1.84    0.25
142        21        5            1        NA         4 2.13 2.19    0.36
# 2026-01-26 18:25:34 -03: Iteration 4 of 5
# experimentsUsed: 1330
# remainingBudget: 2670
# currentBudget: 1335
# nbConfigurations: 65
# Markers:
     x No test is performed.
     c Configurations are discarded only due to capping.
     - The test is performed and some configurations are discarded.
     = The test is performed but no configuration is discarded.
     ! The test is performed and configurations could be discarded but elite configurations are preserved.
     . All alive configurations are elite and nothing is discarded.

+-+-----------+-----------+-----------+----------------+-----------+--------+-----+----+------+
| |   Instance|      Alive|       Best|       Mean best| Exp so far|  W time|  rho|KenW|  Qvar|
+-+-----------+-----------+-----------+----------------+-----------+--------+-----+----+------+
|x|         13|         65|        200|     70.61535350|         65|00:00:16|   NA|  NA|    NA|
|x|          5|         65|        220|     42.71177579|        125|00:00:15|-0.04|0.48|0.0004|
|x|         10|         65|        191|     1989.553482|        185|00:00:15|+0.01|0.34|0.3375|
|x|          6|         65|        191|     1492.326522|        245|00:00:16|+0.17|0.38|0.2525|
|-|          2|         28|        191|     1197.849992|        305|00:00:15|-0.05|0.16|1.0325|
|=|         11|         28|        191|     614350.1771|        328|00:00:10|-0.03|0.14|1.0120|
|=|          7|         28|        191|     533997.7276|        351|00:00:10|-0.01|0.13|1.0038|
|=|          3|         28|        191|     467248.0466|        374|00:00:09|+0.01|0.14|0.9774|
|=|          8|         28|        191|     415331.9191|        397|00:00:09|+0.03|0.13|0.9667|
|=|          9|         28|        163|     372900.6579|        420|00:01:45|+0.01|0.11|0.9835|
|=|          1|         28|        191|     340014.7173|        443|00:01:39|-0.02|0.07|1.0066|
|=|          4|         28|        241|     288342.0107|        466|00:00:09|+0.00|0.09|0.9883|
|=|         12|         28|        241|     266164.1194|        489|00:00:09|-0.01|0.06|1.0028|
|=|         14|         28|        241|     248782.2609|        517|00:00:10|-0.03|0.05|1.0030|
+-+-----------+-----------+-----------+----------------+-----------+--------+-----+----+------+
Best-so-far configuration:         241    mean value:      248782.2609
Description of the best-so-far configuration:
    .ID. particles topology modInfluence branching tSchedule phi1 phi2 inertia
241  241        17        0            1        NA        NA 2.07 2.48    0.26
    .PARENT.
241      163

# 2026-01-26 18:31:30 -03: Elite configurations (first number is the configuration ID; listed from best to worst according to the sum of ranks):
    particles topology modInfluence branching tSchedule phi1 phi2 inertia
241        17        0            1        NA        NA 2.07 2.48    0.26
191        20        0            1        NA        NA 2.28 2.28    0.27
208        32        0            1        NA        NA 1.82 2.30    0.32
163        20        0            1        NA        NA 1.89 2.40    0.27
197        15        4            2        NA        NA 1.58 2.35    0.20
# 2026-01-26 18:31:30 -03: Iteration 5 of 5
# experimentsUsed: 1847
# remainingBudget: 2153
# currentBudget: 2153
# nbConfigurations: 65
# Markers:
     x No test is performed.
     c Configurations are discarded only due to capping.
     - The test is performed and some configurations are discarded.
     = The test is performed but no configuration is discarded.
     ! The test is performed and configurations could be discarded but elite configurations are preserved.
     . All alive configurations are elite and nothing is discarded.

+-+-----------+-----------+-----------+----------------+-----------+--------+-----+----+------+
| |   Instance|      Alive|       Best|       Mean best| Exp so far|  W time|  rho|KenW|  Qvar|
+-+-----------+-----------+-----------+----------------+-----------+--------+-----+----+------+
|x|         15|         65|        293|     83.51821366|         65|00:00:32|   NA|  NA|    NA|
|x|          4|         65|        293|     68.28148433|        125|00:00:30|+0.82|0.91|0.2172|
|x|          8|         65|        293|     46.37472242|        185|00:00:27|+0.28|0.52|0.6692|
|x|         12|         65|        293|     41.40186022|        245|00:00:29|-0.01|0.24|1.0350|
|=|          6|         65|        279|     41.31218920|        305|00:00:30|+0.05|0.24|0.9973|
|-|          5|         40|        279|     34.49522505|        365|00:00:28|-0.06|0.12|1.0349|
|=|          9|         40|        279|     162.2253480|        400|00:02:31|-0.04|0.11|0.9861|
|=|         14|         40|        260|     2888.104541|        435|00:00:23|-0.03|0.10|0.9977|
|=|          3|         40|        260|     2567.235565|        470|00:00:21|-0.03|0.09|0.9848|
|=|          2|         40|        279|     2402.766660|        505|00:00:21|-0.01|0.09|0.9535|
|=|         10|         40|        279|     3128.062936|        540|00:00:21|-0.01|0.08|0.9686|
|=|          7|         40|        279|     8824.644233|        575|00:00:21|-0.03|0.06|0.9673|
|=|          1|         40|        260|     7891.631578|        610|00:02:31|-0.02|0.06|0.9670|
|=|         13|         40|        279|     7657.515276|        645|00:00:22|-0.03|0.05|0.9613|
|=|         11|         40|        279|     271227.6071|        680|00:00:22|-0.02|0.05|0.9639|
|=|         16|         40|        279|     254334.3490|        720|00:02:38|-0.02|0.04|0.9570|
+-+-----------+-----------+-----------+----------------+-----------+--------+-----+----+------+
Best-so-far configuration:         279    mean value:      254334.3490
Description of the best-so-far configuration:
    .ID. particles topology modInfluence branching tSchedule phi1 phi2 inertia
279  279        26        0            1        NA        NA 2.03 2.48    0.32
    .PARENT.
279      241

# 2026-01-26 18:44:45 -03: Elite configurations (first number is the configuration ID; listed from best to worst according to the sum of ranks):
    particles topology modInfluence branching tSchedule phi1 phi2 inertia
279        26        0            1        NA        NA 2.03 2.48    0.32
260        24        0            1        NA        NA 2.33 2.19    0.32
295        14        0            1        NA        NA 2.11 2.42    0.28
296        26        0            1        NA        NA 2.41 2.13    0.25
294        16        0            1        NA        NA 2.00 2.29    0.24
# 2026-01-26 18:44:45 -03: Iteration 6 of 6
# experimentsUsed: 2567
# remainingBudget: 1433
# currentBudget: 1433
# nbConfigurations: 65
# Markers:
     x No test is performed.
     c Configurations are discarded only due to capping.
     - The test is performed and some configurations are discarded.
     = The test is performed but no configuration is discarded.
     ! The test is performed and configurations could be discarded but elite configurations are preserved.
     . All alive configurations are elite and nothing is discarded.

+-+-----------+-----------+-----------+----------------+-----------+--------+-----+----+------+
| |   Instance|      Alive|       Best|       Mean best| Exp so far|  W time|  rho|KenW|  Qvar|
+-+-----------+-----------+-----------+----------------+-----------+--------+-----+----+------+
|x|         17|         65|        329|     284.4500511|         65|00:04:13|   NA|  NA|    NA|
|x|         12|         65|        315|     185.0970693|        125|00:00:29|-0.09|0.46|1.2129|
|x|         13|         65|        343|     152.7272237|        185|00:00:30|-0.03|0.31|0.9805|
|x|         15|         65|        312|     147.6749841|        245|00:00:32|-0.08|0.19|0.8945|
|=|         16|         65|        316|     297.0055093|        305|00:03:45|-0.02|0.18|0.8537|
|=|          8|         65|        358|     258.5376097|        365|00:00:29|+0.02|0.18|0.8349|
|=|         14|         65|        358|     3352.104603|        425|00:00:33|+0.01|0.15|0.9438|
|=|          6|         65|        306|     2948.679106|        485|00:00:30|+0.00|0.13|0.9208|
|=|          5|         65|        322|     2212.891055|        545|00:00:30|+0.00|0.11|0.9261|
|=|          4|         65|        346|     2352.169939|        605|00:00:30|+0.03|0.12|0.8800|
|=|          9|         65|        260|     2227.183961|        665|00:03:43|+0.01|0.10|0.9521|
|=|          2|         65|        322|     1745.858495|        725|00:00:29|+0.02|0.10|0.9279|
|=|          1|         65|        260|     1979.842168|        785|00:03:46|+0.02|0.09|0.9803|
|=|         10|         65|        260|     2406.027580|        845|00:00:29|-0.01|0.07|1.0035|
|=|          7|         65|        260|     6932.340933|        905|00:00:29|-0.01|0.05|0.9905|
|=|         11|         65|        363|     240338.5103|        965|00:00:31|-0.02|0.05|1.0010|
|=|          3|         65|        363|     226200.9671|       1025|00:00:28|-0.00|0.05|0.9787|
|=|         18|         65|        363|     213651.2322|       1090|00:00:31|-0.00|0.05|0.9730|
+-+-----------+-----------+-----------+----------------+-----------+--------+-----+----+------+
Best-so-far configuration:         363    mean value:      213651.2322
Description of the best-so-far configuration:
    .ID. particles topology modInfluence branching tSchedule phi1 phi2 inertia
363  363        21        0            1        NA        NA 2.25 2.32    0.22
    .PARENT.
363      296

# 2026-01-26 19:07:22 -03: Elite configurations (first number is the configuration ID; listed from best to worst according to the sum of ranks):
    particles topology modInfluence branching tSchedule phi1 phi2 inertia
363        21        0            1        NA        NA 2.25 2.32    0.22
260        24        0            1        NA        NA 2.33 2.19    0.32
279        26        0            1        NA        NA 2.03 2.48    0.32
324        26        0            1        NA        NA 2.39 2.18    0.40
322        31        0            1        NA        NA 2.47 2.35    0.36
# 2026-01-26 19:07:22 -03: There is not enough budget to enforce the value of nbConfigurations, returning to default behaviour nbConfigurations:22.
# Iteration: 7
# nbIterations: 7
# experimentsUsed: 3657
# timeUsed: 0
# remainingBudget: 343
# currentBudget: 343
# number of elites: 5
# nbConfigurations: 22
# 2026-01-26 19:07:22 -03: Iteration 7 of 7
# experimentsUsed: 3657
# remainingBudget: 343
# currentBudget: 343
# nbConfigurations: 22
# Markers:
     x No test is performed.
     c Configurations are discarded only due to capping.
     - The test is performed and some configurations are discarded.
     = The test is performed but no configuration is discarded.
     ! The test is performed and configurations could be discarded but elite configurations are preserved.
     . All alive configurations are elite and nothing is discarded.

+-+-----------+-----------+-----------+----------------+-----------+--------+-----+----+------+
| |   Instance|      Alive|       Best|       Mean best| Exp so far|  W time|  rho|KenW|  Qvar|
+-+-----------+-----------+-----------+----------------+-----------+--------+-----+----+------+
|x|         19|         22|        373|     3.488487590|         22|00:00:12|   NA|  NA|    NA|
|x|          8|         22|        260|     3.208057591|         39|00:00:09|+0.31|0.65|0.7718|
|x|         15|         22|        279|     39.89691467|         56|00:00:10|+0.18|0.46|0.7812|
|x|         17|         22|        375|     100.6865346|         73|00:01:13|+0.02|0.27|0.8764|
|=|         18|         22|        375|     170.5038971|         90|00:00:10|-0.05|0.16|0.9876|
|=|          2|         22|        324|     130.1960843|        107|00:00:10|-0.01|0.16|0.9508|
|=|         11|         22|        324|     525833.4307|        124|00:00:10|-0.05|0.10|1.0097|
|=|         14|         22|        322|     616683.0975|        141|00:00:11|-0.06|0.08|0.9734|
|=|          1|         22|        324|     411649.3073|        158|00:01:14|-0.03|0.09|0.9547|
|=|          6|         22|        324|     370484.4359|        175|00:00:10|+0.01|0.11|0.9310|
|=|          5|         22|        324|     336804.0694|        192|00:00:09|+0.03|0.12|0.9123|
|=|          4|         22|        324|     308743.2322|        209|00:00:09|+0.03|0.11|0.9097|
|=|         12|         22|        260|     308548.8631|        226|00:00:09|+0.05|0.12|0.8931|
|=|         10|         22|        260|     287077.2613|        243|00:00:09|+0.03|0.10|0.9173|
|-|          9|         12|        260|     268000.4782|        260|00:01:13|-0.00|0.06|0.9248|
|=|          3|         12|        324|     232188.3852|        267|00:00:04|+0.01|0.07|0.9171|
|=|          7|         12|        363|     226158.9418|        274|00:00:04|-0.00|0.05|0.9237|
|=|         16|         12|        260|     227291.0639|        281|00:00:36|-0.01|0.04|0.9292|
|=|         13|         12|        279|     214211.3299|        288|00:00:05|-0.02|0.03|0.9355|
|=|         20|         12|        279|     203500.9561|        300|00:00:08|-0.02|0.03|0.9279|
+-+-----------+-----------+-----------+----------------+-----------+--------+-----+----+------+
Best-so-far configuration:         279    mean value:      203500.9561
Description of the best-so-far configuration:
    .ID. particles topology modInfluence branching tSchedule phi1 phi2 inertia
279  279        26        0            1        NA        NA 2.03 2.48    0.32
    .PARENT.
279      241

# 2026-01-26 19:14:06 -03: Elite configurations (first number is the configuration ID; listed from best to worst according to the sum of ranks):
    particles topology modInfluence branching tSchedule phi1 phi2 inertia
279        26        0            1        NA        NA 2.03 2.48    0.32
260        24        0            1        NA        NA 2.33 2.19    0.32
363        21        0            1        NA        NA 2.25 2.32    0.22
324        26        0            1        NA        NA 2.39 2.18    0.40
368        14        0            1        NA        NA 2.35 2.33    0.21
# 2026-01-26 19:14:06 -03: There is not enough budget to enforce the value of nbConfigurations, returning to default behaviour nbConfigurations:6.
# Iteration: 8
# nbIterations: 8
# experimentsUsed: 3957
# timeUsed: 0
# remainingBudget: 43
# currentBudget: 43
# number of elites: 5
# nbConfigurations: 6
# 2026-01-26 19:14:06 -03: Iteration 8 of 8
# experimentsUsed: 3957
# remainingBudget: 43
# currentBudget: 43
# nbConfigurations: 6
# Markers:
     x No test is performed.
     c Configurations are discarded only due to capping.
     - The test is performed and some configurations are discarded.
     = The test is performed but no configuration is discarded.
     ! The test is performed and configurations could be discarded but elite configurations are preserved.
     . All alive configurations are elite and nothing is discarded.

+-+-----------+-----------+-----------+----------------+-----------+--------+-----+----+------+
| |   Instance|      Alive|       Best|       Mean best| Exp so far|  W time|  rho|KenW|  Qvar|
+-+-----------+-----------+-----------+----------------+-----------+--------+-----+----+------+
|x|         21|          6|        383|     1222.368309|          6|00:00:40|   NA|  NA|    NA|
|x|          7|          6|        368|     29244.41584|          7|00:00:05|+0.03|0.51|0.9286|
|x|         15|          6|        383|     21364.00040|          8|00:00:05|+0.01|0.34|0.8585|
|x|         10|          6|        368|     15125.28786|          9|00:00:04|-0.15|0.14|0.9520|
|=|         11|          6|        368|     545662.5089|         10|00:00:05|-0.11|0.11|0.8921|
|=|          6|          6|        368|     454718.8700|         11|00:00:04|-0.14|0.05|0.9443|
|=|         19|          6|        279|     577778.2842|         12|00:00:04|-0.13|0.03|0.9505|
|=|         13|          6|        279|     505566.1444|         13|00:00:04|-0.06|0.07|0.8944|
|=|          1|          6|        279|     449528.6081|         14|00:00:34|-0.10|0.03|0.9203|
|=|          9|          6|        279|     404668.6079|         15|00:00:33|-0.08|0.03|0.9115|
|=|          5|          6|        279|     367880.5899|         16|00:00:04|-0.07|0.03|0.9010|
|=|         12|          6|        279|     337225.7272|         17|00:00:04|-0.06|0.02|0.8938|
|=|          2|          6|        279|     311286.8216|         18|00:00:04|-0.05|0.03|0.8855|
|=|         20|          6|        279|     289052.3240|         19|00:00:05|-0.05|0.02|0.8825|
|=|         14|          6|        279|     271306.9594|         20|00:00:05|-0.06|0.01|0.8818|
|=|         16|          6|        279|     254408.7418|         21|00:00:35|-0.05|0.02|0.8763|
|=|          3|          6|        279|     239443.5381|         22|00:00:04|-0.05|0.02|0.8724|
|=|          4|          6|        279|     226144.8759|         23|00:00:05|-0.04|0.02|0.8656|
|=|          8|          6|        279|     214242.6589|         24|00:00:04|-0.04|0.01|0.8632|
|=|         17|          6|        363|     192337.0313|         25|00:00:34|-0.04|0.01|0.8606|
|=|         18|          6|        279|     193870.1269|         26|00:00:04|-0.04|0.01|0.8663|
|=|         22|          6|        363|     174865.7636|         32|00:00:05|-0.05|0.00|0.8693|
+-+-----------+-----------+-----------+----------------+-----------+--------+-----+----+------+
Best-so-far configuration:         363    mean value:      174865.7636
Description of the best-so-far configuration:
    .ID. particles topology modInfluence branching tSchedule phi1 phi2 inertia
363  363        21        0            1        NA        NA 2.25 2.32    0.22
    .PARENT.
363      296

# 2026-01-26 19:18:28 -03: Elite configurations (first number is the configuration ID; listed from best to worst according to the sum of ranks):
    particles topology modInfluence branching tSchedule phi1 phi2 inertia
363        21        0            1        NA        NA 2.25 2.32    0.22
279        26        0            1        NA        NA 2.03 2.48    0.32
260        24        0            1        NA        NA 2.33 2.19    0.32
368        14        0            1        NA        NA 2.35 2.33    0.21
324        26        0            1        NA        NA 2.39 2.18    0.40
# 2026-01-26 19:18:28 -03: There is not enough budget to enforce the value of nbConfigurations, returning to default behaviour nbConfigurations:5.
# Iteration: 9
# nbIterations: 9
# experimentsUsed: 3989
# timeUsed: 0
# remainingBudget: 11
# currentBudget: 11
# number of elites: 5
# nbConfigurations: 5
# 2026-01-26 19:18:28 -03: Stopped because there is not enough budget left to race more than the minimum (5).
# You may either increase the budget or set 'minNbSurvival' to a lower value.
# Iteration: 9
# nbIterations: 9
# experimentsUsed: 3989
# timeUsed: 0
# remainingBudget: 11
# currentBudget: 11
# number of elites: 5
# nbConfigurations: 5
# Total CPU user time: 37227.63, CPU sys time: 243.089, Wall-clock time: 4598.47
# 2026-01-26 19:18:28 -03: Starting post-selection:
# Configurations selected: 363, 279, 260, 368, 324, 322.
# Pending instances: 1, 1, 1, 1, 1, 3.
# 2026-01-26 19:18:29 -03: seed: 900149
# Configurations: 6
# Available experiments: 11
# minSurvival: 1
# Markers:
     x No test is performed.
     c Configurations are discarded only due to capping.
     - The test is performed and some configurations are discarded.
     = The test is performed but no configuration is discarded.
     ! The test is performed and configurations could be discarded but elite configurations are preserved.
     . All alive configurations are elite and nothing is discarded.

+-+-----------+-----------+-----------+----------------+-----------+--------+-----+----+------+
| |   Instance|      Alive|       Best|       Mean best| Exp so far|  W time|  rho|KenW|  Qvar|
+-+-----------+-----------+-----------+----------------+-----------+--------+-----+----+------+
|.|         14|          6|        363|     18329.88945|          0|00:00:00|   NA|  NA|    NA|
|.|         15|          6|        363|     9226.867541|          0|00:00:00|-0.43|0.29|0.8648|
|x|         22|          6|        363|     6151.390147|          1|00:00:05|-0.14|0.24|0.8288|
|.|          6|          6|        363|     4613.703768|          1|00:00:00|-0.19|0.11|0.8672|
|x|         21|          6|        279|     4847.962466|          2|00:00:38|-0.14|0.09|0.8816|
|.|          4|          6|        279|     4051.238686|          2|00:00:00|-0.09|0.10|0.8690|
|.|          9|          6|        279|     3605.148315|          2|00:00:00|-0.06|0.09|0.8589|
|.|         20|          6|        279|     3154.986528|          2|00:00:00|-0.07|0.07|0.8652|
|.|         11|          6|        279|     442938.7539|          2|00:00:00|-0.08|0.04|0.8805|
|.|         19|          6|        279|     398645.2323|          2|00:00:00|-0.04|0.06|0.8541|
|.|         12|          6|        279|     362406.7782|          2|00:00:00|-0.02|0.07|0.8576|
|.|         16|          6|        279|     332284.1698|          2|00:00:00|-0.01|0.08|0.8522|
|.|          8|          6|        279|     306724.0607|          2|00:00:00|-0.01|0.07|0.8606|
|.|          5|          6|        279|     284815.2286|          2|00:00:00|-0.02|0.05|0.8666|
|.|         10|          6|        279|     266519.6150|          2|00:00:00|-0.02|0.05|0.8662|
|.|          3|          6|        279|     249862.1565|          2|00:00:00|-0.01|0.05|0.8577|
|.|         13|          6|        279|     235169.1570|          2|00:00:00|-0.02|0.04|0.8604|
|.|          2|          6|        279|     222105.3125|          2|00:00:00|-0.03|0.03|0.8635|
|.|          1|          6|        279|     210480.2075|          2|00:00:00|-0.02|0.03|0.8593|
|.|         17|          6|        279|     199976.3024|          2|00:00:00|-0.03|0.02|0.8662|
|.|          7|          6|        279|     193857.7660|          2|00:00:00|-0.04|0.01|0.8656|
|.|         18|          6|        279|     185057.8694|          2|00:00:00|-0.04|0.01|0.8681|
|=|         23|          6|        279|     177108.5482|          8|00:00:05|-0.04|0.00|0.8690|
+-+-----------+-----------+-----------+----------------+-----------+--------+-----+----+------+
Best-so-far configuration:         279    mean value:      177108.5482
Description of the best-so-far configuration:
    .ID. particles topology modInfluence branching tSchedule phi1 phi2 inertia
279  279        26        0            1        NA        NA 2.03 2.48    0.32
    .PARENT.
279      241

# 2026-01-26 19:19:18 -03: Elite configurations (first number is the configuration ID; listed from best to worst according to the sum of ranks):
    particles topology modInfluence branching tSchedule phi1 phi2 inertia
279        26        0            1        NA        NA 2.03 2.48    0.32
324        26        0            1        NA        NA 2.39 2.18    0.40
260        24        0            1        NA        NA 2.33 2.19    0.32
363        21        0            1        NA        NA 2.25 2.32    0.22
368        14        0            1        NA        NA 2.35 2.33    0.21
# Total CPU user time: 37298.27, CPU sys time: 243.551, Wall-clock time: 4648.2
    .ID. particles topology modInfluence branching tSchedule phi1 phi2 inertia
279  279        26        0            1        NA        NA 2.03 2.48    0.32
324  324        26        0            1        NA        NA 2.39 2.18    0.40
260  260        24        0            1        NA        NA 2.33 2.19    0.32
363  363        21        0            1        NA        NA 2.25 2.32    0.22
368  368        14        0            1        NA        NA 2.35 2.33    0.21
    .PARENT. .RANK.   .WEIGHT.
279      241     77 0.33333333
324      260     78 0.26666667
260      191     80 0.20000000
363      296     81 0.13333333
368      363     83 0.06666667
