# 2026-01-19 11:26:52 -03: Reading parameter file '/home/pestobar/Activities/irace-executions/ACOTSP/Scenarios/BH/Runs/BH_seed_400031/parameters.txt'.
# 2026-01-19 11:26:52 -03: 1 expression(s) specifying forbidden configurations read.
# 2026-01-19 11:26:52 -03: Initialization
# Elitist race
# Elitist new instances: 1
# Elitist limit: 2
# nbIterations: 5
# minNbSurvival: 5
# nbParameters: 11
# seed: 400031
# confidence level: 0.95
# budget: 5500
# mu: 5
# deterministic: FALSE

# 2026-01-19 11:26:52 -03: Iteration 1 of 5
# experimentsUsed: 0
# remainingBudget: 5500
# currentBudget: 1100
# nbConfigurations: 183
# Markers:
     x No test is performed.
     c Configurations are discarded only due to capping.
     - The test is performed and some configurations are discarded.
     = The test is performed but no configuration is discarded.
     ! The test is performed and configurations could be discarded but elite configurations are preserved.
     . All alive configurations are elite and nothing is discarded.

+-+-----------+-----------+-----------+----------------+-----------+--------+-----+----+------+
| |   Instance|      Alive|       Best|       Mean best| Exp so far|  W time|  rho|KenW|  Qvar|
+-+-----------+-----------+-----------+----------------+-----------+--------+-----+----+------+
|x|          1|        183|        178|     32731089.00|        183|00:08:27|   NA|  NA|    NA|
|x|          2|        183|        178|     32772618.50|        366|00:08:42|+0.98|0.99|0.0013|
|x|          3|        183|         17|     32769450.00|        549|00:09:19|+0.98|0.99|0.0014|
|x|          4|        183|         17|     32839095.50|        732|00:08:56|+0.98|0.98|0.0012|
|-|          5|          9|         17|     32778359.20|        915|00:09:14|+0.24|0.39|0.5903|
|-|          6|          5|         17|     32798518.17|        924|00:01:55|+0.14|0.28|0.6298|
+-+-----------+-----------+-----------+----------------+-----------+--------+-----+----+------+
Best configuration for the instances in this race: 17
Best-so-far configuration:          46    mean value:      32791210.00
Description of the best-so-far configuration:
   .ID. algorithm localsearch alpha beta  rho ants   q0 rasrank elitistants
46   46       acs           3  4.59 7.08 0.25   39 0.01      NA          NA
   nnls dlb .PARENT.
46   25   0       NA

# 2026-01-19 12:13:28 -03: Elite configurations (first number is the configuration ID; listed from best to worst according to the sum of ranks):
    algorithm localsearch alpha beta  rho ants   q0 rasrank elitistants nnls
46        acs           3  4.59 7.08 0.25   39 0.01      NA          NA   25
17        ras           3  2.32 0.05 0.64   26   NA      39          NA   38
178      mmas           3  4.77 6.57 0.37   99   NA      NA          NA   42
85       mmas           3  2.13 3.09 0.12   18   NA      NA          NA   10
138       acs           3  4.22 1.73 0.57    8 0.34      NA          NA   32
    dlb
46    0
17    0
178   1
85    1
138   1
# 2026-01-19 12:13:28 -03: Iteration 2 of 5
# experimentsUsed: 924
# remainingBudget: 4576
# currentBudget: 1144
# nbConfigurations: 167
# Markers:
     x No test is performed.
     c Configurations are discarded only due to capping.
     - The test is performed and some configurations are discarded.
     = The test is performed but no configuration is discarded.
     ! The test is performed and configurations could be discarded but elite configurations are preserved.
     . All alive configurations are elite and nothing is discarded.

+-+-----------+-----------+-----------+----------------+-----------+--------+-----+----+------+
| |   Instance|      Alive|       Best|       Mean best| Exp so far|  W time|  rho|KenW|  Qvar|
+-+-----------+-----------+-----------+----------------+-----------+--------+-----+----+------+
|x|          7|        167|        267|     32558484.00|        167|00:08:30|   NA|  NA|    NA|
|x|          6|        167|        261|     32735025.00|        329|00:09:29|+0.97|0.98|0.0020|
|x|          1|        167|        338|     32727363.67|        491|00:09:42|+0.97|0.98|0.0019|
|x|          5|        167|        254|     32674566.00|        653|00:10:07|+0.97|0.98|0.0016|
|-|          3|         13|        254|     32671356.00|        815|00:09:29|+0.23|0.38|0.6544|
|-|          4|         12|        254|     32733522.67|        823|00:01:54|+0.28|0.40|0.6098|
|-|          2|          9|        254|     32746787.86|        830|00:01:57|-0.10|0.06|0.9713|
|=|          8|          9|        254|     32729368.00|        839|00:01:41|-0.07|0.06|0.9708|
|=|          9|          9|        343|     32652531.22|        848|00:02:05|-0.05|0.07|0.9478|
+-+-----------+-----------+-----------+----------------+-----------+--------+-----+----+------+
Best-so-far configuration:         343    mean value:      32652531.22
Description of the best-so-far configuration:
    .ID. algorithm localsearch alpha beta  rho ants q0 rasrank elitistants nnls
343  343      mmas           3  2.95 0.86 0.13   26 NA      NA          NA   11
    dlb .PARENT.
343   0       85

# 2026-01-19 13:08:26 -03: Elite configurations (first number is the configuration ID; listed from best to worst according to the sum of ranks):
    algorithm localsearch alpha beta  rho ants   q0 rasrank elitistants nnls
343      mmas           3  2.95 0.86 0.13   26   NA      NA          NA   11
254      mmas           3  4.79 2.99 0.19   43   NA      NA          NA   21
46        acs           3  4.59 7.08 0.25   39 0.01      NA          NA   25
295       acs           3  2.82 4.45 0.58   58 0.53      NA          NA   32
263       acs           3  4.43 2.47 0.74   10 0.27      NA          NA   29
    dlb
343   0
254   0
46    0
295   1
263   1
# 2026-01-19 13:08:26 -03: Iteration 3 of 5
# experimentsUsed: 1772
# remainingBudget: 3728
# currentBudget: 1242
# nbConfigurations: 128
# Markers:
     x No test is performed.
     c Configurations are discarded only due to capping.
     - The test is performed and some configurations are discarded.
     = The test is performed but no configuration is discarded.
     ! The test is performed and configurations could be discarded but elite configurations are preserved.
     . All alive configurations are elite and nothing is discarded.

+-+-----------+-----------+-----------+----------------+-----------+--------+-----+----+------+
| |   Instance|      Alive|       Best|       Mean best| Exp so far|  W time|  rho|KenW|  Qvar|
+-+-----------+-----------+-----------+----------------+-----------+--------+-----+----+------+
|x|         10|        128|        465|     32916544.00|        128|00:07:22|   NA|  NA|    NA|
|x|          5|        128|        465|     32672724.00|        251|00:06:48|+0.89|0.94|0.0045|
|x|          6|        128|        465|     32728661.67|        374|00:07:01|+0.88|0.92|0.0040|
|x|          7|        128|        465|     32676260.75|        497|00:06:38|+0.89|0.91|0.0034|
|-|          2|         19|        465|     32687502.40|        620|00:06:30|+0.01|0.21|0.8748|
|=|          9|         19|        465|     32607298.17|        634|00:00:48|+0.03|0.19|0.8534|
|=|          4|         19|        465|     32665496.86|        648|00:01:01|+0.04|0.18|0.8582|
|=|          1|         19|        465|     32667676.00|        662|00:01:00|+0.03|0.15|0.8839|
|=|          8|         19|        465|     32653140.67|        676|00:01:04|+0.03|0.14|0.8888|
|=|          3|         19|        465|     32660272.50|        690|00:00:51|+0.04|0.13|0.8833|
|-|         11|          4|        465|     32645558.64|        709|00:01:01|-0.05|0.05|0.7544|
+-+-----------+-----------+-----------+----------------+-----------+--------+-----+----+------+
Best-so-far configuration:         465    mean value:      32645558.64
Description of the best-so-far configuration:
    .ID. algorithm localsearch alpha beta  rho ants   q0 rasrank elitistants
465  465       acs           3  3.94 6.93 0.66   67 0.77      NA          NA
    nnls dlb .PARENT.
465   17   0      295

# 2026-01-19 13:48:37 -03: Elite configurations (first number is the configuration ID; listed from best to worst according to the sum of ranks):
    algorithm localsearch alpha beta  rho ants   q0 rasrank elitistants nnls
465       acs           3  3.94 6.93 0.66   67 0.77      NA          NA   17
343      mmas           3  2.95 0.86 0.13   26   NA      NA          NA   11
463       acs           3  4.36 7.94 0.37   60 0.12      NA          NA   19
446       acs           3  4.84 7.09 0.14   46 0.11      NA          NA   24
    dlb
465   0
343   0
463   1
446   0
# 2026-01-19 13:48:37 -03: Iteration 4 of 5
# experimentsUsed: 2481
# remainingBudget: 3019
# currentBudget: 1509
# nbConfigurations: 129
# Markers:
     x No test is performed.
     c Configurations are discarded only due to capping.
     - The test is performed and some configurations are discarded.
     = The test is performed but no configuration is discarded.
     ! The test is performed and configurations could be discarded but elite configurations are preserved.
     . All alive configurations are elite and nothing is discarded.

+-+-----------+-----------+-----------+----------------+-----------+--------+-----+----+------+
| |   Instance|      Alive|       Best|       Mean best| Exp so far|  W time|  rho|KenW|  Qvar|
+-+-----------+-----------+-----------+----------------+-----------+--------+-----+----+------+
|x|         12|        129|        508|     32539531.00|        129|00:06:56|   NA|  NA|    NA|
|x|          1|        129|        508|     32592101.00|        254|00:06:34|+0.79|0.90|0.0047|
|x|          5|        129|        508|     32554571.67|        379|00:06:24|+0.78|0.85|0.0054|
|x|         10|        129|        465|     32677902.75|        504|00:06:48|+0.80|0.85|0.0048|
|-|          8|         34|        572|     32653495.60|        629|00:06:29|-0.07|0.14|1.0279|
|=|          2|         34|        465|     32663489.67|        659|00:02:21|-0.05|0.13|1.0149|
|=|          7|         34|        465|     32642856.57|        689|00:02:06|-0.01|0.13|0.9793|
|=|          4|         34|        465|     32689335.62|        719|00:02:11|-0.00|0.12|0.9797|
|=|          3|         34|        465|     32693238.22|        749|00:02:18|-0.01|0.10|0.9819|
|=|          6|         34|        465|     32707968.10|        779|00:02:21|+0.00|0.10|0.9669|
|=|          9|         34|        465|     32662359.82|        809|00:02:06|+0.01|0.10|0.9539|
|-|         11|         14|        465|     32648698.17|        839|00:02:21|-0.03|0.05|0.9463|
|=|         13|         14|        475|     32641352.69|        853|00:01:09|-0.02|0.06|0.9348|
|=|         14|         14|        475|     32644928.64|        867|00:01:14|-0.01|0.06|0.9350|
+-+-----------+-----------+-----------+----------------+-----------+--------+-----+----+------+
Best-so-far configuration:         475    mean value:      32644928.64
Description of the best-so-far configuration:
    .ID. algorithm localsearch alpha beta  rho ants q0 rasrank elitistants nnls
475  475      mmas           3  2.84 2.67 0.12   20 NA      NA          NA   14
    dlb .PARENT.
475   0      343

# 2026-01-19 14:40:02 -03: Elite configurations (first number is the configuration ID; listed from best to worst according to the sum of ranks):
    algorithm localsearch alpha beta  rho ants   q0 rasrank elitistants nnls
475      mmas           3  2.84 2.67 0.12   20   NA      NA          NA   14
465       acs           3  3.94 6.93 0.66   67 0.77      NA          NA   17
556       acs           3  3.47 5.90 0.70   67 0.62      NA          NA    9
477       acs           3  3.72 6.02 0.55   67 0.72      NA          NA   14
585       acs           3  4.08 8.67 0.28   58 0.28      NA          NA   16
    dlb
475   0
465   0
556   1
477   0
585   0
# 2026-01-19 14:40:02 -03: Iteration 5 of 5
# experimentsUsed: 3348
# remainingBudget: 2152
# currentBudget: 2152
# nbConfigurations: 148
# Markers:
     x No test is performed.
     c Configurations are discarded only due to capping.
     - The test is performed and some configurations are discarded.
     = The test is performed but no configuration is discarded.
     ! The test is performed and configurations could be discarded but elite configurations are preserved.
     . All alive configurations are elite and nothing is discarded.

+-+-----------+-----------+-----------+----------------+-----------+--------+-----+----+------+
| |   Instance|      Alive|       Best|       Mean best| Exp so far|  W time|  rho|KenW|  Qvar|
+-+-----------+-----------+-----------+----------------+-----------+--------+-----+----+------+
|x|         15|        148|        658|     32714387.00|        148|00:07:39|   NA|  NA|    NA|
|x|          4|        148|        722|     32842983.50|        291|00:07:18|+0.52|0.76|0.0055|
|x|         13|        148|        645|     32801021.00|        434|00:07:10|+0.56|0.71|0.0050|
|x|          8|        148|        475|     32720121.75|        577|00:07:18|+0.56|0.67|0.0050|
|-|          5|         44|        475|     32669287.40|        720|00:07:39|-0.02|0.19|1.0320|
|=|         11|         44|        475|     32639817.83|        759|00:02:24|+0.05|0.21|0.9616|
|=|         10|         44|        475|     32685316.29|        798|00:02:17|+0.05|0.19|0.9506|
|=|          3|         44|        465|     32688255.50|        837|00:02:04|+0.05|0.17|0.9486|
|-|          2|         28|        465|     32693168.11|        876|00:02:23|-0.03|0.09|0.9908|
|=|          9|         28|        721|     32640131.10|        899|00:01:40|-0.02|0.08|0.9790|
|=|          6|         28|        475|     32659087.09|        922|00:01:40|-0.01|0.09|0.9643|
|=|          1|         28|        475|     32661251.08|        945|00:01:35|+0.00|0.08|0.9531|
|=|         14|         28|        475|     32663571.46|        968|00:01:42|+0.01|0.09|0.9451|
|=|         12|         28|        475|     32663985.43|        991|00:01:39|+0.00|0.07|0.9539|
|=|          7|         28|        475|     32654214.87|       1014|00:01:39|+0.00|0.07|0.9498|
|=|         16|         28|        475|     32654258.25|       1042|00:01:47|-0.00|0.06|0.9547|
+-+-----------+-----------+-----------+----------------+-----------+--------+-----+----+------+
Best-so-far configuration:         475    mean value:      32654258.25
Description of the best-so-far configuration:
    .ID. algorithm localsearch alpha beta  rho ants q0 rasrank elitistants nnls
475  475      mmas           3  2.84 2.67 0.12   20 NA      NA          NA   14
    dlb .PARENT.
475   0      343

# 2026-01-19 15:38:04 -03: Elite configurations (first number is the configuration ID; listed from best to worst according to the sum of ranks):
    algorithm localsearch alpha beta  rho ants   q0 rasrank elitistants nnls
475      mmas           3  2.84 2.67 0.12   20   NA      NA          NA   14
721      mmas           3  2.80 2.19 0.15   28   NA      NA          NA   16
465       acs           3  3.94 6.93 0.66   67 0.77      NA          NA   17
645       acs           3  3.40 8.88 0.25   45 0.28      NA          NA   18
556       acs           3  3.47 5.90 0.70   67 0.62      NA          NA    9
    dlb
475   0
721   0
465   0
645   0
556   1
# 2026-01-19 15:38:04 -03: Iteration 6 of 6
# experimentsUsed: 4390
# remainingBudget: 1110
# currentBudget: 1110
# nbConfigurations: 70
# Markers:
     x No test is performed.
     c Configurations are discarded only due to capping.
     - The test is performed and some configurations are discarded.
     = The test is performed but no configuration is discarded.
     ! The test is performed and configurations could be discarded but elite configurations are preserved.
     . All alive configurations are elite and nothing is discarded.

+-+-----------+-----------+-----------+----------------+-----------+--------+-----+----+------+
| |   Instance|      Alive|       Best|       Mean best| Exp so far|  W time|  rho|KenW|  Qvar|
+-+-----------+-----------+-----------+----------------+-----------+--------+-----+----+------+
|x|         17|         70|        465|     32363095.00|         70|00:05:00|   NA|  NA|    NA|
|x|         10|         70|        465|     32639819.50|        135|00:04:18|+0.46|0.73|0.1396|
|x|          9|         70|        753|     32489968.67|        200|00:04:26|+0.39|0.59|0.1915|
|x|         14|         70|        753|     32550611.00|        265|00:04:30|+0.39|0.54|0.1716|
|-|         16|         33|        753|     32561760.20|        330|00:04:43|-0.11|0.11|1.0510|
|=|          2|         33|        777|     32592918.00|        358|00:02:06|-0.07|0.11|1.0266|
|=|          1|         33|        753|     32607328.00|        386|00:02:13|-0.05|0.10|1.0030|
|=|          4|         33|        721|     32651726.75|        414|00:01:56|-0.03|0.09|0.9894|
|=|         13|         33|        721|     32649726.44|        442|00:02:13|-0.02|0.10|0.9623|
|=|          8|         33|        721|     32636841.00|        470|00:02:06|+0.02|0.11|0.9378|
|=|         12|         33|        721|     32637536.64|        498|00:02:15|+0.01|0.10|0.9458|
|=|          6|         33|        721|     32658880.08|        526|00:02:13|+0.00|0.09|0.9569|
|=|         15|         33|        475|     32667333.46|        554|00:02:17|+0.01|0.09|0.9550|
|=|          3|         33|        721|     32671191.64|        582|00:01:58|+0.01|0.08|0.9547|
|=|          7|         33|        475|     32662960.67|        610|00:01:54|+0.02|0.08|0.9516|
|=|         11|         33|        475|     32652305.00|        638|00:02:02|+0.03|0.09|0.9419|
|-|          5|         19|        465|     32640938.94|        666|00:02:00|-0.01|0.05|0.9585|
|=|         18|         19|        465|     32644891.56|        685|00:01:30|-0.02|0.04|0.9620|
|=|         19|         19|        475|     32643544.68|        704|00:01:23|-0.02|0.04|0.9652|
+-+-----------+-----------+-----------+----------------+-----------+--------+-----+----+------+
Best-so-far configuration:         475    mean value:      32643544.68
Description of the best-so-far configuration:
    .ID. algorithm localsearch alpha beta  rho ants q0 rasrank elitistants nnls
475  475      mmas           3  2.84 2.67 0.12   20 NA      NA          NA   14
    dlb .PARENT.
475   0      343

# 2026-01-19 16:29:15 -03: Elite configurations (first number is the configuration ID; listed from best to worst according to the sum of ranks):
    algorithm localsearch alpha beta  rho ants   q0 rasrank elitistants nnls
475      mmas           3  2.84 2.67 0.12   20   NA      NA          NA   14
465       acs           3  3.94 6.93 0.66   67 0.77      NA          NA   17
721      mmas           3  2.80 2.19 0.15   28   NA      NA          NA   16
747       acs           3  3.80 8.54 0.23   51 0.29      NA          NA   16
556       acs           3  3.47 5.90 0.70   67 0.62      NA          NA    9
    dlb
475   0
465   0
721   0
747   0
556   1
# 2026-01-19 16:29:15 -03: Iteration 7 of 7
# experimentsUsed: 5094
# remainingBudget: 406
# currentBudget: 406
# nbConfigurations: 25
# Markers:
     x No test is performed.
     c Configurations are discarded only due to capping.
     - The test is performed and some configurations are discarded.
     = The test is performed but no configuration is discarded.
     ! The test is performed and configurations could be discarded but elite configurations are preserved.
     . All alive configurations are elite and nothing is discarded.

+-+-----------+-----------+-----------+----------------+-----------+--------+-----+----+------+
| |   Instance|      Alive|       Best|       Mean best| Exp so far|  W time|  rho|KenW|  Qvar|
+-+-----------+-----------+-----------+----------------+-----------+--------+-----+----+------+
|x|         20|         25|        465|     32874809.00|         25|00:01:50|   NA|  NA|    NA|
|x|          6|         25|        465|     32857673.00|         45|00:01:35|+0.16|0.58|0.7578|
|x|         16|         25|        465|     32780349.67|         65|00:01:41|+0.19|0.46|0.7226|
|x|         11|         25|        465|     32709867.25|         85|00:01:51|+0.22|0.42|0.7318|
|-|          2|         12|        465|     32714387.60|        105|00:01:48|-0.09|0.12|0.9741|
|=|          3|         12|        465|     32716066.17|        112|00:00:35|-0.06|0.12|0.9750|
|=|          1|         12|        465|     32711332.43|        119|00:01:02|-0.04|0.11|0.9466|
|=|          9|         12|        465|     32648200.50|        126|00:00:43|-0.02|0.11|0.9163|
|=|         15|         12|        465|     32659172.78|        133|00:00:45|+0.01|0.12|0.8866|
|=|         17|         12|        465|     32629565.00|        140|00:00:41|+0.05|0.15|0.8554|
|=|         18|         12|        465|     32637066.91|        147|00:00:45|-0.00|0.09|0.9029|
|=|          8|         12|        465|     32628716.17|        154|00:00:48|-0.01|0.07|0.9083|
|=|          4|         12|        465|     32658406.38|        161|00:00:38|+0.01|0.09|0.8877|
|=|         19|         12|        747|     32650954.00|        168|00:00:49|+0.02|0.09|0.8966|
|=|         10|         12|        465|     32680879.27|        175|00:00:51|+0.02|0.09|0.8899|
|=|         14|         12|        475|     32677430.88|        182|00:00:43|+0.03|0.09|0.8796|
|=|          5|         12|        465|     32669335.82|        189|00:01:14|+0.03|0.09|0.8712|
|=|         12|         12|        465|     32670107.89|        196|00:00:47|+0.03|0.08|0.8671|
|=|          7|         12|        475|     32657454.63|        203|00:00:48|+0.03|0.08|0.8665|
|=|         13|         12|        465|     32661010.95|        210|00:00:55|+0.03|0.08|0.8627|
|=|         21|         12|        465|     32650611.05|        222|00:01:01|+0.03|0.08|0.8634|
+-+-----------+-----------+-----------+----------------+-----------+--------+-----+----+------+
Best-so-far configuration:         465    mean value:      32650611.05
Description of the best-so-far configuration:
    .ID. algorithm localsearch alpha beta  rho ants   q0 rasrank elitistants
465  465       acs           3  3.94 6.93 0.66   67 0.77      NA          NA
    nnls dlb .PARENT.
465   17   0      295

# 2026-01-19 16:51:18 -03: Elite configurations (first number is the configuration ID; listed from best to worst according to the sum of ranks):
    algorithm localsearch alpha beta  rho ants   q0 rasrank elitistants nnls
465       acs           3  3.94 6.93 0.66   67 0.77      NA          NA   17
475      mmas           3  2.84 2.67 0.12   20   NA      NA          NA   14
721      mmas           3  2.80 2.19 0.15   28   NA      NA          NA   16
747       acs           3  3.80 8.54 0.23   51 0.29      NA          NA   16
819      mmas           3  3.14 2.92 0.11   21   NA      NA          NA   15
    dlb
465   0
475   0
721   0
747   0
819   0
# 2026-01-19 16:51:18 -03: Iteration 8 of 8
# experimentsUsed: 5316
# remainingBudget: 184
# currentBudget: 184
# nbConfigurations: 13
# Markers:
     x No test is performed.
     c Configurations are discarded only due to capping.
     - The test is performed and some configurations are discarded.
     = The test is performed but no configuration is discarded.
     ! The test is performed and configurations could be discarded but elite configurations are preserved.
     . All alive configurations are elite and nothing is discarded.

+-+-----------+-----------+-----------+----------------+-----------+--------+-----+----+------+
| |   Instance|      Alive|       Best|       Mean best| Exp so far|  W time|  rho|KenW|  Qvar|
+-+-----------+-----------+-----------+----------------+-----------+--------+-----+----+------+
|x|         22|         13|        825|     32657984.00|         13|00:00:57|   NA|  NA|    NA|
|x|         17|         13|        721|     32554020.50|         21|00:00:45|+0.05|0.52|0.6519|
|x|         21|         13|        828|     32518362.67|         29|00:00:42|+0.24|0.49|0.4050|
|x|          1|         13|        828|     32555047.75|         37|00:00:45|+0.33|0.50|0.5301|
|-|         16|         11|        828|     32564349.60|         45|00:00:41|-0.07|0.15|0.9791|
|=|          8|         11|        828|     32554598.33|         51|00:00:43|-0.03|0.14|0.9016|
|=|         13|         11|        828|     32570448.57|         57|00:00:41|-0.02|0.12|0.9146|
|=|         19|         11|        828|     32583434.75|         63|00:00:35|-0.07|0.07|0.9533|
|=|          7|         11|        475|     32574361.11|         69|00:00:39|-0.01|0.10|0.9127|
|=|          9|         11|        475|     32528985.00|         75|00:00:41|+0.02|0.11|0.8707|
|=|         12|         11|        721|     32541021.18|         81|00:00:41|+0.01|0.10|0.8836|
|=|          2|         11|        721|     32555132.67|         87|00:00:38|+0.02|0.10|0.8775|
|=|         20|         11|        721|     32583077.31|         93|00:00:38|+0.02|0.10|0.8756|
|=|          4|         11|        721|     32611761.43|         99|00:00:35|+0.05|0.12|0.8418|
|=|          3|         11|        721|     32616495.40|        105|00:00:41|+0.05|0.12|0.8419|
|-|          5|          9|        721|     32608515.25|        111|00:00:44|-0.02|0.04|0.8905|
|=|          6|          9|        475|     32624505.94|        115|00:00:39|-0.02|0.04|0.9025|
|=|         15|          9|        475|     32633379.06|        119|00:00:43|-0.01|0.05|0.8883|
|=|         11|          9|        475|     32625962.79|        123|00:00:38|+0.01|0.07|0.8681|
|=|         14|          9|        475|     32629235.45|        127|00:00:38|+0.02|0.07|0.8543|
|=|         18|          9|        475|     32635089.57|        131|00:00:38|+0.02|0.07|0.8537|
|=|         10|          9|        475|     32649781.27|        135|00:00:37|+0.04|0.08|0.8456|
|=|         23|          9|        475|     32651022.61|        144|00:00:49|+0.01|0.06|0.8653|
+-+-----------+-----------+-----------+----------------+-----------+--------+-----+----+------+
Best-so-far configuration:         475    mean value:      32651022.61
Description of the best-so-far configuration:
    .ID. algorithm localsearch alpha beta  rho ants q0 rasrank elitistants nnls
475  475      mmas           3  2.84 2.67 0.12   20 NA      NA          NA   14
    dlb .PARENT.
475   0      343

# 2026-01-19 17:07:16 -03: Elite configurations (first number is the configuration ID; listed from best to worst according to the sum of ranks):
    algorithm localsearch alpha beta  rho ants   q0 rasrank elitistants nnls
475      mmas           3  2.84 2.67 0.12   20   NA      NA          NA   14
465       acs           3  3.94 6.93 0.66   67 0.77      NA          NA   17
721      mmas           3  2.80 2.19 0.15   28   NA      NA          NA   16
747       acs           3  3.80 8.54 0.23   51 0.29      NA          NA   16
819      mmas           3  3.14 2.92 0.11   21   NA      NA          NA   15
    dlb
475   0
465   0
721   0
747   0
819   0
# 2026-01-19 17:07:16 -03: Iteration 9 of 9
# experimentsUsed: 5460
# remainingBudget: 40
# currentBudget: 40
# nbConfigurations: 6
# Markers:
     x No test is performed.
     c Configurations are discarded only due to capping.
     - The test is performed and some configurations are discarded.
     = The test is performed but no configuration is discarded.
     ! The test is performed and configurations could be discarded but elite configurations are preserved.
     . All alive configurations are elite and nothing is discarded.

+-+-----------+-----------+-----------+----------------+-----------+--------+-----+----+------+
| |   Instance|      Alive|       Best|       Mean best| Exp so far|  W time|  rho|KenW|  Qvar|
+-+-----------+-----------+-----------+----------------+-----------+--------+-----+----+------+
|x|         24|          6|        475|     32492612.00|          6|00:00:35|   NA|  NA|    NA|
|x|          1|          6|        475|     32588833.50|          7|00:00:21|-0.54|0.23|1.1610|
|x|         13|          6|        475|     32608807.67|          8|00:00:20|-0.22|0.19|0.9478|
|x|         12|          6|        721|     32647224.00|          9|00:00:21|-0.30|0.03|1.0473|
|=|         22|          6|        721|     32653977.60|         10|00:00:20|-0.13|0.09|0.9086|
|=|          6|          6|        475|     32666753.33|         11|00:00:20|-0.07|0.11|0.8456|
|=|          9|          6|        475|     32588731.43|         12|00:00:20|+0.03|0.17|0.7692|
|=|         17|          6|        475|     32569477.25|         13|00:00:19|+0.00|0.13|0.8081|
|=|          3|          6|        721|     32600550.11|         14|00:00:19|+0.03|0.14|0.7690|
|=|         10|          6|        721|     32634288.20|         15|00:00:19|+0.04|0.14|0.7665|
|=|          7|          6|        475|     32616654.55|         16|00:00:19|+0.06|0.14|0.7721|
|=|         16|          6|        721|     32627455.33|         17|00:00:19|-0.00|0.08|0.8307|
|=|         11|          6|        475|     32610044.54|         18|00:00:19|+0.01|0.09|0.8180|
|=|          4|          6|        475|     32634058.86|         19|00:00:18|+0.04|0.11|0.7871|
|=|         18|          6|        475|     32641933.07|         20|00:00:20|+0.06|0.12|0.7800|
|=|         14|          6|        475|     32645025.75|         21|00:00:19|+0.03|0.09|0.8040|
|=|         15|          6|        475|     32653213.76|         22|00:00:19|+0.05|0.10|0.7923|
|=|          8|          6|        475|     32644772.11|         23|00:00:20|+0.05|0.10|0.7844|
|=|         19|          6|        475|     32640960.26|         24|00:00:20|+0.06|0.11|0.7733|
|-|          5|          5|        475|     32632209.75|         25|00:00:19|-0.02|0.03|0.8257|
|.|         23|          5|        475|     32634406.05|         25|00:00:00|-0.03|0.02|0.8296|
|.|         21|          5|        475|     32627088.32|         25|00:00:00|-0.02|0.02|0.8277|
|.|          2|          5|        475|     32632742.91|         25|00:00:00|-0.02|0.02|0.8259|
|.|         20|          5|        475|     32644422.17|         25|00:00:00|-0.02|0.03|0.8215|
+-+-----------+-----------+-----------+----------------+-----------+--------+-----+----+------+
Best-so-far configuration:         475    mean value:      32644422.17
Description of the best-so-far configuration:
    .ID. algorithm localsearch alpha beta  rho ants q0 rasrank elitistants nnls
475  475      mmas           3  2.84 2.67 0.12   20 NA      NA          NA   14
    dlb .PARENT.
475   0      343

# 2026-01-19 17:14:14 -03: Elite configurations (first number is the configuration ID; listed from best to worst according to the sum of ranks):
    algorithm localsearch alpha beta  rho ants   q0 rasrank elitistants nnls
475      mmas           3  2.84 2.67 0.12   20   NA      NA          NA   14
721      mmas           3  2.80 2.19 0.15   28   NA      NA          NA   16
465       acs           3  3.94 6.93 0.66   67 0.77      NA          NA   17
747       acs           3  3.80 8.54 0.23   51 0.29      NA          NA   16
819      mmas           3  3.14 2.92 0.11   21   NA      NA          NA   15
    dlb
475   0
721   0
465   0
747   0
819   0
# 2026-01-19 17:14:14 -03: Stopped because there is not enough budget left to race more than the minimum (5).
# You may either increase the budget or set 'minNbSurvival' to a lower value.
# Iteration: 10
# nbIterations: 10
# experimentsUsed: 5485
# timeUsed: 0
# remainingBudget: 15
# currentBudget: 15
# number of elites: 5
# nbConfigurations: 5
# Total CPU user time: 172279.4, CPU sys time: 1048.857, Wall-clock time: 20841.37
# 2026-01-19 17:14:14 -03: Starting post-selection:
# Configurations selected: 475, 721, 465, 747, 819, 556, 645.
# Pending instances: 1, 1, 1, 1, 1, 4, 6.
# 2026-01-19 17:14:14 -03: seed: 400031
# Configurations: 7
# Available experiments: 15
# minSurvival: 1
# Markers:
     x No test is performed.
     c Configurations are discarded only due to capping.
     - The test is performed and some configurations are discarded.
     = The test is performed but no configuration is discarded.
     ! The test is performed and configurations could be discarded but elite configurations are preserved.
     . All alive configurations are elite and nothing is discarded.

+-+-----------+-----------+-----------+----------------+-----------+--------+-----+----+------+
| |   Instance|      Alive|       Best|       Mean best| Exp so far|  W time|  rho|KenW|  Qvar|
+-+-----------+-----------+-----------+----------------+-----------+--------+-----+----+------+
|.|          2|          7|        556|     32705040.00|          0|00:00:00|   NA|  NA|    NA|
|.|         16|          7|        556|     32665645.00|          0|00:00:00|-0.21|0.39|1.1404|
|.|          6|          7|        556|     32753017.67|          0|00:00:00|-0.35|0.10|1.1072|
|x|         20|          7|        465|     32768379.50|          1|00:00:20|-0.13|0.15|0.8970|
|x|         24|          7|        556|     32742931.80|          3|00:00:17|-0.12|0.10|0.9460|
|.|         18|          7|        556|     32751204.83|          3|00:00:00|-0.09|0.10|0.8871|
|.|          9|          7|        556|     32662272.71|          3|00:00:00|-0.06|0.09|0.8821|
|.|          4|          7|        556|     32708956.38|          3|00:00:00|-0.05|0.08|0.8813|
|.|         11|          7|        556|     32686202.56|          3|00:00:00|-0.00|0.11|0.8526|
|.|         15|          7|        556|     32693450.00|          3|00:00:00|+0.01|0.11|0.8521|
|.|         14|          7|        556|     32694555.55|          3|00:00:00|+0.01|0.10|0.8657|
|.|         17|          7|        556|     32673540.50|          3|00:00:00|+0.01|0.09|0.8534|
|x|         22|          7|        475|     32657251.00|          5|00:00:19|+0.02|0.09|0.8410|
|.|          1|          7|        475|     32659237.00|          5|00:00:00|+0.01|0.08|0.8536|
|.|         10|          7|        475|     32679175.00|          5|00:00:00|-0.00|0.07|0.8694|
|.|         19|          7|        475|     32672498.25|          5|00:00:00|+0.00|0.07|0.8666|
|.|          5|          7|        475|     32660348.35|          5|00:00:00|+0.02|0.07|0.8591|
|.|         12|          7|        475|     32660849.39|          5|00:00:00|+0.01|0.06|0.8608|
|x|         21|          7|        475|     32650984.47|          6|00:00:20|+0.00|0.05|0.8779|
|.|          7|          7|        475|     32644306.60|          6|00:00:00|+0.01|0.06|0.8676|
|x|         23|          7|        475|     32645926.86|          8|00:00:22|+0.01|0.06|0.8652|
|.|          8|          7|        475|     32639351.27|          8|00:00:00|+0.01|0.06|0.8601|
|.|          3|          7|        475|     32644233.74|          8|00:00:00|-0.00|0.04|0.8666|
|.|         13|          7|        475|     32644422.17|          8|00:00:00|-0.01|0.03|0.8699|
|=|         25|          7|        475|     32643192.84|         15|00:00:35|-0.01|0.03|0.8716|
+-+-----------+-----------+-----------+----------------+-----------+--------+-----+----+------+
Best-so-far configuration:         475    mean value:      32643192.84
Description of the best-so-far configuration:
    .ID. algorithm localsearch alpha beta  rho ants q0 rasrank elitistants nnls
475  475      mmas           3  2.84 2.67 0.12   20 NA      NA          NA   14
    dlb .PARENT.
475   0      343

# 2026-01-19 17:16:29 -03: Elite configurations (first number is the configuration ID; listed from best to worst according to the sum of ranks):
    algorithm localsearch alpha beta  rho ants   q0 rasrank elitistants nnls
475      mmas           3  2.84 2.67 0.12   20   NA      NA          NA   14
721      mmas           3  2.80 2.19 0.15   28   NA      NA          NA   16
465       acs           3  3.94 6.93 0.66   67 0.77      NA          NA   17
556       acs           3  3.47 5.90 0.70   67 0.62      NA          NA    9
747       acs           3  3.80 8.54 0.23   51 0.29      NA          NA   16
    dlb
475   0
721   0
465   0
556   1
747   0
# Total CPU user time: 172609.6, CPU sys time: 1050.907, Wall-clock time: 20976.99
    .ID. algorithm localsearch alpha beta  rho ants   q0 rasrank elitistants
475  475      mmas           3  2.84 2.67 0.12   20   NA      NA          NA
721  721      mmas           3  2.80 2.19 0.15   28   NA      NA          NA
465  465       acs           3  3.94 6.93 0.66   67 0.77      NA          NA
556  556       acs           3  3.47 5.90 0.70   67 0.62      NA          NA
747  747       acs           3  3.80 8.54 0.23   51 0.29      NA          NA
    nnls dlb .PARENT. .RANK.   .WEIGHT.
475   14   0      343     86 0.33333333
721   16   0      475     92 0.26666667
465   17   0      295     96 0.20000000
556    9   1      465     99 0.13333333
747   16   0      645    104 0.06666667
