# 2026-01-26 14:46:47 -03: Reading parameter file '/home/pestobar/Activities/irace-executions/PSO-X/Scenarios/BH-65/Runs/BH-65_seed_300017/parameters.txt'.
# 2026-01-26 14:46:47 -03: 2 expression(s) specifying forbidden configurations read.
# 2026-01-26 14:46:47 -03: Initialization
# Elitist race
# Elitist new instances: 1
# Elitist limit: 2
# nbIterations: 5
# minNbSurvival: 5
# nbParameters: 8
# seed: 300017
# confidence level: 0.95
# budget: 4000
# mu: 5
# deterministic: FALSE

# 2026-01-26 14:46:47 -03: Iteration 1 of 5
# experimentsUsed: 0
# remainingBudget: 4000
# currentBudget: 800
# nbConfigurations: 65
# Markers:
     x No test is performed.
     c Configurations are discarded only due to capping.
     - The test is performed and some configurations are discarded.
     = The test is performed but no configuration is discarded.
     ! The test is performed and configurations could be discarded but elite configurations are preserved.
     . All alive configurations are elite and nothing is discarded.

+-+-----------+-----------+-----------+----------------+-----------+--------+-----+----+------+
| |   Instance|      Alive|       Best|       Mean best| Exp so far|  W time|  rho|KenW|  Qvar|
+-+-----------+-----------+-----------+----------------+-----------+--------+-----+----+------+
|x|          1|         65|         60|     883.2057660|         65|00:02:51|   NA|  NA|    NA|
|x|          2|         65|         60|     444.2719630|        130|00:00:45|+0.76|0.88|0.1913|
|x|          3|         65|         60|     5697.295779|        195|00:00:49|+0.63|0.75|0.3097|
|x|          4|         65|          8|     4358.810595|        260|00:00:44|+0.47|0.61|0.5725|
|-|          5|         33|         16|     19749.22611|        325|00:00:47|-0.08|0.14|1.0253|
|=|          6|         33|          8|     55062.35333|        358|00:00:06|-0.02|0.15|0.9520|
|=|          7|         33|          8|     47216.08755|        391|00:00:06|+0.04|0.18|0.8878|
+-+-----------+-----------+-----------+----------------+-----------+--------+-----+----+------+
Best-so-far configuration:           8    mean value:      47216.08755
Description of the best-so-far configuration:
  .ID. particles topology modInfluence branching tSchedule phi1 phi2 inertia
8    8        16        4            0        NA        NA 1.36 2.04    0.61
  .PARENT.
8       NA

# 2026-01-26 14:52:59 -03: Elite configurations (first number is the configuration ID; listed from best to worst according to the sum of ranks):
   particles topology modInfluence branching tSchedule phi1 phi2 inertia
8         16        4            0        NA        NA 1.36 2.04    0.61
56        75        1            0        NA        NA 0.38 2.16    0.23
30        10        5            0        NA         5 1.13 0.87    0.41
7        103        5            0        NA         3 0.58 1.26    0.44
60       100        4            0        NA        NA 0.70 1.22    0.79
# 2026-01-26 14:52:59 -03: Iteration 2 of 5
# experimentsUsed: 391
# remainingBudget: 3609
# currentBudget: 902
# nbConfigurations: 65
# Markers:
     x No test is performed.
     c Configurations are discarded only due to capping.
     - The test is performed and some configurations are discarded.
     = The test is performed but no configuration is discarded.
     ! The test is performed and configurations could be discarded but elite configurations are preserved.
     . All alive configurations are elite and nothing is discarded.

+-+-----------+-----------+-----------+----------------+-----------+--------+-----+----+------+
| |   Instance|      Alive|       Best|       Mean best| Exp so far|  W time|  rho|KenW|  Qvar|
+-+-----------+-----------+-----------+----------------+-----------+--------+-----+----+------+
|x|          8|         65|         79|     907606.4862|         65|00:00:37|   NA|  NA|    NA|
|x|          3|         65|         30|     3572888.038|        125|00:00:36|+0.38|0.69|0.6312|
|x|          1|         65|         30|     2382275.316|        185|00:02:28|+0.53|0.69|0.5182|
|x|          5|         65|         60|     4105935.802|        245|00:00:34|+0.18|0.38|0.5083|
|-|          4|         48|        101|     2285842.163|        305|00:00:33|-0.12|0.10|0.9788|
|=|          6|         48|        125|     938142.0145|        348|00:00:27|-0.02|0.15|0.8938|
|=|          7|         48|        125|     804143.9327|        391|00:00:28|+0.05|0.19|0.8231|
|-|          2|         30|        125|     703625.9844|        434|00:00:27|-0.04|0.09|0.9709|
|=|          9|         30|        125|     625451.5285|        464|00:00:06|-0.03|0.09|0.9556|
|=|         10|         30|        125|     565367.8334|        494|00:00:04|+0.00|0.10|0.9139|
+-+-----------+-----------+-----------+----------------+-----------+--------+-----+----+------+
Best-so-far configuration:         125    mean value:      565367.8334
Description of the best-so-far configuration:
    .ID. particles topology modInfluence branching tSchedule phi1 phi2 inertia
125  125        24        4            0        NA        NA 1.63 2.33    0.51
    .PARENT.
125        8

# 2026-01-26 14:59:24 -03: Elite configurations (first number is the configuration ID; listed from best to worst according to the sum of ranks):
    particles topology modInfluence branching tSchedule phi1 phi2 inertia
125        24        4            0        NA        NA 1.63 2.33    0.51
8          16        4            0        NA        NA 1.36 2.04    0.61
121        70        4            0        NA        NA 0.44 1.54    0.45
101        68        4            0        NA        NA 1.33 1.69    0.50
90         61        4            0        NA        NA 1.12 2.25    0.80
# 2026-01-26 14:59:24 -03: Iteration 3 of 5
# experimentsUsed: 885
# remainingBudget: 3115
# currentBudget: 1038
# nbConfigurations: 65
# Markers:
     x No test is performed.
     c Configurations are discarded only due to capping.
     - The test is performed and some configurations are discarded.
     = The test is performed but no configuration is discarded.
     ! The test is performed and configurations could be discarded but elite configurations are preserved.
     . All alive configurations are elite and nothing is discarded.

+-+-----------+-----------+-----------+----------------+-----------+--------+-----+----+------+
| |   Instance|      Alive|       Best|       Mean best| Exp so far|  W time|  rho|KenW|  Qvar|
+-+-----------+-----------+-----------+----------------+-----------+--------+-----+----+------+
|x|         11|         65|        144|     41.98123666|         65|00:00:08|   NA|  NA|    NA|
|x|          1|         65|        144|     457.4439700|        125|00:02:05|+0.75|0.88|0.5483|
|x|          5|         65|        175|     64757.50830|        185|00:00:09|+0.11|0.41|0.5234|
|x|          8|         65|        155|     988669.9429|        245|00:00:10|+0.12|0.34|0.4103|
|-|          9|         41|        155|     790946.1405|        305|00:00:11|-0.12|0.10|1.0540|
|=|          6|         41|        155|     659121.8272|        341|00:00:05|-0.08|0.10|1.0310|
|=|          7|         41|        155|     564982.5993|        377|00:00:05|-0.05|0.10|0.9780|
|=|          2|         41|        155|     494359.8224|        413|00:00:04|+0.00|0.13|0.9300|
|=|          3|         41|        166|     881979.5423|        449|00:00:06|+0.04|0.15|0.8789|
|=|          4|         41|        155|     397155.5158|        485|00:00:04|+0.02|0.11|0.8817|
|=|         10|         41|        166|     723601.7352|        521|00:00:05|+0.03|0.12|0.8648|
|-|         12|         26|        166|     663375.6870|        562|00:03:04|-0.03|0.05|0.9854|
|=|         13|         26|        166|     612358.3097|        588|00:00:04|-0.04|0.04|0.9890|
|=|         14|         26|        166|     667338.7336|        614|00:00:03|-0.03|0.05|0.9752|
+-+-----------+-----------+-----------+----------------+-----------+--------+-----+----+------+
Best-so-far configuration:         166    mean value:      667338.7336
Description of the best-so-far configuration:
    .ID. particles topology modInfluence branching tSchedule phi1 phi2 inertia
166  166        77        4            0        NA        NA 1.21 2.36    0.56
    .PARENT.
166      125

# 2026-01-26 15:05:56 -03: Elite configurations (first number is the configuration ID; listed from best to worst according to the sum of ranks):
    particles topology modInfluence branching tSchedule phi1 phi2 inertia
166        77        4            0        NA        NA 1.21 2.36    0.56
125        24        4            0        NA        NA 1.63 2.33    0.51
155        40        4            0        NA        NA 1.55 2.22    0.58
8          16        4            0        NA        NA 1.36 2.04    0.61
169        27        0            0        NA        NA 1.66 1.94    0.48
# 2026-01-26 15:05:56 -03: Iteration 4 of 5
# experimentsUsed: 1499
# remainingBudget: 2501
# currentBudget: 1250
# nbConfigurations: 65
# Markers:
     x No test is performed.
     c Configurations are discarded only due to capping.
     - The test is performed and some configurations are discarded.
     = The test is performed but no configuration is discarded.
     ! The test is performed and configurations could be discarded but elite configurations are preserved.
     . All alive configurations are elite and nothing is discarded.

+-+-----------+-----------+-----------+----------------+-----------+--------+-----+----+------+
| |   Instance|      Alive|       Best|       Mean best| Exp so far|  W time|  rho|KenW|  Qvar|
+-+-----------+-----------+-----------+----------------+-----------+--------+-----+----+------+
|x|         15|         65|        235|   0.03375892842|         65|00:00:13|   NA|  NA|    NA|
|x|          7|         65|        202|     57.88739847|        125|00:00:13|+0.12|0.56|0.3854|
|x|         13|         65|        193|     77.26616652|        185|00:00:13|+0.06|0.38|0.3842|
|x|          5|         65|        193|     22726.02922|        245|00:00:13|+0.09|0.32|0.3591|
|-|          4|         27|        193|     18181.58129|        305|00:00:11|-0.08|0.13|0.9877|
|=|          9|         27|        193|     15158.70329|        327|00:00:08|-0.04|0.14|0.9052|
|=|         11|         27|        193|     13137.54267|        349|00:00:07|-0.07|0.08|0.8929|
|=|          1|         27|        193|     11621.46194|        371|00:00:59|-0.05|0.08|0.8836|
|=|         10|         27|        193|     15354.97725|        393|00:00:07|-0.04|0.07|0.8678|
|=|          8|         27|        193|     1046704.623|        415|00:00:07|-0.05|0.05|0.9160|
|=|         12|         27|        193|     951633.2477|        437|00:01:50|-0.03|0.06|0.8790|
|=|          6|         27|        193|     872330.5521|        459|00:00:07|-0.04|0.05|0.9108|
|=|          2|         27|        193|     805228.2286|        481|00:00:07|-0.01|0.07|0.8817|
|=|         14|         27|        193|     847605.7106|        503|00:00:07|-0.03|0.05|0.9223|
|=|          3|         27|        193|     792191.2978|        525|00:00:08|-0.02|0.05|0.8933|
|=|         16|         27|        193|     742679.4009|        552|00:00:09|-0.03|0.04|0.9317|
+-+-----------+-----------+-----------+----------------+-----------+--------+-----+----+------+
Best-so-far configuration:         193    mean value:      742679.4009
Description of the best-so-far configuration:
    .ID. particles topology modInfluence branching tSchedule phi1 phi2 inertia
193  193        57        4            0        NA        NA  1.6 2.31    0.54
    .PARENT.
193      125

# 2026-01-26 15:11:02 -03: Elite configurations (first number is the configuration ID; listed from best to worst according to the sum of ranks):
    particles topology modInfluence branching tSchedule phi1 phi2 inertia
193        57        4            0        NA        NA 1.60 2.31    0.54
125        24        4            0        NA        NA 1.63 2.33    0.51
169        27        0            0        NA        NA 1.66 1.94    0.48
166        77        4            0        NA        NA 1.21 2.36    0.56
218        24        4            0        NA        NA 1.70 2.18    0.43
# 2026-01-26 15:11:02 -03: Iteration 5 of 5
# experimentsUsed: 2051
# remainingBudget: 1949
# currentBudget: 1949
# nbConfigurations: 65
# Markers:
     x No test is performed.
     c Configurations are discarded only due to capping.
     - The test is performed and some configurations are discarded.
     = The test is performed but no configuration is discarded.
     ! The test is performed and configurations could be discarded but elite configurations are preserved.
     . All alive configurations are elite and nothing is discarded.

+-+-----------+-----------+-----------+----------------+-----------+--------+-----+----+------+
| |   Instance|      Alive|       Best|       Mean best| Exp so far|  W time|  rho|KenW|  Qvar|
+-+-----------+-----------+-----------+----------------+-----------+--------+-----+----+------+
|x|         17|         65|        273|     13.03222383|         65|00:00:11|   NA|  NA|    NA|
|x|          2|         65|        259|     7.235135851|        125|00:00:09|-0.02|0.49|1.2742|
|x|         11|         65|        259|     23.24843737|        185|00:00:09|+0.14|0.43|0.8557|
|x|          1|         65|        259|     280.9135157|        245|00:02:06|+0.14|0.35|0.8409|
|-|         14|         29|        259|     197052.5587|        305|00:00:10|+0.03|0.22|1.0089|
|=|          6|         29|        259|     164210.5118|        329|00:00:03|+0.03|0.19|0.9760|
|=|          3|         29|        169|     131058.6231|        353|00:00:04|-0.00|0.14|0.9792|
|=|          5|         29|        169|     161716.2850|        377|00:00:03|-0.03|0.10|0.9905|
|=|         13|         29|        284|     110254.7766|        401|00:00:03|-0.02|0.10|0.9936|
|=|         16|         29|        169|     129388.5969|        425|00:00:04|+0.00|0.10|0.9834|
|=|         12|         29|        259|     120584.0019|        449|00:01:51|-0.02|0.07|0.9881|
|=|          7|         29|        259|     110550.2954|        473|00:00:04|-0.03|0.06|0.9822|
|=|          4|         29|        284|     76419.60651|        497|00:00:03|-0.02|0.06|0.9789|
|=|          8|         29|        259|     261554.6387|        521|00:00:04|-0.03|0.04|0.9864|
|=|         10|         29|        259|     244450.9539|        545|00:00:03|-0.03|0.04|0.9878|
|=|          9|         29|        259|     229178.1757|        569|00:00:05|-0.04|0.03|0.9938|
|=|         15|         29|        259|     215697.1104|        593|00:00:03|-0.04|0.02|0.9947|
|=|         18|         29|        259|     203728.1476|        622|00:00:05|-0.03|0.02|0.9918|
+-+-----------+-----------+-----------+----------------+-----------+--------+-----+----+------+
Best-so-far configuration:         259    mean value:      203728.1476
Description of the best-so-far configuration:
    .ID. particles topology modInfluence branching tSchedule phi1 phi2 inertia
259  259         9        4            0        NA        NA 1.58 2.33    0.47
    .PARENT.
259      218

# 2026-01-26 15:16:32 -03: Elite configurations (first number is the configuration ID; listed from best to worst according to the sum of ranks):
    particles topology modInfluence branching tSchedule phi1 phi2 inertia
259         9        4            0        NA        NA 1.58 2.33    0.47
169        27        0            0        NA        NA 1.66 1.94    0.48
305        35        0            0        NA        NA 1.76 2.14    0.52
193        57        4            0        NA        NA 1.60 2.31    0.54
286        64        4            0        NA        NA 1.70 2.48    0.47
# 2026-01-26 15:16:32 -03: Iteration 6 of 6
# experimentsUsed: 2673
# remainingBudget: 1327
# currentBudget: 1327
# nbConfigurations: 65
# Markers:
     x No test is performed.
     c Configurations are discarded only due to capping.
     - The test is performed and some configurations are discarded.
     = The test is performed but no configuration is discarded.
     ! The test is performed and configurations could be discarded but elite configurations are preserved.
     . All alive configurations are elite and nothing is discarded.

+-+-----------+-----------+-----------+----------------+-----------+--------+-----+----+------+
| |   Instance|      Alive|       Best|       Mean best| Exp so far|  W time|  rho|KenW|  Qvar|
+-+-----------+-----------+-----------+----------------+-----------+--------+-----+----+------+
|x|         19|         65|        308|     535.5552897|         65|00:03:51|   NA|  NA|    NA|
|x|         14|         65|        315|     447086.0708|        125|00:00:08|+0.01|0.50|1.1150|
|x|          3|         65|        318|     297190.9087|        185|00:00:10|-0.04|0.31|1.0578|
|x|         16|         65|        169|     229266.0846|        245|00:00:09|+0.00|0.25|1.0312|
|=|         18|         65|        358|     188363.7003|        305|00:00:10|+0.01|0.21|0.9765|
|=|         10|         65|        169|     154567.9547|        365|00:00:07|-0.03|0.14|1.0192|
|=|         15|         65|        169|     132486.8336|        425|00:00:07|-0.03|0.11|1.0206|
|=|          6|         65|        169|     115926.0215|        485|00:00:07|-0.04|0.09|1.0072|
|=|          5|         65|        169|     144858.6767|        545|00:00:08|-0.04|0.07|1.0120|
|=|         13|         65|        286|     124413.1037|        605|00:00:08|-0.03|0.07|1.0052|
|=|          8|         65|        327|     251311.6215|        665|00:00:09|-0.02|0.07|1.0096|
|=|         11|         65|        327|     230383.2829|        725|00:00:07|-0.02|0.06|0.9953|
|=|          1|         65|        169|     245760.0668|        785|00:02:01|-0.02|0.06|0.9939|
|=|          2|         65|        169|     228205.8000|        845|00:00:06|-0.01|0.06|0.9858|
|=|          7|         65|        169|     213005.2157|        905|00:00:08|-0.02|0.04|0.9773|
|=|          4|         65|        335|     196969.7910|        965|00:00:07|-0.02|0.05|0.9620|
|=|         17|         65|        327|     162704.0731|       1025|00:00:08|-0.01|0.05|0.9606|
|=|          9|         65|        327|     153668.0615|       1085|00:00:10|-0.01|0.05|0.9483|
|=|         12|         65|        327|     145630.6922|       1145|00:03:53|-0.01|0.05|0.9328|
|=|         20|         65|        327|     138377.0176|       1210|00:03:57|-0.00|0.05|0.9343|
+-+-----------+-----------+-----------+----------------+-----------+--------+-----+----+------+
Best-so-far configuration:         327    mean value:      138377.0176
Description of the best-so-far configuration:
    .ID. particles topology modInfluence branching tSchedule phi1 phi2 inertia
327  327        11        4            0        NA        NA 1.41 2.38    0.48
    .PARENT.
327      259

# 2026-01-26 15:32:32 -03: Elite configurations (first number is the configuration ID; listed from best to worst according to the sum of ranks):
    particles topology modInfluence branching tSchedule phi1 phi2 inertia
327        11        4            0        NA        NA 1.41 2.38    0.48
336        14        4            0        NA        NA 1.58 2.30    0.46
335        22        0            0        NA        NA 1.67 1.98    0.43
259         9        4            0        NA        NA 1.58 2.33    0.47
286        64        4            0        NA        NA 1.70 2.48    0.47
# 2026-01-26 15:32:32 -03: There is not enough budget to enforce the value of nbConfigurations, returning to default behaviour nbConfigurations:10.
# Iteration: 7
# nbIterations: 7
# experimentsUsed: 3883
# timeUsed: 0
# remainingBudget: 117
# currentBudget: 117
# number of elites: 5
# nbConfigurations: 10
# 2026-01-26 15:32:32 -03: Iteration 7 of 7
# experimentsUsed: 3883
# remainingBudget: 117
# currentBudget: 117
# nbConfigurations: 10
# Markers:
     x No test is performed.
     c Configurations are discarded only due to capping.
     - The test is performed and some configurations are discarded.
     = The test is performed but no configuration is discarded.
     ! The test is performed and configurations could be discarded but elite configurations are preserved.
     . All alive configurations are elite and nothing is discarded.

+-+-----------+-----------+-----------+----------------+-----------+--------+-----+----+------+
| |   Instance|      Alive|       Best|       Mean best| Exp so far|  W time|  rho|KenW|  Qvar|
+-+-----------+-----------+-----------+----------------+-----------+--------+-----+----+------+
|x|         21|         10|        327|     908.3955934|         10|00:00:33|   NA|  NA|    NA|
|x|          6|         10|        368|     454.7730404|         15|00:00:01|-0.08|0.46|0.8535|
|x|         16|         10|        327|     303.4296336|         20|00:00:01|-0.12|0.25|0.9532|
|x|         17|         10|        259|     231.7712849|         25|00:00:01|+0.06|0.30|0.8022|
|=|          7|         10|        336|     215.2428164|         30|00:00:01|+0.02|0.22|0.8748|
|=|         13|         10|        367|     202.7738697|         35|00:00:01|-0.06|0.11|0.9506|
|=|         19|         10|        367|     251.8332891|         40|00:00:32|-0.05|0.10|0.9010|
|=|          9|         10|        367|     227.6787130|         45|00:00:01|-0.04|0.09|0.9314|
|=|         18|         10|        286|     222.2137365|         50|00:00:01|-0.04|0.08|0.9418|
|=|          8|         10|        327|     151137.1863|         55|00:00:01|-0.05|0.06|0.9487|
|=|         20|         10|        327|     137448.0966|         60|00:00:32|-0.01|0.08|0.9172|
|=|         11|         10|        327|     126008.3851|         65|00:00:01|-0.00|0.08|0.9064|
|=|          3|         10|        327|     117673.0797|         70|00:00:01|-0.03|0.05|0.9317|
|=|         14|         10|        327|     177745.4500|         75|00:00:01|-0.03|0.04|0.9297|
|=|         12|         10|        327|     165959.6230|         80|00:00:36|-0.02|0.04|0.9269|
|=|          2|         10|        327|     155587.1667|         85|00:00:01|-0.03|0.04|0.9261|
|=|          1|         10|        336|     214058.9360|         90|00:00:19|-0.04|0.02|0.9362|
|=|          4|         10|        336|     202166.9555|         95|00:00:01|-0.04|0.02|0.9310|
|=|         10|         10|        327|     131407.0168|        100|00:00:01|-0.03|0.03|0.9205|
|=|          5|         10|        327|     138422.4348|        105|00:00:01|-0.03|0.02|0.9301|
|=|         15|         10|        327|     131830.8927|        110|00:00:01|-0.02|0.03|0.9253|
+-+-----------+-----------+-----------+----------------+-----------+--------+-----+----+------+
Best-so-far configuration:         327    mean value:      131830.8927
Description of the best-so-far configuration:
    .ID. particles topology modInfluence branching tSchedule phi1 phi2 inertia
327  327        11        4            0        NA        NA 1.41 2.38    0.48
    .PARENT.
327      259

# 2026-01-26 15:35:29 -03: Elite configurations (first number is the configuration ID; listed from best to worst according to the sum of ranks):
    particles topology modInfluence branching tSchedule phi1 phi2 inertia
327        11        4            0        NA        NA 1.41 2.38    0.48
259         9        4            0        NA        NA 1.58 2.33    0.47
336        14        4            0        NA        NA 1.58 2.30    0.46
369        17        4            0        NA        NA 1.58 2.34    0.47
286        64        4            0        NA        NA 1.70 2.48    0.47
# 2026-01-26 15:35:29 -03: There is not enough budget to enforce the value of nbConfigurations, returning to default behaviour nbConfigurations:5.
# Iteration: 8
# nbIterations: 8
# experimentsUsed: 3993
# timeUsed: 0
# remainingBudget: 7
# currentBudget: 7
# number of elites: 5
# nbConfigurations: 5
# 2026-01-26 15:35:29 -03: Stopped because there is not enough budget left to race more than the minimum (5).
# You may either increase the budget or set 'minNbSurvival' to a lower value.
# Iteration: 8
# nbIterations: 8
# experimentsUsed: 3993
# timeUsed: 0
# remainingBudget: 7
# currentBudget: 7
# number of elites: 5
# nbConfigurations: 5
# Total CPU user time: 23789.2, CPU sys time: 214.719, Wall-clock time: 2922.414
# 2026-01-26 15:35:29 -03: Starting post-selection:
# Configurations selected: 327, 259, 336, 369, 286, 335, 366.
# Pending instances: 0, 0, 0, 0, 0, 0, 0.
# 2026-01-26 15:35:29 -03: seed: 300017
# Configurations: 7
# Available experiments: 7
# minSurvival: 1
# Markers:
     x No test is performed.
     c Configurations are discarded only due to capping.
     - The test is performed and some configurations are discarded.
     = The test is performed but no configuration is discarded.
     ! The test is performed and configurations could be discarded but elite configurations are preserved.
     . All alive configurations are elite and nothing is discarded.

+-+-----------+-----------+-----------+----------------+-----------+--------+-----+----+------+
| |   Instance|      Alive|       Best|       Mean best| Exp so far|  W time|  rho|KenW|  Qvar|
+-+-----------+-----------+-----------+----------------+-----------+--------+-----+----+------+
|.|         11|          7|        335|     9.979418992|          0|00:00:00|   NA|  NA|    NA|
|.|         20|          7|        335|     284.1995306|          0|00:00:00|-0.46|0.27|1.2585|
|.|         15|          7|        335|     189.5427672|          0|00:00:00|+0.05|0.37|0.9526|
|.|         18|          7|        335|     196.7327525|          0|00:00:00|+0.04|0.28|0.8563|
|.|          7|          7|        335|     197.8420595|          0|00:00:00|+0.02|0.21|0.8433|
|.|         12|          7|        335|     336.7458797|          0|00:00:00|+0.03|0.19|0.7929|
|.|         13|          7|        335|     384.6063312|          0|00:00:00|+0.12|0.25|0.7543|
|.|          2|          7|        335|     336.5641196|          0|00:00:00|+0.04|0.16|0.8361|
|.|         16|          7|        335|     299.2605309|          0|00:00:00|-0.00|0.11|0.8416|
|.|         14|          7|        335|     93409.70439|          0|00:00:00|+0.02|0.12|0.8402|
|.|          8|          7|        335|     260217.1220|          0|00:00:00|+0.01|0.10|0.8452|
|.|         19|          7|        335|     238577.3492|          0|00:00:00|+0.00|0.08|0.8699|
|.|          4|          7|        335|     220225.5094|          0|00:00:00|-0.01|0.07|0.8688|
|.|          5|          7|        335|     223280.6715|          0|00:00:00|-0.03|0.05|0.8857|
|.|          1|          7|        335|     208463.7225|          0|00:00:00|-0.03|0.03|0.8982|
|.|         21|          7|        335|     195491.8290|          0|00:00:00|-0.03|0.03|0.8909|
|.|          9|          7|        335|     183996.1131|          0|00:00:00|-0.03|0.03|0.8853|
|.|          3|          7|        335|     174765.4293|          0|00:00:00|-0.02|0.03|0.8814|
|.|         10|          7|        335|     166004.4255|          0|00:00:00|-0.02|0.03|0.8836|
|.|         17|          7|        335|     157704.9497|          0|00:00:00|-0.03|0.02|0.8844|
|.|          6|          7|        335|     150195.2064|          0|00:00:00|-0.04|0.01|0.8901|
|=|         22|          7|        327|     125845.6817|          7|00:00:01|-0.04|0.01|0.8828|
+-+-----------+-----------+-----------+----------------+-----------+--------+-----+----+------+
Best-so-far configuration:         327    mean value:      125845.6817
Description of the best-so-far configuration:
    .ID. particles topology modInfluence branching tSchedule phi1 phi2 inertia
327  327        11        4            0        NA        NA 1.41 2.38    0.48
    .PARENT.
327      259

# 2026-01-26 15:35:31 -03: Elite configurations (first number is the configuration ID; listed from best to worst according to the sum of ranks):
    particles topology modInfluence branching tSchedule phi1 phi2 inertia
327        11        4            0        NA        NA 1.41 2.38    0.48
259         9        4            0        NA        NA 1.58 2.33    0.47
286        64        4            0        NA        NA 1.70 2.48    0.47
369        17        4            0        NA        NA 1.58 2.34    0.47
336        14        4            0        NA        NA 1.58 2.30    0.46
# Total CPU user time: 23801.69, CPU sys time: 215.037, Wall-clock time: 2924.395
    .ID. particles topology modInfluence branching tSchedule phi1 phi2 inertia
327  327        11        4            0        NA        NA 1.41 2.38    0.48
259  259         9        4            0        NA        NA 1.58 2.33    0.47
286  286        64        4            0        NA        NA 1.70 2.48    0.47
369  369        17        4            0        NA        NA 1.58 2.34    0.47
336  336        14        4            0        NA        NA 1.58 2.30    0.46
    .PARENT. .RANK.   .WEIGHT.
327      259     81 0.33333333
259      218     84 0.26666667
286      193     85 0.20000000
369      336     88 0.13333333
336      259     90 0.06666667
