#------------------------------------------------------------------------------
# irace: An implementation in R of (Elitist) Iterated Racing
# Version: 4.2.0.9000.4117289
# Copyright (C) 2010-2025
# Manuel Lopez-Ibanez     <manuel.lopez-ibanez@manchester.ac.uk>
# Jeremie Dubois-Lacoste
# Leslie Perez Caceres    <leslie.perez.caceres@ulb.ac.be>
#
# This is free software, and you are welcome to redistribute it under certain
# conditions.  See the GNU General Public License for details. There is NO
# WARRANTY; not even for MERCHANTABILITY or FITNESS FOR A PARTICULAR PURPOSE.
#
# irace builds upon previous code from the race package:
#     race: Racing methods for the selection of the best
#     Copyright (C) 2003 Mauro Birattari
#------------------------------------------------------------------------------
# installed at: /home/pestobar/R/x86_64-redhat-linux-gnu-library/4.5/irace
# called with: --only-test configurations.txt --scenario scenario.txt
# 2026-01-31 16:28:22 -03: Checking scenario.
# 2026-01-31 16:28:22 -03: Reading parameter file '/home/pestobar/Activities/irace-executions/PSO-X/Scenarios/Best_Elites/Runs/Best_Elites_seed_1800371/parameters.txt'.
# 2026-01-31 16:28:22 -03: 2 expression(s) specifying forbidden configurations read.
## irace scenario:
scenarioFile = "/home/pestobar/Activities/irace-executions/PSO-X/Scenarios/Best_Elites/Runs/Best_Elites_seed_1800371/scenario.txt"
execDir = "/home/pestobar/Activities/irace-executions/PSO-X/Scenarios/Best_Elites/Runs/Best_Elites_seed_1800371/Results"
parameterFile = "/home/pestobar/Activities/irace-executions/PSO-X/Scenarios/Best_Elites/Runs/Best_Elites_seed_1800371/parameters.txt"
parameters = <environment>
initConfigurations = NULL
configurationsFile = ""
logFile = "/home/pestobar/Activities/irace-executions/PSO-X/Scenarios/Best_Elites/Runs/Best_Elites_seed_1800371/Results/irace.Rdata"
recoveryFile = ""
instances = c("--competition 3 --problem 0 --dimensions 30", "--competition 3 --problem 1 --dimensions 30", "--competition 3 --problem 2 --dimensions 30", "--competition 3 --problem 3 --dimensions 30", "--competition 3 --problem 4 --dimensions 30", "--competition 3 --problem 5 --dimensions 30", "--competition 3 --problem 6 --dimensions 30", "--competition 3 --problem 7 --dimensions 30", "--competition 3 --problem 8 --dimensions 30", "--competition 3 --problem 9 --dimensions 30", "--competition 3 --problem 10 --dimensions 30", "--competition 3 --problem 11 --dimensions 30", "--competition 3 --problem 12 --dimensions 30", "--competition 3 --problem 13 --dimensions 30", "--competition 3 --problem 14 --dimensions 30", "--competition 3 --problem 15 --dimensions 30", "--competition 3 --problem 16 --dimensions 30", "--competition 3 --problem 17 --dimensions 30", "--competition 3 --problem 18 --dimensions 30", "--competition 3 --problem 19 --dimensions 30", "--competition 3 --problem 20 --dimensions 30", "--competition 3 --problem 21 --dimensions 30", "--competition 3 --problem 22 --dimensions 30", "--competition 3 --problem 23 --dimensions 30", "--competition 3 --problem 24 --dimensions 30", "--competition 3 --problem 25 --dimensions 30", "--competition 3 --problem 26 --dimensions 30", "--competition 3 --problem 27 --dimensions 30", "--competition 3 --problem 28 --dimensions 30", "--competition 3 --problem 29 --dimensions 30", "--competition 3 --problem 30 --dimensions 30", "--competition 3 --problem 31 --dimensions 30", "--competition 3 --problem 32 --dimensions 30", "--competition 3 --problem 33 --dimensions 30", "--competition 3 --problem 34 --dimensions 30", "--competition 3 --problem 35 --dimensions 30", "--competition 3 --problem 36 --dimensions 30", "--competition 3 --problem 37 --dimensions 30", "--competition 3 --problem 38 --dimensions 30", "--competition 3 --problem 39 --dimensions 30", "--competition 3 --problem 40 --dimensions 30", "--competition 3 --problem 41 --dimensions 30", "--competition 3 --problem 42 --dimensions 30", "--competition 3 --problem 43 --dimensions 30", "--competition 3 --problem 44 --dimensions 30", "--competition 3 --problem 45 --dimensions 30", "--competition 3 --problem 46 --dimensions 30", "--competition 3 --problem 47 --dimensions 30", "--competition 3 --problem 48 --dimensions 30", "--competition 3 --problem 49 --dimensions 30")
trainInstancesDir = ""
trainInstancesFile = "/home/pestobar/Activities/irace-executions/PSO-X/Instances/train_MIXTURE.txt"
sampleInstances = TRUE
testInstancesDir = ""
testInstancesFile = "/home/pestobar/Activities/irace-executions/PSO-X/TestingInstances/test_MIXTURE.txt"
testInstances = c("1t" = "--competition 3 --problem 0 --dimensions 50", "2t" = "--competition 3 --problem 1 --dimensions 50", "3t" = "--competition 3 --problem 2 --dimensions 50", "4t" = "--competition 3 --problem 3 --dimensions 50", "5t" = "--competition 3 --problem 4 --dimensions 50", "6t" = "--competition 3 --problem 5 --dimensions 50", "7t" = "--competition 3 --problem 6 --dimensions 50", "8t" = "--competition 3 --problem 7 --dimensions 50", "9t" = "--competition 3 --problem 8 --dimensions 50", "10t" = "--competition 3 --problem 9 --dimensions 50", "11t" = "--competition 3 --problem 10 --dimensions 50", "12t" = "--competition 3 --problem 11 --dimensions 50", "13t" = "--competition 3 --problem 12 --dimensions 50", "14t" = "--competition 3 --problem 13 --dimensions 50", "15t" = "--competition 3 --problem 14 --dimensions 50", "16t" = "--competition 3 --problem 15 --dimensions 50", "17t" = "--competition 3 --problem 16 --dimensions 50", "18t" = "--competition 3 --problem 17 --dimensions 50", "19t" = "--competition 3 --problem 18 --dimensions 50", "20t" = "--competition 3 --problem 19 --dimensions 50", "21t" = "--competition 3 --problem 20 --dimensions 50", "22t" = "--competition 3 --problem 21 --dimensions 50", "23t" = "--competition 3 --problem 22 --dimensions 50", "24t" = "--competition 3 --problem 23 --dimensions 50", "25t" = "--competition 3 --problem 24 --dimensions 50", "26t" = "--competition 3 --problem 25 --dimensions 50", "27t" = "--competition 3 --problem 26 --dimensions 50", "28t" = "--competition 3 --problem 27 --dimensions 50", "29t" = "--competition 3 --problem 28 --dimensions 50", "30t" = "--competition 3 --problem 29 --dimensions 50", "31t" = "--competition 3 --problem 30 --dimensions 50", "32t" = "--competition 3 --problem 31 --dimensions 50", "33t" = "--competition 3 --problem 32 --dimensions 50", "34t" = "--competition 3 --problem 33 --dimensions 50", "35t" = "--competition 3 --problem 34 --dimensions 50", "36t" = "--competition 3 --problem 35 --dimensions 50", "37t" = "--competition 3 --problem 36 --dimensions 50", "38t" = "--competition 3 --problem 37 --dimensions 50", "39t" = "--competition 3 --problem 38 --dimensions 50", "40t" = "--competition 3 --problem 39 --dimensions 50", "41t" = "--competition 3 --problem 40 --dimensions 50", "42t" = "--competition 3 --problem 41 --dimensions 50", "43t" = "--competition 3 --problem 42 --dimensions 50", "44t" = "--competition 3 --problem 43 --dimensions 50", "45t" = "--competition 3 --problem 44 --dimensions 50", "46t" = "--competition 3 --problem 45 --dimensions 50", "47t" = "--competition 3 --problem 46 --dimensions 50", "48t" = "--competition 3 --problem 47 --dimensions 50", "49t" = "--competition 3 --problem 48 --dimensions 50", "50t" = "--competition 3 --problem 49 --dimensions 50")
testNbElites = 1L
testIterationElites = FALSE
testType = "friedman"
firstTest = 5L
blockSize = 1L
eachTest = 1L
targetRunner = "/home/pestobar/Activities/irace-executions/PSO-X/Scenarios/Best_Elites/Runs/Best_Elites_seed_1800371/target-runner"
targetRunnerLauncher = ""
targetCmdline = "{configurationID} {instanceID} {seed} {instance} {bound} {targetRunnerArgs}"
targetRunnerRetries = 0L
targetRunnerTimeout = 0L
targetRunnerData = ""
targetRunnerParallel = NULL
targetEvaluator = NULL
deterministic = FALSE
maxExperiments = 5500L
minExperiments = NA_character_
maxTime = 0L
budgetEstimation = 0.05
minMeasurableTime = 0.01
parallel = 10L
loadBalancing = TRUE
mpi = FALSE
batchmode = "0"
quiet = FALSE
debugLevel = 0L
seed = 1800371L
softRestart = TRUE
softRestartThreshold = 1e-04
elitist = TRUE
elitistNewInstances = 1L
elitistLimit = 2L
repairConfiguration = NULL
capping = FALSE
cappingAfterFirstTest = FALSE
cappingType = "median"
boundType = "candidate"
boundMax = NULL
boundDigits = 0L
boundPar = 1L
boundAsTimeout = TRUE
postselection = TRUE
aclib = FALSE
nbIterations = 0L
nbExperimentsPerIteration = 0L
minNbSurvival = 0L
nbConfigurations = 0L
mu = 5L
confidence = 0.95
## end of irace scenario
# 2026-01-31 16:28:22 -03: Read 80 configuration(s) from file 'configurations.txt'
# 2026-01-31 16:28:22 -03: Testing configurations (in the order given as input): 
   particles topology modInfluence branching tSchedule phi1 phi2 inertia
1         21        4            0        NA        NA 1.89 2.36    0.38
2        134        4            0        NA        NA 2.09 2.30    0.53
3          9        1            0        NA        NA 1.54 2.48    0.26
4        142        4            0        NA        NA 1.27 2.48    0.50
5         67        4            0        NA        NA 1.58 2.49    0.41
6         66        1            1        NA        NA 2.05 1.48    0.59
7         90        4            0        NA        NA 1.94 2.40    0.65
8        162        4            2        NA        NA 0.44 2.37    0.81
9         85        4            0        NA        NA 2.15 2.28    0.55
10        45        4            0        NA        NA 1.79 2.42    0.50
11        82        4            0        NA        NA 1.24 2.44    0.35
12       106        4            0        NA        NA 1.91 2.36    0.46
13        77        4            0        NA        NA 1.28 2.47    0.42
14        57        4            0        NA        NA 0.59 2.22    0.56
15        20        0            1        NA        NA 2.46 2.08    0.31
16       108        4            0        NA        NA 2.14 2.28    0.67
17       142        4            0        NA        NA 2.03 2.45    0.37
18       101        4            0        NA        NA 2.28 2.16    0.50
19         6        5            0        NA         6 2.43 2.33    0.21
20        18        0            1        NA        NA 1.86 2.30    0.24
21       149        4            0        NA        NA 1.24 2.43    0.40
22       138        4            0        NA        NA 2.42 2.48    0.58
23        15        0            1        NA        NA 1.34 2.03    0.19
24       144        4            0        NA        NA 1.96 2.47    0.60
25       119        4            0        NA        NA 0.85 2.49    0.50
26        56        1            1        NA        NA 2.15 2.11    0.57
27        76        4            0        NA        NA 2.25 2.43    0.61
28        75        4            0        NA        NA 1.87 2.34    0.55
29       165        4            0        NA        NA 2.45 2.44    0.37
30        71        4            0        NA        NA 1.86 2.42    0.65
31        92        4            0        NA        NA 1.30 2.43    0.41
32        14        4            0        NA        NA 1.38 2.15    0.26
33        80        4            0        NA        NA 1.65 2.50    0.27
34        11        4            0        NA        NA 1.41 2.38    0.48
35        40        1            1        NA        NA 2.47 2.15    0.44
36       134        4            0        NA        NA 2.01 2.42    0.53
37       102        4            0        NA        NA 2.17 2.48    0.43
38       109        4            0        NA        NA 1.97 2.44    0.56
39       162        0            0        NA        NA 1.96 2.26    0.18
40        21        0            1        NA        NA 2.25 2.32    0.22
41        38        4            0        NA        NA 2.21 1.60    0.53
42       150        4            0        NA        NA 1.95 2.33    0.58
43         4        4            2        NA        NA 1.77 2.47    0.41
44       105        4            0        NA        NA 0.43 2.38    0.25
45        75        4            0        NA        NA 2.17 2.11    0.61
46       115        1            1        NA        NA 2.36 2.43    0.66
47       115        4            0        NA        NA 2.26 2.13    0.74
48        83        4            0        NA        NA 2.38 2.39    0.11
49        38        4            0        NA        NA 2.46 1.83    0.67
50        83        4            0        NA        NA 1.42 2.41    0.70
51        79        4            0        NA        NA 1.02 2.39    0.45
52        83        4            0        NA        NA 2.35 2.47    0.44
53        25        1            0        NA        NA 1.69 2.28    0.33
54        89        4            2        NA        NA 2.41 2.46    0.72
55        25        1            2        NA        NA 2.11 2.38    0.30
56       103        4            0        NA        NA 0.96 2.24    0.45
57        84        4            0        NA        NA 2.11 2.48    0.32
58       103        4            0        NA        NA 0.50 2.49    0.48
59        28        0            0        NA        NA 1.99 1.81    0.13
60        22        1            1        NA        NA 2.31 2.37    0.25
61        47        1            0        NA        NA 2.09 2.05    0.14
62        85        4            0        NA        NA 2.11 2.33    0.54
63       104        4            0        NA        NA 2.27 2.39    0.41
64        90        4            0        NA        NA 0.31 2.31    0.15
65       113        4            0        NA        NA 2.23 2.37    0.60
66        93        4            0        NA        NA 1.89 1.55    0.42
67        53        1            0        NA        NA 2.25 2.49    0.64
68       136        4            2        NA        NA 1.47 2.26    0.82
69        58        0            0        NA        NA 1.01 1.62    0.12
70        91        4            0        NA        NA 2.43 2.31    0.50
71        68        4            0        NA        NA 0.99 2.49    0.28
72        21        4            0        NA        NA 2.30 2.28    0.31
73       113        4            0        NA        NA 2.17 2.37    0.39
74       167        4            2        NA        NA 1.24 2.46    0.63
75       153        4            0        NA        NA 1.84 2.45    0.31
76        90        4            0        NA        NA 1.66 2.30    0.57
77        84        4            0        NA        NA 0.78 2.24    0.29
78       135        4            0        NA        NA 1.32 2.29    0.57
79        88        0            0        NA        NA 1.68 2.50    0.22
80       200        4            2        NA        NA 2.48 2.31    0.64
# 2026-01-31 19:09:10 -03: Testing results (column number is configuration ID in no particular order):
         seeds            1            2            3            4            5
1t   462233348 9.791845e-01 1.310360e+00 8.639170e-01 1.683479e+00 1.058786e+00
2t  1072578042 2.838114e+06 2.047473e+07 3.121910e+06 2.618463e+07 9.668281e+06
3t  2032854875 1.627021e+06 2.680664e+06 1.314608e+06 2.307049e+06 1.756146e+06
4t  1612652443 9.371875e+04 1.397983e+05 4.022018e+04 1.153218e+05 8.055613e+04
5t   125435683 1.815637e+01 1.231877e+01 2.276653e+01 2.022297e+01 3.984384e+01
6t  1440093892 6.302829e+00 4.215811e+02 2.854578e+00 5.506488e+02 5.311347e+01
7t   346761407 3.312478e+03 3.244984e+03 3.726840e+03 4.364826e+03 4.130666e+03
8t  1336509600 5.277449e+00 6.553984e+00 5.111653e+00 6.680418e+00 5.883380e+00
9t   756271668 3.080592e+02 2.688740e+02 3.666967e+02 2.409766e+02 2.852321e+02
10t 1852131327 2.612923e+01 2.671661e+01 2.720816e+01 3.008095e+01 2.706196e+01
11t  776060593 2.962389e+02 2.643047e+02 3.256518e+02 2.236484e+02 2.897676e+02
12t  857385971 1.199051e+04 6.998733e+02 1.089209e+04 8.781673e+02 2.571321e+02
13t 1443119362 1.988946e+01 1.620849e+00 2.035984e+01 1.676442e+00 1.966395e+01
14t 1409944135 2.117699e+01 2.110844e+01 2.098135e+01 2.110947e+01 2.095014e+01
15t 1783793159 1.294113e+02 3.810241e+04 1.319862e+02 2.921112e+02 1.765126e+02
16t  623504748 4.875752e+01 4.948124e+01 4.673561e+01 4.914251e+01 4.669219e+01
17t  699451169 3.242507e-02 2.851313e-01 5.976298e-02 2.484792e-01 9.902437e-02
18t  593434366 8.552262e-01 9.653874e-01 8.319769e-01 9.884520e-01 9.187821e-01
19t 1178962096 5.536451e+02 4.979116e+02 6.157082e+02 4.295346e+02 4.233462e+02
20t 1160638738 3.618950e+02 3.078278e+02 6.175572e+02 2.179896e+02 3.315191e+02
21t 1655127621 2.913391e+04 2.820053e+04 3.026564e+04 2.751090e+04 2.802012e+04
22t  166619743 3.015599e+04 2.834227e+04 2.919685e+04 2.767336e+04 2.814973e+04
23t 1744688949 5.827406e+01 4.788245e+01 5.540694e+01 5.334774e+01 4.627412e+01
24t  484391787 7.568231e-01 6.398802e-01 6.924559e-01 6.616024e-01 6.372696e-01
25t 2090956053 9.922952e-01 6.367044e-01 6.282749e-01 4.768841e-01 4.683992e-01
26t  768408983 3.643852e-01 3.374111e-01 3.186640e-01 3.547609e-01 3.335101e-01
27t 1619666834 1.223646e+02 6.278485e+01 1.142865e+02 8.134520e+01 9.583080e+01
28t 1545342621 2.455574e+02 2.785065e+02 2.381950e+02 2.591735e+02 2.389009e+02
29t  457771179 3.578037e+02 2.200531e+02 3.870792e+02 3.069044e+02 3.251500e+02
30t 1271194940 1.685292e+01 1.171216e+01 1.120356e+01 1.139975e+01 1.035980e+01
31t  428722192 2.454293e+02 1.484563e+02 2.453860e+02 1.717307e+02 1.935996e+02
32t 1386688232 8.923689e+02 3.051909e+02 6.374379e+02 3.199494e+02 4.038809e+02
33t  445441722 1.341727e+02 1.067200e+02 1.328139e+02 1.099564e+02 9.652968e+01
34t 1289199946 2.265457e+01 2.606180e+01 2.743087e+01 2.939675e+01 2.120357e+01
35t 1468543495 1.359618e+04 1.264150e+04 1.359664e+04 1.258486e+04 1.280276e+04
36t  378648123 1.533045e+05 1.816461e+05 1.515489e+05 2.114388e+05 2.119240e+05
37t 1678746921 5.627518e+01 6.092526e+01 5.692266e+01 6.050884e+01 6.133671e+01
38t 1492328176 3.851856e+05 2.808998e+05 6.585463e+05 2.795797e+05 3.066399e+05
39t 1006975520 6.490132e+00 6.829591e+00 6.280837e+00 5.238543e+00 5.493868e+00
40t 2071351930 6.209388e+01 3.465574e+01 6.668674e+01 3.504253e+01 5.748533e+01
41t  633162906 6.930027e+02 4.494750e+02 6.250740e+02 4.501270e+02 4.483610e+02
42t 1146003493 4.275245e+02 3.004200e+02 4.273853e+02 2.715632e+02 3.784567e+02
43t 1083226777 4.857211e+02 3.600392e+02 4.310514e+02 3.056042e+02 3.387994e+02
44t 1849287976 9.961603e+02 9.312235e+02 9.402290e+02 9.263582e+02 9.319553e+02
45t  304335273 9.325907e+02 9.290870e+02 9.341064e+02 9.340563e+02 9.425541e+02
46t  794578748 9.368650e+02 9.233473e+02 9.335471e+02 9.280492e+02 9.306089e+02
47t 1786901118 5.340633e+02 1.024588e+03 1.192075e+03 1.024375e+03 5.378603e+02
48t 1562621923 9.965554e+02 9.254428e+02 1.067854e+03 9.224100e+02 9.317647e+02
49t 1253522280 5.509643e+02 1.021545e+03 1.033022e+03 1.022074e+03 1.020915e+03
50t 1318830240 1.048295e+03 1.006714e+03 1.161849e+03 9.618615e+02 9.286989e+02
               6            7            8            9           10
1t  1.135312e+00 2.089928e+00 2.933064e+00 1.188658e+00 1.001422e+00
2t  7.030294e+06 2.800989e+07 9.875470e+06 1.342051e+07 7.144783e+06
3t  2.053946e+06 3.266385e+06 5.065755e+06 2.274883e+06 1.504519e+06
4t  1.291095e+05 1.133875e+05 1.408107e+05 1.033793e+05 1.031867e+05
5t  6.017241e+01 3.290876e+00 1.242041e+01 1.438203e+01 3.868158e+01
6t  1.144237e+02 3.118524e+02 2.615456e+02 1.827897e+02 3.159785e+01
7t  7.277374e+03 3.619002e+03 3.391760e+03 3.096616e+03 4.392730e+03
8t  6.260050e+00 7.897506e+00 9.597987e+00 6.335045e+00 6.046257e+00
9t  3.624589e+02 2.164590e+02 4.945136e+01 2.828818e+02 2.575719e+02
10t 2.991522e+01 3.294648e+01 3.925256e+01 2.812587e+01 2.937940e+01
11t 3.633264e+02 2.236297e+02 5.644736e+01 2.779777e+02 2.771529e+02
12t 2.755516e+04 2.494169e+02 2.295410e+03 2.437554e+02 1.820699e+02
13t 2.043656e+01 1.897037e+00 2.378384e+00 1.649812e+00 1.526057e+00
14t 2.120717e+01 2.112096e+01 2.114867e+01 2.110511e+01 2.107030e+01
15t 1.946094e+02 2.906550e+02 4.054165e+02 2.111209e+02 1.729128e+02
16t 4.922125e+01 4.884140e+01 4.935165e+01 4.808797e+01 4.667103e+01
17t 4.388707e+02 3.711810e-01 1.089203e-01 1.998365e-01 6.224810e-02
18t 8.677275e-01 1.003849e+00 1.048285e+00 9.275926e-01 9.298672e-01
19t 1.318228e+03 3.929357e+02 3.962898e+02 5.108735e+02 4.747705e+02
20t 6.639979e+02 1.981362e+02 2.570787e+02 2.573649e+02 3.146454e+02
21t 3.551630e+04 2.733331e+04 2.735821e+04 2.838830e+04 2.806322e+04
22t 3.521147e+04 2.959684e+04 3.100607e+04 2.824133e+04 2.916076e+04
23t 6.734732e+01 3.549552e+01 3.776923e+01 4.399133e+01 4.415354e+01
24t 3.738201e+00 7.834348e-01 3.590778e+00 4.964226e-01 6.099802e-01
25t 6.341925e-01 5.015499e-01 4.601427e-01 4.954348e-01 8.601678e-01
26t 2.751925e-01 7.229700e-01 3.245655e-01 3.702071e-01 3.012435e-01
27t 5.191474e+01 7.694076e+01 1.284977e+01 8.915077e+01 8.878163e+01
28t 1.867270e+02 2.905179e+02 3.676500e+02 2.335858e+02 2.252483e+02
29t 4.420312e+02 2.958176e+02 2.811290e+02 3.074844e+02 3.317480e+02
30t 1.544948e+01 1.241631e+01 1.561022e+01 1.171443e+01 1.275974e+01
31t 9.907478e+01 1.438779e+02 1.518638e+02 1.748321e+02 2.053097e+02
32t 3.408135e+02 6.270693e+02 3.066708e+02 3.382326e+02 4.950411e+02
33t 1.394586e+02 1.057760e+02 1.048356e+02 9.850928e+01 9.785681e+01
34t 2.679548e+01 2.710777e+01 3.305310e+01 2.371679e+01 2.366506e+01
35t 1.373455e+04 1.252743e+04 1.255062e+04 1.275075e+04 1.285127e+04
36t 1.691744e+05 2.428938e+05 4.254793e+05 2.210585e+05 1.962550e+05
37t 6.369595e+01 5.808274e+01 5.638136e+01 6.085694e+01 5.750696e+01
38t 1.604575e+05 3.822392e+05 1.827728e+05 2.894894e+05 2.743090e+05
39t 5.770844e+00 7.166089e+00 6.604229e+00 5.836174e+00 5.837527e+00
40t 8.584827e+02 2.015716e+01 2.305165e+01 6.474321e+01 4.691396e+01
41t 4.483209e+02 4.517409e+02 4.565819e+02 4.493877e+02 4.489203e+02
42t 3.584812e+02 2.882219e+02 2.873549e+02 3.530693e+02 4.062890e+02
43t 4.141404e+02 3.561107e+02 3.085911e+02 3.516454e+02 3.889243e+02
44t 9.513200e+02 9.260107e+02 9.263312e+02 9.424492e+02 9.279948e+02
45t 9.439238e+02 9.290814e+02 9.221880e+02 9.305355e+02 9.349355e+02
46t 9.524648e+02 9.342214e+02 9.303168e+02 9.389469e+02 9.331154e+02
47t 5.565803e+02 1.021110e+03 6.084240e+02 1.024874e+03 5.439998e+02
48t 1.172105e+03 9.707915e+02 9.232285e+02 9.734612e+02 9.939398e+02
49t 5.728891e+02 1.019995e+03 6.215200e+02 1.023034e+03 1.021163e+03
50t 1.279594e+03 9.222934e+02 9.991862e+02 9.295014e+02 9.478148e+02
              11           12           13           14           15
1t  1.078889e+00 1.286500e+00 1.261678e+00 1.884124e+00 6.088057e-01
2t  1.128289e+07 1.548869e+07 1.192144e+07 6.929841e+06 3.001998e+06
3t  1.711566e+06 1.961854e+06 1.771533e+06 3.294300e+06 9.034389e+05
4t  7.677573e+04 1.257721e+05 1.272444e+05 9.177962e+04 1.837863e+05
5t  4.596290e+01 2.400024e+01 2.986462e+01 7.865883e+00 4.156595e+01
6t  5.867638e+01 3.046244e+02 1.099761e+02 4.776439e+01 3.932725e+00
7t  3.809593e+03 3.062886e+03 4.036173e+03 3.314492e+03 3.112591e+04
8t  6.015948e+00 5.959598e+00 6.014853e+00 8.010811e+00 4.295223e+00
9t  2.736287e+02 2.937371e+02 2.637086e+02 2.699812e+02 3.335246e+02
10t 2.655962e+01 2.447089e+01 2.803175e+01 3.538414e+01 1.677525e+01
11t 2.552484e+02 2.690101e+02 2.779097e+02 2.749229e+02 4.244165e+02
12t 1.641334e+04 3.271400e+02 6.057397e+02 8.918951e+02 1.375865e+04
13t 1.349861e+00 1.474165e+00 1.941025e+01 1.975497e+00 2.001891e+01
14t 2.093971e+01 2.106203e+01 2.101411e+01 2.107474e+01 2.113499e+01
15t 1.740660e+02 6.816386e+03 1.868181e+02 4.794711e+02 1.091940e+02
16t 4.712023e+01 7.993092e+01 4.893703e+01 4.839323e+01 4.908704e+01
17t 1.505211e+00 1.160396e+00 1.949745e-01 1.079230e-01 1.793965e+02
18t 9.227236e-01 9.242985e-01 9.557944e-01 1.019755e+00 6.355163e-01
19t 4.755037e+02 4.911145e+02 4.409704e+02 3.977570e+02 5.914086e+03
20t 2.965250e+02 2.618457e+02 2.848551e+02 2.141955e+02 9.068241e+02
21t 2.784859e+04 2.772121e+04 2.751792e+04 2.754705e+04 3.656133e+04
22t 2.863767e+04 2.826692e+04 2.840687e+04 2.859755e+04 3.843056e+04
23t 5.575311e+01 4.734543e+01 4.565339e+01 4.828250e+01 8.369303e+01
24t 5.527446e-01 5.517803e-01 7.587522e-01 8.600310e-01 5.315434e+00
25t 6.739723e-01 5.141143e-01 7.139031e-01 6.378161e-01 6.215878e-01
26t 3.472716e-01 7.902103e-01 3.376755e-01 3.260291e-01 2.884313e-01
27t 8.054617e+01 7.633983e+01 7.592875e+01 1.008363e+02 5.472047e+01
28t 2.487186e+02 2.342884e+02 2.400710e+02 2.930149e+02 1.422782e+02
29t 3.262125e+02 3.144199e+02 2.669075e+02 2.858043e+02 4.554887e+02
30t 1.019735e+01 1.180231e+01 1.102774e+01 1.430750e+01 1.003346e+01
31t 1.935810e+02 1.713232e+02 1.749262e+02 1.857558e+02 1.031380e+02
32t 3.061885e+02 3.833755e+02 5.337209e+02 4.130637e+02 3.459688e+02
33t 8.867567e+01 1.141400e+02 9.982519e+01 1.003800e+02 1.856188e+02
34t 2.426886e+01 2.533748e+01 2.467614e+01 3.115172e+01 2.615029e+01
35t 1.307822e+04 1.265675e+04 1.266875e+04 1.249497e+04 1.815833e+04
36t 1.733257e+05 1.734228e+05 1.827097e+05 2.172663e+05 1.001636e+05
37t 5.553855e+01 6.124185e+01 5.623033e+01 5.900784e+01 5.524844e+01
38t 2.406143e+05 2.525464e+05 2.541473e+05 4.694724e+05 2.101564e+05
39t 6.140158e+00 5.671645e+00 5.374508e+00 5.493391e+00 5.995501e+00
40t 6.650222e+01 5.087545e+01 4.725707e+01 2.144771e+01 7.235900e+02
41t 4.499215e+02 4.248480e+02 4.490362e+02 4.523322e+02 9.857669e+02
42t 3.267835e+02 3.236381e+02 3.432349e+02 2.782739e+02 4.263476e+02
43t 3.597365e+02 4.249492e+02 4.119785e+02 3.110380e+02 4.269428e+02
44t 9.322291e+02 9.390489e+02 9.315072e+02 9.241012e+02 9.250916e+02
45t 9.325581e+02 9.418570e+02 9.369460e+02 9.354045e+02 9.250303e+02
46t 9.445923e+02 9.389513e+02 9.373884e+02 9.295933e+02 9.247805e+02
47t 5.377132e+02 1.024612e+03 1.020910e+03 1.024208e+03 1.226432e+03
48t 1.030358e+03 9.736893e+02 9.424387e+02 9.306240e+02 1.463158e+03
49t 1.025510e+03 5.665969e+02 1.029433e+03 1.024633e+03 1.231903e+03
50t 9.722902e+02 1.053677e+03 9.702149e+02 9.566810e+02 1.349729e+03
              16           17           18           19           20
1t  2.184827e+00 1.183581e+00 1.238589e+00 7.370274e-01 5.729864e-01
2t  1.978506e+07 1.915630e+07 1.747578e+07 2.855690e+06 3.112149e+06
3t  3.850888e+06 1.753522e+06 2.075990e+06 1.003176e+06 7.202973e+05
4t  1.092871e+05 1.351786e+05 1.329376e+05 4.312068e+04 1.797418e+05
5t  3.852980e+00 3.099534e+01 3.063377e+01 1.464117e+01 3.981981e+01
6t  3.881375e+02 5.300949e+02 2.561406e+02 2.587305e+00 3.423554e+00
7t  2.953937e+03 5.350891e+03 3.382055e+03 1.013567e+04 3.409736e+04
8t  7.578456e+00 5.866996e+00 6.055812e+00 1.948428e+02 4.320717e+00
9t  2.347375e+02 2.974460e+02 2.860477e+02 3.892594e+02 3.242462e+02
10t 3.322362e+01 2.604486e+01 2.977765e+01 2.468907e+01 1.864181e+01
11t 2.223438e+02 2.762254e+02 2.895034e+02 3.460408e+02 3.168240e+02
12t 2.134699e+02 1.136570e+04 4.624232e+03 2.660238e+03 1.242545e+04
13t 1.975070e+00 1.411534e+00 1.428559e+00 2.031025e+01 2.005248e+01
14t 2.116631e+01 2.095786e+01 2.105651e+01 2.113662e+01 2.101917e+01
15t 3.829055e+02 1.828640e+02 2.128638e+02 1.169060e+02 1.102061e+02
16t 4.913185e+01 4.929669e+01 4.908245e+01 4.366512e+01 4.882266e+01
17t 1.062830e+00 1.168978e+00 1.175320e+00 3.137563e-01 2.487664e+02
18t 1.028514e+00 9.174192e-01 9.381540e-01 7.774581e-01 6.646633e-01
19t 3.970354e+02 5.668070e+02 4.744083e+02 6.078518e+02 6.047625e+03
20t 1.962509e+02 2.985087e+02 3.423868e+02 7.209737e+02 6.123472e+02
21t 2.735050e+04 2.794194e+04 2.794388e+04 2.885919e+04 3.875212e+04
22t 2.867939e+04 2.820364e+04 2.801617e+04 3.032506e+04 3.890851e+04
23t 3.884310e+01 5.064366e+01 4.565531e+01 6.629871e+01 8.321510e+01
24t 7.204752e-01 9.372340e-01 9.983976e-01 8.906625e-01 5.058401e+00
25t 6.020155e-01 5.460224e-01 6.297302e-01 8.573164e-01 6.161297e-01
26t 3.053298e-01 3.784635e-01 3.577475e-01 2.785692e-01 2.756876e-01
27t 1.016420e+02 6.315239e+01 8.586561e+01 1.121934e+02 5.623443e+01
28t 3.207749e+02 2.228493e+02 2.466528e+02 2.546256e+02 1.582650e+02
29t 3.015084e+02 3.197744e+02 3.333004e+02 3.737114e+02 4.414396e+02
30t 1.414112e+01 1.332963e+01 1.151163e+01 9.565524e+00 9.995536e+00
31t 1.093136e+02 1.846223e+02 1.675509e+02 2.474607e+02 1.144248e+02
32t 3.402369e+02 3.000776e+02 2.851920e+02 4.317905e+02 3.363631e+02
33t 1.136256e+02 1.153099e+02 1.085049e+02 1.718165e+02 1.800562e+02
34t 2.865918e+01 2.609392e+01 2.499792e+01 3.269227e+01 2.178015e+01
35t 1.241003e+04 1.270654e+04 1.256041e+04 1.422946e+04 1.864516e+04
36t 2.314677e+05 1.749471e+05 1.853524e+05 1.604090e+05 1.096206e+05
37t 6.191428e+01 5.843455e+01 6.178789e+01 5.708042e+01 6.779109e+01
38t 2.121533e+05 2.240620e+05 3.319196e+05 5.282496e+05 2.263550e+05
39t 6.518492e+00 6.034476e+00 5.486962e+00 6.238005e+00 6.494192e+00
40t 2.829157e+01 8.075864e+01 4.943454e+01 6.128417e+01 6.702520e+02
41t 4.525647e+02 4.481059e+02 4.496673e+02 7.758140e+02 9.987173e+02
42t 2.772009e+02 3.749360e+02 3.442499e+02 4.271479e+02 4.261762e+02
43t 3.372688e+02 3.631997e+02 3.723670e+02 5.518588e+02 4.272442e+02
44t 9.311943e+02 9.320612e+02 9.377312e+02 9.305359e+02 9.245373e+02
45t 9.222284e+02 9.351276e+02 9.348007e+02 9.314412e+02 9.258508e+02
46t 9.249445e+02 9.330311e+02 9.384638e+02 1.059780e+03 9.241048e+02
47t 1.023249e+03 5.404451e+02 1.031293e+03 5.234159e+02 1.248017e+03
48t 9.618452e+02 9.684343e+02 9.674917e+02 1.388586e+03 1.495439e+03
49t 1.022535e+03 1.022909e+03 5.751152e+02 5.485761e+02 1.244824e+03
50t 8.926592e+02 1.065652e+03 9.612556e+02 1.262457e+03 1.338365e+03
              21           22           23           24           25
1t  1.231617e+00 1.551129e+00 5.849206e-01 1.761552e+00 1.570340e+00
2t  1.524849e+07 2.900846e+07 2.715159e+06 3.093702e+07 1.435279e+07
3t  2.592035e+06 2.967574e+06 8.936210e+05 2.263739e+06 2.612970e+06
4t  1.432109e+05 1.292739e+05 1.542236e+05 1.193815e+05 1.238273e+05
5t  4.048162e+01 8.268453e+00 3.778780e+01 5.069646e+00 4.879935e+00
6t  6.127797e+02 5.252483e+02 2.714801e+00 6.455516e+02 3.561728e+02
7t  4.860164e+03 4.154178e+03 2.077345e+04 2.911700e+03 3.711682e+03
8t  5.613436e+00 7.087149e+00 4.466808e+00 6.989011e+00 7.279406e+00
9t  2.966360e+02 2.374657e+02 4.524750e+02 2.567259e+02 2.626812e+02
10t 2.808950e+01 3.176764e+01 1.979545e+01 3.293213e+01 3.254448e+01
11t 2.536030e+02 2.418176e+02 3.329733e+02 1.544655e+02 2.728506e+02
12t 4.803258e+03 3.028456e+02 1.262534e+04 3.338612e+02 3.831427e+02
13t 1.501856e+00 1.617504e+00 2.008074e+01 1.833155e+00 1.791706e+00
14t 2.089617e+01 2.100287e+01 2.068461e+01 2.105322e+01 2.109229e+01
15t 3.574899e+03 2.562127e+02 1.082731e+02 4.138380e+02 2.072481e+02
16t 4.928979e+01 4.871756e+01 4.783604e+01 4.723414e+01 4.929759e+01
17t 2.504786e+00 1.032264e+00 2.818604e+02 1.054281e+00 7.909910e-01
18t 9.852715e-01 1.000880e+00 6.682474e-01 9.807261e-01 9.992966e-01
19t 4.982994e+02 4.669939e+02 5.442830e+03 3.904147e+02 4.465295e+02
20t 3.011449e+02 2.461909e+02 6.482053e+02 2.153878e+02 1.942122e+02
21t 2.718524e+04 2.698928e+04 3.792033e+04 2.783237e+04 2.733071e+04
22t 2.882277e+04 2.757985e+04 3.875580e+04 2.808727e+04 2.902959e+04
23t 5.131967e+01 4.546665e+01 8.150247e+01 4.095618e+01 4.182821e+01
24t 7.121646e-01 9.058062e-01 5.291142e+00 8.598252e-01 4.922903e-01
25t 4.314757e-01 6.164917e-01 6.394192e-01 4.937445e-01 5.265694e-01
26t 4.015929e-01 3.454892e-01 2.676933e-01 3.706507e-01 4.134019e-01
27t 7.253189e+01 6.501351e+01 5.691631e+01 7.232779e+01 7.535892e+01
28t 2.256088e+02 2.642795e+02 1.513465e+02 2.921168e+02 2.632016e+02
29t 2.973019e+02 2.292224e+02 4.977027e+02 2.902959e+02 2.890790e+02
30t 1.229771e+01 1.230611e+01 8.453004e+00 1.264265e+01 1.208725e+01
31t 1.499359e+02 1.720328e+02 1.333559e+02 1.112305e+02 1.727545e+02
32t 4.067926e+02 2.856152e+02 3.082969e+02 3.146107e+02 2.884619e+02
33t 1.020850e+02 1.078573e+02 1.814463e+02 9.171637e+01 8.928651e+01
34t 2.623786e+01 2.847115e+01 2.588960e+01 2.758150e+01 2.742578e+01
35t 1.264689e+04 1.265595e+04 1.761953e+04 1.248244e+04 1.259504e+04
36t 1.847641e+05 2.126505e+05 1.031284e+05 2.742157e+05 2.348969e+05
37t 5.742852e+01 6.109305e+01 5.896463e+01 5.637363e+01 5.881749e+01
38t 2.028460e+05 3.041274e+05 3.036488e+05 1.792902e+05 2.821023e+05
39t 5.639087e+00 6.206249e+00 6.109398e+00 7.452914e+00 5.586394e+00
40t 4.864917e+01 3.675303e+01 5.735930e+02 4.047765e+01 2.725430e+01
41t 4.487690e+02 4.506073e+02 1.017852e+03 4.502581e+02 4.505624e+02
42t 3.293683e+02 3.016500e+02 4.262387e+02 3.032435e+02 2.912119e+02
43t 3.512691e+02 3.201641e+02 4.274076e+02 3.278586e+02 3.333036e+02
44t 9.307216e+02 9.231632e+02 9.256064e+02 9.322370e+02 9.340829e+02
45t 9.317124e+02 9.218974e+02 9.258708e+02 9.312453e+02 9.293622e+02
46t 9.303477e+02 9.314145e+02 9.228097e+02 9.256633e+02 9.294076e+02
47t 1.030790e+03 1.024405e+03 1.234750e+03 1.022212e+03 1.023806e+03
48t 9.431505e+02 9.215085e+02 1.336192e+03 9.689415e+02 9.292245e+02
49t 1.024603e+03 1.021205e+03 1.222827e+03 1.021754e+03 1.024529e+03
50t 1.030174e+03 9.265663e+02 1.307123e+03 9.435646e+02 9.077050e+02
              26           27           28           29           30
1t  9.974709e-01 1.640349e+00 1.413326e+00 1.089523e+00 1.836214e+00
2t  5.487141e+06 1.206580e+07 1.082140e+07 2.119965e+07 1.092347e+07
3t  1.763637e+06 2.612201e+06 2.261136e+06 1.978001e+06 2.972211e+06
4t  1.176878e+05 1.127819e+05 1.006449e+05 1.296134e+05 9.011915e+04
5t  5.953351e+01 8.675966e+00 1.481398e+01 3.540133e+01 9.064958e+00
6t  8.117243e+01 9.898570e+01 2.048873e+02 6.447110e+02 1.609020e+02
7t  7.916713e+03 3.061038e+03 3.864687e+03 5.262928e+03 3.101437e+03
8t  5.640038e+00 6.535610e+00 6.554167e+00 5.673888e+00 6.588923e+00
9t  3.711150e+02 2.824700e+02 3.005814e+02 2.761728e+02 2.628410e+02
10t 2.735213e+01 3.071198e+01 2.894212e+01 2.781761e+01 3.393400e+01
11t 3.704255e+02 2.215735e+02 2.856262e+02 2.658041e+02 1.638236e+02
12t 2.515540e+04 1.548332e+02 2.193165e+02 1.267485e+04 2.526830e+02
13t 2.039068e+01 1.721784e+00 1.684628e+00 1.439765e+00 1.846528e+00
14t 2.114400e+01 2.114978e+01 2.104297e+01 2.101013e+01 2.113956e+01
15t 1.778157e+02 2.457721e+02 1.985897e+02 1.830796e+02 2.602040e+02
16t 4.924576e+01 4.906108e+01 4.871637e+01 4.915313e+01 8.314210e+01
17t 3.089186e+02 5.597641e-01 1.020794e-01 1.323907e+00 1.752267e-01
18t 9.216918e-01 1.002652e+00 9.758704e-01 9.824518e-01 9.814597e-01
19t 1.573518e+03 4.078736e+02 4.624571e+02 5.642532e+02 3.826244e+02
20t 7.285196e+02 2.723971e+02 3.138505e+02 2.886984e+02 2.777504e+02
21t 3.472195e+04 2.848956e+04 2.818194e+04 2.779247e+04 2.801531e+04
22t 3.623372e+04 2.865042e+04 2.881978e+04 2.853094e+04 2.865685e+04
23t 6.078862e+01 4.368640e+01 5.307427e+01 5.637776e+01 4.606556e+01
24t 3.564556e+00 8.655010e-01 5.061510e-01 5.529099e-01 8.502406e-01
25t 6.352554e-01 6.296377e-01 6.296968e-01 6.396453e-01 5.184639e-01
26t 2.656556e-01 7.199974e-01 8.608934e-01 3.373163e-01 2.696093e-01
27t 5.625593e+01 7.477320e+01 7.067935e+01 6.150033e+01 9.021185e+01
28t 1.418752e+02 2.167490e+02 2.553991e+02 2.341269e+02 2.825300e+02
29t 4.028007e+02 2.794642e+02 2.873288e+02 2.960617e+02 2.618188e+02
30t 1.430038e+01 1.185677e+01 1.132766e+01 1.278568e+01 1.208648e+01
31t 1.177781e+02 1.674769e+02 1.953762e+02 1.684608e+02 1.634369e+02
32t 3.253178e+02 2.790403e+02 3.512433e+02 2.694055e+02 3.515824e+02
33t 1.332017e+02 9.760268e+01 8.152442e+01 9.865515e+01 1.051921e+02
34t 2.753692e+01 2.890586e+01 2.627543e+01 2.498796e+01 2.665769e+01
35t 1.385374e+04 1.274915e+04 1.255041e+04 1.262786e+04 1.233219e+04
36t 1.371742e+05 2.427195e+05 2.305728e+05 1.608591e+05 2.866591e+05
37t 6.610245e+01 6.047322e+01 5.997816e+01 5.852939e+01 5.945369e+01
38t 1.542306e+05 3.750133e+05 1.922147e+05 1.672083e+05 2.341167e+05
39t 5.556445e+00 5.671477e+00 5.500255e+00 5.742036e+00 5.739470e+00
40t 6.906794e+02 2.869821e+01 5.193821e+01 5.301209e+01 2.264442e+01
41t 4.471383e+02 5.394917e+02 5.064256e+02 4.475073e+02 4.512914e+02
42t 4.287813e+02 2.998384e+02 2.995899e+02 3.720291e+02 2.821497e+02
43t 4.366109e+02 4.239519e+02 3.178565e+02 3.723744e+02 3.147198e+02
44t 9.576398e+02 9.384865e+02 9.331637e+02 9.365740e+02 9.339786e+02
45t 9.464580e+02 9.318830e+02 9.328622e+02 9.403098e+02 9.256346e+02
46t 9.454930e+02 9.344013e+02 9.350044e+02 9.322062e+02 9.301430e+02
47t 1.200823e+03 9.174345e+02 1.023980e+03 1.025625e+03 1.023310e+03
48t 1.128181e+03 9.847699e+02 9.388762e+02 9.864189e+02 9.685856e+02
49t 5.592618e+02 1.022799e+03 1.016403e+03 5.606874e+02 1.020290e+03
50t 1.253261e+03 9.007842e+02 9.427770e+02 1.134064e+03 8.930047e+02
              31           32           33           34           35
1t  1.119128e+00 8.060395e-01 9.487324e-01 1.146418e+00 7.763492e-01
2t  9.137768e+06 4.156417e+06 1.303292e+07 3.011569e+06 4.662853e+06
3t  1.886028e+06 1.435663e+06 1.492649e+06 1.798291e+06 1.369380e+06
4t  1.204853e+05 7.856427e+04 1.075148e+05 3.696065e+04 1.376350e+05
5t  3.317749e+01 8.838199e+00 4.324590e+01 1.161039e+01 5.675456e+01
6t  1.144839e+02 3.927442e+00 7.178854e+01 5.507939e+00 4.190551e+01
7t  4.176002e+03 3.137395e+03 6.513745e+03 1.822791e+03 1.040640e+04
8t  6.336866e+00 5.246026e+00 5.139441e+00 5.955892e+00 4.986660e+00
9t  2.916611e+02 3.554627e+02 2.877012e+02 3.485621e+02 3.851378e+02
10t 2.953069e+01 2.572412e+01 2.513655e+01 2.791491e+01 2.418885e+01
11t 2.886042e+02 3.290832e+02 2.854306e+02 3.074527e+02 3.825447e+02
12t 1.300519e+04 9.269366e+03 1.517382e+04 1.725224e+03 2.425134e+04
13t 1.580142e+00 2.019811e+01 1.955115e+01 1.994853e+01 2.063650e+01
14t 2.105314e+01 2.086936e+01 2.088009e+01 2.090191e+01 2.113392e+01
15t 3.921474e+02 1.388379e+02 1.467619e+02 1.693699e+02 1.391637e+02
16t 4.899934e+01 4.921560e+01 4.827458e+01 4.548417e+01 4.908824e+01
17t 1.485658e+00 3.286362e-02 1.802580e+00 6.825473e-02 3.180647e+02
18t 9.457877e-01 8.851481e-01 8.636018e-01 9.243854e-01 8.124070e-01
19t 4.550167e+02 6.873493e+02 6.066465e+02 5.880107e+02 2.020011e+03
20t 3.226315e+02 5.110986e+02 3.142026e+02 4.854257e+02 7.684814e+02
21t 2.841147e+04 3.008381e+04 2.802344e+04 2.773828e+04 3.522602e+04
22t 2.904788e+04 3.010216e+04 2.899140e+04 2.858832e+04 3.591320e+04
23t 4.074571e+01 7.219120e+01 5.191981e+01 6.788713e+01 6.678931e+01
24t 5.888905e-01 9.043606e-01 6.653415e-01 5.060176e-01 3.130806e+00
25t 6.805977e-01 8.366539e-01 7.796803e-01 9.097322e-01 6.163555e-01
26t 3.705883e-01 2.860242e-01 3.408254e-01 3.153596e-01 2.663134e-01
27t 9.496825e+01 1.090777e+02 8.836154e+01 1.157611e+02 4.027973e+01
28t 2.437689e+02 2.092890e+02 2.100982e+02 3.908777e+02 1.397792e+02
29t 3.313878e+02 3.164965e+02 2.971370e+02 3.703123e+02 4.350654e+02
30t 1.154399e+01 1.161669e+01 1.295389e+01 1.234606e+01 1.641534e+01
31t 1.662608e+02 2.504953e+02 2.022126e+02 2.570602e+02 9.573122e+01
32t 2.725258e+02 6.467560e+02 2.417244e+02 5.623818e+02 2.014172e+02
33t 1.217998e+02 1.560571e+02 1.151467e+02 1.180816e+02 1.361438e+02
34t 2.267610e+01 2.681540e+01 2.021241e+01 3.593471e+01 2.312178e+01
35t 1.283490e+04 1.330200e+04 1.282086e+04 1.318373e+04 1.442460e+04
36t 1.884193e+05 2.278343e+05 1.639340e+05 3.181736e+05 1.124757e+05
37t 5.865628e+01 5.393603e+01 5.834865e+01 5.824076e+01 6.489891e+01
38t 2.974198e+05 2.690117e+05 2.315599e+05 4.162399e+05 1.501820e+05
39t 5.999551e+00 6.427810e+00 7.147909e+00 6.647075e+00 4.686561e+00
40t 5.165796e+01 5.077668e+01 9.471028e+01 5.840307e+01 9.259419e+02
41t 4.494173e+02 5.663036e+02 5.405933e+02 6.191884e+02 4.446209e+02
42t 4.135124e+02 5.245090e+02 3.370274e+02 5.263524e+02 4.272261e+02
43t 3.462631e+02 4.311146e+02 4.105129e+02 3.277204e+02 4.306119e+02
44t 9.327084e+02 9.395275e+02 9.378613e+02 9.331414e+02 9.326682e+02
45t 9.329411e+02 9.353788e+02 9.305061e+02 9.875200e+02 9.292291e+02
46t 9.374534e+02 9.355994e+02 9.384373e+02 9.380074e+02 9.328849e+02
47t 5.436374e+02 5.342826e+02 5.284905e+02 1.190966e+03 5.367801e+02
48t 9.483960e+02 1.069385e+03 1.002385e+03 1.051078e+03 1.221058e+03
49t 1.023608e+03 1.047701e+03 1.027297e+03 1.025903e+03 5.681985e+02
50t 1.132060e+03 1.158498e+03 1.164029e+03 1.152158e+03 1.268147e+03
              36           37           38           39           40
1t  1.296440e+00 9.796079e-01 1.573847e+00 7.239847e-01 6.179597e-01
2t  3.113445e+07 1.190719e+07 2.048753e+07 8.694498e+06 2.994691e+06
3t  2.386413e+06 1.795974e+06 2.490591e+06 1.338889e+06 8.928659e+05
4t  1.198614e+05 1.181060e+05 1.136971e+05 1.393346e+05 1.943497e+05
5t  1.040489e+01 3.910260e+01 1.808699e+01 4.015215e+01 4.514577e+01
6t  4.074911e+02 2.853870e+02 3.496240e+02 8.067534e+00 3.985389e+00
7t  4.098860e+03 4.503024e+03 3.769949e+03 1.502385e+04 3.066838e+04
8t  6.289880e+00 5.413119e+00 6.453921e+00 4.686647e+00 4.247660e+00
9t  2.701832e+02 2.461509e+02 2.714804e+02 3.242900e+02 4.320472e+02
10t 2.753620e+01 2.656844e+01 2.926865e+01 2.355984e+01 1.936364e+01
11t 2.643530e+02 2.837547e+02 2.315147e+02 2.817920e+02 3.968310e+02
12t 3.247155e+02 6.707979e+03 3.294152e+02 1.918812e+04 1.493706e+04
13t 1.571166e+00 1.467295e+00 1.640869e+00 1.990441e+01 2.004362e+01
14t 2.104978e+01 2.113006e+01 2.106623e+01 2.090908e+01 2.112587e+01
15t 2.201520e+02 1.562043e+02 2.209856e+02 1.294645e+02 9.932269e+01
16t 4.927870e+01 5.290875e+01 4.918278e+01 4.778107e+01 4.889436e+01
17t 8.616033e-01 8.596624e-01 9.353625e-02 7.252501e+01 3.219582e+02
18t 9.825887e-01 8.939775e-01 9.953815e-01 8.117525e-01 6.712660e-01
19t 4.756090e+02 4.819626e+02 4.034196e+02 1.433480e+03 7.136820e+03
20t 2.236866e+02 2.837884e+02 2.471802e+02 3.279431e+02 5.546785e+02
21t 2.806529e+04 2.830305e+04 2.872618e+04 2.903583e+04 3.019750e+04
22t 2.812556e+04 2.875270e+04 2.841297e+04 3.235365e+04 3.858611e+04
23t 4.475938e+01 5.183052e+01 4.614099e+01 5.939804e+01 7.983009e+01
24t 8.717044e-01 7.029934e-01 7.144630e-01 7.076950e-01 4.698858e+00
25t 6.515798e-01 7.557125e-01 5.103314e-01 8.098779e-01 6.316034e-01
26t 3.614251e-01 9.072324e-01 3.677632e-01 3.958669e-01 2.854133e-01
27t 8.492938e+01 9.322354e+01 7.957743e+01 1.049884e+02 5.532113e+01
28t 2.388829e+02 2.424694e+02 2.228780e+02 2.224168e+02 1.421740e+02
29t 2.823556e+02 3.536554e+02 2.888173e+02 3.946281e+02 4.575015e+02
30t 1.060303e+01 1.197291e+01 1.127576e+01 1.794823e+01 1.205891e+01
31t 1.639930e+02 1.406370e+02 1.527512e+02 2.096946e+02 1.017605e+02
32t 3.028815e+02 3.148865e+02 3.266413e+02 4.556228e+02 3.822978e+02
33t 9.675830e+01 9.307102e+01 1.003114e+02 1.186093e+02 1.760074e+02
34t 2.429603e+01 2.221381e+01 2.780215e+01 3.393898e+01 2.278839e+01
35t 1.249938e+04 1.255758e+04 1.260548e+04 1.453407e+04 1.869130e+04
36t 1.943534e+05 1.832210e+05 1.968392e+05 1.523985e+05 8.999829e+04
37t 6.130634e+01 5.522452e+01 6.078382e+01 5.480874e+01 6.384471e+01
38t 2.750568e+05 2.365167e+05 2.875667e+05 2.866580e+05 2.095856e+05
39t 5.336287e+00 5.585402e+00 5.933032e+00 6.727820e+00 6.997988e+00
40t 3.783911e+01 4.873368e+01 2.839636e+01 2.394543e+02 8.426549e+02
41t 4.490880e+02 4.488602e+02 4.498852e+02 6.479909e+02 9.725896e+02
42t 3.130408e+02 3.241602e+02 2.912872e+02 3.736564e+02 4.261786e+02
43t 3.202245e+02 4.052161e+02 3.236431e+02 5.100462e+02 4.274712e+02
44t 9.291820e+02 9.385681e+02 9.249111e+02 1.036939e+03 9.249423e+02
45t 9.273950e+02 9.343266e+02 9.212901e+02 1.070866e+03 9.241294e+02
46t 9.450157e+02 9.425928e+02 9.331489e+02 9.414439e+02 9.223034e+02
47t 1.022575e+03 1.026326e+03 1.019105e+03 5.295591e+02 1.271071e+03
48t 9.394847e+02 9.854965e+02 9.272666e+02 1.518869e+03 1.442448e+03
49t 1.022260e+03 5.638979e+02 9.418166e+02 9.074885e+02 1.240346e+03
50t 9.368989e+02 9.836465e+02 9.237355e+02 1.235938e+03 1.350830e+03
              41           42           43           44           45
1t  1.286115e+00 1.652786e+00 8.045092e-01 1.291541e+00 1.453961e+00
2t  8.208833e+06 2.344398e+07 2.532338e+06 2.393344e+07 1.280466e+07
3t  2.197621e+06 3.333547e+06 1.127069e+06 2.568866e+06 2.848186e+06
4t  1.180997e+05 1.365978e+05 4.564443e+04 7.275757e+04 1.076895e+05
5t  4.802382e+01 8.156065e+00 1.002431e+01 4.007143e+01 1.106365e+01
6t  3.375025e+01 5.476473e+02 2.770655e+00 1.940452e+02 2.508665e+02
7t  4.763002e+03 3.784797e+03 1.350373e+05 4.142658e+03 5.085375e+03
8t  6.621974e+00 6.722598e+00 1.700679e+02 6.649014e+00 6.709668e+00
9t  3.087043e+02 2.511130e+02 3.837068e+02 2.848558e+02 2.619919e+02
10t 2.456177e+01 3.226315e+01 2.138490e+01 2.771902e+01 3.019201e+01
11t 2.811614e+02 2.630083e+02 3.658423e+02 2.790889e+02 2.782597e+02
12t 9.889382e+03 3.501202e+02 1.798269e+02 1.112356e+04 2.445886e+02
13t 2.008744e+01 1.823799e+00 2.047237e+01 1.700572e+00 1.629834e+00
14t 2.103448e+01 2.114661e+01 2.079963e+01 2.101846e+01 2.114355e+01
15t 2.059602e+02 2.968157e+02 1.240075e+02 4.426152e+04 2.312078e+02
16t 4.848305e+01 4.884752e+01 4.308811e+01 4.934607e+01 4.843056e+01
17t 3.695830e-01 1.208278e+00 3.230897e-02 1.462212e+00 4.785632e-01
18t 9.119223e-01 9.956411e-01 7.630744e-01 9.550597e-01 9.906862e-01
19t 5.397399e+02 4.973380e+02 2.190356e+03 4.902250e+02 4.165228e+02
20t 3.801611e+02 2.168634e+02 9.009572e+02 3.565746e+02 2.944891e+02
21t 2.706380e+04 2.720844e+04 3.882427e+04 2.760012e+04 2.823332e+04
22t 2.894756e+04 2.855445e+04 3.845225e+04 2.808460e+04 2.820201e+04
23t 5.423464e+01 4.510767e+01 7.517087e+01 5.914584e+01 4.814562e+01
24t 8.124282e-01 8.208816e-01 1.156711e+00 7.865942e-01 8.623500e-01
25t 7.452668e-01 6.462938e-01 6.728876e-01 7.667481e-01 5.157936e-01
26t 3.109044e-01 3.584292e-01 2.428441e-01 8.784163e-01 3.029361e-01
27t 1.205307e+02 8.561553e+01 8.423175e+01 8.151891e+01 1.056577e+02
28t 2.625313e+02 2.304950e+02 1.918495e+02 4.037318e+02 2.618173e+02
29t 3.886586e+02 2.641200e+02 4.552743e+02 3.171300e+02 3.131093e+02
30t 2.022054e+01 1.192426e+01 1.492505e+01 1.069008e+01 1.185942e+01
31t 2.627329e+02 1.083312e+02 1.825821e+02 1.738901e+02 1.795140e+02
32t 4.926985e+02 2.938551e+02 4.158597e+02 3.130691e+02 3.150758e+02
33t 1.208370e+02 1.065789e+02 1.958735e+02 1.090179e+02 9.858664e+01
34t 2.514748e+01 2.887718e+01 3.150196e+01 2.575144e+01 2.431425e+01
35t 1.299813e+04 1.248407e+04 1.409317e+04 1.267489e+04 1.259472e+04
36t 1.643989e+05 1.990199e+05 1.381738e+05 1.632413e+05 2.257389e+05
37t 6.060770e+01 6.209150e+01 6.584616e+01 5.852841e+01 6.059534e+01
38t 3.420813e+05 2.698628e+05 3.277501e+05 1.706902e+05 2.111608e+05
39t 6.876683e+00 5.532949e+00 5.971214e+00 5.886329e+00 5.899121e+00
40t 1.000034e+02 2.926469e+01 9.597793e+01 8.180073e+01 2.276414e+01
41t 4.499095e+02 4.504708e+02 8.326762e+02 4.499174e+02 4.506230e+02
42t 3.481721e+02 2.883987e+02 4.270900e+02 4.288765e+02 2.990017e+02
43t 4.360091e+02 3.447463e+02 5.272628e+02 3.076229e+02 3.170461e+02
44t 9.314128e+02 9.320732e+02 1.058402e+03 9.343311e+02 9.334265e+02
45t 9.478719e+02 9.305881e+02 1.043441e+03 9.335324e+02 9.282968e+02
46t 9.489074e+02 9.271420e+02 1.154025e+03 9.486530e+02 9.335935e+02
47t 5.472571e+02 1.021881e+03 5.306512e+02 5.512758e+02 1.022970e+03
48t 9.996186e+02 9.169462e+02 1.301591e+03 9.747900e+02 9.470311e+02
49t 1.026871e+03 1.022255e+03 5.477410e+02 1.031484e+03 1.018892e+03
50t 9.229466e+02 9.464428e+02 1.245124e+03 1.048640e+03 9.122729e+02
              46           47           48           49           50
1t  1.344454e+00 3.670620e+00 7.869629e-01 1.970129e+00 2.550266e+00
2t  1.105398e+07 2.826926e+07 1.402240e+07 9.661223e+06 2.409863e+07
3t  2.403853e+06 5.868614e+06 1.406445e+06 2.861236e+06 4.532467e+06
4t  1.152114e+05 1.208032e+05 1.120020e+05 9.731303e+04 5.820030e+04
5t  5.523996e+01 4.325031e+00 5.316370e+01 1.078970e+01 6.523023e+00
6t  3.951951e+02 5.993105e+02 1.411313e+02 5.230725e+01 2.500205e+02
7t  6.988891e+03 2.342901e+03 5.684391e+03 3.932925e+03 2.775991e+03
8t  6.567840e+00 9.749550e+00 4.877026e+00 7.096721e+00 8.634082e+00
9t  3.591723e+02 1.798927e+02 2.999858e+02 2.945818e+02 1.467773e+02
10t 2.945941e+01 3.676225e+01 2.396617e+01 3.028590e+01 3.752703e+01
11t 3.538520e+02 1.750303e+02 3.075474e+02 2.834348e+02 1.269368e+02
12t 2.774402e+04 3.259725e+02 1.763075e+04 2.113605e+02 2.643918e+02
13t 2.012433e+01 2.275617e+00 1.974226e+01 1.905287e+00 2.125794e+00
14t 2.114184e+01 2.119698e+01 2.089633e+01 2.107875e+01 2.104772e+01
15t 2.101174e+02 6.864861e+02 2.468024e+03 2.587406e+02 3.450912e+02
16t 4.925555e+01 4.879823e+01 4.895199e+01 4.780155e+01 4.828541e+01
17t 7.870261e+01 1.038763e+00 3.599169e+00 7.179418e-02 1.838016e-01
18t 9.568837e-01 1.063086e+00 8.551240e-01 9.854372e-01 1.042404e+00
19t 1.165447e+03 4.450607e+02 6.294935e+02 4.234919e+02 3.969192e+02
20t 4.972482e+02 1.650068e+02 3.617595e+02 2.338831e+02 1.827144e+02
21t 3.422871e+04 2.767384e+04 2.844774e+04 2.753929e+04 2.754203e+04
22t 3.472121e+04 2.861731e+04 2.878748e+04 2.851099e+04 2.797194e+04
23t 5.239291e+01 3.731355e+01 4.890425e+01 4.316050e+01 3.974946e+01
24t 3.228331e+00 8.644901e-01 9.393229e-01 5.958893e-01 5.312197e-01
25t 4.988689e-01 5.492445e-01 8.180323e-01 7.108017e-01 5.382988e-01
26t 3.130355e-01 3.137476e-01 4.384086e-01 3.567054e-01 3.514248e-01
27t 5.668665e+01 3.605755e+01 9.123757e+01 1.025307e+02 7.984573e+01
28t 1.936410e+02 3.882985e+02 2.155817e+02 2.963586e+02 3.261985e+02
29t 4.178186e+02 2.806387e+02 3.683904e+02 3.270410e+02 2.863239e+02
30t 1.431512e+01 1.591582e+01 9.954583e+00 1.157475e+01 1.475757e+01
31t 1.075212e+02 1.541977e+02 1.832722e+02 2.359925e+02 1.638250e+02
32t 2.807917e+02 3.829842e+02 8.769618e+02 6.587368e+02 3.623104e+02
33t 1.286258e+02 1.033735e+02 1.171118e+02 9.841742e+01 9.048130e+01
34t 2.798082e+01 3.283158e+01 2.077587e+01 2.710383e+01 3.258572e+01
35t 1.352255e+04 1.249559e+04 1.311898e+04 1.280883e+04 1.244534e+04
36t 2.547666e+05 2.961544e+05 1.524165e+05 3.140658e+05 3.729312e+05
37t 6.356147e+01 5.937553e+01 5.714386e+01 5.832626e+01 6.006866e+01
38t 1.985606e+05 2.999337e+05 2.006607e+05 2.446970e+05 2.335655e+05
39t 5.972393e+00 6.482340e+00 5.495991e+00 6.088694e+00 6.216742e+00
40t 4.556666e+02 2.194625e+01 2.399167e+02 2.197181e+01 2.019256e+01
41t 4.513024e+02 4.429951e+02 4.452523e+02 5.363071e+02 4.544284e+02
42t 3.666055e+02 2.919379e+02 4.180169e+02 3.243201e+02 2.774823e+02
43t 4.149157e+02 3.261938e+02 4.389296e+02 4.381203e+02 3.278894e+02
44t 1.000003e+03 9.209039e+02 9.305793e+02 9.225163e+02 9.334074e+02
45t 1.004352e+03 9.273153e+02 9.309754e+02 9.283945e+02 9.230214e+02
46t 1.009126e+03 9.319719e+02 9.303356e+02 9.238452e+02 9.209301e+02
47t 5.472064e+02 1.017625e+03 5.261540e+02 5.643395e+02 1.024476e+03
48t 1.094913e+03 9.257223e+02 1.035709e+03 9.751570e+02 9.148270e+02
49t 5.800677e+02 1.021487e+03 5.460651e+02 1.016890e+03 1.021938e+03
50t 1.240151e+03 9.168009e+02 1.208463e+03 9.231460e+02 8.931704e+02
              51           52           53           54           55
1t  1.391989e+00 1.090610e+00 8.925363e-01 1.291917e+00 7.730404e-01
2t  1.232584e+07 1.249610e+07 8.694047e+06 7.007604e+06 4.446989e+06
3t  2.180090e+06 1.810907e+06 1.245853e+06 1.985199e+06 1.154198e+06
4t  9.575227e+04 9.370211e+04 1.329492e+05 1.386563e+05 1.761560e+05
5t  4.293218e+01 2.445158e+01 4.076331e+01 4.267460e+01 5.567476e+01
6t  8.510865e+01 1.555520e+02 1.408269e+01 1.559874e+02 1.418688e+01
7t  4.176958e+03 3.459474e+03 6.141909e+03 3.320244e+03 1.604196e+04
8t  6.120398e+00 5.644117e+00 5.168791e+00 7.035136e+00 6.089926e+01
9t  2.849447e+02 2.877073e+02 3.103811e+02 2.883492e+02 3.957345e+02
10t 3.037437e+01 2.781783e+01 2.565203e+01 2.956982e+01 2.368363e+01
11t 2.818780e+02 2.715844e+02 3.159136e+02 2.775407e+02 4.081827e+02
12t 3.325003e+02 2.622513e+02 1.518868e+04 8.862163e+03 2.182960e+04
13t 1.616208e+00 1.365306e+00 2.008885e+01 1.577405e+00 2.068576e+01
14t 2.095535e+01 2.097882e+01 2.091302e+01 2.113962e+01 2.118310e+01
15t 2.366566e+02 1.590677e+02 1.321172e+02 5.109530e+03 1.261989e+02
16t 4.863934e+01 5.080735e+01 4.809342e+01 4.929426e+01 4.892500e+01
17t 4.240070e-01 1.248636e-01 2.096095e+00 5.424178e-02 3.693624e+02
18t 9.536371e-01 9.232569e-01 9.141989e-01 9.622724e-01 8.133678e-01
19t 4.936756e+02 5.264707e+02 5.779728e+02 5.980808e+02 2.714883e+03
20t 3.425590e+02 3.005810e+02 4.545435e+02 4.021079e+02 7.267606e+02
21t 2.785802e+04 2.724890e+04 2.850568e+04 3.099483e+04 3.533311e+04
22t 2.864446e+04 2.861925e+04 2.874688e+04 3.317140e+04 3.515699e+04
23t 5.016037e+01 5.253249e+01 5.739727e+01 5.446649e+01 7.648232e+01
24t 7.421154e-01 8.910316e-01 7.860664e-01 3.154295e+00 3.592017e+00
25t 7.170311e-01 5.171878e-01 9.849080e-01 5.718731e-01 6.530270e-01
26t 3.934302e-01 3.271919e-01 3.087583e-01 3.071970e-01 2.636783e-01
27t 7.820021e+01 1.049868e+02 7.986436e+01 7.582315e+01 5.816228e+01
28t 2.672437e+02 1.953970e+02 2.691244e+02 2.671110e+02 1.470542e+02
29t 3.165254e+02 3.465193e+02 4.205525e+02 3.888106e+02 4.684151e+02
30t 1.244257e+01 1.022064e+01 1.434049e+01 1.361371e+01 1.484199e+01
31t 1.885651e+02 1.753451e+02 2.425782e+02 1.698303e+02 1.347370e+02
32t 3.812715e+02 3.351887e+02 9.010346e+02 3.266138e+02 4.873265e+02
33t 1.125869e+02 1.121095e+02 1.379152e+02 1.145450e+02 1.620686e+02
34t 2.548424e+01 2.764143e+01 2.972871e+01 2.645088e+01 2.176558e+01
35t 1.255800e+04 1.276046e+04 1.280651e+04 1.278198e+04 1.451947e+04
36t 1.702804e+05 1.569818e+05 1.548113e+05 2.197291e+05 1.126168e+05
37t 5.633188e+01 5.940657e+01 5.766585e+01 6.054972e+01 6.642658e+01
38t 2.442716e+05 2.305841e+05 4.724671e+05 1.935343e+05 1.841907e+05
39t 6.052778e+00 5.810824e+00 6.620886e+00 5.494160e+00 6.445690e+00
40t 4.347717e+01 4.878072e+01 8.580393e+01 8.741408e+01 8.282090e+02
41t 4.497915e+02 4.472623e+02 5.187889e+02 4.993871e+02 7.575131e+02
42t 2.741682e+02 3.397674e+02 3.961093e+02 3.312101e+02 4.268208e+02
43t 3.415360e+02 3.551477e+02 4.333831e+02 3.870191e+02 4.309461e+02
44t 9.364139e+02 9.388947e+02 9.320113e+02 9.911053e+02 9.281297e+02
45t 9.262182e+02 9.368961e+02 9.361634e+02 9.858741e+02 9.308799e+02
46t 9.323529e+02 9.334261e+02 9.379550e+02 9.297355e+02 9.297741e+02
47t 1.023987e+03 1.022915e+03 1.028457e+03 5.572537e+02 1.210886e+03
48t 9.393246e+02 9.774733e+02 1.007968e+03 9.998746e+02 1.238862e+03
49t 5.688246e+02 1.024954e+03 1.032366e+03 5.834725e+02 5.496521e+02
50t 9.233593e+02 1.088570e+03 9.872792e+02 1.183721e+03 1.299811e+03
              56           57           58           59           60
1t  1.472944e+00 9.200352e-01 1.704022e+00 7.154671e-01 6.696097e-01
2t  2.083912e+07 1.646150e+07 1.555455e+07 3.725132e+06 3.922232e+06
3t  2.643445e+06 1.660526e+06 3.168078e+06 1.101624e+06 1.075524e+06
4t  1.120066e+05 1.336667e+05 7.567598e+04 8.741733e+04 1.663001e+05
5t  4.297014e+01 3.586983e+01 1.577398e+01 3.436725e+01 5.389850e+01
6t  1.938645e+02 1.175545e+02 9.282454e+01 3.030759e+00 7.269268e+00
7t  6.211856e+03 5.241343e+03 3.507190e+03 2.245458e+04 1.329057e+04
8t  7.009433e+00 5.089227e+00 7.564322e+00 5.020537e+00 4.846608e+00
9t  2.812689e+02 2.997375e+02 2.952627e+02 3.050185e+02 3.983740e+02
10t 3.030391e+01 2.565478e+01 3.451519e+01 2.442607e+01 2.120954e+01
11t 2.160349e+02 2.671598e+02 2.682607e+02 3.203865e+02 3.970319e+02
12t 1.107844e+04 1.627888e+04 3.485447e+02 9.307217e+03 2.035696e+04
13t 1.698432e+00 1.968574e+01 1.964398e+00 2.002655e+01 2.076345e+01
14t 2.098278e+01 2.092350e+01 2.098703e+01 2.083849e+01 2.120942e+01
15t 2.731602e+02 1.623109e+02 3.174202e+02 1.338305e+02 1.046955e+02
16t 4.909561e+01 4.855340e+01 4.927042e+01 4.845729e+01 4.885850e+01
17t 6.412827e-01 1.394781e+00 1.112968e-01 5.742270e-02 3.093653e+02
18t 9.795810e-01 8.970690e-01 1.006723e+00 8.074636e-01 7.686434e-01
19t 5.232464e+02 5.679436e+02 3.744938e+02 2.512690e+03 2.834458e+03
20t 3.108735e+02 3.391148e+02 2.777683e+02 5.319016e+02 7.411405e+02
21t 2.824827e+04 2.654276e+04 2.801461e+04 2.947653e+04 3.527793e+04
22t 2.847636e+04 2.807452e+04 2.861213e+04 2.979690e+04 3.583647e+04
23t 5.130275e+01 5.021746e+01 5.017939e+01 5.963811e+01 7.767792e+01
24t 9.292364e-01 1.213240e+00 8.749684e-01 1.099296e+00 3.098879e+00
25t 5.004522e-01 6.724575e-01 4.908224e-01 8.441411e-01 6.618339e-01
26t 4.162416e-01 3.632499e-01 3.594385e-01 3.867993e-01 2.674511e-01
27t 8.829760e+01 8.344894e+01 8.190489e+01 1.179877e+02 4.776413e+01
28t 2.786777e+02 2.588817e+02 2.739084e+02 2.738234e+02 1.526906e+02
29t 2.650379e+02 3.453434e+02 3.004609e+02 3.265234e+02 4.055465e+02
30t 1.103362e+01 1.097851e+01 1.271543e+01 1.516959e+01 1.153110e+01
31t 1.841609e+02 1.719569e+02 1.551652e+02 2.869957e+02 1.253680e+02
32t 3.700767e+02 3.639619e+02 2.803211e+02 5.194654e+02 3.558395e+02
33t 1.050199e+02 9.991431e+01 1.061392e+02 1.586250e+02 1.423109e+02
34t 2.622725e+01 2.054946e+01 2.765280e+01 2.886031e+01 2.356800e+01
35t 1.236202e+04 1.294293e+04 1.232019e+04 1.470935e+04 1.467458e+04
36t 1.768314e+05 1.567269e+05 2.040548e+05 1.702066e+05 1.097941e+05
37t 5.963653e+01 5.721927e+01 5.874955e+01 5.763960e+01 6.675234e+01
38t 2.434335e+05 2.081096e+05 2.653537e+05 3.185978e+05 1.489697e+05
39t 5.870647e+00 4.955789e+00 5.747698e+00 7.399496e+00 5.198310e+00
40t 4.665103e+01 8.694554e+01 2.392676e+01 1.103440e+02 8.909297e+02
41t 4.499781e+02 4.475432e+02 4.516508e+02 9.794792e+02 7.624448e+02
42t 3.410199e+02 3.654250e+02 2.426663e+02 4.261277e+02 4.266642e+02
43t 3.515641e+02 4.394369e+02 3.276836e+02 4.291979e+02 4.293038e+02
44t 9.354441e+02 9.368872e+02 9.339462e+02 9.515787e+02 9.253235e+02
45t 9.280870e+02 9.300645e+02 9.288872e+02 1.012387e+03 9.279002e+02
46t 9.427902e+02 9.386477e+02 9.422094e+02 1.131451e+03 9.272042e+02
47t 5.521234e+02 5.344277e+02 1.025037e+03 1.194561e+03 1.214034e+03
48t 9.896199e+02 9.654320e+02 9.296364e+02 1.344576e+03 1.352062e+03
49t 1.031193e+03 5.498064e+02 1.030282e+03 1.207383e+03 5.443419e+02
50t 9.416058e+02 1.046950e+03 9.635843e+02 1.244434e+03 1.276878e+03
              61           62           63           64           65
1t  8.615235e-01 1.127729e+00 1.116792e+00 1.565467e+00 1.623178e+00
2t  2.149731e+07 1.280733e+07 1.535063e+07 1.394426e+07 1.758892e+07
3t  1.260458e+06 2.463499e+06 1.899628e+06 2.137757e+06 3.069972e+06
4t  1.239357e+05 1.064431e+05 1.148625e+05 8.189361e+04 1.250924e+05
5t  5.072675e+01 1.919523e+01 3.926048e+01 4.941856e+01 7.182954e+00
6t  1.203528e+02 1.942262e+02 3.417102e+02 2.177589e+02 3.102027e+02
7t  8.938998e+03 4.081096e+03 4.299679e+03 5.328668e+03 4.702536e+03
8t  5.088353e+00 5.945831e+00 5.018363e+00 6.488439e+00 6.965724e+00
9t  3.105070e+02 3.013368e+02 2.849555e+02 2.843119e+02 2.578648e+02
10t 2.350060e+01 2.917781e+01 2.748501e+01 3.154829e+01 2.965162e+01
11t 3.341206e+02 1.811826e+02 2.899149e+02 3.043055e+02 2.600968e+02
12t 1.607168e+04 2.674962e+02 9.413677e+03 2.174269e+04 2.595290e+02
13t 2.011273e+01 1.656936e+00 1.449692e+00 1.853764e+00 1.825421e+00
14t 2.090041e+01 2.104696e+01 2.098063e+01 2.101369e+01 2.114519e+01
15t 1.561691e+02 1.910649e+02 1.658678e+02 6.872230e+05 2.206354e+02
16t 1.249387e+02 4.923032e+01 4.927235e+01 4.860529e+01 4.765612e+01
17t 1.933325e+01 2.452645e-01 8.481209e-01 3.989675e+00 8.324724e-01
18t 9.123129e-01 9.395191e-01 9.411248e-01 9.814278e-01 9.978412e-01
19t 8.763903e+02 4.400541e+02 5.192830e+02 7.005228e+02 4.357278e+02
20t 4.056570e+02 2.938207e+02 2.916214e+02 3.902760e+02 2.477961e+02
21t 2.753482e+04 2.750042e+04 2.769005e+04 2.842237e+04 2.775028e+04
22t 2.949371e+04 2.862351e+04 2.859289e+04 2.893080e+04 2.786176e+04
23t 5.818633e+01 5.116956e+01 5.157872e+01 5.156716e+01 5.102624e+01
24t 1.065361e+00 7.198961e-01 6.746839e-01 5.773760e-01 8.211577e-01
25t 8.565098e-01 6.926917e-01 5.355348e-01 6.230710e-01 5.643254e-01
26t 3.660340e-01 8.873716e-01 3.353431e-01 9.445931e-01 3.570984e-01
27t 1.072694e+02 7.994374e+01 7.579783e+01 1.126080e+02 6.100542e+01
28t 2.704954e+02 2.535399e+02 2.308298e+02 2.570270e+02 2.374316e+02
29t 3.893437e+02 3.376627e+02 3.707352e+02 3.407692e+02 3.227306e+02
30t 1.191897e+01 1.174355e+01 1.213586e+01 1.304226e+01 1.143517e+01
31t 2.312030e+02 1.645242e+02 1.680809e+02 2.119762e+02 1.574399e+02
32t 4.100581e+02 3.872689e+02 3.524130e+02 4.115238e+02 3.210418e+02
33t 1.397316e+02 1.001382e+02 1.090517e+02 1.180507e+02 1.126414e+02
34t 2.014926e+01 2.294795e+01 2.343601e+01 2.670367e+01 2.564722e+01
35t 1.352956e+04 1.247980e+04 1.273242e+04 1.268802e+04 1.258497e+04
36t 1.412184e+05 2.715225e+05 1.911158e+05 1.541224e+05 2.675378e+05
37t 6.062311e+01 5.985312e+01 5.999280e+01 5.516063e+01 5.445760e+01
38t 2.800361e+05 2.618732e+05 2.228834e+05 2.471434e+05 2.760752e+05
39t 6.911740e+00 5.690716e+00 5.451652e+00 7.499840e+00 5.752399e+00
40t 1.854570e+02 4.577798e+01 6.359983e+01 4.752550e+01 3.288804e+01
41t 4.465148e+02 4.498927e+02 4.480698e+02 4.486847e+02 4.422050e+02
42t 4.122233e+02 3.503786e+02 4.036113e+02 4.292051e+02 2.810962e+02
43t 4.349612e+02 3.567726e+02 3.493859e+02 3.439266e+02 3.451748e+02
44t 9.324515e+02 9.329034e+02 9.363793e+02 9.370538e+02 9.246675e+02
45t 9.384374e+02 9.264997e+02 9.326921e+02 9.365093e+02 9.308588e+02
46t 9.325606e+02 9.419378e+02 9.422591e+02 9.356945e+02 9.290837e+02
47t 5.314701e+02 1.021436e+03 5.383939e+02 9.087061e+02 1.019849e+03
48t 1.038571e+03 9.307868e+02 9.779590e+02 9.943500e+02 9.189204e+02
49t 5.502842e+02 1.019799e+03 1.029404e+03 1.038383e+03 1.021097e+03
50t 1.200656e+03 9.188427e+02 1.000950e+03 1.080347e+03 9.251105e+02
              66           67           68           69           70
1t  1.334999e+00 1.836648e+00 2.881336e+00 9.390143e-01 1.026647e+00
2t  2.733353e+07 1.407893e+07 1.059015e+07 4.473492e+06 1.492612e+07
3t  2.285143e+06 3.333942e+06 4.626082e+06 1.312736e+06 1.961210e+06
4t  1.419228e+05 1.101571e+05 1.374630e+05 8.006891e+04 9.979965e+04
5t  5.254292e+01 3.269629e+00 2.593884e+01 4.202248e+01 2.835385e+01
6t  5.170265e+02 1.333607e+02 3.118827e+02 3.891596e+00 2.723655e+02
7t  6.085527e+03 3.678470e+03 3.463742e+03 1.232617e+04 4.669488e+03
8t  5.718077e+00 7.181245e+00 9.150091e+00 5.582155e+00 6.020810e+00
9t  3.020205e+02 2.853521e+02 2.296126e+02 3.067200e+02 2.711309e+02
10t 2.644639e+01 3.377208e+01 3.204012e+01 2.411084e+01 2.939939e+01
11t 2.952470e+02 2.713983e+02 2.051942e+02 3.220650e+02 2.792764e+02
12t 2.149409e+04 2.103140e+02 3.358918e+03 1.688619e+04 2.912116e+02
13t 1.978340e+01 1.780929e+00 2.302334e+00 1.976114e+01 1.504257e+00
14t 2.103513e+01 2.099028e+01 2.115118e+01 2.091941e+01 2.113365e+01
15t 7.139971e+04 5.881864e+02 3.716570e+02 1.510311e+02 3.459368e+02
16t 4.929328e+01 4.824218e+01 4.936307e+01 4.750553e+01 4.889078e+01
17t 1.200362e+01 1.487067e-01 1.002390e-01 2.040251e+02 1.004381e-01
18t 1.011489e+00 1.002238e+00 1.043013e+00 8.229057e-01 9.494713e-01
19t 6.070278e+02 3.993841e+02 4.469275e+02 1.904132e+03 4.368094e+02
20t 3.057610e+02 2.146602e+02 3.188524e+02 3.847782e+02 3.187070e+02
21t 2.861306e+04 2.700734e+04 2.941713e+04 2.911028e+04 2.793731e+04
22t 2.884141e+04 2.839868e+04 3.218416e+04 2.825103e+04 2.887256e+04
23t 5.760199e+01 4.847184e+01 4.446020e+01 6.013295e+01 4.907031e+01
24t 9.506647e-01 7.880090e-01 3.752492e+00 6.547222e-01 4.379130e-01
25t 6.354363e-01 6.183320e-01 6.274642e-01 7.920597e-01 5.959549e-01
26t 3.291350e-01 3.518011e-01 3.088476e-01 4.125786e-01 8.219751e-01
27t 8.706551e+01 7.168522e+01 7.573245e+01 1.196764e+02 8.297055e+01
28t 2.146577e+05 2.590442e+02 2.691400e+02 2.666842e+02 2.351358e+02
29t 3.955924e+02 2.951482e+02 3.123067e+02 3.857094e+02 2.673309e+02
30t 1.261129e+01 1.233763e+01 1.592280e+01 2.036216e+01 1.172555e+01
31t 1.910064e+02 1.864412e+02 1.426579e+02 2.502350e+02 1.914876e+02
32t 3.480393e+02 4.998302e+02 3.039555e+02 3.537583e+02 3.095584e+02
33t 1.018146e+02 1.021291e+02 1.186655e+02 1.200921e+02 8.798001e+01
34t 2.536103e+01 2.700492e+01 3.106033e+01 2.700658e+01 2.454732e+01
35t 1.304057e+04 1.243365e+04 1.253252e+04 1.376351e+04 1.275271e+04
36t 1.698142e+05 3.315236e+05 4.452478e+05 1.645351e+05 1.516590e+05
37t 6.065210e+01 6.243771e+01 5.966811e+01 5.221346e+01 6.202198e+01
38t 2.602556e+05 2.770218e+05 2.074576e+05 2.209863e+05 2.789564e+05
39t 5.558765e+00 5.672073e+00 5.544697e+00 7.234590e+00 5.763660e+00
40t 1.473132e+02 3.319955e+01 3.206976e+01 1.596669e+02 2.803830e+01
41t 4.490168e+02 4.506591e+02 4.559777e+02 7.654439e+02 4.494011e+02
42t 3.993947e+02 2.829355e+02 3.101741e+02 4.406829e+02 3.742592e+02
43t 4.403188e+02 4.039610e+02 3.222305e+02 4.308311e+02 3.644847e+02
44t 9.468182e+02 9.206588e+02 8.448195e+02 1.155733e+03 9.330603e+02
45t 9.395577e+02 9.218198e+02 9.245009e+02 9.747118e+02 9.435246e+02
46t 9.450735e+02 9.411079e+02 9.324585e+02 1.044512e+03 9.298664e+02
47t 5.431257e+02 1.018404e+03 5.907735e+02 5.324319e+02 5.449265e+02
48t 9.791412e+02 1.007003e+03 9.548260e+02 1.193831e+03 9.521643e+02
49t 5.694169e+02 1.025060e+03 6.097671e+02 5.548246e+02 1.022370e+03
50t 1.070354e+03 9.062509e+02 1.066732e+03 1.253359e+03 9.476905e+02
              71           72           73           74           75
1t  1.080718e+00 7.505617e-01 1.072437e+00 1.402339e+00 1.167559e+00
2t  9.624366e+06 3.224176e+06 9.761282e+06 9.408689e+06 2.876946e+07
3t  1.659797e+06 1.195616e+06 1.942162e+06 2.060519e+06 1.908865e+06
4t  8.707121e+04 1.079083e+05 1.332985e+05 1.472901e+05 1.331619e+05
5t  3.561372e+01 3.104155e+01 3.641480e+01 3.704902e+01 3.144054e+01
6t  8.045460e+01 5.638662e+00 2.272587e+02 2.965908e+02 4.631646e+02
7t  6.688539e+03 7.737995e+03 4.319947e+03 6.176608e+03 6.568735e+03
8t  5.713125e+00 5.261099e+00 5.451428e+00 6.162278e+00 5.545227e+00
9t  2.694074e+02 3.262051e+02 2.523136e+02 2.918690e+02 2.920474e+02
10t 2.675232e+01 2.466632e+01 2.814444e+01 2.800579e+01 2.673550e+01
11t 2.853572e+02 3.174559e+02 2.424663e+02 2.882014e+02 2.883184e+02
12t 1.831434e+04 1.127714e+04 1.539070e+03 1.007128e+04 1.547869e+04
13t 1.863729e+01 1.997183e+01 1.387482e+00 1.481944e+00 1.341662e+00
14t 2.096762e+01 2.099450e+01 2.108771e+01 2.116588e+01 2.108466e+01
15t 1.834429e+02 1.241391e+02 1.749365e+03 1.903757e+02 2.125285e+02
16t 4.833637e+01 4.712789e+01 4.910497e+01 4.927363e+01 5.498544e+01
17t 1.229249e+00 2.833885e-02 1.029524e+00 4.844381e-02 2.862841e+00
18t 9.088839e-01 8.349467e-01 9.332915e-01 9.570619e-01 9.142121e-01
19t 5.881442e+02 7.414107e+02 5.784555e+02 6.674890e+02 5.193211e+02
20t 3.557909e+02 3.956674e+02 3.214613e+02 2.937431e+02 3.224169e+02
21t 2.831686e+04 2.887800e+04 2.805458e+04 3.344933e+04 2.800580e+04
22t 2.848605e+04 2.893557e+04 2.920493e+04 3.287560e+04 2.825836e+04
23t 5.655096e+01 5.230615e+01 5.149713e+01 5.821279e+01 5.319921e+01
24t 6.939373e-01 6.116578e-01 1.123380e+00 3.354374e+00 7.389545e-01
25t 7.268060e-01 7.984829e-01 6.715241e-01 5.605116e-01 6.650826e-01
26t 3.249642e-01 3.197785e-01 3.604371e-01 2.790438e-01 3.279329e-01
27t 8.857507e+01 1.028878e+02 7.428902e+01 5.766452e+01 6.248899e+01
28t 2.709210e+02 3.159031e+02 2.067478e+02 2.178253e+02 2.049608e+02
29t 3.405766e+02 3.457893e+02 3.170427e+02 3.613354e+02 3.379219e+02
30t 1.217717e+01 9.280384e+00 1.108273e+01 1.138644e+01 1.042252e+01
31t 1.818466e+02 2.182407e+02 1.695924e+02 1.647425e+02 1.504045e+02
32t 3.058646e+02 1.662020e+03 3.244765e+02 2.967596e+02 3.019744e+02
33t 1.246085e+02 1.336562e+02 1.126498e+02 1.054725e+02 1.057604e+02
34t 2.473907e+01 2.839709e+01 2.260040e+01 2.507778e+01 2.223891e+01
35t 1.271197e+04 1.428587e+04 1.281931e+04 1.254085e+04 1.257595e+04
36t 1.223217e+05 1.574558e+05 1.577533e+05 1.516158e+05 1.827272e+05
37t 5.584049e+01 5.545597e+01 5.797835e+01 6.191915e+01 5.886009e+01
38t 1.675724e+05 4.313948e+05 2.423131e+05 1.861679e+05 1.694408e+05
39t 5.611480e+00 6.283526e+00 6.907159e+00 4.992564e+00 5.629069e+00
40t 5.334856e+01 7.724480e+01 4.583997e+01 1.545883e+02 6.431892e+01
41t 4.478006e+02 5.821294e+02 4.484751e+02 4.496786e+02 4.475008e+02
42t 3.385941e+02 4.272400e+02 4.040490e+02 3.017548e+02 3.282383e+02
43t 4.357142e+02 4.304505e+02 3.471539e+02 4.470373e+02 3.646944e+02
44t 9.331961e+02 9.320672e+02 9.377799e+02 9.568291e+02 9.344561e+02
45t 9.331961e+02 9.398048e+02 9.349087e+02 9.928596e+02 9.344747e+02
46t 9.359576e+02 9.360794e+02 9.401383e+02 9.596874e+02 9.307856e+02
47t 5.366917e+02 5.320001e+02 5.456053e+02 5.460410e+02 5.396830e+02
48t 9.552437e+02 1.067439e+03 9.449001e+02 9.815132e+02 1.006323e+03
49t 5.656389e+02 5.602516e+02 1.021388e+03 5.625742e+02 5.553712e+02
50t 1.136222e+03 1.007573e+03 9.695413e+02 1.237955e+03 1.036627e+03
              76           77           78           79           80
1t  1.707843e+00 1.364707e+00 1.784876e+00 8.378959e-01 1.111095e+00
2t  2.251757e+07 1.138828e+07 2.127497e+07 4.522179e+06 1.131793e+07
3t  2.592619e+06 2.394492e+06 3.703057e+06 1.195328e+06 1.828443e+06
4t  1.227179e+05 1.088306e+05 1.183761e+05 1.298929e+05 1.430646e+05
5t  1.332155e+01 4.408922e+01 9.974501e+00 3.338951e+01 3.803590e+01
6t  2.332474e+02 2.393140e+02 3.443712e+02 3.514923e+00 5.332668e+02
7t  3.456809e+03 3.023979e+03 3.037013e+03 1.241440e+04 7.532089e+03
8t  6.536340e+00 6.152845e+00 7.592891e+00 5.087131e+00 6.332582e+00
9t  2.440126e+02 3.198921e+02 2.046015e+02 3.293780e+02 2.847370e+02
10t 3.050780e+01 3.008680e+01 3.147296e+01 2.601084e+01 2.751472e+01
11t 2.346713e+02 2.745155e+02 2.723041e+02 3.380061e+02 2.981976e+02
12t 2.067233e+02 1.757736e+04 4.154796e+02 8.837138e+03 1.508158e+04
13t 1.583549e+00 1.423002e+00 1.967256e+00 1.991000e+01 1.974691e+01
14t 2.109135e+01 2.088214e+01 2.107300e+01 2.084500e+01 2.119615e+01
15t 2.514964e+02 2.018046e+02 2.505724e+02 1.215454e+02 2.097356e+02
16t 4.866452e+01 4.902034e+01 4.861755e+01 4.893024e+01 4.930763e+01
17t 6.539413e-01 2.356197e+00 8.227534e-01 4.913617e-02 5.006367e-02
18t 9.410792e-01 9.415903e-01 1.011388e+00 7.793563e-01 9.602760e-01
19t 3.861379e+02 5.531433e+02 5.057404e+02 9.517620e+02 5.143178e+02
20t 2.603750e+02 3.467066e+02 2.411948e+02 3.757819e+02 4.022795e+02
21t 2.706701e+04 2.771014e+04 2.751391e+04 2.829267e+04 3.303194e+04
22t 2.858799e+04 2.858652e+04 2.900393e+04 2.934357e+04 3.463457e+04
23t 5.218292e+01 4.358380e+01 5.264548e+01 5.269558e+01 5.666184e+01
24t 6.593754e-01 6.532198e-01 5.895350e-01 6.155237e-01 3.806869e+00
25t 6.735950e-01 7.018449e-01 5.825772e-01 7.708322e-01 5.791316e-01
26t 3.775210e-01 3.399715e-01 3.378390e-01 3.772869e-01 2.688365e-01
27t 6.986806e+01 9.563103e+01 6.245064e+01 1.294250e+02 7.333828e+01
28t 2.861530e+02 2.721008e+02 2.477894e+02 2.351493e+02 2.237008e+02
29t 3.013987e+02 3.171502e+02 2.707065e+02 3.083089e+02 3.537213e+02
30t 1.220125e+01 1.328456e+01 1.280079e+01 1.821755e+01 1.251801e+01
31t 1.801558e+02 1.961797e+02 1.237182e+02 2.682319e+02 1.546275e+02
32t 3.503476e+02 3.014370e+02 2.990267e+02 4.465311e+02 2.934812e+02
33t 1.056129e+02 9.392265e+01 1.096276e+02 1.421111e+02 1.037048e+02
34t 2.790707e+01 2.495212e+01 2.964000e+01 2.722735e+01 2.678203e+01
35t 1.255312e+04 1.264108e+04 1.262722e+04 1.449082e+04 1.274933e+04
36t 2.280874e+05 1.704724e+05 1.977995e+05 1.841005e+05 1.798274e+05
37t 5.991012e+01 5.661471e+01 5.913104e+01 5.727906e+01 6.098459e+01
38t 3.624113e+05 2.087069e+05 4.451115e+05 2.580928e+05 1.601424e+05
39t 6.375722e+00 6.195525e+00 6.044207e+00 5.974701e+00 5.779229e+00
40t 2.733696e+01 6.053063e+01 2.888151e+01 1.361077e+02 1.304289e+02
41t 4.507312e+02 4.484979e+02 4.501636e+02 6.974826e+02 4.500536e+02
42t 3.133986e+02 2.751999e+02 2.795090e+02 4.118456e+02 3.071123e+02
43t 3.908995e+02 4.374087e+02 3.295932e+02 5.135310e+02 4.670094e+02
44t 9.277841e+02 9.744235e+02 9.295124e+02 9.396592e+02 9.541957e+02
45t 9.316720e+02 9.296528e+02 9.308592e+02 1.035583e+03 9.536368e+02
46t 9.346413e+02 9.832046e+02 9.227716e+02 1.099004e+03 9.488703e+02
47t 1.022825e+03 5.410976e+02 1.022314e+03 5.282351e+02 5.494168e+02
48t 9.200967e+02 9.840655e+02 9.366545e+02 1.348745e+03 1.039894e+03
49t 1.035499e+03 1.023225e+03 1.021287e+03 1.213519e+03 5.633749e+02
50t 9.707737e+02 1.171101e+03 9.161389e+02 1.248397e+03 1.254787e+03
# 2026-01-31 19:09:10 -03: Finished testing
