#------------------------------------------------------------------------------
# irace: An implementation in R of (Elitist) Iterated Racing
# Version: 4.2.0.9000.4117289
# Copyright (C) 2010-2025
# Manuel Lopez-Ibanez     <manuel.lopez-ibanez@manchester.ac.uk>
# Jeremie Dubois-Lacoste
# Leslie Perez Caceres    <leslie.perez.caceres@ulb.ac.be>
#
# This is free software, and you are welcome to redistribute it under certain
# conditions.  See the GNU General Public License for details. There is NO
# WARRANTY; not even for MERCHANTABILITY or FITNESS FOR A PARTICULAR PURPOSE.
#
# irace builds upon previous code from the race package:
#     race: Racing methods for the selection of the best
#     Copyright (C) 2003 Mauro Birattari
#------------------------------------------------------------------------------
# installed at: /home/pestobar/R/x86_64-redhat-linux-gnu-library/4.5/irace
# called with: --only-test configurations.txt --scenario scenario.txt
# 2026-01-31 19:09:11 -03: Checking scenario.
# 2026-01-31 19:09:11 -03: Reading parameter file '/home/pestobar/Activities/irace-executions/PSO-X/Scenarios/Best_Elites/Runs/Best_Elites_seed_2000419/parameters.txt'.
# 2026-01-31 19:09:11 -03: 2 expression(s) specifying forbidden configurations read.
## irace scenario:
scenarioFile = "/home/pestobar/Activities/irace-executions/PSO-X/Scenarios/Best_Elites/Runs/Best_Elites_seed_2000419/scenario.txt"
execDir = "/home/pestobar/Activities/irace-executions/PSO-X/Scenarios/Best_Elites/Runs/Best_Elites_seed_2000419/Results"
parameterFile = "/home/pestobar/Activities/irace-executions/PSO-X/Scenarios/Best_Elites/Runs/Best_Elites_seed_2000419/parameters.txt"
parameters = <environment>
initConfigurations = NULL
configurationsFile = ""
logFile = "/home/pestobar/Activities/irace-executions/PSO-X/Scenarios/Best_Elites/Runs/Best_Elites_seed_2000419/Results/irace.Rdata"
recoveryFile = ""
instances = c("--competition 3 --problem 0 --dimensions 30", "--competition 3 --problem 1 --dimensions 30", "--competition 3 --problem 2 --dimensions 30", "--competition 3 --problem 3 --dimensions 30", "--competition 3 --problem 4 --dimensions 30", "--competition 3 --problem 5 --dimensions 30", "--competition 3 --problem 6 --dimensions 30", "--competition 3 --problem 7 --dimensions 30", "--competition 3 --problem 8 --dimensions 30", "--competition 3 --problem 9 --dimensions 30", "--competition 3 --problem 10 --dimensions 30", "--competition 3 --problem 11 --dimensions 30", "--competition 3 --problem 12 --dimensions 30", "--competition 3 --problem 13 --dimensions 30", "--competition 3 --problem 14 --dimensions 30", "--competition 3 --problem 15 --dimensions 30", "--competition 3 --problem 16 --dimensions 30", "--competition 3 --problem 17 --dimensions 30", "--competition 3 --problem 18 --dimensions 30", "--competition 3 --problem 19 --dimensions 30", "--competition 3 --problem 20 --dimensions 30", "--competition 3 --problem 21 --dimensions 30", "--competition 3 --problem 22 --dimensions 30", "--competition 3 --problem 23 --dimensions 30", "--competition 3 --problem 24 --dimensions 30", "--competition 3 --problem 25 --dimensions 30", "--competition 3 --problem 26 --dimensions 30", "--competition 3 --problem 27 --dimensions 30", "--competition 3 --problem 28 --dimensions 30", "--competition 3 --problem 29 --dimensions 30", "--competition 3 --problem 30 --dimensions 30", "--competition 3 --problem 31 --dimensions 30", "--competition 3 --problem 32 --dimensions 30", "--competition 3 --problem 33 --dimensions 30", "--competition 3 --problem 34 --dimensions 30", "--competition 3 --problem 35 --dimensions 30", "--competition 3 --problem 36 --dimensions 30", "--competition 3 --problem 37 --dimensions 30", "--competition 3 --problem 38 --dimensions 30", "--competition 3 --problem 39 --dimensions 30", "--competition 3 --problem 40 --dimensions 30", "--competition 3 --problem 41 --dimensions 30", "--competition 3 --problem 42 --dimensions 30", "--competition 3 --problem 43 --dimensions 30", "--competition 3 --problem 44 --dimensions 30", "--competition 3 --problem 45 --dimensions 30", "--competition 3 --problem 46 --dimensions 30", "--competition 3 --problem 47 --dimensions 30", "--competition 3 --problem 48 --dimensions 30", "--competition 3 --problem 49 --dimensions 30")
trainInstancesDir = ""
trainInstancesFile = "/home/pestobar/Activities/irace-executions/PSO-X/Instances/train_MIXTURE.txt"
sampleInstances = TRUE
testInstancesDir = ""
testInstancesFile = "/home/pestobar/Activities/irace-executions/PSO-X/TestingInstances/test_MIXTURE.txt"
testInstances = c("1t" = "--competition 3 --problem 0 --dimensions 50", "2t" = "--competition 3 --problem 1 --dimensions 50", "3t" = "--competition 3 --problem 2 --dimensions 50", "4t" = "--competition 3 --problem 3 --dimensions 50", "5t" = "--competition 3 --problem 4 --dimensions 50", "6t" = "--competition 3 --problem 5 --dimensions 50", "7t" = "--competition 3 --problem 6 --dimensions 50", "8t" = "--competition 3 --problem 7 --dimensions 50", "9t" = "--competition 3 --problem 8 --dimensions 50", "10t" = "--competition 3 --problem 9 --dimensions 50", "11t" = "--competition 3 --problem 10 --dimensions 50", "12t" = "--competition 3 --problem 11 --dimensions 50", "13t" = "--competition 3 --problem 12 --dimensions 50", "14t" = "--competition 3 --problem 13 --dimensions 50", "15t" = "--competition 3 --problem 14 --dimensions 50", "16t" = "--competition 3 --problem 15 --dimensions 50", "17t" = "--competition 3 --problem 16 --dimensions 50", "18t" = "--competition 3 --problem 17 --dimensions 50", "19t" = "--competition 3 --problem 18 --dimensions 50", "20t" = "--competition 3 --problem 19 --dimensions 50", "21t" = "--competition 3 --problem 20 --dimensions 50", "22t" = "--competition 3 --problem 21 --dimensions 50", "23t" = "--competition 3 --problem 22 --dimensions 50", "24t" = "--competition 3 --problem 23 --dimensions 50", "25t" = "--competition 3 --problem 24 --dimensions 50", "26t" = "--competition 3 --problem 25 --dimensions 50", "27t" = "--competition 3 --problem 26 --dimensions 50", "28t" = "--competition 3 --problem 27 --dimensions 50", "29t" = "--competition 3 --problem 28 --dimensions 50", "30t" = "--competition 3 --problem 29 --dimensions 50", "31t" = "--competition 3 --problem 30 --dimensions 50", "32t" = "--competition 3 --problem 31 --dimensions 50", "33t" = "--competition 3 --problem 32 --dimensions 50", "34t" = "--competition 3 --problem 33 --dimensions 50", "35t" = "--competition 3 --problem 34 --dimensions 50", "36t" = "--competition 3 --problem 35 --dimensions 50", "37t" = "--competition 3 --problem 36 --dimensions 50", "38t" = "--competition 3 --problem 37 --dimensions 50", "39t" = "--competition 3 --problem 38 --dimensions 50", "40t" = "--competition 3 --problem 39 --dimensions 50", "41t" = "--competition 3 --problem 40 --dimensions 50", "42t" = "--competition 3 --problem 41 --dimensions 50", "43t" = "--competition 3 --problem 42 --dimensions 50", "44t" = "--competition 3 --problem 43 --dimensions 50", "45t" = "--competition 3 --problem 44 --dimensions 50", "46t" = "--competition 3 --problem 45 --dimensions 50", "47t" = "--competition 3 --problem 46 --dimensions 50", "48t" = "--competition 3 --problem 47 --dimensions 50", "49t" = "--competition 3 --problem 48 --dimensions 50", "50t" = "--competition 3 --problem 49 --dimensions 50")
testNbElites = 1L
testIterationElites = FALSE
testType = "friedman"
firstTest = 5L
blockSize = 1L
eachTest = 1L
targetRunner = "/home/pestobar/Activities/irace-executions/PSO-X/Scenarios/Best_Elites/Runs/Best_Elites_seed_2000419/target-runner"
targetRunnerLauncher = ""
targetCmdline = "{configurationID} {instanceID} {seed} {instance} {bound} {targetRunnerArgs}"
targetRunnerRetries = 0L
targetRunnerTimeout = 0L
targetRunnerData = ""
targetRunnerParallel = NULL
targetEvaluator = NULL
deterministic = FALSE
maxExperiments = 5500L
minExperiments = NA_character_
maxTime = 0L
budgetEstimation = 0.05
minMeasurableTime = 0.01
parallel = 10L
loadBalancing = TRUE
mpi = FALSE
batchmode = "0"
quiet = FALSE
debugLevel = 0L
seed = 2000419L
softRestart = TRUE
softRestartThreshold = 1e-04
elitist = TRUE
elitistNewInstances = 1L
elitistLimit = 2L
repairConfiguration = NULL
capping = FALSE
cappingAfterFirstTest = FALSE
cappingType = "median"
boundType = "candidate"
boundMax = NULL
boundDigits = 0L
boundPar = 1L
boundAsTimeout = TRUE
postselection = TRUE
aclib = FALSE
nbIterations = 0L
nbExperimentsPerIteration = 0L
minNbSurvival = 0L
nbConfigurations = 0L
mu = 5L
confidence = 0.95
## end of irace scenario
# 2026-01-31 19:09:11 -03: Read 80 configuration(s) from file 'configurations.txt'
# 2026-01-31 19:09:11 -03: Testing configurations (in the order given as input): 
   particles topology modInfluence branching tSchedule phi1 phi2 inertia
1         21        4            0        NA        NA 1.89 2.36    0.38
2        134        4            0        NA        NA 2.09 2.30    0.53
3          9        1            0        NA        NA 1.54 2.48    0.26
4        142        4            0        NA        NA 1.27 2.48    0.50
5         67        4            0        NA        NA 1.58 2.49    0.41
6         66        1            1        NA        NA 2.05 1.48    0.59
7         90        4            0        NA        NA 1.94 2.40    0.65
8        162        4            2        NA        NA 0.44 2.37    0.81
9         85        4            0        NA        NA 2.15 2.28    0.55
10        45        4            0        NA        NA 1.79 2.42    0.50
11        82        4            0        NA        NA 1.24 2.44    0.35
12       106        4            0        NA        NA 1.91 2.36    0.46
13        77        4            0        NA        NA 1.28 2.47    0.42
14        57        4            0        NA        NA 0.59 2.22    0.56
15        20        0            1        NA        NA 2.46 2.08    0.31
16       108        4            0        NA        NA 2.14 2.28    0.67
17       142        4            0        NA        NA 2.03 2.45    0.37
18       101        4            0        NA        NA 2.28 2.16    0.50
19         6        5            0        NA         6 2.43 2.33    0.21
20        18        0            1        NA        NA 1.86 2.30    0.24
21       149        4            0        NA        NA 1.24 2.43    0.40
22       138        4            0        NA        NA 2.42 2.48    0.58
23        15        0            1        NA        NA 1.34 2.03    0.19
24       144        4            0        NA        NA 1.96 2.47    0.60
25       119        4            0        NA        NA 0.85 2.49    0.50
26        56        1            1        NA        NA 2.15 2.11    0.57
27        76        4            0        NA        NA 2.25 2.43    0.61
28        75        4            0        NA        NA 1.87 2.34    0.55
29       165        4            0        NA        NA 2.45 2.44    0.37
30        71        4            0        NA        NA 1.86 2.42    0.65
31        92        4            0        NA        NA 1.30 2.43    0.41
32        14        4            0        NA        NA 1.38 2.15    0.26
33        80        4            0        NA        NA 1.65 2.50    0.27
34        11        4            0        NA        NA 1.41 2.38    0.48
35        40        1            1        NA        NA 2.47 2.15    0.44
36       134        4            0        NA        NA 2.01 2.42    0.53
37       102        4            0        NA        NA 2.17 2.48    0.43
38       109        4            0        NA        NA 1.97 2.44    0.56
39       162        0            0        NA        NA 1.96 2.26    0.18
40        21        0            1        NA        NA 2.25 2.32    0.22
41        38        4            0        NA        NA 2.21 1.60    0.53
42       150        4            0        NA        NA 1.95 2.33    0.58
43         4        4            2        NA        NA 1.77 2.47    0.41
44       105        4            0        NA        NA 0.43 2.38    0.25
45        75        4            0        NA        NA 2.17 2.11    0.61
46       115        1            1        NA        NA 2.36 2.43    0.66
47       115        4            0        NA        NA 2.26 2.13    0.74
48        83        4            0        NA        NA 2.38 2.39    0.11
49        38        4            0        NA        NA 2.46 1.83    0.67
50        83        4            0        NA        NA 1.42 2.41    0.70
51        79        4            0        NA        NA 1.02 2.39    0.45
52        83        4            0        NA        NA 2.35 2.47    0.44
53        25        1            0        NA        NA 1.69 2.28    0.33
54        89        4            2        NA        NA 2.41 2.46    0.72
55        25        1            2        NA        NA 2.11 2.38    0.30
56       103        4            0        NA        NA 0.96 2.24    0.45
57        84        4            0        NA        NA 2.11 2.48    0.32
58       103        4            0        NA        NA 0.50 2.49    0.48
59        28        0            0        NA        NA 1.99 1.81    0.13
60        22        1            1        NA        NA 2.31 2.37    0.25
61        47        1            0        NA        NA 2.09 2.05    0.14
62        85        4            0        NA        NA 2.11 2.33    0.54
63       104        4            0        NA        NA 2.27 2.39    0.41
64        90        4            0        NA        NA 0.31 2.31    0.15
65       113        4            0        NA        NA 2.23 2.37    0.60
66        93        4            0        NA        NA 1.89 1.55    0.42
67        53        1            0        NA        NA 2.25 2.49    0.64
68       136        4            2        NA        NA 1.47 2.26    0.82
69        58        0            0        NA        NA 1.01 1.62    0.12
70        91        4            0        NA        NA 2.43 2.31    0.50
71        68        4            0        NA        NA 0.99 2.49    0.28
72        21        4            0        NA        NA 2.30 2.28    0.31
73       113        4            0        NA        NA 2.17 2.37    0.39
74       167        4            2        NA        NA 1.24 2.46    0.63
75       153        4            0        NA        NA 1.84 2.45    0.31
76        90        4            0        NA        NA 1.66 2.30    0.57
77        84        4            0        NA        NA 0.78 2.24    0.29
78       135        4            0        NA        NA 1.32 2.29    0.57
79        88        0            0        NA        NA 1.68 2.50    0.22
80       200        4            2        NA        NA 2.48 2.31    0.64
# 2026-01-31 21:49:55 -03: Testing results (column number is configuration ID in no particular order):
         seeds            1            2            3            4            5
1t  1166366768 8.687540e-01 1.611981e+00 8.636467e-01 1.682985e+00 1.105023e+00
2t   482159092 4.329213e+06 1.895653e+07 3.055871e+06 1.726148e+07 8.200176e+06
3t   800334853 1.534342e+06 2.250212e+06 1.196539e+06 2.292369e+06 1.816906e+06
4t  1930521929 1.091198e+05 1.294212e+05 7.016730e+04 1.203807e+05 9.512667e+04
5t   449572717 2.101969e+01 2.483885e+01 1.841777e+01 1.395429e+01 3.647721e+01
6t   266587909 6.162281e+00 4.582497e+02 2.852117e+00 5.601914e+02 9.276285e+01
7t   330021368 5.331909e+03 4.905615e+03 4.521691e+03 3.577893e+03 6.434607e+03
8t  1496538903 5.295448e+00 6.359855e+00 5.285905e+00 6.233619e+00 4.999609e+00
9t  1341983375 3.035705e+02 2.411917e+02 3.352440e+02 2.654142e+02 2.940715e+02
10t 1859568272 2.577822e+01 3.011872e+01 2.636674e+01 2.904200e+01 2.741091e+01
11t 1355538709 3.114132e+02 2.482978e+02 3.401707e+02 2.554886e+02 2.628121e+02
12t  465664516 1.184160e+04 6.584556e+02 5.673751e+03 3.736996e+02 1.985946e+02
13t 1764842486 1.984699e+01 1.583876e+00 2.013392e+01 1.797663e+00 1.416650e+00
14t    9279376 2.118287e+01 2.116501e+01 2.091947e+01 2.103856e+01 2.099405e+01
15t  743267107 1.406123e+02 4.033421e+02 1.402646e+02 2.444860e+02 1.562678e+02
16t 1700847894 4.926352e+01 4.931127e+01 4.904826e+01 4.556599e+01 1.043963e+02
17t 2089216080 1.197003e-01 8.069905e-01 5.113179e-02 5.005654e-01 6.205562e-01
18t  677416857 8.737295e-01 9.746076e-01 8.330468e-01 9.961109e-01 9.452811e-01
19t 1586707215 6.269659e+02 4.013386e+02 6.535535e+02 4.922019e+02 5.014600e+02
20t  915588279 3.221151e+02 2.205898e+02 4.842734e+02 2.598450e+02 3.632731e+02
21t  461118034 2.881218e+04 2.775881e+04 3.036792e+04 2.727753e+04 2.870441e+04
22t  727781315 2.807137e+04 2.826314e+04 2.958740e+04 2.814464e+04 2.864043e+04
23t 1198265459 5.793177e+01 4.979183e+01 5.490535e+01 4.494046e+01 4.915277e+01
24t 2053913571 1.238162e+00 9.159972e-01 1.485363e+00 6.954248e-01 1.436356e+00
25t  613830460 7.769766e-01 5.344724e-01 6.535932e-01 4.163337e-01 5.895394e-01
26t 2055106343 3.114892e-01 3.274833e-01 2.441721e-01 2.981442e-01 3.028791e-01
27t  853155640 1.147806e+02 5.832381e+01 1.317973e+02 7.559800e+01 9.436378e+01
28t 1434529622 2.553336e+02 2.578076e+02 2.177523e+02 2.687057e+02 2.396241e+02
29t   80371352 4.701670e+02 3.071897e+02 4.585625e+02 2.952528e+02 3.199492e+02
30t  287781325 9.193605e+00 1.227645e+01 1.146314e+01 1.101537e+01 1.438355e+01
31t 1168725608 1.845703e+02 1.315822e+02 2.579048e+02 1.672574e+02 2.082788e+02
32t  241309811 9.786973e+02 5.917135e+02 6.610817e+02 4.990692e+02 5.656575e+02
33t 1901528527 1.188081e+02 9.640597e+01 1.887353e+02 1.012961e+02 8.725363e+01
34t   79956684 3.100118e+01 2.499619e+01 2.565671e+01 2.662121e+01 2.346380e+01
35t 1711610051 1.338871e+04 1.263125e+04 1.394448e+04 1.272699e+04 1.281207e+04
36t 1377651030 2.070883e+05 2.276246e+05 2.671679e+05 2.365431e+05 1.656217e+05
37t 1458803099 6.416077e+01 5.796787e+01 6.008518e+01 5.754933e+01 5.813994e+01
38t 1718062329 4.076844e+05 2.136234e+05 3.480809e+05 2.204738e+05 2.615808e+05
39t 1477129362 5.372096e+00 6.032983e+00 5.531698e+00 5.931601e+00 5.521199e+00
40t   45134850 6.409921e+01 4.828081e+01 5.492866e+01 3.019127e+01 5.953355e+01
41t 1832505473 5.676548e+02 4.495363e+02 6.105066e+02 4.504893e+02 4.484056e+02
42t 1488423723 3.410947e+02 3.303154e+02 3.893905e+02 2.734153e+02 3.282506e+02
43t  460543945 4.580545e+02 4.426159e+02 4.318546e+02 3.427280e+02 4.137777e+02
44t 1606474581 9.358994e+02 9.384970e+02 9.378958e+02 9.297503e+02 9.328934e+02
45t 1720649731 9.284834e+02 9.263631e+02 9.336723e+02 9.256210e+02 9.291659e+02
46t  391821529 1.004073e+03 9.221744e+02 1.001301e+03 9.214883e+02 9.286107e+02
47t 1207970347 5.337226e+02 5.799174e+02 1.032053e+03 1.024064e+03 1.025637e+03
48t 1798226683 1.007743e+03 9.795960e+02 1.088899e+03 9.159226e+02 9.822269e+02
49t 1509224386 9.137398e+02 1.022237e+03 9.080422e+02 1.022820e+03 1.022429e+03
50t  587349150 1.165575e+03 9.284004e+02 1.193961e+03 9.083810e+02 9.837095e+02
               6            7            8            9           10
1t  1.322558e+00 1.864725e+00 2.875068e+00 1.514562e+00 1.363166e+00
2t  7.740663e+06 2.324771e+07 6.929193e+06 9.154981e+06 5.844606e+06
3t  2.019302e+06 3.230695e+06 5.455698e+06 2.545979e+06 1.822945e+06
4t  1.137157e+05 9.931973e+04 1.587446e+05 1.206887e+05 8.382358e+04
5t  6.016514e+01 4.222169e+00 1.196957e+01 2.600460e+01 1.142365e+01
6t  1.608917e+02 2.476791e+02 2.837293e+02 1.331776e+02 2.672438e+01
7t  8.993092e+03 2.561698e+03 2.958410e+03 3.896708e+03 3.709678e+03
8t  6.388334e+00 7.525089e+00 1.029738e+01 6.236952e+00 5.325159e+00
9t  3.724504e+02 1.663414e+02 9.228232e+01 2.952577e+02 2.744469e+02
10t 3.103232e+01 3.346819e+01 3.937609e+01 2.927861e+01 3.007870e+01
11t 3.731326e+02 1.995294e+02 6.941155e+01 2.496335e+02 2.784470e+02
12t 2.757111e+04 2.616750e+02 3.305569e+03 2.311861e+02 2.263002e+02
13t 2.061309e+01 1.960549e+00 2.396968e+00 1.604859e+00 1.525789e+00
14t 2.119265e+01 2.115231e+01 2.117968e+01 2.102676e+01 2.103711e+01
15t 1.894052e+02 2.856974e+02 9.498273e+02 3.806062e+02 7.761587e+03
16t 4.929494e+01 4.815527e+01 4.935712e+01 4.896576e+01 4.908275e+01
17t 4.359111e+02 2.860348e-01 9.695878e-02 2.191017e-01 8.743546e-02
18t 9.471903e-01 1.023245e+00 1.046482e+00 9.610312e-01 9.239293e-01
19t 1.396113e+03 4.043747e+02 3.962471e+02 3.611897e+02 4.565940e+02
20t 5.982032e+02 2.677875e+02 2.481493e+02 3.386154e+02 3.314899e+02
21t 3.555670e+04 2.712705e+04 2.999793e+04 2.821199e+04 2.713286e+04
22t 3.570874e+04 2.758912e+04 3.372069e+04 2.870521e+04 2.883789e+04
23t 6.584323e+01 3.678293e+01 4.538507e+01 5.069915e+01 5.245227e+01
24t 3.477990e+00 6.979865e-01 3.267962e+00 8.477643e-01 6.004962e-01
25t 5.707233e-01 4.351216e-01 4.103341e-01 4.470554e-01 6.861599e-01
26t 2.715424e-01 2.721134e-01 2.723630e-01 3.007035e-01 3.054600e-01
27t 5.900536e+01 8.585990e+01 5.713923e+01 1.003276e+02 1.052921e+02
28t 1.738968e+02 2.745285e+02 3.480734e+02 2.355432e+02 2.550034e+02
29t 4.379597e+02 2.234270e+02 2.835896e+02 2.855979e+02 3.167590e+02
30t 1.866965e+01 1.270691e+01 1.674783e+01 1.147646e+01 1.173380e+01
31t 1.171019e+02 1.566743e+02 1.601068e+02 1.501051e+02 2.243208e+02
32t 3.918388e+02 3.567020e+02 3.437367e+02 2.981152e+02 6.144105e+02
33t 1.376634e+02 1.104521e+02 1.021574e+02 1.013517e+02 1.023707e+02
34t 2.525617e+01 2.785773e+01 3.177720e+01 2.498828e+01 2.535382e+01
35t 1.400217e+04 1.270775e+04 1.242962e+04 1.252923e+04 1.276703e+04
36t 1.671079e+05 2.584300e+05 4.842206e+05 2.148614e+05 2.481441e+05
37t 6.798711e+01 6.173391e+01 5.895705e+01 6.169107e+01 5.905339e+01
38t 1.438468e+05 3.149238e+05 1.217667e+05 2.596630e+05 1.917715e+05
39t 6.379237e+00 6.400467e+00 5.895880e+00 5.448847e+00 5.732418e+00
40t 8.110887e+02 1.979213e+01 1.910591e+01 5.266386e+01 5.619890e+01
41t 4.494645e+02 4.515356e+02 4.565641e+02 4.494684e+02 3.984066e+02
42t 3.315424e+02 2.910800e+02 2.617281e+02 3.174908e+02 3.069183e+02
43t 4.392695e+02 3.854466e+02 3.169144e+02 3.961622e+02 3.501649e+02
44t 9.519332e+02 9.301067e+02 9.223662e+02 9.301757e+02 9.509456e+02
45t 9.497443e+02 9.253317e+02 9.243356e+02 9.288537e+02 9.242055e+02
46t 9.513959e+02 9.290527e+02 9.299734e+02 9.278267e+02 9.286295e+02
47t 5.482738e+02 1.025736e+03 6.128500e+02 1.021590e+03 1.025360e+03
48t 1.153281e+03 9.172613e+02 9.165556e+02 9.610500e+02 9.845427e+02
49t 5.747972e+02 1.019239e+03 6.217540e+02 1.030559e+03 5.627800e+02
50t 1.252767e+03 9.139019e+02 4.331009e+02 9.261373e+02 9.303468e+02
              11           12           13           14           15
1t  1.087544e+00 1.123740e+00 1.069895e+00 1.978994e+00 6.197006e-01
2t  1.910376e+07 1.123188e+07 1.353936e+07 1.029023e+07 2.578454e+06
3t  1.674498e+06 2.050903e+06 1.935361e+06 3.344773e+06 9.516500e+05
4t  9.684918e+04 1.067012e+05 9.236516e+04 5.728445e+04 1.580390e+05
5t  4.145063e+01 2.122315e+01 3.751831e+01 2.616370e+01 4.441597e+01
6t  1.464904e+02 4.438903e+02 1.301426e+02 4.650430e+01 4.572934e+00
7t  5.177451e+03 4.886400e+03 3.853802e+03 3.336324e+03 1.958731e+04
8t  5.531623e+00 6.018423e+00 5.595980e+00 7.502254e+00 4.277063e+00
9t  2.651720e+02 2.814853e+02 2.796575e+02 3.003919e+02 3.216714e+02
10t 2.850327e+01 2.943569e+01 2.818650e+01 3.498638e+01 1.880273e+01
11t 2.554498e+02 2.765156e+02 2.669017e+02 2.786185e+02 4.425004e+02
12t 1.351193e+04 5.601462e+03 3.813084e+02 2.335924e+02 1.293031e+04
13t 1.973688e+01 1.475375e+00 1.500625e+00 1.969424e+00 1.996925e+01
14t 2.076771e+01 2.101677e+01 2.103486e+01 2.098001e+01 2.109488e+01
15t 7.816448e+03 4.164605e+02 2.038156e+02 5.458285e+03 1.068487e+02
16t 4.644430e+01 4.927057e+01 4.915516e+01 4.933201e+01 4.924073e+01
17t 5.360053e-01 3.585782e-01 2.222421e-01 7.218098e-02 1.408966e+02
18t 9.148061e-01 9.626540e-01 9.451540e-01 1.015321e+00 6.368664e-01
19t 5.179515e+02 5.459208e+02 5.300119e+02 4.066550e+02 5.640651e+03
20t 3.373390e+02 3.335918e+02 3.713037e+02 2.523941e+02 4.929842e+02
21t 2.815723e+04 2.792339e+04 2.729157e+04 2.858851e+04 3.662275e+04
22t 2.844878e+04 2.889039e+04 2.913215e+04 2.870330e+04 3.912431e+04
23t 5.547525e+01 4.702774e+01 4.521941e+01 4.044483e+01 8.085954e+01
24t 7.798638e-01 1.160137e+00 7.430428e-01 8.796784e-01 6.017943e+00
25t 5.908308e-01 5.046340e-01 6.601827e-01 4.723153e-01 5.695542e-01
26t 3.523461e-01 3.120907e-01 3.281186e-01 3.044189e-01 2.553706e-01
27t 9.396621e+01 8.050023e+01 1.011167e+02 1.043971e+02 5.056988e+01
28t 1.969836e+02 2.180772e+02 2.462226e+02 2.988365e+02 1.337040e+02
29t 4.027214e+02 2.773056e+02 2.968527e+02 3.096251e+02 4.771375e+02
30t 1.202619e+01 1.199324e+01 1.154800e+01 1.239566e+01 6.132774e+02
31t 1.658020e+02 1.463440e+02 1.857870e+02 1.915382e+02 1.097389e+02
32t 4.257545e+02 6.612826e+02 4.841889e+02 3.949159e+02 4.364163e+02
33t 1.106514e+02 1.228000e+02 1.109292e+02 9.875269e+01 1.877939e+02
34t 2.406010e+01 2.423685e+01 2.387066e+01 2.943065e+01 2.386714e+01
35t 1.265580e+04 1.283978e+04 1.262302e+04 1.244385e+04 1.777873e+04
36t 1.590179e+05 2.056743e+05 1.449652e+05 2.334510e+05 1.307380e+05
37t 6.105985e+01 6.094115e+01 5.991778e+01 6.068626e+01 5.986885e+01
38t 2.926230e+05 1.804206e+05 2.782726e+05 3.150164e+05 1.771974e+05
39t 5.283652e+00 7.219938e+00 6.810264e+00 5.848568e+00 5.858284e+00
40t 7.883281e+01 4.714049e+01 7.695968e+01 2.598597e+01 6.808090e+02
41t 4.479740e+02 3.948391e+02 4.491873e+02 4.516978e+02 1.014609e+03
42t 3.974622e+02 3.155005e+02 4.291291e+02 2.683671e+02 4.311835e+02
43t 4.356740e+02 4.414471e+02 4.024833e+02 4.395746e+02 4.276434e+02
44t 9.302391e+02 9.357436e+02 9.253619e+02 9.237358e+02 9.255330e+02
45t 9.278402e+02 9.288306e+02 9.233948e+02 9.251198e+02 9.254831e+02
46t 9.240070e+02 9.269327e+02 9.229328e+02 9.252033e+02 9.254584e+02
47t 1.029792e+03 5.449931e+02 1.022663e+03 1.024373e+03 5.254736e+02
48t 9.545931e+02 9.986932e+02 9.805735e+02 9.333529e+02 1.391875e+03
49t 9.116649e+02 5.649848e+02 5.576850e+02 1.022895e+03 1.244841e+03
50t 1.090413e+03 9.884699e+02 9.895999e+02 9.274197e+02 1.332393e+03
              16           17           18           19           20
1t  2.268187e+00 9.605384e-01 1.351448e+00 7.226131e-01 5.749059e-01
2t  2.958996e+07 1.410614e+07 1.367746e+07 2.766041e+06 2.708792e+06
3t  4.266549e+06 1.945547e+06 2.014431e+06 1.170157e+06 8.736417e+05
4t  1.131198e+05 1.311728e+05 1.401153e+05 7.034994e+04 1.937990e+05
5t  5.898135e+00 4.458608e+01 4.195084e+01 1.860638e+01 4.120183e+01
6t  4.399124e+02 6.163941e+02 4.354429e+02 2.807043e+00 3.985198e+00
7t  3.272025e+03 6.403548e+03 4.588605e+03 5.468843e+03 2.457420e+04
8t  7.560015e+00 5.798801e+00 6.162672e+00 4.804465e+00 1.366823e+02
9t  1.621177e+02 2.829834e+02 2.832915e+02 3.677762e+02 3.250431e+02
10t 3.103105e+01 2.687562e+01 2.932856e+01 2.305686e+01 1.931065e+01
11t 1.426680e+02 2.501545e+02 2.553430e+02 3.567397e+02 3.328996e+02
12t 2.541799e+02 1.562876e+04 3.401952e+02 1.988654e+03 1.212762e+04
13t 1.965977e+00 1.447471e+00 1.514770e+00 1.993475e+01 1.992359e+01
14t 2.110429e+01 2.107033e+01 2.119880e+01 2.091927e+01 2.083397e+01
15t 2.767396e+02 3.895597e+02 3.933982e+02 1.239361e+02 1.065025e+02
16t 4.767971e+01 1.031001e+02 1.028567e+02 9.487250e+01 4.919377e+01
17t 9.968908e-01 7.689518e-01 6.586254e-01 1.122296e-01 2.627494e+02
18t 1.039586e+00 9.330580e-01 9.526147e-01 8.330747e-01 6.526290e-01
19t 4.227603e+02 4.754751e+02 5.256105e+02 7.957860e+02 5.668432e+03
20t 2.264464e+02 2.756281e+02 3.335057e+02 5.379293e+02 9.832760e+02
21t 2.663869e+04 2.859552e+04 2.692449e+04 2.896126e+04 3.811217e+04
22t 2.861322e+04 2.828762e+04 2.826221e+04 2.879927e+04 3.907164e+04
23t 4.523953e+01 4.808785e+01 4.421699e+01 6.716635e+01 7.578326e+01
24t 5.530060e-01 8.830369e-01 7.550920e-01 6.405756e-01 5.033269e+00
25t 4.604902e-01 4.945901e-01 7.162853e-01 8.778835e-01 5.741274e-01
26t 2.675055e-01 2.634067e-01 2.596310e-01 3.423367e-01 2.726425e-01
27t 7.094913e+01 9.643735e+01 8.620456e+01 1.279825e+02 5.155706e+01
28t 2.705546e+02 2.002364e+02 2.222185e+02 2.052024e+02 1.309207e+02
29t 3.178394e+02 3.406614e+02 2.850932e+02 5.191273e+02 4.831312e+02
30t 1.281409e+01 1.136764e+01 1.165955e+01 9.058159e+00 1.114022e+01
31t 1.427853e+02 1.390708e+02 1.753127e+02 1.661153e+02 1.168766e+02
32t 5.186097e+02 2.949045e+02 5.270832e+02 7.569436e+02 4.656717e+02
33t 1.149382e+02 1.114034e+02 1.037216e+02 1.955541e+02 1.845773e+02
34t 2.990389e+01 2.690955e+01 2.230319e+01 2.055893e+01 2.090234e+01
35t 1.250758e+04 1.259367e+04 1.262272e+04 1.450940e+04 1.875403e+04
36t 2.479150e+05 1.594932e+05 1.955201e+05 2.996510e+05 1.585661e+05
37t 6.085867e+01 5.676811e+01 6.359759e+01 6.657488e+01 7.042716e+01
38t 2.305241e+05 2.080822e+05 1.966568e+05 4.890135e+05 1.701650e+05
39t 6.300677e+00 6.018287e+00 6.521151e+00 5.422496e+00 4.638219e+00
40t 2.582873e+01 4.355937e+01 5.730063e+01 6.608675e+01 6.813835e+02
41t 4.508083e+02 3.650740e+02 4.490513e+02 4.459411e+02 9.407604e+02
42t 2.895574e+02 2.780739e+02 3.508792e+02 3.756456e+02 4.707910e+02
43t 3.850631e+02 4.498913e+02 4.391461e+02 4.300740e+02 4.275912e+02
44t 9.214452e+02 9.326971e+02 9.383065e+02 9.414385e+02 9.235233e+02
45t 9.299516e+02 9.294567e+02 9.256757e+02 9.354984e+02 9.247716e+02
46t 9.244563e+02 9.260973e+02 9.287589e+02 1.021691e+03 9.207298e+02
47t 1.028194e+03 5.413765e+02 5.372620e+02 1.199938e+03 5.229504e+02
48t 9.772328e+02 9.956917e+02 9.933222e+02 1.226245e+03 1.414127e+03
49t 1.016639e+03 1.025302e+03 5.655257e+02 1.209522e+03 1.253569e+03
50t 9.016083e+02 1.058229e+03 9.342130e+02 1.193612e+03 1.343288e+03
              21           22           23           24           25
1t  1.372252e+00 1.560269e+00 5.983528e-01 1.686629e+00 1.743229e+00
2t  2.009230e+07 2.187702e+07 2.589447e+06 2.703848e+07 8.207608e+06
3t  2.167709e+06 3.229665e+06 8.442200e+05 3.152424e+06 2.658589e+06
4t  1.281172e+05 1.111097e+05 1.855684e+05 1.237184e+05 8.092949e+04
5t  4.645352e+01 5.668692e+00 4.045282e+01 1.490354e+01 1.971774e+01
6t  5.130180e+02 4.913864e+02 3.568992e+00 5.272371e+02 5.056706e+02
7t  3.914023e+03 3.960877e+03 1.870287e+04 3.988741e+03 3.025657e+03
8t  6.281633e+00 6.773208e+00 1.219029e+02 6.563422e+00 7.417088e+00
9t  2.620185e+02 2.561733e+02 4.166432e+02 2.375805e+02 2.117445e+02
10t 2.940890e+01 3.090781e+01 1.842861e+01 3.231519e+01 3.242556e+01
11t 2.826434e+02 2.417312e+02 3.274765e+02 2.211596e+02 2.584067e+02
12t 1.003604e+03 2.837590e+02 1.107247e+04 3.086565e+02 7.417018e+02
13t 1.568995e+00 1.694374e+00 1.998608e+01 1.819977e+00 1.751710e+00
14t 2.091098e+01 2.109886e+01 2.073126e+01 2.104216e+01 2.097897e+01
15t 1.965803e+02 2.451255e+02 1.099109e+02 3.078898e+02 2.680591e+02
16t 4.896612e+01 4.818187e+01 4.917890e+01 4.792031e+01 4.912518e+01
17t 1.110465e+00 3.869740e-01 3.859449e+02 1.058114e+00 1.526526e-01
18t 9.509220e-01 9.628512e-01 6.834056e-01 1.025113e+00 1.006364e+00
19t 5.778502e+02 4.301850e+02 4.887776e+03 3.838151e+02 3.824636e+02
20t 2.476227e+02 2.755659e+02 6.293023e+02 1.941990e+02 2.832815e+02
21t 2.756618e+04 2.789382e+04 3.706257e+04 2.797724e+04 2.742724e+04
22t 2.927042e+04 2.875590e+04 4.022871e+04 2.880920e+04 2.916393e+04
23t 5.402220e+01 4.168883e+01 7.771444e+01 4.642292e+01 4.693260e+01
24t 7.981111e-01 8.626525e-01 3.526470e+00 6.264629e-01 8.487129e-01
25t 6.174489e-01 5.699767e-01 6.096821e-01 4.067269e-01 4.244636e-01
26t 2.632953e-01 2.825886e-01 2.685177e-01 2.561866e-01 3.535724e-01
27t 6.759478e+01 9.186758e+01 5.235046e+01 7.546395e+01 1.000209e+02
28t 2.350055e+02 2.304099e+02 1.486141e+02 2.760375e+02 2.452057e+02
29t 3.090780e+02 2.834905e+02 5.285772e+02 2.767360e+02 2.612931e+02
30t 1.169542e+01 1.098949e+01 5.176184e+02 1.293378e+01 1.239501e+01
31t 1.868925e+02 1.426001e+02 1.033255e+02 1.547575e+02 1.915849e+02
32t 4.116037e+02 3.485360e+02 4.914182e+02 3.504857e+02 2.988873e+02
33t 1.008612e+02 1.006336e+02 1.782095e+02 1.098228e+02 9.951219e+01
34t 2.619886e+01 2.592900e+01 2.410612e+01 2.758189e+01 2.558974e+01
35t 1.277397e+04 1.233680e+04 1.803993e+04 1.270195e+04 1.246958e+04
36t 1.974497e+05 2.357267e+05 1.637864e+05 2.524384e+05 2.180798e+05
37t 5.607611e+01 5.942977e+01 6.053357e+01 6.087437e+01 5.909996e+01
38t 2.166084e+05 2.707811e+05 1.963209e+05 2.731431e+05 2.298494e+05
39t 7.311158e+00 6.279839e+00 5.144108e+00 5.923299e+00 5.763379e+00
40t 4.713403e+01 2.731237e+01 5.398957e+02 2.150174e+01 2.477041e+01
41t 4.496803e+02 4.505231e+02 9.767589e+02 4.159745e+02 4.506086e+02
42t 2.956643e+02 3.223148e+02 3.942464e+02 3.004089e+02 2.735984e+02
43t 3.327957e+02 3.442783e+02 4.266698e+02 3.308290e+02 3.115723e+02
44t 9.310827e+02 9.226656e+02 9.238946e+02 9.251665e+02 9.247157e+02
45t 9.233307e+02 9.234984e+02 9.250896e+02 9.230846e+02 9.292268e+02
46t 9.243220e+02 9.308904e+02 9.245089e+02 9.225994e+02 9.254384e+02
47t 1.027353e+03 1.025589e+03 5.221298e+02 1.022318e+03 1.021153e+03
48t 9.560724e+02 9.590965e+02 1.407532e+03 9.562045e+02 9.787989e+02
49t 1.031374e+03 1.027153e+03 1.253584e+03 1.019825e+03 1.023982e+03
50t 1.082460e+03 9.262458e+02 1.333825e+03 9.056717e+02 9.311626e+02
              26           27           28           29           30
1t  1.260661e+00 1.667190e+00 1.328286e+00 1.214322e+00 1.991757e+00
2t  5.369664e+06 8.626917e+06 9.755795e+06 2.146161e+07 6.322708e+06
3t  1.838234e+06 2.389427e+06 2.205310e+06 1.904810e+06 3.048224e+06
4t  1.159549e+05 9.153945e+04 1.082531e+05 1.371468e+05 9.198214e+04
5t  6.007969e+01 1.072862e+01 1.468981e+01 3.010490e+01 9.396915e+00
6t  9.286019e+01 1.924730e+02 1.668578e+02 7.360495e+02 1.359293e+02
7t  6.379115e+03 4.242334e+03 4.698066e+03 6.346473e+03 3.080075e+03
8t  5.924927e+00 6.568410e+00 6.729463e+00 5.115802e+00 7.718429e+00
9t  3.582474e+02 2.567337e+02 2.488602e+02 2.794579e+02 2.552118e+02
10t 2.605513e+01 2.998608e+01 3.082608e+01 2.691605e+01 3.185739e+01
11t 3.550514e+02 2.299191e+02 2.445196e+02 2.670379e+02 2.308128e+02
12t 2.497553e+04 2.006233e+02 2.688986e+02 8.723692e+03 2.276813e+02
13t 2.055501e+01 1.727588e+00 1.670620e+00 1.536438e+00 1.812487e+00
14t 2.108990e+01 2.119019e+01 2.112284e+01 2.105919e+01 2.110590e+01
15t 1.618382e+02 2.314614e+02 2.485362e+02 2.242616e+02 2.369184e+02
16t 4.927017e+01 4.933857e+01 4.910358e+01 5.235960e+01 1.020854e+02
17t 3.005054e+02 2.555982e-01 1.254462e-01 1.877964e+00 3.271045e-01
18t 9.286098e-01 9.881157e-01 9.755211e-01 1.007971e+00 9.947378e-01
19t 1.487403e+03 4.066598e+02 3.915033e+02 5.661637e+02 3.771637e+02
20t 6.519095e+02 1.985079e+02 2.950480e+02 3.327323e+02 2.124461e+02
21t 3.521590e+04 2.837113e+04 2.771076e+04 2.658217e+04 2.766705e+04
22t 3.593879e+04 2.874860e+04 2.781795e+04 2.884691e+04 2.855222e+04
23t 6.243603e+01 4.308771e+01 4.742095e+01 5.219200e+01 4.712456e+01
24t 3.099788e+00 6.499154e-01 6.962973e-01 1.153590e+00 6.309929e-01
25t 4.958405e-01 5.653892e-01 4.703421e-01 4.748582e-01 4.991288e-01
26t 2.519327e-01 3.217350e-01 3.679179e-01 3.370564e-01 2.761961e-01
27t 5.062224e+01 9.572275e+01 1.043185e+02 6.970654e+01 9.803794e+01
28t 1.617717e+02 2.397577e+02 2.435639e+02 2.175298e+02 2.686575e+02
29t 4.651573e+02 3.426428e+02 2.958096e+02 3.264640e+02 3.227261e+02
30t 1.401289e+01 1.159535e+01 1.264194e+01 1.138236e+01 1.205087e+01
31t 9.992121e+01 1.789204e+02 1.860691e+02 1.409794e+02 1.705977e+02
32t 4.157331e+02 5.722579e+02 1.335314e+03 3.731795e+02 3.065897e+02
33t 1.309162e+02 1.060524e+02 1.174551e+02 1.148666e+02 1.144339e+02
34t 2.733080e+01 2.797569e+01 2.553583e+01 2.404604e+01 3.014797e+01
35t 1.400876e+04 1.269928e+04 1.243072e+04 1.269609e+04 1.274005e+04
36t 1.490550e+05 2.281132e+05 2.317251e+05 1.521577e+05 2.529147e+05
37t 6.739684e+01 5.911517e+01 5.881554e+01 5.978412e+01 5.564516e+01
38t 1.291995e+05 1.730959e+05 2.765511e+05 1.919031e+05 3.171759e+05
39t 6.669576e+00 5.829129e+00 5.383496e+00 7.161020e+00 6.249927e+00
40t 6.734224e+02 1.937952e+01 4.368171e+01 1.082458e+02 2.696249e+01
41t 4.488110e+02 4.503474e+02 4.494619e+02 4.481410e+02 4.507245e+02
42t 3.461812e+02 2.964369e+02 3.481655e+02 3.165217e+02 2.709450e+02
43t 4.086882e+02 3.152900e+02 4.329129e+02 4.248644e+02 3.275611e+02
44t 1.013507e+03 9.330354e+02 9.321477e+02 9.382449e+02 9.231973e+02
45t 9.440754e+02 9.267629e+02 9.351685e+02 9.218396e+02 9.237531e+02
46t 9.437472e+02 9.313617e+02 9.291660e+02 9.335845e+02 9.211028e+02
47t 5.383489e+02 1.017212e+03 1.025108e+03 1.023223e+03 1.026718e+03
48t 1.180045e+03 9.723030e+02 9.807106e+02 9.883934e+02 9.824426e+02
49t 1.185572e+03 1.017864e+03 1.020072e+03 5.679871e+02 1.020680e+03
50t 1.264593e+03 9.032035e+02 9.766027e+02 1.046761e+03 9.136028e+02
              31           32           33           34           35
1t  9.122501e-01 8.634584e-01 9.428929e-01 1.180046e+00 8.146306e-01
2t  1.019609e+07 2.861402e+06 8.761136e+06 4.046020e+06 4.405104e+06
3t  2.180135e+06 1.154142e+06 1.573478e+06 1.654027e+06 1.333955e+06
4t  1.083473e+05 6.824916e+04 1.347004e+05 5.631981e+04 1.102274e+05
5t  3.347556e+01 2.021682e+01 4.586001e+01 4.700847e-01 5.719354e+01
6t  2.626637e+02 4.406912e+00 1.788444e+02 4.720395e+00 3.927102e+01
7t  6.449107e+03 3.436940e+03 7.347289e+03 1.316812e+03 1.243432e+04
8t  5.793695e+00 4.951750e+00 5.263924e+00 5.879688e+00 5.065750e+00
9t  2.976440e+02 3.131325e+02 3.062289e+02 3.111479e+02 3.777443e+02
10t 2.848797e+01 2.570511e+01 2.574576e+01 2.773758e+01 2.402882e+01
11t 2.632428e+02 3.146220e+02 2.809699e+02 3.162122e+02 3.717708e+02
12t 1.183294e+04 8.616790e+03 8.664268e+03 1.809026e+02 2.348113e+04
13t 1.326302e+00 2.006228e+01 1.988426e+01 2.018915e+01 2.051096e+01
14t 2.095949e+01 2.081825e+01 2.098792e+01 2.082946e+01 2.110999e+01
15t 5.698237e+02 1.098173e+03 6.082574e+02 6.724207e+03 3.140797e+02
16t 9.813044e+01 4.708377e+01 1.196691e+02 4.712140e+01 4.917367e+01
17t 6.234772e-01 2.445984e-01 4.929382e+00 2.101173e-01 3.803316e+02
18t 9.426052e-01 8.735204e-01 8.526352e-01 8.399973e-01 8.243870e-01
19t 4.778959e+02 6.192303e+02 5.689098e+02 5.927094e+02 2.280867e+03
20t 3.295613e+02 5.121215e+02 4.168455e+02 3.739931e+02 6.549579e+02
21t 2.818017e+04 2.876111e+04 2.791060e+04 2.975953e+04 3.434948e+04
22t 2.892300e+04 2.894923e+04 2.859422e+04 2.916876e+04 3.598453e+04
23t 4.685001e+01 5.823374e+01 5.154358e+01 5.713076e+01 6.103211e+01
24t 8.019344e-01 6.188111e-01 7.173452e-01 8.321181e-01 3.747196e+00
25t 7.267035e-01 7.157517e-01 6.100138e-01 8.912640e-01 5.230007e-01
26t 2.652915e-01 2.734687e-01 2.426157e-01 3.087171e-01 2.606781e-01
27t 7.846993e+01 9.559598e+01 9.481138e+01 1.283209e+02 4.630278e+01
28t 2.444818e+02 2.334184e+02 2.616005e+02 2.348093e+02 1.378512e+02
29t 3.244165e+02 4.347789e+02 3.359226e+02 4.756744e+02 4.438102e+02
30t 1.120755e+01 1.037588e+01 8.746001e+00 1.395229e+01 1.736350e+01
31t 1.680483e+02 2.696714e+02 1.861117e+02 2.618860e+02 1.014521e+02
32t 6.437341e+02 8.509372e+02 3.719753e+02 6.737295e+02 3.873532e+02
33t 1.021201e+02 1.220107e+02 1.092048e+02 1.262863e+02 1.271210e+02
34t 2.209924e+01 2.278250e+01 2.089005e+01 2.632745e+01 2.399829e+01
35t 1.254515e+04 1.336426e+04 1.289485e+04 1.278773e+04 1.418648e+04
36t 1.872806e+05 2.193352e+05 1.692910e+05 3.047633e+05 1.440461e+05
37t 5.650944e+01 5.603594e+01 5.839690e+01 6.116684e+01 6.517903e+01
38t 2.123546e+05 2.796984e+05 2.228211e+05 3.576561e+05 1.628135e+05
39t 4.575166e+00 7.064085e+00 6.369797e+00 7.095185e+00 4.943591e+00
40t 5.124795e+01 6.377803e+01 9.735400e+01 3.131647e+01 8.741872e+02
41t 4.484891e+02 4.468276e+02 4.477140e+02 4.758450e+02 4.307142e+02
42t 2.992385e+02 3.395312e+02 2.668320e+02 3.080462e+02 3.868528e+02
43t 4.355624e+02 5.622546e+02 4.357241e+02 4.327643e+02 4.362849e+02
44t 9.378662e+02 9.372397e+02 9.344386e+02 1.011552e+03 9.314317e+02
45t 9.208092e+02 9.381034e+02 9.297516e+02 9.252925e+02 9.303104e+02
46t 9.278554e+02 9.945774e+02 9.276984e+02 9.324185e+02 9.344351e+02
47t 5.416082e+02 5.323215e+02 5.319841e+02 1.021603e+03 5.304053e+02
48t 9.596804e+02 1.167251e+03 1.043114e+03 9.759630e+02 1.264892e+03
49t 1.025872e+03 1.207163e+03 5.601725e+02 5.588509e+02 1.202984e+03
50t 1.077843e+03 1.073102e+03 1.024624e+03 1.083484e+03 1.283970e+03
              36           37           38           39           40
1t  1.345665e+00 1.081358e+00 1.408960e+00 6.634963e-01 6.084303e-01
2t  1.753554e+07 1.125868e+07 1.818772e+07 6.070060e+06 2.803456e+06
3t  2.291959e+06 1.873291e+06 2.731034e+06 1.183113e+06 8.515434e+05
4t  1.398865e+05 1.300200e+05 1.153694e+05 1.182698e+05 1.588668e+05
5t  8.949446e+00 4.874600e+01 2.312381e+01 5.389089e+01 4.448739e+01
6t  4.498327e+02 2.766236e+02 2.605534e+02 1.258279e+01 4.327817e+00
7t  5.164893e+03 4.175294e+03 4.048656e+03 1.566230e+04 2.597974e+04
8t  6.596990e+00 5.239112e+00 6.776366e+00 4.922030e+00 4.351830e+00
9t  2.397557e+02 2.785356e+02 2.550927e+02 2.868264e+02 4.185662e+02
10t 3.031029e+01 2.741581e+01 3.056526e+01 2.595062e+01 1.808225e+01
11t 2.359004e+02 2.668526e+02 2.428136e+02 3.116805e+02 4.351128e+02
12t 3.403751e+02 6.915362e+02 2.329955e+02 2.068465e+04 1.424100e+04
13t 1.430213e+00 1.431295e+00 1.644270e+00 1.934750e+01 2.003025e+01
14t 2.116244e+01 2.087079e+01 2.110196e+01 2.083399e+01 2.067953e+01
15t 6.000399e+02 1.739723e+02 2.391644e+02 1.275110e+02 1.106375e+02
16t 4.928799e+01 1.030776e+02 4.834565e+01 4.895355e+01 4.919312e+01
17t 3.488487e-01 1.336051e-01 1.741663e-01 4.514865e+01 3.226540e+02
18t 9.807759e-01 9.363888e-01 9.669855e-01 8.157745e-01 6.175487e-01
19t 4.104765e+02 5.203978e+02 5.126466e+02 1.384817e+03 5.767750e+03
20t 2.602165e+02 3.196699e+02 2.661375e+02 2.433767e+02 9.719372e+02
21t 2.805451e+04 2.858101e+04 2.671078e+04 3.009281e+04 3.725378e+04
22t 2.841332e+04 2.841365e+04 2.858823e+04 3.008225e+04 3.965868e+04
23t 5.047269e+01 5.237223e+01 4.386679e+01 5.734189e+01 8.279601e+01
24t 8.271213e-01 9.792025e-01 8.829754e-01 1.063534e+00 5.133456e+00
25t 5.694247e-01 5.592446e-01 5.797610e-01 8.131413e-01 5.873405e-01
26t 2.562476e-01 2.963426e-01 2.994327e-01 3.023722e-01 2.782169e-01
27t 8.375088e+01 9.029822e+01 9.939877e+01 1.154987e+02 4.596307e+01
28t 2.539588e+02 2.199587e+02 2.082105e+02 2.584170e+02 1.350391e+02
29t 2.371213e+02 3.350296e+02 2.856915e+02 3.573436e+02 4.698601e+02
30t 1.082801e+01 1.134162e+01 1.201226e+01 1.461267e+01 6.567769e+02
31t 1.635959e+02 1.610025e+02 1.904870e+02 2.230404e+02 1.046816e+02
32t 3.664573e+02 3.500571e+02 3.145181e+02 4.224633e+02 3.922243e+02
33t 1.083113e+02 1.108270e+02 9.580791e+01 9.856069e+01 1.754379e+02
34t 2.821496e+01 2.226275e+01 2.439879e+01 2.413520e+01 2.516557e+01
35t 1.251340e+04 1.269196e+04 1.251326e+04 1.536688e+04 1.876262e+04
36t 1.936035e+05 1.695928e+05 2.127541e+05 2.262749e+05 1.174580e+05
37t 5.817867e+01 6.039577e+01 5.778520e+01 5.326279e+01 5.638550e+01
38t 1.795632e+05 1.913707e+05 2.314228e+05 1.721615e+05 1.829251e+05
39t 7.749968e+00 5.773987e+00 5.431646e+00 7.986177e+00 5.454449e+00
40t 3.096830e+01 7.650566e+01 3.096564e+01 3.309240e+02 8.306570e+02
41t 4.494845e+02 4.482217e+02 4.501090e+02 1.021361e+03 1.070229e+03
42t 3.475820e+02 3.110359e+02 2.932515e+02 4.404344e+02 4.316865e+02
43t 4.446737e+02 4.386955e+02 4.383217e+02 5.263117e+02 4.270827e+02
44t 9.266617e+02 9.296581e+02 9.277442e+02 1.047622e+03 9.260290e+02
45t 9.250523e+02 9.352904e+02 9.281826e+02 9.290299e+02 9.250242e+02
46t 9.247638e+02 9.207178e+02 9.325661e+02 9.422692e+02 9.251092e+02
47t 1.023993e+03 1.026278e+03 1.022241e+03 5.259795e+02 1.266872e+03
48t 9.704425e+02 9.744507e+02 9.250519e+02 1.299850e+03 1.373537e+03
49t 1.018359e+03 1.022653e+03 5.749566e+02 5.471201e+02 1.257939e+03
50t 9.480168e+02 9.874273e+02 9.290497e+02 1.226331e+03 1.372181e+03
              41           42           43           44           45
1t  1.358179e+00 1.386984e+00 7.120840e-01 1.233399e+00 1.560463e+00
2t  8.359310e+06 1.393686e+07 2.730576e+06 1.150507e+07 1.061297e+07
3t  1.976370e+06 3.339373e+06 1.299330e+06 2.252334e+06 2.820662e+06
4t  1.019463e+05 1.275558e+05 5.693506e+04 8.034486e+04 1.081565e+05
5t  4.156403e+01 1.577404e+01 1.395071e+01 5.645868e+01 1.102178e+01
6t  4.169645e+01 4.158747e+02 2.742554e+00 2.770361e+02 1.425136e+02
7t  6.034992e+03 5.025715e+03 4.373085e+04 4.876118e+03 3.317212e+03
8t  6.104437e+00 6.951508e+00 6.010593e+00 6.474522e+00 6.360504e+00
9t  2.914647e+02 2.109879e+02 4.094466e+02 2.857315e+02 2.496434e+02
10t 2.934150e+01 3.196569e+01 2.403974e+01 3.001225e+01 2.897795e+01
11t 2.931975e+02 2.337137e+02 3.746164e+02 2.702517e+02 2.582509e+02
12t 1.254330e+04 4.434138e+02 1.552438e+02 1.870783e+04 2.787260e+02
13t 1.797918e+01 1.784594e+00 2.017946e+01 1.549277e+00 1.718142e+00
14t 2.119481e+01 2.118213e+01 2.078703e+01 2.101449e+01 2.113888e+01
15t 1.265088e+03 2.652708e+02 3.816727e+02 2.211417e+02 2.240591e+02
16t 4.926588e+01 4.893541e+01 4.707136e+01 1.048096e+02 4.795310e+01
17t 6.412515e-01 9.075288e-01 2.521343e-02 4.342359e+00 1.041774e+00
18t 9.588044e-01 1.016902e+00 7.889318e-01 9.940253e-01 9.469754e-01
19t 5.937648e+02 4.600097e+02 1.592981e+03 4.461823e+02 4.573738e+02
20t 3.676251e+02 2.600993e+02 8.383609e+02 3.715781e+02 3.125541e+02
21t 2.834878e+04 2.759342e+04 2.926861e+04 2.760988e+04 2.681852e+04
22t 2.836851e+04 2.803531e+04 3.018793e+04 2.829208e+04 2.859146e+04
23t 5.055069e+01 3.726004e+01 8.294653e+01 5.140938e+01 4.614774e+01
24t 1.174035e+00 6.593672e-01 2.061167e+00 8.769481e-01 9.681932e-01
25t 7.759995e-01 4.886600e-01 6.591963e-01 7.079459e-01 5.832641e-01
26t 3.269362e-01 3.114634e-01 2.828437e-01 3.721415e-01 2.822348e-01
27t 1.286713e+02 7.458104e+01 9.378371e+01 7.061396e+01 1.062684e+02
28t 2.719847e+02 2.803466e+02 1.850518e+02 2.279533e+04 2.637296e+02
29t 3.321485e+02 2.935425e+02 6.033798e+02 2.948444e+02 3.298422e+02
30t 1.210334e+01 1.237627e+01 1.537663e+01 1.285713e+01 1.314677e+01
31t 2.180911e+02 1.721340e+02 1.732039e+02 1.716526e+02 1.814877e+02
32t 6.606351e+02 3.545580e+02 5.258199e+02 7.484764e+02 3.351625e+02
33t 1.132048e+02 1.037420e+02 2.093949e+02 1.234129e+02 1.051951e+02
34t 2.788395e+01 2.845938e+01 2.947029e+01 2.814404e+01 2.692733e+01
35t 1.247020e+04 1.243903e+04 1.434257e+04 1.255990e+04 1.268717e+04
36t 2.042200e+05 2.279763e+05 2.035953e+05 1.339597e+05 2.322248e+05
37t 6.107400e+01 6.122177e+01 7.856343e+01 5.805020e+01 6.095427e+01
38t 2.130958e+05 2.148778e+05 4.003820e+05 1.737809e+05 2.821481e+05
39t 6.728730e+00 5.679343e+00 5.120324e+00 7.035549e+00 5.525623e+00
40t 7.562009e+01 2.560027e+01 7.407088e+01 7.889307e+01 3.744872e+01
41t 4.696695e+02 4.504697e+02 9.019228e+02 4.493740e+02 4.501569e+02
42t 3.100846e+02 2.720520e+02 3.783002e+02 2.603454e+02 3.222267e+02
43t 4.402025e+02 3.480179e+02 5.276546e+02 3.381871e+02 3.758666e+02
44t 9.326571e+02 9.244984e+02 1.003762e+03 9.258755e+02 9.336894e+02
45t 9.402031e+02 9.219591e+02 9.577684e+02 9.322281e+02 9.338493e+02
46t 9.224485e+02 9.212547e+02 1.080036e+03 9.305707e+02 9.246260e+02
47t 1.019821e+03 1.026716e+03 5.284749e+02 5.494193e+02 1.021489e+03
48t 9.834552e+02 9.369946e+02 1.200354e+03 9.921668e+02 9.536000e+02
49t 9.229044e+02 1.020879e+03 1.207867e+03 5.688069e+02 1.020163e+03
50t 1.120446e+03 9.087698e+02 1.276026e+03 1.006643e+03 9.492457e+02
              46           47           48           49           50
1t  1.498394e+00 3.461898e+00 7.498509e-01 1.671548e+00 2.402906e+00
2t  8.902432e+06 2.100451e+07 1.465433e+07 7.533654e+06 1.561598e+07
3t  2.380487e+06 6.645696e+06 1.428014e+06 3.138225e+06 3.738977e+06
4t  1.236975e+05 1.070623e+05 1.221115e+05 9.303805e+04 9.945381e+04
5t  5.771725e+01 4.917027e+00 5.021430e+01 1.242677e+01 3.896283e+00
6t  3.714112e+02 8.037904e+02 1.727260e+02 4.345002e+01 3.075035e+02
7t  7.166586e+03 2.568161e+03 8.135378e+03 2.677856e+03 2.085179e+03
8t  7.075995e+00 9.068237e+00 5.044809e+00 7.366753e+00 8.380925e+00
9t  3.323777e+02 1.741499e+02 3.005458e+02 2.769618e+02 7.109653e+01
10t 2.950783e+01 3.460008e+01 2.290874e+01 3.118824e+01 3.728023e+01
11t 3.238519e+02 1.055062e+02 3.007389e+02 2.384860e+02 1.250593e+02
12t 2.721478e+04 2.558716e+02 1.778052e+04 2.027454e+02 2.454680e+02
13t 2.024358e+01 2.262067e+00 1.990241e+01 1.898784e+00 2.084138e+00
14t 2.121279e+01 2.116610e+01 2.097077e+01 2.111273e+01 2.109999e+01
15t 1.918775e+02 4.123943e+03 5.125937e+02 7.975721e+03 3.229043e+02
16t 4.926921e+01 4.952849e+01 5.368236e+01 4.931420e+01 4.917055e+01
17t 8.139609e+01 1.161751e+00 1.810277e+00 8.509446e-02 2.202548e-01
18t 9.714924e-01 1.051964e+00 8.513835e-01 1.007691e+00 1.039999e+00
19t 1.255412e+03 4.161233e+02 7.931998e+02 3.745744e+02 4.094483e+02
20t 5.003574e+02 2.236649e+02 4.165110e+02 2.576705e+02 1.687217e+02
21t 3.408460e+04 2.762497e+04 2.720959e+04 2.738799e+04 2.569893e+04
22t 3.551241e+04 2.907529e+04 2.819698e+04 2.792709e+04 2.937497e+04
23t 5.124518e+01 3.464559e+01 5.238626e+01 4.560601e+01 4.729002e+01
24t 3.123063e+00 6.791695e-01 1.135347e+00 1.314081e+00 6.452436e-01
25t 6.025910e-01 5.159785e-01 8.819990e-01 7.599667e-01 6.098732e-01
26t 2.533255e-01 3.401585e-01 2.709640e-01 3.072403e-01 2.922667e-01
27t 5.932333e+01 8.867705e+01 9.041961e+01 8.953262e+01 8.695170e+01
28t 1.885613e+02 3.508107e+02 2.450543e+02 3.012327e+02 3.258793e+02
29t 4.166665e+02 2.866001e+02 3.606577e+02 2.939840e+02 2.563260e+02
30t 1.391353e+01 1.562998e+01 1.471001e+01 1.240563e+01 1.270339e+01
31t 1.201039e+02 1.351100e+02 1.893265e+02 2.061160e+02 1.992630e+02
32t 4.460565e+02 4.416031e+02 5.478310e+02 5.400876e+02 3.165496e+02
33t 1.171176e+02 1.088375e+02 1.235346e+02 8.296216e+01 1.037454e+02
34t 2.736728e+01 3.129632e+01 2.017397e+01 2.899936e+01 2.999740e+01
35t 1.331003e+04 1.248472e+04 1.354345e+04 1.280137e+04 1.242440e+04
36t 2.523570e+05 3.601307e+05 1.456914e+05 2.415773e+05 3.145548e+05
37t 6.135094e+01 6.019984e+01 5.435495e+01 6.165219e+01 5.771183e+01
38t 1.299658e+05 3.302690e+05 2.126554e+05 3.445255e+05 3.591984e+05
39t 5.042416e+00 7.524100e+00 6.748408e+00 6.472406e+00 6.269257e+00
40t 4.226266e+02 1.693920e+01 2.076688e+02 3.165423e+01 1.756490e+01
41t 4.504294e+02 4.561125e+02 4.464746e+02 4.304196e+02 4.528212e+02
42t 3.576976e+02 2.981235e+02 3.561091e+02 3.032388e+02 2.692582e+02
43t 4.151928e+02 3.540663e+02 4.410400e+02 3.744964e+02 4.148492e+02
44t 9.594598e+02 9.222292e+02 9.371394e+02 9.296494e+02 9.237030e+02
45t 9.980581e+02 9.214701e+02 9.302154e+02 9.274754e+02 9.247463e+02
46t 1.005557e+03 9.212173e+02 9.303044e+02 9.315286e+02 9.220396e+02
47t 5.575315e+02 1.022431e+03 5.272070e+02 1.024293e+03 1.021917e+03
48t 1.153860e+03 9.142218e+02 1.040274e+03 9.851597e+02 9.189429e+02
49t 5.937737e+02 1.017064e+03 5.486577e+02 1.027650e+03 1.020479e+03
50t 1.227773e+03 8.969024e+02 1.155614e+03 9.181433e+02 8.995093e+02
              51           52           53           54           55
1t  1.336786e+00 1.066176e+00 8.456177e-01 1.481728e+00 7.025230e-01
2t  8.609623e+06 9.061559e+06 5.208259e+06 7.335905e+06 2.968358e+06
3t  2.121441e+06 1.752821e+06 1.388310e+06 2.694702e+06 1.133638e+06
4t  1.062447e+05 1.291716e+05 1.004657e+05 1.209623e+05 1.238898e+05
5t  3.297176e+01 1.970847e+01 2.873211e+01 4.770545e+01 5.081924e+01
6t  9.496142e+01 1.617733e+02 1.007133e+01 1.407576e+02 1.301819e+01
7t  5.681710e+03 5.242556e+03 6.390099e+03 5.382225e+03 1.094608e+04
8t  6.506305e+00 5.618805e+00 5.301791e+00 6.909922e+00 5.327136e+00
9t  2.482471e+02 2.707944e+02 3.100694e+02 3.043395e+02 3.754389e+02
10t 3.066546e+01 2.653188e+01 2.606453e+01 3.092193e+01 2.266002e+01
11t 2.716414e+02 2.831837e+02 2.933738e+02 2.754609e+02 4.027352e+02
12t 1.688155e+03 7.867868e+02 1.156838e+04 2.417776e+03 2.095136e+04
13t 1.553652e+00 1.395253e+00 1.984345e+01 1.773747e+00 2.045517e+01
14t 2.106497e+01 2.098078e+01 2.094646e+01 2.116915e+01 2.112300e+01
15t 2.139111e+02 6.403855e+02 7.374799e+03 2.068020e+02 3.933907e+02
16t 4.712156e+01 4.876711e+01 4.709145e+01 4.922350e+01 4.922540e+01
17t 1.262783e-01 6.208507e-02 2.267606e+00 6.167007e-02 4.067374e+02
18t 9.304572e-01 9.437592e-01 8.378408e-01 9.855056e-01 8.087010e-01
19t 4.264687e+02 4.929293e+02 7.231306e+02 6.145722e+02 2.545357e+03
20t 3.524691e+02 2.785988e+02 3.599729e+02 3.906990e+02 7.891350e+02
21t 2.790746e+04 2.689622e+04 2.801372e+04 2.936461e+04 3.605701e+04
22t 2.874788e+04 2.709205e+04 2.919347e+04 3.459263e+04 3.628099e+04
23t 5.432185e+01 4.797548e+01 5.613843e+01 4.977214e+01 6.925810e+01
24t 7.189830e-01 9.251689e-01 7.699835e-01 2.780449e+00 3.012884e+00
25t 5.491665e-01 5.627243e-01 6.640791e-01 4.738074e-01 5.495237e-01
26t 2.646742e-01 2.333940e-01 3.006391e-01 2.709783e-01 2.852834e-01
27t 7.534945e+01 9.671038e+01 1.291904e+02 8.972889e+01 6.545363e+01
28t 2.537485e+02 2.623793e+02 2.020318e+02 2.612770e+02 1.657865e+02
29t 3.069066e+02 3.320971e+02 4.480934e+02 3.344313e+02 4.734627e+02
30t 1.209624e+01 1.344101e+01 1.398886e+01 1.382960e+01 4.979324e+02
31t 1.870534e+02 1.730848e+02 2.639235e+02 1.579906e+02 1.057654e+02
32t 5.126265e+02 1.093680e+03 7.815974e+02 4.649581e+02 4.350268e+02
33t 1.219929e+02 1.224954e+02 1.287983e+02 1.110152e+02 1.676035e+02
34t 2.149028e+01 2.718812e+01 2.968442e+01 2.537182e+01 2.599601e+01
35t 1.246724e+04 1.270461e+04 1.328261e+04 1.288098e+04 1.475639e+04
36t 2.463250e+05 2.154823e+05 2.192058e+05 2.765993e+05 1.345717e+05
37t 6.011459e+01 6.211257e+01 6.013071e+01 6.217269e+01 6.781985e+01
38t 2.360832e+05 2.724240e+05 3.637499e+05 2.106647e+05 1.801948e+05
39t 6.951096e+00 5.372507e+00 6.274213e+00 5.963849e+00 5.291053e+00
40t 3.443348e+01 4.460170e+01 8.366438e+01 7.537624e+01 8.175507e+02
41t 4.497734e+02 4.489457e+02 6.140630e+02 4.510130e+02 8.088245e+02
42t 3.050602e+02 3.172979e+02 3.821734e+02 3.042540e+02 3.633550e+02
43t 4.401152e+02 4.392850e+02 3.742187e+02 3.662919e+02 4.377016e+02
44t 9.319483e+02 9.402600e+02 9.378035e+02 9.297215e+02 9.284057e+02
45t 9.251393e+02 9.357095e+02 9.348363e+02 9.844857e+02 9.302655e+02
46t 9.302940e+02 9.352790e+02 9.940358e+02 9.335183e+02 9.289409e+02
47t 1.029150e+03 5.385532e+02 1.042206e+03 5.489629e+02 5.270690e+02
48t 9.899914e+02 9.670653e+02 1.072133e+03 9.711096e+02 1.313795e+03
49t 1.023793e+03 5.585604e+02 5.475925e+02 5.838213e+02 1.226434e+03
50t 9.552493e+02 9.728253e+02 9.615433e+02 1.176264e+03 1.277308e+03
              56           57           58           59           60
1t  1.430805e+00 9.061915e-01 1.935803e+00 7.797533e-01 6.799474e-01
2t  1.591914e+07 1.008815e+07 8.701071e+06 2.992079e+06 2.748613e+06
3t  2.545608e+06 1.412969e+06 2.881903e+06 1.060721e+06 1.071953e+06
4t  8.790626e+04 1.293692e+05 7.475311e+04 6.441643e+04 1.285757e+05
5t  2.859443e+01 5.471468e+01 1.431006e+01 3.275567e+01 5.147476e+01
6t  2.066701e+02 2.308950e+02 2.026794e+02 3.204872e+00 8.011308e+00
7t  4.361477e+03 4.939462e+03 3.334591e+03 2.040738e+04 1.623788e+04
8t  6.774986e+00 5.402612e+00 7.721315e+00 4.526865e+00 4.634922e+00
9t  2.437103e+02 3.042414e+02 1.930879e+02 3.436289e+02 3.951538e+02
10t 3.134073e+01 2.390423e+01 3.261463e+01 2.303783e+01 2.173155e+01
11t 2.630122e+02 2.846300e+02 2.648333e+02 3.172412e+02 3.874465e+02
12t 3.061841e+03 9.743689e+03 3.604076e+02 1.010939e+04 2.004708e+04
13t 1.630028e+00 1.306722e+00 1.984138e+00 1.979338e+01 2.057080e+01
14t 2.102199e+01 2.103167e+01 2.098780e+01 2.086051e+01 2.116737e+01
15t 2.946238e+02 1.772154e+03 2.975597e+02 3.388512e+02 1.120310e+02
16t 4.957632e+01 8.959825e+01 4.810489e+01 4.889743e+01 4.917620e+01
17t 1.054614e+00 1.219568e+00 1.089226e-01 2.506901e-01 2.872118e+02
18t 9.853329e-01 9.229834e-01 9.989445e-01 7.783216e-01 7.738114e-01
19t 4.735631e+02 6.409987e+02 4.159995e+02 1.709300e+03 3.008629e+03
20t 3.450231e+02 3.103723e+02 3.518415e+02 4.194518e+02 7.559136e+02
21t 2.837952e+04 2.732527e+04 2.784295e+04 2.868889e+04 3.518913e+04
22t 2.927815e+04 2.803504e+04 2.831800e+04 3.033203e+04 3.628023e+04
23t 4.725122e+01 5.560034e+01 4.779011e+01 6.077648e+01 7.361839e+01
24t 8.085304e-01 9.256810e-01 7.269911e-01 3.335286e-01 3.315348e+00
25t 4.184143e-01 8.441465e-01 5.069837e-01 8.946339e-01 5.831990e-01
26t 3.648284e-01 2.304816e-01 2.819828e-01 3.258511e-01 2.859047e-01
27t 9.559314e+01 7.221082e+01 9.367709e+01 1.272583e+02 6.353279e+01
28t 3.557267e+02 2.331357e+02 2.816875e+02 2.781487e+02 1.368512e+02
29t 3.463821e+02 3.595845e+02 2.878339e+02 4.363769e+02 4.819416e+02
30t 1.161162e+01 1.193607e+01 1.188913e+01 2.050835e+01 4.440204e+01
31t 1.845433e+02 1.883124e+02 1.443542e+02 2.617974e+02 1.147606e+02
32t 4.078921e+02 3.819119e+02 3.104281e+02 1.289798e+03 4.186438e+02
33t 1.069531e+02 1.220681e+02 1.083708e+02 1.402009e+02 1.541229e+02
34t 2.747923e+01 2.080387e+01 2.834822e+01 2.710528e+01 2.427397e+01
35t 1.274870e+04 1.274549e+04 1.241791e+04 1.393951e+04 1.478012e+04
36t 2.010640e+05 1.536682e+05 2.224923e+05 2.183888e+05 1.183761e+05
37t 6.034147e+01 5.694548e+01 5.950809e+01 5.531729e+01 6.579112e+01
38t 2.673943e+05 2.518580e+05 2.993401e+05 2.022329e+05 1.814739e+05
39t 5.148261e+00 6.156437e+00 6.311086e+00 6.478691e+00 4.959983e+00
40t 3.238638e+01 1.085371e+02 2.209258e+01 1.179046e+02 7.975363e+02
41t 4.486591e+02 4.473949e+02 4.521206e+02 7.253571e+02 6.899039e+02
42t 2.892106e+02 2.902280e+02 2.751701e+02 5.317225e+02 3.688114e+02
43t 3.196737e+02 4.366259e+02 3.139111e+02 4.289352e+02 4.818304e+02
44t 9.386884e+02 9.414754e+02 9.338686e+02 1.187617e+03 9.251441e+02
45t 9.259751e+02 9.267469e+02 9.237935e+02 1.023972e+03 9.267904e+02
46t 9.268068e+02 9.380910e+02 9.279872e+02 1.022662e+03 9.261573e+02
47t 1.026799e+03 1.021399e+03 1.028588e+03 5.298455e+02 5.258316e+02
48t 9.666210e+02 9.741731e+02 9.894268e+02 1.164422e+03 1.363392e+03
49t 1.022252e+03 5.532825e+02 1.022692e+03 9.021182e+02 1.219034e+03
50t 9.166143e+02 1.064856e+03 9.112145e+02 1.007301e+03 1.296763e+03
              61           62           63           64           65
1t  8.622262e-01 1.430425e+00 9.356247e-01 1.508290e+00 1.753440e+00
2t  1.305557e+07 1.148615e+07 1.110934e+07 2.768848e+07 1.664489e+07
3t  1.527207e+06 2.179125e+06 1.444466e+06 2.419977e+06 2.612059e+06
4t  1.216521e+05 7.964170e+04 1.150797e+05 9.237857e+04 1.181255e+05
5t  5.830804e+01 3.271709e+01 4.123112e+01 5.253281e+01 1.522804e+01
6t  7.747835e+01 1.456657e+02 2.295186e+02 3.663075e+02 4.443494e+02
7t  8.905212e+03 3.977872e+03 5.984028e+03 1.134130e+04 3.667868e+03
8t  4.989931e+00 6.529536e+00 5.974642e+00 6.415447e+00 6.920225e+00
9t  3.149857e+02 1.978361e+02 2.913668e+02 2.899903e+02 2.526968e+02
10t 2.387633e+01 2.958405e+01 2.717762e+01 3.029252e+01 3.195457e+01
11t 3.027729e+02 2.845877e+02 2.559637e+02 2.932085e+02 2.191678e+02
12t 2.583698e+04 2.306521e+02 1.029235e+04 2.090835e+04 2.501460e+02
13t 1.982422e+01 1.483359e+00 1.353379e+00 1.647216e+01 1.782474e+00
14t 2.089230e+01 2.099999e+01 2.106921e+01 2.097275e+01 2.113526e+01
15t 5.470350e+02 2.074407e+02 1.658587e+02 7.281935e+02 2.756464e+02
16t 9.403674e+01 4.931313e+01 4.885566e+01 4.870269e+01 4.927324e+01
17t 8.521988e+00 2.339957e-01 7.937690e-01 1.309762e+01 1.969314e-01
18t 9.011410e-01 9.665555e-01 9.370292e-01 9.829986e-01 9.997523e-01
19t 8.143878e+02 3.853568e+02 5.206527e+02 4.638788e+02 3.877516e+02
20t 4.425301e+02 3.555448e+02 3.632481e+02 3.445235e+02 2.698122e+02
21t 2.822407e+04 2.835854e+04 2.822338e+04 2.853347e+04 2.657781e+04
22t 2.995655e+04 2.779339e+04 2.850702e+04 2.909770e+04 2.909584e+04
23t 5.709898e+01 5.058331e+01 5.301682e+01 5.700713e+01 4.204897e+01
24t 7.821651e-01 4.677840e-01 8.462059e-01 6.912516e-01 7.726344e-01
25t 7.854369e-01 5.165948e-01 6.022680e-01 5.767488e-01 5.546701e-01
26t 3.450067e-01 3.333659e-01 2.394945e-01 2.433570e-01 3.231079e-01
27t 9.096209e+01 9.724251e+01 9.409093e+01 1.122137e+02 6.961259e+01
28t 1.265352e+05 2.415559e+02 1.972850e+02 5.962189e+05 2.723179e+02
29t 4.061055e+02 2.594830e+02 3.663783e+02 3.502063e+02 2.982285e+02
30t 1.326594e+01 1.203925e+01 1.157963e+01 1.464356e+01 1.440941e+01
31t 1.855430e+02 1.847183e+02 1.645885e+02 2.689449e+02 1.333382e+02
32t 5.972923e+02 3.229538e+02 5.370762e+02 1.599833e+03 4.864887e+02
33t 1.414976e+02 1.077532e+02 1.237529e+02 1.155284e+02 1.021334e+02
34t 2.434728e+01 2.515671e+01 2.373675e+01 2.759288e+01 2.435212e+01
35t 1.347966e+04 1.264731e+04 1.249135e+04 1.262081e+04 1.276974e+04
36t 1.170310e+05 1.528445e+05 1.434586e+05 1.740411e+05 2.669990e+05
37t 6.627271e+01 6.033383e+01 5.755666e+01 5.749001e+01 5.979922e+01
38t 1.525086e+05 2.783390e+05 2.470814e+05 2.878628e+05 2.479276e+05
39t 6.087042e+00 5.793303e+00 5.555471e+00 6.851522e+00 5.677016e+00
40t 1.719051e+02 3.974753e+01 6.193162e+01 5.192344e+01 3.226947e+01
41t 4.461845e+02 4.496452e+02 4.481164e+02 4.495870e+02 4.502210e+02
42t 4.202070e+02 3.080815e+02 2.956752e+02 4.291299e+02 3.151814e+02
43t 4.349553e+02 3.699593e+02 3.969230e+02 4.384152e+02 3.636276e+02
44t 9.337704e+02 9.289187e+02 9.253198e+02 9.389361e+02 9.317507e+02
45t 9.262879e+02 9.262697e+02 9.290587e+02 9.346116e+02 9.211939e+02
46t 9.298364e+02 9.209070e+02 9.306657e+02 9.246987e+02 9.214252e+02
47t 5.285431e+02 1.021434e+03 1.023175e+03 5.432836e+02 1.021193e+03
48t 1.069407e+03 9.633716e+02 9.418895e+02 1.027117e+03 9.292371e+02
49t 9.128388e+02 1.019168e+03 1.025224e+03 9.167075e+02 1.028908e+03
50t 1.095124e+03 9.422993e+02 1.088562e+03 1.043773e+03 9.164928e+02
              66           67           68           69           70
1t  1.443187e+00 1.821767e+00 2.988825e+00 9.216831e-01 1.070125e+00
2t  3.144003e+07 1.086459e+07 1.433029e+07 5.692054e+06 1.010095e+07
3t  9.407750e+06 3.027983e+06 4.493475e+06 1.425679e+06 2.009016e+06
4t  1.404619e+05 9.085362e+04 1.461292e+05 1.100791e+05 1.187820e+05
5t  5.600253e+01 9.114223e+00 2.580095e+01 2.634800e+01 4.170280e+01
6t  7.360446e+02 4.114086e+02 3.477685e+02 5.400521e+00 2.091864e+02
7t  6.825232e+03 2.737266e+03 3.875656e+03 2.923350e+04 4.521925e+03
8t  6.075141e+00 7.335601e+00 1.010134e+01 5.140763e+00 5.892485e+00
9t  2.911572e+02 2.383144e+02 2.027594e+02 3.076602e+02 2.687276e+02
10t 2.772348e+01 3.510005e+01 3.820220e+01 2.901779e+01 2.894721e+01
11t 2.882842e+02 2.774231e+02 1.999491e+02 3.134654e+02 2.855994e+02
12t 1.416162e+04 2.110765e+02 2.261403e+03 1.415912e+04 3.759439e+02
13t 1.803774e+01 1.750162e+00 2.264540e+00 1.973662e+01 1.537406e+00
14t 2.111342e+01 2.109649e+01 2.116395e+01 2.090648e+01 2.097089e+01
15t 4.089696e+04 2.699495e+02 3.289735e+02 1.483830e+02 3.831633e+02
16t 1.089898e+02 1.007076e+02 4.935177e+01 4.735519e+01 4.728301e+01
17t 6.282624e+00 1.089926e+00 9.874399e-02 2.856940e+02 4.572187e-01
18t 9.826898e-01 9.951719e-01 1.043367e+00 8.564513e-01 9.625769e-01
19t 6.527608e+02 4.198835e+02 3.829997e+02 2.417843e+03 5.137244e+02
20t 3.724738e+02 2.724308e+02 2.926391e+02 3.489596e+02 2.717855e+02
21t 2.678489e+04 2.800821e+04 3.067826e+04 2.929967e+04 2.710045e+04
22t 2.874734e+04 2.864714e+04 3.047589e+04 2.906890e+04 2.828960e+04
23t 5.661928e+01 4.741823e+01 4.056433e+01 6.460891e+01 5.158529e+01
24t 9.659944e-01 4.203928e-01 3.152358e+00 6.790838e-01 9.217651e-01
25t 7.212078e-01 6.607747e-01 5.510198e-01 6.691584e-01 6.074899e-01
26t 2.469425e-01 3.087785e-01 2.624136e-01 3.255992e-01 3.554514e-01
27t 9.842338e+01 9.473984e+01 7.093398e+01 1.270764e+02 8.784404e+01
28t 2.216336e+05 1.732019e+05 3.251457e+02 2.458179e+02 2.514563e+02
29t 3.984272e+02 2.680101e+02 3.160727e+02 3.803277e+02 3.193728e+02
30t 1.472287e+01 1.296735e+01 1.528669e+01 1.417331e+01 1.105330e+01
31t 2.076402e+02 1.948193e+02 1.363710e+02 2.355643e+02 1.546109e+02
32t 6.319632e+02 3.712896e+02 2.873089e+02 1.019520e+03 4.736221e+02
33t 1.188739e+02 1.132504e+02 1.087750e+02 1.415481e+02 1.167509e+02
34t 2.660996e+01 2.935978e+01 3.334810e+01 3.295400e+01 2.544442e+01
35t 1.288002e+04 1.272787e+04 1.273004e+04 1.368960e+04 1.283178e+04
36t 1.729376e+05 2.681057e+05 4.696769e+05 2.106503e+05 1.784465e+05
37t 6.202240e+01 5.983589e+01 6.086229e+01 5.484031e+01 5.921193e+01
38t 2.343760e+05 3.698540e+05 1.953508e+05 1.993938e+05 2.155410e+05
39t 5.356374e+00 6.099152e+00 5.905861e+00 5.573931e+00 6.728077e+00
40t 1.144577e+02 3.116577e+01 2.638265e+01 1.229442e+02 5.334256e+01
41t 4.492474e+02 4.518812e+02 4.567254e+02 6.502158e+02 4.491311e+02
42t 3.009460e+02 3.336347e+02 2.940065e+02 4.177853e+02 3.630273e+02
43t 4.126653e+02 2.873278e+02 3.958713e+02 5.576888e+02 3.722929e+02
44t 9.477796e+02 9.208516e+02 9.329836e+02 1.017056e+03 9.257473e+02
45t 9.421851e+02 9.220880e+02 9.374507e+02 1.034864e+03 9.263102e+02
46t 9.478914e+02 9.287307e+02 9.300113e+02 9.464479e+02 9.313432e+02
47t 5.484628e+02 1.023454e+03 6.011517e+02 5.379575e+02 1.021519e+03
48t 1.006180e+03 9.724703e+02 9.247166e+02 1.186030e+03 9.607214e+02
49t 5.578604e+02 1.019096e+03 6.156258e+02 1.219077e+03 5.616192e+02
50t 1.078716e+03 9.084223e+02 1.069647e+03 1.207888e+03 9.349115e+02
              71           72           73           74           75
1t  1.186625e+00 8.050364e-01 1.055370e+00 1.166176e+00 1.022152e+00
2t  1.269812e+07 3.342594e+06 1.650418e+07 5.047472e+06 1.686958e+07
3t  1.532407e+06 1.357568e+06 2.000703e+06 1.996884e+06 1.203130e+07
4t  1.131502e+05 1.166392e+05 1.262594e+05 1.664994e+05 1.451372e+05
5t  5.250850e+01 2.060425e+01 4.967863e+01 4.365200e+01 2.982523e+01
6t  5.762162e+01 4.351015e+00 3.924776e+02 3.284551e+02 5.833124e+02
7t  4.824734e+03 5.231294e+03 4.565117e+03 8.748966e+03 6.175470e+03
8t  5.596155e+00 5.043450e+00 5.440302e+00 6.036378e+00 5.460251e+00
9t  2.940007e+02 3.015716e+02 2.779032e+02 3.236477e+02 2.684797e+02
10t 2.737726e+01 2.358234e+01 2.737046e+01 2.953248e+01 2.552438e+01
11t 2.941415e+02 3.143570e+02 2.861190e+02 2.705164e+02 2.718488e+02
12t 1.541450e+04 9.360632e+03 4.219077e+03 1.103998e+04 1.797109e+04
13t 1.984849e+01 2.004366e+01 1.967332e+01 1.888009e+01 1.403246e+00
14t 2.095836e+01 2.093859e+01 2.104435e+01 2.119065e+01 2.096020e+01
15t 1.562353e+02 4.971288e+03 4.290336e+02 1.864064e+02 2.043324e+02
16t 4.905939e+01 4.922120e+01 4.918109e+01 4.925069e+01 1.001999e+02
17t 1.096482e+00 1.466248e-01 4.484769e+00 4.129864e-02 1.564028e+00
18t 8.944815e-01 7.970020e-01 9.317724e-01 9.281351e-01 9.219707e-01
19t 5.403508e+02 6.319573e+02 5.184914e+02 4.801996e+02 6.149395e+02
20t 3.483573e+02 3.827880e+02 2.708233e+02 3.998927e+02 3.135405e+02
21t 2.785909e+04 2.783500e+04 2.782040e+04 3.377652e+04 2.814664e+04
22t 2.932495e+04 2.983749e+04 2.833943e+04 3.450753e+04 2.833597e+04
23t 5.364486e+01 6.432402e+01 4.552815e+01 5.121694e+01 5.152507e+01
24t 5.353349e-01 7.743409e-01 8.239966e-01 2.673362e+00 6.575556e-01
25t 5.332480e-01 5.621562e-01 5.848256e-01 4.725092e-01 6.166909e-01
26t 3.020477e-01 3.204331e-01 3.640875e-01 2.637506e-01 2.880203e-01
27t 1.075394e+02 1.281485e+02 9.220404e+01 5.687142e+01 6.824897e+01
28t 2.930708e+02 2.605646e+02 2.207547e+02 2.457901e+02 9.536670e+02
29t 3.533321e+02 4.349071e+02 3.187999e+02 3.655161e+02 3.279073e+02
30t 1.391150e+01 1.422767e+01 1.117601e+01 1.350601e+01 1.038121e+01
31t 1.632969e+02 2.381046e+02 1.496325e+02 1.438406e+02 1.480028e+02
32t 4.648947e+02 8.276217e+02 4.780933e+02 3.849299e+02 2.666763e+02
33t 1.049215e+02 1.368065e+02 1.182177e+02 1.088635e+02 1.154392e+02
34t 2.693030e+01 2.942614e+01 2.543485e+01 2.587098e+01 2.308340e+01
35t 1.268068e+04 1.327815e+04 1.260398e+04 1.277672e+04 1.278450e+04
36t 2.104657e+05 2.222144e+05 1.491029e+05 1.669352e+05 1.311379e+05
37t 5.812479e+01 5.740308e+01 5.911789e+01 5.769353e+01 5.929694e+01
38t 2.463111e+05 5.191837e+05 1.674382e+05 1.632661e+05 2.212351e+05
39t 6.431031e+00 5.808787e+00 5.599407e+00 5.236710e+00 6.800386e+00
40t 4.905162e+01 8.173273e+01 7.838798e+01 1.045572e+02 9.655160e+01
41t 4.477205e+02 5.690266e+02 4.475753e+02 4.498392e+02 4.477424e+02
42t 4.101209e+02 4.053202e+02 3.465843e+02 3.116607e+02 4.279460e+02
43t 4.350010e+02 5.115982e+02 4.417845e+02 3.934366e+02 4.165027e+02
44t 9.337770e+02 9.352645e+02 9.309569e+02 9.854905e+02 9.374943e+02
45t 9.344467e+02 9.326731e+02 9.353035e+02 9.861004e+02 9.322870e+02
46t 9.315707e+02 9.847029e+02 9.309623e+02 9.548682e+02 9.351716e+02
47t 1.020814e+03 5.357326e+02 5.369269e+02 5.448908e+02 1.026395e+03
48t 1.038388e+03 1.085684e+03 9.748455e+02 1.024338e+03 9.904692e+02
49t 1.028240e+03 9.113225e+02 5.600335e+02 5.567186e+02 5.505022e+02
50t 1.153873e+03 1.186466e+03 1.141896e+03 1.227619e+03 1.098807e+03
              76           77           78           79           80
1t  1.615120e+00 1.192373e+00 2.025738e+00 7.747574e-01 1.200811e+00
2t  1.408575e+07 1.336070e+07 1.861912e+07 5.331774e+06 6.120727e+06
3t  2.649732e+06 2.147575e+06 2.450353e+06 1.277759e+06 1.727624e+06
4t  1.064178e+05 9.485192e+04 1.186070e+05 9.400221e+04 1.640518e+05
5t  1.945936e+01 5.367526e+01 9.595303e+00 3.790234e+01 4.319804e+01
6t  1.835429e+02 2.037408e+02 5.550312e+02 3.867978e+00 5.498748e+02
7t  3.725206e+03 5.223441e+03 4.206287e+03 1.576686e+04 8.079628e+03
8t  7.198221e+00 5.702038e+00 6.818972e+00 5.527635e+00 6.237343e+00
9t  2.781955e+02 3.006286e+02 2.484349e+02 3.055005e+02 2.820849e+02
10t 3.144127e+01 2.752566e+01 3.260283e+01 2.561148e+01 2.962092e+01
11t 2.783472e+02 2.932165e+02 1.975682e+02 3.340573e+02 2.833161e+02
12t 2.799707e+02 1.399344e+04 4.329803e+02 1.330543e+04 1.283485e+04
13t 1.722839e+00 1.997611e+01 1.820076e+00 1.988544e+01 1.837075e+01
14t 2.105604e+01 2.095707e+01 2.114277e+01 2.080306e+01 2.119855e+01
15t 1.044556e+03 1.178115e+03 2.915829e+02 3.494269e+02 6.452910e+02
16t 4.540161e+01 7.415107e+01 5.693962e+01 4.850524e+01 4.917964e+01
17t 3.349381e-01 5.776242e+00 1.006341e+00 8.354811e-02 5.266744e-02
18t 9.914945e-01 8.773811e-01 1.016236e+00 8.171457e-01 9.469757e-01
19t 4.010958e+02 5.543998e+02 4.261536e+02 1.085887e+03 7.351858e+02
20t 2.612544e+02 3.166629e+02 2.305393e+02 3.707468e+02 4.542403e+02
21t 2.846539e+04 2.760546e+04 2.770497e+04 2.901689e+04 3.367261e+04
22t 2.959284e+04 2.877819e+04 2.834468e+04 2.951417e+04 3.356479e+04
23t 4.519471e+01 5.376166e+01 4.326151e+01 5.434050e+01 5.304521e+01
24t 8.177300e-01 4.456228e-01 6.496201e-01 3.407647e-01 3.621407e+00
25t 5.288519e-01 8.155372e-01 5.588888e-01 7.290652e-01 4.341534e-01
26t 2.759129e-01 2.810401e-01 2.578014e-01 3.055538e-01 2.461492e-01
27t 9.276406e+01 8.555141e+01 7.322938e+01 1.196164e+02 8.524755e+01
28t 2.596648e+02 3.284456e+02 2.908393e+02 5.079313e+02 2.577762e+02
29t 3.178866e+02 4.047421e+02 2.616986e+02 3.762706e+02 4.109032e+02
30t 1.229895e+01 1.140876e+01 1.401917e+01 1.618188e+01 1.355388e+01
31t 1.666904e+02 2.077378e+02 1.598125e+02 2.454371e+02 1.851224e+02
32t 4.631872e+02 5.128752e+02 5.206423e+02 3.392138e+02 3.411368e+02
33t 1.000161e+02 1.109990e+02 8.756009e+01 1.124429e+02 1.195221e+02
34t 2.646004e+01 2.720215e+01 2.857237e+01 3.123827e+01 2.600661e+01
35t 1.270543e+04 1.269586e+04 1.252012e+04 1.420446e+04 1.288495e+04
36t 2.186526e+05 1.776232e+05 2.462804e+05 2.254402e+05 2.072000e+05
37t 5.774138e+01 5.855667e+01 5.903437e+01 5.405063e+01 5.737951e+01
38t 3.148975e+05 1.960251e+05 2.446871e+05 2.574101e+05 1.588689e+05
39t 6.546129e+00 5.295518e+00 7.144566e+00 6.206889e+00 5.629836e+00
40t 2.795120e+01 6.221362e+01 2.619018e+01 1.258194e+02 1.705804e+02
41t 4.505476e+02 4.492249e+02 4.510403e+02 6.982850e+02 4.493689e+02
42t 3.020261e+02 2.838559e+02 2.824773e+02 4.267383e+02 3.446511e+02
43t 4.396686e+02 4.369586e+02 3.534028e+02 6.251936e+02 3.946929e+02
44t 9.388901e+02 9.263920e+02 9.240907e+02 1.014451e+03 9.324034e+02
45t 9.212783e+02 9.468498e+02 9.278876e+02 1.173385e+03 9.487317e+02
46t 9.283032e+02 9.364754e+02 9.214693e+02 9.385899e+02 9.484401e+02
47t 1.022906e+03 5.469222e+02 1.023812e+03 1.043621e+03 5.434662e+02
48t 9.366819e+02 9.764473e+02 9.562509e+02 1.316270e+03 9.966704e+02
49t 5.764480e+02 5.679922e+02 1.025368e+03 5.496226e+02 5.698320e+02
50t 9.284631e+02 9.787282e+02 9.032580e+02 1.236099e+03 1.265448e+03
# 2026-01-31 21:49:55 -03: Finished testing
