# 2026-01-19 00:03:25 -03: Reading parameter file '/home/pestobar/Activities/irace-executions/ACOTSP/Scenarios/BH/Runs/BH_seed_100003/parameters.txt'.
# 2026-01-19 00:03:25 -03: 1 expression(s) specifying forbidden configurations read.
# 2026-01-19 00:03:25 -03: Initialization
# Elitist race
# Elitist new instances: 1
# Elitist limit: 2
# nbIterations: 5
# minNbSurvival: 5
# nbParameters: 11
# seed: 100003
# confidence level: 0.95
# budget: 5500
# mu: 5
# deterministic: FALSE

# 2026-01-19 00:03:25 -03: Iteration 1 of 5
# experimentsUsed: 0
# remainingBudget: 5500
# currentBudget: 1100
# nbConfigurations: 183
# Markers:
     x No test is performed.
     c Configurations are discarded only due to capping.
     - The test is performed and some configurations are discarded.
     = The test is performed but no configuration is discarded.
     ! The test is performed and configurations could be discarded but elite configurations are preserved.
     . All alive configurations are elite and nothing is discarded.

+-+-----------+-----------+-----------+----------------+-----------+--------+-----+----+------+
| |   Instance|      Alive|       Best|       Mean best| Exp so far|  W time|  rho|KenW|  Qvar|
+-+-----------+-----------+-----------+----------------+-----------+--------+-----+----+------+
|x|          1|        183|         19|     32554963.00|        183|00:08:52|   NA|  NA|    NA|
|x|          2|        183|        141|     32603519.00|        366|00:08:46|+0.98|0.99|0.0019|
|x|          3|        183|        141|     32582898.00|        549|00:09:09|+0.98|0.99|0.0018|
|x|          4|        183|        141|     32652461.50|        732|00:08:33|+0.98|0.99|0.0016|
|-|          5|          8|        141|     32654256.80|        915|00:08:50|+0.10|0.28|0.7341|
|=|          6|          8|        141|     32627423.50|        923|00:01:57|+0.10|0.25|0.7079|
|=|          7|          8|        141|     32660500.00|        931|00:01:41|+0.13|0.26|0.7071|
+-+-----------+-----------+-----------+----------------+-----------+--------+-----+----+------+
Best-so-far configuration:         141    mean value:      32660500.00
Description of the best-so-far configuration:
    .ID. algorithm localsearch alpha beta  rho ants   q0 rasrank elitistants
141  141       acs           3  2.95 6.52 0.13   31 0.67      NA          NA
    nnls dlb .PARENT.
141   45   0       NA

# 2026-01-19 00:51:15 -03: Elite configurations (first number is the configuration ID; listed from best to worst according to the sum of ranks):
    algorithm localsearch alpha beta  rho ants   q0 rasrank elitistants nnls
141       acs           3  2.95 6.52 0.13   31 0.67      NA          NA   45
176       acs           3  1.78 5.12 0.45   35 0.91      NA          NA   40
82        acs           3  2.62 6.01 0.52   23 0.14      NA          NA   20
128       acs           3  1.45 7.42 0.91   19 0.40      NA          NA   25
93        ras           3  4.18 0.39 0.46   29   NA      19          NA   34
    dlb
141   0
176   0
82    1
128   1
93    1
# 2026-01-19 00:51:15 -03: Iteration 2 of 5
# experimentsUsed: 931
# remainingBudget: 4569
# currentBudget: 1142
# nbConfigurations: 147
# Markers:
     x No test is performed.
     c Configurations are discarded only due to capping.
     - The test is performed and some configurations are discarded.
     = The test is performed but no configuration is discarded.
     ! The test is performed and configurations could be discarded but elite configurations are preserved.
     . All alive configurations are elite and nothing is discarded.

+-+-----------+-----------+-----------+----------------+-----------+--------+-----+----+------+
| |   Instance|      Alive|       Best|       Mean best| Exp so far|  W time|  rho|KenW|  Qvar|
+-+-----------+-----------+-----------+----------------+-----------+--------+-----+----+------+
|x|          8|        147|        176|     32700779.00|        147|00:10:47|   NA|  NA|    NA|
|x|          5|        147|        176|     32700170.00|        289|00:10:04|+0.98|0.99|0.0022|
|x|          7|        147|        235|     32719543.00|        431|00:08:59|+0.98|0.98|0.0028|
|x|          4|        147|        198|     32766551.00|        573|00:09:56|+0.98|0.98|0.0028|
|-|          6|         12|        198|     32692647.20|        715|00:11:30|+0.07|0.26|0.8012|
|=|          2|         12|        198|     32690757.00|        722|00:02:01|+0.10|0.25|0.7800|
|-|          3|          8|        198|     32666479.43|        729|00:01:52|+0.22|0.33|0.6380|
|-|          1|          5|        198|     32646833.50|        732|00:01:43|-0.01|0.11|0.7581|
+-+-----------+-----------+-----------+----------------+-----------+--------+-----+----+------+
Best-so-far configuration:         198    mean value:      32646833.50
Description of the best-so-far configuration:
    .ID. algorithm localsearch alpha beta  rho ants   q0 rasrank elitistants
198  198       acs           3  2.86 3.76 0.41   57 0.53      NA          NA
    nnls dlb .PARENT.
198   32   0      176

# 2026-01-19 01:48:12 -03: Elite configurations (first number is the configuration ID; listed from best to worst according to the sum of ranks):
    algorithm localsearch alpha beta  rho ants   q0 rasrank elitistants nnls
198       acs           3  2.86 3.76 0.41   57 0.53      NA          NA   32
235       acs           3  3.38 6.27 0.04   31 0.30      NA          NA   46
141       acs           3  2.95 6.52 0.13   31 0.67      NA          NA   45
300       ras           3  2.80 2.82 0.79   81   NA      26          NA   41
176       acs           3  1.78 5.12 0.45   35 0.91      NA          NA   40
    dlb
198   0
235   0
141   0
300   1
176   0
# 2026-01-19 01:48:12 -03: Iteration 3 of 5
# experimentsUsed: 1663
# remainingBudget: 3837
# currentBudget: 1279
# nbConfigurations: 146
# Markers:
     x No test is performed.
     c Configurations are discarded only due to capping.
     - The test is performed and some configurations are discarded.
     = The test is performed but no configuration is discarded.
     ! The test is performed and configurations could be discarded but elite configurations are preserved.
     . All alive configurations are elite and nothing is discarded.

+-+-----------+-----------+-----------+----------------+-----------+--------+-----+----+------+
| |   Instance|      Alive|       Best|       Mean best| Exp so far|  W time|  rho|KenW|  Qvar|
+-+-----------+-----------+-----------+----------------+-----------+--------+-----+----+------+
|x|          9|        146|        351|     32849436.00|        146|00:15:59|   NA|  NA|    NA|
|x|          1|        146|        351|     32688631.00|        287|00:16:26|+0.89|0.95|0.0043|
|x|          4|        146|        351|     32757221.33|        428|00:15:39|+0.92|0.95|0.0028|
|x|          5|        146|        351|     32735043.25|        569|00:16:21|+0.93|0.95|0.0025|
|-|          6|         17|        351|     32668666.20|        710|00:16:48|+0.00|0.20|0.9738|
|=|          8|         17|        351|     32680603.17|        722|00:02:31|-0.05|0.13|0.9856|
|=|          3|         17|        198|     32664300.86|        734|00:02:00|-0.02|0.12|0.9590|
|=|          7|         17|        198|     32679633.12|        746|00:02:32|-0.01|0.12|0.9437|
|=|          2|         17|        198|     32679819.00|        758|00:02:36|-0.00|0.11|0.9288|
|=|         10|         17|        198|     32677817.00|        775|00:03:22|+0.03|0.13|0.8933|
+-+-----------+-----------+-----------+----------------+-----------+--------+-----+----+------+
Best-so-far configuration:         198    mean value:      32677817.00
Description of the best-so-far configuration:
    .ID. algorithm localsearch alpha beta  rho ants   q0 rasrank elitistants
198  198       acs           3  2.86 3.76 0.41   57 0.53      NA          NA
    nnls dlb .PARENT.
198   32   0      176

# 2026-01-19 03:22:30 -03: Elite configurations (first number is the configuration ID; listed from best to worst according to the sum of ranks):
    algorithm localsearch alpha beta  rho ants   q0 rasrank elitistants nnls
198       acs           3  2.86 3.76 0.41   57 0.53      NA          NA   32
351       acs           3  2.50 7.76 0.18   40 0.63      NA          NA   45
410       acs           3  4.41 2.41 0.06   36 0.10      NA          NA   42
141       acs           3  2.95 6.52 0.13   31 0.67      NA          NA   45
408       acs           3  2.31 6.22 0.29   38 0.76      NA          NA   49
    dlb
198   0
351   0
410   1
141   0
408   0
# 2026-01-19 03:22:30 -03: Iteration 4 of 5
# experimentsUsed: 2438
# remainingBudget: 3062
# currentBudget: 1531
# nbConfigurations: 143
# Markers:
     x No test is performed.
     c Configurations are discarded only due to capping.
     - The test is performed and some configurations are discarded.
     = The test is performed but no configuration is discarded.
     ! The test is performed and configurations could be discarded but elite configurations are preserved.
     . All alive configurations are elite and nothing is discarded.

+-+-----------+-----------+-----------+----------------+-----------+--------+-----+----+------+
| |   Instance|      Alive|       Best|       Mean best| Exp so far|  W time|  rho|KenW|  Qvar|
+-+-----------+-----------+-----------+----------------+-----------+--------+-----+----+------+
|x|         11|        143|        560|     32713464.00|        143|00:22:08|   NA|  NA|    NA|
|x|          4|        143|        604|     32802122.50|        281|00:20:40|+0.84|0.92|0.0034|
|x|          7|        143|        604|     32800688.33|        419|00:22:21|+0.85|0.90|0.0024|
|x|          1|        143|        198|     32736467.00|        557|00:22:22|+0.86|0.89|0.0024|
|-|          8|         22|        198|     32731500.60|        695|00:21:26|-0.12|0.11|1.0426|
|=|         10|         22|        198|     32719550.33|        712|00:03:07|-0.10|0.09|1.0275|
|=|          5|         22|        198|     32713726.00|        729|00:02:49|-0.05|0.10|0.9788|
|=|          3|         22|        198|     32689612.00|        746|00:02:43|-0.02|0.11|0.9728|
|=|          2|         22|        198|     32688689.11|        763|00:03:02|-0.02|0.10|0.9585|
|=|          9|         22|        410|     32713603.40|        780|00:02:59|-0.02|0.08|0.9644|
|=|          6|         22|        198|     32685357.91|        797|00:03:38|-0.02|0.07|0.9649|
|=|         12|         22|        198|     32675056.25|        819|00:04:05|-0.01|0.07|0.9565|
+-+-----------+-----------+-----------+----------------+-----------+--------+-----+----+------+
Best-so-far configuration:         198    mean value:      32675056.25
Description of the best-so-far configuration:
    .ID. algorithm localsearch alpha beta  rho ants   q0 rasrank elitistants
198  198       acs           3  2.86 3.76 0.41   57 0.53      NA          NA
    nnls dlb .PARENT.
198   32   0      176

# 2026-01-19 05:33:55 -03: Elite configurations (first number is the configuration ID; listed from best to worst according to the sum of ranks):
    algorithm localsearch alpha beta  rho ants   q0 rasrank elitistants nnls
198       acs           3  2.86 3.76 0.41   57 0.53      NA          NA   32
492       acs           3  2.02 3.28 0.58   47 0.53      NA          NA   24
588       acs           3  2.77 4.28 0.40   60 0.72      NA          NA   24
547       acs           3  4.31 2.18 0.13   45 0.16      NA          NA   46
410       acs           3  4.41 2.41 0.06   36 0.10      NA          NA   42
    dlb
198   0
492   0
588   0
547   0
410   1
# 2026-01-19 05:33:55 -03: Iteration 5 of 5
# experimentsUsed: 3257
# remainingBudget: 2243
# currentBudget: 2243
# nbConfigurations: 177
# Markers:
     x No test is performed.
     c Configurations are discarded only due to capping.
     - The test is performed and some configurations are discarded.
     = The test is performed but no configuration is discarded.
     ! The test is performed and configurations could be discarded but elite configurations are preserved.
     . All alive configurations are elite and nothing is discarded.

+-+-----------+-----------+-----------+----------------+-----------+--------+-----+----+------+
| |   Instance|      Alive|       Best|       Mean best| Exp so far|  W time|  rho|KenW|  Qvar|
+-+-----------+-----------+-----------+----------------+-----------+--------+-----+----+------+
|x|         13|        177|        652|     32410016.00|        177|00:22:59|   NA|  NA|    NA|
|x|          8|        177|        776|     32544675.50|        349|00:22:00|+0.60|0.80|0.0026|
|x|          5|        177|        679|     32582672.67|        521|00:22:46|+0.56|0.71|0.0026|
|x|          1|        177|        765|     32573100.75|        693|00:22:53|+0.57|0.68|0.0036|
|-|         10|         44|        691|     32585214.00|        865|00:22:38|-0.11|0.11|1.0713|
|=|          4|         44|        691|     32635288.00|        904|00:05:09|-0.08|0.10|1.0547|
|=|          6|         44|        653|     32594305.29|        943|00:06:03|-0.05|0.10|1.0260|
|=|          2|         44|        653|     32604401.00|        982|00:05:25|-0.06|0.08|1.0253|
|=|         12|         44|        765|     32616026.22|       1021|00:05:08|-0.04|0.07|1.0085|
|=|          3|         44|        765|     32604455.60|       1060|00:05:26|-0.02|0.09|0.9879|
|=|          9|         44|        707|     32628100.73|       1099|00:05:24|-0.00|0.09|0.9742|
|=|          7|         44|        670|     32637322.33|       1138|00:05:29|+0.01|0.09|0.9630|
|=|         11|         44|        707|     32656437.92|       1177|00:05:17|-0.00|0.07|0.9736|
|=|         14|         44|        776|     32639103.00|       1221|00:05:43|+0.01|0.08|0.9648|
+-+-----------+-----------+-----------+----------------+-----------+--------+-----+----+------+
Best-so-far configuration:         776    mean value:      32639103.00
Description of the best-so-far configuration:
    .ID. algorithm localsearch alpha beta  rho ants   q0 rasrank elitistants
776  776       acs           3  3.16 3.54 0.26   53 0.51      NA          NA
    nnls dlb .PARENT.
776   40   0      198

# 2026-01-19 08:16:23 -03: Elite configurations (first number is the configuration ID; listed from best to worst according to the sum of ranks):
    algorithm localsearch alpha beta  rho ants   q0 rasrank elitistants nnls
776       acs           3  3.16 3.54 0.26   53 0.51      NA          NA   40
707       acs           3  3.15 4.57 0.39   61 0.63      NA          NA   21
765       acs           3  3.97 2.35 0.08   39 0.22      NA          NA   39
612       acs           3  2.66 3.65 0.40   52 0.51      NA          NA   36
757       acs           3  3.22 3.29 0.31   54 0.53      NA          NA   33
    dlb
776   0
707   0
765   0
612   0
757   0
# 2026-01-19 08:16:23 -03: Iteration 6 of 6
# experimentsUsed: 4478
# remainingBudget: 1022
# currentBudget: 1022
# nbConfigurations: 72
# Markers:
     x No test is performed.
     c Configurations are discarded only due to capping.
     - The test is performed and some configurations are discarded.
     = The test is performed but no configuration is discarded.
     ! The test is performed and configurations could be discarded but elite configurations are preserved.
     . All alive configurations are elite and nothing is discarded.

+-+-----------+-----------+-----------+----------------+-----------+--------+-----+----+------+
| |   Instance|      Alive|       Best|       Mean best| Exp so far|  W time|  rho|KenW|  Qvar|
+-+-----------+-----------+-----------+----------------+-----------+--------+-----+----+------+
|x|         15|         72|        804|     32587488.00|         72|00:12:08|   NA|  NA|    NA|
|x|          8|         72|        795|     32622941.50|        139|00:11:15|+0.23|0.61|0.6277|
|x|          3|         72|        821|     32600286.33|        206|00:11:00|+0.26|0.51|0.6184|
|x|          1|         72|        765|     32571572.50|        273|00:09:51|+0.24|0.43|0.6131|
|-|         14|         37|        765|     32549716.00|        340|00:09:01|-0.17|0.06|1.1504|
|=|         11|         37|        765|     32585050.50|        372|00:04:32|-0.12|0.06|1.0961|
|=|          6|         37|        765|     32561421.00|        404|00:04:35|-0.07|0.08|1.0555|
|=|          4|         37|        765|     32597232.62|        436|00:03:49|-0.04|0.09|1.0256|
|=|          7|         37|        765|     32625574.11|        468|00:04:01|-0.05|0.06|1.0275|
|=|         12|         37|        765|     32619997.90|        500|00:03:40|-0.05|0.06|1.0243|
|=|          9|         37|        765|     32647644.18|        532|00:03:40|-0.03|0.07|1.0004|
|=|         13|         37|        765|     32631490.58|        564|00:03:42|-0.02|0.06|0.9949|
|=|          2|         37|        765|     32633915.69|        596|00:03:43|-0.02|0.06|0.9953|
|=|         10|         37|        793|     32637225.43|        628|00:03:52|-0.03|0.05|0.9950|
|=|          5|         37|        765|     32643288.53|        660|00:03:52|-0.02|0.04|0.9958|
|=|         16|         37|        765|     32646242.69|        697|00:05:07|-0.01|0.05|0.9873|
+-+-----------+-----------+-----------+----------------+-----------+--------+-----+----+------+
Best-so-far configuration:         765    mean value:      32646242.69
Description of the best-so-far configuration:
    .ID. algorithm localsearch alpha beta  rho ants   q0 rasrank elitistants
765  765       acs           3  3.97 2.35 0.08   39 0.22      NA          NA
    nnls dlb .PARENT.
765   39   0      410

# 2026-01-19 09:54:19 -03: Elite configurations (first number is the configuration ID; listed from best to worst according to the sum of ranks):
    algorithm localsearch alpha beta  rho ants   q0 rasrank elitistants nnls
765       acs           3  3.97 2.35 0.08   39 0.22      NA          NA   39
793       acs           3  4.00 2.84 0.07   39 0.24      NA          NA   37
835       acs           3  3.46 5.38 0.49   62 0.62      NA          NA   21
776       acs           3  3.16 3.54 0.26   53 0.51      NA          NA   40
612       acs           3  2.66 3.65 0.40   52 0.51      NA          NA   36
    dlb
765   0
793   0
835   0
776   0
612   0
# 2026-01-19 09:54:19 -03: Iteration 7 of 7
# experimentsUsed: 5175
# remainingBudget: 325
# currentBudget: 325
# nbConfigurations: 23
# Markers:
     x No test is performed.
     c Configurations are discarded only due to capping.
     - The test is performed and some configurations are discarded.
     = The test is performed but no configuration is discarded.
     ! The test is performed and configurations could be discarded but elite configurations are preserved.
     . All alive configurations are elite and nothing is discarded.

+-+-----------+-----------+-----------+----------------+-----------+--------+-----+----+------+
| |   Instance|      Alive|       Best|       Mean best| Exp so far|  W time|  rho|KenW|  Qvar|
+-+-----------+-----------+-----------+----------------+-----------+--------+-----+----+------+
|x|         17|         23|        845|     32576442.00|         23|00:04:03|   NA|  NA|    NA|
|x|          3|         23|        860|     32540474.50|         41|00:03:13|+0.27|0.63|0.1814|
|x|         13|         23|        793|     32515287.67|         59|00:03:01|+0.37|0.58|0.1731|
|x|         10|         23|        860|     32539101.25|         77|00:02:57|+0.30|0.48|0.2129|
|-|         14|         12|        793|     32526014.40|         95|00:03:18|-0.07|0.14|0.9831|
|=|          6|         12|        793|     32506510.83|        102|00:02:04|-0.08|0.10|0.9935|
|=|         11|         12|        793|     32543133.29|        109|00:01:18|-0.03|0.12|0.9431|
|=|         16|         12|        793|     32561631.12|        116|00:01:58|+0.00|0.13|0.9116|
|=|          7|         12|        793|     32584989.89|        123|00:01:52|-0.01|0.10|0.9107|
|=|          2|         12|        793|     32585240.20|        130|00:01:49|+0.02|0.12|0.8769|
|=|          5|         12|        793|     32596780.09|        137|00:01:57|+0.03|0.11|0.8907|
|=|          8|         12|        793|     32606298.83|        144|00:01:11|+0.01|0.10|0.8954|
|=|          1|         12|        793|     32603381.38|        151|00:01:35|-0.02|0.06|0.9294|
|=|         15|         12|        793|     32604406.14|        158|00:01:50|-0.00|0.07|0.9172|
|=|         12|         12|        793|     32601860.27|        165|00:01:53|+0.00|0.07|0.9120|
|=|          4|         12|        793|     32623248.56|        172|00:01:56|+0.01|0.07|0.9079|
|=|          9|         12|        860|     32641658.71|        179|00:01:31|+0.00|0.06|0.9157|
|=|         18|         12|        793|     32639931.83|        191|00:02:03|+0.01|0.06|0.9132|
+-+-----------+-----------+-----------+----------------+-----------+--------+-----+----+------+
Best-so-far configuration:         793    mean value:      32639931.83
Description of the best-so-far configuration:
    .ID. algorithm localsearch alpha beta  rho ants   q0 rasrank elitistants
793  793       acs           3     4 2.84 0.07   39 0.24      NA          NA
    nnls dlb .PARENT.
793   37   0      765

# 2026-01-19 10:33:59 -03: Elite configurations (first number is the configuration ID; listed from best to worst according to the sum of ranks):
    algorithm localsearch alpha beta  rho ants   q0 rasrank elitistants nnls
793       acs           3  4.00 2.84 0.07   39 0.24      NA          NA   37
765       acs           3  3.97 2.35 0.08   39 0.22      NA          NA   39
860       acs           3  3.54 5.00 0.52   65 0.57      NA          NA   22
835       acs           3  3.46 5.38 0.49   62 0.62      NA          NA   21
776       acs           3  3.16 3.54 0.26   53 0.51      NA          NA   40
    dlb
793   0
765   0
860   0
835   0
776   0
# 2026-01-19 10:33:59 -03: Iteration 8 of 8
# experimentsUsed: 5366
# remainingBudget: 134
# currentBudget: 134
# nbConfigurations: 11
# Markers:
     x No test is performed.
     c Configurations are discarded only due to capping.
     - The test is performed and some configurations are discarded.
     = The test is performed but no configuration is discarded.
     ! The test is performed and configurations could be discarded but elite configurations are preserved.
     . All alive configurations are elite and nothing is discarded.

+-+-----------+-----------+-----------+----------------+-----------+--------+-----+----+------+
| |   Instance|      Alive|       Best|       Mean best| Exp so far|  W time|  rho|KenW|  Qvar|
+-+-----------+-----------+-----------+----------------+-----------+--------+-----+----+------+
|x|         19|         11|        860|     32716185.00|         11|00:02:02|   NA|  NA|    NA|
|x|         17|         11|        860|     32646335.50|         17|00:01:45|+0.43|0.71|0.5270|
|x|         14|         11|        860|     32584347.00|         23|00:01:34|+0.47|0.65|0.4061|
|x|         15|         11|        860|     32591702.00|         29|00:01:19|+0.42|0.56|0.5043|
|-|          3|          6|        860|     32574254.20|         35|00:01:25|-0.08|0.14|0.8512|
|=|          6|          6|        860|     32557990.00|         36|00:00:45|-0.14|0.05|0.9472|
|=|         18|          6|        793|     32561729.00|         37|00:00:48|-0.07|0.08|0.9103|
|=|          8|          6|        765|     32580266.38|         38|00:00:38|-0.04|0.09|0.8952|
|=|          5|          6|        765|     32588789.89|         39|00:00:45|-0.06|0.06|0.8952|
|=|         16|          6|        765|     32598966.40|         40|00:00:50|-0.04|0.07|0.8714|
|=|          4|          6|        765|     32621598.00|         41|00:01:20|-0.03|0.06|0.8617|
|=|         12|          6|        765|     32617282.50|         42|00:01:09|-0.03|0.06|0.8470|
|=|         13|          6|        765|     32604707.00|         43|00:01:09|-0.01|0.07|0.8346|
|=|          7|          6|        765|     32622392.64|         44|00:01:07|-0.01|0.06|0.8371|
|=|          2|          6|        793|     32621909.80|         45|00:01:18|+0.01|0.07|0.8224|
|=|          9|          6|        793|     32643846.31|         46|00:01:10|-0.01|0.06|0.8356|
|=|         11|          6|        793|     32650847.59|         47|00:00:51|+0.00|0.06|0.8178|
|=|          1|          6|        765|     32641569.33|         48|00:01:03|-0.01|0.05|0.8249|
|=|         10|          6|        765|     32647352.32|         49|00:01:23|-0.00|0.05|0.8264|
|=|         20|          6|        793|     32642783.50|         55|00:01:36|-0.00|0.05|0.8228|
+-+-----------+-----------+-----------+----------------+-----------+--------+-----+----+------+
Best-so-far configuration:         793    mean value:      32642783.50
Description of the best-so-far configuration:
    .ID. algorithm localsearch alpha beta  rho ants   q0 rasrank elitistants
793  793       acs           3     4 2.84 0.07   39 0.24      NA          NA
    nnls dlb .PARENT.
793   37   0      765

# 2026-01-19 10:58:05 -03: Elite configurations (first number is the configuration ID; listed from best to worst according to the sum of ranks):
    algorithm localsearch alpha beta  rho ants   q0 rasrank elitistants nnls
793       acs           3  4.00 2.84 0.07   39 0.24      NA          NA   37
860       acs           3  3.54 5.00 0.52   65 0.57      NA          NA   22
765       acs           3  3.97 2.35 0.08   39 0.22      NA          NA   39
835       acs           3  3.46 5.38 0.49   62 0.62      NA          NA   21
776       acs           3  3.16 3.54 0.26   53 0.51      NA          NA   40
    dlb
793   0
860   0
765   0
835   0
776   0
# 2026-01-19 10:58:05 -03: Iteration 9 of 9
# experimentsUsed: 5421
# remainingBudget: 79
# currentBudget: 79
# nbConfigurations: 8
# Markers:
     x No test is performed.
     c Configurations are discarded only due to capping.
     - The test is performed and some configurations are discarded.
     = The test is performed but no configuration is discarded.
     ! The test is performed and configurations could be discarded but elite configurations are preserved.
     . All alive configurations are elite and nothing is discarded.

+-+-----------+-----------+-----------+----------------+-----------+--------+-----+----+------+
| |   Instance|      Alive|       Best|       Mean best| Exp so far|  W time|  rho|KenW|  Qvar|
+-+-----------+-----------+-----------+----------------+-----------+--------+-----+----+------+
|x|         21|          8|        835|     32583150.00|          8|00:01:40|   NA|  NA|    NA|
|x|          6|          8|        776|     32521315.00|         11|00:01:26|-0.38|0.31|1.1333|
|x|          4|          8|        835|     32624285.33|         14|00:01:08|-0.23|0.18|1.0350|
|x|          1|          8|        765|     32615810.50|         17|00:00:55|-0.15|0.13|0.9796|
|=|         19|          8|        765|     32644987.40|         20|00:01:03|-0.03|0.17|0.9094|
|=|         18|          8|        765|     32627342.33|         23|00:01:18|-0.07|0.11|0.9556|
|=|         17|          8|        860|     32636419.29|         26|00:01:07|-0.08|0.07|0.9285|
|=|          3|          8|        765|     32615421.62|         29|00:01:23|-0.02|0.10|0.8767|
|=|         13|          8|        765|     32597463.78|         32|00:01:24|-0.03|0.08|0.8871|
|=|         20|          8|        765|     32603648.60|         35|00:01:12|-0.02|0.08|0.8647|
|=|          5|          8|        765|     32608496.73|         38|00:01:00|+0.00|0.10|0.8410|
|=|          2|          8|        765|     32613040.08|         41|00:00:57|+0.01|0.09|0.8465|
|=|         15|          8|        765|     32612371.31|         44|00:01:24|+0.03|0.11|0.8182|
|=|          8|          8|        765|     32618324.79|         47|00:01:18|+0.03|0.10|0.8276|
|=|         10|          8|        765|     32627199.53|         50|00:01:17|+0.01|0.07|0.8530|
|=|         14|          8|        793|     32612878.31|         53|00:01:13|+0.03|0.09|0.8299|
|=|         11|          8|        793|     32621701.24|         56|00:01:20|+0.04|0.09|0.8142|
|=|         16|          8|        765|     32629031.17|         59|00:01:08|+0.04|0.10|0.8064|
|=|         12|          8|        793|     32622434.47|         62|00:00:48|+0.05|0.10|0.7922|
|=|          9|          8|        860|     32638596.20|         65|00:01:18|+0.05|0.10|0.8074|
|=|          7|          8|        860|     32646921.43|         68|00:01:21|+0.03|0.07|0.8328|
|=|         22|          8|        793|     32632375.55|         76|00:01:39|+0.03|0.07|0.8347|
+-+-----------+-----------+-----------+----------------+-----------+--------+-----+----+------+
Best-so-far configuration:         793    mean value:      32632375.55
Description of the best-so-far configuration:
    .ID. algorithm localsearch alpha beta  rho ants   q0 rasrank elitistants
793  793       acs           3     4 2.84 0.07   39 0.24      NA          NA
    nnls dlb .PARENT.
793   37   0      765

# 2026-01-19 11:25:35 -03: Elite configurations (first number is the configuration ID; listed from best to worst according to the sum of ranks):
    algorithm localsearch alpha beta  rho ants   q0 rasrank elitistants nnls
793       acs           3  4.00 2.84 0.07   39 0.24      NA          NA   37
860       acs           3  3.54 5.00 0.52   65 0.57      NA          NA   22
870       acs           3  3.88 2.78 0.08   39 0.21      NA          NA   34
765       acs           3  3.97 2.35 0.08   39 0.22      NA          NA   39
776       acs           3  3.16 3.54 0.26   53 0.51      NA          NA   40
    dlb
793   0
860   0
870   0
765   0
776   0
# 2026-01-19 11:25:35 -03: Stopped because there is not enough budget left to race more than the minimum (5).
# You may either increase the budget or set 'minNbSurvival' to a lower value.
# Iteration: 10
# nbIterations: 10
# experimentsUsed: 5497
# timeUsed: 0
# remainingBudget: 3
# currentBudget: 3
# number of elites: 5
# nbConfigurations: 5
# Total CPU user time: 342536.2, CPU sys time: 1116.565, Wall-clock time: 40930.46
# 2026-01-19 11:25:35 -03: Starting post-selection:
# Configurations selected: 793, 860, 870.
# Pending instances: 0, 0, 0.
# 2026-01-19 11:25:35 -03: seed: 100003
# Configurations: 3
# Available experiments: 3
# minSurvival: 1
# Markers:
     x No test is performed.
     c Configurations are discarded only due to capping.
     - The test is performed and some configurations are discarded.
     = The test is performed but no configuration is discarded.
     ! The test is performed and configurations could be discarded but elite configurations are preserved.
     . All alive configurations are elite and nothing is discarded.

+-+-----------+-----------+-----------+----------------+-----------+--------+-----+----+------+
| |   Instance|      Alive|       Best|       Mean best| Exp so far|  W time|  rho|KenW|  Qvar|
+-+-----------+-----------+-----------+----------------+-----------+--------+-----+----+------+
|.|         11|          3|        860|     32754566.00|          0|00:00:00|   NA|  NA|    NA|
|.|          6|          3|        860|     32615617.50|          0|00:00:00|-0.50|0.25|0.5251|
|.|         20|          3|        860|     32615714.67|          0|00:00:00|+0.00|0.33|0.3604|
|.|         13|          3|        860|     32578493.00|          0|00:00:00|+0.25|0.44|0.3078|
|.|         14|          3|        860|     32554868.40|          0|00:00:00|+0.40|0.52|0.3550|
|.|         10|          3|        860|     32563828.33|          0|00:00:00|+0.20|0.33|0.4975|
|.|          1|          3|        860|     32548368.14|          0|00:00:00|+0.00|0.14|0.6596|
|.|          8|          3|        860|     32576637.25|          0|00:00:00|+0.07|0.19|0.6430|
|.|          7|          3|        860|     32602947.11|          0|00:00:00|+0.06|0.16|0.6333|
|.|          4|          3|        860|     32631145.40|          0|00:00:00|-0.03|0.07|0.6909|
|.|         18|          3|        860|     32630505.09|          0|00:00:00|-0.02|0.07|0.6618|
|.|         21|          3|        860|     32638042.67|          0|00:00:00|+0.01|0.09|0.6569|
|.|          2|          3|        860|     32639818.00|          0|00:00:00|+0.05|0.12|0.6332|
|.|          9|          3|        860|     32656660.14|          0|00:00:00|-0.01|0.07|0.6703|
|.|         15|          3|        860|     32653800.60|          0|00:00:00|-0.03|0.04|0.6756|
|.|         19|          3|        860|     32657699.62|          0|00:00:00|-0.05|0.02|0.6924|
|.|          3|          3|        860|     32648685.71|          0|00:00:00|-0.05|0.01|0.6935|
|.|         12|          3|        860|     32644799.00|          0|00:00:00|-0.04|0.02|0.6825|
|.|          5|          3|        860|     32648526.84|          0|00:00:00|-0.04|0.02|0.6902|
|.|         22|          3|        860|     32633603.70|          0|00:00:00|-0.03|0.02|0.6917|
|.|         17|          3|        860|     32630883.81|          0|00:00:00|-0.03|0.02|0.6925|
|.|         16|          3|        860|     32633427.91|          0|00:00:00|-0.03|0.01|0.6865|
|=|         23|          3|        793|     32643532.78|          3|00:01:15|-0.02|0.02|0.6774|
+-+-----------+-----------+-----------+----------------+-----------+--------+-----+----+------+
Best-so-far configuration:         793    mean value:      32643532.78
Description of the best-so-far configuration:
    .ID. algorithm localsearch alpha beta  rho ants   q0 rasrank elitistants
793  793       acs           3     4 2.84 0.07   39 0.24      NA          NA
    nnls dlb .PARENT.
793   37   0      765

# 2026-01-19 11:26:51 -03: Elite configurations (first number is the configuration ID; listed from best to worst according to the sum of ranks):
    algorithm localsearch alpha beta  rho ants   q0 rasrank elitistants nnls
793       acs           3  4.00 2.84 0.07   39 0.24      NA          NA   37
860       acs           3  3.54 5.00 0.52   65 0.57      NA          NA   22
870       acs           3  3.88 2.78 0.08   39 0.21      NA          NA   34
    dlb
793   0
860   0
870   0
# Total CPU user time: 342695.1, CPU sys time: 1117.19, Wall-clock time: 41006.36
    .ID. algorithm localsearch alpha beta  rho ants   q0 rasrank elitistants
793  793       acs           3  4.00 2.84 0.07   39 0.24      NA          NA
860  860       acs           3  3.54 5.00 0.52   65 0.57      NA          NA
870  870       acs           3  3.88 2.78 0.08   39 0.21      NA          NA
    nnls dlb .PARENT. .RANK.  .WEIGHT.
793   37   0      765     42 0.5000000
860   22   0      835     47 0.3333333
870   34   0      793     49 0.1666667
