# 2026-01-17 03:41:18 -03: Reading parameter file '/home/pestobar/Activities/irace-executions/ACOTSP/Scenarios/BL/Runs/BL_seed_1900393/parameters.txt'.
# 2026-01-17 03:41:18 -03: 1 expression(s) specifying forbidden configurations read.
# 2026-01-17 03:41:19 -03: Initialization
# Elitist race
# Elitist new instances: 1
# Elitist limit: 2
# nbIterations: 5
# minNbSurvival: 5
# nbParameters: 11
# seed: 1900393
# confidence level: 0.95
# budget: 2750
# mu: 5
# deterministic: FALSE

# 2026-01-17 03:41:19 -03: Iteration 1 of 5
# experimentsUsed: 0
# remainingBudget: 2750
# currentBudget: 550
# nbConfigurations: 91
# Markers:
     x No test is performed.
     c Configurations are discarded only due to capping.
     - The test is performed and some configurations are discarded.
     = The test is performed but no configuration is discarded.
     ! The test is performed and configurations could be discarded but elite configurations are preserved.
     . All alive configurations are elite and nothing is discarded.

+-+-----------+-----------+-----------+----------------+-----------+--------+-----+----+------+
| |   Instance|      Alive|       Best|       Mean best| Exp so far|  W time|  rho|KenW|  Qvar|
+-+-----------+-----------+-----------+----------------+-----------+--------+-----+----+------+
|x|          1|         91|         57|     32907271.00|         91|00:04:53|   NA|  NA|    NA|
|x|          2|         91|         57|     32674740.50|        182|00:04:43|+0.98|0.99|0.0035|
|x|          3|         91|         57|     32596052.33|        273|00:04:44|+0.98|0.99|0.0040|
|x|          4|         91|         57|     32564976.75|        364|00:04:22|+0.99|0.99|0.0033|
|-|          5|          5|         57|     32535533.00|        455|00:04:39|+0.18|0.34|0.5993|
+-+-----------+-----------+-----------+----------------+-----------+--------+-----+----+------+
Best-so-far configuration:          57    mean value:      32535533.00
Description of the best-so-far configuration:
   .ID. algorithm localsearch alpha beta  rho ants q0 rasrank elitistants nnls
57   57       ras           3  2.71 2.37 0.97   80 NA      18          NA   41
   dlb .PARENT.
57   1       NA

# 2026-01-17 04:04:42 -03: Elite configurations (first number is the configuration ID; listed from best to worst according to the sum of ranks):
   algorithm localsearch alpha beta  rho ants   q0 rasrank elitistants nnls dlb
57       ras           3  2.71 2.37 0.97   80   NA      18          NA   41   1
29      mmas           3  0.92 3.77 0.89   61   NA      NA          NA   48   0
39       acs           3  1.62 4.56 0.88   11 0.44      NA          NA   16   0
67       eas           3  4.16 5.57 0.99   46   NA      NA           6   14   1
87       acs           3  3.69 9.63 0.53   19 0.94      NA          NA   12   0
# 2026-01-17 04:04:42 -03: Iteration 2 of 5
# experimentsUsed: 455
# remainingBudget: 2295
# currentBudget: 573
# nbConfigurations: 85
# Markers:
     x No test is performed.
     c Configurations are discarded only due to capping.
     - The test is performed and some configurations are discarded.
     = The test is performed but no configuration is discarded.
     ! The test is performed and configurations could be discarded but elite configurations are preserved.
     . All alive configurations are elite and nothing is discarded.

+-+-----------+-----------+-----------+----------------+-----------+--------+-----+----+------+
| |   Instance|      Alive|       Best|       Mean best| Exp so far|  W time|  rho|KenW|  Qvar|
+-+-----------+-----------+-----------+----------------+-----------+--------+-----+----+------+
|x|          6|         85|        151|     32397740.00|         85|00:04:29|   NA|  NA|    NA|
|x|          5|         85|         29|     32452146.50|        165|00:04:01|+0.98|0.99|0.0009|
|x|          4|         85|         57|     32444883.67|        245|00:03:45|+0.98|0.98|0.0007|
|x|          3|         85|         57|     32443331.75|        325|00:04:05|+0.97|0.98|0.0011|
|-|          2|          8|         57|     32443107.40|        405|00:03:38|+0.01|0.21|0.8458|
|=|          1|          8|         57|     32520468.00|        408|00:00:28|+0.11|0.26|0.7435|
|=|          7|          8|         57|     32540377.29|        416|00:01:41|+0.17|0.28|0.7004|
+-+-----------+-----------+-----------+----------------+-----------+--------+-----+----+------+
Best-so-far configuration:          57    mean value:      32540377.29
Description of the best-so-far configuration:
   .ID. algorithm localsearch alpha beta  rho ants q0 rasrank elitistants nnls
57   57       ras           3  2.71 2.37 0.97   80 NA      18          NA   41
   dlb .PARENT.
57   1       NA

# 2026-01-17 04:26:51 -03: Elite configurations (first number is the configuration ID; listed from best to worst according to the sum of ranks):
    algorithm localsearch alpha beta  rho ants   q0 rasrank elitistants nnls
57        ras           3  2.71 2.37 0.97   80   NA      18          NA   41
151       acs           3  3.15 2.05 0.93   36 0.08      NA          NA   40
108       acs           3  2.23 6.39 0.95   25 0.37      NA          NA   10
29       mmas           3  0.92 3.77 0.89   61   NA      NA          NA   48
167       acs           3  4.26 7.53 0.53   72 0.63      NA          NA   41
    dlb
57    1
151   1
108   1
29    0
167   1
# 2026-01-17 04:26:51 -03: Iteration 3 of 5
# experimentsUsed: 871
# remainingBudget: 1879
# currentBudget: 626
# nbConfigurations: 82
# Markers:
     x No test is performed.
     c Configurations are discarded only due to capping.
     - The test is performed and some configurations are discarded.
     = The test is performed but no configuration is discarded.
     ! The test is performed and configurations could be discarded but elite configurations are preserved.
     . All alive configurations are elite and nothing is discarded.

+-+-----------+-----------+-----------+----------------+-----------+--------+-----+----+------+
| |   Instance|      Alive|       Best|       Mean best| Exp so far|  W time|  rho|KenW|  Qvar|
+-+-----------+-----------+-----------+----------------+-----------+--------+-----+----+------+
|x|          8|         82|         57|     32718467.00|         82|00:06:12|   NA|  NA|    NA|
|x|          7|         82|        176|     32699013.50|        159|00:05:33|+0.94|0.97|0.0112|
|x|          4|         82|        176|     32611952.67|        236|00:05:41|+0.93|0.95|0.0063|
|x|          2|         82|        176|     32568835.75|        313|00:05:46|+0.94|0.95|0.0056|
|-|          5|         14|         57|     32542003.60|        390|00:06:02|+0.08|0.26|0.8199|
|=|          6|         14|         57|     32525860.17|        399|00:01:21|-0.01|0.16|0.8900|
|=|          3|         14|         57|     32513405.29|        408|00:01:53|-0.01|0.13|0.9232|
|=|          1|         14|         57|     32562638.50|        417|00:01:41|+0.02|0.14|0.8897|
|=|          9|         14|         57|     32580339.67|        431|00:01:39|+0.06|0.17|0.8640|
+-+-----------+-----------+-----------+----------------+-----------+--------+-----+----+------+
Best-so-far configuration:          57    mean value:      32580339.67
Description of the best-so-far configuration:
   .ID. algorithm localsearch alpha beta  rho ants q0 rasrank elitistants nnls
57   57       ras           3  2.71 2.37 0.97   80 NA      18          NA   41
   dlb .PARENT.
57   1       NA

# 2026-01-17 05:02:44 -03: Elite configurations (first number is the configuration ID; listed from best to worst according to the sum of ranks):
    algorithm localsearch alpha beta  rho ants   q0 rasrank elitistants nnls
57        ras           3  2.71 2.37 0.97   80   NA      18          NA   41
194       acs           3  3.82 3.71 0.66   75 0.97      NA          NA   50
226       ras           3  2.74 1.46 0.97   85   NA      40          NA   29
227       ras           3  2.53 1.23 0.87   65   NA      13          NA   37
201       ras           3  4.29 4.65 0.93   82   NA      22          NA   47
    dlb
57    1
194   0
226   1
227   1
201   0
# 2026-01-17 05:02:44 -03: Iteration 4 of 5
# experimentsUsed: 1302
# remainingBudget: 1448
# currentBudget: 724
# nbConfigurations: 76
# Markers:
     x No test is performed.
     c Configurations are discarded only due to capping.
     - The test is performed and some configurations are discarded.
     = The test is performed but no configuration is discarded.
     ! The test is performed and configurations could be discarded but elite configurations are preserved.
     . All alive configurations are elite and nothing is discarded.

+-+-----------+-----------+-----------+----------------+-----------+--------+-----+----+------+
| |   Instance|      Alive|       Best|       Mean best| Exp so far|  W time|  rho|KenW|  Qvar|
+-+-----------+-----------+-----------+----------------+-----------+--------+-----+----+------+
|x|         10|         76|        275|     32529679.00|         76|00:08:22|   NA|  NA|    NA|
|x|          6|         76|        275|     32456628.00|        147|00:07:33|+0.90|0.95|0.0015|
|x|          7|         76|        275|     32506904.00|        218|00:08:04|+0.89|0.92|0.0025|
|x|          2|         76|        275|     32493490.00|        289|00:08:09|+0.90|0.92|0.0019|
|-|          8|         12|        275|     32544720.80|        360|00:08:33|-0.02|0.18|0.9357|
|=|          1|         12|        275|     32600638.67|        367|00:00:40|-0.01|0.16|0.9512|
|=|          4|         12|        275|     32585942.71|        374|00:00:41|-0.04|0.11|0.9714|
|=|          9|         12|        275|     32607816.00|        381|00:00:45|-0.07|0.07|0.9977|
|=|          3|         12|        284|     32588944.00|        388|00:00:41|-0.05|0.07|0.9814|
|=|          5|         12|        284|     32572200.70|        395|00:00:46|-0.04|0.06|0.9695|
|=|         11|         12|        284|     32574793.82|        407|00:02:39|-0.03|0.07|0.9497|
+-+-----------+-----------+-----------+----------------+-----------+--------+-----+----+------+
Best-so-far configuration:         284    mean value:      32574793.82
Description of the best-so-far configuration:
    .ID. algorithm localsearch alpha beta  rho ants q0 rasrank elitistants nnls
284  284       ras           3  2.78 1.51 0.93   81 NA      31          NA   28
    dlb .PARENT.
284   1      226

# 2026-01-17 05:49:42 -03: Elite configurations (first number is the configuration ID; listed from best to worst according to the sum of ranks):
    algorithm localsearch alpha beta  rho ants q0 rasrank elitistants nnls dlb
284       ras           3  2.78 1.51 0.93   81 NA      31          NA   28   1
275       ras           3  2.47 1.11 0.81   89 NA      34          NA   20   1
290       ras           3  3.46 1.95 0.88   96 NA      34          NA   22   0
281       ras           3  2.87 1.07 0.88   76 NA      31          NA   37   1
314       ras           3  2.23 1.34 0.94   68 NA      21          NA   50   1
# 2026-01-17 05:49:42 -03: Iteration 5 of 5
# experimentsUsed: 1709
# remainingBudget: 1041
# currentBudget: 1041
# nbConfigurations: 91
# Markers:
     x No test is performed.
     c Configurations are discarded only due to capping.
     - The test is performed and some configurations are discarded.
     = The test is performed but no configuration is discarded.
     ! The test is performed and configurations could be discarded but elite configurations are preserved.
     . All alive configurations are elite and nothing is discarded.

+-+-----------+-----------+-----------+----------------+-----------+--------+-----+----+------+
| |   Instance|      Alive|       Best|       Mean best| Exp so far|  W time|  rho|KenW|  Qvar|
+-+-----------+-----------+-----------+----------------+-----------+--------+-----+----+------+
|x|         12|         91|        323|     32506455.00|         91|00:05:03|   NA|  NA|    NA|
|x|          7|         91|        323|     32542883.00|        177|00:04:20|+0.52|0.76|0.2273|
|x|          8|         91|        326|     32623545.33|        263|00:04:12|+0.45|0.63|0.2488|
|x|         11|         91|        363|     32607956.00|        349|00:05:14|+0.44|0.58|0.2388|
|-|          4|         36|        379|     32576298.60|        435|00:05:20|-0.06|0.15|1.0156|
|=|          9|         36|        379|     32596133.17|        466|00:01:52|-0.02|0.15|0.9771|
|=|          1|         36|        394|     32639821.86|        497|00:01:55|-0.02|0.13|0.9768|
|=|          3|         36|        363|     32611568.75|        528|00:01:44|+0.01|0.14|0.9424|
|=|          5|         36|        363|     32591246.56|        559|00:02:07|+0.02|0.12|0.9432|
|=|          2|         36|        367|     32579994.60|        590|00:01:42|+0.02|0.12|0.9444|
|=|          6|         36|        367|     32560810.91|        621|00:01:56|+0.03|0.12|0.9350|
|=|         10|         36|        367|     32563102.75|        652|00:01:59|+0.03|0.11|0.9263|
|-|         13|         26|        339|     32580944.85|        688|00:02:10|-0.04|0.04|0.9965|
|=|         14|         26|        339|     32568677.29|        714|00:01:36|-0.04|0.03|0.9959|
|=|         15|         26|        339|     32574365.80|        740|00:01:39|-0.04|0.03|0.9933|
+-+-----------+-----------+-----------+----------------+-----------+--------+-----+----+------+
Best-so-far configuration:         339    mean value:      32574365.80
Description of the best-so-far configuration:
    .ID. algorithm localsearch alpha beta  rho ants q0 rasrank elitistants nnls
339  339       ras           3  2.51 1.79 0.88   96 NA      15          NA   26
    dlb .PARENT.
339   1      275

# 2026-01-17 06:32:35 -03: Elite configurations (first number is the configuration ID; listed from best to worst according to the sum of ranks):
    algorithm localsearch alpha beta  rho ants q0 rasrank elitistants nnls dlb
339       ras           3  2.51 1.79 0.88   96 NA      15          NA   26   1
335       ras           3  2.72 0.58 0.83   97 NA      26          NA   20   1
367       ras           3  3.05 2.90 0.92   85 NA      23          NA   15   0
384       ras           3  2.37 1.42 0.96   73 NA      22          NA   50   1
326       ras           3  2.45 1.33 0.83   63 NA      28          NA   42   1
# 2026-01-17 06:32:35 -03: Iteration 6 of 6
# experimentsUsed: 2449
# remainingBudget: 301
# currentBudget: 301
# nbConfigurations: 23
# Markers:
     x No test is performed.
     c Configurations are discarded only due to capping.
     - The test is performed and some configurations are discarded.
     = The test is performed but no configuration is discarded.
     ! The test is performed and configurations could be discarded but elite configurations are preserved.
     . All alive configurations are elite and nothing is discarded.

+-+-----------+-----------+-----------+----------------+-----------+--------+-----+----+------+
| |   Instance|      Alive|       Best|       Mean best| Exp so far|  W time|  rho|KenW|  Qvar|
+-+-----------+-----------+-----------+----------------+-----------+--------+-----+----+------+
|x|         16|         23|        419|     32644233.00|         23|00:01:24|   NA|  NA|    NA|
|x|          3|         23|        419|     32508143.00|         41|00:01:05|+0.40|0.70|0.2247|
|x|          8|         23|        339|     32590336.33|         59|00:00:59|+0.32|0.55|0.3009|
|x|          9|         23|        339|     32621572.00|         77|00:00:59|+0.36|0.52|0.2837|
|-|         10|         13|        409|     32598716.40|         95|00:01:06|-0.01|0.19|0.9075|
|=|          6|         13|        409|     32560379.00|        103|00:00:36|+0.02|0.18|0.9135|
|=|          1|         13|        409|     32610406.71|        111|00:00:40|-0.00|0.14|0.9391|
|=|         13|         13|        409|     32639082.25|        119|00:00:34|+0.01|0.13|0.9344|
|=|         11|         13|        339|     32630530.56|        127|00:00:34|+0.01|0.12|0.9118|
|=|          2|         13|        409|     32614150.00|        135|00:00:33|-0.01|0.10|0.9276|
|=|         12|         13|        409|     32607867.91|        143|00:00:35|-0.01|0.08|0.9436|
|=|         14|         13|        409|     32584390.42|        151|00:00:32|-0.01|0.07|0.9397|
|=|          7|         13|        409|     32593163.85|        159|00:00:33|-0.02|0.06|0.9467|
|=|          5|         13|        409|     32582698.43|        167|00:00:33|-0.02|0.05|0.9446|
|=|         15|         13|        409|     32587196.53|        175|00:00:34|-0.02|0.05|0.9412|
|=|          4|         13|        409|     32575771.75|        183|00:00:34|-0.00|0.06|0.9282|
|=|         17|         13|        409|     32596824.65|        196|00:00:55|+0.00|0.06|0.9207|
+-+-----------+-----------+-----------+----------------+-----------+--------+-----+----+------+
Best-so-far configuration:         409    mean value:      32596824.65
Description of the best-so-far configuration:
    .ID. algorithm localsearch alpha beta  rho ants q0 rasrank elitistants nnls
409  409       ras           3  2.78 3.29 0.77   76 NA      12          NA   17
    dlb .PARENT.
409   0      367

# 2026-01-17 06:45:30 -03: Elite configurations (first number is the configuration ID; listed from best to worst according to the sum of ranks):
    algorithm localsearch alpha beta  rho ants q0 rasrank elitistants nnls dlb
409       ras           3  2.78 3.29 0.77   76 NA      12          NA   17   0
412       ras           3  2.49 0.53 0.70   64 NA      23          NA   46   1
339       ras           3  2.51 1.79 0.88   96 NA      15          NA   26   1
410       ras           3  2.43 1.82 0.85   96 NA      15          NA   27   1
367       ras           3  3.05 2.90 0.92   85 NA      23          NA   15   0
# 2026-01-17 06:45:30 -03: Iteration 7 of 7
# experimentsUsed: 2645
# remainingBudget: 105
# currentBudget: 105
# nbConfigurations: 10
# Markers:
     x No test is performed.
     c Configurations are discarded only due to capping.
     - The test is performed and some configurations are discarded.
     = The test is performed but no configuration is discarded.
     ! The test is performed and configurations could be discarded but elite configurations are preserved.
     . All alive configurations are elite and nothing is discarded.

+-+-----------+-----------+-----------+----------------+-----------+--------+-----+----+------+
| |   Instance|      Alive|       Best|       Mean best| Exp so far|  W time|  rho|KenW|  Qvar|
+-+-----------+-----------+-----------+----------------+-----------+--------+-----+----+------+
|x|         18|         10|        410|     32530714.00|         10|00:00:45|   NA|  NA|    NA|
|x|          9|         10|        339|     32626928.50|         15|00:00:37|-0.20|0.40|1.0204|
|x|          6|         10|        412|     32541639.00|         20|00:00:39|+0.11|0.40|0.6380|
|x|          2|         10|        412|     32509687.00|         25|00:00:39|+0.29|0.47|0.4955|
|-|          3|          7|        409|     32484659.80|         30|00:00:41|-0.08|0.14|0.9219|
|=|         12|          7|        412|     32496630.67|         32|00:00:19|+0.04|0.20|0.8172|
|=|          7|          7|        412|     32512148.86|         34|00:00:16|+0.07|0.20|0.7721|
|=|          1|          7|        412|     32566868.75|         36|00:00:17|+0.06|0.18|0.8073|
|=|         11|          7|        412|     32567225.22|         38|00:00:18|+0.05|0.16|0.8122|
|=|         14|          7|        412|     32550327.00|         40|00:00:14|+0.06|0.16|0.8096|
|=|         10|          7|        412|     32549460.27|         42|00:00:11|+0.07|0.16|0.7934|
|-|          8|          5|        412|     32563726.92|         44|00:00:12|-0.03|0.06|0.7942|
|.|         13|          5|        412|     32578759.46|         44|00:00:00|-0.02|0.06|0.7963|
|.|         16|          5|        412|     32590464.57|         44|00:00:00|-0.04|0.04|0.8156|
|.|         15|          5|        412|     32592085.40|         44|00:00:00|-0.02|0.04|0.8096|
|.|          5|          5|        412|     32584887.25|         44|00:00:00|-0.04|0.03|0.8287|
|.|         17|          5|        412|     32605148.76|         44|00:00:00|-0.04|0.02|0.8368|
|.|          4|          5|        412|     32592448.17|         44|00:00:00|-0.03|0.03|0.8267|
+-+-----------+-----------+-----------+----------------+-----------+--------+-----+----+------+
Best-so-far configuration:         412    mean value:      32592448.17
Description of the best-so-far configuration:
    .ID. algorithm localsearch alpha beta rho ants q0 rasrank elitistants nnls
412  412       ras           3  2.49 0.53 0.7   64 NA      23          NA   46
    dlb .PARENT.
412   1      326

# 2026-01-17 06:50:43 -03: Elite configurations (first number is the configuration ID; listed from best to worst according to the sum of ranks):
    algorithm localsearch alpha beta  rho ants q0 rasrank elitistants nnls dlb
412       ras           3  2.49 0.53 0.70   64 NA      23          NA   46   1
339       ras           3  2.51 1.79 0.88   96 NA      15          NA   26   1
409       ras           3  2.78 3.29 0.77   76 NA      12          NA   17   0
410       ras           3  2.43 1.82 0.85   96 NA      15          NA   27   1
367       ras           3  3.05 2.90 0.92   85 NA      23          NA   15   0
# 2026-01-17 06:50:43 -03: Iteration 8 of 8
# experimentsUsed: 2689
# remainingBudget: 61
# currentBudget: 61
# nbConfigurations: 7
# Markers:
     x No test is performed.
     c Configurations are discarded only due to capping.
     - The test is performed and some configurations are discarded.
     = The test is performed but no configuration is discarded.
     ! The test is performed and configurations could be discarded but elite configurations are preserved.
     . All alive configurations are elite and nothing is discarded.

+-+-----------+-----------+-----------+----------------+-----------+--------+-----+----+------+
| |   Instance|      Alive|       Best|       Mean best| Exp so far|  W time|  rho|KenW|  Qvar|
+-+-----------+-----------+-----------+----------------+-----------+--------+-----+----+------+
|x|         19|          7|        410|     32783824.00|          7|00:00:27|   NA|  NA|    NA|
|x|         18|          7|        410|     32657269.00|          9|00:00:17|+0.75|0.88|0.0375|
|x|         13|          7|        410|     32703542.00|         11|00:00:20|+0.52|0.68|0.0912|
|x|         17|          7|        339|     32753768.00|         13|00:00:17|+0.51|0.63|0.1255|
|-|          7|          6|        339|     32736100.60|         15|00:00:18|-0.02|0.19|0.9189|
|=|         12|          6|        339|     32705127.83|         16|00:00:20|-0.05|0.13|0.9266|
|=|          4|          6|        339|     32663397.86|         17|00:00:16|-0.01|0.13|0.8818|
|=|          1|          6|        339|     32698296.62|         18|00:00:14|-0.06|0.07|0.9249|
|=|         16|          6|        339|     32699186.56|         19|00:00:18|-0.00|0.11|0.8958|
|=|         14|          6|        339|     32670187.80|         20|00:00:16|+0.01|0.11|0.8721|
|=|          6|          6|        409|     32645739.00|         21|00:00:20|-0.00|0.09|0.8833|
|=|         11|          6|        339|     32636526.42|         22|00:00:17|-0.01|0.07|0.8752|
|=|          8|          6|        339|     32641007.77|         23|00:00:17|-0.01|0.07|0.8686|
|=|          3|          6|        339|     32621644.29|         24|00:00:15|+0.01|0.08|0.8474|
|=|          9|          6|        339|     32627886.60|         25|00:00:14|-0.00|0.06|0.8508|
|=|          5|          6|        339|     32617592.81|         26|00:00:15|-0.03|0.04|0.8671|
|=|          2|          6|        339|     32610200.00|         27|00:00:17|-0.04|0.02|0.8758|
|=|         10|          6|        409|     32603371.78|         28|00:00:18|-0.02|0.03|0.8662|
|=|         15|          6|        412|     32605850.58|         29|00:00:16|-0.02|0.04|0.8602|
|=|         20|          6|        409|     32618189.60|         35|00:00:34|-0.02|0.03|0.8618|
+-+-----------+-----------+-----------+----------------+-----------+--------+-----+----+------+
Best-so-far configuration:         409    mean value:      32618189.60
Description of the best-so-far configuration:
    .ID. algorithm localsearch alpha beta  rho ants q0 rasrank elitistants nnls
409  409       ras           3  2.78 3.29 0.77   76 NA      12          NA   17
    dlb .PARENT.
409   0      367

# 2026-01-17 06:57:00 -03: Elite configurations (first number is the configuration ID; listed from best to worst according to the sum of ranks):
    algorithm localsearch alpha beta  rho ants q0 rasrank elitistants nnls dlb
409       ras           3  2.78 3.29 0.77   76 NA      12          NA   17   0
412       ras           3  2.49 0.53 0.70   64 NA      23          NA   46   1
410       ras           3  2.43 1.82 0.85   96 NA      15          NA   27   1
339       ras           3  2.51 1.79 0.88   96 NA      15          NA   26   1
367       ras           3  3.05 2.90 0.92   85 NA      23          NA   15   0
# 2026-01-17 06:57:00 -03: Iteration 9 of 9
# experimentsUsed: 2724
# remainingBudget: 26
# currentBudget: 26
# nbConfigurations: 6
# Markers:
     x No test is performed.
     c Configurations are discarded only due to capping.
     - The test is performed and some configurations are discarded.
     = The test is performed but no configuration is discarded.
     ! The test is performed and configurations could be discarded but elite configurations are preserved.
     . All alive configurations are elite and nothing is discarded.

+-+-----------+-----------+-----------+----------------+-----------+--------+-----+----+------+
| |   Instance|      Alive|       Best|       Mean best| Exp so far|  W time|  rho|KenW|  Qvar|
+-+-----------+-----------+-----------+----------------+-----------+--------+-----+----+------+
|x|         21|          6|        339|     32479810.00|          6|00:00:24|   NA|  NA|    NA|
|x|         16|          6|        339|     32593058.00|          7|00:00:18|+0.54|0.77|0.0485|
|x|          6|          6|        409|     32520612.00|          8|00:00:15|+0.31|0.54|0.0472|
|x|         18|          6|        339|     32529770.75|          9|00:00:15|+0.43|0.57|0.0398|
|-|         19|          5|        409|     32585335.80|         10|00:00:17|+0.11|0.29|0.7704|
|.|         12|          5|        409|     32578621.00|         10|00:00:00|+0.05|0.21|0.8089|
|.|          8|          5|        409|     32600259.43|         10|00:00:00|+0.09|0.22|0.7820|
|.|         17|          5|        409|     32641935.88|         10|00:00:00|+0.07|0.18|0.8156|
|.|          9|          5|        409|     32650985.22|         10|00:00:00|+0.00|0.11|0.8346|
|.|          5|          5|        409|     32630551.50|         10|00:00:00|-0.04|0.07|0.8560|
|.|         10|          5|        409|     32616685.00|         10|00:00:00|-0.02|0.07|0.8375|
|.|          3|          5|        409|     32594509.83|         10|00:00:00|+0.01|0.09|0.8077|
|.|         11|          5|        409|     32595094.69|         10|00:00:00|+0.02|0.09|0.7967|
|.|         20|          5|        409|     32613511.50|         10|00:00:00|-0.02|0.05|0.8208|
|.|          4|          5|        409|     32599570.73|         10|00:00:00|-0.00|0.06|0.8067|
|.|         15|          5|        409|     32602733.19|         10|00:00:00|-0.00|0.06|0.8091|
|.|          1|          5|        409|     32620841.41|         10|00:00:00|-0.01|0.05|0.8175|
|.|         13|          5|        409|     32633006.39|         10|00:00:00|-0.00|0.05|0.8150|
|.|          7|          5|        409|     32636450.53|         10|00:00:00|-0.02|0.04|0.8181|
|.|         14|          5|        409|     32620934.90|         10|00:00:00|-0.01|0.04|0.8165|
|.|          2|          5|        409|     32611687.00|         10|00:00:00|-0.02|0.02|0.8250|
+-+-----------+-----------+-----------+----------------+-----------+--------+-----+----+------+
Best-so-far configuration:         409    mean value:      32611687.00
Description of the best-so-far configuration:
    .ID. algorithm localsearch alpha beta  rho ants q0 rasrank elitistants nnls
409  409       ras           3  2.78 3.29 0.77   76 NA      12          NA   17
    dlb .PARENT.
409   0      367

# 2026-01-17 06:58:32 -03: Elite configurations (first number is the configuration ID; listed from best to worst according to the sum of ranks):
    algorithm localsearch alpha beta  rho ants q0 rasrank elitistants nnls dlb
409       ras           3  2.78 3.29 0.77   76 NA      12          NA   17   0
339       ras           3  2.51 1.79 0.88   96 NA      15          NA   26   1
412       ras           3  2.49 0.53 0.70   64 NA      23          NA   46   1
410       ras           3  2.43 1.82 0.85   96 NA      15          NA   27   1
367       ras           3  3.05 2.90 0.92   85 NA      23          NA   15   0
# 2026-01-17 06:58:32 -03: Stopped because there is not enough budget left to race more than the minimum (5).
# You may either increase the budget or set 'minNbSurvival' to a lower value.
# Iteration: 10
# nbIterations: 10
# experimentsUsed: 2734
# timeUsed: 0
# remainingBudget: 16
# currentBudget: 16
# number of elites: 5
# nbConfigurations: 5
# Total CPU user time: 88946.65, CPU sys time: 272.218, Wall-clock time: 11833.44
# 2026-01-17 06:58:32 -03: Starting post-selection:
# Configurations selected: 409, 339, 412, 410, 367, 335, 384.
# Pending instances: 1, 1, 1, 1, 1, 5, 5.
# 2026-01-17 06:58:32 -03: seed: 1900393
# Configurations: 7
# Available experiments: 16
# minSurvival: 1
# Markers:
     x No test is performed.
     c Configurations are discarded only due to capping.
     - The test is performed and some configurations are discarded.
     = The test is performed but no configuration is discarded.
     ! The test is performed and configurations could be discarded but elite configurations are preserved.
     . All alive configurations are elite and nothing is discarded.

+-+-----------+-----------+-----------+----------------+-----------+--------+-----+----+------+
| |   Instance|      Alive|       Best|       Mean best| Exp so far|  W time|  rho|KenW|  Qvar|
+-+-----------+-----------+-----------+----------------+-----------+--------+-----+----+------+
|.|          6|          7|        412|     32363769.00|          0|00:00:00|   NA|  NA|    NA|
|.|         10|          7|        412|     32452281.00|          0|00:00:00|-0.14|0.43|0.8299|
|x|         21|          7|        409|     32442782.33|          2|00:00:30|+0.06|0.37|0.7193|
|.|         17|          7|        409|     32565504.50|          2|00:00:00|-0.15|0.13|0.9757|
|.|         15|          7|        409|     32582437.60|          2|00:00:00|-0.09|0.13|0.9736|
|.|          8|          7|        409|     32607046.33|          2|00:00:00|-0.02|0.15|0.9348|
|.|         16|          7|        409|     32621969.57|          2|00:00:00|-0.03|0.11|0.9233|
|.|         13|          7|        409|     32649199.75|          2|00:00:00|-0.00|0.12|0.9002|
|.|          4|          7|        409|     32621999.78|          2|00:00:00|+0.02|0.13|0.8763|
|x|         19|          7|        339|     32637361.30|          4|00:00:27|+0.02|0.12|0.8824|
|x|         20|          7|        339|     32662728.27|          6|00:00:27|-0.02|0.07|0.9118|
|x|         18|          7|        339|     32652382.42|          8|00:00:24|+0.02|0.11|0.8818|
|.|          5|          7|        339|     32637828.85|          8|00:00:00|+0.02|0.09|0.8857|
|.|          3|          7|        339|     32618692.43|          8|00:00:00|+0.03|0.09|0.8730|
|.|         11|          7|        339|     32613582.93|          8|00:00:00|+0.03|0.09|0.8653|
|.|          9|          7|        339|     32619938.94|          8|00:00:00|+0.00|0.06|0.8763|
|.|          2|          7|        339|     32612408.12|          8|00:00:00|-0.01|0.05|0.8897|
|.|          1|          7|        339|     32630751.44|          8|00:00:00|-0.02|0.04|0.8937|
|.|         12|          7|        339|     32626515.26|          8|00:00:00|-0.01|0.04|0.8874|
|.|         14|          7|        339|     32615649.45|          8|00:00:00|+0.01|0.06|0.8770|
|.|          7|          7|        339|     32618020.00|          8|00:00:00|-0.01|0.04|0.8835|
|=|         22|          7|        409|     32613776.09|         15|00:00:32|-0.01|0.04|0.8755|
+-+-----------+-----------+-----------+----------------+-----------+--------+-----+----+------+
Best-so-far configuration:         409    mean value:      32613776.09
Description of the best-so-far configuration:
    .ID. algorithm localsearch alpha beta  rho ants q0 rasrank elitistants nnls
409  409       ras           3  2.78 3.29 0.77   76 NA      12          NA   17
    dlb .PARENT.
409   0      367

# 2026-01-17 07:00:54 -03: Elite configurations (first number is the configuration ID; listed from best to worst according to the sum of ranks):
    algorithm localsearch alpha beta  rho ants q0 rasrank elitistants nnls dlb
409       ras           3  2.78 3.29 0.77   76 NA      12          NA   17   0
412       ras           3  2.49 0.53 0.70   64 NA      23          NA   46   1
339       ras           3  2.51 1.79 0.88   96 NA      15          NA   26   1
410       ras           3  2.43 1.82 0.85   96 NA      15          NA   27   1
367       ras           3  3.05 2.90 0.92   85 NA      23          NA   15   0
# Total CPU user time: 89253.79, CPU sys time: 273.65, Wall-clock time: 11975
    .ID. algorithm localsearch alpha beta  rho ants q0 rasrank elitistants nnls
409  409       ras           3  2.78 3.29 0.77   76 NA      12          NA   17
412  412       ras           3  2.49 0.53 0.70   64 NA      23          NA   46
339  339       ras           3  2.51 1.79 0.88   96 NA      15          NA   26
410  410       ras           3  2.43 1.82 0.85   96 NA      15          NA   27
367  367       ras           3  3.05 2.90 0.92   85 NA      23          NA   15
    dlb .PARENT. .RANK.   .WEIGHT.
409   0      367     77 0.33333333
412   1      326     79 0.26666667
339   1      275     81 0.20000000
410   1      339     87 0.13333333
367   0      290     96 0.06666667
