# 2026-01-27 00:38:00 -03: Reading parameter file '/home/pestobar/Activities/irace-executions/PSO-X/Scenarios/BH-65/Runs/BH-65_seed_2000419/parameters.txt'.
# 2026-01-27 00:38:00 -03: 2 expression(s) specifying forbidden configurations read.
# 2026-01-27 00:38:00 -03: Initialization
# Elitist race
# Elitist new instances: 1
# Elitist limit: 2
# nbIterations: 5
# minNbSurvival: 5
# nbParameters: 8
# seed: 2000419
# confidence level: 0.95
# budget: 4000
# mu: 5
# deterministic: FALSE

# 2026-01-27 00:38:00 -03: Iteration 1 of 5
# experimentsUsed: 0
# remainingBudget: 4000
# currentBudget: 800
# nbConfigurations: 65
# Markers:
     x No test is performed.
     c Configurations are discarded only due to capping.
     - The test is performed and some configurations are discarded.
     = The test is performed but no configuration is discarded.
     ! The test is performed and configurations could be discarded but elite configurations are preserved.
     . All alive configurations are elite and nothing is discarded.

+-+-----------+-----------+-----------+----------------+-----------+--------+-----+----+------+
| |   Instance|      Alive|       Best|       Mean best| Exp so far|  W time|  rho|KenW|  Qvar|
+-+-----------+-----------+-----------+----------------+-----------+--------+-----+----+------+
|x|          1|         65|         59|     85.36168961|         65|00:00:40|   NA|  NA|    NA|
|x|          2|         65|         59|     44.56561227|        130|00:00:40|+0.96|0.98|0.0395|
|x|          3|         65|         10|     5660.452840|        195|00:00:43|+0.56|0.71|0.4542|
|x|          4|         65|         20|     4651.514621|        260|00:00:41|+0.39|0.55|0.4220|
|-|          5|         19|         41|     19719.93046|        325|00:00:40|+0.02|0.22|0.9377|
|=|          6|         19|         41|     19302.13744|        344|00:00:05|+0.02|0.18|0.9146|
|=|          7|         19|         10|     17307.31206|        363|00:01:07|+0.02|0.16|0.9230|
+-+-----------+-----------+-----------+----------------+-----------+--------+-----+----+------+
Best-so-far configuration:          10    mean value:      17307.31206
Description of the best-so-far configuration:
   .ID. particles topology modInfluence branching tSchedule phi1 phi2 inertia
10   10        36        0            0        NA        NA 0.82 1.91    0.41
   .PARENT.
10       NA

# 2026-01-27 00:42:40 -03: Elite configurations (first number is the configuration ID; listed from best to worst according to the sum of ranks):
   particles topology modInfluence branching tSchedule phi1 phi2 inertia
10        36        0            0        NA        NA 0.82 1.91    0.41
41       120        0            0        NA        NA 1.57 1.63    0.12
56        39        4            0        NA        NA 1.33 2.18    0.48
39       158        1            0        NA        NA 2.03 1.79    0.17
65        78        1            2        NA        NA 1.70 2.36    0.49
# 2026-01-27 00:42:40 -03: Iteration 2 of 5
# experimentsUsed: 363
# remainingBudget: 3637
# currentBudget: 909
# nbConfigurations: 65
# Markers:
     x No test is performed.
     c Configurations are discarded only due to capping.
     - The test is performed and some configurations are discarded.
     = The test is performed but no configuration is discarded.
     ! The test is performed and configurations could be discarded but elite configurations are preserved.
     . All alive configurations are elite and nothing is discarded.

+-+-----------+-----------+-----------+----------------+-----------+--------+-----+----+------+
| |   Instance|      Alive|       Best|       Mean best| Exp so far|  W time|  rho|KenW|  Qvar|
+-+-----------+-----------+-----------+----------------+-----------+--------+-----+----+------+
|x|          8|         65|         74|     20.88639988|         65|00:00:46|   NA|  NA|    NA|
|x|          5|         65|         10|     43487.03354|        125|00:00:46|+0.49|0.74|0.2168|
|x|          2|         65|         41|     27110.72133|        185|00:00:46|+0.66|0.77|0.2225|
|x|          4|         65|         41|     20336.58651|        245|00:00:45|+0.52|0.64|0.1947|
|-|          6|         24|        103|     19710.52095|        305|00:00:48|-0.01|0.19|0.9840|
|=|          1|         24|        103|     16447.18624|        324|00:00:09|-0.02|0.15|0.8848|
|=|          3|         24|        103|     16587.29087|        343|00:00:09|-0.01|0.13|0.8993|
|=|          7|         24|         10|     15146.65133|        362|00:01:13|+0.02|0.14|0.9069|
|=|          9|         24|        103|     13829.01105|        386|00:00:10|+0.03|0.14|0.9075|
+-+-----------+-----------+-----------+----------------+-----------+--------+-----+----+------+
Best-so-far configuration:         103    mean value:      13829.01105
Description of the best-so-far configuration:
    .ID. particles topology modInfluence branching tSchedule phi1 phi2 inertia
103  103        59        5            0        NA         5 2.12 2.22    0.21
    .PARENT.
103       56

# 2026-01-27 00:48:16 -03: Elite configurations (first number is the configuration ID; listed from best to worst according to the sum of ranks):
    particles topology modInfluence branching tSchedule phi1 phi2 inertia
103        59        5            0        NA         5 2.12 2.22    0.21
122        72        0            0        NA        NA 2.46 1.88    0.49
75        112        4            0        NA        NA 1.19 2.22    0.16
10         36        0            0        NA        NA 0.82 1.91    0.41
56         39        4            0        NA        NA 1.33 2.18    0.48
# 2026-01-27 00:48:16 -03: Iteration 3 of 5
# experimentsUsed: 749
# remainingBudget: 3251
# currentBudget: 1083
# nbConfigurations: 65
# Markers:
     x No test is performed.
     c Configurations are discarded only due to capping.
     - The test is performed and some configurations are discarded.
     = The test is performed but no configuration is discarded.
     ! The test is performed and configurations could be discarded but elite configurations are preserved.
     . All alive configurations are elite and nothing is discarded.

+-+-----------+-----------+-----------+----------------+-----------+--------+-----+----+------+
| |   Instance|      Alive|       Best|       Mean best| Exp so far|  W time|  rho|KenW|  Qvar|
+-+-----------+-----------+-----------+----------------+-----------+--------+-----+----+------+
|x|         10|         65|        173|    0.2363594219|         65|00:01:22|   NA|  NA|    NA|
|x|          1|         65|         75|     57.41540729|        125|00:00:27|+0.22|0.61|0.8417|
|x|          2|         65|        175|     44.46633626|        185|00:00:28|+0.47|0.65|0.5678|
|x|          9|         65|        103|     1892.721696|        245|00:00:29|+0.51|0.63|0.4147|
|-|          8|         32|        141|     1555.681172|        305|00:00:27|-0.11|0.11|1.0023|
|=|          5|         32|        103|     14923.94343|        332|00:00:08|-0.07|0.10|1.0183|
|=|          7|         32|        170|     14047.99253|        359|00:01:44|-0.04|0.11|0.9547|
|=|          4|         32|        170|     12293.75239|        386|00:00:08|-0.03|0.10|0.9559|
|=|          3|         32|        170|     12751.38168|        413|00:00:09|-0.02|0.09|0.9290|
|=|          6|         32|        170|     13158.10300|        440|00:00:09|+0.01|0.11|0.8887|
|=|         11|         32|        170|     11961.94430|        472|00:00:09|+0.01|0.10|0.9156|
+-+-----------+-----------+-----------+----------------+-----------+--------+-----+----+------+
Best-so-far configuration:         170    mean value:      11961.94430
Description of the best-so-far configuration:
    .ID. particles topology modInfluence branching tSchedule phi1 phi2 inertia
170  170       103        4            0        NA        NA    1 2.03     0.2
    .PARENT.
170       75

# 2026-01-27 00:54:03 -03: Elite configurations (first number is the configuration ID; listed from best to worst according to the sum of ranks):
    particles topology modInfluence branching tSchedule phi1 phi2 inertia
170       103        4            0        NA        NA 1.00 2.03    0.20
103        59        5            0        NA         5 2.12 2.22    0.21
75        112        4            0        NA        NA 1.19 2.22    0.16
152        87        4            0        NA        NA 2.37 2.07    0.44
166        60        4            0        NA        NA 1.07 2.07    0.28
# 2026-01-27 00:54:03 -03: Iteration 4 of 5
# experimentsUsed: 1221
# remainingBudget: 2779
# currentBudget: 1389
# nbConfigurations: 65
# Markers:
     x No test is performed.
     c Configurations are discarded only due to capping.
     - The test is performed and some configurations are discarded.
     = The test is performed but no configuration is discarded.
     ! The test is performed and configurations could be discarded but elite configurations are preserved.
     . All alive configurations are elite and nothing is discarded.

+-+-----------+-----------+-----------+----------------+-----------+--------+-----+----+------+
| |   Instance|      Alive|       Best|       Mean best| Exp so far|  W time|  rho|KenW|  Qvar|
+-+-----------+-----------+-----------+----------------+-----------+--------+-----+----+------+
|x|         12|         65|        225|     30.25502091|         65|00:01:48|   NA|  NA|    NA|
|x|          1|         65|        195|     68.89715326|        125|00:00:09|+0.21|0.60|0.4086|
|x|         10|         65|        236|     45.08664293|        185|00:01:06|+0.34|0.56|0.4437|
|x|          4|         65|        236|     36.78064495|        245|00:00:09|+0.29|0.47|0.3773|
|-|          7|         25|        195|     212.2376203|        305|00:03:27|-0.02|0.19|1.0398|
|=|          2|         25|        195|     177.5219588|        325|00:00:02|+0.01|0.18|1.0218|
|=|          8|         25|        195|     156.6841998|        345|00:00:02|-0.00|0.14|1.0266|
|=|          6|         25|        195|     2133.496901|        365|00:00:03|+0.02|0.14|1.0032|
|=|          3|         25|        195|     3809.612406|        385|00:00:03|+0.03|0.14|0.9869|
|=|         11|         25|        195|     3428.682622|        405|00:00:02|+0.04|0.13|0.9702|
|=|          5|         25|        195|     11464.66044|        425|00:00:02|+0.05|0.13|0.9540|
|-|          9|         15|        195|     11145.23263|        445|00:00:03|-0.04|0.05|0.9582|
|=|         13|         15|        192|     12614.77012|        460|00:00:03|-0.02|0.06|0.9433|
|=|         14|         15|        195|     9561.219495|        475|00:00:02|-0.02|0.05|0.9490|
+-+-----------+-----------+-----------+----------------+-----------+--------+-----+----+------+
Best-so-far configuration:         195    mean value:      9561.219495
Description of the best-so-far configuration:
    .ID. particles topology modInfluence branching tSchedule phi1 phi2 inertia
195  195        92        4            0        NA        NA 1.73 2.46    0.31
    .PARENT.
195       75

# 2026-01-27 01:01:12 -03: Elite configurations (first number is the configuration ID; listed from best to worst according to the sum of ranks):
    particles topology modInfluence branching tSchedule phi1 phi2 inertia
195        92        4            0        NA        NA 1.73 2.46    0.31
192        85        4            0        NA        NA 1.14 2.41    0.22
75        112        4            0        NA        NA 1.19 2.22    0.16
204       133        4            0        NA        NA 0.97 1.96    0.38
241        91        4            0        NA        NA 2.33 2.03    0.48
# 2026-01-27 01:01:12 -03: Iteration 5 of 5
# experimentsUsed: 1696
# remainingBudget: 2304
# currentBudget: 2304
# nbConfigurations: 65
# Markers:
     x No test is performed.
     c Configurations are discarded only due to capping.
     - The test is performed and some configurations are discarded.
     = The test is performed but no configuration is discarded.
     ! The test is performed and configurations could be discarded but elite configurations are preserved.
     . All alive configurations are elite and nothing is discarded.

+-+-----------+-----------+-----------+----------------+-----------+--------+-----+----+------+
| |   Instance|      Alive|       Best|       Mean best| Exp so far|  W time|  rho|KenW|  Qvar|
+-+-----------+-----------+-----------+----------------+-----------+--------+-----+----+------+
|x|         15|         65|        295|     4.214179685|         65|00:00:08|   NA|  NA|    NA|
|x|         12|         65|        267|     17.43749119|        125|00:01:33|-0.01|0.49|1.0341|
|x|          4|         65|        257|     16.42568319|        185|00:00:08|+0.22|0.48|0.7833|
|x|          1|         65|        267|     41.18206422|        245|00:00:08|+0.17|0.38|0.9119|
|-|          5|         41|        267|     19691.73920|        305|00:00:08|-0.05|0.16|1.0082|
|=|          3|         41|        275|     14615.03558|        341|00:00:07|-0.05|0.13|1.0044|
|=|          2|         41|        275|     12527.70547|        377|00:00:05|-0.01|0.14|0.9596|
|=|          7|         41|        275|     11075.62907|        413|00:02:17|-0.00|0.12|0.9063|
|=|         11|         41|        292|     11903.46775|        449|00:00:05|+0.01|0.12|0.8506|
|=|          8|         41|        275|     8862.802939|        485|00:00:05|+0.01|0.11|0.8085|
|=|          6|         41|        275|     9543.782934|        521|00:00:07|+0.02|0.11|0.7727|
|=|          9|         41|        275|     9359.189083|        557|00:00:06|+0.03|0.12|0.7325|
|-|         10|         15|        275|     8639.270429|        593|00:00:41|-0.03|0.05|0.9616|
|=|         14|         15|        275|     8022.935793|        603|00:00:01|-0.01|0.06|0.9478|
|=|         13|         15|        275|     7496.116842|        613|00:00:01|-0.03|0.04|0.9614|
|=|         16|         15|        275|     7027.666655|        628|00:00:02|-0.03|0.03|0.9498|
+-+-----------+-----------+-----------+----------------+-----------+--------+-----+----+------+
Best-so-far configuration:         275    mean value:      7027.666655
Description of the best-so-far configuration:
    .ID. particles topology modInfluence branching tSchedule phi1 phi2 inertia
275  275        80        4            0        NA        NA 1.65  2.5    0.27
    .PARENT.
275      195

# 2026-01-27 01:07:03 -03: Elite configurations (first number is the configuration ID; listed from best to worst according to the sum of ranks):
    particles topology modInfluence branching tSchedule phi1 phi2 inertia
275        80        4            0        NA        NA 1.65 2.50    0.27
257        91        4            0        NA        NA 1.38 2.47    0.26
195        92        4            0        NA        NA 1.73 2.46    0.31
192        85        4            0        NA        NA 1.14 2.41    0.22
292        91        4            0        NA        NA 1.11 2.23    0.25
# 2026-01-27 01:07:03 -03: Iteration 6 of 6
# experimentsUsed: 2324
# remainingBudget: 1676
# currentBudget: 1676
# nbConfigurations: 65
# Markers:
     x No test is performed.
     c Configurations are discarded only due to capping.
     - The test is performed and some configurations are discarded.
     = The test is performed but no configuration is discarded.
     ! The test is performed and configurations could be discarded but elite configurations are preserved.
     . All alive configurations are elite and nothing is discarded.

+-+-----------+-----------+-----------+----------------+-----------+--------+-----+----+------+
| |   Instance|      Alive|       Best|       Mean best| Exp so far|  W time|  rho|KenW|  Qvar|
+-+-----------+-----------+-----------+----------------+-----------+--------+-----+----+------+
|x|         17|         65|        192|    0.4166100583|         65|00:00:08|   NA|  NA|    NA|
|x|         10|         65|        275|    0.3885728262|        125|00:01:02|+0.17|0.59|0.8231|
|x|         16|         65|        318|    0.3411075948|        185|00:00:07|+0.10|0.40|0.9007|
|x|          2|         65|        275|     1.353963159|        245|00:00:08|+0.04|0.28|0.9348|
|=|         14|         65|        275|     3.200274410|        305|00:00:07|+0.06|0.25|0.9103|
|=|          3|         65|        275|     2626.618914|        365|00:00:10|+0.04|0.20|0.9322|
|=|         12|         65|        275|     2256.090116|        425|00:01:32|+0.02|0.16|0.9515|
|=|          8|         65|        275|     1976.846177|        485|00:00:08|+0.02|0.14|0.9588|
|=|          6|         65|        275|     3574.261367|        545|00:00:11|+0.03|0.14|0.9485|
|-|          9|         25|        275|     3949.700902|        605|00:00:09|-0.05|0.06|0.9932|
|=|         15|         25|        275|     3591.084564|        625|00:00:02|-0.03|0.07|0.9761|
|=|          5|         25|        275|     9273.737500|        645|00:00:02|-0.02|0.07|0.9634|
|=|          1|         25|        275|     8569.017457|        665|00:00:02|-0.01|0.07|0.9636|
|=|         11|         25|        275|     7957.006081|        685|00:00:02|-0.00|0.07|0.9608|
|=|          4|         25|        275|     7427.430082|        705|00:00:02|+0.01|0.07|0.9521|
|=|          7|         25|        275|     7020.159094|        725|00:01:10|-0.01|0.06|0.9585|
|=|         13|         25|        275|     6614.305708|        745|00:00:03|-0.00|0.06|0.9594|
|=|         18|         25|        275|     6263.259927|        770|00:00:03|-0.00|0.06|0.9567|
+-+-----------+-----------+-----------+----------------+-----------+--------+-----+----+------+
Best-so-far configuration:         275    mean value:      6263.259927
Description of the best-so-far configuration:
    .ID. particles topology modInfluence branching tSchedule phi1 phi2 inertia
275  275        80        4            0        NA        NA 1.65  2.5    0.27
    .PARENT.
275      195

# 2026-01-27 01:12:20 -03: Elite configurations (first number is the configuration ID; listed from best to worst according to the sum of ranks):
    particles topology modInfluence branching tSchedule phi1 phi2 inertia
275        80        4            0        NA        NA 1.65 2.50    0.27
359        87        4            0        NA        NA 1.31 2.43    0.19
257        91        4            0        NA        NA 1.38 2.47    0.26
192        85        4            0        NA        NA 1.14 2.41    0.22
346        88        4            0        NA        NA 1.43 2.39    0.26
# 2026-01-27 01:12:20 -03: There is not enough budget to enforce the value of nbConfigurations, returning to default behaviour nbConfigurations:52.
# Iteration: 7
# nbIterations: 7
# experimentsUsed: 3094
# timeUsed: 0
# remainingBudget: 906
# currentBudget: 906
# number of elites: 5
# nbConfigurations: 52
# 2026-01-27 01:12:20 -03: Iteration 7 of 7
# experimentsUsed: 3094
# remainingBudget: 906
# currentBudget: 906
# nbConfigurations: 52
# Markers:
     x No test is performed.
     c Configurations are discarded only due to capping.
     - The test is performed and some configurations are discarded.
     = The test is performed but no configuration is discarded.
     ! The test is performed and configurations could be discarded but elite configurations are preserved.
     . All alive configurations are elite and nothing is discarded.

+-+-----------+-----------+-----------+----------------+-----------+--------+-----+----+------+
| |   Instance|      Alive|       Best|       Mean best| Exp so far|  W time|  rho|KenW|  Qvar|
+-+-----------+-----------+-----------+----------------+-----------+--------+-----+----+------+
|x|         19|         52|        383|     33520.73929|         52|00:00:07|   NA|  NA|    NA|
|x|          8|         52|        382|     16886.27730|         99|00:00:06|+0.21|0.60|0.9756|
|x|         10|         52|        387|     12369.27877|        146|00:00:52|+0.08|0.39|0.9501|
|x|          5|         52|        275|     28205.43675|        193|00:00:06|+0.14|0.35|0.8613|
|-|          1|         29|        275|     22586.82479|        240|00:00:06|-0.02|0.18|0.9466|
|=|         16|         29|        383|     17865.43535|        264|00:00:03|-0.05|0.13|0.9880|
|=|         14|         29|        383|     15314.48020|        288|00:00:03|-0.00|0.14|0.9424|
|=|          4|         29|        383|     13401.89114|        312|00:00:03|+0.02|0.14|0.9472|
|=|         11|         29|        383|     11912.82579|        336|00:00:03|+0.00|0.11|0.9733|
|=|         18|         29|        383|     11895.38589|        360|00:00:03|-0.02|0.08|0.9936|
|=|          3|         29|        275|     11727.18558|        384|00:00:05|-0.01|0.08|0.9836|
|=|         13|         29|        275|     10759.97441|        408|00:00:04|-0.03|0.06|0.9953|
|=|         15|         29|        275|     9932.662623|        432|00:00:03|-0.02|0.06|0.9954|
|=|          9|         29|        275|     9746.662201|        456|00:00:04|-0.01|0.06|0.9846|
|=|         12|         29|        359|     11624.34941|        480|00:00:45|+0.01|0.07|0.9729|
|=|          7|         29|        359|     10954.72038|        504|00:01:39|-0.00|0.06|0.9772|
|=|          2|         29|        359|     10310.55045|        528|00:00:04|-0.00|0.06|0.9755|
|=|         17|         29|        359|     9737.774764|        552|00:00:03|+0.01|0.06|0.9670|
|=|          6|         29|        275|     8092.374775|        576|00:00:05|+0.01|0.07|0.9623|
|=|         20|         29|        275|     7736.214226|        605|00:00:03|+0.01|0.06|0.9640|
+-+-----------+-----------+-----------+----------------+-----------+--------+-----+----+------+
Best-so-far configuration:         275    mean value:      7736.214226
Description of the best-so-far configuration:
    .ID. particles topology modInfluence branching tSchedule phi1 phi2 inertia
275  275        80        4            0        NA        NA 1.65  2.5    0.27
    .PARENT.
275      195

# 2026-01-27 01:17:00 -03: Elite configurations (first number is the configuration ID; listed from best to worst according to the sum of ranks):
    particles topology modInfluence branching tSchedule phi1 phi2 inertia
275        80        4            0        NA        NA 1.65 2.50    0.27
359        87        4            0        NA        NA 1.31 2.43    0.19
257        91        4            0        NA        NA 1.38 2.47    0.26
192        85        4            0        NA        NA 1.14 2.41    0.22
382        80        4            0        NA        NA 1.55 2.47    0.28
# 2026-01-27 01:17:00 -03: There is not enough budget to enforce the value of nbConfigurations, returning to default behaviour nbConfigurations:19.
# Iteration: 8
# nbIterations: 8
# experimentsUsed: 3699
# timeUsed: 0
# remainingBudget: 301
# currentBudget: 301
# number of elites: 5
# nbConfigurations: 19
# 2026-01-27 01:17:00 -03: Iteration 8 of 8
# experimentsUsed: 3699
# remainingBudget: 301
# currentBudget: 301
# nbConfigurations: 19
# Markers:
     x No test is performed.
     c Configurations are discarded only due to capping.
     - The test is performed and some configurations are discarded.
     = The test is performed but no configuration is discarded.
     ! The test is performed and configurations could be discarded but elite configurations are preserved.
     . All alive configurations are elite and nothing is discarded.

+-+-----------+-----------+-----------+----------------+-----------+--------+-----+----+------+
| |   Instance|      Alive|       Best|       Mean best| Exp so far|  W time|  rho|KenW|  Qvar|
+-+-----------+-----------+-----------+----------------+-----------+--------+-----+----+------+
|x|         21|         19|        382|     75.51227068|         19|00:00:02|   NA|  NA|    NA|
|x|         13|         19|        416|     105.5378576|         33|00:00:02|-0.34|0.33|0.8264|
|x|          7|         19|        416|     373.3251658|         47|00:01:07|+0.01|0.34|0.8497|
|x|          8|         19|        416|     287.0524133|         61|00:00:02|+0.03|0.27|0.9335|
|=|         17|         19|        192|     230.9800772|         75|00:00:02|+0.02|0.22|0.9183|
|=|         19|         19|        192|     6515.959854|         89|00:00:02|+0.06|0.21|0.8990|
|=|         14|         19|        382|     4985.065977|        103|00:00:02|-0.03|0.12|0.9687|
|=|         18|         19|        382|     6012.839364|        117|00:00:02|-0.05|0.08|0.9918|
|=|         10|         19|        275|     4718.772622|        131|00:00:20|-0.05|0.06|0.9863|
|=|          2|         19|        275|     4247.267846|        145|00:00:02|-0.05|0.06|0.9807|
|=|          5|         19|        275|     10386.87257|        159|00:00:02|-0.02|0.07|0.9734|
|=|         20|         19|        275|     9602.063503|        173|00:00:02|-0.02|0.06|0.9583|
|=|         15|         19|        275|     8863.821786|        187|00:00:02|-0.01|0.07|0.9495|
|=|         16|         19|        275|     8230.756933|        201|00:00:02|-0.01|0.06|0.9423|
|=|          1|         19|        275|     7689.531601|        215|00:00:02|-0.00|0.07|0.9347|
|=|          4|         19|        275|     7209.771257|        229|00:00:02|+0.01|0.07|0.9317|
|=|         12|         19|        359|     9052.847619|        243|00:00:30|+0.01|0.06|0.9371|
|=|          9|         19|        275|     6817.661897|        257|00:00:03|+0.02|0.07|0.9293|
|=|          6|         19|        275|     7319.552476|        271|00:00:03|+0.02|0.07|0.9261|
|=|         11|         19|        275|     6953.617761|        285|00:00:02|+0.02|0.07|0.9325|
|=|          3|         19|        275|     7372.193683|        299|00:00:03|+0.03|0.07|0.9241|
+-+-----------+-----------+-----------+----------------+-----------+--------+-----+----+------+
Best-so-far configuration:         275    mean value:      7372.193683
Description of the best-so-far configuration:
    .ID. particles topology modInfluence branching tSchedule phi1 phi2 inertia
275  275        80        4            0        NA        NA 1.65  2.5    0.27
    .PARENT.
275      195

# 2026-01-27 01:19:46 -03: Elite configurations (first number is the configuration ID; listed from best to worst according to the sum of ranks):
    particles topology modInfluence branching tSchedule phi1 phi2 inertia
275        80        4            0        NA        NA 1.65 2.50    0.27
359        87        4            0        NA        NA 1.31 2.43    0.19
382        80        4            0        NA        NA 1.55 2.47    0.28
192        85        4            0        NA        NA 1.14 2.41    0.22
257        91        4            0        NA        NA 1.38 2.47    0.26
# 2026-01-27 01:19:46 -03: There is not enough budget to enforce the value of nbConfigurations, returning to default behaviour nbConfigurations:5.
# Iteration: 9
# nbIterations: 9
# experimentsUsed: 3998
# timeUsed: 0
# remainingBudget: 2
# currentBudget: 2
# number of elites: 5
# nbConfigurations: 5
# 2026-01-27 01:19:46 -03: Stopped because there is not enough budget left to race more than the minimum (5).
# You may either increase the budget or set 'minNbSurvival' to a lower value.
# Iteration: 9
# nbIterations: 9
# experimentsUsed: 3998
# timeUsed: 0
# remainingBudget: 2
# currentBudget: 2
# number of elites: 5
# nbConfigurations: 5
# Total CPU user time: 20597.91, CPU sys time: 196.002, Wall-clock time: 2506.327
# 2026-01-27 01:19:46 -03: Starting post-selection:
# Configurations selected: 275, 359.
# Pending instances: 0, 0.
# 2026-01-27 01:19:46 -03: seed: 2000419
# Configurations: 2
# Available experiments: 2
# minSurvival: 1
# Markers:
     x No test is performed.
     c Configurations are discarded only due to capping.
     - The test is performed and some configurations are discarded.
     = The test is performed but no configuration is discarded.
     ! The test is performed and configurations could be discarded but elite configurations are preserved.
     . All alive configurations are elite and nothing is discarded.

+-+-----------+-----------+-----------+----------------+-----------+--------+-----+----+------+
| |   Instance|      Alive|       Best|       Mean best| Exp so far|  W time|  rho|KenW|  Qvar|
+-+-----------+-----------+-----------+----------------+-----------+--------+-----+----+------+
|.|          1|          2|        359|     99.95679939|          0|00:00:00|   NA|  NA|    NA|
|.|         20|          2|        359|     887.4541717|          0|00:00:00|-1.00|0.00|1.0000|
|.|          6|          2|        359|     6157.220004|          0|00:00:00|-0.33|0.11|0.6667|
|.|         13|          2|        359|     4640.961766|          0|00:00:00|-0.33|0.00|0.6667|
|.|         16|          2|        359|     3712.820912|          0|00:00:00|-0.20|0.04|0.6000|
|.|          5|          2|        359|     20434.13873|          0|00:00:00|-0.20|0.00|0.6000|
|.|         18|          2|        359|     18845.56419|          0|00:00:00|-0.14|0.02|0.5714|
|.|          8|          2|        359|     16493.39814|          0|00:00:00|-0.07|0.06|0.5357|
|.|         14|          2|        359|     14663.28087|          0|00:00:00|+0.00|0.11|0.5000|
|.|         10|          2|        359|     13196.99375|          0|00:00:00|+0.07|0.16|0.4667|
|.|          7|          2|        359|     12080.02024|          0|00:00:00|-0.02|0.07|0.5091|
|.|         15|          2|        359|     11073.71705|          0|00:00:00|-0.06|0.03|0.5303|
|.|          2|          2|        359|     10222.18739|          0|00:00:00|-0.03|0.05|0.5128|
|.|         17|          2|        359|     9492.073155|          0|00:00:00|+0.01|0.08|0.4945|
|.|         12|          2|        359|     8861.316984|          0|00:00:00|-0.03|0.04|0.5143|
|.|          4|          2|        359|     8308.264189|          0|00:00:00|-0.05|0.02|0.5250|
|.|         11|          2|        359|     7819.597439|          0|00:00:00|-0.03|0.03|0.5147|
|.|         19|          2|        359|     9471.036881|          0|00:00:00|-0.05|0.01|0.5229|
|.|          3|          2|        359|     9805.083609|          0|00:00:00|-0.03|0.02|0.5146|
|.|          9|          2|        359|     9682.582448|          0|00:00:00|-0.01|0.04|0.5053|
|.|         21|          2|        359|     9227.098845|          0|00:00:00|+0.01|0.06|0.4952|
|=|         22|          2|        275|     743341.1743|          2|00:00:01|-0.01|0.03|0.5065|
+-+-----------+-----------+-----------+----------------+-----------+--------+-----+----+------+
Best-so-far configuration:         275    mean value:      743341.1743
Description of the best-so-far configuration:
    .ID. particles topology modInfluence branching tSchedule phi1 phi2 inertia
275  275        80        4            0        NA        NA 1.65  2.5    0.27
    .PARENT.
275      195

# 2026-01-27 01:19:48 -03: Elite configurations (first number is the configuration ID; listed from best to worst according to the sum of ranks):
    particles topology modInfluence branching tSchedule phi1 phi2 inertia
275        80        4            0        NA        NA 1.65 2.50    0.27
359        87        4            0        NA        NA 1.31 2.43    0.19
# Total CPU user time: 20600.68, CPU sys time: 196.111, Wall-clock time: 2507.795
    .ID. particles topology modInfluence branching tSchedule phi1 phi2 inertia
275  275        80        4            0        NA        NA 1.65 2.50    0.27
359  359        87        4            0        NA        NA 1.31 2.43    0.19
    .PARENT. .RANK.  .WEIGHT.
275      195     31 0.6666667
359      257     35 0.3333333
