# 2026-01-26 13:33:04 -03: Reading parameter file '/home/pestobar/Activities/irace-executions/PSO-X/Scenarios/BH-65/Runs/BH-65_seed_100003/parameters.txt'.
# 2026-01-26 13:33:04 -03: 2 expression(s) specifying forbidden configurations read.
# 2026-01-26 13:33:04 -03: Initialization
# Elitist race
# Elitist new instances: 1
# Elitist limit: 2
# nbIterations: 5
# minNbSurvival: 5
# nbParameters: 8
# seed: 100003
# confidence level: 0.95
# budget: 4000
# mu: 5
# deterministic: FALSE

# 2026-01-26 13:33:04 -03: Iteration 1 of 5
# experimentsUsed: 0
# remainingBudget: 4000
# currentBudget: 800
# nbConfigurations: 65
# Markers:
     x No test is performed.
     c Configurations are discarded only due to capping.
     - The test is performed and some configurations are discarded.
     = The test is performed but no configuration is discarded.
     ! The test is performed and configurations could be discarded but elite configurations are preserved.
     . All alive configurations are elite and nothing is discarded.

+-+-----------+-----------+-----------+----------------+-----------+--------+-----+----+------+
| |   Instance|      Alive|       Best|       Mean best| Exp so far|  W time|  rho|KenW|  Qvar|
+-+-----------+-----------+-----------+----------------+-----------+--------+-----+----+------+
|x|          1|         65|          4|    0.2581138575|         65|00:00:35|   NA|  NA|    NA|
|x|          2|         65|         58|     99.58011672|        130|00:03:57|+0.40|0.70|0.3283|
|x|          3|         65|         13|     121.5575297|        195|00:00:36|+0.45|0.64|0.2727|
|x|          4|         65|         58|     4362.258054|        260|00:00:38|+0.38|0.54|0.4721|
|-|          5|         33|         42|     3628.507458|        325|00:04:02|-0.10|0.12|0.9259|
|=|          6|         33|         63|     3038.352044|        358|00:00:22|-0.08|0.10|0.8953|
|=|          7|         33|         63|     2604.918636|        391|00:00:23|-0.02|0.13|0.8465|
+-+-----------+-----------+-----------+----------------+-----------+--------+-----+----+------+
Best-so-far configuration:          63    mean value:      2604.918636
Description of the best-so-far configuration:
   .ID. particles topology modInfluence branching tSchedule phi1 phi2 inertia
63   63       102        1            0        NA        NA 1.32  1.8    0.47
   .PARENT.
63       NA

# 2026-01-26 13:43:41 -03: Elite configurations (first number is the configuration ID; listed from best to worst according to the sum of ranks):
   particles topology modInfluence branching tSchedule phi1 phi2 inertia
63       102        1            0        NA        NA 1.32 1.80    0.47
64         3        5            2        NA        10 0.07 0.55    0.02
6         11        4            1        NA        NA 1.49 0.92    0.56
42       200        1            0        NA        NA 0.44 2.44    0.49
14        23        2            0        NA        NA 1.65 1.39    0.73
# 2026-01-26 13:43:41 -03: Iteration 2 of 5
# experimentsUsed: 391
# remainingBudget: 3609
# currentBudget: 902
# nbConfigurations: 65
# Markers:
     x No test is performed.
     c Configurations are discarded only due to capping.
     - The test is performed and some configurations are discarded.
     = The test is performed but no configuration is discarded.
     ! The test is performed and configurations could be discarded but elite configurations are preserved.
     . All alive configurations are elite and nothing is discarded.

+-+-----------+-----------+-----------+----------------+-----------+--------+-----+----+------+
| |   Instance|      Alive|       Best|       Mean best| Exp so far|  W time|  rho|KenW|  Qvar|
+-+-----------+-----------+-----------+----------------+-----------+--------+-----+----+------+
|x|          8|         65|        118|    0.5000603247|         65|00:00:39|   NA|  NA|    NA|
|x|          5|         65|        118|     265.6583874|        125|00:03:51|+0.52|0.76|0.4407|
|x|          1|         65|         83|     180.5766190|        185|00:00:40|+0.54|0.69|0.3235|
|x|          6|         65|         83|     135.9323451|        245|00:00:38|+0.60|0.70|0.3031|
|-|          7|         20|         83|     109.5729617|        305|00:00:40|+0.04|0.23|0.8062|
|=|          3|         20|        118|     118.3053407|        320|00:00:03|+0.07|0.23|0.8754|
|=|          4|         20|        118|     2567.880136|        335|00:00:04|-0.01|0.14|0.9347|
|=|          2|         20|        118|     2314.354884|        350|00:01:05|-0.05|0.08|0.9642|
|=|          9|         20|        107|     2729.100742|        370|00:01:07|-0.05|0.07|0.9635|
+-+-----------+-----------+-----------+----------------+-----------+--------+-----+----+------+
Best-so-far configuration:         107    mean value:      2729.100742
Description of the best-so-far configuration:
    .ID. particles topology modInfluence branching tSchedule phi1 phi2 inertia
107  107         4        1            1        NA        NA 0.65 1.74    0.02
    .PARENT.
107       63

# 2026-01-26 13:52:33 -03: Elite configurations (first number is the configuration ID; listed from best to worst according to the sum of ranks):
    particles topology modInfluence branching tSchedule phi1 phi2 inertia
107         4        1            1        NA        NA 0.65 1.74    0.02
118       174        0            0        NA        NA 1.95 2.17    0.38
97         73        4            0        NA        NA 1.18 2.27    0.24
84        142        0            0        NA        NA 2.10 1.25    0.30
114        21        5            1        NA        10 2.05 1.64    0.44
# 2026-01-26 13:52:33 -03: Iteration 3 of 5
# experimentsUsed: 761
# remainingBudget: 3239
# currentBudget: 1079
# nbConfigurations: 65
# Markers:
     x No test is performed.
     c Configurations are discarded only due to capping.
     - The test is performed and some configurations are discarded.
     = The test is performed but no configuration is discarded.
     ! The test is performed and configurations could be discarded but elite configurations are preserved.
     . All alive configurations are elite and nothing is discarded.

+-+-----------+-----------+-----------+----------------+-----------+--------+-----+----+------+
| |   Instance|      Alive|       Best|       Mean best| Exp so far|  W time|  rho|KenW|  Qvar|
+-+-----------+-----------+-----------+----------------+-----------+--------+-----+----+------+
|x|         10|         65|        141|     78.17202546|         65|00:00:35|   NA|  NA|    NA|
|x|          4|         65|        141|     8275.650027|        125|00:00:39|+0.42|0.71|0.5741|
|x|          7|         65|        148|     6252.001985|        185|00:00:33|+0.42|0.61|0.5638|
|x|          5|         65|        148|     4823.784486|        245|00:03:59|+0.47|0.60|0.5150|
|-|          6|         26|        141|     3417.506421|        305|00:00:34|-0.04|0.17|1.0156|
|=|          9|         26|        141|     2924.505050|        326|00:01:37|+0.00|0.17|0.9776|
|=|          8|         26|        141|     2506.788382|        347|00:00:03|+0.02|0.16|0.9231|
|=|          2|         26|        141|     2226.479232|        368|00:01:38|+0.01|0.13|0.9573|
|=|          3|         26|        141|     2002.232972|        389|00:00:05|+0.00|0.11|0.9429|
|=|          1|         26|        107|     2466.813984|        410|00:00:04|+0.02|0.11|0.9354|
|=|         11|         26|        107|     2242.585060|        436|00:00:03|+0.03|0.12|0.9373|
+-+-----------+-----------+-----------+----------------+-----------+--------+-----+----+------+
Best-so-far configuration:         107    mean value:      2242.585060
Description of the best-so-far configuration:
    .ID. particles topology modInfluence branching tSchedule phi1 phi2 inertia
107  107         4        1            1        NA        NA 0.65 1.74    0.02
    .PARENT.
107       63

# 2026-01-26 14:02:29 -03: Elite configurations (first number is the configuration ID; listed from best to worst according to the sum of ranks):
    particles topology modInfluence branching tSchedule phi1 phi2 inertia
107         4        1            1        NA        NA 0.65 1.74    0.02
141        23        1            0        NA        NA 1.96 2.36    0.25
127       138        4            0        NA        NA 1.70 2.10    0.52
183        15        4            1        NA        NA 2.14 2.00    0.37
148       177        0            0        NA        NA 2.16 2.11    0.44
# 2026-01-26 14:02:29 -03: Iteration 4 of 5
# experimentsUsed: 1197
# remainingBudget: 2803
# currentBudget: 1401
# nbConfigurations: 65
# Markers:
     x No test is performed.
     c Configurations are discarded only due to capping.
     - The test is performed and some configurations are discarded.
     = The test is performed but no configuration is discarded.
     ! The test is performed and configurations could be discarded but elite configurations are preserved.
     . All alive configurations are elite and nothing is discarded.

+-+-----------+-----------+-----------+----------------+-----------+--------+-----+----+------+
| |   Instance|      Alive|       Best|       Mean best| Exp so far|  W time|  rho|KenW|  Qvar|
+-+-----------+-----------+-----------+----------------+-----------+--------+-----+----+------+
|x|         12|         65|        214|     71.35792451|         65|00:00:29|   NA|  NA|    NA|
|x|          1|         65|        196|     187.3493927|        125|00:00:29|+0.13|0.57|0.0112|
|x|         10|         65|        217|     137.2209645|        185|00:00:28|+0.12|0.41|0.3140|
|x|          3|         65|        225|     97.67438275|        245|00:00:29|+0.10|0.32|0.2417|
|-|          6|         42|        225|     78.21640978|        305|00:00:28|-0.10|0.12|1.0260|
|=|          9|         42|        183|     809.7578231|        342|00:02:14|-0.08|0.10|1.0044|
|=|          4|         42|        196|     2514.261916|        379|00:00:08|-0.09|0.07|1.0309|
|=|          7|         42|        228|     3579.043062|        416|00:00:06|-0.06|0.07|1.0214|
|=|          8|         42|        228|     3181.419200|        453|00:00:05|-0.04|0.08|1.0096|
|=|          2|         42|        228|     2906.421730|        490|00:02:13|-0.01|0.09|0.9969|
|=|          5|         42|        228|     2750.855046|        527|00:02:16|-0.02|0.07|1.0020|
|=|         11|         42|        225|     2123.716569|        564|00:00:05|-0.01|0.07|0.9907|
|=|         13|         42|        196|     2662.703127|        606|00:00:08|-0.00|0.07|0.9814|
+-+-----------+-----------+-----------+----------------+-----------+--------+-----+----+------+
Best-so-far configuration:         196    mean value:      2662.703127
Description of the best-so-far configuration:
    .ID. particles topology modInfluence branching tSchedule phi1 phi2 inertia
196  196       149        4            0        NA        NA 1.24 2.43     0.4
    .PARENT.
196      127

# 2026-01-26 14:12:15 -03: Elite configurations (first number is the configuration ID; listed from best to worst according to the sum of ranks):
    particles topology modInfluence branching tSchedule phi1 phi2 inertia
196       149        4            0        NA        NA 1.24 2.43    0.40
214         4        1            0        NA        NA 1.72 2.03    0.10
127       138        4            0        NA        NA 1.70 2.10    0.52
228        21        4            1        NA        NA 2.15 1.99    0.31
141        23        1            0        NA        NA 1.96 2.36    0.25
# 2026-01-26 14:12:15 -03: Iteration 5 of 5
# experimentsUsed: 1803
# remainingBudget: 2197
# currentBudget: 2197
# nbConfigurations: 65
# Markers:
     x No test is performed.
     c Configurations are discarded only due to capping.
     - The test is performed and some configurations are discarded.
     = The test is performed but no configuration is discarded.
     ! The test is performed and configurations could be discarded but elite configurations are preserved.
     . All alive configurations are elite and nothing is discarded.

+-+-----------+-----------+-----------+----------------+-----------+--------+-----+----+------+
| |   Instance|      Alive|       Best|       Mean best| Exp so far|  W time|  rho|KenW|  Qvar|
+-+-----------+-----------+-----------+----------------+-----------+--------+-----+----+------+
|x|         14|         65|        305|     87971.22403|         65|00:00:25|   NA|  NA|    NA|
|x|         13|         65|        305|     51845.76065|        125|00:00:27|-0.27|0.36|0.7937|
|x|          5|         65|        305|     34746.68428|        185|00:03:40|-0.13|0.25|0.5431|
|x|          7|         65|        305|     26060.98601|        245|00:00:24|-0.17|0.12|0.5138|
|=|          6|         65|        305|     20865.43493|        305|00:00:24|-0.10|0.12|0.4610|
|=|          4|         65|        305|     20170.03007|        365|00:00:27|-0.07|0.11|0.4767|
|=|         12|         65|        196|     21384.20960|        425|00:00:24|-0.02|0.12|0.4490|
|=|          8|         65|        296|     31930.68464|        485|00:00:24|-0.00|0.12|0.4161|
|=|          1|         65|        196|     16632.28094|        545|00:00:25|-0.00|0.11|0.3852|
|=|          3|         65|        196|     14987.37882|        605|00:00:25|+0.00|0.10|0.3606|
|=|          9|         65|        196|     13668.15503|        665|00:03:41|+0.01|0.10|0.3886|
|=|         11|         65|        196|     12529.68398|        725|00:00:24|+0.02|0.10|0.3877|
|-|         10|         58|        196|     11575.89124|        785|00:00:25|-0.04|0.04|0.9994|
|=|          2|         58|        196|     10764.33791|        838|00:03:16|-0.02|0.05|0.9771|
|=|         15|         58|        196|     10046.74333|        896|00:00:08|-0.00|0.06|0.9561|
+-+-----------+-----------+-----------+----------------+-----------+--------+-----+----+------+
Best-so-far configuration:         196    mean value:      10046.74333
Description of the best-so-far configuration:
    .ID. particles topology modInfluence branching tSchedule phi1 phi2 inertia
196  196       149        4            0        NA        NA 1.24 2.43     0.4
    .PARENT.
196      127

# 2026-01-26 14:27:41 -03: Elite configurations (first number is the configuration ID; listed from best to worst according to the sum of ranks):
    particles topology modInfluence branching tSchedule phi1 phi2 inertia
196       149        4            0        NA        NA 1.24 2.43    0.40
304       144        4            0        NA        NA 1.09 2.46    0.41
265       120        4            0        NA        NA 1.44 2.35    0.54
305       149        4            0        NA        NA 1.24 2.45    0.42
298       145        4            0        NA        NA 1.70 2.07    0.50
# 2026-01-26 14:27:41 -03: Iteration 6 of 6
# experimentsUsed: 2699
# remainingBudget: 1301
# currentBudget: 1301
# nbConfigurations: 65
# Markers:
     x No test is performed.
     c Configurations are discarded only due to capping.
     - The test is performed and some configurations are discarded.
     = The test is performed but no configuration is discarded.
     ! The test is performed and configurations could be discarded but elite configurations are preserved.
     . All alive configurations are elite and nothing is discarded.

+-+-----------+-----------+-----------+----------------+-----------+--------+-----+----+------+
| |   Instance|      Alive|       Best|       Mean best| Exp so far|  W time|  rho|KenW|  Qvar|
+-+-----------+-----------+-----------+----------------+-----------+--------+-----+----+------+
|x|         16|         65|        314|     4.515624671|         65|00:00:08|   NA|  NA|    NA|
|x|          9|         65|        327|     197.3353308|        125|00:03:22|+0.23|0.61|0.8834|
|x|         12|         65|        335|     273.4846312|        185|00:00:07|+0.20|0.47|0.9337|
|x|         14|         65|        196|     29235.34701|        245|00:00:08|+0.13|0.35|0.8995|
|=|         15|         65|        298|     29092.24667|        305|00:00:08|+0.06|0.25|0.9653|
|=|          1|         65|        298|     24243.58019|        365|00:00:08|+0.04|0.20|0.9610|
|=|         13|         65|        298|     23018.94652|        425|00:00:10|+0.02|0.16|0.9618|
|=|         11|         65|        298|     20142.60033|        485|00:00:07|+0.00|0.13|0.9777|
|=|          5|         65|        298|     17964.58351|        545|00:03:25|+0.01|0.12|0.9695|
|=|          3|         65|        298|     16185.57539|        605|00:00:10|+0.02|0.12|0.9533|
|=|          6|         65|        298|     14723.45803|        665|00:00:07|+0.01|0.10|0.9672|
|=|         10|         65|        331|     12285.97168|        725|00:00:08|+0.01|0.09|0.9700|
|=|          4|         65|        196|     11575.96563|        785|00:00:11|+0.01|0.09|0.9687|
|=|          2|         65|        196|     10764.40698|        845|00:03:22|+0.01|0.08|0.9738|
|=|          7|         65|        196|     10047.04972|        905|00:00:08|+0.01|0.08|0.9724|
|-|          8|         29|        196|     9419.160599|        965|00:00:07|-0.04|0.02|1.0023|
|=|         17|         29|        196|     8866.402086|        994|00:00:48|-0.03|0.03|0.9979|
|=|         18|         29|        196|     8379.978386|       1023|00:00:05|-0.02|0.03|0.9923|
+-+-----------+-----------+-----------+----------------+-----------+--------+-----+----+------+
Best-so-far configuration:         196    mean value:      8379.978386
Description of the best-so-far configuration:
    .ID. particles topology modInfluence branching tSchedule phi1 phi2 inertia
196  196       149        4            0        NA        NA 1.24 2.43     0.4
    .PARENT.
196      127

# 2026-01-26 14:40:38 -03: Elite configurations (first number is the configuration ID; listed from best to worst according to the sum of ranks):
    particles topology modInfluence branching tSchedule phi1 phi2 inertia
196       149        4            0        NA        NA 1.24 2.43    0.40
265       120        4            0        NA        NA 1.44 2.35    0.54
304       144        4            0        NA        NA 1.09 2.46    0.41
329       123        4            0        NA        NA 1.50 2.38    0.51
298       145        4            0        NA        NA 1.70 2.07    0.50
# 2026-01-26 14:40:38 -03: There is not enough budget to enforce the value of nbConfigurations, returning to default behaviour nbConfigurations:19.
# Iteration: 7
# nbIterations: 7
# experimentsUsed: 3722
# timeUsed: 0
# remainingBudget: 278
# currentBudget: 278
# number of elites: 5
# nbConfigurations: 19
# 2026-01-26 14:40:38 -03: Iteration 7 of 7
# experimentsUsed: 3722
# remainingBudget: 278
# currentBudget: 278
# nbConfigurations: 19
# Markers:
     x No test is performed.
     c Configurations are discarded only due to capping.
     - The test is performed and some configurations are discarded.
     = The test is performed but no configuration is discarded.
     ! The test is performed and configurations could be discarded but elite configurations are preserved.
     . All alive configurations are elite and nothing is discarded.

+-+-----------+-----------+-----------+----------------+-----------+--------+-----+----+------+
| |   Instance|      Alive|       Best|       Mean best| Exp so far|  W time|  rho|KenW|  Qvar|
+-+-----------+-----------+-----------+----------------+-----------+--------+-----+----+------+
|x|         19|         19|        376|     909.1679172|         19|00:01:07|   NA|  NA|    NA|
|x|          2|         19|        329|     567.2132022|         33|00:01:05|-0.32|0.34|1.1825|
|x|         16|         19|        196|     376.7224548|         47|00:00:02|-0.21|0.19|1.0640|
|x|         17|         19|        196|     288.1083107|         61|00:00:31|-0.14|0.15|1.0183|
|=|          8|         19|        329|     232.4701126|         75|00:00:02|-0.10|0.12|1.0134|
|=|         10|         19|        374|     210.4374099|         89|00:00:02|-0.08|0.10|1.0185|
|=|          7|         19|        374|     180.9578634|        103|00:00:02|-0.04|0.11|0.9687|
|=|         18|         19|        329|     174.1907517|        117|00:00:03|-0.04|0.09|0.9800|
|=|          1|         19|        196|     155.4107109|        131|00:00:02|-0.03|0.08|0.9758|
|=|          9|         19|        196|     187.4613514|        145|00:01:04|-0.03|0.08|0.9895|
|=|          6|         19|        196|     172.1026141|        159|00:00:02|-0.02|0.07|0.9897|
|=|          4|         19|        196|     1525.849418|        173|00:00:03|-0.01|0.08|0.9663|
|=|         12|         19|        196|     1437.281096|        187|00:00:02|+0.01|0.09|0.9498|
|=|          3|         19|        196|     1347.708140|        201|00:00:03|+0.00|0.07|0.9549|
|=|         15|         19|        196|     1257.888879|        215|00:00:02|+0.02|0.09|0.9358|
|=|          5|         19|        196|     1213.339886|        229|00:01:04|+0.02|0.08|0.9355|
|=|         13|         19|        196|     2097.536557|        243|00:00:03|+0.01|0.06|0.9470|
|=|         11|         19|        196|     1981.367999|        257|00:00:02|+0.01|0.07|0.9410|
|=|         14|         19|        196|     7986.853372|        271|00:00:02|+0.02|0.07|0.9405|
+-+-----------+-----------+-----------+----------------+-----------+--------+-----+----+------+
Best-so-far configuration:         196    mean value:      7986.853372
Description of the best-so-far configuration:
    .ID. particles topology modInfluence branching tSchedule phi1 phi2 inertia
196  196       149        4            0        NA        NA 1.24 2.43     0.4
    .PARENT.
196      127

# 2026-01-26 14:46:12 -03: Elite configurations (first number is the configuration ID; listed from best to worst according to the sum of ranks):
    particles topology modInfluence branching tSchedule phi1 phi2 inertia
196       149        4            0        NA        NA 1.24 2.43    0.40
265       120        4            0        NA        NA 1.44 2.35    0.54
329       123        4            0        NA        NA 1.50 2.38    0.51
304       144        4            0        NA        NA 1.09 2.46    0.41
366       118        4            0        NA        NA 1.50 2.42    0.51
# 2026-01-26 14:46:12 -03: There is not enough budget to enforce the value of nbConfigurations, returning to default behaviour nbConfigurations:5.
# Iteration: 8
# nbIterations: 8
# experimentsUsed: 3993
# timeUsed: 0
# remainingBudget: 7
# currentBudget: 7
# number of elites: 5
# nbConfigurations: 5
# 2026-01-26 14:46:12 -03: Stopped because there is not enough budget left to race more than the minimum (5).
# You may either increase the budget or set 'minNbSurvival' to a lower value.
# Iteration: 8
# nbIterations: 8
# experimentsUsed: 3993
# timeUsed: 0
# remainingBudget: 7
# currentBudget: 7
# number of elites: 5
# nbConfigurations: 5
# Total CPU user time: 35523.06, CPU sys time: 235.744, Wall-clock time: 4387.809
# 2026-01-26 14:46:12 -03: Starting post-selection:
# Configurations selected: 196, 265, 329, 304, 366, 298, 367.
# Pending instances: 0, 0, 0, 0, 0, 0, 0.
# 2026-01-26 14:46:12 -03: seed: 100003
# Configurations: 7
# Available experiments: 7
# minSurvival: 1
# Markers:
     x No test is performed.
     c Configurations are discarded only due to capping.
     - The test is performed and some configurations are discarded.
     = The test is performed but no configuration is discarded.
     ! The test is performed and configurations could be discarded but elite configurations are preserved.
     . All alive configurations are elite and nothing is discarded.

+-+-----------+-----------+-----------+----------------+-----------+--------+-----+----+------+
| |   Instance|      Alive|       Best|       Mean best| Exp so far|  W time|  rho|KenW|  Qvar|
+-+-----------+-----------+-----------+----------------+-----------+--------+-----+----+------+
|.|          8|          7|        329|    0.6988602443|          0|00:00:00|   NA|  NA|    NA|
|.|          5|          7|        329|     273.0002126|          0|00:00:00|-0.07|0.46|0.9147|
|.|         18|          7|        329|     212.8453391|          0|00:00:00|-0.21|0.19|1.1232|
|.|         11|          7|        329|     161.6524695|          0|00:00:00|-0.12|0.16|0.9888|
|.|         19|          7|        329|     311.2004340|          0|00:00:00|-0.09|0.13|0.9626|
|.|          4|          7|        329|     2909.525261|          0|00:00:00|+0.05|0.21|0.8411|
|.|         15|          7|        329|     2493.923635|          0|00:00:00|+0.14|0.26|0.7702|
|.|         12|          7|        329|     2199.605502|          0|00:00:00|+0.17|0.28|0.7386|
|.|          3|          7|        329|     1975.207228|          0|00:00:00|+0.12|0.22|0.7512|
|.|          6|          7|        329|     1782.421436|          0|00:00:00|+0.14|0.23|0.7392|
|.|         17|          7|        329|     1622.288958|          0|00:00:00|+0.10|0.18|0.7536|
|.|         13|          7|        329|     2871.968928|          0|00:00:00|+0.02|0.11|0.8227|
|.|          2|          7|        329|     2668.358557|          0|00:00:00|+0.01|0.09|0.8428|
|.|         14|          7|        329|     18141.32778|          0|00:00:00|-0.01|0.06|0.8641|
|.|         16|          7|        329|     16932.32334|          0|00:00:00|-0.00|0.07|0.8646|
|.|         10|          7|        329|     15882.48165|          0|00:00:00|-0.02|0.04|0.8831|
|.|          9|          7|        329|     14982.24282|          0|00:00:00|-0.02|0.04|0.8762|
|.|          1|          7|        329|     14149.91303|          0|00:00:00|-0.01|0.05|0.8748|
|.|          7|          7|        329|     13405.37990|          0|00:00:00|+0.01|0.06|0.8714|
|=|         20|          7|        196|     7602.845622|          7|00:00:34|+0.01|0.06|0.8706|
+-+-----------+-----------+-----------+----------------+-----------+--------+-----+----+------+
Best-so-far configuration:         196    mean value:      7602.845622
Description of the best-so-far configuration:
    .ID. particles topology modInfluence branching tSchedule phi1 phi2 inertia
196  196       149        4            0        NA        NA 1.24 2.43     0.4
    .PARENT.
196      127

# 2026-01-26 14:46:46 -03: Elite configurations (first number is the configuration ID; listed from best to worst according to the sum of ranks):
    particles topology modInfluence branching tSchedule phi1 phi2 inertia
196       149        4            0        NA        NA 1.24 2.43    0.40
265       120        4            0        NA        NA 1.44 2.35    0.54
329       123        4            0        NA        NA 1.50 2.38    0.51
304       144        4            0        NA        NA 1.09 2.46    0.41
366       118        4            0        NA        NA 1.50 2.42    0.51
# Total CPU user time: 35752.75, CPU sys time: 236.388, Wall-clock time: 4421.852
    .ID. particles topology modInfluence branching tSchedule phi1 phi2 inertia
196  196       149        4            0        NA        NA 1.24 2.43    0.40
265  265       120        4            0        NA        NA 1.44 2.35    0.54
329  329       123        4            0        NA        NA 1.50 2.38    0.51
304  304       144        4            0        NA        NA 1.09 2.46    0.41
366  366       118        4            0        NA        NA 1.50 2.42    0.51
    .PARENT. .RANK.   .WEIGHT.
196      127     69 0.33333333
265      127     73 0.26666667
329      265     74 0.20000000
304      196     80 0.13333333
366      329     81 0.06666667
