# 2026-01-26 20:23:52 -03: Reading parameter file '/home/pestobar/Activities/irace-executions/PSO-X/Scenarios/BH-65/Runs/BH-65_seed_1200239/parameters.txt'.
# 2026-01-26 20:23:52 -03: 2 expression(s) specifying forbidden configurations read.
# 2026-01-26 20:23:52 -03: Initialization
# Elitist race
# Elitist new instances: 1
# Elitist limit: 2
# nbIterations: 5
# minNbSurvival: 5
# nbParameters: 8
# seed: 1200239
# confidence level: 0.95
# budget: 4000
# mu: 5
# deterministic: FALSE

# 2026-01-26 20:23:53 -03: Iteration 1 of 5
# experimentsUsed: 0
# remainingBudget: 4000
# currentBudget: 800
# nbConfigurations: 65
# Markers:
     x No test is performed.
     c Configurations are discarded only due to capping.
     - The test is performed and some configurations are discarded.
     = The test is performed but no configuration is discarded.
     ! The test is performed and configurations could be discarded but elite configurations are preserved.
     . All alive configurations are elite and nothing is discarded.

+-+-----------+-----------+-----------+----------------+-----------+--------+-----+----+------+
| |   Instance|      Alive|       Best|       Mean best| Exp so far|  W time|  rho|KenW|  Qvar|
+-+-----------+-----------+-----------+----------------+-----------+--------+-----+----+------+
|x|          1|         65|          2|     7916.528878|         65|00:00:38|   NA|  NA|    NA|
|x|          2|         65|         15|     16538.17540|        130|00:00:38|+0.44|0.72|0.2969|
|x|          3|         65|         15|     11095.84851|        195|00:04:01|+0.51|0.67|0.4052|
|x|          4|         65|         33|     43071.46296|        260|00:00:38|+0.43|0.57|0.3568|
|-|          5|         34|         34|     34957.13766|        325|00:00:42|-0.11|0.11|1.0208|
|=|          6|         34|         15|     44782.31313|        359|00:00:10|-0.04|0.13|0.9416|
|=|          7|         34|         15|     38509.05982|        393|00:01:23|+0.03|0.17|0.8916|
+-+-----------+-----------+-----------+----------------+-----------+--------+-----+----+------+
Best-so-far configuration:          15    mean value:      38509.05982
Description of the best-so-far configuration:
   .ID. particles topology modInfluence branching tSchedule phi1 phi2 inertia
15   15        60        4            0        NA        NA 1.17 0.81     0.8
   .PARENT.
15       NA

# 2026-01-26 20:32:06 -03: Elite configurations (first number is the configuration ID; listed from best to worst according to the sum of ranks):
   particles topology modInfluence branching tSchedule phi1 phi2 inertia
15        60        4            0        NA        NA 1.17 0.81    0.80
34       144        5            0        NA         9 0.11 1.71    0.42
23        41        3            2        NA        NA 1.71 1.83    0.78
25        91        1            0        NA        NA 2.34 1.20    0.55
27       116        4            0        NA        NA 0.78 1.52    0.89
# 2026-01-26 20:32:06 -03: Iteration 2 of 5
# experimentsUsed: 393
# remainingBudget: 3607
# currentBudget: 901
# nbConfigurations: 65
# Markers:
     x No test is performed.
     c Configurations are discarded only due to capping.
     - The test is performed and some configurations are discarded.
     = The test is performed but no configuration is discarded.
     ! The test is performed and configurations could be discarded but elite configurations are preserved.
     . All alive configurations are elite and nothing is discarded.

+-+-----------+-----------+-----------+----------------+-----------+--------+-----+----+------+
| |   Instance|      Alive|       Best|       Mean best| Exp so far|  W time|  rho|KenW|  Qvar|
+-+-----------+-----------+-----------+----------------+-----------+--------+-----+----+------+
|x|          8|         65|        125|     534.6293119|         65|00:03:58|   NA|  NA|    NA|
|x|          5|         65|         72|     8397.924488|        125|00:00:23|+0.10|0.55|0.8937|
|x|          7|         65|         82|     6291.367334|        185|00:02:22|+0.23|0.49|0.7510|
|x|          6|         65|         99|     4407.631105|        245|00:00:21|+0.29|0.47|0.6691|
|-|          4|         45|         99|     26846.23441|        305|00:00:21|-0.14|0.09|1.0886|
|=|          3|         45|         99|     22411.84210|        345|00:02:31|-0.09|0.09|1.0648|
|=|          1|         45|         99|     27076.22871|        385|00:00:18|-0.07|0.09|1.0570|
|=|          2|         45|         15|     33782.20886|        425|00:00:19|-0.05|0.08|1.0492|
|=|          9|         45|         77|     18814.73370|        470|00:00:20|-0.04|0.08|1.0111|
+-+-----------+-----------+-----------+----------------+-----------+--------+-----+----+------+
Best-so-far configuration:          77    mean value:      18814.73370
Description of the best-so-far configuration:
   .ID. particles topology modInfluence branching tSchedule phi1 phi2 inertia
77   77        78        4            1        NA        NA 1.68 2.14    0.65
   .PARENT.
77       27

# 2026-01-26 20:43:04 -03: Elite configurations (first number is the configuration ID; listed from best to worst according to the sum of ranks):
    particles topology modInfluence branching tSchedule phi1 phi2 inertia
77         78        4            1        NA        NA 1.68 2.14    0.65
114         6        2            2        NA        NA 1.54 1.35    0.60
119        59        4            2        NA        NA 1.34 1.08    0.63
101        55        4            0        NA        NA 1.01 1.97    0.71
99         65        4            0        NA        NA 2.27 1.21    0.59
# 2026-01-26 20:43:04 -03: Iteration 3 of 5
# experimentsUsed: 863
# remainingBudget: 3137
# currentBudget: 1045
# nbConfigurations: 65
# Markers:
     x No test is performed.
     c Configurations are discarded only due to capping.
     - The test is performed and some configurations are discarded.
     = The test is performed but no configuration is discarded.
     ! The test is performed and configurations could be discarded but elite configurations are preserved.
     . All alive configurations are elite and nothing is discarded.

+-+-----------+-----------+-----------+----------------+-----------+--------+-----+----+------+
| |   Instance|      Alive|       Best|       Mean best| Exp so far|  W time|  rho|KenW|  Qvar|
+-+-----------+-----------+-----------+----------------+-----------+--------+-----+----+------+
|x|         10|         65|        182|    0.3376016379|         65|00:00:19|   NA|  NA|    NA|
|x|          9|         65|        132|     2.189778508|        125|00:00:18|+0.33|0.67|0.0146|
|x|          2|         65|        175|     1.563043543|        185|00:00:18|+0.34|0.56|0.0252|
|x|          8|         65|        175|     139.9962523|        245|00:03:33|+0.29|0.47|0.2937|
|-|          6|         39|        158|     147.6483480|        305|00:00:19|-0.06|0.15|1.0550|
|=|          1|         39|        158|     10613.49875|        339|00:00:06|-0.03|0.14|1.0090|
|=|          7|         39|         77|     8423.661700|        373|00:01:21|-0.03|0.12|0.9754|
|=|          4|         39|         77|     18668.64842|        407|00:00:06|-0.05|0.08|1.0171|
|=|          3|         39|        132|     20575.04527|        441|00:02:14|-0.02|0.09|0.9682|
|=|          5|         39|        132|     20208.22078|        475|00:00:08|-0.00|0.10|0.9523|
|=|         11|         39|        132|     18372.45717|        514|00:00:06|+0.01|0.10|0.9402|
+-+-----------+-----------+-----------+----------------+-----------+--------+-----+----+------+
Best-so-far configuration:         132    mean value:      18372.45717
Description of the best-so-far configuration:
    .ID. particles topology modInfluence branching tSchedule phi1 phi2 inertia
132  132       102        4            0        NA        NA  1.8 2.28    0.61
    .PARENT.
132       77

# 2026-01-26 20:51:59 -03: Elite configurations (first number is the configuration ID; listed from best to worst according to the sum of ranks):
    particles topology modInfluence branching tSchedule phi1 phi2 inertia
132       102        4            0        NA        NA 1.80 2.28    0.61
158       116        4            2        NA        NA 1.82 2.19    0.67
143        48        4            2        NA        NA 1.20 2.46    0.67
77         78        4            1        NA        NA 1.68 2.14    0.65
170        60        1            0        NA        NA 0.63 2.42    0.75
# 2026-01-26 20:51:59 -03: Iteration 4 of 5
# experimentsUsed: 1377
# remainingBudget: 2623
# currentBudget: 1311
# nbConfigurations: 65
# Markers:
     x No test is performed.
     c Configurations are discarded only due to capping.
     - The test is performed and some configurations are discarded.
     = The test is performed but no configuration is discarded.
     ! The test is performed and configurations could be discarded but elite configurations are preserved.
     . All alive configurations are elite and nothing is discarded.

+-+-----------+-----------+-----------+----------------+-----------+--------+-----+----+------+
| |   Instance|      Alive|       Best|       Mean best| Exp so far|  W time|  rho|KenW|  Qvar|
+-+-----------+-----------+-----------+----------------+-----------+--------+-----+----+------+
|x|         12|         65|        230|     3091442.150|         65|00:00:12|   NA|  NA|    NA|
|x|          9|         65|        206|     2297875.802|        125|00:00:11|+0.68|0.84|0.1003|
|x|          5|         65|        243|     1805560.528|        185|00:00:13|+0.00|0.34|0.6880|
|x|         11|         65|        212|     2621589.287|        245|00:00:10|+0.10|0.33|0.6679|
|-|          8|         38|        212|     2097379.289|        305|00:03:25|-0.11|0.11|1.0704|
|=|          6|         38|        212|     1747842.670|        338|00:00:06|-0.12|0.07|1.0819|
|=|          3|         38|        212|     1498191.383|        371|00:02:16|-0.10|0.06|1.0459|
|=|          7|         38|        212|     1311032.499|        404|00:01:20|-0.05|0.08|1.0156|
|=|         10|         38|        212|     1165362.285|        437|00:00:05|-0.04|0.08|1.0000|
|=|          2|         38|        212|     1048826.088|        470|00:00:06|-0.05|0.06|1.0049|
|=|          1|         38|        212|     957329.4698|        503|00:00:05|-0.03|0.06|0.9903|
|=|          4|         38|        212|     884554.2058|        536|00:00:06|-0.05|0.04|0.9990|
|=|         13|         38|        212|     816513.5507|        574|00:00:06|-0.05|0.03|0.9949|
+-+-----------+-----------+-----------+----------------+-----------+--------+-----+----+------+
Best-so-far configuration:         212    mean value:      816513.5507
Description of the best-so-far configuration:
    .ID. particles topology modInfluence branching tSchedule phi1 phi2 inertia
212  212        60        4            0        NA        NA 2.06 2.08    0.48
    .PARENT.
212      132

# 2026-01-26 21:00:25 -03: Elite configurations (first number is the configuration ID; listed from best to worst according to the sum of ranks):
    particles topology modInfluence branching tSchedule phi1 phi2 inertia
212        60        4            0        NA        NA 2.06 2.08    0.48
220       144        4            0        NA        NA 1.95 2.46    0.59
218       122        4            0        NA        NA 1.73 2.21    0.65
214       123        4            2        NA        NA 1.71 2.46    0.66
205       110        4            0        NA        NA 1.89 2.37    0.51
# 2026-01-26 21:00:25 -03: Iteration 5 of 5
# experimentsUsed: 1951
# remainingBudget: 2049
# currentBudget: 2049
# nbConfigurations: 65
# Markers:
     x No test is performed.
     c Configurations are discarded only due to capping.
     - The test is performed and some configurations are discarded.
     = The test is performed but no configuration is discarded.
     ! The test is performed and configurations could be discarded but elite configurations are preserved.
     . All alive configurations are elite and nothing is discarded.

+-+-----------+-----------+-----------+----------------+-----------+--------+-----+----+------+
| |   Instance|      Alive|       Best|       Mean best| Exp so far|  W time|  rho|KenW|  Qvar|
+-+-----------+-----------+-----------+----------------+-----------+--------+-----+----+------+
|x|         14|         65|        220|     15030.78670|         65|00:00:12|   NA|  NA|    NA|
|x|          5|         65|        286|     15754.49096|        125|00:00:12|+0.37|0.68|0.1028|
|x|         10|         65|        296|     10607.43455|        185|00:00:08|+0.20|0.46|0.4625|
|x|          3|         65|        288|     7922.435975|        245|00:03:22|+0.23|0.42|0.4037|
|=|          4|         65|        205|     24376.06996|        305|00:00:09|+0.07|0.26|0.3789|
|=|          8|         65|        205|     20405.26159|        365|00:03:19|+0.05|0.21|0.4933|
|=|          9|         65|        296|     17270.28539|        425|00:00:08|+0.04|0.18|0.4474|
|-|         13|         41|        296|     15114.76361|        485|00:00:08|-0.07|0.07|1.0019|
|=|          7|         41|        296|     13532.83817|        521|00:01:22|-0.06|0.05|0.9988|
|=|          2|         41|        296|     12179.58482|        557|00:00:05|-0.04|0.06|0.9970|
|=|          6|         41|        296|     11084.90198|        593|00:00:05|-0.04|0.06|0.9758|
|=|          1|         41|        220|     13532.33445|        629|00:00:05|-0.02|0.07|0.9551|
|=|         11|         41|        296|     12935.76274|        665|00:00:05|-0.02|0.06|0.9671|
|=|         12|         41|        296|     1253788.697|        701|00:00:06|-0.03|0.04|0.9714|
|=|         15|         41|        296|     1179622.082|        742|00:00:06|-0.03|0.03|0.9928|
+-+-----------+-----------+-----------+----------------+-----------+--------+-----+----+------+
Best-so-far configuration:         296    mean value:      1179622.082
Description of the best-so-far configuration:
    .ID. particles topology modInfluence branching tSchedule phi1 phi2 inertia
296  296       111        4            0        NA        NA 2.12 2.16    0.53
    .PARENT.
296      205

# 2026-01-26 21:10:04 -03: Elite configurations (first number is the configuration ID; listed from best to worst according to the sum of ranks):
    particles topology modInfluence branching tSchedule phi1 phi2 inertia
296       111        4            0        NA        NA 2.12 2.16    0.53
275       134        4            0        NA        NA 2.28 2.27    0.48
262       150        4            0        NA        NA 1.42 2.38    0.52
220       144        4            0        NA        NA 1.95 2.46    0.59
212        60        4            0        NA        NA 2.06 2.08    0.48
# 2026-01-26 21:10:04 -03: Iteration 6 of 6
# experimentsUsed: 2693
# remainingBudget: 1307
# currentBudget: 1307
# nbConfigurations: 65
# Markers:
     x No test is performed.
     c Configurations are discarded only due to capping.
     - The test is performed and some configurations are discarded.
     = The test is performed but no configuration is discarded.
     ! The test is performed and configurations could be discarded but elite configurations are preserved.
     . All alive configurations are elite and nothing is discarded.

+-+-----------+-----------+-----------+----------------+-----------+--------+-----+----+------+
| |   Instance|      Alive|       Best|       Mean best| Exp so far|  W time|  rho|KenW|  Qvar|
+-+-----------+-----------+-----------+----------------+-----------+--------+-----+----+------+
|x|         16|         65|        307|     908.2113943|         65|00:04:01|   NA|  NA|    NA|
|x|         15|         65|        363|     38167.75937|        125|00:00:08|+0.06|0.53|0.9444|
|x|          4|         65|        307|     68385.93516|        185|00:00:08|-0.04|0.31|1.0440|
|x|          7|         65|        307|     51508.25500|        245|00:02:05|-0.04|0.22|1.0303|
|=|          9|         65|        351|     44778.69504|        305|00:00:08|-0.01|0.19|1.0007|
|=|         13|         65|        307|     34343.48938|        365|00:00:08|+0.00|0.17|1.0037|
|=|          1|         65|        351|     37404.02111|        425|00:00:08|-0.03|0.12|1.0202|
|=|          3|         65|        307|     31586.61085|        485|00:03:25|-0.02|0.11|1.0123|
|=|         12|         65|        307|     879312.5078|        545|00:00:09|-0.01|0.10|1.0004|
|=|          5|         65|        339|     1148068.333|        605|00:00:11|+0.00|0.10|0.9826|
|=|         10|         65|        339|     1043698.521|        665|00:00:08|+0.01|0.10|0.9750|
|=|          2|         65|        339|     956723.6696|        725|00:00:08|+0.01|0.09|0.9712|
|=|          6|         65|        339|     883139.0485|        785|00:00:08|+0.01|0.09|0.9659|
|=|         14|         65|        339|     821156.0493|        845|00:00:10|+0.01|0.08|0.9684|
|=|          8|         65|        339|     766449.4745|        905|00:03:27|-0.01|0.06|0.9733|
|=|         11|         65|        339|     718547.1329|        965|00:00:08|-0.01|0.05|0.9839|
|=|         17|         65|        339|     676279.7229|       1030|00:00:07|-0.01|0.05|0.9896|
+-+-----------+-----------+-----------+----------------+-----------+--------+-----+----+------+
Best-so-far configuration:         339    mean value:      676279.7229
Description of the best-so-far configuration:
    .ID. particles topology modInfluence branching tSchedule phi1 phi2 inertia
339  339       144        4            0        NA        NA 1.96 2.47     0.6
    .PARENT.
339      220

# 2026-01-26 21:24:58 -03: Elite configurations (first number is the configuration ID; listed from best to worst according to the sum of ranks):
    particles topology modInfluence branching tSchedule phi1 phi2 inertia
339       144        4            0        NA        NA 1.96 2.47    0.60
351       130        4            0        NA        NA 2.22 2.21    0.50
307       110        4            0        NA        NA 2.24 2.13    0.55
275       134        4            0        NA        NA 2.28 2.27    0.48
335       135        4            0        NA        NA 2.35 2.29    0.50
# 2026-01-26 21:24:58 -03: There is not enough budget to enforce the value of nbConfigurations, returning to default behaviour nbConfigurations:20.
# Iteration: 7
# nbIterations: 7
# experimentsUsed: 3723
# timeUsed: 0
# remainingBudget: 277
# currentBudget: 277
# number of elites: 5
# nbConfigurations: 20
# 2026-01-26 21:24:58 -03: Iteration 7 of 7
# experimentsUsed: 3723
# remainingBudget: 277
# currentBudget: 277
# nbConfigurations: 20
# Markers:
     x No test is performed.
     c Configurations are discarded only due to capping.
     - The test is performed and some configurations are discarded.
     = The test is performed but no configuration is discarded.
     ! The test is performed and configurations could be discarded but elite configurations are preserved.
     . All alive configurations are elite and nothing is discarded.

+-+-----------+-----------+-----------+----------------+-----------+--------+-----+----+------+
| |   Instance|      Alive|       Best|       Mean best| Exp so far|  W time|  rho|KenW|  Qvar|
+-+-----------+-----------+-----------+----------------+-----------+--------+-----+----+------+
|x|         18|         20|        375|     554.3272806|         20|00:01:09|   NA|  NA|    NA|
|x|          2|         20|        367|     280.6531818|         35|00:00:02|-0.57|0.22|1.3982|
|x|          6|         20|        335|     232.8837547|         50|00:00:02|-0.38|0.08|1.2788|
|x|         11|         20|        275|     180.4047402|         65|00:00:02|-0.15|0.14|1.1252|
|=|          7|         20|        339|     318.7384786|         80|00:00:41|-0.11|0.11|1.0773|
|=|          3|         20|        339|     306.3206996|         95|00:01:06|-0.10|0.08|1.0476|
|=|         16|         20|        339|     392.4527958|        110|00:01:08|-0.04|0.11|1.0059|
|=|          8|         20|        339|     413.0746118|        125|00:01:06|-0.04|0.09|0.9976|
|=|         15|         20|        307|     13785.19035|        140|00:00:02|-0.04|0.08|0.9993|
|=|          9|         20|        351|     12740.21330|        155|00:00:02|-0.02|0.08|0.9861|
|=|         13|         20|        351|     11584.29807|        170|00:00:02|-0.00|0.09|0.9830|
|=|          5|         20|        351|     11988.67057|        185|00:00:03|-0.01|0.08|0.9828|
|=|         12|         20|        351|     584331.3419|        200|00:00:03|+0.00|0.08|0.9733|
|=|         10|         20|        351|     542593.4181|        215|00:00:02|+0.00|0.07|0.9688|
|=|          1|         20|        339|     759205.5665|        230|00:00:02|-0.00|0.07|0.9704|
|=|         17|         20|        351|     477138.6370|        245|00:00:02|+0.01|0.07|0.9598|
|=|         14|         20|        339|     670791.8659|        260|00:00:03|+0.01|0.07|0.9585|
|=|          4|         20|        339|     638741.4851|        275|00:00:02|+0.02|0.07|0.9494|
+-+-----------+-----------+-----------+----------------+-----------+--------+-----+----+------+
Best-so-far configuration:         339    mean value:      638741.4851
Description of the best-so-far configuration:
    .ID. particles topology modInfluence branching tSchedule phi1 phi2 inertia
339  339       144        4            0        NA        NA 1.96 2.47     0.6
    .PARENT.
339      220

# 2026-01-26 21:30:47 -03: Elite configurations (first number is the configuration ID; listed from best to worst according to the sum of ranks):
    particles topology modInfluence branching tSchedule phi1 phi2 inertia
339       144        4            0        NA        NA 1.96 2.47    0.60
351       130        4            0        NA        NA 2.22 2.21    0.50
275       134        4            0        NA        NA 2.28 2.27    0.48
378       134        4            0        NA        NA 2.30 2.30    0.49
307       110        4            0        NA        NA 2.24 2.13    0.55
# 2026-01-26 21:30:47 -03: There is not enough budget to enforce the value of nbConfigurations, returning to default behaviour nbConfigurations:5.
# Iteration: 8
# nbIterations: 8
# experimentsUsed: 3998
# timeUsed: 0
# remainingBudget: 2
# currentBudget: 2
# number of elites: 5
# nbConfigurations: 5
# 2026-01-26 21:30:47 -03: Stopped because there is not enough budget left to race more than the minimum (5).
# You may either increase the budget or set 'minNbSurvival' to a lower value.
# Iteration: 8
# nbIterations: 8
# experimentsUsed: 3998
# timeUsed: 0
# remainingBudget: 2
# currentBudget: 2
# number of elites: 5
# nbConfigurations: 5
# Total CPU user time: 35468.45, CPU sys time: 234.475, Wall-clock time: 4014.387
# 2026-01-26 21:30:47 -03: Starting post-selection:
# Configurations selected: 339, 351.
# Pending instances: 0, 0.
# 2026-01-26 21:30:47 -03: seed: 1200239
# Configurations: 2
# Available experiments: 2
# minSurvival: 1
# Markers:
     x No test is performed.
     c Configurations are discarded only due to capping.
     - The test is performed and some configurations are discarded.
     = The test is performed but no configuration is discarded.
     ! The test is performed and configurations could be discarded but elite configurations are preserved.
     . All alive configurations are elite and nothing is discarded.

+-+-----------+-----------+-----------+----------------+-----------+--------+-----+----+------+
| |   Instance|      Alive|       Best|       Mean best| Exp so far|  W time|  rho|KenW|  Qvar|
+-+-----------+-----------+-----------+----------------+-----------+--------+-----+----+------+
|.|          4|          2|        339|     93885.01090|          0|00:00:00|   NA|  NA|    NA|
|.|          1|          2|        339|     58838.97706|          0|00:00:00|+1.00|1.00|0.0000|
|.|          7|          2|        339|     39514.76408|          0|00:00:00|+1.00|1.00|0.0000|
|.|         14|          2|        339|     33480.33797|          0|00:00:00|+1.00|1.00|0.0000|
|.|          3|          2|        339|     26833.11673|          0|00:00:00|+1.00|1.00|0.0000|
|.|          6|          2|        339|     22381.52977|          0|00:00:00|+1.00|1.00|0.0000|
|.|         11|          2|        339|     19185.88396|          0|00:00:00|+1.00|1.00|0.0000|
|.|         18|          2|        339|     16861.57872|          0|00:00:00|+0.50|0.56|0.2500|
|.|          2|          2|        339|     14988.10421|          0|00:00:00|+0.56|0.60|0.2222|
|.|         16|          2|        339|     13580.21833|          0|00:00:00|+0.29|0.36|0.3556|
|.|         15|          2|        339|     26929.12923|          0|00:00:00|+0.13|0.21|0.4364|
|.|         10|          2|        339|     24685.06798|          0|00:00:00|+0.18|0.25|0.4091|
|.|         17|          2|        339|     22786.30603|          0|00:00:00|+0.08|0.15|0.4615|
|.|          9|          2|        339|     21159.02193|          0|00:00:00|+0.01|0.08|0.4945|
|.|          8|          2|        339|     19785.58229|          0|00:00:00|-0.03|0.04|0.5143|
|.|          5|          2|        339|     19536.86951|          0|00:00:00|+0.00|0.06|0.5000|
|.|         13|          2|        339|     18389.05137|          0|00:00:00|+0.03|0.09|0.4853|
|.|         12|          2|        339|     638741.4851|          0|00:00:00|-0.01|0.05|0.5033|
|=|         19|          2|        339|     605124.4411|          2|00:00:14|+0.02|0.07|0.4912|
+-+-----------+-----------+-----------+----------------+-----------+--------+-----+----+------+
Best-so-far configuration:         339    mean value:      605124.4411
Description of the best-so-far configuration:
    .ID. particles topology modInfluence branching tSchedule phi1 phi2 inertia
339  339       144        4            0        NA        NA 1.96 2.47     0.6
    .PARENT.
339      220

# 2026-01-26 21:31:01 -03: Elite configurations (first number is the configuration ID; listed from best to worst according to the sum of ranks):
    particles topology modInfluence branching tSchedule phi1 phi2 inertia
339       144        4            0        NA        NA 1.96 2.47     0.6
351       130        4            0        NA        NA 2.22 2.21     0.5
# Total CPU user time: 35497.53, CPU sys time: 234.584, Wall-clock time: 4029.051
    .ID. particles topology modInfluence branching tSchedule phi1 phi2 inertia
339  339       144        4            0        NA        NA 1.96 2.47     0.6
351  351       130        4            0        NA        NA 2.22 2.21     0.5
    .PARENT. .RANK.  .WEIGHT.
339      220     26 0.6666667
351      275     31 0.3333333
