# 2026-01-25 21:47:24 -03: Reading parameter file '/home/pestobar/Activities/irace-executions/PSO-X/Scenarios/BL-32/Runs/BL-32_seed_800123/parameters.txt'.
# 2026-01-25 21:47:24 -03: 2 expression(s) specifying forbidden configurations read.
# 2026-01-25 21:47:24 -03: Initialization
# Elitist race
# Elitist new instances: 1
# Elitist limit: 2
# nbIterations: 5
# minNbSurvival: 5
# nbParameters: 8
# seed: 800123
# confidence level: 0.95
# budget: 2000
# mu: 5
# deterministic: FALSE

# 2026-01-25 21:47:24 -03: Iteration 1 of 5
# experimentsUsed: 0
# remainingBudget: 2000
# currentBudget: 400
# nbConfigurations: 32
# Markers:
     x No test is performed.
     c Configurations are discarded only due to capping.
     - The test is performed and some configurations are discarded.
     = The test is performed but no configuration is discarded.
     ! The test is performed and configurations could be discarded but elite configurations are preserved.
     . All alive configurations are elite and nothing is discarded.

+-+-----------+-----------+-----------+----------------+-----------+--------+-----+----+------+
| |   Instance|      Alive|       Best|       Mean best| Exp so far|  W time|  rho|KenW|  Qvar|
+-+-----------+-----------+-----------+----------------+-----------+--------+-----+----+------+
|x|          1|         32|         29|     5771.843171|         32|00:00:32|   NA|  NA|    NA|
|x|          2|         32|          6|     17971.89490|         64|00:00:31|+0.46|0.73|0.6633|
|x|          3|         32|          6|     11996.20074|         96|00:00:31|+0.59|0.73|0.5019|
|x|          4|         32|          5|     8435.928980|        128|00:00:32|+0.58|0.69|0.4812|
|-|          5|         15|         25|     30901.46412|        160|00:00:31|-0.09|0.13|1.0039|
|=|          6|         15|         25|     25751.31278|        175|00:00:18|+0.01|0.17|0.8983|
|=|          7|         15|          1|     14945.69959|        190|00:00:36|-0.02|0.13|0.8860|
+-+-----------+-----------+-----------+----------------+-----------+--------+-----+----+------+
Best-so-far configuration:           1    mean value:      14945.69959
Description of the best-so-far configuration:
  .ID. particles topology modInfluence branching tSchedule phi1 phi2 inertia
1    1       131        0            0        NA        NA 2.07 0.93     0.3
  .PARENT.
1       NA

# 2026-01-25 21:51:01 -03: Elite configurations (first number is the configuration ID; listed from best to worst according to the sum of ranks):
   particles topology modInfluence branching tSchedule phi1 phi2 inertia
1        131        0            0        NA        NA 2.07 0.93    0.30
22        25        2            1        NA        NA 1.99 2.42    0.60
25        38        0            1        NA        NA 1.52 1.33    0.32
5        106        4            1        NA        NA 1.76 2.50    0.86
6          6        1            2        NA        NA 0.51 1.25    0.41
# 2026-01-25 21:51:01 -03: Iteration 2 of 5
# experimentsUsed: 190
# remainingBudget: 1810
# currentBudget: 452
# nbConfigurations: 32
# Markers:
     x No test is performed.
     c Configurations are discarded only due to capping.
     - The test is performed and some configurations are discarded.
     = The test is performed but no configuration is discarded.
     ! The test is performed and configurations could be discarded but elite configurations are preserved.
     . All alive configurations are elite and nothing is discarded.

+-+-----------+-----------+-----------+----------------+-----------+--------+-----+----+------+
| |   Instance|      Alive|       Best|       Mean best| Exp so far|  W time|  rho|KenW|  Qvar|
+-+-----------+-----------+-----------+----------------+-----------+--------+-----+----+------+
|x|          8|         32|         55|     833.9722532|         32|00:02:13|   NA|  NA|    NA|
|x|          2|         32|          6|     457.7120688|         59|00:00:30|+0.17|0.59|0.4469|
|x|          3|         32|          6|     320.0788523|         86|00:00:30|+0.26|0.51|0.4144|
|x|          7|         32|         42|     237.5117056|        113|00:00:48|+0.21|0.41|0.6101|
|-|          4|         17|         42|     220.1808014|        140|00:00:31|-0.12|0.10|0.9595|
|=|          1|         17|         42|     9412.165124|        152|00:00:02|-0.04|0.13|0.9110|
|=|          6|         17|         42|     8067.729304|        164|00:00:02|-0.03|0.11|0.9327|
|=|          5|         17|         42|     7061.234557|        176|00:00:02|-0.03|0.10|0.9448|
|=|          9|         17|          1|     11726.30059|        193|00:00:06|+0.02|0.13|0.9089|
+-+-----------+-----------+-----------+----------------+-----------+--------+-----+----+------+
Best-so-far configuration:           1    mean value:      11726.30059
Description of the best-so-far configuration:
  .ID. particles topology modInfluence branching tSchedule phi1 phi2 inertia
1    1       131        0            0        NA        NA 2.07 0.93     0.3
  .PARENT.
1       NA

# 2026-01-25 21:55:50 -03: Elite configurations (first number is the configuration ID; listed from best to worst according to the sum of ranks):
   particles topology modInfluence branching tSchedule phi1 phi2 inertia
1        131        0            0        NA        NA 2.07 0.93    0.30
42       167        1            0        NA        NA 2.38 2.42    0.22
6          6        1            2        NA        NA 0.51 1.25    0.41
25        38        0            1        NA        NA 1.52 1.33    0.32
22        25        2            1        NA        NA 1.99 2.42    0.60
# 2026-01-25 21:55:50 -03: Iteration 3 of 5
# experimentsUsed: 383
# remainingBudget: 1617
# currentBudget: 539
# nbConfigurations: 32
# Markers:
     x No test is performed.
     c Configurations are discarded only due to capping.
     - The test is performed and some configurations are discarded.
     = The test is performed but no configuration is discarded.
     ! The test is performed and configurations could be discarded but elite configurations are preserved.
     . All alive configurations are elite and nothing is discarded.

+-+-----------+-----------+-----------+----------------+-----------+--------+-----+----+------+
| |   Instance|      Alive|       Best|       Mean best| Exp so far|  W time|  rho|KenW|  Qvar|
+-+-----------+-----------+-----------+----------------+-----------+--------+-----+----+------+
|x|         10|         32|         75|    0.6330656293|         32|00:00:18|   NA|  NA|    NA|
|x|          1|         32|         81|     28566.22476|         59|00:00:16|+0.03|0.52|0.6336|
|x|          7|         32|         76|     20852.08355|         86|00:00:39|+0.15|0.43|0.7867|
|x|          8|         32|         77|     17418.20662|        113|00:01:47|+0.13|0.35|0.7746|
|-|          3|         26|         42|     11263.41947|        140|00:00:16|-0.09|0.12|1.0180|
|=|          2|         26|         42|     9387.196040|        161|00:00:11|-0.00|0.16|0.9234|
|=|          4|         26|         70|     13334.63304|        182|00:00:12|+0.01|0.15|0.8895|
|=|          6|         26|         70|     11667.86234|        203|00:00:11|+0.06|0.18|0.8430|
|-|          9|         16|         70|     10371.86355|        224|00:00:11|-0.05|0.07|0.9869|
|=|          5|         16|         70|     9335.861223|        235|00:00:08|-0.01|0.10|0.9756|
|=|         11|         16|         70|     10067.60131|        251|00:00:11|-0.01|0.08|0.9637|
+-+-----------+-----------+-----------+----------------+-----------+--------+-----+----+------+
Best-so-far configuration:          70    mean value:      10067.60131
Description of the best-so-far configuration:
   .ID. particles topology modInfluence branching tSchedule phi1 phi2 inertia
70   70       127        0            0        NA        NA  2.5 1.35    0.17
   .PARENT.
70        1

# 2026-01-25 22:00:16 -03: Elite configurations (first number is the configuration ID; listed from best to worst according to the sum of ranks):
   particles topology modInfluence branching tSchedule phi1 phi2 inertia
70       127        0            0        NA        NA 2.50 1.35    0.17
60       106        0            0        NA        NA 2.02 2.18    0.24
77       162        0            0        NA        NA 2.16 1.82    0.32
75        42        0            1        NA        NA 1.44 1.99    0.42
76       157        0            0        NA        NA 1.82 2.41    0.29
# 2026-01-25 22:00:16 -03: Iteration 4 of 5
# experimentsUsed: 634
# remainingBudget: 1366
# currentBudget: 683
# nbConfigurations: 32
# Markers:
     x No test is performed.
     c Configurations are discarded only due to capping.
     - The test is performed and some configurations are discarded.
     = The test is performed but no configuration is discarded.
     ! The test is performed and configurations could be discarded but elite configurations are preserved.
     . All alive configurations are elite and nothing is discarded.

+-+-----------+-----------+-----------+----------------+-----------+--------+-----+----+------+
| |   Instance|      Alive|       Best|       Mean best| Exp so far|  W time|  rho|KenW|  Qvar|
+-+-----------+-----------+-----------+----------------+-----------+--------+-----+----+------+
|x|         12|         32|        100|     2.769695631|         32|00:00:26|   NA|  NA|    NA|
|x|          6|         32|         96|     1.680668707|         59|00:00:26|+0.62|0.81|0.2221|
|x|         11|         32|         60|     5552.655271|         86|00:00:27|+0.37|0.58|0.3454|
|x|          7|         32|         60|     4164.562522|        113|00:00:53|+0.47|0.60|0.3458|
|-|          8|         20|         94|     3412.047979|        140|00:01:56|-0.06|0.15|0.9455|
|=|          3|         20|         94|     2852.497357|        155|00:00:05|-0.07|0.10|1.0096|
|=|          4|         20|         60|     2545.940886|        170|00:00:05|-0.05|0.10|0.9516|
|=|          1|         20|         60|     10200.53437|        185|00:00:05|-0.01|0.12|0.9091|
|=|          9|         20|         60|     9067.326986|        200|00:00:05|+0.01|0.12|0.9088|
|=|         10|         20|         60|     8160.676901|        215|00:00:05|+0.03|0.13|0.9024|
|=|          2|         20|         60|     7419.406737|        230|00:00:05|+0.01|0.10|0.9325|
|=|          5|         20|         60|     6802.186199|        245|00:00:05|+0.03|0.11|0.9350|
|=|         13|         20|         60|     7594.651596|        265|00:00:07|+0.01|0.09|0.9298|
+-+-----------+-----------+-----------+----------------+-----------+--------+-----+----+------+
Best-so-far configuration:          60    mean value:      7594.651596
Description of the best-so-far configuration:
   .ID. particles topology modInfluence branching tSchedule phi1 phi2 inertia
60   60       106        0            0        NA        NA 2.02 2.18    0.24
   .PARENT.
60       42

# 2026-01-25 22:05:13 -03: Elite configurations (first number is the configuration ID; listed from best to worst according to the sum of ranks):
    particles topology modInfluence branching tSchedule phi1 phi2 inertia
60        106        0            0        NA        NA 2.02 2.18    0.24
104       105        0            0        NA        NA 2.26 1.73    0.18
112        84        1            0        NA        NA 1.79 2.18    0.10
94        140        0            0        NA        NA 1.89 1.99    0.18
70        127        0            0        NA        NA 2.50 1.35    0.17
# 2026-01-25 22:05:13 -03: Iteration 5 of 5
# experimentsUsed: 899
# remainingBudget: 1101
# currentBudget: 1101
# nbConfigurations: 32
# Markers:
     x No test is performed.
     c Configurations are discarded only due to capping.
     - The test is performed and some configurations are discarded.
     = The test is performed but no configuration is discarded.
     ! The test is performed and configurations could be discarded but elite configurations are preserved.
     . All alive configurations are elite and nothing is discarded.

+-+-----------+-----------+-----------+----------------+-----------+--------+-----+----+------+
| |   Instance|      Alive|       Best|       Mean best| Exp so far|  W time|  rho|KenW|  Qvar|
+-+-----------+-----------+-----------+----------------+-----------+--------+-----+----+------+
|x|         14|         32|        137|     535.5091370|         32|00:02:12|   NA|  NA|    NA|
|x|         11|         32|         60|     8597.132029|         59|00:00:20|+0.02|0.51|0.7324|
|x|          1|         32|        119|     24455.50589|         86|00:00:18|+0.17|0.44|0.6386|
|x|          2|         32|        119|     18342.79777|        113|00:00:18|+0.16|0.37|0.5455|
|-|          4|         20|        137|     13919.00391|        140|00:00:19|-0.06|0.15|0.9803|
|=|         13|         20|        137|     14258.84485|        155|00:00:03|+0.02|0.18|0.9208|
|=|          3|         20|        137|     12230.59668|        170|00:00:02|+0.06|0.19|0.8985|
|=|         10|         20|        137|     10701.85435|        185|00:00:02|+0.03|0.15|0.9176|
|=|          7|         20|        137|     9512.800632|        200|00:00:20|+0.01|0.12|0.9134|
|=|          8|         20|        137|     8656.413064|        215|00:01:08|+0.01|0.11|0.9059|
|=|          5|         20|        137|     7870.762639|        230|00:00:02|+0.03|0.11|0.9125|
|=|         12|         20|        137|     7215.100900|        245|00:00:02|+0.04|0.12|0.9069|
|=|          6|         20|        137|     6660.134714|        260|00:00:02|+0.02|0.10|0.9355|
|=|          9|         20|        137|     6184.527175|        275|00:00:02|+0.01|0.08|0.9488|
|=|         15|         20|        137|     5779.898498|        295|00:00:04|+0.02|0.09|0.9327|
+-+-----------+-----------+-----------+----------------+-----------+--------+-----+----+------+
Best-so-far configuration:         137    mean value:      5779.898498
Description of the best-so-far configuration:
    .ID. particles topology modInfluence branching tSchedule phi1 phi2 inertia
137  137       102        0            0        NA        NA 1.96  2.4    0.23
    .PARENT.
137       60

# 2026-01-25 22:10:34 -03: Elite configurations (first number is the configuration ID; listed from best to worst according to the sum of ranks):
    particles topology modInfluence branching tSchedule phi1 phi2 inertia
137       102        0            0        NA        NA 1.96 2.40    0.23
125        95        0            0        NA        NA 1.90 2.18    0.27
60        106        0            0        NA        NA 2.02 2.18    0.24
118        78        0            0        NA        NA 1.89 2.27    0.32
119        83        1            0        NA        NA 1.82 1.87    0.14
# 2026-01-25 22:10:34 -03: Iteration 6 of 6
# experimentsUsed: 1194
# remainingBudget: 806
# currentBudget: 806
# nbConfigurations: 32
# Markers:
     x No test is performed.
     c Configurations are discarded only due to capping.
     - The test is performed and some configurations are discarded.
     = The test is performed but no configuration is discarded.
     ! The test is performed and configurations could be discarded but elite configurations are preserved.
     . All alive configurations are elite and nothing is discarded.

+-+-----------+-----------+-----------+----------------+-----------+--------+-----+----+------+
| |   Instance|      Alive|       Best|       Mean best| Exp so far|  W time|  rho|KenW|  Qvar|
+-+-----------+-----------+-----------+----------------+-----------+--------+-----+----+------+
|x|         16|         32|        159|     20.53656330|         32|00:00:19|   NA|  NA|    NA|
|x|          3|         32|        151|     40.78329191|         59|00:00:19|-0.26|0.37|0.1765|
|x|          9|         32|        166|     27.61281238|         86|00:00:18|+0.05|0.37|0.4601|
|x|          1|         32|        166|     12374.09836|        113|00:00:19|+0.14|0.35|0.4548|
|-|         10|         21|        166|     9899.419925|        140|00:00:19|-0.06|0.15|0.9778|
|=|         11|         21|        166|     11134.66249|        156|00:00:03|-0.07|0.11|0.9946|
|=|         12|         21|        166|     9544.441177|        172|00:00:02|-0.08|0.07|1.0243|
|=|          6|         21|        166|     8351.434347|        188|00:00:02|-0.05|0.08|0.9921|
|=|         14|         21|        166|     7484.017325|        204|00:01:06|-0.04|0.08|0.9773|
|=|          7|         21|        166|     6735.650615|        220|00:00:20|-0.03|0.07|0.9711|
|=|          4|         21|        166|     6136.921027|        236|00:00:03|-0.02|0.07|0.9597|
|=|         13|         21|        137|     7136.641883|        252|00:00:03|-0.01|0.07|0.9556|
|=|          5|         21|        137|     6588.766230|        268|00:00:02|-0.01|0.07|0.9568|
|=|          2|         21|        137|     6118.442273|        284|00:00:02|-0.01|0.06|0.9510|
|=|         15|         21|        137|     5718.219256|        300|00:00:04|-0.01|0.06|0.9470|
|=|          8|         21|        137|     5420.138361|        316|00:01:07|-0.01|0.05|0.9510|
|=|         17|         21|        137|     5135.767258|        337|00:00:03|-0.01|0.04|0.9583|
+-+-----------+-----------+-----------+----------------+-----------+--------+-----+----+------+
Best-so-far configuration:         137    mean value:      5135.767258
Description of the best-so-far configuration:
    .ID. particles topology modInfluence branching tSchedule phi1 phi2 inertia
137  137       102        0            0        NA        NA 1.96  2.4    0.23
    .PARENT.
137       60

# 2026-01-25 22:15:13 -03: Elite configurations (first number is the configuration ID; listed from best to worst according to the sum of ranks):
    particles topology modInfluence branching tSchedule phi1 phi2 inertia
137       102        0            0        NA        NA 1.96 2.40    0.23
166        88        0            0        NA        NA 1.68 2.50    0.22
125        95        0            0        NA        NA 1.90 2.18    0.27
154        97        0            0        NA        NA 1.90 2.29    0.22
155       112        0            0        NA        NA 2.12 2.13    0.33
# 2026-01-25 22:15:13 -03: There is not enough budget to enforce the value of nbConfigurations, returning to default behaviour nbConfigurations:30.
# Iteration: 7
# nbIterations: 7
# experimentsUsed: 1531
# timeUsed: 0
# remainingBudget: 469
# currentBudget: 469
# number of elites: 5
# nbConfigurations: 30
# 2026-01-25 22:15:13 -03: Iteration 7 of 7
# experimentsUsed: 1531
# remainingBudget: 469
# currentBudget: 469
# nbConfigurations: 30
# Markers:
     x No test is performed.
     c Configurations are discarded only due to capping.
     - The test is performed and some configurations are discarded.
     = The test is performed but no configuration is discarded.
     ! The test is performed and configurations could be discarded but elite configurations are preserved.
     . All alive configurations are elite and nothing is discarded.

+-+-----------+-----------+-----------+----------------+-----------+--------+-----+----+------+
| |   Instance|      Alive|       Best|       Mean best| Exp so far|  W time|  rho|KenW|  Qvar|
+-+-----------+-----------+-----------+----------------+-----------+--------+-----+----+------+
|x|         18|         30|        178|     95482.42859|         30|00:00:04|   NA|  NA|    NA|
|x|         11|         30|        170|     60326.21255|         55|00:00:05|+0.15|0.57|0.7213|
|x|          3|         30|        178|     37537.99356|         80|00:00:04|-0.06|0.29|1.0325|
|x|         10|         30|        173|     38849.60473|        105|00:00:04|+0.03|0.27|0.9539|
|=|          8|         30|        180|     34528.60376|        130|00:01:43|+0.07|0.25|0.9379|
|=|          4|         30|        180|     28797.61432|        155|00:00:04|+0.00|0.17|0.9785|
|=|          9|         30|        166|     21493.62892|        180|00:00:03|+0.01|0.15|0.9723|
|=|         16|         30|        166|     18809.83720|        205|00:00:04|+0.02|0.14|0.9576|
|=|         17|         30|        166|     16780.09748|        230|00:00:04|-0.02|0.09|0.9904|
|=|         13|         30|        166|     16771.06862|        255|00:00:05|-0.03|0.07|0.9923|
|=|          6|         30|        166|     15246.46116|        280|00:00:03|-0.02|0.07|0.9901|
|=|         14|         30|        166|     14021.31282|        305|00:01:39|-0.02|0.07|0.9789|
|=|          2|         30|        166|     12943.10209|        330|00:00:03|-0.03|0.05|0.9891|
|=|         15|         30|        166|     12029.62419|        355|00:00:07|-0.03|0.04|0.9885|
|=|         12|         30|        125|     13220.84328|        380|00:00:03|-0.02|0.05|0.9761|
|=|          7|         30|        166|     10526.13763|        405|00:00:30|-0.01|0.05|0.9725|
|=|          1|         30|        166|     12813.63277|        430|00:00:04|-0.01|0.05|0.9719|
|=|          5|         30|        166|     12102.52009|        455|00:00:04|-0.01|0.05|0.9684|
+-+-----------+-----------+-----------+----------------+-----------+--------+-----+----+------+
Best-so-far configuration:         166    mean value:      12102.52009
Description of the best-so-far configuration:
    .ID. particles topology modInfluence branching tSchedule phi1 phi2 inertia
166  166        88        0            0        NA        NA 1.68  2.5    0.22
    .PARENT.
166      137

# 2026-01-25 22:20:16 -03: Elite configurations (first number is the configuration ID; listed from best to worst according to the sum of ranks):
    particles topology modInfluence branching tSchedule phi1 phi2 inertia
166        88        0            0        NA        NA 1.68 2.50    0.22
125        95        0            0        NA        NA 1.90 2.18    0.27
178        83        0            0        NA        NA 1.63 2.44    0.19
154        97        0            0        NA        NA 1.90 2.29    0.22
170        86        0            0        NA        NA 1.66 2.40    0.18
# 2026-01-25 22:20:16 -03: There is not enough budget to enforce the value of nbConfigurations, returning to default behaviour nbConfigurations:5.
# Iteration: 8
# nbIterations: 8
# experimentsUsed: 1986
# timeUsed: 0
# remainingBudget: 14
# currentBudget: 14
# number of elites: 5
# nbConfigurations: 5
# 2026-01-25 22:20:16 -03: Stopped because there is not enough budget left to race more than the minimum (5).
# You may either increase the budget or set 'minNbSurvival' to a lower value.
# Iteration: 8
# nbIterations: 8
# experimentsUsed: 1986
# timeUsed: 0
# remainingBudget: 14
# currentBudget: 14
# number of elites: 5
# nbConfigurations: 5
# Total CPU user time: 12877.83, CPU sys time: 106.267, Wall-clock time: 1972.482
# 2026-01-25 22:20:16 -03: Starting post-selection:
# Configurations selected: 166, 125, 178, 154, 170, 137, 155, 168, 169, 171, 172, 173, 174, 175.
# Pending instances: 0, 0, 0, 0, 0, 0, 0, 0, 0, 0, 0, 0, 0, 0.
# 2026-01-25 22:20:16 -03: seed: 800123
# Configurations: 14
# Available experiments: 14
# minSurvival: 1
# Markers:
     x No test is performed.
     c Configurations are discarded only due to capping.
     - The test is performed and some configurations are discarded.
     = The test is performed but no configuration is discarded.
     ! The test is performed and configurations could be discarded but elite configurations are preserved.
     . All alive configurations are elite and nothing is discarded.

+-+-----------+-----------+-----------+----------------+-----------+--------+-----+----+------+
| |   Instance|      Alive|       Best|       Mean best| Exp so far|  W time|  rho|KenW|  Qvar|
+-+-----------+-----------+-----------+----------------+-----------+--------+-----+----+------+
|.|         10|         14|        137|    0.6580597686|          0|00:00:00|   NA|  NA|    NA|
|.|         11|         14|        137|     8627.498527|          0|00:00:00|+0.27|0.64|0.6806|
|.|         18|         14|        137|     75898.81891|          0|00:00:00|+0.25|0.50|0.6921|
|.|         12|         14|        137|     56924.81963|          0|00:00:00|+0.25|0.44|0.6326|
|.|          5|         14|        137|     45542.70738|          0|00:00:00|+0.25|0.40|0.6671|
|.|         17|         14|        137|     38049.89442|          0|00:00:00|+0.07|0.22|0.8223|
|.|          9|         14|        137|     32614.42795|          0|00:00:00|+0.03|0.17|0.8750|
|.|         13|         14|        137|     30532.38065|          0|00:00:00|+0.00|0.13|0.9058|
|.|          6|         14|        137|     27139.95397|          0|00:00:00|+0.02|0.13|0.8967|
|.|          3|         14|        137|     24432.06934|          0|00:00:00|+0.02|0.12|0.9100|
|.|         16|         14|        137|     22213.12997|          0|00:00:00|+0.04|0.13|0.9012|
|.|          8|         14|        137|     20441.11289|          0|00:00:00|+0.06|0.14|0.9000|
|.|         14|         14|        137|     18909.91260|          0|00:00:00|+0.07|0.14|0.8899|
|.|         15|         14|        137|     17567.42577|          0|00:00:00|+0.03|0.10|0.9175|
|.|          1|         14|        137|     19841.47764|          0|00:00:00|+0.01|0.08|0.9343|
|.|          2|         14|        137|     18601.64972|          0|00:00:00|+0.00|0.06|0.9378|
|.|          7|         14|        137|     17507.45684|          0|00:00:00|+0.02|0.08|0.9218|
|.|          4|         14|        137|     16541.63906|          0|00:00:00|+0.01|0.06|0.9306|
|=|         19|         14|        166|     11474.62711|         14|00:00:02|+0.02|0.07|0.9186|
+-+-----------+-----------+-----------+----------------+-----------+--------+-----+----+------+
Best-so-far configuration:         166    mean value:      11474.62711
Description of the best-so-far configuration:
    .ID. particles topology modInfluence branching tSchedule phi1 phi2 inertia
166  166        88        0            0        NA        NA 1.68  2.5    0.22
    .PARENT.
166      137

# 2026-01-25 22:20:19 -03: Elite configurations (first number is the configuration ID; listed from best to worst according to the sum of ranks):
    particles topology modInfluence branching tSchedule phi1 phi2 inertia
166        88        0            0        NA        NA 1.68 2.50    0.22
125        95        0            0        NA        NA 1.90 2.18    0.27
154        97        0            0        NA        NA 1.90 2.29    0.22
137       102        0            0        NA        NA 1.96 2.40    0.23
178        83        0            0        NA        NA 1.63 2.44    0.19
# Total CPU user time: 12898.1, CPU sys time: 106.862, Wall-clock time: 1975.438
    .ID. particles topology modInfluence branching tSchedule phi1 phi2 inertia
166  166        88        0            0        NA        NA 1.68 2.50    0.22
125  125        95        0            0        NA        NA 1.90 2.18    0.27
154  154        97        0            0        NA        NA 1.90 2.29    0.22
137  137       102        0            0        NA        NA 1.96 2.40    0.23
178  178        83        0            0        NA        NA 1.63 2.44    0.19
    .PARENT. .RANK.   .WEIGHT.
166      137    109 0.33333333
125       60    115 0.26666667
154      137    123 0.20000000
137       60    131 0.13333333
178      166    131 0.06666667
