# 2026-01-25 21:06:00 -03: Reading parameter file '/home/pestobar/Activities/irace-executions/PSO-X/Scenarios/BL-32/Runs/BL-32_seed_600083/parameters.txt'.
# 2026-01-25 21:06:00 -03: 2 expression(s) specifying forbidden configurations read.
# 2026-01-25 21:06:01 -03: Initialization
# Elitist race
# Elitist new instances: 1
# Elitist limit: 2
# nbIterations: 5
# minNbSurvival: 5
# nbParameters: 8
# seed: 600083
# confidence level: 0.95
# budget: 2000
# mu: 5
# deterministic: FALSE

# 2026-01-25 21:06:01 -03: Iteration 1 of 5
# experimentsUsed: 0
# remainingBudget: 2000
# currentBudget: 400
# nbConfigurations: 32
# Markers:
     x No test is performed.
     c Configurations are discarded only due to capping.
     - The test is performed and some configurations are discarded.
     = The test is performed but no configuration is discarded.
     ! The test is performed and configurations could be discarded but elite configurations are preserved.
     . All alive configurations are elite and nothing is discarded.

+-+-----------+-----------+-----------+----------------+-----------+--------+-----+----+------+
| |   Instance|      Alive|       Best|       Mean best| Exp so far|  W time|  rho|KenW|  Qvar|
+-+-----------+-----------+-----------+----------------+-----------+--------+-----+----+------+
|x|          1|         32|         17|     3.895792604|         32|00:00:27|   NA|  NA|    NA|
|x|          2|         32|          7|     16.47596698|         64|00:01:06|-0.02|0.49|0.7470|
|x|          3|         32|         13|     61.23149186|         96|00:00:26|+0.25|0.50|0.4922|
|x|          4|         32|         22|     188.5418948|        128|00:02:11|+0.27|0.46|0.5945|
|-|          5|         23|         20|     16457.48954|        160|00:00:27|-0.05|0.16|0.9380|
|=|          6|         23|         17|     142698.9320|        183|00:00:23|+0.02|0.18|0.8660|
|=|          7|         23|         25|     308305.8898|        206|00:01:36|+0.06|0.19|0.8074|
+-+-----------+-----------+-----------+----------------+-----------+--------+-----+----+------+
Best-so-far configuration:          25    mean value:      308305.8898
Description of the best-so-far configuration:
   .ID. particles topology modInfluence branching tSchedule phi1 phi2 inertia
25   25         6        5            0        NA         6 1.57 1.92    0.71
   .PARENT.
25       NA

# 2026-01-25 21:12:39 -03: Elite configurations (first number is the configuration ID; listed from best to worst according to the sum of ranks):
   particles topology modInfluence branching tSchedule phi1 phi2 inertia
25         6        5            0        NA         6 1.57 1.92    0.71
20       193        5            1        NA         9 0.48 2.39    0.88
17        44        4            2        NA        NA 2.36 1.76    0.21
22       118        5            0        NA         8 0.17 1.45    0.09
13       112        5            0        NA        10 2.28 0.28    0.69
# 2026-01-25 21:12:39 -03: Iteration 2 of 5
# experimentsUsed: 206
# remainingBudget: 1794
# currentBudget: 448
# nbConfigurations: 32
# Markers:
     x No test is performed.
     c Configurations are discarded only due to capping.
     - The test is performed and some configurations are discarded.
     = The test is performed but no configuration is discarded.
     ! The test is performed and configurations could be discarded but elite configurations are preserved.
     . All alive configurations are elite and nothing is discarded.

+-+-----------+-----------+-----------+----------------+-----------+--------+-----+----+------+
| |   Instance|      Alive|       Best|       Mean best| Exp so far|  W time|  rho|KenW|  Qvar|
+-+-----------+-----------+-----------+----------------+-----------+--------+-----+----+------+
|x|          8|         32|         34|     55.47232391|         32|00:00:39|   NA|  NA|    NA|
|x|          3|         32|         49|     116.3601706|         59|00:00:38|-0.07|0.47|0.6185|
|x|          2|         32|         20|     84.62334831|         86|00:01:21|+0.17|0.44|0.5405|
|x|          6|         32|         20|     711683.2920|        113|00:00:35|+0.15|0.36|0.4813|
|-|          7|         24|         13|     915141.0575|        140|00:02:08|-0.02|0.18|0.9461|
|=|          5|         24|         20|     488010.2251|        159|00:00:35|-0.04|0.14|0.9503|
|=|          4|         24|         59|     310776.5080|        178|00:01:35|-0.01|0.13|0.9534|
|=|          1|         24|         59|     271930.2791|        197|00:00:32|+0.01|0.13|0.9505|
|=|          9|         24|         59|     241742.7138|        221|00:01:55|+0.02|0.13|0.9265|
+-+-----------+-----------+-----------+----------------+-----------+--------+-----+----+------+
Best-so-far configuration:          59    mean value:      241742.7138
Description of the best-so-far configuration:
   .ID. particles topology modInfluence branching tSchedule phi1 phi2 inertia
59   59        62        1            0        NA        NA 1.89 1.76    0.63
   .PARENT.
59       25

# 2026-01-25 21:22:42 -03: Elite configurations (first number is the configuration ID; listed from best to worst according to the sum of ranks):
   particles topology modInfluence branching tSchedule phi1 phi2 inertia
59        62        1            0        NA        NA 1.89 1.76    0.63
17        44        4            2        NA        NA 2.36 1.76    0.21
33       120        5            0        NA         7 0.72 1.96    0.30
22       118        5            0        NA         8 0.17 1.45    0.09
13       112        5            0        NA        10 2.28 0.28    0.69
# 2026-01-25 21:22:42 -03: Iteration 3 of 5
# experimentsUsed: 427
# remainingBudget: 1573
# currentBudget: 524
# nbConfigurations: 32
# Markers:
     x No test is performed.
     c Configurations are discarded only due to capping.
     - The test is performed and some configurations are discarded.
     = The test is performed but no configuration is discarded.
     ! The test is performed and configurations could be discarded but elite configurations are preserved.
     . All alive configurations are elite and nothing is discarded.

+-+-----------+-----------+-----------+----------------+-----------+--------+-----+----+------+
| |   Instance|      Alive|       Best|       Mean best| Exp so far|  W time|  rho|KenW|  Qvar|
+-+-----------+-----------+-----------+----------------+-----------+--------+-----+----+------+
|x|         10|         32|         67|     2.714143129|         32|00:00:12|   NA|  NA|    NA|
|x|          6|         32|         74|     340082.3619|         59|00:00:13|+0.77|0.88|0.3161|
|x|          3|         32|         80|     381268.6806|         86|00:00:13|+0.33|0.56|0.3987|
|x|          4|         32|         65|     214467.4878|        113|00:01:40|+0.24|0.43|0.5770|
|-|          2|         20|         65|     171579.4195|        140|00:00:47|-0.12|0.10|1.0000|
|=|          5|         20|         65|     163509.1228|        155|00:00:03|-0.05|0.12|0.9820|
|=|          9|         20|         65|     140196.2709|        170|00:01:05|-0.06|0.09|0.9554|
|=|          1|         20|         65|     122672.3842|        185|00:00:02|-0.03|0.10|0.9626|
|=|          7|         20|         65|     109090.8815|        200|00:01:05|+0.00|0.11|0.9454|
|=|          8|         20|         65|     98193.95245|        215|00:00:03|+0.02|0.12|0.9309|
|=|         11|         20|         59|     197799.5065|        235|00:00:03|+0.01|0.10|0.9224|
+-+-----------+-----------+-----------+----------------+-----------+--------+-----+----+------+
Best-so-far configuration:          59    mean value:      197799.5065
Description of the best-so-far configuration:
   .ID. particles topology modInfluence branching tSchedule phi1 phi2 inertia
59   59        62        1            0        NA        NA 1.89 1.76    0.63
   .PARENT.
59       25

# 2026-01-25 21:28:14 -03: Elite configurations (first number is the configuration ID; listed from best to worst according to the sum of ranks):
   particles topology modInfluence branching tSchedule phi1 phi2 inertia
59        62        1            0        NA        NA 1.89 1.76    0.63
63        72        1            0        NA        NA 2.01 1.66    0.54
65        58        1            0        NA        NA 2.16 2.05    0.16
64        90        4            0        NA        NA 0.96 1.92    0.48
17        44        4            2        NA        NA 2.36 1.76    0.21
# 2026-01-25 21:28:14 -03: Iteration 4 of 5
# experimentsUsed: 662
# remainingBudget: 1338
# currentBudget: 669
# nbConfigurations: 32
# Markers:
     x No test is performed.
     c Configurations are discarded only due to capping.
     - The test is performed and some configurations are discarded.
     = The test is performed but no configuration is discarded.
     ! The test is performed and configurations could be discarded but elite configurations are preserved.
     . All alive configurations are elite and nothing is discarded.

+-+-----------+-----------+-----------+----------------+-----------+--------+-----+----+------+
| |   Instance|      Alive|       Best|       Mean best| Exp so far|  W time|  rho|KenW|  Qvar|
+-+-----------+-----------+-----------+----------------+-----------+--------+-----+----+------+
|x|         12|         32|        112|     1.432123984|         32|00:00:04|   NA|  NA|    NA|
|x|          7|         32|         95|     140.6016719|         59|00:01:39|-0.17|0.42|0.4570|
|x|          1|         32|         95|     95.73733480|         86|00:00:04|+0.13|0.42|0.2782|
|x|          9|         32|        111|     124.8715382|        113|00:01:39|+0.08|0.31|0.2302|
|-|         11|         24|         59|     148.4856685|        140|00:00:04|-0.12|0.10|0.9693|
|=|          6|         24|        102|     208589.6764|        159|00:00:02|-0.08|0.10|0.9005|
|=|          2|         24|        111|     235798.0239|        178|00:00:31|-0.07|0.09|0.9002|
|=|          8|         24|        106|     145410.4224|        197|00:00:03|-0.05|0.08|0.9038|
|=|          4|         24|        106|     129316.1296|        216|00:01:07|-0.04|0.08|0.8691|
|=|          5|         24|         17|     85720.13012|        235|00:00:02|-0.04|0.06|0.8764|
|=|         10|         24|         17|     77927.68408|        254|00:00:02|-0.01|0.08|0.8500|
|=|          3|         24|        102|     116663.3912|        273|00:00:03|-0.02|0.06|0.8586|
|=|         13|         24|         89|     120943.1748|        297|00:00:04|-0.02|0.06|0.8577|
+-+-----------+-----------+-----------+----------------+-----------+--------+-----+----+------+
Best-so-far configuration:          89    mean value:      120943.1748
Description of the best-so-far configuration:
   .ID. particles topology modInfluence branching tSchedule phi1 phi2 inertia
89   89        67        4            0        NA        NA 0.85 1.72    0.41
   .PARENT.
89       64

# 2026-01-25 21:33:44 -03: Elite configurations (first number is the configuration ID; listed from best to worst according to the sum of ranks):
    particles topology modInfluence branching tSchedule phi1 phi2 inertia
89         67        4            0        NA        NA 0.85 1.72    0.41
91         59        1            0        NA        NA 1.84 1.73    0.55
102        90        4            0        NA        NA 0.78 2.12    0.34
63         72        1            0        NA        NA 2.01 1.66    0.54
106        94        4            0        NA        NA 1.96 1.81    0.50
# 2026-01-25 21:33:44 -03: Iteration 5 of 5
# experimentsUsed: 959
# remainingBudget: 1041
# currentBudget: 1041
# nbConfigurations: 32
# Markers:
     x No test is performed.
     c Configurations are discarded only due to capping.
     - The test is performed and some configurations are discarded.
     = The test is performed but no configuration is discarded.
     ! The test is performed and configurations could be discarded but elite configurations are preserved.
     . All alive configurations are elite and nothing is discarded.

+-+-----------+-----------+-----------+----------------+-----------+--------+-----+----+------+
| |   Instance|      Alive|       Best|       Mean best| Exp so far|  W time|  rho|KenW|  Qvar|
+-+-----------+-----------+-----------+----------------+-----------+--------+-----+----+------+
|x|         14|         32|        128|     11.98752649|         32|00:00:05|   NA|  NA|    NA|
|x|          2|         32|        135|     18.72794970|         59|00:00:47|+0.08|0.54|0.8993|
|x|          8|         32|         89|     42.86262368|         86|00:00:04|+0.19|0.46|0.7544|
|x|          7|         32|        125|     94.91394457|        113|00:01:39|+0.03|0.27|0.9478|
|=|          4|         32|        125|     184.8547317|        140|00:01:39|+0.05|0.24|0.8935|
|=|         13|         32|        125|     1410.474742|        167|00:00:04|+0.05|0.21|0.9093|
|-|         11|         17|        125|     1223.024434|        194|00:00:04|-0.08|0.08|1.0187|
|=|         12|         17|        125|     1091.323884|        206|00:00:02|-0.10|0.04|1.0406|
|=|          3|         17|        134|     938.9376351|        218|00:00:02|-0.07|0.05|1.0195|
|=|          9|         17|        134|     866.9224363|        230|00:01:04|-0.05|0.06|1.0033|
|=|          5|         17|        134|     8920.945951|        242|00:00:02|-0.02|0.07|0.9794|
|=|          1|         17|        134|     8178.050192|        254|00:00:02|-0.01|0.07|0.9624|
|=|         10|         17|        134|     7549.252648|        266|00:00:02|+0.01|0.08|0.9396|
|=|          6|         17|        134|     100390.0387|        278|00:00:02|+0.01|0.08|0.9313|
|=|         15|         17|        134|     93697.39837|        295|00:00:21|+0.01|0.08|0.9325|
+-+-----------+-----------+-----------+----------------+-----------+--------+-----+----+------+
Best-so-far configuration:         134    mean value:      93697.39837
Description of the best-so-far configuration:
    .ID. particles topology modInfluence branching tSchedule phi1 phi2 inertia
134  134        69        4            0        NA        NA 0.78 2.13    0.39
    .PARENT.
134       89

# 2026-01-25 21:39:49 -03: Elite configurations (first number is the configuration ID; listed from best to worst according to the sum of ranks):
    particles topology modInfluence branching tSchedule phi1 phi2 inertia
134        69        4            0        NA        NA 0.78 2.13    0.39
129        73        4            0        NA        NA 0.95 2.13    0.34
125       126        4            0        NA        NA 2.07 1.88    0.40
102        90        4            0        NA        NA 0.78 2.12    0.34
114        94        4            0        NA        NA 0.92 1.76    0.22
# 2026-01-25 21:39:49 -03: Iteration 6 of 6
# experimentsUsed: 1254
# remainingBudget: 746
# currentBudget: 746
# nbConfigurations: 32
# Markers:
     x No test is performed.
     c Configurations are discarded only due to capping.
     - The test is performed and some configurations are discarded.
     = The test is performed but no configuration is discarded.
     ! The test is performed and configurations could be discarded but elite configurations are preserved.
     . All alive configurations are elite and nothing is discarded.

+-+-----------+-----------+-----------+----------------+-----------+--------+-----+----+------+
| |   Instance|      Alive|       Best|       Mean best| Exp so far|  W time|  rho|KenW|  Qvar|
+-+-----------+-----------+-----------+----------------+-----------+--------+-----+----+------+
|x|         16|         32|        151|     909.1901457|         32|00:02:14|   NA|  NA|    NA|
|x|         13|         32|        156|     4105.149077|         59|00:00:04|-0.08|0.46|1.1575|
|x|          1|         32|        156|     2738.550428|         86|00:00:03|-0.01|0.32|1.0301|
|x|         12|         32|        149|     2055.381850|        113|00:00:03|+0.01|0.26|0.9727|
|=|          4|         32|        149|     1756.577922|        140|00:01:40|-0.06|0.15|1.0274|
|=|         11|         32|        161|     1487.304531|        167|00:00:04|-0.05|0.13|1.0148|
|=|          5|         32|        134|     14016.53372|        194|00:00:03|-0.04|0.11|1.0073|
|=|         14|         32|        125|     15669.91695|        221|00:00:03|-0.02|0.11|0.9991|
|=|          8|         32|        125|     13937.06264|        248|00:00:04|-0.03|0.08|0.9943|
|=|          7|         32|        125|     12569.74969|        275|00:01:41|-0.02|0.08|0.9820|
|=|         15|         32|        125|     11427.13096|        302|00:00:30|-0.00|0.09|0.9662|
|=|          2|         32|        125|     10477.32089|        329|00:00:47|+0.00|0.08|0.9545|
|=|          6|         32|        163|     93306.45451|        356|00:00:03|+0.00|0.08|0.9532|
|=|          9|         32|        157|     115184.5305|        383|00:01:36|+0.01|0.08|0.9423|
|=|          3|         32|        157|     107514.0766|        410|00:00:04|+0.00|0.07|0.9466|
|=|         10|         32|        134|     87898.20942|        437|00:00:03|+0.00|0.07|0.9484|
|=|         17|         32|        163|     71380.75689|        469|00:00:05|+0.00|0.06|0.9501|
+-+-----------+-----------+-----------+----------------+-----------+--------+-----+----+------+
Best-so-far configuration:         163    mean value:      71380.75689
Description of the best-so-far configuration:
    .ID. particles topology modInfluence branching tSchedule phi1 phi2 inertia
163  163        84        4            0        NA        NA 0.78 2.24    0.29
    .PARENT.
163      102

# 2026-01-25 21:49:06 -03: Elite configurations (first number is the configuration ID; listed from best to worst according to the sum of ranks):
    particles topology modInfluence branching tSchedule phi1 phi2 inertia
163        84        4            0        NA        NA 0.78 2.24    0.29
157        78        4            0        NA        NA 0.54 2.45    0.45
134        69        4            0        NA        NA 0.78 2.13    0.39
141       129        4            0        NA        NA 1.90 2.00    0.42
143        69        4            0        NA        NA 0.71 2.00    0.39
# 2026-01-25 21:49:06 -03: There is not enough budget to enforce the value of nbConfigurations, returning to default behaviour nbConfigurations:20.
# Iteration: 7
# nbIterations: 7
# experimentsUsed: 1723
# timeUsed: 0
# remainingBudget: 277
# currentBudget: 277
# number of elites: 5
# nbConfigurations: 20
# 2026-01-25 21:49:06 -03: Iteration 7 of 7
# experimentsUsed: 1723
# remainingBudget: 277
# currentBudget: 277
# nbConfigurations: 20
# Markers:
     x No test is performed.
     c Configurations are discarded only due to capping.
     - The test is performed and some configurations are discarded.
     = The test is performed but no configuration is discarded.
     ! The test is performed and configurations could be discarded but elite configurations are preserved.
     . All alive configurations are elite and nothing is discarded.

+-+-----------+-----------+-----------+----------------+-----------+--------+-----+----+------+
| |   Instance|      Alive|       Best|       Mean best| Exp so far|  W time|  rho|KenW|  Qvar|
+-+-----------+-----------+-----------+----------------+-----------+--------+-----+----+------+
|x|         18|         20|        177|     29.37571903|         20|00:00:02|   NA|  NA|    NA|
|x|          9|         20|        134|     133.2214828|         35|00:01:03|-0.11|0.45|0.9783|
|x|          4|         20|        134|     275.2739258|         50|00:01:05|+0.08|0.38|0.5966|
|x|         12|         20|        181|     226.2674862|         65|00:00:02|-0.09|0.18|0.8969|
|=|          7|         20|        181|     249.7170904|         80|00:01:06|-0.13|0.10|0.9882|
|=|         14|         20|        172|     197.8515639|         95|00:00:02|-0.11|0.08|0.9966|
|=|          2|         20|        181|     184.0947673|        110|00:00:31|-0.08|0.08|0.9660|
|=|         11|         20|        181|     175.7131061|        125|00:00:02|-0.01|0.11|0.9148|
|=|         15|         20|        157|     136.7524262|        140|00:00:19|-0.02|0.09|0.9468|
|=|         13|         20|        157|     841.6642261|        155|00:00:02|-0.01|0.09|0.9428|
|=|          8|         20|        157|     772.7266084|        170|00:00:02|-0.01|0.08|0.9239|
|=|          5|         20|        157|     15089.60221|        185|00:00:02|-0.02|0.07|0.9368|
|=|         16|         20|        157|     13998.90252|        200|00:01:05|-0.03|0.05|0.9616|
|=|         10|         20|        157|     12999.28093|        215|00:00:02|-0.02|0.05|0.9604|
|=|          6|         20|        172|     88931.83026|        230|00:00:02|-0.01|0.05|0.9613|
|=|          1|         20|        172|     83373.94359|        245|00:00:02|-0.02|0.04|0.9691|
|=|          3|         20|        168|     72906.04218|        260|00:00:02|-0.01|0.05|0.9635|
|=|         17|         20|        163|     67417.46417|        275|00:00:02|-0.02|0.03|0.9676|
+-+-----------+-----------+-----------+----------------+-----------+--------+-----+----+------+
Best-so-far configuration:         163    mean value:      67417.46417
Description of the best-so-far configuration:
    .ID. particles topology modInfluence branching tSchedule phi1 phi2 inertia
163  163        84        4            0        NA        NA 0.78 2.24    0.29
    .PARENT.
163      102

# 2026-01-25 21:54:48 -03: Elite configurations (first number is the configuration ID; listed from best to worst according to the sum of ranks):
    particles topology modInfluence branching tSchedule phi1 phi2 inertia
163        84        4            0        NA        NA 0.78 2.24    0.29
169        78        4            0        NA        NA 0.95 2.34    0.31
168        77        4            0        NA        NA 0.93 2.27    0.36
180       105        4            0        NA        NA 0.67 2.10    0.27
157        78        4            0        NA        NA 0.54 2.45    0.45
# 2026-01-25 21:54:48 -03: There is not enough budget to enforce the value of nbConfigurations, returning to default behaviour nbConfigurations:5.
# Iteration: 8
# nbIterations: 8
# experimentsUsed: 1998
# timeUsed: 0
# remainingBudget: 2
# currentBudget: 2
# number of elites: 5
# nbConfigurations: 5
# 2026-01-25 21:54:48 -03: Stopped because there is not enough budget left to race more than the minimum (5).
# You may either increase the budget or set 'minNbSurvival' to a lower value.
# Iteration: 8
# nbIterations: 8
# experimentsUsed: 1998
# timeUsed: 0
# remainingBudget: 2
# currentBudget: 2
# number of elites: 5
# nbConfigurations: 5
# Total CPU user time: 22639.82, CPU sys time: 115.459, Wall-clock time: 2927.362
# 2026-01-25 21:54:48 -03: Starting post-selection:
# Configurations selected: 163, 169.
# Pending instances: 0, 0.
# 2026-01-25 21:54:48 -03: seed: 600083
# Configurations: 2
# Available experiments: 2
# minSurvival: 1
# Markers:
     x No test is performed.
     c Configurations are discarded only due to capping.
     - The test is performed and some configurations are discarded.
     = The test is performed but no configuration is discarded.
     ! The test is performed and configurations could be discarded but elite configurations are preserved.
     . All alive configurations are elite and nothing is discarded.

+-+-----------+-----------+-----------+----------------+-----------+--------+-----+----+------+
| |   Instance|      Alive|       Best|       Mean best| Exp so far|  W time|  rho|KenW|  Qvar|
+-+-----------+-----------+-----------+----------------+-----------+--------+-----+----+------+
|.|          3|          2|        169|     133.0681825|          0|00:00:00|   NA|  NA|    NA|
|.|          2|          2|        169|     81.81241339|          0|00:00:00|-1.00|0.00|1.0000|
|.|          1|          2|        169|     56.37195704|          0|00:00:00|-0.33|0.11|0.6667|
|.|          8|          2|        169|     65.74942013|          0|00:00:00|+0.00|0.25|0.5000|
|.|         11|          2|        169|     83.36324180|          0|00:00:00|-0.20|0.04|0.6000|
|.|          9|          2|        169|     141.4021470|          0|00:00:00|-0.20|0.00|0.6000|
|.|          4|          2|        169|     260.1904001|          0|00:00:00|-0.14|0.02|0.5714|
|.|         10|          2|        169|     228.1123958|          0|00:00:00|-0.07|0.06|0.5357|
|.|         17|          2|        169|     203.1831055|          0|00:00:00|-0.11|0.01|0.5556|
|.|          5|          2|        169|     14136.22124|          0|00:00:00|-0.07|0.04|0.5333|
|.|         14|          2|        169|     12852.40029|          0|00:00:00|-0.02|0.07|0.5091|
|.|         12|          2|        169|     11781.85585|          0|00:00:00|-0.06|0.03|0.5303|
|.|         16|          2|        169|     10945.54846|          0|00:00:00|-0.08|0.01|0.5385|
|.|         15|          2|        169|     10163.73966|          0|00:00:00|-0.08|0.00|0.5385|
|.|          6|          2|        169|     77436.80880|          0|00:00:00|-0.07|0.00|0.5333|
|.|          7|          2|        169|     72612.28620|          0|00:00:00|-0.05|0.02|0.5250|
|.|         13|          2|        169|     68770.11641|          0|00:00:00|-0.03|0.03|0.5147|
|.|         18|          2|        169|     64952.54141|          0|00:00:00|-0.05|0.01|0.5229|
|=|         19|          2|        169|     61620.64548|          2|00:00:01|-0.05|0.00|0.5263|
+-+-----------+-----------+-----------+----------------+-----------+--------+-----+----+------+
Best-so-far configuration:         169    mean value:      61620.64548
Description of the best-so-far configuration:
    .ID. particles topology modInfluence branching tSchedule phi1 phi2 inertia
169  169        78        4            0        NA        NA 0.95 2.34    0.31
    .PARENT.
169      163

# 2026-01-25 21:54:49 -03: Elite configurations (first number is the configuration ID; listed from best to worst according to the sum of ranks):
    particles topology modInfluence branching tSchedule phi1 phi2 inertia
169        78        4            0        NA        NA 0.95 2.34    0.31
163        84        4            0        NA        NA 0.78 2.24    0.29
# Total CPU user time: 22642.11, CPU sys time: 115.572, Wall-clock time: 2928.58
    .ID. particles topology modInfluence branching tSchedule phi1 phi2 inertia
169  169        78        4            0        NA        NA 0.95 2.34    0.31
163  163        84        4            0        NA        NA 0.78 2.24    0.29
    .PARENT. .RANK.  .WEIGHT.
169      163     28 0.6666667
163      102     29 0.3333333
