# 2026-01-16 08:11:25 -03: Reading parameter file '/home/pestobar/Activities/irace-executions/ACOTSP/Scenarios/BL/Runs/BL_seed_600083/parameters.txt'.
# 2026-01-16 08:11:25 -03: 1 expression(s) specifying forbidden configurations read.
# 2026-01-16 08:11:25 -03: Initialization
# Elitist race
# Elitist new instances: 1
# Elitist limit: 2
# nbIterations: 5
# minNbSurvival: 5
# nbParameters: 11
# seed: 600083
# confidence level: 0.95
# budget: 2750
# mu: 5
# deterministic: FALSE

# 2026-01-16 08:11:25 -03: Iteration 1 of 5
# experimentsUsed: 0
# remainingBudget: 2750
# currentBudget: 550
# nbConfigurations: 91
# Markers:
     x No test is performed.
     c Configurations are discarded only due to capping.
     - The test is performed and some configurations are discarded.
     = The test is performed but no configuration is discarded.
     ! The test is performed and configurations could be discarded but elite configurations are preserved.
     . All alive configurations are elite and nothing is discarded.

+-+-----------+-----------+-----------+----------------+-----------+--------+-----+----+------+
| |   Instance|      Alive|       Best|       Mean best| Exp so far|  W time|  rho|KenW|  Qvar|
+-+-----------+-----------+-----------+----------------+-----------+--------+-----+----+------+
|x|          1|         91|         69|     32595507.00|         91|00:05:02|   NA|  NA|    NA|
|x|          2|         91|         69|     32815614.00|        182|00:04:59|+0.99|0.99|0.0015|
|x|          3|         91|         69|     32794487.67|        273|00:05:15|+0.99|0.99|0.0014|
|x|          4|         91|         69|     32789190.50|        364|00:04:54|+0.99|0.99|0.0013|
|-|          5|          4|         69|     32732103.20|        455|00:04:50|+0.04|0.23|0.6111|
+-+-----------+-----------+-----------+----------------+-----------+--------+-----+----+------+
Best-so-far configuration:          69    mean value:      32732103.20
Description of the best-so-far configuration:
   .ID. algorithm localsearch alpha beta  rho ants q0 rasrank elitistants nnls
69   69      mmas           3  3.41 6.27 0.16   24 NA      NA          NA   25
   dlb .PARENT.
69   1       NA

# 2026-01-16 08:36:27 -03: Elite configurations (first number is the configuration ID; listed from best to worst according to the sum of ranks):
   algorithm localsearch alpha beta  rho ants   q0 rasrank elitistants nnls dlb
69      mmas           3  3.41 6.27 0.16   24   NA      NA          NA   25   1
64      mmas           3  1.26 1.34 0.49    6   NA      NA          NA   10   1
18       acs           3  4.46 4.94 0.41   40 0.08      NA          NA   11   0
74        as           3  4.97 1.89 0.84   30   NA      NA          NA   28   1
# 2026-01-16 08:36:27 -03: Iteration 2 of 5
# experimentsUsed: 455
# remainingBudget: 2295
# currentBudget: 573
# nbConfigurations: 84
# Markers:
     x No test is performed.
     c Configurations are discarded only due to capping.
     - The test is performed and some configurations are discarded.
     = The test is performed but no configuration is discarded.
     ! The test is performed and configurations could be discarded but elite configurations are preserved.
     . All alive configurations are elite and nothing is discarded.

+-+-----------+-----------+-----------+----------------+-----------+--------+-----+----+------+
| |   Instance|      Alive|       Best|       Mean best| Exp so far|  W time|  rho|KenW|  Qvar|
+-+-----------+-----------+-----------+----------------+-----------+--------+-----+----+------+
|x|          6|         84|        127|     32538786.00|         84|00:03:31|   NA|  NA|    NA|
|x|          2|         84|         69|     32804066.00|        164|00:03:33|+0.97|0.98|0.0012|
|x|          4|         84|         69|     32793810.33|        244|00:03:58|+0.97|0.98|0.0015|
|x|          3|         84|         69|     32783416.50|        324|00:04:22|+0.97|0.98|0.0018|
|-|          1|          7|         69|     32745834.60|        404|00:04:16|+0.47|0.58|0.4603|
|-|          5|          5|         69|     32705487.83|        407|00:00:39|+0.07|0.23|0.7764|
+-+-----------+-----------+-----------+----------------+-----------+--------+-----+----+------+
Best-so-far configuration:          69    mean value:      32705487.83
Description of the best-so-far configuration:
   .ID. algorithm localsearch alpha beta  rho ants q0 rasrank elitistants nnls
69   69      mmas           3  3.41 6.27 0.16   24 NA      NA          NA   25
   dlb .PARENT.
69   1       NA

# 2026-01-16 08:56:49 -03: Elite configurations (first number is the configuration ID; listed from best to worst according to the sum of ranks):
    algorithm localsearch alpha beta  rho ants   q0 rasrank elitistants nnls
69       mmas           3  3.41 6.27 0.16   24   NA      NA          NA   25
114       acs           3  4.71 2.52 0.46   59 0.42      NA          NA   25
127      mmas           3  3.55 9.51 0.47   57   NA      NA          NA   34
116      mmas           3  3.38 5.23 0.37   16   NA      NA          NA   49
64       mmas           3  1.26 1.34 0.49    6   NA      NA          NA   10
    dlb
69    1
114   0
127   1
116   1
64    1
# 2026-01-16 08:56:49 -03: Iteration 3 of 5
# experimentsUsed: 862
# remainingBudget: 1888
# currentBudget: 629
# nbConfigurations: 82
# Markers:
     x No test is performed.
     c Configurations are discarded only due to capping.
     - The test is performed and some configurations are discarded.
     = The test is performed but no configuration is discarded.
     ! The test is performed and configurations could be discarded but elite configurations are preserved.
     . All alive configurations are elite and nothing is discarded.

+-+-----------+-----------+-----------+----------------+-----------+--------+-----+----+------+
| |   Instance|      Alive|       Best|       Mean best| Exp so far|  W time|  rho|KenW|  Qvar|
+-+-----------+-----------+-----------+----------------+-----------+--------+-----+----+------+
|x|          7|         82|        245|     32524125.00|         82|00:04:20|   NA|  NA|    NA|
|x|          5|         82|        210|     32449811.50|        159|00:04:19|+0.93|0.96|0.0022|
|x|          3|         82|        206|     32564184.33|        236|00:04:32|+0.92|0.95|0.0027|
|x|          2|         82|        210|     32679326.25|        313|00:04:33|+0.91|0.93|0.0029|
|-|          4|         13|        206|     32691887.00|        390|00:04:25|+0.19|0.35|0.7978|
|=|          1|         13|        210|     32683134.33|        398|00:01:42|+0.10|0.25|0.8593|
|=|          6|         13|        210|     32666271.43|        406|00:02:03|+0.07|0.20|0.8617|
|-|          8|         10|        210|     32677709.12|        419|00:01:52|-0.06|0.07|0.9377|
|=|          9|         10|        210|     32697372.89|        429|00:01:48|-0.06|0.06|0.9336|
|=|         10|         10|        210|     32677812.10|        439|00:01:17|-0.02|0.08|0.9026|
+-+-----------+-----------+-----------+----------------+-----------+--------+-----+----+------+
Best-so-far configuration:         210    mean value:      32677812.10
Description of the best-so-far configuration:
    .ID. algorithm localsearch alpha beta  rho ants q0 rasrank elitistants nnls
210  210      mmas           3  4.47 6.51 0.22   47 NA      NA          NA   30
    dlb .PARENT.
210   1       69

# 2026-01-16 09:27:45 -03: Elite configurations (first number is the configuration ID; listed from best to worst according to the sum of ranks):
    algorithm localsearch alpha beta  rho ants   q0 rasrank elitistants nnls
210      mmas           3  4.47 6.51 0.22   47   NA      NA          NA   30
182      mmas           3  4.34 7.52 0.13   12   NA      NA          NA   16
232       acs           3  4.25 0.82 0.11   27 0.25      NA          NA   35
202       acs           3  2.19 6.07 0.12   34 0.36      NA          NA   48
206      mmas           3  2.62 4.75 0.23   33   NA      NA          NA   17
    dlb
210   1
182   0
232   0
202   0
206   1
# 2026-01-16 09:27:45 -03: Iteration 4 of 5
# experimentsUsed: 1301
# remainingBudget: 1449
# currentBudget: 724
# nbConfigurations: 70
# Markers:
     x No test is performed.
     c Configurations are discarded only due to capping.
     - The test is performed and some configurations are discarded.
     = The test is performed but no configuration is discarded.
     ! The test is performed and configurations could be discarded but elite configurations are preserved.
     . All alive configurations are elite and nothing is discarded.

+-+-----------+-----------+-----------+----------------+-----------+--------+-----+----+------+
| |   Instance|      Alive|       Best|       Mean best| Exp so far|  W time|  rho|KenW|  Qvar|
+-+-----------+-----------+-----------+----------------+-----------+--------+-----+----+------+
|x|         11|         70|        308|     32496208.00|         70|00:06:08|   NA|  NA|    NA|
|x|          8|         70|        271|     32637578.00|        135|00:05:29|+0.70|0.85|0.0036|
|x|          9|         70|        288|     32707127.33|        200|00:05:45|+0.65|0.77|0.0044|
|x|         10|         70|        271|     32649573.25|        265|00:06:09|+0.67|0.76|0.0035|
|-|          4|         17|        288|     32663989.40|        330|00:05:32|+0.01|0.21|0.9771|
|=|          3|         17|        271|     32686322.67|        342|00:02:19|+0.01|0.17|0.9616|
|=|          1|         17|        271|     32649656.43|        354|00:02:25|+0.01|0.16|0.9309|
|=|          7|         17|        271|     32645697.75|        366|00:02:46|-0.01|0.12|0.9448|
|=|          5|         17|        271|     32609758.78|        378|00:02:46|+0.03|0.14|0.8994|
|=|          6|         17|        271|     32603797.20|        390|00:02:33|+0.03|0.13|0.9024|
|=|          2|         17|        271|     32648443.64|        402|00:02:14|-0.00|0.09|0.9305|
|=|         12|         17|        271|     32607880.25|        419|00:02:42|+0.02|0.10|0.9088|
+-+-----------+-----------+-----------+----------------+-----------+--------+-----+----+------+
Best-so-far configuration:         271    mean value:      32607880.25
Description of the best-so-far configuration:
    .ID. algorithm localsearch alpha beta  rho ants   q0 rasrank elitistants
271  271       acs           3  3.98 5.85 0.01   19 0.09      NA          NA
    nnls dlb .PARENT.
271   11   0      182

# 2026-01-16 10:14:39 -03: Elite configurations (first number is the configuration ID; listed from best to worst according to the sum of ranks):
    algorithm localsearch alpha beta  rho ants   q0 rasrank elitistants nnls
271       acs           3  3.98 5.85 0.01   19 0.09      NA          NA   11
210      mmas           3  4.47 6.51 0.22   47   NA      NA          NA   30
288       acs           3  3.36 8.71 0.19   42 0.70      NA          NA   33
291       acs           3  2.07 6.13 0.11   24 0.54      NA          NA   50
206      mmas           3  2.62 4.75 0.23   33   NA      NA          NA   17
    dlb
271   0
210   1
288   1
291   0
206   1
# 2026-01-16 10:14:39 -03: Iteration 5 of 5
# experimentsUsed: 1720
# remainingBudget: 1030
# currentBudget: 1030
# nbConfigurations: 83
# Markers:
     x No test is performed.
     c Configurations are discarded only due to capping.
     - The test is performed and some configurations are discarded.
     = The test is performed but no configuration is discarded.
     ! The test is performed and configurations could be discarded but elite configurations are preserved.
     . All alive configurations are elite and nothing is discarded.

+-+-----------+-----------+-----------+----------------+-----------+--------+-----+----+------+
| |   Instance|      Alive|       Best|       Mean best| Exp so far|  W time|  rho|KenW|  Qvar|
+-+-----------+-----------+-----------+----------------+-----------+--------+-----+----+------+
|x|         13|         83|        361|     32521061.00|         83|00:06:13|   NA|  NA|    NA|
|x|         12|         83|        271|     32359162.50|        161|00:05:57|+0.59|0.80|0.4538|
|x|          3|         83|        271|     32494804.00|        239|00:05:46|+0.54|0.69|0.4527|
|x|         10|         83|        322|     32486581.75|        317|00:05:52|+0.50|0.62|0.4227|
|-|          6|         21|        322|     32492429.20|        395|00:05:46|-0.02|0.19|0.9933|
|=|          8|         21|        322|     32543425.33|        411|00:02:11|-0.02|0.15|0.9839|
|=|         11|         21|        322|     32540627.86|        427|00:02:00|+0.01|0.15|0.9744|
|=|          5|         21|        271|     32512756.62|        443|00:02:00|+0.04|0.16|0.9497|
|=|          7|         21|        271|     32524448.89|        459|00:01:43|+0.04|0.14|0.9085|
|=|          9|         21|        322|     32562896.70|        475|00:01:40|+0.05|0.14|0.9103|
|=|          4|         21|        322|     32577285.64|        491|00:01:19|+0.05|0.14|0.8893|
|-|          1|         14|        271|     32563024.75|        507|00:01:58|-0.01|0.07|0.9457|
|=|          2|         14|        322|     32610249.23|        516|00:01:48|-0.00|0.07|0.9361|
|=|         14|         14|        322|     32588039.14|        530|00:01:19|+0.02|0.09|0.9113|
+-+-----------+-----------+-----------+----------------+-----------+--------+-----+----+------+
Best-so-far configuration:         322    mean value:      32588039.14
Description of the best-so-far configuration:
    .ID. algorithm localsearch alpha beta  rho ants q0 rasrank elitistants nnls
322  322       acs           3  3.95 7.94 0.04   28  0      NA          NA   15
    dlb .PARENT.
322   0      271

# 2026-01-16 11:00:17 -03: Elite configurations (first number is the configuration ID; listed from best to worst according to the sum of ranks):
    algorithm localsearch alpha beta  rho ants   q0 rasrank elitistants nnls
322       acs           3  3.95 7.94 0.04   28 0.00      NA          NA   15
271       acs           3  3.98 5.85 0.01   19 0.09      NA          NA   11
370       acs           3  4.70 5.43 0.03   28 0.17      NA          NA   13
361      mmas           3  4.52 6.46 0.09    8   NA      NA          NA   12
343       acs           3  4.06 4.73 0.02   23 0.35      NA          NA   15
    dlb
322   0
271   0
370   0
361   0
343   0
# 2026-01-16 11:00:17 -03: Iteration 6 of 6
# experimentsUsed: 2250
# remainingBudget: 500
# currentBudget: 500
# nbConfigurations: 38
# Markers:
     x No test is performed.
     c Configurations are discarded only due to capping.
     - The test is performed and some configurations are discarded.
     = The test is performed but no configuration is discarded.
     ! The test is performed and configurations could be discarded but elite configurations are preserved.
     . All alive configurations are elite and nothing is discarded.

+-+-----------+-----------+-----------+----------------+-----------+--------+-----+----+------+
| |   Instance|      Alive|       Best|       Mean best| Exp so far|  W time|  rho|KenW|  Qvar|
+-+-----------+-----------+-----------+----------------+-----------+--------+-----+----+------+
|x|         15|         38|        420|     32719238.00|         38|00:01:30|   NA|  NA|    NA|
|x|          8|         38|        420|     32744599.50|         71|00:01:26|+0.35|0.67|0.3390|
|x|         13|         38|        420|     32680018.00|        104|00:01:29|+0.33|0.55|0.3177|
|x|         11|         38|        420|     32637061.25|        137|00:01:29|+0.31|0.49|0.3555|
|-|          5|         16|        420|     32579414.60|        170|00:01:25|-0.04|0.17|1.0088|
|=|          9|         16|        420|     32621368.17|        181|00:00:35|-0.02|0.15|0.9870|
|=|         10|         16|        420|     32592345.00|        192|00:00:34|-0.03|0.11|0.9845|
|=|         12|         16|        420|     32543287.12|        203|00:00:34|+0.00|0.13|0.9502|
|=|         14|         16|        420|     32509942.44|        214|00:00:31|+0.03|0.14|0.9233|
|=|          2|         16|        420|     32560397.60|        225|00:00:34|-0.01|0.09|0.9541|
|=|          6|         16|        420|     32557956.09|        236|00:00:31|+0.02|0.11|0.9331|
|=|          7|         16|        420|     32556654.17|        247|00:00:35|+0.01|0.09|0.9433|
|=|          4|         16|        420|     32564628.31|        258|00:00:34|+0.03|0.10|0.9229|
|=|          1|         16|        420|     32564059.50|        269|00:00:32|+0.03|0.10|0.9188|
|=|          3|         16|        420|     32576504.20|        280|00:00:33|+0.04|0.11|0.9097|
|=|         16|         16|        420|     32578916.00|        296|00:00:42|+0.04|0.10|0.9122|
+-+-----------+-----------+-----------+----------------+-----------+--------+-----+----+------+
Best-so-far configuration:         420    mean value:      32578916.00
Description of the best-so-far configuration:
    .ID. algorithm localsearch alpha beta  rho ants   q0 rasrank elitistants
420  420       acs           3  4.11 7.64 0.12   46 0.27      NA          NA
    nnls dlb .PARENT.
420   12   0      322

# 2026-01-16 11:13:59 -03: Elite configurations (first number is the configuration ID; listed from best to worst according to the sum of ranks):
    algorithm localsearch alpha beta  rho ants   q0 rasrank elitistants nnls
420       acs           3  4.11 7.64 0.12   46 0.27      NA          NA   12
392       acs           3  3.53 9.78 0.11   34 0.12      NA          NA   14
370       acs           3  4.70 5.43 0.03   28 0.17      NA          NA   13
271       acs           3  3.98 5.85 0.01   19 0.09      NA          NA   11
414       acs           3  4.08 6.94 0.02   24 0.42      NA          NA   12
    dlb
420   0
392   0
370   0
271   0
414   0
# 2026-01-16 11:13:59 -03: Iteration 7 of 7
# experimentsUsed: 2546
# remainingBudget: 204
# currentBudget: 204
# nbConfigurations: 16
# Markers:
     x No test is performed.
     c Configurations are discarded only due to capping.
     - The test is performed and some configurations are discarded.
     = The test is performed but no configuration is discarded.
     ! The test is performed and configurations could be discarded but elite configurations are preserved.
     . All alive configurations are elite and nothing is discarded.

+-+-----------+-----------+-----------+----------------+-----------+--------+-----+----+------+
| |   Instance|      Alive|       Best|       Mean best| Exp so far|  W time|  rho|KenW|  Qvar|
+-+-----------+-----------+-----------+----------------+-----------+--------+-----+----+------+
|x|         17|         16|        414|     32729255.00|         16|00:00:42|   NA|  NA|    NA|
|x|         16|         16|        428|     32656939.50|         27|00:00:30|+0.32|0.66|0.5165|
|x|          2|         16|        425|     32775399.33|         38|00:00:32|+0.36|0.57|0.4379|
|x|          1|         16|        425|     32714522.50|         49|00:00:33|+0.26|0.44|0.4512|
|-|          3|         10|        425|     32719830.20|         60|00:00:37|-0.06|0.15|0.9913|
|=|         15|         10|        425|     32732821.00|         65|00:00:25|+0.01|0.18|0.9417|
|=|          8|         10|        425|     32732516.14|         70|00:00:27|+0.07|0.20|0.8854|
|=|          6|         10|        425|     32708497.38|         75|00:00:28|+0.02|0.14|0.8940|
|=|         14|         10|        425|     32660278.67|         80|00:00:27|+0.03|0.13|0.8629|
|=|         13|         10|        420|     32658148.70|         85|00:00:28|+0.02|0.12|0.8835|
|=|         12|         10|        420|     32616488.09|         90|00:00:26|+0.02|0.11|0.8748|
|=|         10|         10|        420|     32599964.58|         95|00:00:23|+0.05|0.13|0.8597|
|=|         11|         10|        420|     32592905.08|        100|00:00:22|+0.06|0.13|0.8502|
|-|          4|          6|        420|     32597720.29|        105|00:00:22|+0.01|0.08|0.8504|
|=|          7|          6|        420|     32594027.80|        106|00:00:16|+0.04|0.11|0.8359|
|=|          5|          6|        420|     32578702.81|        107|00:00:16|+0.02|0.08|0.8549|
|=|          9|          6|        420|     32593551.82|        108|00:00:16|+0.01|0.07|0.8528|
|=|         18|          6|        420|     32584836.06|        114|00:00:25|-0.01|0.04|0.8628|
+-+-----------+-----------+-----------+----------------+-----------+--------+-----+----+------+
Best-so-far configuration:         420    mean value:      32584836.06
Description of the best-so-far configuration:
    .ID. algorithm localsearch alpha beta  rho ants   q0 rasrank elitistants
420  420       acs           3  4.11 7.64 0.12   46 0.27      NA          NA
    nnls dlb .PARENT.
420   12   0      322

# 2026-01-16 11:22:03 -03: Elite configurations (first number is the configuration ID; listed from best to worst according to the sum of ranks):
    algorithm localsearch alpha beta  rho ants   q0 rasrank elitistants nnls
420       acs           3  4.11 7.64 0.12   46 0.27      NA          NA   12
392       acs           3  3.53 9.78 0.11   34 0.12      NA          NA   14
425       acs           3  4.08 6.38 0.02   26 0.06      NA          NA   10
414       acs           3  4.08 6.94 0.02   24 0.42      NA          NA   12
370       acs           3  4.70 5.43 0.03   28 0.17      NA          NA   13
    dlb
420   0
392   0
425   0
414   0
370   0
# 2026-01-16 11:22:03 -03: Iteration 8 of 8
# experimentsUsed: 2660
# remainingBudget: 90
# currentBudget: 90
# nbConfigurations: 9
# Markers:
     x No test is performed.
     c Configurations are discarded only due to capping.
     - The test is performed and some configurations are discarded.
     = The test is performed but no configuration is discarded.
     ! The test is performed and configurations could be discarded but elite configurations are preserved.
     . All alive configurations are elite and nothing is discarded.

+-+-----------+-----------+-----------+----------------+-----------+--------+-----+----+------+
| |   Instance|      Alive|       Best|       Mean best| Exp so far|  W time|  rho|KenW|  Qvar|
+-+-----------+-----------+-----------+----------------+-----------+--------+-----+----+------+
|x|         19|          9|        437|     32832271.00|          9|00:00:27|   NA|  NA|    NA|
|x|         11|          9|        392|     32665118.50|         13|00:00:24|+0.05|0.53|0.9639|
|x|          6|          9|        370|     32603974.33|         17|00:00:24|-0.16|0.23|1.0635|
|x|         18|          9|        370|     32537887.25|         21|00:00:23|+0.04|0.28|0.8392|
|=|         14|          9|        370|     32476432.40|         25|00:00:21|+0.13|0.31|0.7720|
|=|         10|          9|        370|     32492810.83|         29|00:00:24|-0.03|0.14|0.9154|
|=|          4|          9|        425|     32529379.71|         33|00:00:24|-0.00|0.14|0.8913|
|=|          3|          9|        392|     32555945.88|         37|00:00:24|+0.06|0.17|0.8386|
|=|          1|          9|        392|     32555694.00|         41|00:00:23|+0.11|0.21|0.7972|
|-|         13|          7|        425|     32557693.60|         45|00:00:23|-0.01|0.09|0.8571|
|=|         16|          7|        425|     32558976.64|         47|00:00:24|+0.04|0.13|0.8113|
|=|         17|          7|        425|     32574010.42|         49|00:00:24|+0.05|0.13|0.8041|
|=|         12|          7|        392|     32550855.23|         51|00:00:23|+0.05|0.12|0.8095|
|=|          9|          7|        392|     32566577.64|         53|00:00:21|+0.06|0.13|0.7941|
|=|          5|          7|        392|     32552321.33|         55|00:00:20|+0.04|0.10|0.8224|
|=|          2|          7|        392|     32583228.94|         57|00:00:23|+0.04|0.10|0.8178|
|=|         15|          7|        392|     32594900.41|         59|00:00:23|+0.05|0.10|0.8135|
|=|          7|          7|        392|     32592238.00|         61|00:00:23|+0.06|0.11|0.8072|
|-|          8|          6|        392|     32602857.84|         63|00:00:24|-0.01|0.05|0.8357|
|=|         20|          6|        425|     32594537.35|         69|00:00:22|-0.00|0.05|0.8322|
|=|         21|          6|        425|     32595538.24|         75|00:00:22|+0.01|0.05|0.8184|
+-+-----------+-----------+-----------+----------------+-----------+--------+-----+----+------+
Best-so-far configuration:         425    mean value:      32595538.24
Description of the best-so-far configuration:
    .ID. algorithm localsearch alpha beta  rho ants   q0 rasrank elitistants
425  425       acs           3  4.08 6.38 0.02   26 0.06      NA          NA
    nnls dlb .PARENT.
425   10   0      271

# 2026-01-16 11:30:19 -03: Elite configurations (first number is the configuration ID; listed from best to worst according to the sum of ranks):
    algorithm localsearch alpha beta  rho ants   q0 rasrank elitistants nnls
425       acs           3  4.08 6.38 0.02   26 0.06      NA          NA   10
420       acs           3  4.11 7.64 0.12   46 0.27      NA          NA   12
392       acs           3  3.53 9.78 0.11   34 0.12      NA          NA   14
370       acs           3  4.70 5.43 0.03   28 0.17      NA          NA   13
414       acs           3  4.08 6.94 0.02   24 0.42      NA          NA   12
    dlb
425   0
420   0
392   0
370   0
414   0
# 2026-01-16 11:30:19 -03: Stopped because there is not enough budget left to race more than the minimum (5).
# You may either increase the budget or set 'minNbSurvival' to a lower value.
# Iteration: 9
# nbIterations: 9
# experimentsUsed: 2735
# timeUsed: 0
# remainingBudget: 15
# currentBudget: 15
# number of elites: 5
# nbConfigurations: 5
# Total CPU user time: 83909.28, CPU sys time: 267.256, Wall-clock time: 11934.19
# 2026-01-16 11:30:19 -03: Starting post-selection:
# Configurations selected: 425, 420, 392, 370, 414, 271, 322.
# Pending instances: 1, 1, 1, 1, 1, 4, 6.
# 2026-01-16 11:30:20 -03: seed: 600083
# Configurations: 7
# Available experiments: 15
# minSurvival: 1
# Markers:
     x No test is performed.
     c Configurations are discarded only due to capping.
     - The test is performed and some configurations are discarded.
     = The test is performed but no configuration is discarded.
     ! The test is performed and configurations could be discarded but elite configurations are preserved.
     . All alive configurations are elite and nothing is discarded.

+-+-----------+-----------+-----------+----------------+-----------+--------+-----+----+------+
| |   Instance|      Alive|       Best|       Mean best| Exp so far|  W time|  rho|KenW|  Qvar|
+-+-----------+-----------+-----------+----------------+-----------+--------+-----+----+------+
|.|         14|          7|        370|     32230613.00|          0|00:00:00|   NA|  NA|    NA|
|.|          4|          7|        370|     32471872.50|          0|00:00:00|-0.18|0.41|0.9409|
|.|          9|          7|        370|     32577062.67|          0|00:00:00|+0.05|0.37|0.7974|
|x|         19|          7|        370|     32641927.75|          2|00:00:21|-0.19|0.11|1.0155|
|.|         16|          7|        370|     32632134.80|          2|00:00:00|-0.11|0.11|0.9372|
|.|         12|          7|        370|     32556865.17|          2|00:00:00|-0.08|0.10|0.8989|
|x|         20|          7|        322|     32550717.29|          4|00:00:19|-0.10|0.05|0.9340|
|.|          8|          7|        322|     32581678.38|          4|00:00:00|-0.11|0.03|0.9256|
|x|         17|          7|        425|     32597427.33|          5|00:00:19|-0.07|0.05|0.9015|
|.|         10|          7|        425|     32584250.20|          5|00:00:00|-0.07|0.04|0.8968|
|.|         11|          7|        425|     32574951.91|          5|00:00:00|-0.06|0.03|0.9084|
|.|          5|          7|        425|     32559439.33|          5|00:00:00|-0.08|0.01|0.9199|
|.|          7|          7|        425|     32557887.92|          5|00:00:00|-0.06|0.03|0.9058|
|.|          1|          7|        425|     32556031.07|          5|00:00:00|-0.05|0.03|0.9056|
|.|          2|          7|        425|     32586629.60|          5|00:00:00|-0.03|0.03|0.8943|
|x|         21|          7|        425|     32588437.50|          7|00:00:18|-0.03|0.03|0.8910|
|.|          6|          7|        425|     32585609.76|          7|00:00:00|-0.03|0.03|0.8885|
|.|         15|          7|        425|     32597396.72|          7|00:00:00|-0.03|0.03|0.8870|
|x|         18|          7|        425|     32587732.47|          8|00:00:21|-0.04|0.02|0.8916|
|.|          3|          7|        425|     32595398.90|          8|00:00:00|-0.03|0.02|0.8887|
|.|         13|          7|        425|     32595538.24|          8|00:00:00|-0.03|0.02|0.8886|
|=|         22|          7|        425|     32604843.14|         15|00:00:24|-0.04|0.01|0.8891|
+-+-----------+-----------+-----------+----------------+-----------+--------+-----+----+------+
Best-so-far configuration:         425    mean value:      32604843.14
Description of the best-so-far configuration:
    .ID. algorithm localsearch alpha beta  rho ants   q0 rasrank elitistants
425  425       acs           3  4.08 6.38 0.02   26 0.06      NA          NA
    nnls dlb .PARENT.
425   10   0      271

# 2026-01-16 11:32:26 -03: Elite configurations (first number is the configuration ID; listed from best to worst according to the sum of ranks):
    algorithm localsearch alpha beta  rho ants   q0 rasrank elitistants nnls
425       acs           3  4.08 6.38 0.02   26 0.06      NA          NA   10
420       acs           3  4.11 7.64 0.12   46 0.27      NA          NA   12
370       acs           3  4.70 5.43 0.03   28 0.17      NA          NA   13
322       acs           3  3.95 7.94 0.04   28 0.00      NA          NA   15
392       acs           3  3.53 9.78 0.11   34 0.12      NA          NA   14
    dlb
425   0
420   0
370   0
322   0
392   0
# Total CPU user time: 84211.94, CPU sys time: 268.967, Wall-clock time: 12060.6
    .ID. algorithm localsearch alpha beta  rho ants   q0 rasrank elitistants
425  425       acs           3  4.08 6.38 0.02   26 0.06      NA          NA
420  420       acs           3  4.11 7.64 0.12   46 0.27      NA          NA
370  370       acs           3  4.70 5.43 0.03   28 0.17      NA          NA
322  322       acs           3  3.95 7.94 0.04   28 0.00      NA          NA
392  392       acs           3  3.53 9.78 0.11   34 0.12      NA          NA
    nnls dlb .PARENT. .RANK.   .WEIGHT.
425   10   0      271     80 0.33333333
420   12   0      322     82 0.26666667
370   13   0      271     88 0.20000000
322   15   0      271     90 0.13333333
392   14   0      322     91 0.06666667
