#------------------------------------------------------------------------------
# irace: An implementation in R of (Elitist) Iterated Racing
# Version: 4.2.0.9000.4117289
# Copyright (C) 2010-2025
# Manuel Lopez-Ibanez     <manuel.lopez-ibanez@manchester.ac.uk>
# Jeremie Dubois-Lacoste
# Leslie Perez Caceres    <leslie.perez.caceres@ulb.ac.be>
#
# This is free software, and you are welcome to redistribute it under certain
# conditions.  See the GNU General Public License for details. There is NO
# WARRANTY; not even for MERCHANTABILITY or FITNESS FOR A PARTICULAR PURPOSE.
#
# irace builds upon previous code from the race package:
#     race: Racing methods for the selection of the best
#     Copyright (C) 2003 Mauro Birattari
#------------------------------------------------------------------------------
# installed at: /home/pestobar/R/x86_64-redhat-linux-gnu-library/4.5/irace
# called with: --only-test configurations.txt --scenario scenario.txt
# 2026-01-31 02:53:59 -03: Checking scenario.
# 2026-01-31 02:53:59 -03: Reading parameter file '/home/pestobar/Activities/irace-executions/PSO-X/Scenarios/Best_Elites/Runs/Best_Elites_seed_800123/parameters.txt'.
# 2026-01-31 02:53:59 -03: 2 expression(s) specifying forbidden configurations read.
## irace scenario:
scenarioFile = "/home/pestobar/Activities/irace-executions/PSO-X/Scenarios/Best_Elites/Runs/Best_Elites_seed_800123/scenario.txt"
execDir = "/home/pestobar/Activities/irace-executions/PSO-X/Scenarios/Best_Elites/Runs/Best_Elites_seed_800123/Results"
parameterFile = "/home/pestobar/Activities/irace-executions/PSO-X/Scenarios/Best_Elites/Runs/Best_Elites_seed_800123/parameters.txt"
parameters = <environment>
initConfigurations = NULL
configurationsFile = ""
logFile = "/home/pestobar/Activities/irace-executions/PSO-X/Scenarios/Best_Elites/Runs/Best_Elites_seed_800123/Results/irace.Rdata"
recoveryFile = ""
instances = c("--competition 3 --problem 0 --dimensions 30", "--competition 3 --problem 1 --dimensions 30", "--competition 3 --problem 2 --dimensions 30", "--competition 3 --problem 3 --dimensions 30", "--competition 3 --problem 4 --dimensions 30", "--competition 3 --problem 5 --dimensions 30", "--competition 3 --problem 6 --dimensions 30", "--competition 3 --problem 7 --dimensions 30", "--competition 3 --problem 8 --dimensions 30", "--competition 3 --problem 9 --dimensions 30", "--competition 3 --problem 10 --dimensions 30", "--competition 3 --problem 11 --dimensions 30", "--competition 3 --problem 12 --dimensions 30", "--competition 3 --problem 13 --dimensions 30", "--competition 3 --problem 14 --dimensions 30", "--competition 3 --problem 15 --dimensions 30", "--competition 3 --problem 16 --dimensions 30", "--competition 3 --problem 17 --dimensions 30", "--competition 3 --problem 18 --dimensions 30", "--competition 3 --problem 19 --dimensions 30", "--competition 3 --problem 20 --dimensions 30", "--competition 3 --problem 21 --dimensions 30", "--competition 3 --problem 22 --dimensions 30", "--competition 3 --problem 23 --dimensions 30", "--competition 3 --problem 24 --dimensions 30", "--competition 3 --problem 25 --dimensions 30", "--competition 3 --problem 26 --dimensions 30", "--competition 3 --problem 27 --dimensions 30", "--competition 3 --problem 28 --dimensions 30", "--competition 3 --problem 29 --dimensions 30", "--competition 3 --problem 30 --dimensions 30", "--competition 3 --problem 31 --dimensions 30", "--competition 3 --problem 32 --dimensions 30", "--competition 3 --problem 33 --dimensions 30", "--competition 3 --problem 34 --dimensions 30", "--competition 3 --problem 35 --dimensions 30", "--competition 3 --problem 36 --dimensions 30", "--competition 3 --problem 37 --dimensions 30", "--competition 3 --problem 38 --dimensions 30", "--competition 3 --problem 39 --dimensions 30", "--competition 3 --problem 40 --dimensions 30", "--competition 3 --problem 41 --dimensions 30", "--competition 3 --problem 42 --dimensions 30", "--competition 3 --problem 43 --dimensions 30", "--competition 3 --problem 44 --dimensions 30", "--competition 3 --problem 45 --dimensions 30", "--competition 3 --problem 46 --dimensions 30", "--competition 3 --problem 47 --dimensions 30", "--competition 3 --problem 48 --dimensions 30", "--competition 3 --problem 49 --dimensions 30")
trainInstancesDir = ""
trainInstancesFile = "/home/pestobar/Activities/irace-executions/PSO-X/Instances/train_MIXTURE.txt"
sampleInstances = TRUE
testInstancesDir = ""
testInstancesFile = "/home/pestobar/Activities/irace-executions/PSO-X/TestingInstances/test_MIXTURE.txt"
testInstances = c("1t" = "--competition 3 --problem 0 --dimensions 50", "2t" = "--competition 3 --problem 1 --dimensions 50", "3t" = "--competition 3 --problem 2 --dimensions 50", "4t" = "--competition 3 --problem 3 --dimensions 50", "5t" = "--competition 3 --problem 4 --dimensions 50", "6t" = "--competition 3 --problem 5 --dimensions 50", "7t" = "--competition 3 --problem 6 --dimensions 50", "8t" = "--competition 3 --problem 7 --dimensions 50", "9t" = "--competition 3 --problem 8 --dimensions 50", "10t" = "--competition 3 --problem 9 --dimensions 50", "11t" = "--competition 3 --problem 10 --dimensions 50", "12t" = "--competition 3 --problem 11 --dimensions 50", "13t" = "--competition 3 --problem 12 --dimensions 50", "14t" = "--competition 3 --problem 13 --dimensions 50", "15t" = "--competition 3 --problem 14 --dimensions 50", "16t" = "--competition 3 --problem 15 --dimensions 50", "17t" = "--competition 3 --problem 16 --dimensions 50", "18t" = "--competition 3 --problem 17 --dimensions 50", "19t" = "--competition 3 --problem 18 --dimensions 50", "20t" = "--competition 3 --problem 19 --dimensions 50", "21t" = "--competition 3 --problem 20 --dimensions 50", "22t" = "--competition 3 --problem 21 --dimensions 50", "23t" = "--competition 3 --problem 22 --dimensions 50", "24t" = "--competition 3 --problem 23 --dimensions 50", "25t" = "--competition 3 --problem 24 --dimensions 50", "26t" = "--competition 3 --problem 25 --dimensions 50", "27t" = "--competition 3 --problem 26 --dimensions 50", "28t" = "--competition 3 --problem 27 --dimensions 50", "29t" = "--competition 3 --problem 28 --dimensions 50", "30t" = "--competition 3 --problem 29 --dimensions 50", "31t" = "--competition 3 --problem 30 --dimensions 50", "32t" = "--competition 3 --problem 31 --dimensions 50", "33t" = "--competition 3 --problem 32 --dimensions 50", "34t" = "--competition 3 --problem 33 --dimensions 50", "35t" = "--competition 3 --problem 34 --dimensions 50", "36t" = "--competition 3 --problem 35 --dimensions 50", "37t" = "--competition 3 --problem 36 --dimensions 50", "38t" = "--competition 3 --problem 37 --dimensions 50", "39t" = "--competition 3 --problem 38 --dimensions 50", "40t" = "--competition 3 --problem 39 --dimensions 50", "41t" = "--competition 3 --problem 40 --dimensions 50", "42t" = "--competition 3 --problem 41 --dimensions 50", "43t" = "--competition 3 --problem 42 --dimensions 50", "44t" = "--competition 3 --problem 43 --dimensions 50", "45t" = "--competition 3 --problem 44 --dimensions 50", "46t" = "--competition 3 --problem 45 --dimensions 50", "47t" = "--competition 3 --problem 46 --dimensions 50", "48t" = "--competition 3 --problem 47 --dimensions 50", "49t" = "--competition 3 --problem 48 --dimensions 50", "50t" = "--competition 3 --problem 49 --dimensions 50")
testNbElites = 1L
testIterationElites = FALSE
testType = "friedman"
firstTest = 5L
blockSize = 1L
eachTest = 1L
targetRunner = "/home/pestobar/Activities/irace-executions/PSO-X/Scenarios/Best_Elites/Runs/Best_Elites_seed_800123/target-runner"
targetRunnerLauncher = ""
targetCmdline = "{configurationID} {instanceID} {seed} {instance} {bound} {targetRunnerArgs}"
targetRunnerRetries = 0L
targetRunnerTimeout = 0L
targetRunnerData = ""
targetRunnerParallel = NULL
targetEvaluator = NULL
deterministic = FALSE
maxExperiments = 5500L
minExperiments = NA_character_
maxTime = 0L
budgetEstimation = 0.05
minMeasurableTime = 0.01
parallel = 10L
loadBalancing = TRUE
mpi = FALSE
batchmode = "0"
quiet = FALSE
debugLevel = 0L
seed = 800123L
softRestart = TRUE
softRestartThreshold = 1e-04
elitist = TRUE
elitistNewInstances = 1L
elitistLimit = 2L
repairConfiguration = NULL
capping = FALSE
cappingAfterFirstTest = FALSE
cappingType = "median"
boundType = "candidate"
boundMax = NULL
boundDigits = 0L
boundPar = 1L
boundAsTimeout = TRUE
postselection = TRUE
aclib = FALSE
nbIterations = 0L
nbExperimentsPerIteration = 0L
minNbSurvival = 0L
nbConfigurations = 0L
mu = 5L
confidence = 0.95
## end of irace scenario
# 2026-01-31 02:53:59 -03: Read 80 configuration(s) from file 'configurations.txt'
# 2026-01-31 02:53:59 -03: Testing configurations (in the order given as input): 
   particles topology modInfluence branching tSchedule phi1 phi2 inertia
1         21        4            0        NA        NA 1.89 2.36    0.38
2        134        4            0        NA        NA 2.09 2.30    0.53
3          9        1            0        NA        NA 1.54 2.48    0.26
4        142        4            0        NA        NA 1.27 2.48    0.50
5         67        4            0        NA        NA 1.58 2.49    0.41
6         66        1            1        NA        NA 2.05 1.48    0.59
7         90        4            0        NA        NA 1.94 2.40    0.65
8        162        4            2        NA        NA 0.44 2.37    0.81
9         85        4            0        NA        NA 2.15 2.28    0.55
10        45        4            0        NA        NA 1.79 2.42    0.50
11        82        4            0        NA        NA 1.24 2.44    0.35
12       106        4            0        NA        NA 1.91 2.36    0.46
13        77        4            0        NA        NA 1.28 2.47    0.42
14        57        4            0        NA        NA 0.59 2.22    0.56
15        20        0            1        NA        NA 2.46 2.08    0.31
16       108        4            0        NA        NA 2.14 2.28    0.67
17       142        4            0        NA        NA 2.03 2.45    0.37
18       101        4            0        NA        NA 2.28 2.16    0.50
19         6        5            0        NA         6 2.43 2.33    0.21
20        18        0            1        NA        NA 1.86 2.30    0.24
21       149        4            0        NA        NA 1.24 2.43    0.40
22       138        4            0        NA        NA 2.42 2.48    0.58
23        15        0            1        NA        NA 1.34 2.03    0.19
24       144        4            0        NA        NA 1.96 2.47    0.60
25       119        4            0        NA        NA 0.85 2.49    0.50
26        56        1            1        NA        NA 2.15 2.11    0.57
27        76        4            0        NA        NA 2.25 2.43    0.61
28        75        4            0        NA        NA 1.87 2.34    0.55
29       165        4            0        NA        NA 2.45 2.44    0.37
30        71        4            0        NA        NA 1.86 2.42    0.65
31        92        4            0        NA        NA 1.30 2.43    0.41
32        14        4            0        NA        NA 1.38 2.15    0.26
33        80        4            0        NA        NA 1.65 2.50    0.27
34        11        4            0        NA        NA 1.41 2.38    0.48
35        40        1            1        NA        NA 2.47 2.15    0.44
36       134        4            0        NA        NA 2.01 2.42    0.53
37       102        4            0        NA        NA 2.17 2.48    0.43
38       109        4            0        NA        NA 1.97 2.44    0.56
39       162        0            0        NA        NA 1.96 2.26    0.18
40        21        0            1        NA        NA 2.25 2.32    0.22
41        38        4            0        NA        NA 2.21 1.60    0.53
42       150        4            0        NA        NA 1.95 2.33    0.58
43         4        4            2        NA        NA 1.77 2.47    0.41
44       105        4            0        NA        NA 0.43 2.38    0.25
45        75        4            0        NA        NA 2.17 2.11    0.61
46       115        1            1        NA        NA 2.36 2.43    0.66
47       115        4            0        NA        NA 2.26 2.13    0.74
48        83        4            0        NA        NA 2.38 2.39    0.11
49        38        4            0        NA        NA 2.46 1.83    0.67
50        83        4            0        NA        NA 1.42 2.41    0.70
51        79        4            0        NA        NA 1.02 2.39    0.45
52        83        4            0        NA        NA 2.35 2.47    0.44
53        25        1            0        NA        NA 1.69 2.28    0.33
54        89        4            2        NA        NA 2.41 2.46    0.72
55        25        1            2        NA        NA 2.11 2.38    0.30
56       103        4            0        NA        NA 0.96 2.24    0.45
57        84        4            0        NA        NA 2.11 2.48    0.32
58       103        4            0        NA        NA 0.50 2.49    0.48
59        28        0            0        NA        NA 1.99 1.81    0.13
60        22        1            1        NA        NA 2.31 2.37    0.25
61        47        1            0        NA        NA 2.09 2.05    0.14
62        85        4            0        NA        NA 2.11 2.33    0.54
63       104        4            0        NA        NA 2.27 2.39    0.41
64        90        4            0        NA        NA 0.31 2.31    0.15
65       113        4            0        NA        NA 2.23 2.37    0.60
66        93        4            0        NA        NA 1.89 1.55    0.42
67        53        1            0        NA        NA 2.25 2.49    0.64
68       136        4            2        NA        NA 1.47 2.26    0.82
69        58        0            0        NA        NA 1.01 1.62    0.12
70        91        4            0        NA        NA 2.43 2.31    0.50
71        68        4            0        NA        NA 0.99 2.49    0.28
72        21        4            0        NA        NA 2.30 2.28    0.31
73       113        4            0        NA        NA 2.17 2.37    0.39
74       167        4            2        NA        NA 1.24 2.46    0.63
75       153        4            0        NA        NA 1.84 2.45    0.31
76        90        4            0        NA        NA 1.66 2.30    0.57
77        84        4            0        NA        NA 0.78 2.24    0.29
78       135        4            0        NA        NA 1.32 2.29    0.57
79        88        0            0        NA        NA 1.68 2.50    0.22
80       200        4            2        NA        NA 2.48 2.31    0.64
# 2026-01-31 05:34:58 -03: Testing results (column number is configuration ID in no particular order):
         seeds            1            2            3            4            5
1t   542002478 9.390547e-01 1.606617e+00 8.577340e-01 1.789967e+00 1.076769e+00
2t   225061162 4.141995e+06 2.142057e+07 2.744965e+06 2.118583e+07 9.704267e+06
3t  1786265786 1.469034e+06 2.652789e+06 1.331939e+06 2.529027e+06 1.872403e+06
4t  1947476689 1.228299e+05 1.332304e+05 5.030592e+04 1.127307e+05 1.109499e+05
5t  1701677994 3.380947e+01 1.566503e+01 1.854810e+01 1.165021e+01 2.494350e+01
6t  1965207789 6.509334e+00 5.792816e+02 3.239675e+00 5.517333e+02 9.360944e+01
7t  1392409060 6.009701e+03 4.088960e+03 8.064333e+03 3.362010e+03 4.153165e+03
8t   963356900 5.306701e+00 6.332727e+00 4.400604e+00 6.849155e+00 5.475698e+00
9t   202522830 3.198764e+02 2.806353e+02 3.909895e+02 2.446265e+02 2.870419e+02
10t  790988148 2.577662e+01 3.111207e+01 2.531104e+01 2.812655e+01 2.814863e+01
11t 1525507575 3.077029e+02 2.512915e+02 3.376079e+02 2.209182e+02 2.654203e+02
12t 1884357955 1.341867e+04 3.640085e+02 8.466851e+03 5.182809e+02 1.635359e+04
13t  367177054 1.959041e+01 1.556117e+00 2.010368e+01 1.693614e+00 1.308525e+00
14t 1463895431 2.091751e+01 2.112118e+01 2.085842e+01 2.101947e+01 2.104070e+01
15t 1373107358 1.259469e+02 2.737153e+02 1.332509e+02 6.652268e+02 1.807384e+02
16t  371763763 4.828037e+01 4.927478e+01 4.707906e+01 4.802596e+01 4.893288e+01
17t 1303377821 1.755972e-01 1.017787e+00 2.199525e-01 4.167897e-01 3.162659e-01
18t 2017151761 8.830415e-01 9.864731e-01 7.720548e-01 9.932531e-01 9.213256e-01
19t 1039690924 6.357928e+02 4.592336e+02 6.624772e+02 5.014180e+02 5.223317e+02
20t   60193605 3.460036e+02 2.763950e+02 4.871641e+02 2.373635e+02 3.193550e+02
21t 2055360757 2.851277e+04 2.778805e+04 3.038971e+04 2.723580e+04 2.798427e+04
22t 1379394782 2.987602e+04 2.837169e+04 2.950083e+04 2.863913e+04 2.845959e+04
23t 1528333440 6.274879e+01 4.358429e+01 5.982897e+01 4.126983e+01 5.862103e+01
24t  239660668 8.903726e-01 6.600837e-01 1.190886e+00 8.744800e-01 9.022321e-01
25t  849855185 9.357019e-01 5.595575e-01 6.473308e-01 4.969262e-01 5.160179e-01
26t  738425218 2.894681e-01 3.155095e-01 2.929373e-01 3.925201e-01 3.209621e-01
27t 1219043402 1.224855e+02 7.104307e+01 1.267487e+02 8.588738e+01 8.184721e+01
28t  804420992 2.435910e+02 2.423130e+02 2.669337e+02 2.431082e+02 2.620517e+02
29t 1748737818 3.568898e+02 2.928564e+02 4.116701e+02 3.149865e+02 3.220277e+02
30t  388991434 1.051633e+01 1.052005e+01 2.118569e+01 1.204700e+01 1.219601e+01
31t  692065991 2.519810e+02 1.629076e+02 2.029781e+02 1.388053e+02 2.021817e+02
32t  763271357 1.354226e+03 2.926990e+02 9.457379e+02 4.161055e+02 3.109670e+02
33t  853082978 1.149748e+02 1.062917e+02 1.131424e+02 1.078952e+02 8.902682e+01
34t 1683772321 3.340702e+01 2.755590e+01 3.804790e+01 2.622442e+01 2.275479e+01
35t 1089783390 1.326593e+04 1.268470e+04 1.360021e+04 1.259367e+04 1.272035e+04
36t 2129032448 1.759185e+05 1.766793e+05 2.063230e+05 2.613829e+05 2.174327e+05
37t  167698515 5.862003e+01 6.154991e+01 5.577198e+01 5.759861e+01 5.603993e+01
38t  654083501 2.348520e+05 2.217554e+05 3.329469e+05 2.161959e+05 2.541640e+05
39t 1971927574 6.022204e+00 5.961395e+00 6.710935e+00 5.817953e+00 5.215769e+00
40t 1068983996 7.842591e+01 7.539978e+01 5.859393e+01 2.977654e+01 9.088168e+01
41t  691194107 5.571063e+02 4.090982e+02 6.495360e+02 4.499211e+02 4.632183e+02
42t  337413091 3.243315e+02 2.631523e+02 3.654850e+02 2.993079e+02 3.052189e+02
43t 1255815684 3.830497e+02 3.863701e+02 4.306643e+02 3.339188e+02 4.344309e+02
44t 1208387033 9.789123e+02 9.205524e+02 9.593109e+02 9.210192e+02 9.370010e+02
45t   41934213 9.336174e+02 9.360749e+02 9.358137e+02 9.403494e+02 9.312890e+02
46t  257993762 9.371557e+02 9.371340e+02 9.360512e+02 9.267491e+02 9.313995e+02
47t  560994784 8.968855e+02 1.024030e+03 8.892340e+02 1.026823e+03 5.408589e+02
48t 1287154585 1.064733e+03 9.401167e+02 1.055990e+03 9.454281e+02 1.003795e+03
49t 1075575595 9.146060e+02 1.021155e+03 9.024920e+02 1.025421e+03 5.620307e+02
50t 2024664908 9.759289e+02 9.086982e+02 1.242236e+03 9.353274e+02 9.408376e+02
               6            7            8            9           10
1t  1.344570e+00 1.869900e+00 2.980124e+00 1.451983e+00 1.172947e+00
2t  6.378331e+06 1.573516e+07 1.434854e+07 1.533799e+07 5.912415e+06
3t  2.039204e+06 3.065873e+06 5.361296e+06 2.374319e+06 1.746230e+06
4t  1.381192e+05 1.163133e+05 1.659914e+05 1.179711e+05 1.072537e+05
5t  5.924256e+01 6.317234e+00 8.050908e+00 1.728009e+01 3.801149e+01
6t  1.445108e+02 3.380185e+02 2.379079e+02 1.594203e+02 2.624579e+01
7t  8.611125e+03 2.465166e+03 3.481504e+03 4.761519e+03 2.689670e+03
8t  6.041290e+00 7.827646e+00 9.774269e+00 6.201357e+00 6.120233e+00
9t  3.952876e+02 2.342744e+02 6.388527e+01 2.843456e+02 2.971876e+02
10t 2.574028e+01 3.108969e+01 3.658788e+01 2.956046e+01 2.870126e+01
11t 3.592027e+02 1.636860e+02 1.968878e+02 2.852610e+02 2.941149e+02
12t 2.860773e+04 2.656861e+02 1.154917e+03 2.069061e+02 1.672520e+02
13t 2.014597e+01 1.787540e+00 2.375162e+00 1.500382e+00 1.460034e+00
14t 2.113170e+01 2.110309e+01 2.120481e+01 2.109722e+01 2.114351e+01
15t 1.915846e+02 2.599067e+02 3.262723e+02 2.070595e+02 6.665256e+03
16t 4.924148e+01 4.964711e+01 4.871098e+01 4.644850e+01 4.815123e+01
17t 4.677203e+02 2.033010e-01 1.012544e-01 2.913270e-01 1.632888e-01
18t 9.444648e-01 1.011856e+00 1.048076e+00 9.702328e-01 9.350990e-01
19t 1.565185e+03 4.093277e+02 4.070759e+02 4.395437e+02 4.836673e+02
20t 5.828784e+02 2.458528e+02 2.962571e+02 2.859676e+02 3.203996e+02
21t 3.561016e+04 2.745278e+04 3.076587e+04 2.865798e+04 2.897855e+04
22t 3.608537e+04 2.692992e+04 3.278952e+04 2.816432e+04 2.807715e+04
23t 6.501418e+01 3.912310e+01 4.261223e+01 4.169964e+01 5.070668e+01
24t 3.264531e+00 7.457789e-01 3.539954e+00 8.721349e-01 6.012695e-01
25t 5.894819e-01 6.305581e-01 4.316711e-01 5.558727e-01 6.281170e-01
26t 2.644023e-01 2.935933e-01 2.926372e-01 3.264539e-01 2.729735e-01
27t 4.917582e+01 7.655735e+01 4.080457e+01 6.574603e+01 1.172435e+02
28t 1.793327e+02 2.981696e+02 3.405199e+02 2.170233e+02 2.399257e+02
29t 4.273227e+02 2.880360e+02 2.937052e+02 3.104571e+02 3.288977e+02
30t 1.726811e+01 1.339261e+01 1.600389e+01 1.163947e+01 1.257223e+01
31t 9.214769e+01 1.465625e+02 1.175676e+02 1.533902e+02 1.896637e+02
32t 3.555401e+02 3.433828e+02 3.256300e+02 4.848794e+02 6.344001e+02
33t 1.255847e+02 1.046359e+02 1.056023e+02 8.809153e+01 1.091774e+02
34t 2.887454e+01 2.881460e+01 3.217966e+01 2.434825e+01 2.439158e+01
35t 1.393930e+04 1.249183e+04 1.235853e+04 1.255914e+04 1.279773e+04
36t 1.625663e+05 1.958151e+05 3.522290e+05 2.384028e+05 2.729606e+05
37t 6.232270e+01 5.845093e+01 5.937833e+01 5.928887e+01 5.406400e+01
38t 1.400903e+05 3.589861e+05 1.849669e+05 1.922106e+05 1.617309e+05
39t 5.438490e+00 5.733595e+00 5.881547e+00 5.527528e+00 5.464351e+00
40t 7.802716e+02 2.343783e+01 2.385643e+01 6.913209e+01 6.909192e+01
41t 5.792000e+02 4.513305e+02 4.578720e+02 4.505457e+02 5.828042e+02
42t 3.301189e+02 2.780337e+02 2.662954e+02 2.620208e+02 2.775570e+02
43t 3.924546e+02 3.111771e+02 2.984787e+02 3.247670e+02 4.368067e+02
44t 9.515374e+02 9.279133e+02 9.226282e+02 9.319222e+02 9.326946e+02
45t 9.447062e+02 9.226118e+02 9.350942e+02 9.345144e+02 9.502241e+02
46t 9.468612e+02 9.328152e+02 9.303231e+02 9.393898e+02 9.450046e+02
47t 5.543152e+02 1.015895e+03 6.166803e+02 1.021924e+03 9.065918e+02
48t 1.148326e+03 9.262307e+02 9.251080e+02 9.234027e+02 9.511134e+02
49t 5.707750e+02 1.020444e+03 6.247566e+02 1.018613e+03 1.019951e+03
50t 1.247505e+03 8.927164e+02 4.451332e+02 9.210068e+02 9.378206e+02
              11           12           13           14           15
1t  1.069049e+00 1.273438e+00 1.292657e+00 1.826596e+00 6.336674e-01
2t  6.675850e+06 1.038499e+07 8.952698e+06 1.067326e+07 2.664106e+06
3t  1.953316e+06 1.837639e+06 1.644712e+06 3.266985e+06 9.388332e+05
4t  1.391944e+05 1.067114e+05 1.261833e+05 9.307877e+04 2.200619e+05
5t  4.698095e+01 2.129215e+01 3.048271e+01 2.699935e+01 3.925334e+01
6t  9.762009e+01 4.152476e+02 1.032917e+02 4.851100e+01 3.900979e+00
7t  5.042319e+03 4.128196e+03 5.382417e+03 2.330852e+03 2.169284e+04
8t  5.615791e+00 6.192670e+00 5.690455e+00 7.751935e+00 4.250219e+00
9t  3.006568e+02 2.963178e+02 2.790255e+02 2.673848e+02 3.501942e+02
10t 2.580570e+01 2.963265e+01 2.689646e+01 3.600105e+01 1.825190e+01
11t 2.745468e+02 2.859197e+02 2.784200e+02 2.208840e+02 4.114364e+02
12t 1.117506e+04 4.827851e+02 8.561948e+03 3.214791e+02 1.340963e+04
13t 1.976041e+01 1.499265e+00 1.464349e+00 1.879598e+00 1.977788e+01
14t 2.097142e+01 2.110916e+01 2.096235e+01 2.104350e+01 2.072488e+01
15t 1.482342e+02 5.344267e+02 1.940837e+02 2.502434e+02 1.095158e+02
16t 4.765321e+01 1.102249e+02 4.809973e+01 4.928427e+01 4.914038e+01
17t 1.052160e+00 7.026372e-02 1.891896e-01 1.031127e-01 1.458776e+02
18t 9.280652e-01 9.821644e-01 9.501994e-01 1.017855e+00 6.312726e-01
19t 5.677466e+02 5.163218e+02 5.192090e+02 4.121233e+02 5.349879e+03
20t 3.602400e+02 2.878974e+02 2.810192e+02 3.346034e+02 5.437096e+02
21t 2.853614e+04 2.807776e+04 2.831892e+04 2.936252e+04 3.811513e+04
22t 2.851339e+04 2.880175e+04 2.782480e+04 2.970862e+04 3.806971e+04
23t 4.927753e+01 5.092423e+01 4.692405e+01 4.264661e+01 8.690646e+01
24t 7.128596e-01 8.423602e-01 7.639010e-01 7.043950e-01 4.454291e+00
25t 5.195384e-01 5.323538e-01 5.652746e-01 4.621413e-01 6.226139e-01
26t 3.123105e-01 3.139376e-01 7.579304e-01 2.881858e-01 2.541343e-01
27t 1.163868e+02 7.433102e+01 7.277333e+01 8.212156e+01 5.139152e+01
28t 2.536944e+02 2.221245e+02 2.601914e+02 3.132247e+02 1.487639e+02
29t 2.871265e+02 3.211799e+02 3.063944e+02 3.050341e+02 4.429720e+02
30t 9.785669e+00 1.189066e+01 1.033426e+01 1.825401e+01 6.292820e+02
31t 1.798251e+02 1.359795e+02 1.737573e+02 1.932451e+02 1.292640e+02
32t 3.038496e+02 2.528092e+02 3.198338e+02 6.343670e+02 4.108999e+02
33t 9.913891e+01 1.209165e+02 9.185634e+01 9.318319e+01 1.946706e+02
34t 2.672113e+01 2.634824e+01 2.778018e+01 2.693104e+01 2.171097e+01
35t 1.304723e+04 1.270985e+04 1.291688e+04 1.256440e+04 1.865134e+04
36t 1.660822e+05 2.347531e+05 1.112232e+05 2.360894e+05 1.342295e+05
37t 5.759459e+01 6.022318e+01 5.661488e+01 5.950798e+01 6.144776e+01
38t 1.894193e+05 2.407189e+05 2.329743e+05 2.487972e+05 1.517695e+05
39t 7.523190e+00 6.335722e+00 5.792691e+00 5.823801e+00 4.693624e+00
40t 8.716811e+01 5.899958e+01 7.820078e+01 1.708376e+01 7.814182e+02
41t 4.432745e+02 4.496138e+02 4.489695e+02 4.509276e+02 6.145230e+02
42t 2.898359e+02 3.235407e+02 2.720217e+02 2.670953e+02 4.414085e+02
43t 3.378940e+02 3.630641e+02 3.547709e+02 2.874675e+02 4.590729e+02
44t 9.461309e+02 9.332869e+02 9.286148e+02 9.229611e+02 9.255538e+02
45t 9.431856e+02 9.382979e+02 9.273769e+02 9.311927e+02 9.242762e+02
46t 9.356133e+02 9.275011e+02 9.284347e+02 9.301857e+02 9.228293e+02
47t 5.393847e+02 5.454215e+02 5.446165e+02 1.035854e+03 1.231410e+03
48t 9.372130e+02 9.187974e+02 9.385242e+02 9.384674e+02 1.337390e+03
49t 5.630096e+02 1.021304e+03 1.021878e+03 1.023045e+03 1.257390e+03
50t 1.134914e+03 1.116420e+03 9.247769e+02 9.269039e+02 1.337088e+03
              16           17           18           19           20
1t  2.330386e+00 1.113127e+00 1.256570e+00 7.685428e-01 6.464434e-01
2t  3.079718e+07 1.896857e+07 1.379467e+07 2.167239e+06 2.716393e+06
3t  3.786782e+06 1.738008e+06 2.052031e+06 1.218474e+06 9.044959e+05
4t  1.022213e+05 1.457753e+05 1.300259e+05 6.004178e+04 1.930422e+05
5t  7.282678e+00 2.999252e+01 3.334224e+01 1.062583e+01 3.427309e+01
6t  4.363585e+02 7.524361e+02 2.529658e+02 2.521504e+00 3.073602e+00
7t  3.429670e+03 4.283310e+03 3.608766e+03 1.106283e+04 3.281844e+04
8t  7.395116e+00 5.200036e+00 6.256744e+00 4.657543e+00 4.282530e+00
9t  1.682218e+02 2.807662e+02 2.648779e+02 4.102853e+02 4.576661e+02
10t 3.153523e+01 2.769885e+01 2.540402e+01 2.268381e+01 1.738607e+01
11t 2.559749e+02 2.750199e+02 2.567933e+02 3.837464e+02 4.170849e+02
12t 2.237472e+02 1.270579e+04 2.281626e+02 3.773142e+03 1.260606e+04
13t 1.989132e+00 1.259815e+00 1.594018e+00 2.023076e+01 1.986628e+01
14t 2.115889e+01 2.112187e+01 2.113506e+01 2.087231e+01 2.119992e+01
15t 4.482113e+02 2.358898e+02 2.208695e+02 1.190736e+02 1.021421e+02
16t 5.806818e+01 4.821602e+01 4.935484e+01 4.706805e+01 4.919636e+01
17t 1.096178e+00 1.045654e+00 1.136581e+00 8.175845e-02 2.153079e+02
18t 1.027700e+00 9.130483e-01 9.689533e-01 7.824031e-01 6.347710e-01
19t 3.836888e+02 5.383316e+02 4.883432e+02 6.643132e+02 5.936882e+03
20t 2.393310e+02 2.879066e+02 3.475876e+02 5.726725e+02 6.074206e+02
21t 2.694313e+04 2.796022e+04 2.778950e+04 2.967613e+04 3.831163e+04
22t 2.743851e+04 2.833749e+04 2.796304e+04 3.046250e+04 3.834237e+04
23t 3.897281e+01 4.944369e+01 4.366074e+01 6.958956e+01 8.439036e+01
24t 9.899542e-01 9.731013e-01 9.559036e-01 1.138075e+00 5.939934e+00
25t 5.164746e-01 6.707045e-01 5.699477e-01 6.679753e-01 5.932073e-01
26t 3.358578e-01 2.984535e-01 3.239283e-01 3.422456e-01 2.566608e-01
27t 7.366057e+01 7.029008e+01 8.037725e+01 1.228626e+02 6.669731e+01
28t 3.033726e+02 2.112120e+02 3.311903e+02 2.469772e+02 1.442689e+02
29t 2.738869e+02 3.062529e+02 2.962370e+02 5.304488e+02 4.493011e+02
30t 1.168099e+01 1.341459e+01 1.147164e+01 9.978275e+00 1.004086e+03
31t 1.557041e+02 1.539130e+02 1.666722e+02 2.828087e+02 1.292430e+02
32t 3.026077e+02 3.039890e+02 3.234151e+02 9.673663e+02 3.892129e+02
33t 1.136083e+02 1.177103e+02 1.020459e+02 1.332589e+02 1.841606e+02
34t 2.652873e+01 2.409061e+01 2.638624e+01 2.923911e+01 2.573869e+01
35t 1.243993e+04 1.279355e+04 1.253802e+04 1.379461e+04 1.839648e+04
36t 2.840357e+05 1.573729e+05 1.873527e+05 2.192910e+05 1.412898e+05
37t 6.185479e+01 5.624285e+01 6.100999e+01 5.616899e+01 5.841694e+01
38t 2.346414e+05 2.080689e+05 1.755789e+05 1.838148e+05 1.566475e+05
39t 7.767261e+00 6.370181e+00 5.821115e+00 5.207396e+00 4.481463e+00
40t 3.242579e+01 8.517289e+01 7.670894e+01 7.314968e+01 6.750038e+02
41t 4.528926e+02 4.097680e+02 3.885165e+02 7.736167e+02 1.046355e+03
42t 2.731757e+02 3.335025e+02 3.080476e+02 4.266583e+02 3.970816e+02
43t 3.003606e+02 3.488699e+02 4.117463e+02 4.847957e+02 5.292160e+02
44t 9.267485e+02 9.364752e+02 9.378453e+02 9.320048e+02 9.256135e+02
45t 9.261591e+02 9.369074e+02 9.264279e+02 1.044582e+03 9.228826e+02
46t 9.280691e+02 9.324022e+02 9.354178e+02 9.470558e+02 9.238644e+02
47t 1.022863e+03 5.359095e+02 5.405357e+02 1.191299e+03 1.243032e+03
48t 9.156309e+02 1.009771e+03 9.517814e+02 1.138072e+03 1.348793e+03
49t 1.026100e+03 5.556207e+02 1.023087e+03 8.975571e+02 1.273941e+03
50t 8.997077e+02 9.728439e+02 1.063218e+03 1.218858e+03 1.348866e+03
              21           22           23           24           25
1t  1.509541e+00 1.404382e+00 6.556410e-01 1.849598e+00 1.592848e+00
2t  1.505448e+07 1.584227e+07 2.585691e+06 1.026105e+07 1.186978e+07
3t  2.220142e+06 2.785565e+06 9.286217e+05 3.246347e+06 2.872305e+06
4t  1.109209e+05 1.389525e+05 1.953726e+05 1.348623e+05 1.060441e+05
5t  2.826609e+01 8.149805e+00 3.222124e+01 9.319440e+00 1.889675e+01
6t  5.135283e+02 4.094536e+02 3.789606e+00 6.425701e+02 3.764274e+02
7t  4.828352e+03 2.543537e+03 5.110332e+04 3.957844e+03 2.805419e+03
8t  6.403939e+00 6.585601e+00 1.288395e+02 7.662781e+00 7.164712e+00
9t  2.714470e+02 2.176781e+02 4.546637e+02 1.879666e+02 2.979212e+02
10t 2.893364e+01 3.085017e+01 1.896625e+01 3.112398e+01 2.931133e+01
11t 2.707328e+02 2.287510e+02 4.247591e+02 2.494473e+02 1.885604e+02
12t 8.242907e+03 2.950872e+02 1.112567e+04 2.957846e+02 9.490319e+02
13t 1.464343e+00 1.765493e+00 1.988591e+01 1.861817e+00 1.675119e+00
14t 2.104368e+01 2.118782e+01 2.069527e+01 2.104793e+01 2.100044e+01
15t 3.081160e+02 2.803381e+02 1.058457e+02 5.573456e+02 3.634182e+02
16t 4.880998e+01 4.894195e+01 4.922116e+01 4.861540e+01 4.944374e+01
17t 1.067821e+00 1.046358e+00 2.722391e+02 1.108344e+00 2.659570e-01
18t 9.731609e-01 1.002343e+00 7.043804e-01 1.013196e+00 1.003426e+00
19t 5.224465e+02 4.489162e+02 5.791111e+03 4.088143e+02 3.862822e+02
20t 3.068256e+02 1.898317e+02 5.556563e+02 2.313095e+02 2.137396e+02
21t 2.844020e+04 2.718441e+04 3.744039e+04 2.759210e+04 2.777659e+04
22t 2.814719e+04 2.816804e+04 3.763535e+04 2.836651e+04 2.835746e+04
23t 4.701363e+01 4.867293e+01 8.549131e+01 4.729370e+01 4.494171e+01
24t 7.456890e-01 5.412666e-01 6.080586e+00 8.650657e-01 5.486525e-01
25t 5.257064e-01 6.148998e-01 6.106666e-01 5.398765e-01 4.617076e-01
26t 3.077847e-01 3.149689e-01 2.532949e-01 3.012187e-01 3.408165e-01
27t 8.365999e+01 6.019858e+01 6.427192e+01 7.028275e+01 7.144257e+01
28t 2.667996e+02 2.483517e+02 1.433308e+02 2.732124e+02 2.335872e+02
29t 2.948457e+02 3.327679e+02 4.373805e+02 2.892270e+02 3.194304e+02
30t 1.317089e+01 1.186321e+01 7.813073e+02 1.217411e+01 1.194785e+01
31t 1.448678e+02 1.468874e+02 1.356724e+02 1.274405e+02 1.751749e+02
32t 2.579872e+02 4.369000e+02 4.248352e+02 3.483499e+02 3.161107e+02
33t 1.020768e+02 1.085645e+02 2.095763e+02 1.036311e+02 9.294672e+01
34t 2.785879e+01 2.522300e+01 2.934537e+01 2.677698e+01 2.836961e+01
35t 1.257564e+04 1.241444e+04 1.830125e+04 1.263917e+04 1.241137e+04
36t 1.933634e+05 2.184007e+05 1.262642e+05 2.586040e+05 2.133455e+05
37t 5.720973e+01 6.253147e+01 5.749727e+01 6.038160e+01 5.890388e+01
38t 1.892657e+05 1.823947e+05 1.533673e+05 2.557926e+05 2.756073e+05
39t 5.781122e+00 6.142486e+00 6.316038e+00 6.578723e+00 5.787486e+00
40t 5.633817e+01 3.346263e+01 6.210204e+02 3.447012e+01 4.157200e+01
41t 4.491372e+02 4.445066e+02 6.694168e+02 4.177174e+02 4.513238e+02
42t 3.223961e+02 2.890199e+02 4.149596e+02 2.710732e+02 2.627690e+02
43t 3.586096e+02 3.979502e+02 5.006290e+02 3.586354e+02 3.123536e+02
44t 9.356111e+02 9.318652e+02 9.258149e+02 9.226713e+02 9.266388e+02
45t 9.346681e+02 9.245155e+02 9.261262e+02 9.222095e+02 9.313675e+02
46t 9.385193e+02 9.218805e+02 9.253146e+02 9.262857e+02 9.360094e+02
47t 5.453603e+02 1.020853e+03 1.239367e+03 1.020187e+03 1.023641e+03
48t 9.988151e+02 9.125648e+02 1.350682e+03 9.337135e+02 9.318028e+02
49t 1.029905e+03 1.021819e+03 1.259112e+03 1.019051e+03 1.026880e+03
50t 9.448252e+02 8.956249e+02 1.348688e+03 9.275712e+02 8.943095e+02
              26           27           28           29           30
1t  1.160797e+00 1.664851e+00 1.464855e+00 1.118037e+00 1.957972e+00
2t  5.376691e+06 1.690918e+07 7.340413e+06 2.348061e+07 1.269997e+07
3t  1.654731e+06 2.585304e+06 2.148191e+06 2.111618e+06 3.112219e+06
4t  1.374887e+05 9.794291e+04 1.166435e+05 1.454668e+05 1.043038e+05
5t  5.411489e+01 1.231800e+01 1.522605e+01 3.532220e+01 1.206454e+01
6t  8.447651e+01 1.230671e+02 1.677722e+02 7.378120e+02 2.035264e+02
7t  8.213696e+03 2.880544e+03 3.541887e+03 5.744260e+03 3.784426e+03
8t  5.803707e+00 6.882977e+00 6.343005e+00 5.722171e+00 7.534326e+00
9t  3.988248e+02 2.414462e+02 2.248010e+02 2.837877e+02 2.331943e+02
10t 2.754665e+01 2.938339e+01 3.100598e+01 2.693345e+01 3.363991e+01
11t 3.550774e+02 2.403938e+02 2.507112e+02 2.810450e+02 2.559954e+02
12t 2.464255e+04 2.199731e+02 2.823957e+02 3.589920e+03 2.266579e+02
13t 2.018895e+01 1.772642e+00 1.592323e+00 1.374469e+00 1.798150e+00
14t 2.114417e+01 2.114516e+01 2.114622e+01 2.102517e+01 2.114490e+01
15t 3.465629e+02 4.815301e+02 1.979966e+02 1.611838e+02 4.834751e+02
16t 4.926921e+01 4.826108e+01 5.294666e+01 4.843764e+01 4.897795e+01
17t 2.907124e+02 6.685801e-02 7.594301e-02 8.416134e-01 1.908293e-01
18t 9.328632e-01 9.571377e-01 9.549760e-01 9.642181e-01 1.013398e+00
19t 1.640495e+03 4.028725e+02 4.839506e+02 5.892324e+02 4.258385e+02
20t 5.641778e+02 2.016595e+02 2.021669e+02 2.811107e+02 2.324084e+02
21t 3.477195e+04 2.802719e+04 2.792120e+04 2.765507e+04 2.747318e+04
22t 3.564655e+04 2.915355e+04 2.811730e+04 2.642652e+04 2.842388e+04
23t 6.376831e+01 4.430708e+01 4.781074e+01 5.118180e+01 4.218382e+01
24t 2.853428e+00 7.932718e-01 6.995385e-01 1.175386e+00 9.541375e-01
25t 6.107828e-01 5.203323e-01 4.152875e-01 5.603405e-01 5.499022e-01
26t 2.772995e-01 3.237409e-01 3.279667e-01 3.682022e-01 2.913828e-01
27t 4.012425e+01 8.713033e+01 8.636801e+01 7.011729e+01 7.800412e+01
28t 1.793093e+02 2.409871e+02 2.264835e+02 1.909581e+02 2.533424e+02
29t 4.369108e+02 2.943444e+02 2.909330e+02 3.556498e+02 2.721237e+02
30t 1.424528e+01 1.110535e+01 1.184200e+01 1.082754e+01 1.129412e+01
31t 1.059653e+02 1.643357e+02 1.617266e+02 1.198648e+02 1.485372e+02
32t 4.067352e+02 3.803596e+02 4.016904e+02 3.180864e+02 3.174505e+02
33t 1.433112e+02 9.659821e+01 1.112090e+02 1.048644e+02 9.328015e+01
34t 2.855064e+01 3.018819e+01 2.814869e+01 2.146959e+01 2.599895e+01
35t 1.396042e+04 1.242210e+04 1.264175e+04 1.259761e+04 1.255200e+04
36t 1.487172e+05 2.479745e+05 2.657508e+05 1.866142e+05 2.543011e+05
37t 6.266337e+01 5.919925e+01 5.803342e+01 6.087546e+01 5.963901e+01
38t 1.503631e+05 2.011437e+05 2.717986e+05 2.294115e+05 3.528762e+05
39t 4.759940e+00 6.734466e+00 5.965750e+00 5.598586e+00 5.621971e+00
40t 7.422649e+02 3.323274e+01 4.621536e+01 1.036652e+02 2.558868e+01
41t 4.435414e+02 3.910881e+02 4.499079e+02 4.482105e+02 4.372010e+02
42t 3.536413e+02 2.836857e+02 2.790716e+02 3.204039e+02 2.746273e+02
43t 4.117777e+02 3.243628e+02 3.549705e+02 4.011092e+02 3.685641e+02
44t 9.378166e+02 9.257595e+02 9.295423e+02 9.249557e+02 9.262932e+02
45t 9.462481e+02 9.666893e+02 9.344575e+02 9.425301e+02 9.272254e+02
46t 9.427807e+02 9.309093e+02 9.320159e+02 9.372443e+02 9.287205e+02
47t 1.205585e+03 1.020233e+03 1.020653e+03 5.411478e+02 1.021229e+03
48t 1.133755e+03 9.258593e+02 9.579170e+02 9.459548e+02 9.102314e+02
49t 5.669677e+02 1.014995e+03 1.024651e+03 5.624079e+02 1.018227e+03
50t 1.264886e+03 8.955837e+02 9.288550e+02 1.106765e+03 9.281914e+02
              31           32           33           34           35
1t  1.294042e+00 9.179692e-01 9.852329e-01 1.208986e+00 9.275619e-01
2t  1.063659e+07 2.438959e+06 6.735931e+06 2.870135e+06 3.446983e+06
3t  2.166925e+06 1.483259e+06 1.533378e+06 1.979705e+06 1.305891e+06
4t  1.058702e+05 7.107252e+04 1.451087e+05 2.616494e+04 1.578506e+05
5t  2.176956e+01 9.377780e+00 4.707764e+01 5.048770e-01 5.454772e+01
6t  2.167681e+02 3.869977e+00 1.000975e+02 4.772454e+00 2.976984e+01
7t  3.583744e+03 5.458775e+03 6.433891e+03 4.928134e+03 1.091212e+04
8t  6.001877e+00 5.276815e+00 4.916813e+00 6.168837e+00 5.149522e+00
9t  2.923904e+02 3.259921e+02 3.015851e+02 3.342382e+02 3.908734e+02
10t 2.886256e+01 2.388636e+01 2.625099e+01 2.661915e+01 2.446294e+01
11t 2.622543e+02 3.325937e+02 3.005810e+02 3.161404e+02 3.573106e+02
12t 8.326032e+03 7.508202e+03 1.201048e+04 3.441181e+02 2.362817e+04
13t 1.424196e+00 2.003847e+01 1.966414e+01 2.007982e+01 2.007831e+01
14t 2.097185e+01 2.095255e+01 2.095767e+01 2.102437e+01 2.117832e+01
15t 1.821215e+02 1.250630e+02 1.424581e+02 1.847896e+02 1.390193e+02
16t 4.814411e+01 4.709254e+01 4.724484e+01 4.286799e+01 4.925460e+01
17t 1.534202e+00 1.161567e-01 3.885900e+00 4.170361e-02 3.375924e+02
18t 9.353610e-01 7.981520e-01 8.898978e-01 9.057133e-01 7.564610e-01
19t 5.156718e+02 6.194269e+02 6.425968e+02 6.783550e+02 2.169564e+03
20t 2.188969e+02 3.917467e+02 2.997735e+02 3.572498e+02 6.256499e+02
21t 2.758213e+04 3.027582e+04 2.824744e+04 2.977134e+04 3.470918e+04
22t 2.829172e+04 2.902350e+04 2.935489e+04 2.941732e+04 3.572988e+04
23t 5.214871e+01 6.243625e+01 5.409717e+01 5.615008e+01 7.008125e+01
24t 5.504671e-01 6.849402e-01 5.755971e-01 7.902714e-01 3.463372e+00
25t 5.347357e-01 8.145198e-01 6.532628e-01 7.631139e-01 5.984839e-01
26t 2.858279e-01 2.853532e-01 3.268302e-01 3.816073e-01 2.508148e-01
27t 9.495564e+01 1.135849e+02 1.050796e+02 1.107745e+02 4.087153e+01
28t 2.427601e+02 2.558085e+02 2.550910e+02 2.373159e+02 1.465457e+02
29t 3.526408e+02 3.759717e+02 3.286709e+02 3.746813e+02 4.277677e+02
30t 1.025143e+01 1.125382e+01 1.283343e+01 1.687718e+01 1.842781e+01
31t 1.734359e+02 2.305338e+02 1.791992e+02 2.909212e+02 1.206066e+02
32t 3.309017e+02 4.857135e+02 2.837056e+02 4.745970e+02 3.821625e+02
33t 1.155573e+02 1.338159e+02 1.078098e+02 1.423700e+02 1.420218e+02
34t 2.588262e+01 2.996933e+01 2.233467e+01 3.309961e+01 2.601509e+01
35t 1.270313e+04 1.373078e+04 1.321440e+04 1.304758e+04 1.447887e+04
36t 2.012883e+05 2.454722e+05 1.713511e+05 1.546131e+05 1.270760e+05
37t 5.829200e+01 5.543290e+01 5.570305e+01 5.981068e+01 6.559594e+01
38t 2.683550e+05 1.746094e+05 2.124876e+05 3.083181e+05 1.315135e+05
39t 6.034968e+00 7.103439e+00 6.440414e+00 6.118262e+00 4.769798e+00
40t 6.279427e+01 6.402800e+01 1.755482e+02 3.981657e+01 9.849051e+02
41t 4.088495e+02 8.273409e+02 4.402313e+02 8.026857e+02 4.462669e+02
42t 3.043588e+02 3.760522e+02 2.943434e+02 3.060856e+02 3.919180e+02
43t 3.408432e+02 4.187087e+02 4.073385e+02 3.732925e+02 4.662614e+02
44t 9.251440e+02 9.360305e+02 9.225932e+02 9.493577e+02 9.322942e+02
45t 9.344965e+02 9.321981e+02 9.338205e+02 9.334512e+02 9.319552e+02
46t 9.326365e+02 9.347818e+02 9.307068e+02 9.460266e+02 9.288003e+02
47t 5.381068e+02 9.028864e+02 5.316875e+02 1.192472e+03 1.195965e+03
48t 9.384722e+02 1.110739e+03 9.645231e+02 1.084438e+03 1.251996e+03
49t 5.667343e+02 5.524383e+02 5.532607e+02 5.695985e+02 5.688911e+02
50t 1.099062e+03 1.065786e+03 1.014372e+03 1.015705e+03 1.286529e+03
              36           37           38           39           40
1t  1.367021e+00 1.127802e+00 1.504816e+00 8.419992e-01 6.416109e-01
2t  1.650156e+07 1.461869e+07 1.150361e+07 5.711111e+06 2.899728e+06
3t  2.349384e+06 1.803436e+06 2.545509e+06 1.173971e+06 9.055502e+05
4t  1.247138e+05 1.248624e+05 1.074618e+05 1.472949e+05 2.003564e+05
5t  2.924533e+01 2.176668e+01 9.972091e+00 4.370661e+01 3.748516e+01
6t  6.372837e+02 2.640259e+02 4.792278e+02 1.047572e+01 3.879421e+00
7t  4.847587e+03 5.944079e+03 3.222100e+03 1.219156e+04 3.390818e+04
8t  6.571784e+00 5.797818e+00 6.785440e+00 4.691304e+00 4.197591e+00
9t  2.358703e+02 2.604123e+02 2.366156e+02 3.477507e+02 4.500936e+02
10t 2.956691e+01 2.776694e+01 3.079003e+01 2.432204e+01 1.916852e+01
11t 2.508138e+02 2.592736e+02 2.363349e+02 3.123001e+02 3.884595e+02
12t 3.546011e+02 6.567253e+03 2.387462e+02 2.446942e+04 1.458083e+04
13t 1.573064e+00 1.405190e+00 1.573547e+00 1.985025e+01 1.975866e+01
14t 2.110085e+01 2.105709e+01 2.111544e+01 2.092513e+01 2.081635e+01
15t 2.209616e+02 1.439654e+02 2.026140e+02 5.147837e+02 1.080432e+02
16t 4.929814e+01 5.123644e+01 4.858286e+01 4.825548e+01 4.922554e+01
17t 4.527596e-01 2.630448e-01 4.753277e-01 3.878759e+01 2.950328e+02
18t 9.377713e-01 9.212330e-01 9.481813e-01 8.137642e-01 5.669163e-01
19t 4.314654e+02 5.399604e+02 4.814631e+02 1.429569e+03 5.797100e+03
20t 2.312679e+02 3.097915e+02 2.581955e+02 3.856652e+02 5.825103e+02
21t 2.779594e+04 2.879455e+04 2.699715e+04 2.808468e+04 3.769231e+04
22t 2.871523e+04 2.876699e+04 2.868862e+04 3.007416e+04 3.790484e+04
23t 4.958331e+01 4.969505e+01 4.544592e+01 6.206605e+01 8.875222e+01
24t 9.564749e-01 7.400917e-01 7.912298e-01 5.156989e-01 5.299270e+00
25t 6.338898e-01 5.696630e-01 4.798881e-01 6.812187e-01 6.128632e-01
26t 2.429255e-01 3.269029e-01 3.323363e-01 3.592324e-01 2.607127e-01
27t 7.940924e+01 8.052988e+01 8.254845e+01 1.033713e+02 6.081510e+01
28t 2.140863e+02 1.981448e+02 2.409576e+02 2.378258e+02 1.434453e+02
29t 3.093979e+02 3.471361e+02 3.321248e+02 3.381600e+02 3.790986e+02
30t 1.123181e+01 1.277539e+01 1.214556e+01 1.632488e+01 2.408241e+03
31t 1.396412e+02 1.443506e+02 1.397173e+02 2.334228e+02 1.225828e+02
32t 3.432006e+02 3.138505e+02 2.921330e+02 6.055856e+02 4.128633e+02
33t 9.615049e+01 8.801503e+01 9.785178e+01 1.101493e+02 2.035402e+02
34t 2.911229e+01 2.520703e+01 2.568960e+01 2.678094e+01 2.140140e+01
35t 1.278924e+04 1.238972e+04 1.247677e+04 1.470452e+04 1.910065e+04
36t 2.323753e+05 1.946216e+05 2.418088e+05 1.638140e+05 1.279942e+05
37t 6.089760e+01 5.942279e+01 5.908558e+01 5.871176e+01 5.762345e+01
38t 1.982441e+05 2.381950e+05 2.082182e+05 1.699287e+05 1.440816e+05
39t 5.765275e+00 6.275707e+00 6.586050e+00 6.448277e+00 5.847515e+00
40t 5.162643e+01 4.863987e+01 4.354877e+01 1.987728e+02 8.698633e+02
41t 4.498564e+02 4.484472e+02 4.501587e+02 6.918926e+02 1.003525e+03
42t 3.143166e+02 2.849708e+02 2.846608e+02 3.322821e+02 4.101769e+02
43t 4.087848e+02 4.526413e+02 3.739364e+02 6.272656e+02 5.057632e+02
44t 9.212741e+02 9.384795e+02 9.264432e+02 9.764388e+02 9.233013e+02
45t 9.251452e+02 9.342468e+02 9.279573e+02 1.148858e+03 9.253812e+02
46t 9.354244e+02 9.309610e+02 9.278872e+02 1.029774e+03 9.247729e+02
47t 1.027747e+03 1.022926e+03 1.020475e+03 1.240543e+03 1.235284e+03
48t 9.289689e+02 9.299077e+02 9.372696e+02 1.188123e+03 1.315824e+03
49t 1.026469e+03 1.021438e+03 1.018698e+03 1.232607e+03 1.283087e+03
50t 9.507552e+02 9.420069e+02 8.883205e+02 1.253953e+03 1.387372e+03
              41           42           43           44           45
1t  1.192719e+00 1.868181e+00 7.187439e-01 1.515758e+00 1.642737e+00
2t  7.355491e+06 2.078246e+07 2.466038e+06 1.863434e+07 9.458646e+06
3t  2.047293e+06 3.698011e+06 1.243208e+06 2.251336e+06 2.488444e+06
4t  1.102476e+05 1.356037e+05 7.483890e+04 1.164788e+05 1.313748e+05
5t  3.719459e+01 1.272279e+01 3.940017e+00 3.772907e+01 1.139430e+01
6t  2.685203e+01 6.755088e+02 3.631196e+00 3.781514e+02 1.900491e+02
7t  4.031300e+03 4.075034e+03 1.107167e+05 4.493252e+03 4.447151e+03
8t  6.530982e+00 7.024363e+00 4.756481e+00 6.373360e+00 6.549330e+00
9t  3.063023e+02 2.070557e+02 3.893168e+02 3.063688e+02 2.442211e+02
10t 2.821211e+01 3.245777e+01 2.488360e+01 3.067095e+01 3.059575e+01
11t 2.849272e+02 2.499441e+02 3.740601e+02 2.813265e+02 2.417490e+02
12t 9.417427e+03 3.120966e+02 2.967614e+02 2.146562e+04 1.826260e+02
13t 1.913268e+01 1.858237e+00 2.015492e+01 1.628549e+00 1.722700e+00
14t 2.115244e+01 2.114455e+01 2.105235e+01 2.091037e+01 2.114564e+01
15t 1.929869e+02 3.409584e+02 1.270356e+02 4.805199e+02 2.244478e+02
16t 4.874675e+01 1.066729e+02 4.924862e+01 6.915535e+01 4.926496e+01
17t 2.793898e-01 7.578014e-01 2.557363e-02 2.169335e+00 8.198583e-02
18t 9.716926e-01 1.021488e+00 8.351852e-01 9.834057e-01 9.909218e-01
19t 6.109064e+02 3.827618e+02 2.256930e+03 4.776737e+02 4.472066e+02
20t 3.115999e+02 2.427915e+02 6.244708e+02 2.965456e+02 2.771205e+02
21t 2.801729e+04 2.703727e+04 2.885626e+04 2.891457e+04 2.825604e+04
22t 2.933729e+04 2.857895e+04 3.067307e+04 2.843267e+04 2.886194e+04
23t 5.223918e+01 4.843366e+01 8.070715e+01 5.394121e+01 4.891920e+01
24t 6.862770e-01 4.746107e-01 5.636625e+00 6.386450e-01 5.682634e-01
25t 7.686671e-01 6.159697e-01 6.162553e-01 5.466821e-01 6.365212e-01
26t 3.487017e-01 3.620890e-01 3.034109e-01 3.452825e-01 3.074774e-01
27t 1.195234e+02 7.338272e+01 7.513742e+01 6.070420e+01 6.981524e+01
28t 2.745017e+02 2.695455e+02 2.113964e+02 3.024306e+02 2.375221e+02
29t 3.366239e+02 3.289422e+02 6.217261e+02 2.983489e+02 3.093189e+02
30t 1.331743e+01 1.226881e+01 4.750053e+02 1.262107e+01 1.339486e+01
31t 2.306193e+02 1.119179e+02 1.791281e+02 1.889057e+02 1.687394e+02
32t 3.923373e+02 3.475477e+02 2.896882e+02 4.160911e+02 3.217465e+02
33t 1.095919e+02 1.129381e+02 2.318731e+02 8.866964e+01 1.128460e+02
34t 3.105623e+01 2.669138e+01 3.690700e+01 2.524156e+01 2.615248e+01
35t 1.316015e+04 1.250901e+04 1.410177e+04 1.280690e+04 1.238270e+04
36t 2.093187e+05 1.865020e+05 1.831573e+05 1.742261e+05 1.978411e+05
37t 6.005891e+01 5.991196e+01 6.060274e+01 5.826789e+01 5.847350e+01
38t 2.186764e+05 1.846577e+05 4.453331e+05 2.317757e+05 1.896037e+05
39t 6.999192e+00 5.820084e+00 5.060090e+00 5.908052e+00 6.982035e+00
40t 6.863489e+01 3.712642e+01 9.924606e+01 6.247685e+01 5.067497e+01
41t 5.152364e+02 4.509660e+02 8.272686e+02 4.494525e+02 4.188047e+02
42t 3.121666e+02 3.090306e+02 4.396168e+02 2.948552e+02 2.986938e+02
43t 3.682021e+02 3.419968e+02 4.284045e+02 3.504085e+02 2.877373e+02
44t 9.546321e+02 9.346461e+02 1.125394e+03 9.259356e+02 9.379265e+02
45t 9.346987e+02 9.322902e+02 9.988123e+02 9.364264e+02 9.320929e+02
46t 9.472810e+02 9.284794e+02 1.166614e+03 9.359013e+02 9.254172e+02
47t 1.024219e+03 1.023298e+03 5.297872e+02 1.034989e+03 1.021830e+03
48t 9.570595e+02 9.090342e+02 1.308492e+03 9.604000e+02 9.144535e+02
49t 5.677528e+02 1.020359e+03 1.194604e+03 5.754296e+02 1.018953e+03
50t 9.609583e+02 9.333981e+02 1.298661e+03 9.732264e+02 9.555965e+02
              46           47           48           49           50
1t  1.343729e+00 3.824352e+00 7.243608e-01 1.939457e+00 2.350962e+00
2t  8.587954e+06 3.531145e+07 1.431070e+07 6.181257e+06 1.184188e+07
3t  2.307705e+06 5.451252e+06 1.450708e+06 3.067824e+06 3.811169e+06
4t  1.530613e+05 1.093539e+05 1.438461e+05 9.114813e+04 1.013424e+05
5t  5.655644e+01 7.209819e+00 4.832035e+01 1.299658e+01 2.696371e+00
6t  4.450467e+02 5.015545e+02 2.240282e+02 4.064877e+01 3.734011e+02
7t  5.765914e+03 2.894600e+03 5.282574e+03 4.035679e+03 2.828080e+03
8t  6.885116e+00 9.772929e+00 5.020876e+00 7.214449e+00 9.010810e+00
9t  3.505239e+02 1.878791e+02 3.033778e+02 2.863252e+02 1.996456e+02
10t 3.023917e+01 3.764236e+01 2.467870e+01 3.152200e+01 3.539545e+01
11t 3.547041e+02 1.679372e+02 3.054778e+02 2.518497e+02 2.344206e+02
12t 2.681321e+04 2.916408e+02 2.221858e+04 2.182389e+02 2.159868e+02
13t 2.038370e+01 2.305990e+00 1.969247e+01 1.853033e+00 2.136527e+00
14t 2.120966e+01 2.118625e+01 2.106481e+01 2.119685e+01 2.109813e+01
15t 2.038353e+02 4.359181e+02 1.298252e+02 2.256016e+02 3.424674e+02
16t 4.930088e+01 4.840359e+01 4.874045e+01 4.811169e+01 4.922808e+01
17t 5.281998e+01 9.539967e-01 1.846875e+00 1.078109e-01 2.045503e-01
18t 9.716860e-01 1.045048e+00 8.555865e-01 1.002668e+00 1.041413e+00
19t 1.061276e+03 3.784356e+02 6.990067e+02 4.393574e+02 4.068897e+02
20t 5.387228e+02 1.748624e+02 2.306377e+02 2.854147e+02 1.588552e+02
21t 3.376647e+04 2.662082e+04 2.789815e+04 2.626447e+04 2.807670e+04
22t 3.459381e+04 2.760028e+04 2.881238e+04 2.847078e+04 2.876393e+04
23t 5.537625e+01 3.556327e+01 6.025849e+01 4.316824e+01 4.685246e+01
24t 3.410540e+00 9.558347e-01 9.514366e-01 5.629801e-01 8.468379e-01
25t 6.334112e-01 4.688156e-01 7.160794e-01 6.896445e-01 5.318716e-01
26t 2.805224e-01 3.284555e-01 3.089500e-01 3.610294e-01 3.344070e-01
27t 4.414404e+01 5.274595e+01 8.235443e+01 9.659686e+01 7.910771e+01
28t 1.979684e+02 3.903817e+02 2.626897e+02 3.076748e+02 3.291526e+02
29t 4.110354e+02 2.906686e+02 3.767730e+02 2.566343e+02 2.488445e+02
30t 1.749969e+01 1.508740e+01 1.215969e+01 1.476235e+01 1.190796e+01
31t 9.727020e+01 1.650572e+02 1.594562e+02 2.012937e+02 1.695678e+02
32t 2.504946e+02 3.196504e+02 3.151830e+02 3.279782e+02 3.645370e+02
33t 1.244317e+02 1.060219e+02 1.034900e+02 8.598857e+01 9.862750e+01
34t 2.753082e+01 3.318553e+01 1.824156e+01 2.777331e+01 3.045613e+01
35t 1.347869e+04 1.247481e+04 1.338054e+04 1.277575e+04 1.260432e+04
36t 2.490041e+05 2.861203e+05 1.256332e+05 2.506585e+05 2.717851e+05
37t 6.263779e+01 6.236145e+01 5.609014e+01 6.157049e+01 5.928096e+01
38t 1.663288e+05 2.360869e+05 1.973399e+05 2.861892e+05 2.464323e+05
39t 6.274198e+00 5.977194e+00 7.225688e+00 6.044021e+00 5.776838e+00
40t 5.537945e+02 1.924908e+01 2.525502e+02 3.365716e+01 2.182744e+01
41t 4.423659e+02 4.166884e+02 4.468907e+02 4.696181e+02 4.184581e+02
42t 3.591531e+02 2.697863e+02 2.767072e+02 2.649554e+02 2.619289e+02
43t 3.877427e+02 3.165556e+02 4.317703e+02 3.274931e+02 3.315509e+02
44t 1.013947e+03 9.257571e+02 9.298495e+02 9.259485e+02 9.257424e+02
45t 9.513615e+02 9.273913e+02 9.403281e+02 9.319782e+02 9.339943e+02
46t 9.984762e+02 9.235735e+02 9.858702e+02 9.332138e+02 9.280377e+02
47t 5.568033e+02 1.020583e+03 5.275463e+02 1.032886e+03 1.022771e+03
48t 1.118618e+03 9.101969e+02 9.883237e+02 9.277685e+02 9.220425e+02
49t 5.787773e+02 1.022217e+03 5.520600e+02 1.018127e+03 1.018734e+03
50t 1.236658e+03 8.913816e+02 1.143990e+03 8.964550e+02 9.012068e+02
              51           52           53           54           55
1t  1.434691e+00 1.081319e+00 9.839404e-01 1.305837e+00 8.137251e-01
2t  8.027488e+06 9.498659e+06 8.404433e+06 4.595813e+06 3.775021e+06
3t  2.175595e+06 1.848647e+06 1.512818e+06 2.506917e+06 1.193158e+06
4t  8.559393e+04 1.293232e+05 1.460215e+05 1.394692e+05 1.784917e+05
5t  2.768962e+01 4.280295e+01 3.840065e+01 2.951603e+01 5.065088e+01
6t  6.417159e+01 2.219651e+02 1.021916e+01 1.213867e+02 1.192568e+01
7t  3.203907e+03 4.375954e+03 4.705189e+03 8.287351e+03 2.706354e+04
8t  6.638822e+00 5.645488e+00 4.960094e+00 6.367717e+00 4.842378e+00
9t  2.783227e+02 2.773185e+02 3.148967e+02 2.842251e+02 4.115863e+02
10t 2.981714e+01 2.811539e+01 2.712987e+01 3.078241e+01 2.319113e+01
11t 2.825285e+02 2.935926e+02 3.019191e+02 2.771400e+02 3.788320e+02
12t 8.109857e+03 2.863183e+02 1.309048e+04 4.805435e+03 2.002568e+04
13t 1.639594e+00 1.401536e+00 1.999242e+01 1.717800e+00 2.038470e+01
14t 2.100338e+01 2.105525e+01 2.097342e+01 2.115527e+01 2.114213e+01
15t 2.204025e+02 1.673386e+02 7.295373e+03 4.401084e+02 1.183604e+02
16t 4.520225e+01 4.912237e+01 4.878492e+01 4.929226e+01 4.924094e+01
17t 4.128077e-01 2.341503e-01 7.049729e-02 5.036638e-02 4.593687e+02
18t 9.462509e-01 9.305274e-01 8.383965e-01 9.913285e-01 8.189020e-01
19t 3.835174e+02 5.386931e+02 6.172923e+02 5.687048e+02 2.628902e+03
20t 2.301018e+02 2.059725e+02 3.820101e+02 3.656758e+02 7.560151e+02
21t 2.853777e+04 2.792606e+04 2.885426e+04 3.218189e+04 3.592864e+04
22t 2.908510e+04 2.885169e+04 2.967174e+04 3.389531e+04 3.566632e+04
23t 5.095372e+01 5.264907e+01 6.451843e+01 4.678007e+01 7.371219e+01
24t 6.626266e-01 8.311511e-01 8.076337e-01 3.491710e+00 3.212221e+00
25t 6.473864e-01 5.744961e-01 8.762806e-01 5.881762e-01 6.031093e-01
26t 3.697640e-01 3.179351e-01 3.058337e-01 3.154169e-01 2.791642e-01
27t 9.026259e+01 9.754483e+01 1.432752e+02 9.604230e+01 4.601784e+01
28t 2.868641e+02 2.244250e+02 2.204563e+02 2.140102e+02 1.555165e+02
29t 2.969785e+02 3.100169e+02 3.533011e+02 3.758177e+02 4.766636e+02
30t 1.202525e+01 1.233942e+01 1.839810e+01 1.457731e+01 5.523275e+02
31t 1.832297e+02 2.023596e+02 2.492521e+02 1.611056e+02 1.106218e+02
32t 2.860192e+02 3.252645e+02 9.859753e+02 3.680599e+02 4.505737e+02
33t 1.182094e+02 9.996143e+01 1.536482e+02 1.139145e+02 1.528975e+02
34t 2.482716e+01 2.282167e+01 2.736761e+01 2.820458e+01 2.634132e+01
35t 1.256093e+04 1.252378e+04 1.299494e+04 1.284677e+04 1.475412e+04
36t 2.200809e+05 1.378511e+05 1.532295e+05 2.392805e+05 1.289931e+05
37t 5.808740e+01 5.887131e+01 5.858098e+01 6.239864e+01 6.120231e+01
38t 1.977129e+05 1.994841e+05 1.714967e+05 1.611874e+05 1.388045e+05
39t 5.566001e+00 6.348508e+00 5.476397e+00 7.127401e+00 5.521847e+00
40t 6.329740e+01 1.083457e+02 1.120922e+02 7.993085e+01 9.587670e+02
41t 3.853482e+02 3.655836e+02 4.964051e+02 4.515905e+02 5.799018e+02
42t 2.519404e+02 2.634974e+02 3.461670e+02 3.733330e+02 3.313126e+02
43t 3.364540e+02 4.058456e+02 4.332747e+02 3.536940e+02 4.344357e+02
44t 9.303568e+02 9.327088e+02 9.386460e+02 9.357720e+02 9.310848e+02
45t 9.291875e+02 9.416813e+02 9.341427e+02 9.345479e+02 9.307486e+02
46t 9.392959e+02 9.326457e+02 9.351639e+02 9.792377e+02 9.309104e+02
47t 1.023431e+03 5.406230e+02 9.004882e+02 5.594550e+02 1.199293e+03
48t 9.735372e+02 9.403185e+02 1.076039e+03 9.810107e+02 1.262938e+03
49t 1.022127e+03 5.627009e+02 5.544943e+02 5.692462e+02 1.229923e+03
50t 9.482501e+02 9.736699e+02 1.074747e+03 1.166915e+03 1.298245e+03
              56           57           58           59           60
1t  1.454828e+00 8.833091e-01 1.943925e+00 6.888972e-01 6.631071e-01
2t  1.545350e+07 9.252169e+06 1.414409e+07 3.366402e+06 2.940023e+06
3t  2.300358e+06 1.300490e+06 3.005921e+06 9.630355e+05 1.088454e+06
4t  1.101508e+05 1.380467e+05 7.367763e+04 1.028709e+05 1.506079e+05
5t  2.542389e+01 4.184685e+01 8.597292e+00 3.058502e+01 4.716284e+01
6t  2.848813e+02 1.218086e+02 9.986052e+01 2.984514e+00 6.021446e+00
7t  2.992776e+03 5.045567e+03 3.686498e+03 2.796304e+04 1.347068e+04
8t  6.543968e+00 5.146769e+00 7.990057e+00 4.498116e+00 4.409470e+00
9t  2.772864e+02 2.881633e+02 2.348471e+02 3.044467e+02 4.362447e+02
10t 3.050523e+01 2.638048e+01 3.245241e+01 2.483689e+01 1.992784e+01
11t 2.905128e+02 2.999661e+02 2.635089e+02 3.121731e+02 3.704872e+02
12t 8.445554e+03 1.340150e+04 9.560225e+03 8.973271e+03 1.800182e+04
13t 1.718767e+00 1.932277e+01 1.835459e+00 1.987919e+01 2.044901e+01
14t 2.106733e+01 2.100061e+01 2.100168e+01 2.080779e+01 2.118586e+01
15t 2.766007e+02 5.870424e+03 2.587377e+02 3.934530e+02 1.181477e+02
16t 1.740986e+02 4.770899e+01 4.933446e+01 4.822051e+01 4.920254e+01
17t 1.271755e-01 1.747617e+00 2.085894e-01 2.107907e-02 3.160661e+02
18t 9.828528e-01 8.830357e-01 1.003175e+00 7.766652e-01 7.466733e-01
19t 4.101702e+02 5.417386e+02 3.912271e+02 1.869502e+03 2.727603e+03
20t 2.543109e+02 3.232795e+02 3.289478e+02 4.234828e+02 7.288715e+02
21t 2.768521e+04 2.843415e+04 2.824795e+04 2.910549e+04 3.492825e+04
22t 2.911372e+04 2.871136e+04 2.811301e+04 3.023680e+04 3.570183e+04
23t 4.689119e+01 5.026348e+01 4.713862e+01 6.610255e+01 7.190335e+01
24t 5.495040e-01 4.878246e-01 5.323534e-01 1.976648e+00 3.606567e+00
25t 5.053968e-01 6.051453e-01 4.747056e-01 6.446215e-01 6.341973e-01
26t 2.486930e-01 3.114229e-01 2.526040e-01 3.585017e-01 2.580315e-01
27t 7.709190e+01 1.073917e+02 7.121080e+01 1.407617e+02 5.169750e+01
28t 1.102381e+04 2.767869e+02 2.816983e+02 2.751051e+02 1.451923e+02
29t 3.285156e+02 3.422668e+02 3.052426e+02 3.541774e+02 4.101131e+02
30t 1.270683e+01 1.101200e+01 1.336193e+01 8.221522e+00 4.839174e+02
31t 1.648581e+02 1.939798e+02 1.608277e+02 2.604435e+02 1.160767e+02
32t 3.386048e+02 4.976202e+02 2.626545e+02 4.571122e+02 4.300508e+02
33t 9.244804e+01 1.091675e+02 1.019116e+02 1.522649e+02 1.616172e+02
34t 2.761957e+01 2.314632e+01 2.773133e+01 2.208991e+01 2.591981e+01
35t 1.271692e+04 1.336820e+04 1.267754e+04 1.409832e+04 1.476766e+04
36t 2.005086e+05 1.553886e+05 2.115107e+05 2.206294e+05 1.408605e+05
37t 6.106428e+01 5.652614e+01 5.895910e+01 5.259119e+01 6.779255e+01
38t 1.865399e+05 2.389991e+05 2.242905e+05 2.785837e+05 1.340824e+05
39t 5.700161e+00 6.820439e+00 5.690931e+00 6.446348e+00 4.765369e+00
40t 5.206485e+01 1.116155e+02 2.548403e+01 1.429675e+02 8.524927e+02
41t 4.061354e+02 4.829135e+02 4.508758e+02 7.431663e+02 5.696309e+02
42t 2.813827e+02 3.358254e+02 2.764530e+02 3.491714e+02 3.291018e+02
43t 3.890210e+02 4.034905e+02 3.103957e+02 4.506373e+02 4.177959e+02
44t 9.248068e+02 9.453557e+02 9.224580e+02 1.039440e+03 9.284468e+02
45t 9.219682e+02 9.371214e+02 9.293249e+02 1.056380e+03 9.276854e+02
46t 9.319197e+02 9.346393e+02 9.259627e+02 1.032866e+03 9.267778e+02
47t 1.028296e+03 1.023293e+03 1.026070e+03 5.291702e+02 1.210840e+03
48t 9.323113e+02 9.828796e+02 9.408490e+02 1.229212e+03 1.305795e+03
49t 1.024012e+03 5.562751e+02 1.022515e+03 5.445375e+02 1.225810e+03
50t 9.069005e+02 1.086783e+03 9.073889e+02 1.270488e+03 1.302745e+03
              61           62           63           64           65
1t  8.112666e-01 1.443813e+00 1.072537e+00 1.296274e+00 1.751329e+00
2t  1.160151e+07 8.204563e+06 7.244223e+06 7.208611e+06 2.809049e+07
3t  1.241223e+06 2.217161e+06 1.637066e+06 2.172823e+06 2.298845e+06
4t  1.117404e+05 1.222926e+05 1.406339e+05 1.243934e+05 1.054094e+05
5t  3.709888e+01 6.607864e+00 2.509881e+01 4.778315e+01 1.352369e+01
6t  8.901050e+01 2.652203e+02 4.552009e+02 2.761949e+02 3.342151e+02
7t  6.270912e+03 3.653768e+03 3.689812e+03 9.634888e+03 3.783882e+03
8t  5.015099e+00 6.384185e+00 5.107904e+00 6.000228e+00 6.899140e+00
9t  3.347701e+02 2.763404e+02 3.014963e+02 2.953523e+02 1.547499e+02
10t 2.478049e+01 2.920262e+01 2.768673e+01 2.825090e+01 3.145742e+01
11t 3.083381e+02 2.615410e+02 3.003144e+02 2.685324e+02 2.499608e+02
12t 1.846794e+04 2.816279e+02 8.688292e+03 1.838472e+04 2.591705e+02
13t 1.983198e+01 1.646112e+00 1.376410e+00 1.966409e+01 1.777331e+00
14t 2.093485e+01 2.112045e+01 2.108726e+01 2.093784e+01 2.115423e+01
15t 2.825738e+02 1.927912e+02 3.906100e+02 1.123931e+03 2.527447e+02
16t 1.261382e+02 4.688440e+01 4.833221e+01 1.153747e+02 4.878623e+01
17t 6.611047e+00 2.042748e-01 1.109959e-01 2.809627e+00 5.415142e-01
18t 8.663463e-01 9.503131e-01 9.607392e-01 9.964968e-01 9.883132e-01
19t 9.558332e+02 4.744496e+02 6.192023e+02 5.701196e+02 4.243941e+02
20t 3.877459e+02 2.352583e+02 3.108186e+02 2.908068e+02 2.681501e+02
21t 2.806395e+04 2.805211e+04 2.692505e+04 2.804429e+04 2.802383e+04
22t 2.834658e+04 2.890748e+04 2.760467e+04 2.806448e+04 2.838952e+04
23t 6.057215e+01 4.862104e+01 5.553934e+01 5.076806e+01 4.025011e+01
24t 8.008601e-01 4.770258e-01 9.645342e-01 8.701600e-01 1.306273e+00
25t 8.714860e-01 5.206385e-01 5.030518e-01 7.739140e-01 4.792004e-01
26t 3.368052e-01 3.598029e-01 2.876949e-01 2.996630e-01 3.584922e-01
27t 8.183704e+01 7.446929e+01 7.384148e+01 1.075631e+02 6.247464e+01
28t 1.922998e+02 2.300727e+02 1.963068e+02 1.064218e+06 2.799987e+02
29t 3.562095e+02 2.371499e+02 3.503537e+02 4.020658e+02 2.721146e+02
30t 1.097602e+01 1.189100e+01 1.095440e+01 1.712191e+01 1.189106e+01
31t 2.136064e+02 1.554503e+02 1.596280e+02 1.700596e+02 1.473953e+02
32t 1.699544e+03 3.155146e+02 5.345100e+02 3.502032e+02 5.042713e+02
33t 1.266688e+02 1.145390e+02 1.028543e+02 1.183222e+02 1.003118e+02
34t 2.464442e+01 2.485142e+01 2.436659e+01 2.746127e+01 2.717255e+01
35t 1.377239e+04 1.250423e+04 1.260896e+04 1.326650e+04 1.267764e+04
36t 1.589527e+05 2.152306e+05 1.670782e+05 1.469699e+05 2.515922e+05
37t 5.670597e+01 5.902335e+01 5.843963e+01 5.700749e+01 6.069996e+01
38t 2.169963e+05 2.304592e+05 2.339595e+05 1.810201e+05 2.048493e+05
39t 6.425152e+00 5.976630e+00 5.715402e+00 5.988693e+00 7.482875e+00
40t 2.639692e+02 6.975758e+01 7.714229e+01 6.993449e+01 2.862854e+01
41t 4.407209e+02 4.353770e+02 5.009852e+02 4.494846e+02 4.058186e+02
42t 3.240519e+02 3.043560e+02 3.067256e+02 3.051547e+02 2.682839e+02
43t 4.658401e+02 3.317368e+02 3.511327e+02 3.000010e+02 3.077581e+02
44t 9.293078e+02 9.351548e+02 9.405295e+02 9.345853e+02 9.276588e+02
45t 9.358153e+02 9.332971e+02 9.315526e+02 9.330822e+02 9.235366e+02
46t 9.344832e+02 9.272993e+02 9.353136e+02 9.658729e+02 9.296966e+02
47t 5.275403e+02 1.025231e+03 5.314909e+02 5.449510e+02 1.022114e+03
48t 1.132853e+03 9.301964e+02 9.482821e+02 9.756998e+02 9.134698e+02
49t 5.452614e+02 1.022657e+03 5.589836e+02 1.026543e+03 1.019237e+03
50t 1.177574e+03 9.104229e+02 9.572100e+02 9.992670e+02 9.192802e+02
              66           67           68           69           70
1t  1.296103e+00 1.758492e+00 2.579321e+00 9.048845e-01 1.260543e+00
2t  1.825742e+07 1.697265e+07 9.893333e+06 5.761073e+06 1.058031e+07
3t  2.414106e+06 3.103784e+06 4.002434e+06 1.351041e+06 1.564181e+06
4t  1.385661e+05 9.220927e+04 1.428408e+05 1.242158e+05 1.185930e+05
5t  4.917277e+01 1.341806e+01 1.699768e+01 3.767020e+01 3.553228e+01
6t  5.884472e+02 1.135549e+02 3.641306e+02 5.293081e+00 2.495626e+02
7t  5.662264e+03 2.898703e+03 4.783084e+03 1.195071e+04 5.342606e+03
8t  6.075119e+00 7.478962e+00 8.734792e+00 5.385718e+00 6.159579e+00
9t  3.103121e+02 2.799595e+02 2.325172e+02 3.115494e+02 2.734310e+02
10t 2.794967e+01 3.208786e+01 3.957301e+01 2.522974e+01 2.749943e+01
11t 2.829377e+02 2.553219e+02 1.018239e+02 3.130226e+02 2.502781e+02
12t 1.932542e+04 2.127986e+02 2.524437e+03 1.574930e+04 2.457768e+02
13t 1.991749e+01 1.852958e+00 2.216227e+00 1.979954e+01 1.433363e+00
14t 2.111480e+01 2.106710e+01 2.116310e+01 2.093155e+01 2.115284e+01
15t 4.099578e+02 6.926328e+02 3.600010e+02 1.889878e+03 3.589951e+02
16t 1.633635e+02 4.925756e+01 4.926146e+01 4.711217e+01 4.705786e+01
17t 3.901483e+00 1.103259e+00 9.606731e-02 2.100751e+02 5.721131e-02
18t 9.719103e-01 1.010899e+00 1.047569e+00 8.559209e-01 9.018609e-01
19t 6.456371e+02 3.689472e+02 4.491112e+02 2.152490e+03 4.349390e+02
20t 3.284787e+02 2.506964e+02 2.469163e+02 3.419648e+02 3.149369e+02
21t 2.837801e+04 2.874075e+04 3.069287e+04 2.853299e+04 2.709744e+04
22t 2.849817e+04 2.851176e+04 3.380581e+04 3.055860e+04 2.760370e+04
23t 5.821342e+01 4.816600e+01 3.997714e+01 5.960681e+01 4.618823e+01
24t 1.287345e+00 7.785535e-01 3.244454e+00 7.404940e-01 5.114272e-01
25t 5.448285e-01 5.590962e-01 5.503908e-01 6.146148e-01 6.226797e-01
26t 3.014203e-01 3.212486e-01 2.467444e-01 4.102902e-01 3.190490e-01
27t 9.440852e+01 8.627512e+01 6.748505e+01 9.735307e+01 8.505664e+01
28t 2.276125e+05 2.420429e+02 3.381302e+02 2.839590e+02 2.178392e+02
29t 3.444578e+02 2.866327e+02 3.134121e+02 4.080448e+02 3.028942e+02
30t 1.231960e+01 1.203087e+01 1.588959e+01 1.618022e+01 1.341352e+01
31t 1.832025e+02 1.861671e+02 1.332763e+02 2.749598e+02 1.278747e+02
32t 3.167489e+02 2.839414e+02 3.589186e+02 3.433750e+02 3.677893e+02
33t 1.046622e+02 1.076910e+02 1.088375e+02 1.402175e+02 1.076045e+02
34t 2.518830e+01 2.567109e+01 3.165588e+01 3.051358e+01 2.563300e+01
35t 1.269972e+04 1.255755e+04 1.259690e+04 1.464084e+04 1.244867e+04
36t 1.904310e+05 2.942721e+05 4.139519e+05 2.008573e+05 1.451156e+05
37t 5.636402e+01 6.080915e+01 5.940409e+01 5.820484e+01 5.890507e+01
38t 1.840721e+05 4.173176e+05 1.952332e+05 2.620570e+05 1.894728e+05
39t 5.801572e+00 7.093034e+00 6.386080e+00 7.604022e+00 6.018645e+00
40t 2.130685e+02 2.365711e+01 3.314406e+01 1.321608e+02 6.485972e+01
41t 5.599003e+02 4.662689e+02 4.575433e+02 7.513831e+02 4.291796e+02
42t 3.016400e+02 2.868740e+02 2.751200e+02 3.837606e+02 3.082313e+02
43t 4.082912e+02 3.447886e+02 3.113741e+02 4.311927e+02 3.428436e+02
44t 9.460381e+02 9.320076e+02 9.335800e+02 9.978008e+02 9.281080e+02
45t 9.372040e+02 9.218620e+02 9.318516e+02 1.000194e+03 9.372100e+02
46t 9.395754e+02 9.285698e+02 9.320680e+02 1.007299e+03 9.321548e+02
47t 5.548168e+02 1.021202e+03 6.068300e+02 1.212647e+03 5.422722e+02
48t 1.018404e+03 9.401186e+02 9.277878e+02 1.130376e+03 9.255479e+02
49t 5.678088e+02 1.020297e+03 6.040952e+02 5.534247e+02 1.020538e+03
50t 1.155870e+03 9.006261e+02 1.117423e+03 1.242584e+03 9.491142e+02
              71           72           73           74           75
1t  1.028836e+00 8.280727e-01 9.537460e-01 1.228496e+00 1.054250e+00
2t  6.652075e+06 4.445561e+06 9.395148e+06 9.571847e+06 1.882984e+07
3t  1.729907e+06 1.360951e+06 1.817539e+06 1.866167e+06 2.016534e+06
4t  1.334075e+05 1.099936e+05 1.447461e+05 1.519123e+05 1.336168e+05
5t  4.272990e+01 2.105700e+01 3.737950e+01 3.232852e+01 4.533845e+01
6t  5.649675e+01 5.796769e+00 3.148178e+02 3.538263e+02 4.219922e+02
7t  5.496380e+03 6.222689e+03 5.109940e+03 8.668362e+03 5.690412e+03
8t  5.663178e+00 5.012443e+00 5.209949e+00 6.080403e+00 5.497135e+00
9t  2.831984e+02 3.303377e+02 2.841983e+02 2.998924e+02 2.710298e+02
10t 2.724900e+01 2.372551e+01 2.816804e+01 2.808200e+01 2.574039e+01
11t 2.761864e+02 3.093455e+02 2.942239e+02 2.888530e+02 2.932117e+02
12t 1.860436e+04 1.536758e+04 1.090559e+04 1.016564e+04 1.525096e+04
13t 1.883394e+01 1.984671e+01 3.066810e+00 1.966005e+01 1.356983e+00
14t 2.091233e+01 2.111122e+01 2.101251e+01 2.119793e+01 2.108684e+01
15t 4.833702e+03 1.284102e+02 1.723862e+02 4.494914e+02 1.938003e+02
16t 4.528757e+01 9.680702e+01 8.129678e+01 4.927622e+01 4.788373e+01
17t 4.254494e-01 1.232193e-01 1.315543e-01 4.657882e-02 1.142243e+00
18t 9.129899e-01 8.454444e-01 9.043868e-01 8.673703e-01 9.260421e-01
19t 6.346579e+02 6.820280e+02 4.367380e+02 6.630296e+02 5.473973e+02
20t 2.548273e+02 3.291049e+02 2.657541e+02 4.066264e+02 2.945380e+02
21t 2.830998e+04 2.808157e+04 2.839354e+04 3.235268e+04 2.804891e+04
22t 2.893034e+04 2.945542e+04 2.903196e+04 3.483322e+04 2.802815e+04
23t 5.383553e+01 6.152011e+01 4.964265e+01 5.223534e+01 5.569459e+01
24t 6.384448e-01 9.998009e-01 8.119036e-01 3.436039e+00 9.151735e-01
25t 8.110734e-01 7.208930e-01 6.143939e-01 5.851066e-01 6.198252e-01
26t 3.106035e-01 2.890009e-01 2.608144e-01 2.831978e-01 3.106607e-01
27t 7.446701e+01 1.086122e+02 7.698147e+01 8.849111e+01 6.680348e+01
28t 2.322486e+02 2.187108e+02 2.434830e+02 2.469405e+02 1.054988e+03
29t 2.890184e+02 3.507535e+02 3.553228e+02 4.161428e+02 2.948387e+02
30t 1.034258e+01 1.072437e+01 1.152179e+01 1.126406e+01 1.286646e+01
31t 1.867817e+02 2.495224e+02 1.443089e+02 1.743064e+02 1.411504e+02
32t 3.450218e+02 1.630737e+03 4.618282e+02 3.242433e+02 3.742687e+02
33t 1.237525e+02 1.062476e+02 1.221532e+02 1.054616e+02 1.160516e+02
34t 2.470453e+01 2.662438e+01 2.223725e+01 2.894251e+01 2.278124e+01
35t 1.259116e+04 1.361339e+04 1.255502e+04 1.283967e+04 1.272567e+04
36t 1.620354e+05 1.582520e+05 1.898358e+05 1.718335e+05 1.713055e+05
37t 5.367313e+01 6.038626e+01 5.859266e+01 6.210269e+01 6.063078e+01
38t 2.074377e+05 2.065670e+05 1.863773e+05 1.958100e+05 2.143568e+05
39t 4.954217e+00 5.740340e+00 6.954602e+00 5.335677e+00 5.433009e+00
40t 8.759403e+01 8.480067e+01 1.062040e+02 1.214814e+02 8.918750e+01
41t 4.479899e+02 6.000069e+02 4.214119e+02 4.483677e+02 4.478234e+02
42t 2.956104e+02 3.872487e+02 3.171477e+02 3.260294e+02 3.001849e+02
43t 3.589560e+02 4.251402e+02 3.508397e+02 3.860901e+02 4.344667e+02
44t 9.333484e+02 9.353155e+02 9.435087e+02 9.549492e+02 9.368067e+02
45t 9.353677e+02 9.311296e+02 9.386474e+02 9.782434e+02 9.413661e+02
46t 9.313838e+02 9.298200e+02 9.321348e+02 9.322589e+02 9.331985e+02
47t 1.024602e+03 8.920066e+02 1.018529e+03 5.494272e+02 5.393491e+02
48t 1.030521e+03 1.065440e+03 1.010535e+03 1.017696e+03 1.000674e+03
49t 5.614703e+02 9.025940e+02 5.578525e+02 5.678059e+02 5.520553e+02
50t 1.164449e+03 1.171217e+03 1.045086e+03 1.208096e+03 1.148218e+03
              76           77           78           79           80
1t  1.418561e+00 1.252558e+00 2.054270e+00 8.871840e-01 1.207420e+00
2t  1.324306e+07 2.418396e+07 1.839996e+07 4.045780e+06 7.029655e+06
3t  2.387095e+06 2.100131e+06 3.030338e+06 1.176169e+06 1.795719e+06
4t  1.357397e+05 1.122739e+05 1.160201e+05 1.156602e+05 1.543975e+05
5t  1.440843e+01 3.903517e+01 1.657901e+01 3.498136e+01 3.962959e+01
6t  1.993143e+02 1.279980e+02 6.112366e+02 4.905058e+00 7.699230e+02
7t  3.813161e+03 5.126574e+03 4.763279e+03 1.485379e+04 6.089039e+03
8t  6.773044e+00 5.917493e+00 7.671305e+00 5.112073e+00 6.362959e+00
9t  2.077836e+02 2.892374e+02 2.488866e+02 3.440393e+02 3.195450e+02
10t 3.032186e+01 2.983806e+01 3.254859e+01 2.360371e+01 2.887410e+01
11t 2.747438e+02 2.992273e+02 2.546646e+02 3.455125e+02 3.009865e+02
12t 2.658489e+02 1.971060e+04 3.716474e+02 1.277902e+04 1.294949e+04
13t 1.653800e+00 1.506890e+00 1.932881e+00 1.987731e+01 2.012016e+01
14t 2.111827e+01 2.096680e+01 2.108177e+01 2.086253e+01 2.116436e+01
15t 2.239155e+02 2.564633e+02 4.950404e+02 7.008177e+03 6.526657e+02
16t 4.837348e+01 4.928508e+01 4.933654e+01 4.915484e+01 4.896627e+01
17t 1.641467e-01 1.419395e+00 1.260704e+00 3.116887e-02 5.466085e-02
18t 9.917753e-01 9.852415e-01 9.992441e-01 7.892265e-01 9.280569e-01
19t 3.914394e+02 5.337150e+02 4.189381e+02 1.368256e+03 7.737626e+02
20t 2.678811e+02 3.195767e+02 2.913406e+02 3.399395e+02 4.424793e+02
21t 2.794178e+04 2.793055e+04 2.801779e+04 2.933789e+04 3.312950e+04
22t 2.895408e+04 2.721548e+04 2.849510e+04 2.935486e+04 3.457725e+04
23t 4.944391e+01 5.371356e+01 5.027977e+01 5.957777e+01 5.505000e+01
24t 5.620263e-01 6.244297e-01 7.468862e-01 4.559110e-01 2.718565e+00
25t 5.486931e-01 6.267764e-01 5.485289e-01 7.970764e-01 5.409125e-01
26t 3.094395e-01 3.437093e-01 3.316891e-01 3.616483e-01 2.596262e-01
27t 7.122600e+01 1.037477e+02 7.123163e+01 1.192727e+02 6.168997e+01
28t 2.461854e+02 1.232681e+03 3.004798e+02 2.382763e+02 2.456834e+02
29t 3.392229e+02 3.022968e+02 2.857463e+02 3.754542e+02 4.166803e+02
30t 1.309831e+01 1.130051e+01 1.377981e+01 1.839257e+01 1.333806e+01
31t 1.338268e+02 1.794787e+02 1.739244e+02 2.464689e+02 1.337470e+02
32t 3.687704e+02 5.022237e+02 2.912217e+02 6.120846e+02 2.890612e+02
33t 1.050478e+02 1.000043e+02 9.692998e+01 1.091491e+02 1.113895e+02
34t 2.889605e+01 2.594700e+01 2.979777e+01 3.446668e+01 2.766877e+01
35t 1.232575e+04 1.292599e+04 1.247885e+04 1.415997e+04 1.308448e+04
36t 2.500886e+05 1.272324e+05 2.494618e+05 1.561002e+05 1.922118e+05
37t 6.096723e+01 5.471985e+01 5.727326e+01 5.560524e+01 6.062896e+01
38t 2.517342e+05 2.161328e+05 3.071707e+05 3.790573e+05 1.453899e+05
39t 4.877639e+00 5.357950e+00 6.223152e+00 5.234699e+00 6.243934e+00
40t 6.056414e+01 7.246659e+01 2.825772e+01 1.097652e+02 1.644716e+02
41t 4.501230e+02 4.995207e+02 4.384466e+02 6.828680e+02 4.492100e+02
42t 2.824758e+02 2.957190e+02 2.704907e+02 3.803456e+02 3.381527e+02
43t 3.358461e+02 3.654472e+02 3.787631e+02 5.222034e+02 4.177884e+02
44t 9.259949e+02 9.534714e+02 9.263787e+02 9.475423e+02 9.566748e+02
45t 9.384684e+02 9.413326e+02 9.332274e+02 1.072185e+03 9.487051e+02
46t 9.317438e+02 9.380256e+02 9.237218e+02 1.010776e+03 9.508370e+02
47t 1.019511e+03 1.043920e+03 1.024109e+03 5.296453e+02 5.469637e+02
48t 9.236766e+02 1.010082e+03 9.310038e+02 1.172143e+03 1.003210e+03
49t 1.021096e+03 1.023800e+03 1.021495e+03 9.096975e+02 5.690232e+02
50t 9.184155e+02 1.133854e+03 9.128649e+02 1.307052e+03 1.234685e+03
# 2026-01-31 05:34:58 -03: Finished testing
