# 2026-01-16 11:16:02 -03: Reading parameter file '/home/pestobar/Activities/irace-executions/ACOTSP/Scenarios/BL/Runs/BL_seed_800123/parameters.txt'.
# 2026-01-16 11:16:02 -03: 1 expression(s) specifying forbidden configurations read.
# 2026-01-16 11:16:02 -03: Initialization
# Elitist race
# Elitist new instances: 1
# Elitist limit: 2
# nbIterations: 5
# minNbSurvival: 5
# nbParameters: 11
# seed: 800123
# confidence level: 0.95
# budget: 2750
# mu: 5
# deterministic: FALSE

# 2026-01-16 11:16:02 -03: Iteration 1 of 5
# experimentsUsed: 0
# remainingBudget: 2750
# currentBudget: 550
# nbConfigurations: 91
# Markers:
     x No test is performed.
     c Configurations are discarded only due to capping.
     - The test is performed and some configurations are discarded.
     = The test is performed but no configuration is discarded.
     ! The test is performed and configurations could be discarded but elite configurations are preserved.
     . All alive configurations are elite and nothing is discarded.

+-+-----------+-----------+-----------+----------------+-----------+--------+-----+----+------+
| |   Instance|      Alive|       Best|       Mean best| Exp so far|  W time|  rho|KenW|  Qvar|
+-+-----------+-----------+-----------+----------------+-----------+--------+-----+----+------+
|x|          1|         91|         16|     32717643.00|         91|00:04:11|   NA|  NA|    NA|
|x|          2|         91|         16|     32674814.00|        182|00:04:01|+0.99|0.99|0.0023|
|x|          3|         91|         16|     32622400.67|        273|00:03:46|+0.99|0.99|0.0023|
|x|          4|         91|         16|     32592441.00|        364|00:03:46|+0.98|0.99|0.0023|
|-|          5|          5|         16|     32583916.00|        455|00:04:28|+0.58|0.66|0.2738|
+-+-----------+-----------+-----------+----------------+-----------+--------+-----+----+------+
Best-so-far configuration:          16    mean value:      32583916.00
Description of the best-so-far configuration:
   .ID. algorithm localsearch alpha beta  rho ants q0 rasrank elitistants nnls
16   16      mmas           3   3.5 0.85 0.18   35 NA      NA          NA   22
   dlb .PARENT.
16   0       NA

# 2026-01-16 11:36:16 -03: Elite configurations (first number is the configuration ID; listed from best to worst according to the sum of ranks):
   algorithm localsearch alpha beta  rho ants   q0 rasrank elitistants nnls dlb
16      mmas           3  3.50 0.85 0.18   35   NA      NA          NA   22   0
69       acs           3  1.97 4.99 0.99   40 0.38      NA          NA   45   1
30       acs           3  2.71 9.91 0.65   44 0.99      NA          NA   30   1
48      mmas           3  3.26 4.75 0.41   63   NA      NA          NA   42   1
82       ras           3  3.69 2.18 0.84   55   NA      82          NA   24   0
# 2026-01-16 11:36:16 -03: Iteration 2 of 5
# experimentsUsed: 455
# remainingBudget: 2295
# currentBudget: 573
# nbConfigurations: 85
# Markers:
     x No test is performed.
     c Configurations are discarded only due to capping.
     - The test is performed and some configurations are discarded.
     = The test is performed but no configuration is discarded.
     ! The test is performed and configurations could be discarded but elite configurations are preserved.
     . All alive configurations are elite and nothing is discarded.

+-+-----------+-----------+-----------+----------------+-----------+--------+-----+----+------+
| |   Instance|      Alive|       Best|       Mean best| Exp so far|  W time|  rho|KenW|  Qvar|
+-+-----------+-----------+-----------+----------------+-----------+--------+-----+----+------+
|x|          6|         85|        113|     32559902.00|         85|00:04:16|   NA|  NA|    NA|
|x|          1|         85|         16|     32652887.00|        165|00:04:00|+0.96|0.98|0.0010|
|x|          3|         85|         69|     32605433.67|        245|00:03:44|+0.97|0.98|0.0010|
|x|          4|         85|         16|     32581477.50|        325|00:03:36|+0.97|0.98|0.0011|
|-|          5|         11|         16|     32575145.20|        405|00:04:01|+0.29|0.43|0.6616|
|-|          2|          8|         16|     32584618.50|        411|00:00:56|-0.08|0.10|0.9788|
|=|          7|          8|         16|     32619816.29|        419|00:01:29|+0.01|0.15|0.9051|
|=|          8|          8|         16|     32618709.38|        427|00:01:32|+0.06|0.18|0.8529|
+-+-----------+-----------+-----------+----------------+-----------+--------+-----+----+------+
Best-so-far configuration:          16    mean value:      32618709.38
Description of the best-so-far configuration:
   .ID. algorithm localsearch alpha beta  rho ants q0 rasrank elitistants nnls
16   16      mmas           3   3.5 0.85 0.18   35 NA      NA          NA   22
   dlb .PARENT.
16   0       NA

# 2026-01-16 11:59:55 -03: Elite configurations (first number is the configuration ID; listed from best to worst according to the sum of ranks):
    algorithm localsearch alpha beta  rho ants   q0 rasrank elitistants nnls
16       mmas           3  3.50 0.85 0.18   35   NA      NA          NA   22
132       acs           3  2.61 0.49 0.54   44 0.46      NA          NA   11
69        acs           3  1.97 4.99 0.99   40 0.38      NA          NA   45
113       acs           3  1.82 5.81 0.78   34 0.54      NA          NA   26
141       acs           3  4.93 9.27 0.79   65 0.43      NA          NA   43
    dlb
16    0
132   0
69    1
113   0
141   0
# 2026-01-16 11:59:55 -03: Iteration 3 of 5
# experimentsUsed: 882
# remainingBudget: 1868
# currentBudget: 622
# nbConfigurations: 73
# Markers:
     x No test is performed.
     c Configurations are discarded only due to capping.
     - The test is performed and some configurations are discarded.
     = The test is performed but no configuration is discarded.
     ! The test is performed and configurations could be discarded but elite configurations are preserved.
     . All alive configurations are elite and nothing is discarded.

+-+-----------+-----------+-----------+----------------+-----------+--------+-----+----+------+
| |   Instance|      Alive|       Best|       Mean best| Exp so far|  W time|  rho|KenW|  Qvar|
+-+-----------+-----------+-----------+----------------+-----------+--------+-----+----+------+
|x|          9|         73|        217|     32471864.00|         73|00:05:13|   NA|  NA|    NA|
|x|          5|         73|        132|     32470961.00|        141|00:04:57|+0.96|0.98|0.0006|
|x|          7|         73|        132|     32574776.33|        209|00:05:08|+0.94|0.96|0.0007|
|x|          4|         73|        132|     32562526.25|        277|00:04:35|+0.95|0.96|0.0007|
|-|          1|         12|        236|     32612853.40|        345|00:05:12|+0.01|0.21|0.8933|
|=|          2|         12|        132|     32611113.33|        352|00:01:23|-0.01|0.16|0.9135|
|=|          8|         12|        132|     32608706.57|        359|00:01:34|-0.05|0.10|0.9571|
|=|          3|         12|        132|     32597115.62|        366|00:00:29|-0.02|0.11|0.9373|
|=|          6|         12|        132|     32600876.11|        373|00:00:28|-0.03|0.09|0.9027|
|=|         10|         12|        132|     32598828.80|        385|00:01:46|+0.02|0.12|0.8615|
+-+-----------+-----------+-----------+----------------+-----------+--------+-----+----+------+
Best-so-far configuration:         132    mean value:      32598828.80
Description of the best-so-far configuration:
    .ID. algorithm localsearch alpha beta  rho ants   q0 rasrank elitistants
132  132       acs           3  2.61 0.49 0.54   44 0.46      NA          NA
    nnls dlb .PARENT.
132   11   0       16

# 2026-01-16 12:30:46 -03: Elite configurations (first number is the configuration ID; listed from best to worst according to the sum of ranks):
    algorithm localsearch alpha beta  rho ants   q0 rasrank elitistants nnls
132       acs           3  2.61 0.49 0.54   44 0.46      NA          NA   11
16       mmas           3  3.50 0.85 0.18   35   NA      NA          NA   22
236       acs           3  3.21 0.43 0.73   54 0.18      NA          NA   12
69        acs           3  1.97 4.99 0.99   40 0.38      NA          NA   45
193       acs           3  3.44 0.88 0.74   62 0.51      NA          NA   23
    dlb
132   0
16    0
236   0
69    1
193   0
# 2026-01-16 12:30:46 -03: Iteration 4 of 5
# experimentsUsed: 1267
# remainingBudget: 1483
# currentBudget: 741
# nbConfigurations: 71
# Markers:
     x No test is performed.
     c Configurations are discarded only due to capping.
     - The test is performed and some configurations are discarded.
     = The test is performed but no configuration is discarded.
     ! The test is performed and configurations could be discarded but elite configurations are preserved.
     . All alive configurations are elite and nothing is discarded.

+-+-----------+-----------+-----------+----------------+-----------+--------+-----+----+------+
| |   Instance|      Alive|       Best|       Mean best| Exp so far|  W time|  rho|KenW|  Qvar|
+-+-----------+-----------+-----------+----------------+-----------+--------+-----+----+------+
|x|         11|         71|        305|     32703359.00|         71|00:04:21|   NA|  NA|    NA|
|x|          5|         71|        275|     32592955.50|        137|00:04:04|+0.69|0.84|0.0022|
|x|         10|         71|        132|     32594930.00|        203|00:03:56|+0.69|0.79|0.0044|
|x|          1|         71|         16|     32647811.75|        269|00:04:04|+0.73|0.80|0.0041|
|-|          3|         24|        302|     32612994.40|        335|00:04:08|-0.09|0.13|1.0205|
|=|          8|         24|        302|     32595629.17|        354|00:01:52|-0.02|0.15|0.9550|
|=|          4|         24|        242|     32596098.71|        373|00:01:37|-0.01|0.14|0.9556|
|=|          6|         24|         16|     32601309.38|        392|00:01:48|+0.01|0.13|0.9458|
|=|          9|         24|         16|     32589744.78|        411|00:01:44|+0.04|0.15|0.9155|
|=|          7|         24|         16|     32613870.60|        430|00:01:35|+0.05|0.14|0.9058|
|-|          2|         13|        132|     32611201.73|        449|00:01:57|-0.01|0.08|0.9258|
|=|         12|         13|        132|     32602438.75|        462|00:01:00|+0.02|0.10|0.9039|
|=|         13|         13|        132|     32608889.77|        475|00:00:58|+0.02|0.09|0.9054|
+-+-----------+-----------+-----------+----------------+-----------+--------+-----+----+------+
Best-so-far configuration:         132    mean value:      32608889.77
Description of the best-so-far configuration:
    .ID. algorithm localsearch alpha beta  rho ants   q0 rasrank elitistants
132  132       acs           3  2.61 0.49 0.54   44 0.46      NA          NA
    nnls dlb .PARENT.
132   11   0       16

# 2026-01-16 13:03:56 -03: Elite configurations (first number is the configuration ID; listed from best to worst according to the sum of ranks):
    algorithm localsearch alpha beta  rho ants   q0 rasrank elitistants nnls
132       acs           3  2.61 0.49 0.54   44 0.46      NA          NA   11
302       acs           3  2.71 1.19 0.61   52 0.01      NA          NA    9
16       mmas           3  3.50 0.85 0.18   35   NA      NA          NA   22
242      mmas           3  3.58 3.74 0.21   32   NA      NA          NA   14
236       acs           3  3.21 0.43 0.73   54 0.18      NA          NA   12
    dlb
132   0
302   0
16    0
242   0
236   0
# 2026-01-16 13:03:56 -03: Iteration 5 of 5
# experimentsUsed: 1742
# remainingBudget: 1008
# currentBudget: 1008
# nbConfigurations: 76
# Markers:
     x No test is performed.
     c Configurations are discarded only due to capping.
     - The test is performed and some configurations are discarded.
     = The test is performed but no configuration is discarded.
     ! The test is performed and configurations could be discarded but elite configurations are preserved.
     . All alive configurations are elite and nothing is discarded.

+-+-----------+-----------+-----------+----------------+-----------+--------+-----+----+------+
| |   Instance|      Alive|       Best|       Mean best| Exp so far|  W time|  rho|KenW|  Qvar|
+-+-----------+-----------+-----------+----------------+-----------+--------+-----+----+------+
|x|         14|         76|        132|     32606675.00|         76|00:03:47|   NA|  NA|    NA|
|x|         11|         76|        132|     32670803.00|        147|00:03:34|+0.59|0.80|0.0005|
|x|          6|         76|        331|     32659291.00|        218|00:03:53|+0.59|0.73|0.0005|
|x|          4|         76|         16|     32627376.00|        289|00:03:22|+0.56|0.67|0.0005|
|-|         13|         25|        306|     32634989.80|        360|00:03:25|-0.02|0.18|1.0189|
|=|         10|         25|        331|     32614055.33|        380|00:01:01|+0.07|0.22|0.9311|
|=|          5|         25|        331|     32595132.00|        400|00:01:03|+0.04|0.18|0.9518|
|=|          1|         25|        331|     32623039.12|        420|00:01:00|+0.02|0.14|0.9594|
|=|          8|         25|        331|     32617323.33|        440|00:01:13|+0.03|0.13|0.9573|
|=|          2|         25|        331|     32621282.70|        460|00:01:18|+0.05|0.14|0.9284|
|-|          9|         18|        331|     32612214.45|        480|00:00:59|-0.05|0.05|0.9909|
|=|          3|         18|        331|     32593724.92|        493|00:00:47|-0.05|0.04|0.9915|
|=|         12|         18|        331|     32593668.15|        506|00:00:43|-0.03|0.05|0.9742|
|=|          7|         18|        331|     32609558.07|        519|00:00:52|-0.02|0.05|0.9690|
|=|         15|         18|        331|     32606571.00|        537|00:01:00|-0.02|0.05|0.9645|
+-+-----------+-----------+-----------+----------------+-----------+--------+-----+----+------+
Best-so-far configuration:         331    mean value:      32606571.00
Description of the best-so-far configuration:
    .ID. algorithm localsearch alpha beta  rho ants   q0 rasrank elitistants
331  331       acs           3   2.6 1.75 0.62   52 0.26      NA          NA
    nnls dlb .PARENT.
331   12   0      302

# 2026-01-16 13:32:01 -03: Elite configurations (first number is the configuration ID; listed from best to worst according to the sum of ranks):
    algorithm localsearch alpha beta  rho ants   q0 rasrank elitistants nnls
331       acs           3  2.60 1.75 0.62   52 0.26      NA          NA   12
302       acs           3  2.71 1.19 0.61   52 0.01      NA          NA    9
132       acs           3  2.61 0.49 0.54   44 0.46      NA          NA   11
346       acs           3  3.66 0.33 0.65   58 0.16      NA          NA    8
341      mmas           3  3.92 4.10 0.13   33   NA      NA          NA   12
    dlb
331   0
302   0
132   0
346   0
341   0
# 2026-01-16 13:32:01 -03: Iteration 6 of 6
# experimentsUsed: 2279
# remainingBudget: 471
# currentBudget: 471
# nbConfigurations: 34
# Markers:
     x No test is performed.
     c Configurations are discarded only due to capping.
     - The test is performed and some configurations are discarded.
     = The test is performed but no configuration is discarded.
     ! The test is performed and configurations could be discarded but elite configurations are preserved.
     . All alive configurations are elite and nothing is discarded.

+-+-----------+-----------+-----------+----------------+-----------+--------+-----+----+------+
| |   Instance|      Alive|       Best|       Mean best| Exp so far|  W time|  rho|KenW|  Qvar|
+-+-----------+-----------+-----------+----------------+-----------+--------+-----+----+------+
|x|         16|         34|        380|     32823678.00|         34|00:01:14|   NA|  NA|    NA|
|x|          2|         34|        132|     32734027.00|         63|00:00:58|+0.39|0.69|0.0002|
|x|          8|         34|        132|     32687440.00|         92|00:01:05|+0.51|0.67|0.0002|
|x|         11|         34|        379|     32698868.00|        121|00:01:07|+0.53|0.64|0.0002|
|-|         15|         12|        341|     32651724.60|        150|00:01:04|-0.10|0.12|0.9618|
|=|         12|         12|        341|     32634038.00|        157|00:00:27|-0.02|0.15|0.8909|
|=|          3|         12|        302|     32607755.00|        164|00:00:28|-0.02|0.13|0.8787|
|=|          4|         12|        341|     32595877.38|        171|00:00:27|+0.00|0.12|0.8534|
|=|         14|         12|        341|     32604914.67|        178|00:00:29|+0.03|0.14|0.8593|
|=|          7|         12|        341|     32632346.90|        185|00:00:28|-0.00|0.10|0.8924|
|=|         10|         12|        341|     32626664.18|        192|00:00:28|+0.00|0.09|0.9020|
|=|          6|         12|        331|     32633994.08|        199|00:00:28|-0.01|0.08|0.9204|
|=|          1|         12|        379|     32644496.38|        206|00:00:21|-0.01|0.07|0.9121|
|=|          9|         12|        132|     32630621.14|        213|00:00:21|+0.00|0.07|0.9029|
|=|         13|         12|        379|     32633559.53|        220|00:00:29|+0.01|0.07|0.8991|
|=|          5|         12|        331|     32624844.94|        227|00:00:28|+0.00|0.06|0.9094|
|=|         17|         12|        331|     32618006.12|        239|00:00:36|-0.00|0.06|0.9106|
+-+-----------+-----------+-----------+----------------+-----------+--------+-----+----+------+
Best-so-far configuration:         331    mean value:      32618006.12
Description of the best-so-far configuration:
    .ID. algorithm localsearch alpha beta  rho ants   q0 rasrank elitistants
331  331       acs           3   2.6 1.75 0.62   52 0.26      NA          NA
    nnls dlb .PARENT.
331   12   0      302

# 2026-01-16 13:43:10 -03: Elite configurations (first number is the configuration ID; listed from best to worst according to the sum of ranks):
    algorithm localsearch alpha beta  rho ants   q0 rasrank elitistants nnls
331       acs           3  2.60 1.75 0.62   52 0.26      NA          NA   12
379       acs           3  2.95 0.77 0.49   53 0.32      NA          NA   17
395       acs           3  2.51 2.51 0.66   55 0.28      NA          NA   12
302       acs           3  2.71 1.19 0.61   52 0.01      NA          NA    9
132       acs           3  2.61 0.49 0.54   44 0.46      NA          NA   11
    dlb
331   0
379   0
395   0
302   0
132   0
# 2026-01-16 13:43:10 -03: Iteration 7 of 7
# experimentsUsed: 2518
# remainingBudget: 232
# currentBudget: 232
# nbConfigurations: 17
# Markers:
     x No test is performed.
     c Configurations are discarded only due to capping.
     - The test is performed and some configurations are discarded.
     = The test is performed but no configuration is discarded.
     ! The test is performed and configurations could be discarded but elite configurations are preserved.
     . All alive configurations are elite and nothing is discarded.

+-+-----------+-----------+-----------+----------------+-----------+--------+-----+----+------+
| |   Instance|      Alive|       Best|       Mean best| Exp so far|  W time|  rho|KenW|  Qvar|
+-+-----------+-----------+-----------+----------------+-----------+--------+-----+----+------+
|x|         18|         17|        331|     32436663.00|         17|00:00:49|   NA|  NA|    NA|
|x|          8|         17|        331|     32504130.00|         29|00:00:44|+0.03|0.52|0.6389|
|x|         17|         17|        395|     32501383.00|         41|00:00:48|+0.19|0.46|0.5718|
|x|         15|         17|        395|     32519261.25|         53|00:00:47|+0.21|0.41|0.5272|
|-|          9|         12|        302|     32516067.60|         65|00:00:45|-0.12|0.10|1.0129|
|=|          6|         12|        331|     32532678.33|         72|00:00:36|-0.06|0.12|0.9464|
|=|          5|         12|        331|     32525380.29|         79|00:00:39|-0.01|0.13|0.9077|
|=|         10|         12|        331|     32523124.62|         86|00:00:30|+0.00|0.13|0.8767|
|=|          1|         12|        331|     32555931.78|         93|00:00:24|-0.01|0.11|0.8922|
|=|         16|         12|        331|     32590234.00|        100|00:00:27|-0.03|0.07|0.9209|
|=|         13|         12|        331|     32588219.73|        107|00:00:34|-0.02|0.07|0.9117|
|=|          3|         12|        331|     32571729.75|        114|00:00:34|-0.00|0.08|0.9005|
|=|         14|         12|        331|     32578507.85|        121|00:00:33|-0.00|0.07|0.9064|
|=|          4|         12|        331|     32582260.64|        128|00:00:36|-0.02|0.05|0.9270|
|=|         12|         12|        331|     32582975.73|        135|00:00:34|-0.01|0.06|0.9171|
|=|          2|         12|        331|     32587597.06|        142|00:00:40|-0.01|0.06|0.9120|
|=|         11|         12|        331|     32595684.71|        149|00:00:32|+0.00|0.06|0.9046|
|=|          7|         12|        331|     32607931.50|        156|00:00:37|+0.02|0.07|0.8936|
|=|         19|         12|        331|     32605463.11|        168|00:00:39|+0.01|0.06|0.8965|
+-+-----------+-----------+-----------+----------------+-----------+--------+-----+----+------+
Best-so-far configuration:         331    mean value:      32605463.11
Description of the best-so-far configuration:
    .ID. algorithm localsearch alpha beta  rho ants   q0 rasrank elitistants
331  331       acs           3   2.6 1.75 0.62   52 0.26      NA          NA
    nnls dlb .PARENT.
331   12   0      302

# 2026-01-16 13:55:09 -03: Elite configurations (first number is the configuration ID; listed from best to worst according to the sum of ranks):
    algorithm localsearch alpha beta  rho ants   q0 rasrank elitistants nnls
331       acs           3  2.60 1.75 0.62   52 0.26      NA          NA   12
379       acs           3  2.95 0.77 0.49   53 0.32      NA          NA   17
132       acs           3  2.61 0.49 0.54   44 0.46      NA          NA   11
302       acs           3  2.71 1.19 0.61   52 0.01      NA          NA    9
395       acs           3  2.51 2.51 0.66   55 0.28      NA          NA   12
    dlb
331   0
379   0
132   0
302   0
395   0
# 2026-01-16 13:55:09 -03: Iteration 8 of 8
# experimentsUsed: 2686
# remainingBudget: 64
# currentBudget: 64
# nbConfigurations: 7
# Markers:
     x No test is performed.
     c Configurations are discarded only due to capping.
     - The test is performed and some configurations are discarded.
     = The test is performed but no configuration is discarded.
     ! The test is performed and configurations could be discarded but elite configurations are preserved.
     . All alive configurations are elite and nothing is discarded.

+-+-----------+-----------+-----------+----------------+-----------+--------+-----+----+------+
| |   Instance|      Alive|       Best|       Mean best| Exp so far|  W time|  rho|KenW|  Qvar|
+-+-----------+-----------+-----------+----------------+-----------+--------+-----+----+------+
|x|         20|          7|        395|     32734580.00|          7|00:00:35|   NA|  NA|    NA|
|x|         19|          7|        379|     32635808.50|          9|00:00:22|-0.04|0.48|0.7947|
|x|         10|          7|        379|     32629626.00|         11|00:00:22|-0.07|0.29|0.8391|
|x|         17|          7|        379|     32582654.75|         13|00:00:29|-0.01|0.24|0.8576|
|=|         16|          7|        379|     32636720.40|         15|00:00:29|+0.03|0.22|0.9026|
|=|          6|          7|        379|     32630451.83|         17|00:00:27|+0.08|0.24|0.8083|
|=|         12|          7|        379|     32617061.57|         19|00:00:28|-0.00|0.14|0.8658|
|=|          4|          7|        379|     32607079.12|         21|00:00:28|+0.00|0.13|0.8611|
|=|         18|          7|        379|     32599224.00|         23|00:00:27|-0.02|0.10|0.8774|
|=|          2|          7|        395|     32609601.80|         25|00:00:30|-0.01|0.09|0.8947|
|=|          9|          7|        395|     32604627.64|         27|00:00:28|-0.03|0.06|0.9013|
|=|         13|          7|        395|     32606292.42|         29|00:00:27|-0.04|0.04|0.9022|
|=|         14|          7|        395|     32606196.08|         31|00:00:28|-0.02|0.06|0.8816|
|=|         15|          7|        395|     32603817.50|         33|00:00:28|-0.04|0.03|0.8986|
|=|          8|          7|        395|     32600914.27|         35|00:00:22|-0.05|0.02|0.8965|
|=|          5|          7|        395|     32594788.88|         37|00:00:24|-0.04|0.03|0.8951|
|=|          1|          7|        395|     32603057.88|         39|00:00:33|-0.04|0.02|0.8968|
|=|         11|          7|        395|     32613635.72|         41|00:00:30|-0.04|0.02|0.8929|
|=|          7|          7|        395|     32624744.53|         43|00:00:30|-0.03|0.03|0.8880|
|=|          3|          7|        331|     32613459.50|         45|00:00:25|-0.03|0.02|0.8898|
|=|         21|          7|        331|     32628617.62|         52|00:00:32|-0.03|0.02|0.8818|
+-+-----------+-----------+-----------+----------------+-----------+--------+-----+----+------+
Best-so-far configuration:         331    mean value:      32628617.62
Description of the best-so-far configuration:
    .ID. algorithm localsearch alpha beta  rho ants   q0 rasrank elitistants
331  331       acs           3   2.6 1.75 0.62   52 0.26      NA          NA
    nnls dlb .PARENT.
331   12   0      302

# 2026-01-16 14:05:05 -03: Elite configurations (first number is the configuration ID; listed from best to worst according to the sum of ranks):
    algorithm localsearch alpha beta  rho ants   q0 rasrank elitistants nnls
331       acs           3  2.60 1.75 0.62   52 0.26      NA          NA   12
419       acs           3  2.65 2.38 0.66   54 0.28      NA          NA    9
395       acs           3  2.51 2.51 0.66   55 0.28      NA          NA   12
379       acs           3  2.95 0.77 0.49   53 0.32      NA          NA   17
132       acs           3  2.61 0.49 0.54   44 0.46      NA          NA   11
    dlb
331   0
419   0
395   0
379   0
132   0
# 2026-01-16 14:05:05 -03: Stopped because there is not enough budget left to race more than the minimum (5).
# You may either increase the budget or set 'minNbSurvival' to a lower value.
# Iteration: 9
# nbIterations: 9
# experimentsUsed: 2738
# timeUsed: 0
# remainingBudget: 12
# currentBudget: 12
# number of elites: 5
# nbConfigurations: 5
# Total CPU user time: 72283.35, CPU sys time: 267.175, Wall-clock time: 10143.2
# 2026-01-16 14:05:05 -03: Starting post-selection:
# Configurations selected: 331, 419, 395, 379, 132, 302, 346.
# Pending instances: 1, 1, 1, 1, 1, 1, 5.
# 2026-01-16 14:05:05 -03: seed: 800123
# Configurations: 7
# Available experiments: 12
# minSurvival: 1
# Markers:
     x No test is performed.
     c Configurations are discarded only due to capping.
     - The test is performed and some configurations are discarded.
     = The test is performed but no configuration is discarded.
     ! The test is performed and configurations could be discarded but elite configurations are preserved.
     . All alive configurations are elite and nothing is discarded.

+-+-----------+-----------+-----------+----------------+-----------+--------+-----+----+------+
| |   Instance|      Alive|       Best|       Mean best| Exp so far|  W time|  rho|KenW|  Qvar|
+-+-----------+-----------+-----------+----------------+-----------+--------+-----+----+------+
|.|          6|          7|        331|     32592941.00|          0|00:00:00|   NA|  NA|    NA|
|.|         15|          7|        331|     32578846.50|          0|00:00:00|+0.04|0.52|0.8811|
|.|          5|          7|        331|     32546428.33|          0|00:00:00|+0.08|0.39|0.8503|
|.|          1|          7|        331|     32614418.50|          0|00:00:00|-0.05|0.21|0.9750|
|.|          3|          7|        331|     32569602.80|          0|00:00:00|+0.02|0.22|0.8736|
|x|         18|          7|        331|     32547446.17|          1|00:00:12|+0.05|0.21|0.8330|
|.|         13|          7|        331|     32550393.43|          1|00:00:00|+0.03|0.17|0.8111|
|.|          2|          7|        331|     32563708.88|          1|00:00:00|+0.03|0.15|0.8508|
|.|         10|          7|        331|     32557445.11|          1|00:00:00|+0.04|0.15|0.8314|
|.|         17|          7|        331|     32552559.10|          1|00:00:00|+0.04|0.13|0.8398|
|.|         14|          7|        331|     32562312.36|          1|00:00:00|+0.03|0.12|0.8569|
|x|         19|          7|        331|     32562205.67|          2|00:00:11|+0.00|0.09|0.8571|
|.|          7|          7|        331|     32581738.08|          2|00:00:00|-0.01|0.07|0.8781|
|x|         20|          7|        331|     32594856.14|          3|00:00:11|+0.01|0.08|0.8808|
|.|         12|          7|        331|     32594731.53|          3|00:00:00|-0.00|0.07|0.8854|
|x|         21|          7|        331|     32615797.06|          4|00:00:12|+0.01|0.07|0.8771|
|.|          4|          7|        331|     32616694.12|          4|00:00:00|+0.00|0.06|0.8880|
|.|          9|          7|        331|     32611407.33|          4|00:00:00|-0.01|0.04|0.8948|
|.|         11|          7|        331|     32617390.47|          4|00:00:00|-0.02|0.04|0.8946|
|.|          8|          7|        331|     32615100.80|          4|00:00:00|-0.03|0.02|0.8934|
|.|         16|          7|        331|     32628617.62|          4|00:00:00|-0.03|0.02|0.8914|
|=|         22|          7|        331|     32634645.91|         11|00:00:27|-0.02|0.02|0.8878|
+-+-----------+-----------+-----------+----------------+-----------+--------+-----+----+------+
Best-so-far configuration:         331    mean value:      32634645.91
Description of the best-so-far configuration:
    .ID. algorithm localsearch alpha beta  rho ants   q0 rasrank elitistants
331  331       acs           3   2.6 1.75 0.62   52 0.26      NA          NA
    nnls dlb .PARENT.
331   12   0      302

# 2026-01-16 14:06:21 -03: Elite configurations (first number is the configuration ID; listed from best to worst according to the sum of ranks):
    algorithm localsearch alpha beta  rho ants   q0 rasrank elitistants nnls
331       acs           3  2.60 1.75 0.62   52 0.26      NA          NA   12
395       acs           3  2.51 2.51 0.66   55 0.28      NA          NA   12
419       acs           3  2.65 2.38 0.66   54 0.28      NA          NA    9
379       acs           3  2.95 0.77 0.49   53 0.32      NA          NA   17
132       acs           3  2.61 0.49 0.54   44 0.46      NA          NA   11
    dlb
331   0
395   0
419   0
379   0
132   0
# Total CPU user time: 72462.3, CPU sys time: 268.18, Wall-clock time: 10219.27
    .ID. algorithm localsearch alpha beta  rho ants   q0 rasrank elitistants
331  331       acs           3  2.60 1.75 0.62   52 0.26      NA          NA
395  395       acs           3  2.51 2.51 0.66   55 0.28      NA          NA
419  419       acs           3  2.65 2.38 0.66   54 0.28      NA          NA
379  379       acs           3  2.95 0.77 0.49   53 0.32      NA          NA
132  132       acs           3  2.61 0.49 0.54   44 0.46      NA          NA
    nnls dlb .PARENT. .RANK.   .WEIGHT.
331   12   0      302     80 0.33333333
395   12   0      331     80 0.26666667
419    9   0      331     81 0.20000000
379   17   0      331     90 0.13333333
132   11   0       16     94 0.06666667
