#------------------------------------------------------------------------------
# irace: An implementation in R of (Elitist) Iterated Racing
# Version: 4.2.0.9000.4117289
# Copyright (C) 2010-2025
# Manuel Lopez-Ibanez     <manuel.lopez-ibanez@manchester.ac.uk>
# Jeremie Dubois-Lacoste
# Leslie Perez Caceres    <leslie.perez.caceres@ulb.ac.be>
#
# This is free software, and you are welcome to redistribute it under certain
# conditions.  See the GNU General Public License for details. There is NO
# WARRANTY; not even for MERCHANTABILITY or FITNESS FOR A PARTICULAR PURPOSE.
#
# irace builds upon previous code from the race package:
#     race: Racing methods for the selection of the best
#     Copyright (C) 2003 Mauro Birattari
#------------------------------------------------------------------------------
# installed at: /home/pestobar/R/x86_64-redhat-linux-gnu-library/4.5/irace
# called with: --only-test configurations.txt --scenario scenario.txt
# 2026-01-31 16:25:37 -03: Checking scenario.
# 2026-01-31 16:25:37 -03: Reading parameter file '/home/pestobar/Activities/irace-executions/PSO-X/Scenarios/Best_Elites/Runs/Best_Elites_seed_1700359/parameters.txt'.
# 2026-01-31 16:25:37 -03: 2 expression(s) specifying forbidden configurations read.
## irace scenario:
scenarioFile = "/home/pestobar/Activities/irace-executions/PSO-X/Scenarios/Best_Elites/Runs/Best_Elites_seed_1700359/scenario.txt"
execDir = "/home/pestobar/Activities/irace-executions/PSO-X/Scenarios/Best_Elites/Runs/Best_Elites_seed_1700359/Results"
parameterFile = "/home/pestobar/Activities/irace-executions/PSO-X/Scenarios/Best_Elites/Runs/Best_Elites_seed_1700359/parameters.txt"
parameters = <environment>
initConfigurations = NULL
configurationsFile = ""
logFile = "/home/pestobar/Activities/irace-executions/PSO-X/Scenarios/Best_Elites/Runs/Best_Elites_seed_1700359/Results/irace.Rdata"
recoveryFile = ""
instances = c("--competition 3 --problem 0 --dimensions 30", "--competition 3 --problem 1 --dimensions 30", "--competition 3 --problem 2 --dimensions 30", "--competition 3 --problem 3 --dimensions 30", "--competition 3 --problem 4 --dimensions 30", "--competition 3 --problem 5 --dimensions 30", "--competition 3 --problem 6 --dimensions 30", "--competition 3 --problem 7 --dimensions 30", "--competition 3 --problem 8 --dimensions 30", "--competition 3 --problem 9 --dimensions 30", "--competition 3 --problem 10 --dimensions 30", "--competition 3 --problem 11 --dimensions 30", "--competition 3 --problem 12 --dimensions 30", "--competition 3 --problem 13 --dimensions 30", "--competition 3 --problem 14 --dimensions 30", "--competition 3 --problem 15 --dimensions 30", "--competition 3 --problem 16 --dimensions 30", "--competition 3 --problem 17 --dimensions 30", "--competition 3 --problem 18 --dimensions 30", "--competition 3 --problem 19 --dimensions 30", "--competition 3 --problem 20 --dimensions 30", "--competition 3 --problem 21 --dimensions 30", "--competition 3 --problem 22 --dimensions 30", "--competition 3 --problem 23 --dimensions 30", "--competition 3 --problem 24 --dimensions 30", "--competition 3 --problem 25 --dimensions 30", "--competition 3 --problem 26 --dimensions 30", "--competition 3 --problem 27 --dimensions 30", "--competition 3 --problem 28 --dimensions 30", "--competition 3 --problem 29 --dimensions 30", "--competition 3 --problem 30 --dimensions 30", "--competition 3 --problem 31 --dimensions 30", "--competition 3 --problem 32 --dimensions 30", "--competition 3 --problem 33 --dimensions 30", "--competition 3 --problem 34 --dimensions 30", "--competition 3 --problem 35 --dimensions 30", "--competition 3 --problem 36 --dimensions 30", "--competition 3 --problem 37 --dimensions 30", "--competition 3 --problem 38 --dimensions 30", "--competition 3 --problem 39 --dimensions 30", "--competition 3 --problem 40 --dimensions 30", "--competition 3 --problem 41 --dimensions 30", "--competition 3 --problem 42 --dimensions 30", "--competition 3 --problem 43 --dimensions 30", "--competition 3 --problem 44 --dimensions 30", "--competition 3 --problem 45 --dimensions 30", "--competition 3 --problem 46 --dimensions 30", "--competition 3 --problem 47 --dimensions 30", "--competition 3 --problem 48 --dimensions 30", "--competition 3 --problem 49 --dimensions 30")
trainInstancesDir = ""
trainInstancesFile = "/home/pestobar/Activities/irace-executions/PSO-X/Instances/train_MIXTURE.txt"
sampleInstances = TRUE
testInstancesDir = ""
testInstancesFile = "/home/pestobar/Activities/irace-executions/PSO-X/TestingInstances/test_MIXTURE.txt"
testInstances = c("1t" = "--competition 3 --problem 0 --dimensions 50", "2t" = "--competition 3 --problem 1 --dimensions 50", "3t" = "--competition 3 --problem 2 --dimensions 50", "4t" = "--competition 3 --problem 3 --dimensions 50", "5t" = "--competition 3 --problem 4 --dimensions 50", "6t" = "--competition 3 --problem 5 --dimensions 50", "7t" = "--competition 3 --problem 6 --dimensions 50", "8t" = "--competition 3 --problem 7 --dimensions 50", "9t" = "--competition 3 --problem 8 --dimensions 50", "10t" = "--competition 3 --problem 9 --dimensions 50", "11t" = "--competition 3 --problem 10 --dimensions 50", "12t" = "--competition 3 --problem 11 --dimensions 50", "13t" = "--competition 3 --problem 12 --dimensions 50", "14t" = "--competition 3 --problem 13 --dimensions 50", "15t" = "--competition 3 --problem 14 --dimensions 50", "16t" = "--competition 3 --problem 15 --dimensions 50", "17t" = "--competition 3 --problem 16 --dimensions 50", "18t" = "--competition 3 --problem 17 --dimensions 50", "19t" = "--competition 3 --problem 18 --dimensions 50", "20t" = "--competition 3 --problem 19 --dimensions 50", "21t" = "--competition 3 --problem 20 --dimensions 50", "22t" = "--competition 3 --problem 21 --dimensions 50", "23t" = "--competition 3 --problem 22 --dimensions 50", "24t" = "--competition 3 --problem 23 --dimensions 50", "25t" = "--competition 3 --problem 24 --dimensions 50", "26t" = "--competition 3 --problem 25 --dimensions 50", "27t" = "--competition 3 --problem 26 --dimensions 50", "28t" = "--competition 3 --problem 27 --dimensions 50", "29t" = "--competition 3 --problem 28 --dimensions 50", "30t" = "--competition 3 --problem 29 --dimensions 50", "31t" = "--competition 3 --problem 30 --dimensions 50", "32t" = "--competition 3 --problem 31 --dimensions 50", "33t" = "--competition 3 --problem 32 --dimensions 50", "34t" = "--competition 3 --problem 33 --dimensions 50", "35t" = "--competition 3 --problem 34 --dimensions 50", "36t" = "--competition 3 --problem 35 --dimensions 50", "37t" = "--competition 3 --problem 36 --dimensions 50", "38t" = "--competition 3 --problem 37 --dimensions 50", "39t" = "--competition 3 --problem 38 --dimensions 50", "40t" = "--competition 3 --problem 39 --dimensions 50", "41t" = "--competition 3 --problem 40 --dimensions 50", "42t" = "--competition 3 --problem 41 --dimensions 50", "43t" = "--competition 3 --problem 42 --dimensions 50", "44t" = "--competition 3 --problem 43 --dimensions 50", "45t" = "--competition 3 --problem 44 --dimensions 50", "46t" = "--competition 3 --problem 45 --dimensions 50", "47t" = "--competition 3 --problem 46 --dimensions 50", "48t" = "--competition 3 --problem 47 --dimensions 50", "49t" = "--competition 3 --problem 48 --dimensions 50", "50t" = "--competition 3 --problem 49 --dimensions 50")
testNbElites = 1L
testIterationElites = FALSE
testType = "friedman"
firstTest = 5L
blockSize = 1L
eachTest = 1L
targetRunner = "/home/pestobar/Activities/irace-executions/PSO-X/Scenarios/Best_Elites/Runs/Best_Elites_seed_1700359/target-runner"
targetRunnerLauncher = ""
targetCmdline = "{configurationID} {instanceID} {seed} {instance} {bound} {targetRunnerArgs}"
targetRunnerRetries = 0L
targetRunnerTimeout = 0L
targetRunnerData = ""
targetRunnerParallel = NULL
targetEvaluator = NULL
deterministic = FALSE
maxExperiments = 5500L
minExperiments = NA_character_
maxTime = 0L
budgetEstimation = 0.05
minMeasurableTime = 0.01
parallel = 10L
loadBalancing = TRUE
mpi = FALSE
batchmode = "0"
quiet = FALSE
debugLevel = 0L
seed = 1700359L
softRestart = TRUE
softRestartThreshold = 1e-04
elitist = TRUE
elitistNewInstances = 1L
elitistLimit = 2L
repairConfiguration = NULL
capping = FALSE
cappingAfterFirstTest = FALSE
cappingType = "median"
boundType = "candidate"
boundMax = NULL
boundDigits = 0L
boundPar = 1L
boundAsTimeout = TRUE
postselection = TRUE
aclib = FALSE
nbIterations = 0L
nbExperimentsPerIteration = 0L
minNbSurvival = 0L
nbConfigurations = 0L
mu = 5L
confidence = 0.95
## end of irace scenario
# 2026-01-31 16:25:37 -03: Read 80 configuration(s) from file 'configurations.txt'
# 2026-01-31 16:25:37 -03: Testing configurations (in the order given as input): 
   particles topology modInfluence branching tSchedule phi1 phi2 inertia
1         21        4            0        NA        NA 1.89 2.36    0.38
2        134        4            0        NA        NA 2.09 2.30    0.53
3          9        1            0        NA        NA 1.54 2.48    0.26
4        142        4            0        NA        NA 1.27 2.48    0.50
5         67        4            0        NA        NA 1.58 2.49    0.41
6         66        1            1        NA        NA 2.05 1.48    0.59
7         90        4            0        NA        NA 1.94 2.40    0.65
8        162        4            2        NA        NA 0.44 2.37    0.81
9         85        4            0        NA        NA 2.15 2.28    0.55
10        45        4            0        NA        NA 1.79 2.42    0.50
11        82        4            0        NA        NA 1.24 2.44    0.35
12       106        4            0        NA        NA 1.91 2.36    0.46
13        77        4            0        NA        NA 1.28 2.47    0.42
14        57        4            0        NA        NA 0.59 2.22    0.56
15        20        0            1        NA        NA 2.46 2.08    0.31
16       108        4            0        NA        NA 2.14 2.28    0.67
17       142        4            0        NA        NA 2.03 2.45    0.37
18       101        4            0        NA        NA 2.28 2.16    0.50
19         6        5            0        NA         6 2.43 2.33    0.21
20        18        0            1        NA        NA 1.86 2.30    0.24
21       149        4            0        NA        NA 1.24 2.43    0.40
22       138        4            0        NA        NA 2.42 2.48    0.58
23        15        0            1        NA        NA 1.34 2.03    0.19
24       144        4            0        NA        NA 1.96 2.47    0.60
25       119        4            0        NA        NA 0.85 2.49    0.50
26        56        1            1        NA        NA 2.15 2.11    0.57
27        76        4            0        NA        NA 2.25 2.43    0.61
28        75        4            0        NA        NA 1.87 2.34    0.55
29       165        4            0        NA        NA 2.45 2.44    0.37
30        71        4            0        NA        NA 1.86 2.42    0.65
31        92        4            0        NA        NA 1.30 2.43    0.41
32        14        4            0        NA        NA 1.38 2.15    0.26
33        80        4            0        NA        NA 1.65 2.50    0.27
34        11        4            0        NA        NA 1.41 2.38    0.48
35        40        1            1        NA        NA 2.47 2.15    0.44
36       134        4            0        NA        NA 2.01 2.42    0.53
37       102        4            0        NA        NA 2.17 2.48    0.43
38       109        4            0        NA        NA 1.97 2.44    0.56
39       162        0            0        NA        NA 1.96 2.26    0.18
40        21        0            1        NA        NA 2.25 2.32    0.22
41        38        4            0        NA        NA 2.21 1.60    0.53
42       150        4            0        NA        NA 1.95 2.33    0.58
43         4        4            2        NA        NA 1.77 2.47    0.41
44       105        4            0        NA        NA 0.43 2.38    0.25
45        75        4            0        NA        NA 2.17 2.11    0.61
46       115        1            1        NA        NA 2.36 2.43    0.66
47       115        4            0        NA        NA 2.26 2.13    0.74
48        83        4            0        NA        NA 2.38 2.39    0.11
49        38        4            0        NA        NA 2.46 1.83    0.67
50        83        4            0        NA        NA 1.42 2.41    0.70
51        79        4            0        NA        NA 1.02 2.39    0.45
52        83        4            0        NA        NA 2.35 2.47    0.44
53        25        1            0        NA        NA 1.69 2.28    0.33
54        89        4            2        NA        NA 2.41 2.46    0.72
55        25        1            2        NA        NA 2.11 2.38    0.30
56       103        4            0        NA        NA 0.96 2.24    0.45
57        84        4            0        NA        NA 2.11 2.48    0.32
58       103        4            0        NA        NA 0.50 2.49    0.48
59        28        0            0        NA        NA 1.99 1.81    0.13
60        22        1            1        NA        NA 2.31 2.37    0.25
61        47        1            0        NA        NA 2.09 2.05    0.14
62        85        4            0        NA        NA 2.11 2.33    0.54
63       104        4            0        NA        NA 2.27 2.39    0.41
64        90        4            0        NA        NA 0.31 2.31    0.15
65       113        4            0        NA        NA 2.23 2.37    0.60
66        93        4            0        NA        NA 1.89 1.55    0.42
67        53        1            0        NA        NA 2.25 2.49    0.64
68       136        4            2        NA        NA 1.47 2.26    0.82
69        58        0            0        NA        NA 1.01 1.62    0.12
70        91        4            0        NA        NA 2.43 2.31    0.50
71        68        4            0        NA        NA 0.99 2.49    0.28
72        21        4            0        NA        NA 2.30 2.28    0.31
73       113        4            0        NA        NA 2.17 2.37    0.39
74       167        4            2        NA        NA 1.24 2.46    0.63
75       153        4            0        NA        NA 1.84 2.45    0.31
76        90        4            0        NA        NA 1.66 2.30    0.57
77        84        4            0        NA        NA 0.78 2.24    0.29
78       135        4            0        NA        NA 1.32 2.29    0.57
79        88        0            0        NA        NA 1.68 2.50    0.22
80       200        4            2        NA        NA 2.48 2.31    0.64
# 2026-01-31 19:06:33 -03: Testing results (column number is configuration ID in no particular order):
         seeds            1            2            3            4            5
1t   466777860 8.961279e-01 1.566472e+00 8.811352e-01 1.626623e+00 1.153173e+00
2t   467615994 4.619337e+06 1.887642e+07 3.421614e+06 1.408199e+07 1.451727e+07
3t  2142383025 1.564247e+06 2.205549e+06 1.319564e+06 2.702649e+06 1.605419e+06
4t   124051725 1.148753e+05 1.194625e+05 6.452464e+04 1.184705e+05 1.090487e+05
5t   508076044 1.576134e+01 1.229988e+01 1.917717e+01 1.669199e+01 1.983567e+01
6t   749934635 6.705130e+00 5.147078e+02 3.309646e+00 4.290909e+02 8.294979e+01
7t   269841031 5.121119e+03 3.739841e+03 3.380415e+03 4.935259e+03 5.558905e+03
8t  1584621796 5.486258e+00 6.422919e+00 4.980131e+00 6.722794e+00 5.743569e+00
9t   452211359 2.932696e+02 2.560683e+02 3.311108e+02 2.706923e+02 2.718371e+02
10t   39576801 2.523080e+01 2.910118e+01 2.428701e+01 2.662343e+01 2.671440e+01
11t 1159883600 3.042233e+02 2.470747e+02 3.353117e+02 2.547284e+02 2.622766e+02
12t 1187072778 7.480530e+03 4.148554e+02 1.026355e+03 3.147425e+02 8.307921e+03
13t  372794764 1.963120e+01 1.628158e+00 2.015246e+01 1.677987e+00 1.951123e+01
14t  502955828 2.100773e+01 2.111973e+01 2.085641e+01 2.107349e+01 2.097747e+01
15t 1819884780 1.352782e+02 2.428226e+03 1.048958e+03 5.630759e+02 1.582012e+02
16t 1922384443 4.472528e+01 5.834306e+01 4.410453e+01 4.935379e+01 4.756751e+01
17t 2090183420 3.039750e-01 1.047887e+00 1.954237e-01 1.041735e+00 1.233349e-01
18t  866474893 8.816968e-01 9.746396e-01 8.443830e-01 9.895330e-01 9.451470e-01
19t 1617420425 5.434402e+02 4.259988e+02 5.782715e+02 4.050243e+02 5.443299e+02
20t 1641330856 4.684670e+02 3.160315e+02 4.693737e+02 2.171368e+02 3.990035e+02
21t 1734475980 2.893130e+04 2.692110e+04 2.931965e+04 2.684012e+04 2.822988e+04
22t  713953179 3.037233e+04 2.821267e+04 2.925637e+04 2.799437e+04 2.746667e+04
23t 1640880078 5.715213e+01 3.834747e+01 6.047730e+01 5.076671e+01 5.245016e+01
24t  577159915 6.199743e-01 6.733298e-01 6.206807e-01 4.111004e-01 6.884161e-01
25t  978030422 8.825109e-01 5.853772e-01 6.786068e-01 5.514765e-01 5.129094e-01
26t 1782799041 2.932517e-01 3.484314e-01 3.159638e-01 2.456453e-01 2.928237e-01
27t  483273603 1.104831e+02 7.051289e+01 1.105775e+02 7.874675e+01 1.141026e+02
28t 1314918365 2.174916e+02 2.233066e+02 2.375410e+02 2.788177e+02 2.493386e+02
29t  749403749 4.004354e+02 3.313801e+02 4.639041e+02 2.760732e+02 3.557605e+02
30t  128992672 1.097761e+01 1.195174e+01 2.183661e+01 1.214131e+01 9.771107e+00
31t  514243438 2.778768e+02 1.422794e+02 2.692734e+02 1.603709e+02 2.102402e+02
32t  830785069 3.410247e+02 4.096666e+02 4.173358e+02 2.770978e+02 3.207049e+02
33t 1075376064 1.473110e+02 1.036133e+02 1.521846e+02 1.066231e+02 1.223116e+02
34t  768857079 3.688942e+01 2.539965e+01 2.781898e+01 2.622878e+01 3.217797e+01
35t 1443962673 1.327434e+04 1.262860e+04 1.408632e+04 1.253262e+04 1.251648e+04
36t  222766695 1.812244e+05 2.127488e+05 2.344647e+05 2.107259e+05 1.618352e+05
37t  927062165 5.411483e+01 6.115184e+01 5.177854e+01 5.832863e+01 5.564364e+01
38t 1298484993 3.436657e+05 2.552369e+05 6.486883e+05 2.856053e+05 1.839011e+05
39t  252049118 5.665185e+00 5.971068e+00 5.196122e+00 6.592779e+00 5.540697e+00
40t  544425067 4.935115e+01 3.624931e+01 5.359228e+01 4.091696e+01 1.024013e+02
41t  134720759 4.875547e+02 4.499333e+02 8.993648e+02 4.503240e+02 4.476568e+02
42t  967165820 3.787122e+02 3.263375e+02 4.275273e+02 2.957268e+02 3.048632e+02
43t 1495161391 3.809514e+02 3.495598e+02 4.779600e+02 3.445589e+02 3.238247e+02
44t  333804997 9.306926e+02 9.367709e+02 9.884504e+02 9.313448e+02 9.476562e+02
45t  280897802 9.506538e+02 9.313579e+02 9.333694e+02 9.307793e+02 9.399490e+02
46t  697937446 9.281020e+02 9.299060e+02 9.327019e+02 9.285547e+02 9.323218e+02
47t 1907989846 8.954424e+02 1.023160e+03 1.188088e+03 1.023580e+03 1.024040e+03
48t  647453432 1.085236e+03 9.392878e+02 1.051129e+03 9.717397e+02 1.003461e+03
49t 1800760057 5.539426e+02 5.759511e+02 1.200444e+03 5.674571e+02 5.643257e+02
50t 1231184029 9.231979e+02 8.835964e+02 9.596219e+02 8.949489e+02 9.223457e+02
               6            7            8            9           10
1t  1.173729e+00 1.611796e+00 3.343204e+00 1.555482e+00 1.255600e+00
2t  6.095842e+06 1.488295e+07 1.005144e+07 1.424455e+07 8.445706e+06
3t  2.072166e+06 3.151752e+06 5.548429e+06 2.237212e+06 1.956519e+06
4t  1.598607e+05 1.090768e+05 1.218531e+05 1.012187e+05 1.174302e+05
5t  5.724714e+01 6.227222e+00 9.696762e+00 1.326921e+01 2.445432e+01
6t  1.565457e+02 2.598350e+02 1.861880e+02 1.477994e+02 2.150258e+01
7t  7.699366e+03 2.764637e+03 1.610499e+03 3.137702e+03 5.064495e+03
8t  6.471174e+00 7.290365e+00 1.020673e+01 6.430694e+00 6.218908e+00
9t  3.636630e+02 2.328865e+02 6.979718e+01 2.608136e+02 2.682449e+02
10t 2.836282e+01 3.254134e+01 3.856916e+01 3.074711e+01 2.759727e+01
11t 3.864044e+02 2.127395e+02 4.963983e+01 2.416358e+02 2.791924e+02
12t 2.923096e+04 2.593235e+02 2.253040e+03 2.830080e+02 2.210236e+03
13t 2.053841e+01 1.824720e+00 2.387218e+00 1.585580e+00 1.494075e+00
14t 2.118733e+01 2.095034e+01 2.111540e+01 2.112877e+01 2.109141e+01
15t 1.915366e+02 3.073839e+02 3.695266e+02 1.989589e+02 1.762096e+02
16t 4.914768e+01 5.045493e+01 4.928699e+01 4.926192e+01 4.579021e+01
17t 4.542792e+02 1.264653e-01 1.102247e-01 1.827619e-01 9.226966e-02
18t 9.091618e-01 9.969220e-01 1.047846e+00 9.866259e-01 9.195113e-01
19t 1.478489e+03 4.063776e+02 3.924195e+02 3.832257e+02 4.904932e+02
20t 6.922124e+02 2.007809e+02 2.474223e+02 3.439303e+02 2.488988e+02
21t 3.480240e+04 2.829024e+04 2.744411e+04 2.782345e+04 2.840360e+04
22t 3.524610e+04 2.747866e+04 3.183107e+04 2.802658e+04 2.917398e+04
23t 6.613593e+01 4.326699e+01 3.358408e+01 4.150527e+01 4.882226e+01
24t 3.014509e+00 6.664635e-01 3.630110e+00 6.802650e-01 6.543749e-01
25t 6.134657e-01 4.904991e-01 5.496295e-01 4.951964e-01 6.642692e-01
26t 2.806490e-01 3.364775e-01 2.885036e-01 3.268753e-01 2.807120e-01
27t 5.096072e+01 6.467722e+01 7.041307e+01 9.040785e+01 1.109387e+02
28t 1.719729e+02 2.948608e+02 3.322081e+02 2.527492e+02 2.625854e+02
29t 4.704672e+02 2.981067e+02 2.932226e+02 2.513550e+02 3.118861e+02
30t 1.410781e+01 1.193839e+01 1.415823e+01 1.105349e+01 1.055847e+01
31t 1.154382e+02 1.769375e+02 1.149358e+02 1.881114e+02 2.364373e+02
32t 3.611050e+02 3.464307e+02 3.167631e+02 3.430390e+02 3.380509e+02
33t 1.474723e+02 1.030221e+02 1.110446e+02 1.089421e+02 1.100494e+02
34t 3.185526e+01 2.907469e+01 3.243668e+01 2.390404e+01 3.011424e+01
35t 1.383513e+04 1.265377e+04 1.268809e+04 1.267522e+04 1.298151e+04
36t 1.881143e+05 2.335621e+05 3.558639e+05 2.074024e+05 1.638583e+05
37t 6.667519e+01 6.091821e+01 5.945362e+01 6.099499e+01 6.044614e+01
38t 1.642202e+05 2.792003e+05 2.333129e+05 2.845366e+05 3.798483e+05
39t 6.116640e+00 6.627742e+00 6.463589e+00 6.774481e+00 6.629299e+00
40t 9.004526e+02 2.461776e+01 2.222626e+01 6.612945e+01 7.791507e+01
41t 4.498972e+02 4.511257e+02 4.573040e+02 4.504625e+02 4.490173e+02
42t 3.356308e+02 2.996211e+02 2.622806e+02 3.046181e+02 2.725500e+02
43t 3.979113e+02 3.176464e+02 3.070826e+02 3.046575e+02 3.290924e+02
44t 9.488642e+02 9.305318e+02 9.297579e+02 9.288757e+02 9.534207e+02
45t 9.416069e+02 9.240268e+02 9.252309e+02 9.327507e+02 9.317723e+02
46t 9.397582e+02 9.288528e+02 9.303267e+02 9.243823e+02 9.213783e+02
47t 5.515515e+02 9.247441e+02 6.174428e+02 1.027320e+03 1.024343e+03
48t 1.206835e+03 9.368624e+02 9.307125e+02 1.007824e+03 9.971103e+02
49t 5.568746e+02 1.017933e+03 6.135460e+02 5.847680e+02 1.018680e+03
50t 1.250302e+03 8.925789e+02 4.085068e+02 9.046070e+02 9.139483e+02
              11           12           13           14           15
1t  9.493961e-01 1.229682e+00 1.102574e+00 1.932266e+00 5.966987e-01
2t  1.042080e+07 1.824657e+07 9.258232e+06 8.071068e+06 3.522958e+06
3t  1.875811e+06 1.957866e+06 2.153862e+06 3.244076e+06 9.552527e+05
4t  1.160960e+05 1.386599e+05 1.252983e+05 7.063266e+04 1.476935e+05
5t  4.002544e+01 3.257415e+01 2.684212e+01 2.523909e+01 4.195871e+01
6t  1.088812e+02 2.883124e+02 1.041891e+02 5.309274e+01 4.047795e+00
7t  6.363286e+03 4.953502e+03 4.819536e+03 4.051593e+03 3.583056e+04
8t  5.572056e+00 6.067283e+00 6.048798e+00 7.699387e+00 4.303070e+00
9t  2.817262e+02 2.656864e+02 2.720527e+02 2.441204e+02 3.996546e+02
10t 2.838743e+01 2.620817e+01 2.713346e+01 3.407412e+01 2.031879e+01
11t 2.928234e+02 2.839616e+02 2.748742e+02 2.797757e+02 3.098636e+02
12t 2.109089e+04 4.205437e+02 1.110925e+04 1.252347e+04 1.380839e+04
13t 1.520401e+00 1.571491e+00 1.352238e+00 1.976613e+00 1.988378e+01
14t 2.101490e+01 2.104278e+01 2.104988e+01 2.103818e+01 2.082654e+01
15t 1.815371e+02 1.748037e+02 3.540946e+02 2.553579e+02 1.054590e+02
16t 5.712319e+01 5.220110e+01 1.041449e+02 4.913907e+01 1.013275e+02
17t 2.895088e+00 1.106711e-01 8.349268e-02 1.479473e-01 2.296198e+02
18t 9.357205e-01 9.225509e-01 9.389176e-01 1.022243e+00 6.698645e-01
19t 4.734785e+02 5.414577e+02 4.285737e+02 3.825577e+02 5.599765e+03
20t 3.622188e+02 3.286668e+02 2.847212e+02 2.933586e+02 8.513209e+02
21t 2.784312e+04 2.729515e+04 2.766348e+04 2.709359e+04 3.839462e+04
22t 2.776106e+04 2.795537e+04 2.824689e+04 2.856937e+04 3.948678e+04
23t 5.713760e+01 5.194880e+01 4.867042e+01 4.939217e+01 7.979971e+01
24t 5.915715e-01 8.415006e-01 7.541459e-01 8.911067e-01 5.154412e+00
25t 6.411892e-01 6.413568e-01 6.608387e-01 7.067456e-01 6.543591e-01
26t 3.507006e-01 3.340581e-01 3.210812e-01 3.701472e-01 2.721266e-01
27t 9.188835e+01 7.973220e+01 9.452928e+01 1.186604e+02 6.337258e+01
28t 2.337837e+02 2.547987e+02 1.868807e+02 2.968228e+02 1.520070e+02
29t 3.148681e+02 3.361081e+02 2.906696e+02 2.502458e+02 4.317203e+02
30t 9.269943e+00 1.068615e+01 1.151410e+01 1.383899e+01 1.382764e+01
31t 2.095628e+02 1.651202e+02 1.872170e+02 1.976867e+02 1.091044e+02
32t 2.881381e+02 2.708779e+02 2.782851e+02 4.854076e+02 2.034577e+02
33t 1.174299e+02 1.077924e+02 1.102118e+02 1.043754e+02 1.800501e+02
34t 2.735928e+01 2.219353e+01 2.767175e+01 2.927189e+01 2.893249e+01
35t 1.256926e+04 1.275799e+04 1.245718e+04 1.238626e+04 1.829904e+04
36t 2.249797e+05 2.052968e+05 2.271737e+05 2.863885e+05 1.197146e+05
37t 5.604639e+01 5.963179e+01 5.968728e+01 5.962585e+01 5.612674e+01
38t 2.255772e+05 2.660702e+05 2.481362e+05 3.746999e+05 1.689766e+05
39t 5.118651e+00 5.996636e+00 6.242589e+00 6.151133e+00 5.740244e+00
40t 5.429432e+01 7.669651e+01 4.950707e+01 2.285376e+01 8.182486e+02
41t 4.766046e+02 5.504437e+02 4.487758e+02 4.528644e+02 9.423599e+02
42t 3.469596e+02 3.130153e+02 3.022398e+02 2.548046e+02 4.386550e+02
43t 4.037247e+02 3.809849e+02 3.313889e+02 3.416987e+02 4.506270e+02
44t 9.273555e+02 9.329617e+02 9.798152e+02 9.326132e+02 9.238966e+02
45t 9.272267e+02 9.394178e+02 9.264762e+02 9.323227e+02 9.237915e+02
46t 9.327773e+02 9.333706e+02 9.216770e+02 9.231072e+02 9.248655e+02
47t 5.387508e+02 1.023725e+03 5.448261e+02 1.025410e+03 1.220023e+03
48t 1.009857e+03 9.927966e+02 9.869395e+02 9.449913e+02 1.437960e+03
49t 5.664732e+02 5.579210e+02 5.588814e+02 5.855880e+02 1.238337e+03
50t 9.376701e+02 9.100457e+02 9.190256e+02 8.884256e+02 1.312371e+03
              16           17           18           19           20
1t  2.115705e+00 1.081092e+00 1.158157e+00 6.873578e-01 5.994039e-01
2t  3.005724e+07 1.894546e+07 1.127972e+07 2.864455e+06 3.629175e+06
3t  3.739796e+06 1.886616e+06 1.929890e+06 1.297716e+06 8.992052e+05
4t  1.106813e+05 1.207248e+05 1.143823e+05 6.363749e+04 1.401653e+05
5t  6.959254e+00 3.348564e+01 3.351041e+01 4.340017e+00 3.692179e+01
6t  4.407025e+02 4.076665e+02 3.672073e+02 3.297048e+00 3.563431e+00
7t  2.425587e+03 4.819031e+03 4.079945e+03 3.689150e+03 4.631253e+04
8t  7.748124e+00 5.808797e+00 6.297288e+00 1.474424e+03 1.399260e+02
9t  2.439319e+02 2.622766e+02 2.752495e+02 3.640018e+02 4.154208e+02
10t 3.282076e+01 2.718898e+01 2.778289e+01 2.347548e+01 1.849152e+01
11t 2.406358e+02 2.776484e+02 2.591820e+02 3.767633e+02 3.130652e+02
12t 2.700379e+02 1.373013e+04 1.496194e+03 8.785013e+02 1.231825e+04
13t 1.908469e+00 1.433996e+00 1.487174e+00 2.046424e+01 1.991589e+01
14t 2.110710e+01 2.109855e+01 2.114494e+01 2.111279e+01 2.071423e+01
15t 3.334351e+02 2.050199e+02 1.753588e+02 8.094702e+02 1.057469e+02
16t 5.706255e+01 9.949937e+01 4.932532e+01 1.011065e+02 4.718621e+01
17t 3.536366e-01 1.466258e+00 5.433319e-01 5.030895e-02 3.026197e+02
18t 1.035290e+00 9.455031e-01 9.670649e-01 7.690287e-01 6.544869e-01
19t 4.312440e+02 4.548696e+02 4.943661e+02 6.669239e+02 6.054782e+03
20t 2.371839e+02 2.848026e+02 2.679081e+02 5.109642e+02 9.305439e+02
21t 2.801879e+04 2.838423e+04 2.831960e+04 3.125244e+04 3.883914e+04
22t 2.743052e+04 2.727572e+04 2.745174e+04 3.029026e+04 3.845098e+04
23t 4.037603e+01 4.769001e+01 4.623173e+01 7.353073e+01 7.326023e+01
24t 4.298066e-01 6.701220e-01 7.892055e-01 5.306888e-01 5.223626e+00
25t 5.649042e-01 6.095380e-01 7.441870e-01 5.671271e-01 5.841142e-01
26t 2.948745e-01 3.197329e-01 3.388038e-01 3.022187e-01 2.721482e-01
27t 4.284727e+01 7.320846e+01 7.629470e+01 1.132597e+02 6.391181e+01
28t 2.846519e+02 3.119401e+02 2.405026e+02 2.038106e+02 1.573252e+02
29t 3.200130e+02 2.706039e+02 2.717746e+02 5.013495e+02 4.085970e+02
30t 1.250378e+01 1.000320e+01 1.206095e+01 2.591514e+01 1.319868e+01
31t 1.449471e+02 1.558631e+02 1.457545e+02 2.501870e+02 1.054091e+02
32t 3.588479e+02 2.467037e+02 2.955243e+02 3.947708e+02 2.122986e+02
33t 1.088961e+02 1.123053e+02 9.476092e+01 1.983099e+02 1.904851e+02
34t 2.831835e+01 2.036156e+01 2.654345e+01 3.327337e+01 2.554022e+01
35t 1.225615e+04 1.274289e+04 1.260273e+04 1.459088e+04 1.819247e+04
36t 2.879043e+05 2.025780e+05 1.814763e+05 2.156384e+05 1.073965e+05
37t 5.878384e+01 5.985374e+01 6.000712e+01 6.103707e+01 5.867662e+01
38t 2.782501e+05 1.737313e+05 2.045545e+05 6.474435e+05 2.037342e+05
39t 7.176686e+00 6.251954e+00 7.044847e+00 5.628647e+00 5.881384e+00
40t 2.459184e+01 4.608976e+01 4.630393e+01 8.720607e+01 7.371968e+02
41t 4.526826e+02 4.485888e+02 4.476093e+02 5.465953e+02 1.004026e+03
42t 2.998902e+02 3.023163e+02 3.113519e+02 4.143437e+02 4.121281e+02
43t 3.160823e+02 3.744300e+02 4.609295e+02 5.684747e+02 5.203742e+02
44t 9.225159e+02 9.402068e+02 9.242926e+02 9.986934e+02 9.264374e+02
45t 9.236395e+02 9.361368e+02 9.302550e+02 9.267191e+02 9.241355e+02
46t 9.219204e+02 9.331502e+02 9.309737e+02 1.058521e+03 9.203331e+02
47t 1.020838e+03 5.407531e+02 1.025739e+03 1.223037e+03 1.242113e+03
48t 9.587596e+02 1.011933e+03 9.867806e+02 1.159482e+03 1.408564e+03
49t 1.018294e+03 5.573611e+02 5.684045e+02 1.225943e+03 1.238348e+03
50t 8.922615e+02 9.241506e+02 9.201081e+02 1.143569e+03 1.316480e+03
              21           22           23           24           25
1t  1.123330e+00 1.692803e+00 6.169451e-01 1.996400e+00 1.625229e+00
2t  1.630491e+07 2.684193e+07 3.139136e+06 2.254441e+07 1.127117e+07
3t  1.710537e+06 2.826919e+06 8.895510e+05 3.130255e+06 2.488264e+06
4t  1.152617e+05 1.018414e+05 1.632459e+05 1.166657e+05 9.717237e+04
5t  2.917032e+01 5.223880e+00 3.598844e+01 6.544273e+00 5.859420e+00
6t  5.069318e+02 6.446515e+02 2.194473e+00 7.013227e+02 4.347738e+02
7t  4.876319e+03 3.309457e+03 2.743029e+04 3.351274e+03 2.795952e+03
8t  6.289540e+00 7.019453e+00 1.338942e+02 6.746277e+00 7.161454e+00
9t  2.888562e+02 2.469621e+02 3.365815e+02 2.046529e+02 2.542364e+02
10t 2.964650e+01 3.097265e+01 1.987904e+01 3.089940e+01 3.287531e+01
11t 2.349104e+02 2.306681e+02 4.499710e+02 1.673105e+02 2.765011e+02
12t 1.471632e+04 2.713879e+02 1.135832e+04 3.809562e+02 2.869758e+02
13t 1.448204e+00 1.650608e+00 2.001535e+01 1.790043e+00 1.790011e+00
14t 2.100034e+01 2.113625e+01 2.093695e+01 2.119295e+01 2.093842e+01
15t 2.123915e+02 5.298046e+02 2.450602e+02 3.233077e+02 2.643250e+02
16t 4.921102e+01 4.824672e+01 4.908848e+01 4.884953e+01 4.936033e+01
17t 1.688683e+00 7.942190e-01 3.777054e+02 1.050569e+00 1.725451e-01
18t 9.771309e-01 1.009167e+00 5.837434e-01 1.024275e+00 1.002046e+00
19t 5.267250e+02 4.173564e+02 5.287211e+03 4.209711e+02 4.286133e+02
20t 2.410325e+02 2.661786e+02 9.922109e+02 2.560682e+02 2.606299e+02
21t 2.666133e+04 2.753678e+04 3.850313e+04 2.761626e+04 2.779033e+04
22t 2.786653e+04 2.757222e+04 3.856856e+04 2.754282e+04 2.773264e+04
23t 4.814372e+01 4.654899e+01 8.025971e+01 4.375435e+01 4.751435e+01
24t 5.427855e-01 7.115986e-01 7.151231e-01 5.383558e-01 7.708995e-01
25t 6.872427e-01 6.037750e-01 6.091663e-01 5.333249e-01 6.247930e-01
26t 3.158507e-01 3.319310e-01 2.564403e-01 3.305966e-01 3.754292e-01
27t 6.967312e+01 7.518899e+01 6.745028e+01 7.096101e+01 6.542453e+01
28t 2.343118e+02 2.480587e+02 1.349032e+02 2.621766e+02 2.543714e+02
29t 3.531430e+02 2.925911e+02 4.228091e+02 3.043745e+02 2.921329e+02
30t 1.360066e+01 1.146955e+01 1.183339e+01 1.187084e+01 1.378349e+01
31t 1.819390e+02 1.563219e+02 1.257476e+02 1.449251e+02 1.433648e+02
32t 2.975815e+02 3.164090e+02 2.043465e+02 2.880684e+02 3.582383e+02
33t 1.018761e+02 1.068632e+02 1.915130e+02 9.026962e+01 1.006851e+02
34t 2.769969e+01 2.499402e+01 3.717989e+01 2.833052e+01 2.793063e+01
35t 1.265494e+04 1.259266e+04 1.719285e+04 1.265241e+04 1.280187e+04
36t 1.888696e+05 2.524646e+05 1.167095e+05 2.448806e+05 1.502599e+05
37t 5.678993e+01 6.098973e+01 5.427652e+01 5.921626e+01 5.805923e+01
38t 2.755559e+05 3.203441e+05 2.260105e+05 2.722729e+05 3.828247e+05
39t 6.076482e+00 7.021009e+00 5.048164e+00 1.031287e+01 6.160387e+00
40t 4.902397e+01 2.448152e+01 6.280789e+02 3.104690e+01 2.585855e+01
41t 4.490539e+02 4.498056e+02 9.762794e+02 4.504322e+02 4.500912e+02
42t 2.796846e+02 2.772939e+02 4.433455e+02 2.939801e+02 2.843957e+02
43t 4.081221e+02 3.481696e+02 5.287247e+02 3.519456e+02 3.156310e+02
44t 9.272252e+02 9.343027e+02 9.238673e+02 9.272602e+02 9.340974e+02
45t 9.283043e+02 9.321283e+02 9.244484e+02 9.281010e+02 9.290141e+02
46t 9.346332e+02 9.345303e+02 9.243295e+02 9.230413e+02 9.212418e+02
47t 1.031461e+03 1.020990e+03 1.216257e+03 1.022120e+03 1.031874e+03
48t 9.868463e+02 9.730776e+02 1.417199e+03 9.284615e+02 9.921020e+02
49t 5.641266e+02 1.020655e+03 1.275690e+03 5.872971e+02 1.025913e+03
50t 9.241618e+02 8.823445e+02 1.328195e+03 8.960783e+02 9.139716e+02
              26           27           28           29           30
1t  8.468433e-01 1.561970e+00 1.417442e+00 1.022110e+00 1.819794e+00
2t  4.306084e+06 1.824641e+07 1.670755e+07 2.840593e+07 1.426687e+07
3t  1.694225e+06 2.484696e+06 2.439901e+06 1.751524e+06 3.038901e+06
4t  1.447050e+05 1.204155e+05 1.097503e+05 1.448417e+05 1.025105e+05
5t  5.703654e+01 1.287458e+01 1.891790e+01 2.439973e+01 5.680868e+00
6t  8.526611e+01 1.998130e+02 9.663074e+01 5.400252e+02 1.516694e+02
7t  4.681857e+03 2.754566e+03 4.191125e+03 4.915134e+03 3.020475e+03
8t  5.581922e+00 7.045279e+00 6.363571e+00 5.629883e+00 7.656541e+00
9t  3.643403e+02 2.568913e+02 2.649966e+02 2.741400e+02 2.178299e+02
10t 2.583115e+01 2.853291e+01 3.016363e+01 2.561072e+01 3.172106e+01
11t 3.672193e+02 2.557529e+02 2.563725e+02 2.683110e+02 2.343719e+02
12t 2.632563e+04 1.992153e+02 2.909681e+02 1.392562e+04 2.199977e+02
13t 2.045773e+01 1.580493e+00 1.667563e+00 1.426415e+00 1.858443e+00
14t 2.119639e+01 2.110046e+01 2.106613e+01 2.117231e+01 2.114104e+01
15t 1.448420e+02 3.421088e+02 4.306819e+03 3.561080e+02 2.468812e+02
16t 1.017957e+02 4.584153e+01 4.715229e+01 4.934997e+01 4.923360e+01
17t 2.998693e+02 1.901269e-01 9.842381e-02 1.112678e+00 1.263710e-01
18t 8.570396e-01 9.821832e-01 9.512438e-01 9.172477e-01 9.855024e-01
19t 1.427534e+03 4.703048e+02 4.175534e+02 4.923979e+02 4.631665e+02
20t 6.566015e+02 3.060244e+02 3.088323e+02 3.064910e+02 2.175377e+02
21t 3.502189e+04 2.823930e+04 2.770278e+04 2.809997e+04 2.579206e+04
22t 3.507340e+04 2.759745e+04 2.735760e+04 2.746718e+04 2.832618e+04
23t 5.884615e+01 4.565204e+01 3.962987e+01 5.318543e+01 4.461187e+01
24t 3.560636e+00 6.178471e-01 4.332012e-01 8.115680e-01 8.574093e-01
25t 6.018593e-01 6.794781e-01 6.206720e-01 5.980865e-01 5.257441e-01
26t 2.849112e-01 3.310579e-01 3.433282e-01 3.063281e-01 3.912185e-01
27t 5.710246e+01 9.759412e+01 8.622250e+01 6.433320e+01 1.112377e+02
28t 1.599519e+02 2.640397e+02 2.578804e+02 2.113700e+02 2.685060e+02
29t 4.123467e+02 3.076766e+02 2.839214e+02 3.385189e+02 2.950205e+02
30t 1.285410e+01 1.049189e+01 1.135076e+01 1.105946e+01 1.285226e+01
31t 1.112104e+02 1.334472e+02 2.060474e+02 1.449262e+02 2.101247e+02
32t 1.948387e+02 2.847038e+02 3.529786e+02 2.644978e+02 3.320273e+02
33t 1.506403e+02 1.125208e+02 1.060506e+02 1.161364e+02 1.099506e+02
34t 2.676323e+01 2.856553e+01 2.611208e+01 2.482955e+01 2.711371e+01
35t 1.388019e+04 1.257739e+04 1.280762e+04 1.277432e+04 1.267439e+04
36t 1.323911e+05 1.791921e+05 2.329107e+05 1.690647e+05 2.944278e+05
37t 6.433829e+01 6.213976e+01 5.900530e+01 5.867789e+01 5.980217e+01
38t 1.959150e+05 2.729464e+05 4.543934e+05 2.313177e+05 2.072723e+05
39t 7.094314e+00 6.382703e+00 5.361070e+00 5.318447e+00 6.138104e+00
40t 7.830197e+02 2.623807e+01 4.648648e+01 5.117182e+01 2.566580e+01
41t 4.503289e+02 4.510244e+02 4.494845e+02 4.476839e+02 4.518891e+02
42t 3.535741e+02 3.268239e+02 2.944453e+02 3.101903e+02 2.847718e+02
43t 3.791507e+02 3.204755e+02 3.621339e+02 3.976806e+02 3.673240e+02
44t 9.451567e+02 9.408783e+02 9.345779e+02 9.399370e+02 9.240850e+02
45t 9.489166e+02 9.226361e+02 9.299767e+02 9.341063e+02 9.312291e+02
46t 9.458503e+02 9.257305e+02 9.222812e+02 9.327599e+02 9.323161e+02
47t 5.435646e+02 1.020508e+03 1.021713e+03 1.029098e+03 5.730159e+02
48t 1.196540e+03 9.617800e+02 1.010198e+03 9.951394e+02 9.509804e+02
49t 1.202254e+03 1.021224e+03 5.753277e+02 5.582507e+02 1.019779e+03
50t 1.241370e+03 9.119252e+02 9.379643e+02 9.257770e+02 8.843478e+02
              31           32           33           34           35
1t  1.204359e+00 7.953022e-01 9.509021e-01 1.129640e+00 6.886994e-01
2t  1.354114e+07 3.324737e+06 5.624992e+06 3.010500e+06 4.112391e+06
3t  2.107010e+06 1.346647e+06 1.272204e+06 1.555528e+06 1.199434e+06
4t  1.165858e+05 6.836900e+04 1.412890e+05 4.244140e+04 1.254206e+05
5t  2.486444e+01 6.428613e+00 4.394043e+01 4.333575e-01 5.340111e+01
6t  2.042512e+02 3.020462e+00 7.967017e+01 5.219508e+00 3.369021e+01
7t  4.731951e+03 5.030741e+03 4.623366e+03 2.734008e+03 1.006533e+04
8t  6.150454e+00 5.324063e+00 5.230668e+00 5.751482e+00 5.188872e+00
9t  2.788433e+02 3.133543e+02 2.867440e+02 3.236254e+02 3.708398e+02
10t 2.816404e+01 2.370039e+01 2.684569e+01 2.489922e+01 2.447418e+01
11t 2.857467e+02 3.087834e+02 2.789829e+02 3.273664e+02 3.819353e+02
12t 4.571380e+03 7.753192e+03 1.404806e+04 4.423996e+04 2.451442e+04
13t 1.401268e+00 2.016953e+01 1.963434e+01 2.037870e+01 2.030216e+01
14t 2.094087e+01 2.089145e+01 2.098963e+01 2.101646e+01 2.108949e+01
15t 1.994204e+02 1.472560e+02 1.499166e+02 1.207859e+03 1.373613e+02
16t 4.828413e+01 1.020819e+02 4.856017e+01 6.930192e+01 1.028099e+02
17t 8.349678e-02 3.995939e-02 1.859238e+00 3.500012e-02 3.784061e+02
18t 9.633994e-01 8.809431e-01 8.654753e-01 9.375476e-01 8.600192e-01
19t 4.974236e+02 5.636854e+02 5.004174e+02 6.691304e+02 2.187808e+03
20t 3.785137e+02 5.210966e+02 3.650611e+02 3.839470e+02 7.393339e+02
21t 2.834027e+04 2.979432e+04 2.804197e+04 2.947590e+04 3.499532e+04
22t 2.736940e+04 2.980746e+04 2.758906e+04 2.996766e+04 3.565153e+04
23t 5.182275e+01 5.169951e+01 5.890057e+01 5.972722e+01 6.785105e+01
24t 7.637838e-01 6.175395e-01 7.917623e-01 8.391427e-01 3.578582e+00
25t 5.785258e-01 8.865515e-01 7.078781e-01 6.939869e-01 6.262419e-01
26t 3.106047e-01 3.050230e-01 3.054246e-01 3.018069e-01 2.781884e-01
27t 9.896895e+01 1.186057e+02 7.008849e+01 1.352103e+02 4.981711e+01
28t 2.334519e+02 1.735404e+02 2.037527e+02 2.574311e+02 1.438957e+02
29t 3.903312e+02 4.209083e+02 3.493017e+02 3.509631e+02 4.153290e+02
30t 1.374605e+01 1.310426e+01 9.763532e+00 1.054400e+01 1.376452e+01
31t 1.738308e+02 2.475772e+02 1.792894e+02 2.944267e+02 1.040315e+02
32t 3.098787e+02 3.580616e+02 4.448040e+02 3.429032e+02 1.767911e+02
33t 1.146294e+02 1.503552e+02 1.052698e+02 1.602042e+02 1.339957e+02
34t 2.639546e+01 2.626601e+01 2.590241e+01 2.634958e+01 2.843845e+01
35t 1.273813e+04 1.340931e+04 1.324456e+04 1.323248e+04 1.433547e+04
36t 1.610498e+05 1.976988e+05 1.550585e+05 2.114146e+05 1.262661e+05
37t 5.572563e+01 6.075817e+01 5.317336e+01 5.844925e+01 6.287299e+01
38t 2.538980e+05 6.937710e+05 2.532536e+05 7.211667e+05 1.613063e+05
39t 6.282732e+00 6.810541e+00 6.335013e+00 6.807384e+00 5.368692e+00
40t 3.692860e+01 5.450837e+01 6.230889e+01 4.180284e+01 9.204554e+02
41t 4.489547e+02 6.172076e+02 4.475496e+02 6.697968e+02 5.207726e+02
42t 2.972419e+02 3.905568e+02 3.304637e+02 2.980170e+02 3.725824e+02
43t 3.776577e+02 4.481206e+02 3.636157e+02 3.860664e+02 4.317902e+02
44t 9.301663e+02 9.343686e+02 9.539374e+02 1.002848e+03 9.342095e+02
45t 9.278178e+02 9.284441e+02 9.383195e+02 9.339627e+02 9.323668e+02
46t 9.365748e+02 9.370566e+02 9.320245e+02 9.320669e+02 9.337372e+02
47t 5.434394e+02 1.202435e+03 5.357389e+02 5.460383e+02 5.381353e+02
48t 1.004039e+03 1.216688e+03 9.985821e+02 1.020207e+03 1.287372e+03
49t 1.023622e+03 1.203484e+03 1.024614e+03 1.196958e+03 1.204999e+03
50t 9.053559e+02 9.592018e+02 9.533186e+02 8.984040e+02 1.272902e+03
              36           37           38           39           40
1t  1.603072e+00 9.267137e-01 1.542027e+00 8.122973e-01 5.816920e-01
2t  1.528076e+07 1.119298e+07 8.587499e+06 4.729144e+06 4.253001e+06
3t  2.608950e+06 1.745952e+06 2.709415e+06 1.264157e+06 7.825768e+05
4t  1.246379e+05 1.169708e+05 1.055385e+05 1.448084e+05 1.721758e+05
5t  1.659268e+01 2.881595e+01 2.038385e+01 3.962404e+01 4.380897e+01
6t  4.733424e+02 3.790069e+02 3.139736e+02 1.159489e+01 4.067460e+00
7t  4.674739e+03 4.490842e+03 2.336315e+03 1.621525e+04 5.232311e+04
8t  6.589109e+00 5.727414e+00 6.312485e+00 4.567393e+00 4.753706e+00
9t  2.473082e+02 2.506774e+02 2.413256e+02 2.921553e+02 4.118067e+02
10t 3.005733e+01 2.782891e+01 3.124044e+01 2.515791e+01 1.931415e+01
11t 2.773953e+02 2.566170e+02 2.466093e+02 3.221480e+02 4.321066e+02
12t 3.564036e+02 3.506831e+02 2.282289e+02 2.134941e+04 1.590589e+04
13t 1.579049e+00 1.404769e+00 1.571604e+00 1.978841e+01 1.986728e+01
14t 2.109363e+01 2.114717e+01 2.113276e+01 2.094255e+01 2.069798e+01
15t 2.170174e+02 1.767153e+02 2.432503e+02 1.343484e+02 2.330664e+02
16t 4.800739e+01 9.420802e+01 4.910836e+01 4.863472e+01 1.024671e+02
17t 1.039558e+00 1.008632e+00 2.638113e-01 8.365419e+01 4.007258e+02
18t 9.904269e-01 9.227542e-01 9.923156e-01 7.789698e-01 6.355352e-01
19t 3.961110e+02 5.215371e+02 4.317891e+02 1.551471e+03 4.724557e+03
20t 2.673277e+02 3.184138e+02 2.748672e+02 3.060309e+02 4.952142e+02
21t 2.673573e+04 2.739176e+04 2.811420e+04 2.897816e+04 3.936562e+04
22t 2.742704e+04 2.787634e+04 2.756151e+04 2.763997e+04 3.935824e+04
23t 4.065756e+01 4.026102e+01 4.853768e+01 5.128634e+01 7.977330e+01
24t 8.025289e-01 4.080911e-01 7.497529e-01 4.660140e-01 5.691079e+00
25t 6.015367e-01 4.454553e-01 6.759952e-01 5.603274e-01 6.818316e-01
26t 3.439854e-01 3.514076e-01 3.678385e-01 3.316003e-01 2.597335e-01
27t 6.905175e+01 8.534764e+01 9.062839e+01 1.213569e+02 5.764223e+01
28t 2.318933e+02 1.881034e+02 2.370023e+02 2.029108e+02 1.385141e+02
29t 2.652480e+02 3.122672e+02 3.289773e+02 3.470347e+02 4.211099e+02
30t 1.165222e+01 1.022546e+01 1.165899e+01 2.014997e+01 1.508022e+01
31t 1.495420e+02 1.873015e+02 1.446968e+02 2.426033e+02 1.199815e+02
32t 3.416862e+02 2.766425e+02 3.370694e+02 6.862326e+03 2.092211e+02
33t 1.109380e+02 1.238190e+02 1.040056e+02 1.313310e+02 1.859481e+02
34t 2.323092e+01 2.607910e+01 2.482427e+01 3.429639e+01 2.998564e+01
35t 1.268446e+04 1.263464e+04 1.266119e+04 1.423832e+04 1.838485e+04
36t 2.331486e+05 1.791633e+05 2.240806e+05 1.666928e+05 1.149725e+05
37t 5.758026e+01 6.148072e+01 6.021128e+01 5.382052e+01 5.299592e+01
38t 2.383343e+05 1.873447e+05 2.481019e+05 2.593169e+05 1.764112e+05
39t 5.941722e+00 6.018560e+00 7.008592e+00 6.362374e+00 5.391648e+00
40t 4.584768e+01 5.053821e+01 2.694797e+01 1.933326e+02 8.582005e+02
41t 4.499673e+02 4.482069e+02 4.499821e+02 7.362929e+02 1.071364e+03
42t 3.155781e+02 3.192617e+02 2.726319e+02 4.269797e+02 3.680582e+02
43t 3.757346e+02 3.101078e+02 3.517344e+02 4.789947e+02 5.121386e+02
44t 9.313122e+02 9.309550e+02 9.386608e+02 9.338246e+02 9.245732e+02
45t 9.245483e+02 9.283992e+02 9.260549e+02 9.795021e+02 9.219538e+02
46t 9.321207e+02 9.364386e+02 9.331281e+02 1.033340e+03 9.217262e+02
47t 1.028116e+03 5.386065e+02 1.025678e+03 1.201839e+03 1.229014e+03
48t 9.444184e+02 9.794580e+02 9.854684e+02 1.141879e+03 1.406868e+03
49t 1.024892e+03 5.549206e+02 1.021407e+03 1.184279e+03 1.230795e+03
50t 8.917874e+02 9.437874e+02 8.870319e+02 9.864673e+02 1.352112e+03
              41           42           43           44           45
1t  1.291100e+00 1.790052e+00 7.271143e-01 1.345769e+00 1.599751e+00
2t  9.157715e+06 3.082678e+07 2.325594e+06 1.578884e+07 2.129110e+07
3t  2.249360e+06 3.256538e+06 9.440188e+05 2.262508e+06 2.144024e+06
4t  1.027222e+05 1.114595e+05 7.307004e+04 9.209704e+04 9.797411e+04
5t  3.672818e+01 1.319308e+01 7.202820e+00 4.583369e+01 1.400486e+01
6t  3.826852e+01 5.487572e+02 3.722550e+00 3.444754e+02 2.923474e+02
7t  4.055295e+03 3.595218e+03 3.698327e+04 6.101870e+03 3.389865e+03
8t  6.195037e+00 6.870845e+00 1.574662e+02 6.394937e+00 7.290739e+00
9t  2.791232e+02 2.456834e+02 3.830813e+02 2.815786e+02 2.612017e+02
10t 2.790921e+01 3.179963e+01 2.421283e+01 3.194779e+01 3.114681e+01
11t 3.074199e+02 2.472810e+02 3.887674e+02 2.544543e+02 2.762878e+02
12t 2.285205e+02 4.520207e+02 1.454612e+02 1.126620e+04 2.303945e+02
13t 2.000081e+01 1.797395e+00 2.034248e+01 1.634274e+00 1.735313e+00
14t 2.111814e+01 2.103190e+01 2.090560e+01 2.100673e+01 2.111789e+01
15t 1.849008e+02 2.553304e+02 9.078375e+02 6.290701e+02 7.677611e+02
16t 4.772133e+01 4.874433e+01 4.790411e+01 8.762229e+01 9.910958e+01
17t 1.624486e-01 9.164256e-01 2.323858e-02 3.794652e+00 1.883113e-01
18t 9.690730e-01 1.021901e+00 7.811124e-01 9.725504e-01 1.000235e+00
19t 5.122167e+02 4.417208e+02 1.808034e+03 4.564039e+02 4.439347e+02
20t 2.974781e+02 2.566923e+02 6.542785e+02 3.078272e+02 3.089942e+02
21t 2.748488e+04 2.751999e+04 3.047849e+04 2.721864e+04 2.803688e+04
22t 2.854448e+04 2.797849e+04 3.008919e+04 2.825067e+04 2.726757e+04
23t 5.005533e+01 4.100928e+01 8.271068e+01 4.824961e+01 4.082451e+01
24t 6.071667e-01 9.908985e-01 1.621879e+00 1.006612e+00 7.819958e-01
25t 9.655435e-01 5.645301e-01 5.251001e-01 6.725115e-01 5.431447e-01
26t 3.723659e-01 3.052283e-01 2.252111e-01 8.392987e-01 3.194913e-01
27t 1.287482e+02 6.160431e+01 7.920816e+01 7.043939e+01 8.017800e+01
28t 2.684806e+02 2.740485e+02 1.910581e+02 3.536607e+02 2.697620e+02
29t 3.195293e+02 2.750555e+02 6.297876e+02 3.034401e+02 2.838491e+02
30t 1.461286e+01 1.288161e+01 1.902327e+01 1.085096e+01 1.113169e+01
31t 2.550957e+02 1.437736e+02 1.866553e+02 1.682347e+02 1.741301e+02
32t 3.300762e+02 3.441787e+02 4.906013e+02 6.884935e+02 3.159139e+02
33t 1.168346e+02 9.751749e+01 2.171999e+02 1.012326e+02 1.102713e+02
34t 3.075369e+01 2.574673e+01 3.792193e+01 2.779961e+01 2.684902e+01
35t 1.283692e+04 1.256460e+04 1.421158e+04 1.261766e+04 1.245529e+04
36t 2.129343e+05 2.497856e+05 1.428149e+05 1.937820e+05 2.088492e+05
37t 6.278385e+01 6.126362e+01 6.681522e+01 5.758952e+01 6.080700e+01
38t 3.609261e+05 2.537141e+05 1.953666e+05 1.856988e+05 3.097416e+05
39t 6.499921e+00 1.030980e+01 5.744785e+00 7.390506e+00 7.004248e+00
40t 6.903100e+01 2.368054e+01 7.588385e+01 6.873256e+01 4.252622e+01
41t 4.558276e+02 4.504849e+02 5.430607e+02 4.496550e+02 4.511856e+02
42t 2.930927e+02 2.794175e+02 4.267462e+02 2.808215e+02 2.987779e+02
43t 3.676623e+02 3.522954e+02 5.087298e+02 3.255104e+02 3.357652e+02
44t 9.444543e+02 9.248984e+02 1.026060e+03 9.327093e+02 9.340071e+02
45t 9.493973e+02 9.255154e+02 1.038546e+03 9.398827e+02 9.252450e+02
46t 9.470038e+02 9.284473e+02 1.094132e+03 9.322130e+02 9.220065e+02
47t 5.511021e+02 1.020889e+03 5.285040e+02 1.027737e+03 5.593280e+02
48t 1.031809e+03 9.220100e+02 1.526214e+03 1.002146e+03 9.335090e+02
49t 5.660280e+02 1.023322e+03 1.212307e+03 1.026551e+03 1.015329e+03
50t 9.047723e+02 9.065615e+02 1.319006e+03 9.612983e+02 9.015059e+02
              46           47           48           49           50
1t  1.388780e+00 3.171089e+00 6.420484e-01 1.915477e+00 2.494470e+00
2t  8.648009e+06 3.043764e+07 8.356927e+06 7.711253e+06 1.239930e+07
3t  2.038906e+06 6.418836e+06 1.296637e+06 3.132739e+06 4.041848e+06
4t  1.357017e+05 1.124216e+05 1.423979e+05 1.003491e+05 1.055271e+05
5t  5.690176e+01 3.466785e+00 4.915254e+01 9.852614e+00 7.665523e+00
6t  3.279924e+02 6.387000e+02 1.314456e+02 4.933956e+01 2.398659e+02
7t  8.096662e+03 3.263349e+03 5.577197e+03 4.446176e+03 3.398415e+03
8t  6.350597e+00 9.254562e+00 4.782110e+00 7.462297e+00 8.522895e+00
9t  3.471955e+02 1.434172e+02 2.805318e+02 2.211527e+02 1.639699e+02
10t 3.035479e+01 3.771937e+01 2.342521e+01 3.344940e+01 3.555333e+01
11t 3.427596e+02 1.960027e+02 2.806372e+02 2.539819e+02 1.972643e+02
12t 2.918194e+04 2.207118e+02 1.946115e+04 2.121920e+02 3.143240e+02
13t 2.009282e+01 2.155846e+00 1.914472e+01 1.819503e+00 2.109817e+00
14t 2.117565e+01 2.120868e+01 2.085260e+01 2.116043e+01 2.112661e+01
15t 2.142953e+02 5.404173e+02 1.257272e+02 2.384340e+02 4.253879e+03
16t 4.930361e+01 5.180456e+01 7.211870e+01 4.493252e+01 4.936478e+01
17t 7.542468e+01 1.118436e+00 1.035025e+01 1.002598e-01 4.248599e-01
18t 9.721568e-01 1.058139e+00 8.600434e-01 9.535377e-01 1.027012e+00
19t 1.226995e+03 4.174017e+02 5.271799e+02 4.420205e+02 3.970996e+02
20t 5.474359e+02 1.769340e+02 3.579142e+02 2.772884e+02 1.489013e+02
21t 3.366507e+04 2.685075e+04 2.799880e+04 2.737570e+04 2.628739e+04
22t 3.567984e+04 2.777335e+04 2.802396e+04 2.849585e+04 2.774359e+04
23t 5.443004e+01 3.708730e+01 5.143335e+01 4.382588e+01 4.329446e+01
24t 3.116657e+00 8.741661e-01 1.200003e+00 9.234337e-01 5.015409e-01
25t 6.022863e-01 4.413683e-01 7.978201e-01 7.603003e-01 5.913855e-01
26t 2.780402e-01 2.682372e-01 3.384709e-01 2.719271e-01 3.162992e-01
27t 5.550675e+01 7.193173e+01 9.084855e+01 1.200367e+02 9.974450e+01
28t 1.919570e+02 3.895842e+02 1.925452e+02 2.917750e+02 3.073553e+02
29t 4.049185e+02 2.829732e+02 3.696009e+02 3.064848e+02 2.713067e+02
30t 1.382941e+01 1.530233e+01 9.982897e+00 1.529422e+01 1.594237e+01
31t 1.253504e+02 1.608651e+02 1.806353e+02 2.407515e+02 1.541149e+02
32t 2.461874e+02 4.052941e+02 4.713482e+02 3.327944e+02 2.959873e+02
33t 1.254565e+02 1.108160e+02 1.167662e+02 1.019892e+02 9.921666e+01
34t 2.613066e+01 3.219433e+01 1.936029e+01 2.805761e+01 2.926511e+01
35t 1.334541e+04 1.238186e+04 1.348802e+04 1.265524e+04 1.247924e+04
36t 2.946794e+05 3.366836e+05 1.419636e+05 2.787673e+05 3.112814e+05
37t 6.285078e+01 6.071457e+01 5.743481e+01 6.214173e+01 5.830144e+01
38t 1.735126e+05 3.345815e+05 2.770904e+05 3.572612e+05 3.218511e+05
39t 5.021287e+00 6.948831e+00 7.271601e+00 5.972404e+00 5.425484e+00
40t 4.859591e+02 2.569466e+01 2.061098e+02 3.734226e+01 1.952542e+01
41t 4.490858e+02 4.563988e+02 4.463246e+02 4.031143e+02 4.535834e+02
42t 3.599989e+02 2.840319e+02 3.925331e+02 3.034544e+02 2.919489e+02
43t 3.905570e+02 3.186155e+02 3.638262e+02 3.216809e+02 3.094182e+02
44t 1.007895e+03 9.228269e+02 9.425214e+02 9.345713e+02 9.270927e+02
45t 9.562036e+02 9.232119e+02 9.291667e+02 9.319797e+02 9.245269e+02
46t 9.539195e+02 9.244106e+02 9.297286e+02 9.311407e+02 9.203230e+02
47t 5.501500e+02 1.022257e+03 5.276130e+02 1.018278e+03 1.021550e+03
48t 1.114136e+03 9.242687e+02 1.054589e+03 9.941839e+02 9.665566e+02
49t 5.831092e+02 1.020830e+03 5.476958e+02 5.865538e+02 1.018715e+03
50t 1.202759e+03 8.814029e+02 1.163214e+03 8.983739e+02 8.867635e+02
              51           52           53           54           55
1t  1.174476e+00 1.083752e+00 9.037984e-01 1.766855e+00 7.719659e-01
2t  1.252116e+07 1.088780e+07 7.589512e+06 6.937630e+06 3.828853e+06
3t  1.966633e+06 1.641818e+06 1.411513e+06 2.364226e+06 1.250475e+06
4t  9.797778e+04 1.302069e+05 1.189745e+05 1.428053e+05 1.433729e+05
5t  3.448843e+01 4.005151e+01 3.550316e+01 2.930583e+01 5.166725e+01
6t  1.254142e+02 1.308561e+02 8.863450e+00 1.550105e+02 1.279927e+01
7t  4.391377e+03 3.399836e+03 5.493533e+03 7.012156e+03 1.877393e+04
8t  6.511478e+00 5.535205e+00 5.361320e+00 6.895798e+00 4.729737e+00
9t  2.891011e+02 2.525574e+02 3.103291e+02 2.748960e+02 3.855835e+02
10t 2.972913e+01 2.597708e+01 2.659819e+01 3.005188e+01 2.246116e+01
11t 2.731917e+02 2.495053e+02 2.754580e+02 2.788237e+02 3.780805e+02
12t 3.876601e+02 1.630155e+04 5.603442e+03 5.538596e+03 2.087161e+04
13t 1.635633e+00 1.296857e+00 1.999386e+01 1.788123e+00 2.056710e+01
14t 2.095947e+01 2.101423e+01 2.093853e+01 2.109025e+01 2.109598e+01
15t 1.983781e+02 1.628522e+02 1.286059e+02 6.827285e+02 3.785019e+02
16t 4.859860e+01 5.808275e+01 4.810770e+01 4.883017e+01 1.028899e+02
17t 1.136798e-01 4.596198e-02 2.378464e-01 5.851430e-02 4.948450e+02
18t 9.818298e-01 9.181410e-01 8.716571e-01 9.711051e-01 7.987707e-01
19t 4.572539e+02 4.888175e+02 5.750123e+02 5.667788e+02 2.683009e+03
20t 3.735918e+02 3.314296e+02 4.167752e+02 4.471420e+02 7.157702e+02
21t 2.729243e+04 2.831702e+04 2.870841e+04 3.052968e+04 3.413919e+04
22t 2.710807e+04 2.732610e+04 2.837763e+04 3.351903e+04 3.524087e+04
23t 4.970180e+01 5.428363e+01 5.613841e+01 5.264421e+01 7.763009e+01
24t 7.119566e-01 7.029565e-01 8.272370e-01 1.724786e+00 2.662193e+00
25t 6.121640e-01 6.934581e-01 7.880991e-01 5.173788e-01 6.115921e-01
26t 2.870423e-01 3.488590e-01 3.041149e-01 3.435504e-01 2.625628e-01
27t 9.528095e+01 8.868129e+01 8.989031e+01 7.221482e+01 5.509261e+01
28t 2.615281e+02 2.162383e+02 2.410212e+02 2.052561e+02 1.483619e+02
29t 2.815509e+02 3.134045e+02 3.462753e+02 3.587933e+02 4.292634e+02
30t 1.350539e+01 9.787995e+00 9.584327e+00 1.373305e+01 1.419443e+01
31t 1.860149e+02 1.587602e+02 2.104794e+02 1.741403e+02 1.001008e+02
32t 3.392383e+02 5.428843e+02 6.602380e+02 2.685096e+02 3.266602e+02
33t 9.858900e+01 9.664076e+01 1.101220e+02 1.150014e+02 1.571783e+02
34t 2.487052e+01 2.455726e+01 3.757729e+01 2.748787e+01 3.103959e+01
35t 1.254749e+04 1.297742e+04 1.350144e+04 1.273771e+04 1.470266e+04
36t 1.846230e+05 2.001860e+05 1.803179e+05 2.537228e+05 1.600630e+05
37t 5.778669e+01 6.081234e+01 5.750394e+01 5.799621e+01 6.713958e+01
38t 2.459542e+05 3.327622e+05 4.549067e+05 1.585763e+05 1.378743e+05
39t 6.168519e+00 4.955882e+00 7.551434e+00 5.244940e+00 5.361655e+00
40t 4.794848e+01 5.911457e+01 8.572086e+01 7.425180e+01 8.861870e+02
41t 4.500943e+02 4.482643e+02 5.493433e+02 4.510001e+02 8.468166e+02
42t 2.689407e+02 3.241210e+02 3.317081e+02 2.939428e+02 4.269927e+02
43t 3.347199e+02 3.144199e+02 3.912666e+02 3.830284e+02 4.089697e+02
44t 9.408394e+02 9.347346e+02 9.345763e+02 9.335633e+02 9.292482e+02
45t 9.286156e+02 9.292461e+02 9.947958e+02 9.916437e+02 9.278463e+02
46t 9.234119e+02 9.212716e+02 9.360882e+02 9.324582e+02 9.316490e+02
47t 5.512662e+02 1.024363e+03 8.926169e+02 5.575063e+02 1.205758e+03
48t 9.806741e+02 9.914740e+02 1.043107e+03 9.758429e+02 1.418491e+03
49t 1.023028e+03 5.583080e+02 5.581496e+02 5.742587e+02 1.202489e+03
50t 9.160785e+02 9.212895e+02 1.004634e+03 3.291344e+02 1.275507e+03
              56           57           58           59           60
1t  1.686641e+00 9.987427e-01 1.982585e+00 7.076214e-01 7.202078e-01
2t  9.697418e+06 1.064441e+07 1.135854e+07 3.539010e+06 4.208684e+06
3t  2.565448e+06 1.631135e+06 2.805593e+06 1.109774e+06 9.790815e+05
4t  1.271121e+05 1.087073e+05 7.026554e+04 8.816319e+04 1.341032e+05
5t  2.066555e+01 3.939981e+01 1.246921e+01 3.028819e+01 5.023820e+01
6t  2.230996e+02 1.850778e+02 1.348683e+02 2.250233e+00 7.423760e+00
7t  4.779421e+03 5.297992e+03 4.941933e+03 1.132131e+04 1.582344e+04
8t  6.478503e+00 5.397720e+00 7.244325e+00 4.997614e+00 4.660722e+00
9t  2.760686e+02 2.909644e+02 2.745482e+02 3.130916e+02 3.782324e+02
10t 3.154159e+01 2.708269e+01 3.232310e+01 2.242595e+01 2.106984e+01
11t 2.588944e+02 2.773000e+02 2.519577e+02 3.011987e+02 3.908808e+02
12t 7.665452e+02 1.631976e+04 3.881559e+02 8.262019e+03 1.859191e+04
13t 1.536847e+00 1.257283e+00 1.890666e+00 1.969232e+01 2.051976e+01
14t 2.105603e+01 2.100181e+01 2.104991e+01 2.084732e+01 2.107129e+01
15t 2.423014e+02 1.440241e+02 2.649223e+02 4.040902e+02 2.877856e+02
16t 4.860362e+01 1.033108e+02 4.914142e+01 9.953783e+01 1.019202e+02
17t 4.706678e-01 1.991796e+00 1.775213e-01 2.653750e-02 4.301373e+02
18t 9.889170e-01 8.391723e-01 9.878741e-01 7.749079e-01 7.633055e-01
19t 4.804921e+02 5.526447e+02 3.895666e+02 1.980265e+03 2.686075e+03
20t 3.112290e+02 3.242295e+02 2.892760e+02 3.936500e+02 7.802053e+02
21t 2.762861e+04 2.828630e+04 2.781600e+04 2.898110e+04 3.610704e+04
22t 2.758394e+04 2.764417e+04 2.791414e+04 2.986147e+04 3.565667e+04
23t 4.415357e+01 4.801750e+01 3.832023e+01 6.121547e+01 6.400129e+01
24t 8.859513e-01 5.634398e-01 6.938951e-01 1.092025e+00 3.317124e+00
25t 6.211182e-01 6.978375e-01 5.534347e-01 6.481847e-01 6.733270e-01
26t 3.483121e-01 3.341143e-01 3.254582e-01 3.602958e-01 2.465845e-01
27t 6.905251e+01 9.322757e+01 8.105741e+01 1.667513e+02 5.959874e+01
28t 2.743581e+02 2.032449e+02 2.751924e+02 2.282626e+02 1.460529e+02
29t 2.725213e+02 3.306177e+02 2.426636e+02 3.715809e+02 3.953244e+02
30t 1.366277e+01 1.119102e+01 1.386203e+01 1.512320e+01 1.429152e+01
31t 2.092717e+02 1.968333e+02 2.013542e+02 2.884596e+02 1.234486e+02
32t 3.033938e+02 3.231423e+02 3.590608e+02 3.493777e+02 1.884388e+02
33t 9.989038e+01 1.061348e+02 1.106910e+02 1.554860e+02 1.597284e+02
34t 2.723989e+01 2.551472e+01 2.737132e+01 3.345812e+01 3.170653e+01
35t 1.282660e+04 1.285730e+04 1.285489e+04 1.379787e+04 1.480918e+04
36t 2.272514e+05 1.421588e+05 2.151532e+05 2.463275e+05 1.137335e+05
37t 5.847186e+01 5.795404e+01 5.944945e+01 5.206414e+01 6.528566e+01
38t 1.958260e+05 1.703999e+05 2.691339e+05 3.081145e+05 1.344074e+05
39t 6.308030e+00 5.767860e+00 5.915722e+00 6.856855e+00 5.232032e+00
40t 3.870034e+01 6.411020e+01 2.330568e+01 1.221495e+02 8.582672e+02
41t 4.499322e+02 5.480980e+02 4.507110e+02 9.092378e+02 7.096490e+02
42t 3.075887e+02 2.996400e+02 2.764649e+02 4.268905e+02 4.264750e+02
43t 3.034284e+02 3.885856e+02 3.651611e+02 4.629131e+02 4.151118e+02
44t 9.320097e+02 9.331053e+02 9.268262e+02 1.088062e+03 9.271792e+02
45t 9.321274e+02 9.338295e+02 9.292340e+02 1.006536e+03 9.226466e+02
46t 9.374803e+02 9.299453e+02 9.272089e+02 1.167351e+03 9.252725e+02
47t 1.027507e+03 5.322949e+02 1.024953e+03 5.248249e+02 1.217455e+03
48t 9.885358e+02 1.024154e+03 9.440173e+02 1.220897e+03 1.276465e+03
49t 1.027337e+03 9.112298e+02 1.028214e+03 1.206427e+03 1.218684e+03
50t 9.349382e+02 1.075816e+03 9.179556e+02 1.249301e+03 1.288612e+03
              61           62           63           64           65
1t  9.135634e-01 1.542367e+00 1.039844e+00 1.425411e+00 1.680425e+00
2t  8.830137e+06 8.933175e+06 1.188674e+07 1.469122e+07 2.183619e+07
3t  1.452682e+06 1.858514e+06 1.657012e+06 2.197777e+06 2.714342e+06
4t  1.379937e+05 1.128266e+05 1.221525e+05 1.016243e+05 1.051569e+05
5t  4.745558e+01 8.848820e+00 2.813156e+01 4.695100e+01 1.052443e+01
6t  1.004321e+02 1.876952e+02 2.196302e+02 3.700508e+02 4.623435e+02
7t  8.554630e+03 2.596781e+03 4.199882e+03 7.774096e+03 3.513224e+03
8t  5.186922e+00 6.103411e+00 5.503678e+00 6.585340e+00 6.699287e+00
9t  3.150763e+02 2.653941e+02 2.826504e+02 2.993964e+02 2.327411e+02
10t 2.605450e+01 2.935632e+01 2.671319e+01 3.188415e+01 3.116443e+01
11t 3.248798e+02 2.780364e+02 2.964113e+02 2.820496e+02 2.398265e+02
12t 2.979365e+04 1.164935e+04 8.344977e+03 2.271529e+04 2.717112e+02
13t 1.981702e+01 1.505040e+00 1.433234e+00 1.762683e+01 1.843533e+00
14t 2.099087e+01 2.101918e+01 2.110278e+01 2.096041e+01 2.109039e+01
15t 1.544507e+02 2.152635e+02 2.033914e+02 1.868267e+04 4.797092e+02
16t 9.866944e+01 4.924520e+01 4.924032e+01 1.010489e+02 4.924682e+01
17t 1.321669e+01 9.542082e-02 9.423971e-01 2.766835e+00 4.951222e-01
18t 8.582012e-01 9.234264e-01 9.501345e-01 9.825608e-01 9.773022e-01
19t 6.378487e+02 4.523008e+02 5.067985e+02 5.814034e+02 3.678444e+02
20t 4.593699e+02 2.579853e+02 2.831808e+02 4.110869e+02 2.442867e+02
21t 2.841620e+04 2.766630e+04 2.745473e+04 2.657735e+04 2.751068e+04
22t 2.828027e+04 2.781434e+04 2.752891e+04 2.736609e+04 2.723227e+04
23t 6.045584e+01 4.612680e+01 5.053256e+01 5.040610e+01 4.267709e+01
24t 1.421306e+00 7.499051e-01 8.371965e-01 6.237120e-01 5.103368e-01
25t 7.604894e-01 4.924519e-01 7.622284e-01 6.889148e-01 5.387388e-01
26t 4.098333e-01 3.892845e-01 3.702001e-01 3.571460e-01 3.316671e-01
27t 9.204724e+01 7.891952e+01 7.242472e+01 1.194633e+02 5.778522e+01
28t 2.154358e+02 2.347936e+02 2.354951e+02 2.469435e+02 2.267680e+02
29t 3.851222e+02 2.893898e+02 2.742537e+02 2.465939e+02 3.164611e+02
30t 1.250166e+01 1.106174e+01 9.831948e+00 1.741491e+01 1.080281e+01
31t 2.214397e+02 1.698085e+02 1.914007e+02 2.261822e+02 1.692904e+02
32t 3.278716e+02 3.131598e+02 3.381534e+02 3.300477e+02 3.562670e+02
33t 1.450502e+02 1.169835e+02 1.210312e+02 1.387712e+02 1.089559e+02
34t 2.422927e+01 2.556690e+01 2.270938e+01 3.110620e+01 2.513128e+01
35t 1.376596e+04 1.244098e+04 1.243757e+04 1.272160e+04 1.248129e+04
36t 1.507666e+05 2.420235e+05 1.361818e+05 1.445908e+05 2.472550e+05
37t 6.290085e+01 6.097987e+01 6.028978e+01 5.781666e+01 5.770883e+01
38t 2.140453e+05 2.998084e+05 1.496139e+05 2.415605e+05 2.585444e+05
39t 7.563705e+00 5.609049e+00 6.441893e+00 7.031094e+00 6.237798e+00
40t 3.042964e+02 4.598722e+01 8.116968e+01 5.783356e+01 2.636907e+01
41t 4.465288e+02 4.492282e+02 4.481250e+02 4.492104e+02 4.510110e+02
42t 3.113569e+02 3.303864e+02 3.277251e+02 2.905005e+02 3.087602e+02
43t 4.674113e+02 3.184150e+02 3.353895e+02 3.466122e+02 3.255762e+02
44t 9.409490e+02 9.333150e+02 9.300558e+02 9.368028e+02 9.273016e+02
45t 9.348195e+02 9.243543e+02 9.403629e+02 9.296650e+02 9.248479e+02
46t 9.325105e+02 9.218733e+02 9.445533e+02 9.312047e+02 9.225203e+02
47t 5.326539e+02 1.022372e+03 5.467738e+02 9.022268e+02 1.017288e+03
48t 1.067518e+03 9.828686e+02 9.985467e+02 9.967637e+02 9.580533e+02
49t 1.191657e+03 1.021281e+03 5.582696e+02 1.194889e+03 1.018151e+03
50t 1.047308e+03 9.157003e+02 9.407355e+02 9.611668e+02 8.951370e+02
              66           67           68           69           70
1t  1.680435e+00 1.864809e+00 3.037399e+00 8.861010e-01 1.155035e+00
2t  2.487512e+07 2.510040e+07 9.670493e+06 5.503017e+06 1.058654e+07
3t  2.548751e+06 3.283825e+06 4.410659e+06 1.411844e+06 1.997847e+06
4t  1.254253e+05 9.979233e+04 1.153163e+05 1.176523e+05 1.249439e+05
5t  4.977446e+01 3.290949e+00 2.132315e+01 3.206688e+01 2.850549e+01
6t  4.590637e+02 2.028694e+02 2.751133e+02 4.808960e+00 1.544658e+02
7t  7.308973e+03 2.699692e+03 4.799926e+03 1.488216e+04 4.721896e+03
8t  5.645508e+00 7.245486e+00 9.386303e+00 5.258851e+00 5.798779e+00
9t  2.810530e+02 2.368310e+02 2.122466e+02 3.341564e+02 2.250946e+02
10t 2.614400e+01 3.059901e+01 3.695783e+01 2.653068e+01 2.723024e+01
11t 2.954444e+02 2.732018e+02 2.376420e+02 3.020703e+02 2.964103e+02
12t 2.541020e+04 2.076657e+02 2.585725e+03 1.836812e+04 2.491555e+02
13t 1.978072e+01 1.851874e+00 2.286617e+00 1.953871e+01 1.457812e+00
14t 2.115333e+01 2.094517e+01 2.121581e+01 2.097840e+01 2.108607e+01
15t 5.836352e+04 6.070095e+02 3.181755e+02 1.423356e+02 1.909231e+02
16t 4.826277e+01 5.042595e+01 4.934333e+01 4.927087e+01 4.823852e+01
17t 9.759486e+00 1.646902e+00 9.466171e-02 2.891638e+02 7.482830e-02
18t 1.051345e+00 1.013926e+00 1.043327e+00 8.470616e-01 9.335931e-01
19t 5.822224e+02 3.896260e+02 4.087143e+02 1.893019e+03 5.024842e+02
20t 4.100709e+02 3.005899e+02 3.264929e+02 3.838552e+02 2.628039e+02
21t 2.816138e+04 2.750150e+04 2.999984e+04 2.887164e+04 2.840638e+04
22t 2.775707e+04 2.842260e+04 3.273288e+04 3.108133e+04 2.777813e+04
23t 5.245970e+01 4.874914e+01 3.491907e+01 5.722597e+01 4.893786e+01
24t 1.244765e+00 1.003529e+00 3.201432e+00 1.223380e+00 1.092743e+00
25t 7.530705e-01 5.276293e-01 4.556536e-01 5.818267e-01 6.030995e-01
26t 8.836457e-01 2.904257e-01 2.721174e-01 3.901084e-01 3.320081e-01
27t 1.003927e+02 9.181821e+01 4.095153e+01 1.194605e+02 7.156233e+01
28t 1.060812e+03 2.768932e+02 3.241752e+02 2.410624e+02 2.830073e+02
29t 3.555899e+02 2.600898e+02 3.033231e+02 3.780007e+02 2.219158e+02
30t 1.195141e+01 1.232219e+01 1.566922e+01 1.833875e+01 1.311320e+01
31t 1.994016e+02 2.021283e+02 1.373323e+02 2.344538e+02 1.738096e+02
32t 3.009029e+02 3.541341e+02 3.164430e+02 3.805326e+02 3.071962e+02
33t 1.115468e+02 1.137003e+02 1.108994e+02 1.698944e+02 1.158164e+02
34t 2.591113e+01 2.529421e+01 3.238555e+01 2.934909e+01 2.383809e+01
35t 1.285374e+04 1.272359e+04 1.255876e+04 1.375909e+04 1.270057e+04
36t 1.690736e+05 2.042777e+05 2.611069e+05 2.212531e+05 1.953370e+05
37t 6.040969e+01 6.118918e+01 6.132786e+01 5.300255e+01 6.162045e+01
38t 1.537976e+05 3.049855e+05 2.003650e+05 3.484141e+05 2.273603e+05
39t 8.517772e+00 5.773474e+00 6.281221e+00 8.677204e+00 6.306024e+00
40t 1.340516e+02 2.021010e+01 3.235201e+01 1.126920e+02 7.697168e+01
41t 4.047101e+02 4.655863e+02 4.548940e+02 6.521418e+02 4.490232e+02
42t 2.727401e+02 3.199968e+02 2.790158e+02 4.537986e+02 2.832234e+02
43t 3.746220e+02 3.115926e+02 2.958159e+02 4.764199e+02 4.229679e+02
44t 9.414478e+02 9.252793e+02 9.317061e+02 1.086779e+03 9.355915e+02
45t 9.402098e+02 9.262348e+02 9.322877e+02 1.022467e+03 9.373700e+02
46t 9.456392e+02 9.233877e+02 9.227200e+02 9.580521e+02 9.461507e+02
47t 5.522383e+02 5.676472e+02 6.027904e+02 1.213301e+03 5.502784e+02
48t 9.855203e+02 9.243772e+02 9.630589e+02 1.234565e+03 9.757932e+02
49t 5.669215e+02 1.023841e+03 6.196987e+02 5.513151e+02 5.701289e+02
50t 9.439377e+02 8.897583e+02 3.861627e+02 1.238005e+03 9.040624e+02
              71           72           73           74           75
1t  1.090329e+00 7.826949e-01 9.182545e-01 1.217857e+00 1.149694e+00
2t  1.059346e+07 6.674477e+06 1.802189e+07 9.055906e+06 1.113806e+07
3t  1.760247e+06 1.303671e+06 1.632978e+06 2.019290e+06 1.803799e+06
4t  1.174630e+05 1.123190e+05 1.356927e+05 1.314559e+05 1.227170e+05
5t  4.640334e+01 2.357733e+01 3.097220e+01 4.338148e+01 4.701663e+01
6t  4.230559e+01 6.314483e+00 4.429945e+02 3.583896e+02 4.101290e+02
7t  6.720506e+03 6.451903e+03 4.004288e+03 5.201912e+03 5.138189e+03
8t  5.866976e+00 5.147501e+00 5.451907e+00 6.091537e+00 5.398423e+00
9t  2.650572e+02 2.849668e+02 2.802789e+02 2.750577e+02 2.873942e+02
10t 2.735239e+01 2.370200e+01 2.657524e+01 2.867018e+01 2.662573e+01
11t 3.026467e+02 3.053821e+02 2.921058e+02 3.063377e+02 2.753353e+02
12t 1.148519e+04 8.157513e+03 1.493692e+04 1.421112e+04 1.418758e+04
13t 2.004923e+01 1.977375e+01 1.187671e+00 1.986476e+01 1.378481e+00
14t 2.086265e+01 2.111413e+01 2.105654e+01 2.113784e+01 2.101371e+01
15t 1.704641e+02 1.331991e+02 1.775057e+02 1.805724e+02 3.697723e+02
16t 4.859850e+01 4.918108e+01 9.360089e+01 4.924335e+01 9.265378e+01
17t 1.313084e-01 2.096620e-01 6.028757e-02 5.091321e-02 1.343545e+00
18t 9.125428e-01 8.292343e-01 8.668997e-01 9.074415e-01 9.542337e-01
19t 5.755384e+02 6.387102e+02 5.663828e+02 5.665607e+02 5.869263e+02
20t 3.662229e+02 3.658539e+02 2.438008e+02 4.292931e+02 2.826902e+02
21t 2.734514e+04 2.829405e+04 2.794684e+04 3.358782e+04 2.709809e+04
22t 2.770193e+04 2.847916e+04 2.790395e+04 3.361201e+04 2.746577e+04
23t 5.377616e+01 5.572102e+01 5.531247e+01 5.585842e+01 4.654394e+01
24t 5.668967e-01 5.491557e-01 6.970880e-01 3.619701e+00 8.348973e-01
25t 8.400219e-01 9.117990e-01 6.285893e-01 5.796450e-01 5.879272e-01
26t 3.586273e-01 2.827630e-01 3.618821e-01 3.158239e-01 2.886904e-01
27t 6.463354e+01 1.018623e+02 6.732808e+01 6.509853e+01 6.224642e+01
28t 2.400133e+02 2.477636e+02 2.195896e+02 2.322086e+02 2.438570e+02
29t 3.382690e+02 3.507812e+02 3.233544e+02 3.946051e+02 3.087458e+02
30t 1.158238e+01 1.254038e+01 1.276174e+01 1.340565e+01 1.063935e+01
31t 1.873087e+02 2.591814e+02 1.831462e+02 1.483206e+02 1.667462e+02
32t 2.942003e+02 2.697015e+02 3.490049e+02 2.688564e+02 3.294971e+02
33t 1.052187e+02 1.216651e+02 1.097465e+02 1.080689e+02 1.153255e+02
34t 2.865919e+01 3.648442e+01 2.507192e+01 2.857729e+01 2.225049e+01
35t 1.300691e+04 1.317779e+04 1.286733e+04 1.271627e+04 1.266501e+04
36t 1.758412e+05 2.507271e+05 1.684303e+05 1.805302e+05 1.497498e+05
37t 5.452088e+01 6.285718e+01 5.847238e+01 6.181862e+01 5.713586e+01
38t 2.779194e+05 3.114543e+05 2.383314e+05 1.736730e+05 2.699247e+05
39t 5.513008e+00 6.346851e+00 6.262266e+00 6.957097e+00 8.051107e+00
40t 6.153912e+01 6.823948e+01 7.511593e+01 1.520564e+02 9.271541e+01
41t 4.923136e+02 5.851471e+02 4.470361e+02 4.498366e+02 4.463087e+02
42t 2.778938e+02 3.365303e+02 3.434685e+02 3.410190e+02 3.047563e+02
43t 3.245223e+02 4.026900e+02 3.728766e+02 3.816975e+02 3.679184e+02
44t 9.361009e+02 9.304591e+02 9.328172e+02 9.204153e+02 9.320251e+02
45t 9.331579e+02 1.022190e+03 9.295203e+02 9.321256e+02 9.364906e+02
46t 9.293351e+02 9.287054e+02 9.254091e+02 9.524271e+02 9.310452e+02
47t 5.342520e+02 8.947586e+02 5.373658e+02 5.503405e+02 5.380050e+02
48t 1.030765e+03 1.063914e+03 9.830655e+02 1.009015e+03 1.013428e+03
49t 5.548634e+02 5.561763e+02 5.522497e+02 5.647434e+02 5.505931e+02
50t 9.033447e+02 9.458983e+02 9.468630e+02 1.164722e+03 9.633127e+02
              76           77           78           79           80
1t  1.533839e+00 1.268611e+00 1.862329e+00 8.008178e-01 1.346813e+00
2t  2.623333e+07 8.802215e+06 1.699232e+07 2.675332e+06 1.239458e+07
3t  2.332991e+06 2.103999e+06 3.188476e+06 1.330339e+06 2.002589e+06
4t  1.009449e+05 1.184386e+05 1.189657e+05 1.329337e+05 1.450993e+05
5t  1.417148e+01 3.717048e+01 1.971203e+01 2.895140e+01 4.393552e+01
6t  2.651476e+02 1.157144e+02 6.381689e+02 4.554111e+00 6.387291e+02
7t  3.865077e+03 3.938509e+03 3.381589e+03 8.546349e+03 6.974848e+03
8t  6.974650e+00 6.412330e+00 7.580105e+00 5.190091e+00 6.377663e+00
9t  2.894415e+02 3.034456e+02 2.601374e+02 3.002418e+02 3.126553e+02
10t 3.143390e+01 2.876911e+01 2.860092e+01 2.528735e+01 2.943065e+01
11t 2.691725e+02 2.947251e+02 2.584449e+02 3.388321e+02 3.050268e+02
12t 2.399586e+02 1.518076e+04 2.547634e+03 1.558680e+04 1.217534e+04
13t 1.747177e+00 2.003828e+01 1.862444e+00 1.980416e+01 1.967693e+01
14t 2.112603e+01 2.098563e+01 2.108425e+01 2.082002e+01 2.116124e+01
15t 2.386338e+03 4.553470e+03 2.710732e+02 1.279570e+02 1.784196e+02
16t 4.855492e+01 6.052445e+01 5.007545e+01 4.895009e+01 4.926999e+01
17t 3.062670e-01 4.552905e+00 7.745411e-01 7.214368e-01 5.177321e-02
18t 9.692206e-01 9.063566e-01 1.028271e+00 7.896325e-01 9.501427e-01
19t 4.038591e+02 5.005424e+02 4.051361e+02 1.299994e+03 6.207505e+02
20t 2.234866e+02 3.405852e+02 2.806520e+02 4.334286e+02 3.768444e+02
21t 2.818368e+04 2.732170e+04 2.817660e+04 3.006766e+04 3.349943e+04
22t 2.758179e+04 2.741181e+04 2.768002e+04 2.723570e+04 3.452382e+04
23t 3.777820e+01 5.371381e+01 3.898994e+01 5.205286e+01 5.435479e+01
24t 6.575468e-01 7.530986e-01 6.895076e-01 4.347738e-01 4.010127e+00
25t 4.104308e-01 7.871662e-01 6.621034e-01 7.274788e-01 6.698646e-01
26t 3.534780e-01 7.166007e-01 3.042171e-01 3.627472e-01 2.649468e-01
27t 8.344731e+01 7.923879e+01 6.412772e+01 1.171283e+02 5.311174e+01
28t 2.246989e+02 2.549424e+02 2.793767e+02 2.235885e+02 2.631247e+02
29t 2.556796e+02 3.062373e+02 2.967324e+02 3.501727e+02 3.856457e+02
30t 9.989035e+00 1.176435e+01 1.310704e+01 2.105510e+01 1.476576e+01
31t 1.756327e+02 1.802236e+02 1.846942e+02 2.642810e+02 1.395815e+02
32t 2.977701e+02 2.836931e+02 3.371757e+02 1.649925e+03 3.020221e+02
33t 1.089416e+02 1.124579e+02 1.124587e+02 1.186250e+02 1.236195e+02
34t 2.966845e+01 2.800229e+01 2.601600e+01 3.335631e+01 2.577501e+01
35t 1.265352e+04 1.307439e+04 1.244884e+04 1.414005e+04 1.278413e+04
36t 1.781273e+05 2.173029e+05 2.692459e+05 1.528263e+05 1.951307e+05
37t 5.874813e+01 5.385319e+01 6.097605e+01 5.523458e+01 6.255208e+01
38t 2.381586e+05 2.334322e+05 1.833019e+05 2.832628e+05 1.688125e+05
39t 6.087136e+00 6.590979e+00 8.308151e+00 6.453854e+00 6.758238e+00
40t 3.923850e+01 6.721469e+01 3.026373e+01 1.288949e+02 1.414247e+02
41t 4.508435e+02 4.488427e+02 4.505305e+02 6.401323e+02 4.490813e+02
42t 2.959354e+02 3.114269e+02 2.734261e+02 4.007620e+02 3.598763e+02
43t 3.761628e+02 3.388895e+02 3.007793e+02 5.036791e+02 4.315570e+02
44t 9.391222e+02 9.257952e+02 9.262100e+02 1.018556e+03 9.504432e+02
45t 9.289218e+02 9.349151e+02 9.273256e+02 1.012551e+03 9.563050e+02
46t 9.229400e+02 9.367033e+02 9.258460e+02 9.632247e+02 9.540333e+02
47t 1.022581e+03 5.473570e+02 1.026024e+03 5.315550e+02 5.460193e+02
48t 9.451661e+02 1.016519e+03 9.503917e+02 1.387442e+03 1.056740e+03
49t 1.021556e+03 5.565529e+02 1.025912e+03 5.499001e+02 5.658095e+02
50t 9.009005e+02 9.698564e+02 9.184233e+02 9.625437e+02 1.193722e+03
# 2026-01-31 19:06:33 -03: Finished testing
