# 2026-01-16 22:31:19 -03: Reading parameter file '/home/pestobar/Activities/irace-executions/ACOTSP/Scenarios/BL/Runs/BL_seed_1600333/parameters.txt'.
# 2026-01-16 22:31:19 -03: 1 expression(s) specifying forbidden configurations read.
# 2026-01-16 22:31:20 -03: Initialization
# Elitist race
# Elitist new instances: 1
# Elitist limit: 2
# nbIterations: 5
# minNbSurvival: 5
# nbParameters: 11
# seed: 1600333
# confidence level: 0.95
# budget: 2750
# mu: 5
# deterministic: FALSE

# 2026-01-16 22:31:20 -03: Iteration 1 of 5
# experimentsUsed: 0
# remainingBudget: 2750
# currentBudget: 550
# nbConfigurations: 91
# Markers:
     x No test is performed.
     c Configurations are discarded only due to capping.
     - The test is performed and some configurations are discarded.
     = The test is performed but no configuration is discarded.
     ! The test is performed and configurations could be discarded but elite configurations are preserved.
     . All alive configurations are elite and nothing is discarded.

+-+-----------+-----------+-----------+----------------+-----------+--------+-----+----+------+
| |   Instance|      Alive|       Best|       Mean best| Exp so far|  W time|  rho|KenW|  Qvar|
+-+-----------+-----------+-----------+----------------+-----------+--------+-----+----+------+
|x|          1|         91|         76|     32906448.00|         91|00:05:18|   NA|  NA|    NA|
|x|          2|         91|         76|     32813179.50|        182|00:04:58|+0.98|0.99|0.0016|
|x|          3|         91|         12|     32784132.33|        273|00:05:20|+0.97|0.98|0.0023|
|x|          4|         91|         47|     32734611.00|        364|00:05:18|+0.97|0.98|0.0019|
|-|          5|          7|         47|     32656890.60|        455|00:04:57|+0.33|0.46|0.5042|
|-|          6|          4|         12|     32643222.50|        462|00:01:01|+0.17|0.31|0.6883|
+-+-----------+-----------+-----------+----------------+-----------+--------+-----+----+------+
Best-so-far configuration:          12    mean value:      32643222.50
Description of the best-so-far configuration:
   .ID. algorithm localsearch alpha beta  rho ants q0 rasrank elitistants nnls
12   12       ras           3  3.07 5.89 0.52   69 NA       7          NA   25
   dlb .PARENT.
12   0       NA

# 2026-01-16 22:58:16 -03: Elite configurations (first number is the configuration ID; listed from best to worst according to the sum of ranks):
   algorithm localsearch alpha beta  rho ants   q0 rasrank elitistants nnls dlb
12       ras           3  3.07 5.89 0.52   69   NA       7          NA   25   0
89       acs           3  3.35 3.62 0.94   30 0.67      NA          NA   31   1
47      mmas           3  2.06 3.54 0.41   53   NA      NA          NA   39   1
61        as           3  3.47 0.73 0.32   38   NA      NA          NA   14   0
# 2026-01-16 22:58:16 -03: Iteration 2 of 5
# experimentsUsed: 462
# remainingBudget: 2288
# currentBudget: 572
# nbConfigurations: 85
# Markers:
     x No test is performed.
     c Configurations are discarded only due to capping.
     - The test is performed and some configurations are discarded.
     = The test is performed but no configuration is discarded.
     ! The test is performed and configurations could be discarded but elite configurations are preserved.
     . All alive configurations are elite and nothing is discarded.

+-+-----------+-----------+-----------+----------------+-----------+--------+-----+----+------+
| |   Instance|      Alive|       Best|       Mean best| Exp so far|  W time|  rho|KenW|  Qvar|
+-+-----------+-----------+-----------+----------------+-----------+--------+-----+----+------+
|x|          7|         85|         47|     32677898.00|         85|00:05:01|   NA|  NA|    NA|
|x|          2|         85|         47|     32666442.00|        166|00:04:26|+0.97|0.99|0.0015|
|x|          6|         85|        121|     32665804.67|        247|00:04:35|+0.97|0.98|0.0018|
|x|          3|         85|        161|     32626016.75|        328|00:05:01|+0.97|0.97|0.0017|
|-|          1|          9|        161|     32679611.20|        409|00:04:23|+0.27|0.41|0.7429|
|=|          4|          9|        161|     32678921.00|        414|00:00:18|+0.15|0.29|0.8015|
|=|          5|          9|        161|     32631919.86|        419|00:00:18|+0.15|0.27|0.7944|
|-|          8|          7|        161|     32597526.25|        428|00:00:58|-0.09|0.05|0.9408|
|=|          9|          7|        161|     32614010.11|        435|00:01:02|-0.03|0.08|0.8981|
|=|         10|          7|        121|     32664894.20|        442|00:01:00|-0.05|0.06|0.9131|
+-+-----------+-----------+-----------+----------------+-----------+--------+-----+----+------+
Best-so-far configuration:         121    mean value:      32664894.20
Description of the best-so-far configuration:
    .ID. algorithm localsearch alpha beta  rho ants   q0 rasrank elitistants
121  121       acs           3   3.1 3.97 0.54   23 0.42      NA          NA
    nnls dlb .PARENT.
121   18   1       12

# 2026-01-16 23:25:22 -03: Elite configurations (first number is the configuration ID; listed from best to worst according to the sum of ranks):
    algorithm localsearch alpha beta  rho ants   q0 rasrank elitistants nnls
121       acs           3  3.10 3.97 0.54   23 0.42      NA          NA   18
161       acs           3  4.55 2.53 0.99    7 0.77      NA          NA   26
47       mmas           3  2.06 3.54 0.41   53   NA      NA          NA   39
89        acs           3  3.35 3.62 0.94   30 0.67      NA          NA   31
115       acs           3  2.56 0.63 0.40   31 0.06      NA          NA   21
    dlb
121   1
161   1
47    1
89    1
115   1
# 2026-01-16 23:25:22 -03: Iteration 3 of 5
# experimentsUsed: 904
# remainingBudget: 1846
# currentBudget: 615
# nbConfigurations: 60
# Markers:
     x No test is performed.
     c Configurations are discarded only due to capping.
     - The test is performed and some configurations are discarded.
     = The test is performed but no configuration is discarded.
     ! The test is performed and configurations could be discarded but elite configurations are preserved.
     . All alive configurations are elite and nothing is discarded.

+-+-----------+-----------+-----------+----------------+-----------+--------+-----+----+------+
| |   Instance|      Alive|       Best|       Mean best| Exp so far|  W time|  rho|KenW|  Qvar|
+-+-----------+-----------+-----------+----------------+-----------+--------+-----+----+------+
|x|         11|         60|        179|     32847243.00|         60|00:02:56|   NA|  NA|    NA|
|x|          4|         60|        227|     32727045.00|        115|00:03:09|+0.92|0.96|0.0065|
|x|          8|         60|        227|     32564784.67|        170|00:02:36|+0.90|0.93|0.0058|
|x|          7|         60|        227|     32605528.00|        225|00:03:10|+0.91|0.93|0.0046|
|-|          3|         12|        227|     32600812.20|        280|00:03:00|-0.12|0.11|1.0085|
|=|          1|         12|        227|     32643766.83|        287|00:01:02|-0.04|0.13|1.0014|
|=|          9|         12|        227|     32677473.29|        294|00:01:16|-0.10|0.06|1.0133|
|=|          6|         12|        227|     32661859.38|        301|00:00:49|-0.03|0.10|0.9457|
|=|          2|         12|        227|     32669527.56|        308|00:01:10|-0.01|0.10|0.9371|
|=|          5|         12|        179|     32620947.50|        315|00:01:09|+0.01|0.11|0.9102|
|=|         10|         12|        188|     32669886.27|        322|00:01:16|-0.00|0.09|0.9343|
|=|         12|         12|        188|     32689300.08|        334|00:01:06|+0.02|0.10|0.9147|
+-+-----------+-----------+-----------+----------------+-----------+--------+-----+----+------+
Best-so-far configuration:         188    mean value:      32689300.08
Description of the best-so-far configuration:
    .ID. algorithm localsearch alpha beta  rho ants   q0 rasrank elitistants
188  188       acs           3  2.83 4.87 0.91   23 0.63      NA          NA
    nnls dlb .PARENT.
188   12   1      161

# 2026-01-16 23:48:05 -03: Elite configurations (first number is the configuration ID; listed from best to worst according to the sum of ranks):
    algorithm localsearch alpha beta  rho ants   q0 rasrank elitistants nnls
188       acs           3  2.83 4.87 0.91   23 0.63      NA          NA   12
179       acs           3  3.67 2.64 0.35   17 0.03      NA          NA   18
227       acs           3  4.12 4.92 0.62    8 0.93      NA          NA   40
161       acs           3  4.55 2.53 0.99    7 0.77      NA          NA   26
121       acs           3  3.10 3.97 0.54   23 0.42      NA          NA   18
    dlb
188   1
179   0
227   1
161   1
121   1
# 2026-01-16 23:48:05 -03: Iteration 4 of 5
# experimentsUsed: 1238
# remainingBudget: 1512
# currentBudget: 756
# nbConfigurations: 62
# Markers:
     x No test is performed.
     c Configurations are discarded only due to capping.
     - The test is performed and some configurations are discarded.
     = The test is performed but no configuration is discarded.
     ! The test is performed and configurations could be discarded but elite configurations are preserved.
     . All alive configurations are elite and nothing is discarded.

+-+-----------+-----------+-----------+----------------+-----------+--------+-----+----+------+
| |   Instance|      Alive|       Best|       Mean best| Exp so far|  W time|  rho|KenW|  Qvar|
+-+-----------+-----------+-----------+----------------+-----------+--------+-----+----+------+
|x|         13|         62|        262|     32567061.00|         62|00:02:19|   NA|  NA|    NA|
|x|          8|         62|        234|     32413786.50|        119|00:02:14|+0.56|0.78|0.0138|
|x|         12|         62|        231|     32578965.00|        176|00:02:11|+0.57|0.72|0.0143|
|x|          7|         62|        231|     32610837.00|        233|00:02:39|+0.54|0.65|0.0145|
|-|          5|         24|        247|     32546722.00|        290|00:02:12|-0.11|0.11|1.0742|
|=|          1|         24|        247|     32611007.00|        309|00:01:30|-0.06|0.12|1.0016|
|=|          3|         24|        255|     32603705.29|        328|00:01:29|-0.01|0.13|0.9806|
|=|          2|         24|        179|     32605537.88|        347|00:01:07|+0.01|0.13|0.9718|
|=|          9|         24|        255|     32630627.78|        366|00:01:21|+0.01|0.12|0.9645|
|=|         11|         24|        247|     32656435.20|        385|00:01:29|+0.01|0.11|0.9601|
|=|          4|         24|        179|     32649522.18|        404|00:01:18|+0.03|0.12|0.9540|
|=|          6|         24|        247|     32640010.83|        423|00:01:21|+0.03|0.11|0.9399|
|=|         10|         24|        255|     32667123.00|        442|00:01:32|+0.04|0.11|0.9545|
|=|         14|         24|        255|     32638005.43|        466|00:01:18|+0.04|0.11|0.9529|
+-+-----------+-----------+-----------+----------------+-----------+--------+-----+----+------+
Best-so-far configuration:         255    mean value:      32638005.43
Description of the best-so-far configuration:
    .ID. algorithm localsearch alpha beta  rho ants   q0 rasrank elitistants
255  255       acs           3  3.34 4.22 0.16   25 0.43      NA          NA
    nnls dlb .PARENT.
255   17   0      179

# 2026-01-17 00:12:12 -03: Elite configurations (first number is the configuration ID; listed from best to worst according to the sum of ranks):
    algorithm localsearch alpha beta  rho ants   q0 rasrank elitistants nnls
255       acs           3  3.34 4.22 0.16   25 0.43      NA          NA   17
247      mmas           3  4.24 3.53 0.16   37   NA      NA          NA   23
231       acs           3  4.29 0.27 0.33   34 0.17      NA          NA   20
234       acs           3  3.26 5.48 0.67    7 0.76      NA          NA   31
179       acs           3  3.67 2.64 0.35   17 0.03      NA          NA   18
    dlb
255   0
247   0
231   0
234   1
179   0
# 2026-01-17 00:12:12 -03: Iteration 5 of 5
# experimentsUsed: 1704
# remainingBudget: 1046
# currentBudget: 1046
# nbConfigurations: 74
# Markers:
     x No test is performed.
     c Configurations are discarded only due to capping.
     - The test is performed and some configurations are discarded.
     = The test is performed but no configuration is discarded.
     ! The test is performed and configurations could be discarded but elite configurations are preserved.
     . All alive configurations are elite and nothing is discarded.

+-+-----------+-----------+-----------+----------------+-----------+--------+-----+----+------+
| |   Instance|      Alive|       Best|       Mean best| Exp so far|  W time|  rho|KenW|  Qvar|
+-+-----------+-----------+-----------+----------------+-----------+--------+-----+----+------+
|x|         15|         74|        335|     32824962.00|         74|00:04:40|   NA|  NA|    NA|
|x|          8|         74|        312|     32560957.00|        143|00:03:24|+0.52|0.76|0.1562|
|x|          1|         74|        312|     32660686.00|        212|00:03:33|+0.47|0.65|0.5837|
|x|          7|         74|        312|     32656770.50|        281|00:03:22|+0.44|0.58|0.4944|
|-|         12|         18|        312|     32700012.80|        350|00:04:16|-0.02|0.18|0.9417|
|=|          5|         18|        312|     32627206.33|        363|00:01:14|-0.03|0.14|0.9425|
|=|         13|         18|        312|     32621399.86|        376|00:01:18|-0.04|0.11|0.9372|
|=|          4|         18|        312|     32621545.12|        389|00:01:09|-0.03|0.10|0.9388|
|=|          9|         18|        312|     32635389.22|        402|00:01:19|-0.00|0.11|0.9264|
|=|          2|         18|        312|     32636752.20|        415|00:01:06|-0.00|0.10|0.9143|
|=|          6|         18|        312|     32626977.09|        428|00:01:23|+0.01|0.10|0.9044|
|=|         10|         18|        312|     32649505.50|        441|00:01:15|+0.03|0.11|0.8935|
|=|         11|         18|        312|     32666848.23|        454|00:01:13|+0.02|0.09|0.9153|
|=|          3|         18|        312|     32653100.93|        467|00:01:07|+0.03|0.10|0.9061|
|=|         14|         18|        312|     32627925.73|        480|00:01:14|+0.02|0.08|0.9051|
|=|         16|         18|        312|     32642069.19|        498|00:01:10|+0.02|0.08|0.9067|
+-+-----------+-----------+-----------+----------------+-----------+--------+-----+----+------+
Best-so-far configuration:         312    mean value:      32642069.19
Description of the best-so-far configuration:
    .ID. algorithm localsearch alpha beta  rho ants   q0 rasrank elitistants
312  312       acs           3   4.2 4.67 0.02   32 0.61      NA          NA
    nnls dlb .PARENT.
312   19   0      247

# 2026-01-17 00:45:03 -03: Elite configurations (first number is the configuration ID; listed from best to worst according to the sum of ranks):
    algorithm localsearch alpha beta  rho ants   q0 rasrank elitistants nnls
312       acs           3  4.20 4.67 0.02   32 0.61      NA          NA   19
349       acs           3  3.16 4.01 0.09   40 0.57      NA          NA   13
334       acs           3  3.73 4.89 0.11   41 0.55      NA          NA   17
331      mmas           3  4.49 3.23 0.11   30   NA      NA          NA   16
335      mmas           3  4.65 3.83 0.17   37   NA      NA          NA   12
    dlb
312   0
349   1
334   0
331   0
335   0
# 2026-01-17 00:45:03 -03: Iteration 6 of 6
# experimentsUsed: 2202
# remainingBudget: 548
# currentBudget: 548
# nbConfigurations: 36
# Markers:
     x No test is performed.
     c Configurations are discarded only due to capping.
     - The test is performed and some configurations are discarded.
     = The test is performed but no configuration is discarded.
     ! The test is performed and configurations could be discarded but elite configurations are preserved.
     . All alive configurations are elite and nothing is discarded.

+-+-----------+-----------+-----------+----------------+-----------+--------+-----+----+------+
| |   Instance|      Alive|       Best|       Mean best| Exp so far|  W time|  rho|KenW|  Qvar|
+-+-----------+-----------+-----------+----------------+-----------+--------+-----+----+------+
|x|         17|         36|        335|     32898444.00|         36|00:01:49|   NA|  NA|    NA|
|x|          1|         36|        363|     32874835.00|         67|00:01:44|+0.66|0.83|0.1472|
|x|         16|         36|        363|     32866384.67|         98|00:01:35|+0.52|0.68|0.2056|
|x|         15|         36|        362|     32867586.25|        129|00:01:30|+0.50|0.63|0.4628|
|-|          2|         15|        362|     32819516.40|        160|00:01:34|+0.08|0.26|0.8872|
|=|          4|         15|        379|     32785171.00|        170|00:00:30|+0.01|0.17|0.9420|
|=|          8|         15|        379|     32710591.00|        180|00:00:28|-0.00|0.14|0.9490|
|=|         14|         15|        335|     32656439.88|        190|00:00:32|-0.01|0.12|0.9368|
|=|          6|         15|        379|     32641515.22|        200|00:00:33|-0.01|0.10|0.9444|
|=|          7|         15|        373|     32640648.10|        210|00:00:29|-0.01|0.09|0.9498|
|=|          5|         15|        373|     32607210.55|        220|00:00:30|+0.01|0.10|0.9272|
|=|         12|         15|        362|     32626852.75|        230|00:00:35|+0.03|0.11|0.9124|
|=|         11|         15|        373|     32648916.85|        240|00:00:36|+0.03|0.10|0.9245|
|=|          9|         15|        373|     32655765.50|        250|00:00:31|+0.04|0.10|0.9139|
|=|         13|         15|        362|     32648903.87|        260|00:00:34|+0.02|0.09|0.9265|
|=|         10|         15|        362|     32666495.38|        270|00:00:45|+0.01|0.07|0.9304|
|=|          3|         15|        312|     32659187.71|        280|00:00:36|+0.03|0.09|0.9163|
|-|         18|         10|        312|     32650039.28|        295|00:00:51|-0.01|0.05|0.8977|
|=|         19|         10|        362|     32657879.37|        305|00:00:32|-0.01|0.04|0.9004|
|=|         20|         10|        362|     32660596.20|        315|00:00:31|-0.00|0.05|0.8977|
+-+-----------+-----------+-----------+----------------+-----------+--------+-----+----+------+
Best-so-far configuration:         362    mean value:      32660596.20
Description of the best-so-far configuration:
    .ID. algorithm localsearch alpha beta rho ants   q0 rasrank elitistants
362  362       acs           3  3.78  4.4 0.1   51 0.69      NA          NA
    nnls dlb .PARENT.
362   12   1      349

# 2026-01-17 01:01:58 -03: Elite configurations (first number is the configuration ID; listed from best to worst according to the sum of ranks):
    algorithm localsearch alpha beta  rho ants   q0 rasrank elitistants nnls
362       acs           3  3.78 4.40 0.10   51 0.69      NA          NA   12
312       acs           3  4.20 4.67 0.02   32 0.61      NA          NA   19
363       acs           3  3.41 4.67 0.11   46 0.64      NA          NA   18
373       acs           3  4.11 3.22 0.02   32 0.80      NA          NA   18
379       acs           3  3.66 4.31 0.03   24 0.50      NA          NA   18
    dlb
362   1
312   0
363   0
373   0
379   0
# 2026-01-17 01:01:58 -03: Iteration 7 of 7
# experimentsUsed: 2517
# remainingBudget: 233
# currentBudget: 233
# nbConfigurations: 15
# Markers:
     x No test is performed.
     c Configurations are discarded only due to capping.
     - The test is performed and some configurations are discarded.
     = The test is performed but no configuration is discarded.
     ! The test is performed and configurations could be discarded but elite configurations are preserved.
     . All alive configurations are elite and nothing is discarded.

+-+-----------+-----------+-----------+----------------+-----------+--------+-----+----+------+
| |   Instance|      Alive|       Best|       Mean best| Exp so far|  W time|  rho|KenW|  Qvar|
+-+-----------+-----------+-----------+----------------+-----------+--------+-----+----+------+
|x|         21|         15|        363|     32576677.00|         15|00:00:48|   NA|  NA|    NA|
|x|         15|         15|        394|     32710256.00|         25|00:00:40|+0.39|0.69|0.5577|
|x|         17|         15|        394|     32760693.33|         35|00:00:38|+0.53|0.68|0.4314|
|x|          5|         15|        394|     32619249.50|         45|00:00:44|+0.49|0.61|0.4988|
|-|          3|          8|        394|     32601446.20|         55|00:00:46|-0.07|0.14|0.8995|
|=|          2|          8|        394|     32607535.83|         58|00:00:32|-0.03|0.14|0.8729|
|=|         12|          8|        394|     32640256.00|         61|00:00:26|+0.04|0.18|0.8229|
|=|         13|          8|        394|     32634364.12|         64|00:00:26|+0.09|0.20|0.7837|
|=|         14|          8|        394|     32592652.11|         67|00:00:24|-0.01|0.11|0.8437|
|=|          4|          8|        394|     32587673.90|         70|00:00:25|-0.00|0.10|0.8556|
|=|         10|          8|        394|     32617281.82|         73|00:00:24|-0.00|0.09|0.8513|
|=|          8|          8|        394|     32587338.50|         76|00:00:24|-0.00|0.08|0.8621|
|=|          1|          8|        394|     32607742.69|         79|00:00:29|+0.01|0.08|0.8545|
|=|          7|          8|        394|     32608945.14|         82|00:00:27|+0.02|0.09|0.8482|
|=|         19|          8|        394|     32620000.53|         85|00:00:23|+0.04|0.11|0.8239|
|=|         20|          8|        394|     32629598.62|         88|00:00:26|+0.03|0.09|0.8399|
|=|         18|          8|        394|     32621073.59|         91|00:00:27|+0.05|0.11|0.8197|
|=|         11|          8|        394|     32630404.44|         94|00:00:26|+0.06|0.11|0.8065|
|=|          6|          8|        394|     32625456.37|         97|00:00:26|+0.04|0.09|0.8181|
|=|         16|          8|        394|     32635224.85|        100|00:00:24|+0.04|0.09|0.8234|
|-|          9|          4|        394|     32640725.29|        103|00:00:24|+0.04|0.08|0.7022|
+-+-----------+-----------+-----------+----------------+-----------+--------+-----+----+------+
Best-so-far configuration:         394    mean value:      32640725.29
Description of the best-so-far configuration:
    .ID. algorithm localsearch alpha beta  rho ants   q0 rasrank elitistants
394  394       acs           3  3.25 3.23 0.27   55 0.77      NA          NA
    nnls dlb .PARENT.
394   15   1      362

# 2026-01-17 01:12:37 -03: Elite configurations (first number is the configuration ID; listed from best to worst according to the sum of ranks):
    algorithm localsearch alpha beta  rho ants   q0 rasrank elitistants nnls
394       acs           3  3.25 3.23 0.27   55 0.77      NA          NA   15
362       acs           3  3.78 4.40 0.10   51 0.69      NA          NA   12
312       acs           3  4.20 4.67 0.02   32 0.61      NA          NA   19
363       acs           3  3.41 4.67 0.11   46 0.64      NA          NA   18
    dlb
394   1
362   1
312   0
363   0
# 2026-01-17 01:12:37 -03: Iteration 8 of 8
# experimentsUsed: 2620
# remainingBudget: 130
# currentBudget: 130
# nbConfigurations: 9
# Markers:
     x No test is performed.
     c Configurations are discarded only due to capping.
     - The test is performed and some configurations are discarded.
     = The test is performed but no configuration is discarded.
     ! The test is performed and configurations could be discarded but elite configurations are preserved.
     . All alive configurations are elite and nothing is discarded.

+-+-----------+-----------+-----------+----------------+-----------+--------+-----+----+------+
| |   Instance|      Alive|       Best|       Mean best| Exp so far|  W time|  rho|KenW|  Qvar|
+-+-----------+-----------+-----------+----------------+-----------+--------+-----+----+------+
|x|         22|          9|        394|     32707329.00|          9|00:00:23|   NA|  NA|    NA|
|x|         13|          9|        398|     32643311.50|         14|00:00:14|-0.37|0.32|1.0290|
|x|          8|          9|        398|     32494790.67|         19|00:00:15|+0.02|0.35|0.6861|
|x|         14|          9|        398|     32418558.75|         24|00:00:16|-0.06|0.20|0.8058|
|=|         17|          9|        398|     32517107.20|         29|00:00:16|-0.01|0.19|0.8212|
|=|         15|          9|        398|     32576775.83|         34|00:00:14|+0.06|0.21|0.7801|
|=|          7|          9|        398|     32582952.29|         39|00:00:15|+0.15|0.27|0.6960|
|-|         18|          5|        398|     32572753.50|         44|00:00:16|+0.21|0.31|0.5331|
+-+-----------+-----------+-----------+----------------+-----------+--------+-----+----+------+
Best configuration for the instances in this race: 398
Best-so-far configuration:         394    mean value:      32643752.73
Description of the best-so-far configuration:
    .ID. algorithm localsearch alpha beta  rho ants   q0 rasrank elitistants
394  394       acs           3  3.25 3.23 0.27   55 0.77      NA          NA
    nnls dlb .PARENT.
394   15   1      362

# 2026-01-17 01:14:49 -03: Elite configurations (first number is the configuration ID; listed from best to worst according to the sum of ranks):
    algorithm localsearch alpha beta  rho ants   q0 rasrank elitistants nnls
394       acs           3  3.25 3.23 0.27   55 0.77      NA          NA   15
362       acs           3  3.78 4.40 0.10   51 0.69      NA          NA   12
312       acs           3  4.20 4.67 0.02   32 0.61      NA          NA   19
363       acs           3  3.41 4.67 0.11   46 0.64      NA          NA   18
398       acs           3  3.23 4.11 0.31   60 0.87      NA          NA   18
    dlb
394   1
362   1
312   0
363   0
398   1
# 2026-01-17 01:14:49 -03: Iteration 9 of 9
# experimentsUsed: 2664
# remainingBudget: 86
# currentBudget: 86
# nbConfigurations: 8
# Markers:
     x No test is performed.
     c Configurations are discarded only due to capping.
     - The test is performed and some configurations are discarded.
     = The test is performed but no configuration is discarded.
     ! The test is performed and configurations could be discarded but elite configurations are preserved.
     . All alive configurations are elite and nothing is discarded.

+-+-----------+-----------+-----------+----------------+-----------+--------+-----+----+------+
| |   Instance|      Alive|       Best|       Mean best| Exp so far|  W time|  rho|KenW|  Qvar|
+-+-----------+-----------+-----------+----------------+-----------+--------+-----+----+------+
|x|         23|          8|        398|     32508401.00|          8|00:00:23|   NA|  NA|    NA|
|x|         19|          8|        362|     32656033.00|         12|00:00:15|+0.43|0.71|0.5106|
|x|         17|          8|        394|     32720984.33|         15|00:00:15|+0.37|0.58|0.4901|
|x|          4|          8|        394|     32676455.75|         19|00:00:16|+0.40|0.55|0.5531|
|-|         18|          5|        394|     32638099.20|         22|00:00:16|+0.14|0.31|0.5988|
+-+-----------+-----------+-----------+----------------+-----------+--------+-----+----+------+
Best-so-far configuration:         394    mean value:      32638659.52
Description of the best-so-far configuration:
    .ID. algorithm localsearch alpha beta  rho ants   q0 rasrank elitistants
394  394       acs           3  3.25 3.23 0.27   55 0.77      NA          NA
    nnls dlb .PARENT.
394   15   1      362

# 2026-01-17 01:16:17 -03: Elite configurations (first number is the configuration ID; listed from best to worst according to the sum of ranks):
    algorithm localsearch alpha beta  rho ants   q0 rasrank elitistants nnls
394       acs           3  3.25 3.23 0.27   55 0.77      NA          NA   15
362       acs           3  3.78 4.40 0.10   51 0.69      NA          NA   12
312       acs           3  4.20 4.67 0.02   32 0.61      NA          NA   19
363       acs           3  3.41 4.67 0.11   46 0.64      NA          NA   18
398       acs           3  3.23 4.11 0.31   60 0.87      NA          NA   18
    dlb
394   1
362   1
312   0
363   0
398   1
# 2026-01-17 01:16:17 -03: Iteration 10 of 10
# experimentsUsed: 2686
# remainingBudget: 64
# currentBudget: 64
# nbConfigurations: 7
# Markers:
     x No test is performed.
     c Configurations are discarded only due to capping.
     - The test is performed and some configurations are discarded.
     = The test is performed but no configuration is discarded.
     ! The test is performed and configurations could be discarded but elite configurations are preserved.
     . All alive configurations are elite and nothing is discarded.

+-+-----------+-----------+-----------+----------------+-----------+--------+-----+----+------+
| |   Instance|      Alive|       Best|       Mean best| Exp so far|  W time|  rho|KenW|  Qvar|
+-+-----------+-----------+-----------+----------------+-----------+--------+-----+----+------+
|x|         24|          7|        404|     32635864.00|          7|00:00:24|   NA|  NA|    NA|
|x|         20|          7|        362|     32710762.50|         10|00:00:10|-0.18|0.41|0.9941|
|x|         14|          7|        404|     32538164.00|         12|00:00:10|-0.30|0.13|1.1518|
|x|         19|          7|        404|     32599922.00|         14|00:00:10|-0.10|0.17|0.9386|
|=|          6|          7|        363|     32590769.20|         17|00:00:10|+0.00|0.20|0.8417|
|=|          9|          7|        404|     32607522.17|         20|00:00:10|+0.08|0.24|0.7667|
|=|         15|          7|        404|     32638572.00|         22|00:00:10|+0.15|0.27|0.6884|
|-|          4|          6|        404|     32626522.25|         24|00:00:10|+0.04|0.16|0.8071|
|=|         11|          6|        404|     32645900.11|         26|00:00:10|+0.08|0.18|0.7633|
|=|         23|          6|        404|     32635224.90|         27|00:00:10|+0.06|0.15|0.7489|
|=|         18|          6|        404|     32625194.82|         28|00:00:10|+0.01|0.10|0.7777|
|=|         17|          6|        404|     32649056.92|         29|00:00:10|+0.03|0.11|0.7571|
|=|          5|          6|        394|     32615691.77|         31|00:00:10|+0.03|0.11|0.7514|
|=|         16|          6|        394|     32630344.21|         33|00:00:10|+0.05|0.12|0.7430|
|=|         12|          6|        394|     32644093.07|         35|00:00:10|+0.06|0.12|0.7404|
|=|          7|          6|        394|     32642873.31|         36|00:00:10|+0.06|0.11|0.7473|
|=|         22|          6|        394|     32646664.82|         37|00:00:10|+0.07|0.12|0.7362|
|=|          1|          6|        394|     32658105.28|         39|00:00:10|+0.06|0.11|0.7450|
|!|          2|          6|        394|     32657046.26|         41|00:00:10|+0.07|0.12|0.7389|
|!|          3|          6|        394|     32650705.60|         43|00:00:10|+0.06|0.11|0.7512|
|!|         10|          6|        394|     32663213.00|         45|00:00:10|+0.07|0.11|0.7471|
|!|         21|          6|        394|     32659975.27|         47|00:00:10|+0.07|0.11|0.7562|
|!|          8|          6|        398|     32646224.30|         48|00:00:10|+0.07|0.11|0.7535|
|-|         13|          3|        398|     32641619.12|         49|00:00:10|-0.01|0.03|0.6692|
+-+-----------+-----------+-----------+----------------+-----------+--------+-----+----+------+
Best-so-far configuration:         398    mean value:      32641619.12
Description of the best-so-far configuration:
    .ID. algorithm localsearch alpha beta  rho ants   q0 rasrank elitistants
398  398       acs           3  3.23 4.11 0.31   60 0.87      NA          NA
    nnls dlb .PARENT.
398   18   1      394

# 2026-01-17 01:20:43 -03: Elite configurations (first number is the configuration ID; listed from best to worst according to the sum of ranks):
    algorithm localsearch alpha beta  rho ants   q0 rasrank elitistants nnls
398       acs           3  3.23 4.11 0.31   60 0.87      NA          NA   18
394       acs           3  3.25 3.23 0.27   55 0.77      NA          NA   15
404       acs           3  4.02 4.80 0.15   51 0.63      NA          NA   11
    dlb
398   1
394   1
404   1
# 2026-01-17 01:20:43 -03: Stopped because there is not enough budget left to race more than the minimum (5).
# You may either increase the budget or set 'minNbSurvival' to a lower value.
# Iteration: 11
# nbIterations: 11
# experimentsUsed: 2735
# timeUsed: 0
# remainingBudget: 15
# currentBudget: 15
# number of elites: 3
# nbConfigurations: 3
# Total CPU user time: 66182.44, CPU sys time: 265.818, Wall-clock time: 10163.14
# 2026-01-17 01:20:43 -03: Starting post-selection:
# Configurations selected: 398, 394, 404, 362, 312, 363, 373, 379.
# Pending instances: 1, 1, 1, 1, 1, 1, 4, 4.
# 2026-01-17 01:20:43 -03: seed: 1600333
# Configurations: 8
# Available experiments: 15
# minSurvival: 1
# Markers:
     x No test is performed.
     c Configurations are discarded only due to capping.
     - The test is performed and some configurations are discarded.
     = The test is performed but no configuration is discarded.
     ! The test is performed and configurations could be discarded but elite configurations are preserved.
     . All alive configurations are elite and nothing is discarded.

+-+-----------+-----------+-----------+----------------+-----------+--------+-----+----+------+
| |   Instance|      Alive|       Best|       Mean best| Exp so far|  W time|  rho|KenW|  Qvar|
+-+-----------+-----------+-----------+----------------+-----------+--------+-----+----+------+
|x|         22|          8|        404|     32703070.00|          2|00:00:16|   NA|  NA|    NA|
|.|         19|          8|        404|     32744133.00|          2|00:00:00|+0.31|0.65|0.5426|
|.|         12|          8|        404|     32789838.00|          2|00:00:00|+0.43|0.62|0.4187|
|.|          1|          8|        404|     32805303.75|          2|00:00:00|+0.21|0.40|0.5448|
|.|          6|          8|        404|     32751446.40|          2|00:00:00|+0.13|0.31|0.6912|
|.|          2|          8|        404|     32734729.00|          2|00:00:00|+0.12|0.27|0.7322|
|.|          7|          8|        404|     32728047.71|          2|00:00:00|+0.08|0.21|0.7529|
|.|         17|          8|        404|     32750984.25|          2|00:00:00|+0.11|0.22|0.7267|
|.|          8|          8|        404|     32695381.56|          2|00:00:00|+0.11|0.21|0.7451|
|.|          9|          8|        404|     32696786.20|          2|00:00:00|+0.11|0.20|0.7296|
|.|         15|          8|        404|     32708430.27|          2|00:00:00|+0.14|0.22|0.6966|
|.|         11|          8|        404|     32716138.00|          2|00:00:00|+0.16|0.23|0.6758|
|.|          5|          8|        404|     32679735.62|          2|00:00:00|+0.14|0.21|0.6948|
|.|         18|          8|        404|     32668675.50|          2|00:00:00|+0.16|0.22|0.6745|
|x|         23|          8|        398|     32655654.93|          4|00:00:18|+0.15|0.20|0.6855|
|.|          3|          8|        398|     32642185.44|          4|00:00:00|+0.14|0.19|0.7032|
|.|         20|          8|        398|     32647010.82|          4|00:00:00|+0.11|0.16|0.7442|
|.|         13|          8|        398|     32640826.89|          4|00:00:00|+0.11|0.16|0.7413|
|.|         21|          8|        398|     32638507.37|          4|00:00:00|+0.12|0.16|0.7315|
|.|          4|          8|        398|     32635258.70|          4|00:00:00|+0.11|0.16|0.7354|
|.|         16|          8|        398|     32646800.76|          4|00:00:00|+0.09|0.13|0.7712|
|.|         14|          8|        398|     32626030.86|          4|00:00:00|+0.09|0.13|0.7647|
|.|         10|          8|        398|     32636095.35|          4|00:00:00|+0.11|0.15|0.7516|
|-|         24|          3|        398|     32641619.12|          6|00:00:20|-0.01|0.03|0.6692|
|=|         25|          3|        398|     32640643.68|          9|00:00:10|-0.02|0.02|0.6685|
|=|         26|          3|        398|     32640815.73|         12|00:00:10|-0.01|0.03|0.6592|
|=|         27|          3|        398|     32633631.59|         15|00:00:10|-0.02|0.02|0.6706|
+-+-----------+-----------+-----------+----------------+-----------+--------+-----+----+------+
Best-so-far configuration:         398    mean value:      32633631.59
Description of the best-so-far configuration:
    .ID. algorithm localsearch alpha beta  rho ants   q0 rasrank elitistants
398  398       acs           3  3.23 4.11 0.31   60 0.87      NA          NA
    nnls dlb .PARENT.
398   18   1      394

# 2026-01-17 01:22:10 -03: Elite configurations (first number is the configuration ID; listed from best to worst according to the sum of ranks):
    algorithm localsearch alpha beta  rho ants   q0 rasrank elitistants nnls
398       acs           3  3.23 4.11 0.31   60 0.87      NA          NA   18
394       acs           3  3.25 3.23 0.27   55 0.77      NA          NA   15
404       acs           3  4.02 4.80 0.15   51 0.63      NA          NA   11
    dlb
398   1
394   1
404   1
# Total CPU user time: 66381.78, CPU sys time: 267.269, Wall-clock time: 10250.46
    .ID. algorithm localsearch alpha beta  rho ants   q0 rasrank elitistants
398  398       acs           3  3.23 4.11 0.31   60 0.87      NA          NA
394  394       acs           3  3.25 3.23 0.27   55 0.77      NA          NA
404  404       acs           3  4.02 4.80 0.15   51 0.63      NA          NA
    nnls dlb .PARENT. .RANK.  .WEIGHT.
398   18   1      394     50 0.5000000
394   15   1      362     54 0.3333333
404   11   1      362     58 0.1666667
