# 2026-01-17 21:50:40 -03: Reading parameter file '/home/pestobar/Activities/irace-executions/ACOTSP/Scenarios/BL-45/Runs/BL-45_seed_800123/parameters.txt'.
# 2026-01-17 21:50:40 -03: 1 expression(s) specifying forbidden configurations read.
# 2026-01-17 21:50:40 -03: Initialization
# Elitist race
# Elitist new instances: 1
# Elitist limit: 2
# nbIterations: 5
# minNbSurvival: 5
# nbParameters: 11
# seed: 800123
# confidence level: 0.95
# budget: 2750
# mu: 5
# deterministic: FALSE

# 2026-01-17 21:50:40 -03: Iteration 1 of 5
# experimentsUsed: 0
# remainingBudget: 2750
# currentBudget: 550
# nbConfigurations: 45
# Markers:
     x No test is performed.
     c Configurations are discarded only due to capping.
     - The test is performed and some configurations are discarded.
     = The test is performed but no configuration is discarded.
     ! The test is performed and configurations could be discarded but elite configurations are preserved.
     . All alive configurations are elite and nothing is discarded.

+-+-----------+-----------+-----------+----------------+-----------+--------+-----+----+------+
| |   Instance|      Alive|       Best|       Mean best| Exp so far|  W time|  rho|KenW|  Qvar|
+-+-----------+-----------+-----------+----------------+-----------+--------+-----+----+------+
|x|          1|         45|         16|     32717643.00|         45|00:02:36|   NA|  NA|    NA|
|x|          2|         45|         16|     32674814.00|         90|00:02:20|+0.99|0.99|0.0017|
|x|          3|         45|         16|     32622400.67|        135|00:02:32|+0.99|0.99|0.0020|
|x|          4|         45|         16|     32592441.00|        180|00:02:05|+0.98|0.99|0.0019|
|-|          5|          2|         16|     32583916.00|        225|00:02:16|+0.20|0.36|0.4000|
+-+-----------+-----------+-----------+----------------+-----------+--------+-----+----+------+
Best-so-far configuration:          16    mean value:      32583916.00
Description of the best-so-far configuration:
   .ID. algorithm localsearch alpha beta  rho ants q0 rasrank elitistants nnls
16   16      mmas           3   3.5 0.85 0.18   35 NA      NA          NA   22
   dlb .PARENT.
16   0       NA

# 2026-01-17 22:02:32 -03: Elite configurations (first number is the configuration ID; listed from best to worst according to the sum of ranks):
   algorithm localsearch alpha beta  rho ants   q0 rasrank elitistants nnls dlb
16      mmas           3  3.50 0.85 0.18   35   NA      NA          NA   22   0
30       acs           3  2.71 9.91 0.65   44 0.99      NA          NA   30   1
# 2026-01-17 22:02:32 -03: Iteration 2 of 5
# experimentsUsed: 225
# remainingBudget: 2525
# currentBudget: 631
# nbConfigurations: 45
# Markers:
     x No test is performed.
     c Configurations are discarded only due to capping.
     - The test is performed and some configurations are discarded.
     = The test is performed but no configuration is discarded.
     ! The test is performed and configurations could be discarded but elite configurations are preserved.
     . All alive configurations are elite and nothing is discarded.

+-+-----------+-----------+-----------+----------------+-----------+--------+-----+----+------+
| |   Instance|      Alive|       Best|       Mean best| Exp so far|  W time|  rho|KenW|  Qvar|
+-+-----------+-----------+-----------+----------------+-----------+--------+-----+----+------+
|x|          6|         45|         16|     32588131.00|         45|00:02:24|   NA|  NA|    NA|
|x|          2|         45|         16|     32610058.00|         88|00:02:08|+0.97|0.98|0.0011|
|x|          1|         45|         16|     32645919.67|        131|00:02:15|+0.96|0.97|0.0014|
|x|          4|         45|         16|     32610080.25|        174|00:02:09|+0.96|0.97|0.0016|
|-|          5|          6|         16|     32598027.40|        217|00:02:09|+0.17|0.34|0.6117|
|=|          3|          6|         16|     32584618.50|        221|00:00:21|-0.02|0.15|0.7935|
|=|          7|          6|         16|     32619816.29|        227|00:00:30|+0.06|0.20|0.7297|
+-+-----------+-----------+-----------+----------------+-----------+--------+-----+----+------+
Best-so-far configuration:          16    mean value:      32619816.29
Description of the best-so-far configuration:
   .ID. algorithm localsearch alpha beta  rho ants q0 rasrank elitistants nnls
16   16      mmas           3   3.5 0.85 0.18   35 NA      NA          NA   22
   dlb .PARENT.
16   0       NA

# 2026-01-17 22:14:32 -03: Elite configurations (first number is the configuration ID; listed from best to worst according to the sum of ranks):
   algorithm localsearch alpha beta  rho ants   q0 rasrank elitistants nnls dlb
16      mmas           3  3.50 0.85 0.18   35   NA      NA          NA   22   0
51      mmas           3  3.89 6.82 0.22   27   NA      NA          NA   38   1
50       acs           3  2.55 3.61 0.25   19 0.65      NA          NA   26   1
68       acs           3  2.20 8.34 0.17    5 0.19      NA          NA   21   1
30       acs           3  2.71 9.91 0.65   44 0.99      NA          NA   30   1
# 2026-01-17 22:14:32 -03: Iteration 3 of 5
# experimentsUsed: 452
# remainingBudget: 2298
# currentBudget: 766
# nbConfigurations: 45
# Markers:
     x No test is performed.
     c Configurations are discarded only due to capping.
     - The test is performed and some configurations are discarded.
     = The test is performed but no configuration is discarded.
     ! The test is performed and configurations could be discarded but elite configurations are preserved.
     . All alive configurations are elite and nothing is discarded.

+-+-----------+-----------+-----------+----------------+-----------+--------+-----+----+------+
| |   Instance|      Alive|       Best|       Mean best| Exp so far|  W time|  rho|KenW|  Qvar|
+-+-----------+-----------+-----------+----------------+-----------+--------+-----+----+------+
|x|          8|         45|        127|     32565253.00|         45|00:02:45|   NA|  NA|    NA|
|x|          6|         45|         16|     32599546.00|         85|00:02:21|+0.94|0.97|0.0023|
|x|          2|         45|         16|     32610359.00|        125|00:02:27|+0.95|0.97|0.0020|
|x|          1|         45|         16|     32637180.00|        165|00:02:32|+0.95|0.96|0.0016|
|-|          7|          6|         16|     32675944.60|        205|00:03:04|+0.29|0.43|0.4794|
|-|          4|          5|         16|     32647047.50|        206|00:00:53|+0.38|0.48|0.4017|
|.|          5|          5|         16|     32633157.29|        206|00:00:00|+0.32|0.42|0.5437|
|.|          3|          5|         16|     32618709.38|        206|00:00:00|+0.14|0.25|0.6747|
+-+-----------+-----------+-----------+----------------+-----------+--------+-----+----+------+
Best-so-far configuration:          16    mean value:      32618709.38
Description of the best-so-far configuration:
   .ID. algorithm localsearch alpha beta  rho ants q0 rasrank elitistants nnls
16   16      mmas           3   3.5 0.85 0.18   35 NA      NA          NA   22
   dlb .PARENT.
16   0       NA

# 2026-01-17 22:28:36 -03: Elite configurations (first number is the configuration ID; listed from best to worst according to the sum of ranks):
   algorithm localsearch alpha beta  rho ants   q0 rasrank elitistants nnls dlb
16      mmas           3  3.50 0.85 0.18   35   NA      NA          NA   22   0
51      mmas           3  3.89 6.82 0.22   27   NA      NA          NA   38   1
50       acs           3  2.55 3.61 0.25   19 0.65      NA          NA   26   1
68       acs           3  2.20 8.34 0.17    5 0.19      NA          NA   21   1
30       acs           3  2.71 9.91 0.65   44 0.99      NA          NA   30   1
# 2026-01-17 22:28:36 -03: Iteration 4 of 5
# experimentsUsed: 658
# remainingBudget: 2092
# currentBudget: 1046
# nbConfigurations: 45
# Markers:
     x No test is performed.
     c Configurations are discarded only due to capping.
     - The test is performed and some configurations are discarded.
     = The test is performed but no configuration is discarded.
     ! The test is performed and configurations could be discarded but elite configurations are preserved.
     . All alive configurations are elite and nothing is discarded.

+-+-----------+-----------+-----------+----------------+-----------+--------+-----+----+------+
| |   Instance|      Alive|       Best|       Mean best| Exp so far|  W time|  rho|KenW|  Qvar|
+-+-----------+-----------+-----------+----------------+-----------+--------+-----+----+------+
|x|          9|         45|        146|     32475972.00|         45|00:02:53|   NA|  NA|    NA|
|x|          8|         45|         16|     32554094.50|         85|00:02:49|+0.76|0.88|0.1235|
|x|          5|         45|         16|     32552668.33|        125|00:02:40|+0.82|0.88|0.0932|
|x|          4|         45|         16|     32540141.75|        165|00:02:59|+0.82|0.86|0.0911|
|-|          2|         11|         16|     32558510.40|        205|00:03:05|-0.04|0.17|0.9551|
|=|          3|         11|         16|     32551687.67|        211|00:00:41|-0.08|0.10|0.9563|
|=|          7|         11|         16|     32591589.86|        217|00:01:16|-0.03|0.11|0.9151|
|=|          1|         11|         16|     32607346.50|        223|00:00:56|+0.03|0.15|0.8654|
|=|          6|         11|         16|     32605211.44|        229|00:00:39|+0.04|0.15|0.8636|
|=|         10|         11|         16|     32602639.10|        240|00:01:31|+0.08|0.17|0.8343|
+-+-----------+-----------+-----------+----------------+-----------+--------+-----+----+------+
Best-so-far configuration:          16    mean value:      32602639.10
Description of the best-so-far configuration:
   .ID. algorithm localsearch alpha beta  rho ants q0 rasrank elitistants nnls
16   16      mmas           3   3.5 0.85 0.18   35 NA      NA          NA   22
   dlb .PARENT.
16   0       NA

# 2026-01-17 22:48:09 -03: Elite configurations (first number is the configuration ID; listed from best to worst according to the sum of ranks):
    algorithm localsearch alpha beta  rho ants   q0 rasrank elitistants nnls
16       mmas           3  3.50 0.85 0.18   35   NA      NA          NA   22
146      mmas           3  3.48 1.34 0.10   16   NA      NA          NA   19
51       mmas           3  3.89 6.82 0.22   27   NA      NA          NA   38
150      mmas           3  2.48 1.59 0.25   47   NA      NA          NA   23
149       acs           3  3.73 3.63 0.27    6 0.55      NA          NA   28
    dlb
16    0
146   0
51    1
150   0
149   1
# 2026-01-17 22:48:09 -03: Iteration 5 of 5
# experimentsUsed: 898
# remainingBudget: 1852
# currentBudget: 1852
# nbConfigurations: 45
# Markers:
     x No test is performed.
     c Configurations are discarded only due to capping.
     - The test is performed and some configurations are discarded.
     = The test is performed but no configuration is discarded.
     ! The test is performed and configurations could be discarded but elite configurations are preserved.
     . All alive configurations are elite and nothing is discarded.

+-+-----------+-----------+-----------+----------------+-----------+--------+-----+----+------+
| |   Instance|      Alive|       Best|       Mean best| Exp so far|  W time|  rho|KenW|  Qvar|
+-+-----------+-----------+-----------+----------------+-----------+--------+-----+----+------+
|x|         11|         45|        146|     32714910.00|         45|00:03:37|   NA|  NA|    NA|
|x|          7|         45|        180|     32745338.50|         85|00:03:14|+0.78|0.89|0.0713|
|x|          3|         45|        180|     32648715.33|        125|00:02:48|+0.73|0.82|0.0886|
|x|          8|         45|        180|     32639303.50|        165|00:03:50|+0.70|0.77|0.0867|
|-|          9|         13|        180|     32622231.80|        205|00:03:38|-0.01|0.19|0.9063|
|=|          1|         13|        180|     32652955.50|        213|00:00:56|-0.01|0.16|0.8959|
|=|          6|         13|         16|     32643834.29|        221|00:00:55|+0.02|0.16|0.8648|
|=|          5|         13|         16|     32632082.00|        229|00:01:09|+0.00|0.13|0.8985|
|=|          4|         13|         16|     32617690.89|        237|00:00:57|-0.01|0.11|0.9078|
|=|         10|         13|         16|     32613870.60|        245|00:00:49|+0.01|0.11|0.8990|
|=|          2|         13|         16|     32615517.36|        253|00:00:58|+0.04|0.13|0.8893|
|=|         12|         13|         16|     32610972.92|        266|00:01:28|+0.05|0.13|0.8757|
+-+-----------+-----------+-----------+----------------+-----------+--------+-----+----+------+
Best-so-far configuration:          16    mean value:      32610972.92
Description of the best-so-far configuration:
   .ID. algorithm localsearch alpha beta  rho ants q0 rasrank elitistants nnls
16   16      mmas           3   3.5 0.85 0.18   35 NA      NA          NA   22
   dlb .PARENT.
16   0       NA

# 2026-01-17 23:12:34 -03: Elite configurations (first number is the configuration ID; listed from best to worst according to the sum of ranks):
    algorithm localsearch alpha beta  rho ants q0 rasrank elitistants nnls dlb
16       mmas           3  3.50 0.85 0.18   35 NA      NA          NA   22   0
193      mmas           3  4.96 0.22 0.10   19 NA      NA          NA   19   0
208      mmas           3  4.67 2.24 0.12   25 NA      NA          NA   24   0
146      mmas           3  3.48 1.34 0.10   16 NA      NA          NA   19   0
180      mmas           3  4.21 1.09 0.12   18 NA      NA          NA   28   0
# 2026-01-17 23:12:34 -03: Iteration 6 of 6
# experimentsUsed: 1164
# remainingBudget: 1586
# currentBudget: 1586
# nbConfigurations: 45
# Markers:
     x No test is performed.
     c Configurations are discarded only due to capping.
     - The test is performed and some configurations are discarded.
     = The test is performed but no configuration is discarded.
     ! The test is performed and configurations could be discarded but elite configurations are preserved.
     . All alive configurations are elite and nothing is discarded.

+-+-----------+-----------+-----------+----------------+-----------+--------+-----+----+------+
| |   Instance|      Alive|       Best|       Mean best| Exp so far|  W time|  rho|KenW|  Qvar|
+-+-----------+-----------+-----------+----------------+-----------+--------+-----+----+------+
|x|         13|         45|        234|     32568407.00|         45|00:04:21|   NA|  NA|    NA|
|x|          1|         45|        234|     32680963.00|         85|00:03:32|+0.57|0.79|0.1379|
|x|          8|         45|        244|     32652639.00|        125|00:03:31|+0.59|0.73|0.1623|
|x|          7|         45|        244|     32678173.75|        165|00:04:04|+0.62|0.72|0.1546|
|-|          6|         13|        244|     32661980.60|        205|00:03:32|-0.07|0.14|0.9885|
|=|          5|         13|        244|     32635652.67|        213|00:00:56|-0.02|0.15|0.9544|
|=|          9|         13|        244|     32619775.14|        221|00:00:50|-0.07|0.09|0.9679|
|=|         10|         13|        244|     32617996.25|        229|00:00:43|-0.03|0.10|0.9568|
|=|         11|         13|        244|     32632607.22|        237|00:00:45|-0.01|0.10|0.9274|
|=|         12|         13|        244|     32625119.80|        245|00:00:54|+0.00|0.10|0.9136|
|=|          4|         13|        244|     32617739.00|        253|00:01:00|+0.04|0.13|0.8937|
|=|          3|         13|        244|     32602854.33|        261|00:00:59|+0.04|0.12|0.8846|
|=|          2|         13|        244|     32607971.77|        269|00:00:55|+0.04|0.11|0.8812|
|-|         14|          6|        244|     32610746.71|        282|00:01:03|-0.03|0.05|0.8299|
|=|         15|          6|        244|     32606893.93|        288|00:00:56|-0.02|0.05|0.8178|
|=|         16|          6|        244|     32620690.44|        294|00:01:01|+0.01|0.07|0.7980|
+-+-----------+-----------+-----------+----------------+-----------+--------+-----+----+------+
Best-so-far configuration:         244    mean value:      32620690.44
Description of the best-so-far configuration:
    .ID. algorithm localsearch alpha beta  rho ants q0 rasrank elitistants nnls
244  244      mmas           3  3.86 2.45 0.09   21 NA      NA          NA   18
    dlb .PARENT.
244   0      208

# 2026-01-17 23:41:44 -03: Elite configurations (first number is the configuration ID; listed from best to worst according to the sum of ranks):
    algorithm localsearch alpha beta  rho ants q0 rasrank elitistants nnls dlb
244      mmas           3  3.86 2.45 0.09   21 NA      NA          NA   18   0
208      mmas           3  4.67 2.24 0.12   25 NA      NA          NA   24   0
193      mmas           3  4.96 0.22 0.10   19 NA      NA          NA   19   0
16       mmas           3  3.50 0.85 0.18   35 NA      NA          NA   22   0
220      mmas           3  3.99 3.55 0.15   20 NA      NA          NA   22   0
# 2026-01-17 23:41:44 -03: Iteration 7 of 7
# experimentsUsed: 1458
# remainingBudget: 1292
# currentBudget: 1292
# nbConfigurations: 45
# Markers:
     x No test is performed.
     c Configurations are discarded only due to capping.
     - The test is performed and some configurations are discarded.
     = The test is performed but no configuration is discarded.
     ! The test is performed and configurations could be discarded but elite configurations are preserved.
     . All alive configurations are elite and nothing is discarded.

+-+-----------+-----------+-----------+----------------+-----------+--------+-----+----+------+
| |   Instance|      Alive|       Best|       Mean best| Exp so far|  W time|  rho|KenW|  Qvar|
+-+-----------+-----------+-----------+----------------+-----------+--------+-----+----+------+
|x|         17|         45|        283|     32442094.00|         45|00:04:00|   NA|  NA|    NA|
|x|         10|         45|        272|     32508743.00|         85|00:03:57|+0.48|0.74|0.1618|
|x|         16|         45|        287|     32641188.67|        125|00:03:20|+0.48|0.65|0.1813|
|x|          2|         45|        284|     32633978.75|        165|00:03:34|+0.50|0.62|0.1655|
|-|          8|         23|        284|     32626275.40|        205|00:03:39|-0.12|0.10|1.0830|
|=|          9|         23|        284|     32610233.50|        223|00:01:46|-0.10|0.09|1.0636|
|=|         11|         23|        253|     32633104.71|        241|00:02:04|-0.08|0.07|1.0400|
|=|          1|         23|         16|     32649557.88|        259|00:02:01|-0.06|0.07|1.0198|
|=|         13|         23|        253|     32643924.56|        277|00:01:43|-0.04|0.08|0.9992|
|=|          3|         23|        253|     32620488.50|        295|00:01:40|-0.02|0.08|0.9870|
|=|         14|         23|        244|     32634539.82|        313|00:02:01|-0.03|0.07|0.9939|
|=|          6|         23|        244|     32631428.83|        331|00:02:09|-0.02|0.07|0.9829|
|=|         15|         23|        244|     32625392.38|        349|00:01:40|-0.00|0.07|0.9708|
|=|         12|         23|        244|     32620559.57|        367|00:01:50|+0.00|0.07|0.9681|
|=|          7|         23|        244|     32629507.47|        385|00:02:12|+0.01|0.07|0.9648|
|=|          4|         23|        244|     32624158.94|        403|00:02:04|+0.01|0.07|0.9546|
|=|          5|         23|        244|     32617091.53|        421|00:01:32|+0.01|0.07|0.9558|
|=|         18|         23|        244|     32610459.33|        444|00:02:24|+0.02|0.07|0.9519|
+-+-----------+-----------+-----------+----------------+-----------+--------+-----+----+------+
Best-so-far configuration:         244    mean value:      32610459.33
Description of the best-so-far configuration:
    .ID. algorithm localsearch alpha beta  rho ants q0 rasrank elitistants nnls
244  244      mmas           3  3.86 2.45 0.09   21 NA      NA          NA   18
    dlb .PARENT.
244   0      208

# 2026-01-18 00:25:28 -03: Elite configurations (first number is the configuration ID; listed from best to worst according to the sum of ranks):
    algorithm localsearch alpha beta  rho ants q0 rasrank elitistants nnls dlb
244      mmas           3  3.86 2.45 0.09   21 NA      NA          NA   18   0
287      mmas           3  4.17 2.55 0.13   24 NA      NA          NA   25   0
249      mmas           3  3.47 2.17 0.12   31 NA      NA          NA   23   0
253      mmas           3  3.70 3.09 0.12   16 NA      NA          NA   16   0
272      mmas           3  4.01 1.62 0.09   19 NA      NA          NA   15   0
# 2026-01-18 00:25:28 -03: Iteration 8 of 8
# experimentsUsed: 1902
# remainingBudget: 848
# currentBudget: 848
# nbConfigurations: 45
# Markers:
     x No test is performed.
     c Configurations are discarded only due to capping.
     - The test is performed and some configurations are discarded.
     = The test is performed but no configuration is discarded.
     ! The test is performed and configurations could be discarded but elite configurations are preserved.
     . All alive configurations are elite and nothing is discarded.

+-+-----------+-----------+-----------+----------------+-----------+--------+-----+----+------+
| |   Instance|      Alive|       Best|       Mean best| Exp so far|  W time|  rho|KenW|  Qvar|
+-+-----------+-----------+-----------+----------------+-----------+--------+-----+----+------+
|x|         19|         45|        308|     32473290.00|         45|00:04:54|   NA|  NA|    NA|
|x|         12|         45|        323|     32498575.50|         85|00:04:46|+0.37|0.68|0.1849|
|x|          6|         45|        314|     32519005.67|        125|00:04:10|+0.36|0.57|0.1540|
|x|         11|         45|        313|     32580237.25|        165|00:03:41|+0.32|0.49|0.1615|
|-|          2|         27|        249|     32603149.60|        205|00:03:54|-0.12|0.10|1.0855|
|=|         10|         27|        319|     32600385.17|        227|00:02:20|-0.05|0.12|1.0169|
|=|         14|         27|        289|     32608329.14|        249|00:02:46|-0.04|0.11|1.0024|
|=|         15|         27|        249|     32601289.25|        271|00:03:03|-0.00|0.12|0.9655|
|=|          4|         27|        249|     32593255.67|        293|00:02:22|-0.01|0.10|0.9716|
|=|         17|         27|        319|     32586084.20|        315|00:03:00|-0.02|0.09|0.9778|
|=|         16|         27|        312|     32613179.82|        337|00:02:26|-0.00|0.09|0.9643|
|=|          7|         27|        244|     32630457.67|        359|00:02:57|+0.00|0.08|0.9558|
|=|          9|         27|        244|     32622307.85|        381|00:02:29|+0.00|0.08|0.9546|
|=|         18|         27|        244|     32613408.14|        403|00:02:34|+0.00|0.08|0.9548|
|=|          1|         27|        249|     32622315.27|        425|00:02:19|+0.01|0.08|0.9532|
|=|          5|         27|        244|     32615479.25|        447|00:03:03|+0.02|0.08|0.9456|
|=|          3|         27|        244|     32605105.35|        469|00:02:22|+0.03|0.09|0.9333|
|-|         13|         19|        244|     32605705.33|        491|00:02:19|-0.01|0.05|0.9622|
|=|          8|         19|        244|     32604671.95|        505|00:01:38|-0.01|0.04|0.9601|
|=|         20|         19|        322|     32615363.90|        524|00:02:02|-0.01|0.04|0.9538|
+-+-----------+-----------+-----------+----------------+-----------+--------+-----+----+------+
Best-so-far configuration:         322    mean value:      32615363.90
Description of the best-so-far configuration:
    .ID. algorithm localsearch alpha beta  rho ants q0 rasrank elitistants nnls
322  322      mmas           3  3.42 1.62 0.14   25 NA      NA          NA   23
    dlb .PARENT.
322   0      249

# 2026-01-18 01:24:43 -03: Elite configurations (first number is the configuration ID; listed from best to worst according to the sum of ranks):
    algorithm localsearch alpha beta  rho ants q0 rasrank elitistants nnls dlb
322      mmas           3  3.42 1.62 0.14   25 NA      NA          NA   23   0
244      mmas           3  3.86 2.45 0.09   21 NA      NA          NA   18   0
287      mmas           3  4.17 2.55 0.13   24 NA      NA          NA   25   0
272      mmas           3  4.01 1.62 0.09   19 NA      NA          NA   15   0
312      mmas           3  3.49 2.77 0.09   18 NA      NA          NA   18   0
# 2026-01-18 01:24:43 -03: There is not enough budget to enforce the value of nbConfigurations, returning to default behaviour nbConfigurations:20.
# Iteration: 9
# nbIterations: 9
# experimentsUsed: 2426
# timeUsed: 0
# remainingBudget: 324
# currentBudget: 324
# number of elites: 5
# nbConfigurations: 20
# 2026-01-18 01:24:43 -03: Iteration 9 of 9
# experimentsUsed: 2426
# remainingBudget: 324
# currentBudget: 324
# nbConfigurations: 20
# Markers:
     x No test is performed.
     c Configurations are discarded only due to capping.
     - The test is performed and some configurations are discarded.
     = The test is performed but no configuration is discarded.
     ! The test is performed and configurations could be discarded but elite configurations are preserved.
     . All alive configurations are elite and nothing is discarded.

+-+-----------+-----------+-----------+----------------+-----------+--------+-----+----+------+
| |   Instance|      Alive|       Best|       Mean best| Exp so far|  W time|  rho|KenW|  Qvar|
+-+-----------+-----------+-----------+----------------+-----------+--------+-----+----+------+
|x|         21|         20|        312|     32895084.00|         20|00:02:04|   NA|  NA|    NA|
|x|          8|         20|        337|     32766447.00|         35|00:01:34|+0.42|0.71|0.0790|
|x|         19|         20|        337|     32684306.00|         50|00:01:32|+0.38|0.59|0.1099|
|x|         11|         20|        244|     32703491.75|         65|00:01:49|+0.42|0.57|0.0958|
|-|         13|         12|        332|     32672830.80|         80|00:01:51|-0.07|0.14|0.9906|
|=|          6|         12|        332|     32661368.00|         87|00:01:10|-0.05|0.12|0.9804|
|=|         16|         12|        244|     32693531.14|         94|00:01:08|-0.04|0.10|0.9540|
|=|          9|         12|        244|     32672403.50|        101|00:01:01|-0.01|0.12|0.9093|
|=|          1|         12|        244|     32681685.44|        108|00:00:55|-0.00|0.11|0.9277|
|=|          7|         12|        244|     32688994.70|        115|00:00:55|+0.01|0.11|0.9155|
|=|          3|         12|        244|     32666279.09|        122|00:01:11|+0.03|0.11|0.8918|
|=|          5|         12|        244|     32652756.92|        129|00:01:07|+0.05|0.13|0.8686|
|=|          2|         12|        244|     32654035.69|        136|00:00:57|+0.03|0.11|0.8888|
|=|         18|         12|        244|     32642869.71|        143|00:00:48|+0.01|0.08|0.9036|
|=|         15|         12|        244|     32636875.40|        150|00:01:16|+0.02|0.08|0.9056|
|=|          4|         12|        244|     32631066.38|        157|00:01:13|+0.03|0.09|0.8895|
|=|         12|         12|        244|     32626752.65|        164|00:01:07|+0.02|0.08|0.8993|
|=|         10|         12|        244|     32625574.39|        171|00:00:51|+0.04|0.09|0.8804|
|=|         17|         12|        322|     32621641.42|        178|00:01:01|+0.03|0.08|0.8886|
|-|         20|          9|        322|     32628732.85|        185|00:01:04|-0.02|0.03|0.9164|
|=|         14|          9|        322|     32632495.62|        189|00:01:09|-0.02|0.03|0.9164|
|=|         22|          9|        322|     32634922.86|        198|00:00:51|-0.01|0.03|0.9086|
+-+-----------+-----------+-----------+----------------+-----------+--------+-----+----+------+
Best-so-far configuration:         322    mean value:      32634922.86
Description of the best-so-far configuration:
    .ID. algorithm localsearch alpha beta  rho ants q0 rasrank elitistants nnls
322  322      mmas           3  3.42 1.62 0.14   25 NA      NA          NA   23
    dlb .PARENT.
322   0      249

# 2026-01-18 01:51:26 -03: Elite configurations (first number is the configuration ID; listed from best to worst according to the sum of ranks):
    algorithm localsearch alpha beta  rho ants q0 rasrank elitistants nnls dlb
322      mmas           3  3.42 1.62 0.14   25 NA      NA          NA   23   0
244      mmas           3  3.86 2.45 0.09   21 NA      NA          NA   18   0
272      mmas           3  4.01 1.62 0.09   19 NA      NA          NA   15   0
287      mmas           3  4.17 2.55 0.13   24 NA      NA          NA   25   0
312      mmas           3  3.49 2.77 0.09   18 NA      NA          NA   18   0
# 2026-01-18 01:51:26 -03: There is not enough budget to enforce the value of nbConfigurations, returning to default behaviour nbConfigurations:10.
# Iteration: 10
# nbIterations: 10
# experimentsUsed: 2624
# timeUsed: 0
# remainingBudget: 126
# currentBudget: 126
# number of elites: 5
# nbConfigurations: 10
# 2026-01-18 01:51:26 -03: Iteration 10 of 10
# experimentsUsed: 2624
# remainingBudget: 126
# currentBudget: 126
# nbConfigurations: 10
# Markers:
     x No test is performed.
     c Configurations are discarded only due to capping.
     - The test is performed and some configurations are discarded.
     = The test is performed but no configuration is discarded.
     ! The test is performed and configurations could be discarded but elite configurations are preserved.
     . All alive configurations are elite and nothing is discarded.

+-+-----------+-----------+-----------+----------------+-----------+--------+-----+----+------+
| |   Instance|      Alive|       Best|       Mean best| Exp so far|  W time|  rho|KenW|  Qvar|
+-+-----------+-----------+-----------+----------------+-----------+--------+-----+----+------+
|x|         23|         10|        287|     32643100.00|         10|00:01:10|   NA|  NA|    NA|
|x|         22|         10|        287|     32661812.00|         15|00:00:52|+0.44|0.72|0.1768|
|x|         17|         10|        287|     32608613.67|         20|00:01:03|+0.22|0.48|0.4409|
|x|         20|         10|        287|     32648106.75|         25|00:00:50|+0.39|0.55|0.3260|
|-|          5|          7|        287|     32617317.40|         30|00:00:53|+0.08|0.26|0.7742|
|=|         14|          7|        287|     32632057.17|         32|00:00:42|-0.06|0.12|0.8775|
|=|         21|          7|        272|     32676841.29|         34|00:00:41|-0.06|0.09|0.8914|
|=|         16|          7|        287|     32703663.00|         36|00:00:46|-0.10|0.04|0.9204|
|=|         18|          7|        272|     32677293.22|         38|00:00:30|-0.05|0.07|0.8860|
|=|         19|          7|        272|     32661707.30|         40|00:00:27|-0.05|0.05|0.8928|
|=|         15|          7|        272|     32647198.55|         42|00:00:54|-0.03|0.06|0.8709|
|=|          9|          7|        272|     32633030.92|         44|00:00:41|+0.01|0.09|0.8406|
|=|          2|          7|        272|     32640071.92|         46|00:00:47|-0.00|0.07|0.8520|
|=|          6|          7|        272|     32635357.64|         48|00:00:58|+0.01|0.08|0.8391|
|=|         10|          7|        272|     32631284.33|         50|00:00:33|+0.03|0.10|0.8240|
|=|          1|          7|        272|     32642295.56|         52|00:00:53|+0.02|0.08|0.8378|
|=|         11|          7|        272|     32647230.12|         54|00:00:42|+0.03|0.09|0.8359|
|=|          3|          7|        322|     32642772.11|         56|00:00:26|+0.01|0.07|0.8476|
|=|         13|          7|        322|     32637773.58|         58|00:00:46|+0.03|0.08|0.8330|
|=|          7|          7|        322|     32647073.85|         60|00:00:47|+0.04|0.09|0.8269|
|=|         12|          7|        322|     32645710.14|         62|00:00:40|+0.03|0.08|0.8358|
|=|          8|          7|        322|     32644481.64|         64|00:00:43|+0.02|0.06|0.8459|
|=|          4|          7|        322|     32637908.17|         66|00:00:39|+0.01|0.05|0.8522|
|=|         24|          7|        322|     32633216.96|         73|00:00:41|+0.02|0.06|0.8499|
+-+-----------+-----------+-----------+----------------+-----------+--------+-----+----+------+
Best-so-far configuration:         322    mean value:      32633216.96
Description of the best-so-far configuration:
    .ID. algorithm localsearch alpha beta  rho ants q0 rasrank elitistants nnls
322  322      mmas           3  3.42 1.62 0.14   25 NA      NA          NA   23
    dlb .PARENT.
322   0      249

# 2026-01-18 02:09:41 -03: Elite configurations (first number is the configuration ID; listed from best to worst according to the sum of ranks):
    algorithm localsearch alpha beta  rho ants q0 rasrank elitistants nnls dlb
322      mmas           3  3.42 1.62 0.14   25 NA      NA          NA   23   0
244      mmas           3  3.86 2.45 0.09   21 NA      NA          NA   18   0
287      mmas           3  4.17 2.55 0.13   24 NA      NA          NA   25   0
312      mmas           3  3.49 2.77 0.09   18 NA      NA          NA   18   0
272      mmas           3  4.01 1.62 0.09   19 NA      NA          NA   15   0
# 2026-01-18 02:09:41 -03: There is not enough budget to enforce the value of nbConfigurations, returning to default behaviour nbConfigurations:6.
# Iteration: 11
# nbIterations: 11
# experimentsUsed: 2697
# timeUsed: 0
# remainingBudget: 53
# currentBudget: 53
# number of elites: 5
# nbConfigurations: 6
# 2026-01-18 02:09:41 -03: Iteration 11 of 11
# experimentsUsed: 2697
# remainingBudget: 53
# currentBudget: 53
# nbConfigurations: 6
# Markers:
     x No test is performed.
     c Configurations are discarded only due to capping.
     - The test is performed and some configurations are discarded.
     = The test is performed but no configuration is discarded.
     ! The test is performed and configurations could be discarded but elite configurations are preserved.
     . All alive configurations are elite and nothing is discarded.

+-+-----------+-----------+-----------+----------------+-----------+--------+-----+----+------+
| |   Instance|      Alive|       Best|       Mean best| Exp so far|  W time|  rho|KenW|  Qvar|
+-+-----------+-----------+-----------+----------------+-----------+--------+-----+----+------+
|x|         25|          6|        272|     32282910.00|          6|00:01:05|   NA|  NA|    NA|
|x|          8|          6|        322|     32463773.00|          7|00:00:39|-0.14|0.43|1.4452|
|x|         23|          6|        287|     32530757.67|          8|00:00:36|-0.14|0.24|1.0295|
|x|          6|          6|        287|     32541116.75|          9|00:00:33|+0.09|0.31|0.8270|
|=|         11|          6|        322|     32588818.40|         10|00:00:40|+0.13|0.31|0.7586|
|=|          3|          6|        322|     32560753.00|         11|00:00:36|+0.02|0.18|0.8722|
|=|         19|          6|        322|     32564778.43|         12|00:00:39|-0.05|0.10|0.8844|
|=|          5|          6|        322|     32557128.38|         13|00:00:46|+0.03|0.15|0.8130|
|=|         18|          6|        322|     32548112.78|         14|00:00:40|+0.08|0.18|0.7878|
|-|          4|          5|        322|     32542630.70|         15|00:00:52|+0.07|0.17|0.7758|
|.|          9|          5|        322|     32541187.00|         15|00:00:00|+0.02|0.11|0.7972|
|.|          1|          5|        322|     32557353.08|         15|00:00:00|+0.07|0.14|0.7712|
|.|         22|          5|        322|     32567240.92|         15|00:00:00|+0.09|0.16|0.7430|
|.|          2|          5|        322|     32577722.57|         15|00:00:00|+0.05|0.12|0.7800|
|.|         14|          5|        322|     32586391.13|         15|00:00:00|+0.02|0.08|0.8036|
|.|         17|          5|        322|     32579377.38|         15|00:00:00|+0.01|0.07|0.8064|
|.|         16|          5|        322|     32596153.00|         15|00:00:00|-0.00|0.06|0.8180|
|.|         10|          5|        322|     32592902.78|         15|00:00:00|-0.00|0.05|0.8131|
|.|         24|          5|        322|     32589345.74|         15|00:00:00|+0.00|0.06|0.8145|
|.|         21|          5|        322|     32608634.95|         15|00:00:00|-0.01|0.04|0.8239|
|.|          7|          5|        322|     32618879.90|         15|00:00:00|-0.00|0.05|0.8224|
|.|         15|          5|        322|     32617107.45|         15|00:00:00|-0.01|0.03|0.8235|
|.|         12|          5|        322|     32617165.22|         15|00:00:00|-0.02|0.02|0.8281|
|.|         20|          5|        322|     32623261.25|         15|00:00:00|-0.02|0.02|0.8269|
|.|         13|          5|        322|     32620242.80|         15|00:00:00|-0.01|0.03|0.8223|
+-+-----------+-----------+-----------+----------------+-----------+--------+-----+----+------+
Best-so-far configuration:         322    mean value:      32620242.80
Description of the best-so-far configuration:
    .ID. algorithm localsearch alpha beta  rho ants q0 rasrank elitistants nnls
322  322      mmas           3  3.42 1.62 0.14   25 NA      NA          NA   23
    dlb .PARENT.
322   0      249

# 2026-01-18 02:16:51 -03: Elite configurations (first number is the configuration ID; listed from best to worst according to the sum of ranks):
    algorithm localsearch alpha beta  rho ants q0 rasrank elitistants nnls dlb
322      mmas           3  3.42 1.62 0.14   25 NA      NA          NA   23   0
244      mmas           3  3.86 2.45 0.09   21 NA      NA          NA   18   0
272      mmas           3  4.01 1.62 0.09   19 NA      NA          NA   15   0
287      mmas           3  4.17 2.55 0.13   24 NA      NA          NA   25   0
312      mmas           3  3.49 2.77 0.09   18 NA      NA          NA   18   0
# 2026-01-18 02:16:51 -03: There is not enough budget to enforce the value of nbConfigurations, returning to default behaviour nbConfigurations:6.
# Iteration: 12
# nbIterations: 12
# experimentsUsed: 2712
# timeUsed: 0
# remainingBudget: 38
# currentBudget: 38
# number of elites: 5
# nbConfigurations: 6
# 2026-01-18 02:16:51 -03: Iteration 12 of 12
# experimentsUsed: 2712
# remainingBudget: 38
# currentBudget: 38
# nbConfigurations: 6
# Markers:
     x No test is performed.
     c Configurations are discarded only due to capping.
     - The test is performed and some configurations are discarded.
     = The test is performed but no configuration is discarded.
     ! The test is performed and configurations could be discarded but elite configurations are preserved.
     . All alive configurations are elite and nothing is discarded.

+-+-----------+-----------+-----------+----------------+-----------+--------+-----+----+------+
| |   Instance|      Alive|       Best|       Mean best| Exp so far|  W time|  rho|KenW|  Qvar|
+-+-----------+-----------+-----------+----------------+-----------+--------+-----+----+------+
|x|         26|          6|        312|     32549970.00|          6|00:00:55|   NA|  NA|    NA|
|x|         16|          6|        244|     32689646.00|          7|00:00:42|+0.60|0.80|0.6517|
|x|         13|          6|        312|     32659840.67|          8|00:00:32|+0.12|0.42|0.7208|
|x|          1|          6|        322|     32676625.25|          9|00:00:43|+0.08|0.31|0.7722|
|=|         23|          6|        322|     32682017.20|         10|00:00:54|+0.09|0.27|0.8300|
|=|          7|          6|        322|     32705644.17|         11|00:00:56|+0.14|0.28|0.7888|
|=|         25|          6|        322|     32648961.14|         12|00:00:40|+0.04|0.17|0.8338|
|=|          6|          6|        322|     32638472.50|         13|00:00:40|+0.09|0.21|0.7856|
|=|         17|          6|        322|     32620216.78|         14|00:00:36|+0.02|0.13|0.8335|
|=|         20|          6|        322|     32634542.10|         15|00:00:47|-0.00|0.10|0.8521|
|=|         19|          6|        322|     32630395.64|         16|00:00:46|-0.03|0.06|0.8774|
|=|          3|          6|        322|     32612898.17|         17|00:00:51|-0.04|0.05|0.8770|
|=|         18|          6|        322|     32602366.62|         18|00:00:42|-0.03|0.05|0.8687|
|=|         12|          6|        322|     32603514.43|         19|00:00:45|-0.05|0.03|0.8815|
|=|         11|          6|        322|     32613140.73|         20|00:00:28|-0.03|0.03|0.8730|
|=|         10|          6|        322|     32608422.50|         21|00:00:45|-0.02|0.04|0.8629|
|=|         24|          6|        322|     32603534.06|         22|00:00:46|-0.01|0.05|0.8517|
|=|         14|          6|        322|     32609323.89|         23|00:00:40|-0.02|0.03|0.8548|
|=|          2|          6|        322|     32614832.32|         24|00:00:44|-0.03|0.03|0.8632|
|=|          8|          6|        322|     32615024.85|         25|00:00:42|-0.02|0.03|0.8593|
|=|         22|          6|        322|     32618399.62|         26|00:00:30|-0.02|0.03|0.8602|
|=|          9|          6|        322|     32614233.73|         27|00:00:45|-0.03|0.02|0.8592|
|=|          4|          6|        322|     32608975.39|         28|00:00:50|-0.02|0.03|0.8496|
|=|          5|          6|        322|     32604583.83|         29|00:00:42|-0.01|0.03|0.8487|
|=|         15|          6|        322|     32603595.92|         30|00:00:40|-0.02|0.02|0.8530|
|=|         21|          6|        322|     32617885.69|         31|00:00:50|-0.02|0.02|0.8561|
|=|         27|          6|        322|     32606179.96|         37|00:00:41|-0.02|0.02|0.8496|
+-+-----------+-----------+-----------+----------------+-----------+--------+-----+----+------+
Best-so-far configuration:         322    mean value:      32606179.96
Description of the best-so-far configuration:
    .ID. algorithm localsearch alpha beta  rho ants q0 rasrank elitistants nnls
322  322      mmas           3  3.42 1.62 0.14   25 NA      NA          NA   23
    dlb .PARENT.
322   0      249

# 2026-01-18 02:36:33 -03: Elite configurations (first number is the configuration ID; listed from best to worst according to the sum of ranks):
    algorithm localsearch alpha beta  rho ants q0 rasrank elitistants nnls dlb
322      mmas           3  3.42 1.62 0.14   25 NA      NA          NA   23   0
244      mmas           3  3.86 2.45 0.09   21 NA      NA          NA   18   0
350      mmas           3  3.45 1.54 0.12   27 NA      NA          NA   22   0
272      mmas           3  4.01 1.62 0.09   19 NA      NA          NA   15   0
312      mmas           3  3.49 2.77 0.09   18 NA      NA          NA   18   0
# 2026-01-18 02:36:33 -03: There is not enough budget to enforce the value of nbConfigurations, returning to default behaviour nbConfigurations:5.
# Iteration: 13
# nbIterations: 13
# experimentsUsed: 2749
# timeUsed: 0
# remainingBudget: 1
# currentBudget: 1
# number of elites: 5
# nbConfigurations: 5
# 2026-01-18 02:36:33 -03: Stopped because there is not enough budget left to race more than the minimum (5).
# You may either increase the budget or set 'minNbSurvival' to a lower value.
# Iteration: 13
# nbIterations: 13
# experimentsUsed: 2749
# timeUsed: 0
# remainingBudget: 1
# currentBudget: 1
# number of elites: 5
# nbConfigurations: 5
# Total CPU user time: 114635.3, CPU sys time: 466.818, Wall-clock time: 17153.33
    .ID. algorithm localsearch alpha beta  rho ants q0 rasrank elitistants nnls
322  322      mmas           3  3.42 1.62 0.14   25 NA      NA          NA   23
244  244      mmas           3  3.86 2.45 0.09   21 NA      NA          NA   18
350  350      mmas           3  3.45 1.54 0.12   27 NA      NA          NA   22
272  272      mmas           3  4.01 1.62 0.09   19 NA      NA          NA   15
312  312      mmas           3  3.49 2.77 0.09   18 NA      NA          NA   18
    dlb .PARENT. .RANK.   .WEIGHT.
322   0      249     81 0.33333333
244   0      208     93 0.26666667
350   0      322     96 0.20000000
272   0      244     97 0.13333333
312   0      244     99 0.06666667
