# 2026-01-25 20:31:23 -03: Reading parameter file '/home/pestobar/Activities/irace-executions/PSO-X/Scenarios/BL-32/Runs/BL-32_seed_500057/parameters.txt'.
# 2026-01-25 20:31:23 -03: 2 expression(s) specifying forbidden configurations read.
# 2026-01-25 20:31:23 -03: Initialization
# Elitist race
# Elitist new instances: 1
# Elitist limit: 2
# nbIterations: 5
# minNbSurvival: 5
# nbParameters: 8
# seed: 500057
# confidence level: 0.95
# budget: 2000
# mu: 5
# deterministic: FALSE

# 2026-01-25 20:31:23 -03: Iteration 1 of 5
# experimentsUsed: 0
# remainingBudget: 2000
# currentBudget: 400
# nbConfigurations: 32
# Markers:
     x No test is performed.
     c Configurations are discarded only due to capping.
     - The test is performed and some configurations are discarded.
     = The test is performed but no configuration is discarded.
     ! The test is performed and configurations could be discarded but elite configurations are preserved.
     . All alive configurations are elite and nothing is discarded.

+-+-----------+-----------+-----------+----------------+-----------+--------+-----+----+------+
| |   Instance|      Alive|       Best|       Mean best| Exp so far|  W time|  rho|KenW|  Qvar|
+-+-----------+-----------+-----------+----------------+-----------+--------+-----+----+------+
|x|          1|         32|         18|     90.29080211|         32|00:00:29|   NA|  NA|    NA|
|x|          2|         32|         23|     921.5430943|         64|00:02:11|+0.53|0.77|0.4808|
|x|          3|         32|         23|     627.2577919|         96|00:00:28|+0.55|0.70|0.3496|
|x|          4|         32|         23|     1277.885173|        128|00:00:29|+0.57|0.68|0.2748|
|-|          5|          9|         23|     1198.939478|        160|00:02:28|-0.04|0.17|1.0444|
|=|          6|          9|         23|     999.2579723|        169|00:00:01|-0.00|0.16|1.0106|
|=|          7|          9|         23|     856.5668316|        178|00:00:01|+0.02|0.16|0.9415|
+-+-----------+-----------+-----------+----------------+-----------+--------+-----+----+------+
Best-so-far configuration:          23    mean value:      856.5668316
Description of the best-so-far configuration:
   .ID. particles topology modInfluence branching tSchedule phi1 phi2 inertia
23   23       133        4            0        NA        NA 2.11 1.67     0.7
   .PARENT.
23       NA

# 2026-01-25 20:37:35 -03: Elite configurations (first number is the configuration ID; listed from best to worst according to the sum of ranks):
   particles topology modInfluence branching tSchedule phi1 phi2 inertia
23       133        4            0        NA        NA 2.11 1.67    0.70
15       164        4            2        NA        NA 0.16 0.65    0.90
16        71        4            1        NA        NA 0.70 1.51    0.87
6        102        4            2        NA        NA 1.25 0.81    0.84
14        64        1            1        NA        NA 1.41 1.90    0.45
# 2026-01-25 20:37:35 -03: Iteration 2 of 5
# experimentsUsed: 178
# remainingBudget: 1822
# currentBudget: 455
# nbConfigurations: 32
# Markers:
     x No test is performed.
     c Configurations are discarded only due to capping.
     - The test is performed and some configurations are discarded.
     = The test is performed but no configuration is discarded.
     ! The test is performed and configurations could be discarded but elite configurations are preserved.
     . All alive configurations are elite and nothing is discarded.

+-+-----------+-----------+-----------+----------------+-----------+--------+-----+----+------+
| |   Instance|      Alive|       Best|       Mean best| Exp so far|  W time|  rho|KenW|  Qvar|
+-+-----------+-----------+-----------+----------------+-----------+--------+-----+----+------+
|x|          8|         32|         38|     28.26930352|         32|00:00:32|   NA|  NA|    NA|
|x|          1|         32|         38|     363.9984742|         59|00:00:31|+0.76|0.88|0.4630|
|x|          4|         32|         38|     447.3012895|         86|00:00:31|+0.46|0.64|0.4760|
|x|          2|         32|         38|     562.9389455|        113|00:02:07|+0.52|0.64|0.4927|
|-|          3|          7|         38|     461.4870125|        140|00:00:32|+0.10|0.28|0.9286|
|=|          7|          7|         38|     384.6420967|        142|00:00:01|+0.06|0.22|0.8982|
|=|          5|          7|         38|     456.7278459|        144|00:00:34|+0.13|0.25|0.8590|
|=|          6|          7|         38|     399.8721211|        146|00:00:01|+0.04|0.16|0.8201|
|=|          9|          7|         38|     377.1049578|        153|00:00:02|+0.03|0.14|0.8688|
+-+-----------+-----------+-----------+----------------+-----------+--------+-----+----+------+
Best-so-far configuration:          38    mean value:      377.1049578
Description of the best-so-far configuration:
   .ID. particles topology modInfluence branching tSchedule phi1 phi2 inertia
38   38        87        4            0        NA        NA 2.02 1.92    0.81
   .PARENT.
38       23

# 2026-01-25 20:42:30 -03: Elite configurations (first number is the configuration ID; listed from best to worst according to the sum of ranks):
   particles topology modInfluence branching tSchedule phi1 phi2 inertia
38        87        4            0        NA        NA 2.02 1.92    0.81
23       133        4            0        NA        NA 2.11 1.67    0.70
15       164        4            2        NA        NA 0.16 0.65    0.90
6        102        4            2        NA        NA 1.25 0.81    0.84
42        43        1            0        NA        NA 1.83 1.42    0.88
# 2026-01-25 20:42:30 -03: Iteration 3 of 5
# experimentsUsed: 331
# remainingBudget: 1669
# currentBudget: 556
# nbConfigurations: 32
# Markers:
     x No test is performed.
     c Configurations are discarded only due to capping.
     - The test is performed and some configurations are discarded.
     = The test is performed but no configuration is discarded.
     ! The test is performed and configurations could be discarded but elite configurations are preserved.
     . All alive configurations are elite and nothing is discarded.

+-+-----------+-----------+-----------+----------------+-----------+--------+-----+----+------+
| |   Instance|      Alive|       Best|       Mean best| Exp so far|  W time|  rho|KenW|  Qvar|
+-+-----------+-----------+-----------+----------------+-----------+--------+-----+----+------+
|x|         10|         32|         78|     110.6399157|         32|00:00:16|   NA|  NA|    NA|
|x|          5|         32|         68|     5667.422581|         59|00:01:53|+0.58|0.79|0.4462|
|x|          2|         32|         68|     4081.421590|         86|00:01:42|+0.61|0.74|0.6429|
|x|          6|         32|         68|     3061.383864|        113|00:00:15|+0.53|0.65|0.4969|
|-|          3|         20|         23|     3731.160888|        140|00:00:16|-0.01|0.19|1.0623|
|=|          7|         20|         84|     5985.590290|        155|00:00:02|+0.03|0.19|1.0019|
|=|          1|         20|         23|     2798.468569|        170|00:00:02|+0.07|0.20|0.9847|
|=|          9|         20|         62|     3294.433799|        185|00:00:03|+0.05|0.17|0.9486|
|-|          8|         13|         62|     2933.566788|        200|00:00:03|+0.01|0.12|0.8908|
|=|          4|         13|         38|     2117.391219|        208|00:00:01|-0.00|0.10|0.8920|
|=|         11|         13|         84|     16354.70620|        221|00:00:02|-0.01|0.08|0.8877|
+-+-----------+-----------+-----------+----------------+-----------+--------+-----+----+------+
Best-so-far configuration:          84    mean value:      16354.70620
Description of the best-so-far configuration:
   .ID. particles topology modInfluence branching tSchedule phi1 phi2 inertia
84   84       151        4            0        NA        NA    2 1.57    0.65
   .PARENT.
84       23

# 2026-01-25 20:47:11 -03: Elite configurations (first number is the configuration ID; listed from best to worst according to the sum of ranks):
   particles topology modInfluence branching tSchedule phi1 phi2 inertia
84       151        4            0        NA        NA 2.00 1.57    0.65
38        87        4            0        NA        NA 2.02 1.92    0.81
61       123        4            2        NA        NA 2.00 2.06    0.81
75        84        4            2        NA        NA 1.76 2.18    0.72
62       137        4            0        NA        NA 2.16 1.77    0.73
# 2026-01-25 20:47:11 -03: Iteration 4 of 5
# experimentsUsed: 552
# remainingBudget: 1448
# currentBudget: 724
# nbConfigurations: 32
# Markers:
     x No test is performed.
     c Configurations are discarded only due to capping.
     - The test is performed and some configurations are discarded.
     = The test is performed but no configuration is discarded.
     ! The test is performed and configurations could be discarded but elite configurations are preserved.
     . All alive configurations are elite and nothing is discarded.

+-+-----------+-----------+-----------+----------------+-----------+--------+-----+----+------+
| |   Instance|      Alive|       Best|       Mean best| Exp so far|  W time|  rho|KenW|  Qvar|
+-+-----------+-----------+-----------+----------------+-----------+--------+-----+----+------+
|x|         12|         32|         98|     3.536689610|         32|00:00:04|   NA|  NA|    NA|
|x|          3|         32|         99|     33.20116473|         59|00:00:05|+0.17|0.59|0.6035|
|x|          7|         32|         99|     22.24392820|         86|00:00:04|+0.28|0.52|0.6199|
|x|          8|         32|        111|     21.77232868|        113|00:00:06|+0.12|0.34|0.8086|
|-|          2|         17|        111|     199.3724246|        140|00:01:42|+0.03|0.22|0.8972|
|=|          5|         17|        111|     313.1319884|        152|00:01:10|+0.03|0.19|0.8958|
|=|          9|         17|        100|     301.8774937|        164|00:00:03|+0.06|0.19|0.8755|
|=|         10|         17|        111|     3145.240213|        176|00:00:02|+0.04|0.16|0.9003|
|=|          1|         17|        111|     2871.806769|        188|00:00:02|+0.03|0.13|0.9112|
|=|         11|         17|        111|     18796.09406|        200|00:00:02|+0.01|0.11|0.9125|
|=|          4|         17|         99|     12694.32951|        212|00:00:02|+0.03|0.12|0.9005|
|=|          6|         17|         99|     11636.47758|        224|00:00:02|+0.04|0.12|0.8957|
|=|         13|         17|         99|     10741.85973|        241|00:00:02|+0.04|0.12|0.8915|
+-+-----------+-----------+-----------+----------------+-----------+--------+-----+----+------+
Best-so-far configuration:          99    mean value:      10741.85973
Description of the best-so-far configuration:
   .ID. particles topology modInfluence branching tSchedule phi1 phi2 inertia
99   99        90        4            0        NA        NA 1.66  2.3    0.57
   .PARENT.
99       75

# 2026-01-25 20:50:44 -03: Elite configurations (first number is the configuration ID; listed from best to worst according to the sum of ranks):
    particles topology modInfluence branching tSchedule phi1 phi2 inertia
99         90        4            0        NA        NA 1.66 2.30    0.57
100       125        4            2        NA        NA 2.22 2.46    0.78
111       134        4            0        NA        NA 1.97 1.85    0.75
75         84        4            2        NA        NA 1.76 2.18    0.72
84        151        4            0        NA        NA 2.00 1.57    0.65
# 2026-01-25 20:50:44 -03: Iteration 5 of 5
# experimentsUsed: 793
# remainingBudget: 1207
# currentBudget: 1207
# nbConfigurations: 32
# Markers:
     x No test is performed.
     c Configurations are discarded only due to capping.
     - The test is performed and some configurations are discarded.
     = The test is performed but no configuration is discarded.
     ! The test is performed and configurations could be discarded but elite configurations are preserved.
     . All alive configurations are elite and nothing is discarded.

+-+-----------+-----------+-----------+----------------+-----------+--------+-----+----+------+
| |   Instance|      Alive|       Best|       Mean best| Exp so far|  W time|  rho|KenW|  Qvar|
+-+-----------+-----------+-----------+----------------+-----------+--------+-----+----+------+
|x|         14|         32|        100|     46.41201793|         32|00:00:07|   NA|  NA|    NA|
|x|          8|         32|        131|     36.88467603|         59|00:00:06|+0.32|0.66|0.5028|
|x|         11|         32|        111|     54063.86681|         86|00:00:05|+0.02|0.34|0.3737|
|x|          2|         32|        132|     21247.64802|        113|00:01:42|+0.12|0.34|0.2968|
|-|          1|         19|        132|     17109.07830|        140|00:00:04|-0.04|0.17|1.0686|
|=|          6|         19|        118|     16868.04678|        154|00:00:03|-0.01|0.16|0.9986|
|=|         10|         19|        118|     20579.16120|        168|00:00:03|-0.05|0.10|1.0198|
|=|          4|         19|        132|     15889.83249|        182|00:00:02|-0.01|0.11|0.9757|
|=|          9|         19|         99|     15412.68995|        196|00:00:03|+0.01|0.12|0.9463|
|=|          5|         19|         99|     13962.16345|        210|00:01:14|-0.01|0.09|0.9655|
|=|         13|         19|         99|     12693.46183|        224|00:00:02|+0.00|0.09|0.9502|
|=|         12|         19|         99|     11636.00426|        238|00:00:02|+0.02|0.10|0.9322|
|=|          7|         19|         99|     10740.95235|        252|00:00:03|+0.03|0.11|0.9272|
|=|          3|         19|         99|     9978.200849|        266|00:00:03|+0.03|0.10|0.9232|
|=|         15|         19|         99|     9314.130228|        285|00:00:03|+0.04|0.11|0.9095|
+-+-----------+-----------+-----------+----------------+-----------+--------+-----+----+------+
Best-so-far configuration:          99    mean value:      9314.130228
Description of the best-so-far configuration:
   .ID. particles topology modInfluence branching tSchedule phi1 phi2 inertia
99   99        90        4            0        NA        NA 1.66  2.3    0.57
   .PARENT.
99       75

# 2026-01-25 20:54:34 -03: Elite configurations (first number is the configuration ID; listed from best to worst according to the sum of ranks):
    particles topology modInfluence branching tSchedule phi1 phi2 inertia
99         90        4            0        NA        NA 1.66 2.30    0.57
127        87        4            0        NA        NA 1.42 2.01    0.55
132       109        4            0        NA        NA 1.70 2.48    0.62
100       125        4            2        NA        NA 2.22 2.46    0.78
75         84        4            2        NA        NA 1.76 2.18    0.72
# 2026-01-25 20:54:34 -03: Iteration 6 of 6
# experimentsUsed: 1078
# remainingBudget: 922
# currentBudget: 922
# nbConfigurations: 32
# Markers:
     x No test is performed.
     c Configurations are discarded only due to capping.
     - The test is performed and some configurations are discarded.
     = The test is performed but no configuration is discarded.
     ! The test is performed and configurations could be discarded but elite configurations are preserved.
     . All alive configurations are elite and nothing is discarded.

+-+-----------+-----------+-----------+----------------+-----------+--------+-----+----+------+
| |   Instance|      Alive|       Best|       Mean best| Exp so far|  W time|  rho|KenW|  Qvar|
+-+-----------+-----------+-----------+----------------+-----------+--------+-----+----+------+
|x|         16|         32|         75|     91401.67194|         32|00:00:05|   NA|  NA|    NA|
|x|         14|         32|        100|     56135.14033|         59|00:00:05|+0.07|0.53|0.8914|
|x|          3|         32|        100|     37433.20435|         86|00:00:04|+0.20|0.47|0.7607|
|x|         12|         32|        148|     32050.98721|        113|00:00:03|+0.08|0.31|0.8976|
|=|          5|         32|        100|     22642.02334|        140|00:01:52|+0.05|0.24|0.9462|
|=|          6|         32|        100|     18868.36490|        167|00:00:04|-0.01|0.16|0.9860|
|=|          9|         32|        100|     16196.58487|        194|00:00:05|+0.01|0.15|0.9720|
|=|         15|         32|         99|     15494.78676|        221|00:00:04|+0.03|0.15|0.9520|
|-|         13|         25|        167|     15312.08194|        248|00:00:03|-0.02|0.09|0.9606|
|=|         11|         25|        153|     20934.53379|        268|00:00:03|-0.02|0.08|0.9613|
|=|         10|         25|         99|     23641.08697|        288|00:00:03|-0.01|0.08|0.9623|
|=|          7|         25|         99|     21671.02384|        308|00:00:03|-0.01|0.07|0.9571|
|=|          4|         25|         99|     20041.27411|        328|00:00:02|-0.01|0.07|0.9570|
|=|          1|         25|         99|     18673.26939|        348|00:00:02|-0.01|0.06|0.9457|
|=|          8|         25|         99|     17437.21666|        368|00:00:04|-0.01|0.06|0.9448|
|=|          2|         25|         99|     16404.21241|        388|00:01:09|+0.01|0.07|0.9403|
|=|         17|         25|         99|     15492.78904|        413|00:01:41|+0.01|0.07|0.9307|
+-+-----------+-----------+-----------+----------------+-----------+--------+-----+----+------+
Best-so-far configuration:          99    mean value:      15492.78904
Description of the best-so-far configuration:
   .ID. particles topology modInfluence branching tSchedule phi1 phi2 inertia
99   99        90        4            0        NA        NA 1.66  2.3    0.57
   .PARENT.
99       75

# 2026-01-25 21:00:14 -03: Elite configurations (first number is the configuration ID; listed from best to worst according to the sum of ranks):
    particles topology modInfluence branching tSchedule phi1 phi2 inertia
99         90        4            0        NA        NA 1.66 2.30    0.57
148        89        4            0        NA        NA 1.66 2.08    0.57
155       115        4            0        NA        NA 1.81 2.29    0.57
158        78        4            0        NA        NA 1.79 2.27    0.54
127        87        4            0        NA        NA 1.42 2.01    0.55
# 2026-01-25 21:00:14 -03: Iteration 7 of 7
# experimentsUsed: 1491
# remainingBudget: 509
# currentBudget: 509
# nbConfigurations: 32
# Markers:
     x No test is performed.
     c Configurations are discarded only due to capping.
     - The test is performed and some configurations are discarded.
     = The test is performed but no configuration is discarded.
     ! The test is performed and configurations could be discarded but elite configurations are preserved.
     . All alive configurations are elite and nothing is discarded.

+-+-----------+-----------+-----------+----------------+-----------+--------+-----+----+------+
| |   Instance|      Alive|       Best|       Mean best| Exp so far|  W time|  rho|KenW|  Qvar|
+-+-----------+-----------+-----------+----------------+-----------+--------+-----+----+------+
|x|         18|         32|        158|    0.8361621699|         32|00:00:05|   NA|  NA|    NA|
|x|         10|         32|        176|     14235.79630|         59|00:00:03|-0.31|0.34|1.2353|
|x|         14|         32|        176|     9504.525180|         86|00:00:05|+0.01|0.34|1.0042|
|x|         15|         32|        176|     7132.539619|        113|00:00:04|+0.07|0.30|0.9343|
|=|          1|         32|        176|     5824.391596|        140|00:00:03|+0.00|0.20|0.9839|
|=|          8|         32|        176|     4862.703391|        167|00:00:05|+0.03|0.19|0.9526|
|=|          7|         32|        176|     4168.108067|        194|00:00:04|+0.00|0.15|0.9814|
|=|          9|         32|        168|     2647.562957|        221|00:00:05|+0.01|0.13|0.9690|
|=|         11|         32|        155|     14025.70519|        248|00:00:04|+0.02|0.12|0.9556|
|=|         13|         32|        155|     12623.68575|        275|00:00:03|+0.02|0.12|0.9511|
|=|          2|         32|        168|     12597.75015|        302|00:01:41|+0.03|0.12|0.9358|
|=|         12|         32|         99|     11521.55344|        329|00:00:03|+0.04|0.12|0.9240|
|=|         16|         32|         99|     20078.00665|        356|00:00:03|+0.02|0.10|0.9362|
|=|          6|         32|         99|     18643.87091|        383|00:00:03|+0.03|0.10|0.9307|
|=|         17|         32|         99|     17461.61386|        410|00:01:38|+0.03|0.09|0.9378|
|=|          4|         32|         99|     16400.53033|        437|00:00:03|+0.02|0.08|0.9376|
|=|          5|         32|         99|     15489.17119|        464|00:01:48|+0.01|0.07|0.9472|
|=|          3|         32|         99|     14632.13009|        491|00:00:04|+0.02|0.07|0.9465|
+-+-----------+-----------+-----------+----------------+-----------+--------+-----+----+------+
Best-so-far configuration:          99    mean value:      14632.13009
Description of the best-so-far configuration:
   .ID. particles topology modInfluence branching tSchedule phi1 phi2 inertia
99   99        90        4            0        NA        NA 1.66  2.3    0.57
   .PARENT.
99       75

# 2026-01-25 21:06:26 -03: Elite configurations (first number is the configuration ID; listed from best to worst according to the sum of ranks):
    particles topology modInfluence branching tSchedule phi1 phi2 inertia
99         90        4            0        NA        NA 1.66 2.30    0.57
184        92        4            0        NA        NA 1.49 2.19    0.53
168        83        4            0        NA        NA 1.67 2.26    0.60
188        74        4            0        NA        NA 1.81 2.20    0.58
148        89        4            0        NA        NA 1.66 2.08    0.57
# 2026-01-25 21:06:26 -03: There is not enough budget to enforce the value of nbConfigurations, returning to default behaviour nbConfigurations:6.
# Iteration: 8
# nbIterations: 8
# experimentsUsed: 1982
# timeUsed: 0
# remainingBudget: 18
# currentBudget: 18
# number of elites: 5
# nbConfigurations: 6
# 2026-01-25 21:06:26 -03: Iteration 8 of 8
# experimentsUsed: 1982
# remainingBudget: 18
# currentBudget: 18
# nbConfigurations: 6
# Markers:
     x No test is performed.
     c Configurations are discarded only due to capping.
     - The test is performed and some configurations are discarded.
     = The test is performed but no configuration is discarded.
     ! The test is performed and configurations could be discarded but elite configurations are preserved.
     . All alive configurations are elite and nothing is discarded.

+-+-----------+-----------+-----------+----------------+-----------+--------+-----+----+------+
| |   Instance|      Alive|       Best|       Mean best| Exp so far|  W time|  rho|KenW|  Qvar|
+-+-----------+-----------+-----------+----------------+-----------+--------+-----+----+------+
|x|         15|          6|        188|     16.02257564|          1|00:00:01|   NA|  NA|    NA|
|x|          5|          6|        184|     456.4155086|          2|00:00:34|+0.49|0.74|0.5761|
|x|          9|          6|         99|     361.9016561|          3|00:00:01|+0.33|0.56|0.5402|
|x|          8|          6|        168|     289.1870811|          4|00:00:01|+0.09|0.31|0.8289|
|=|          1|          6|        168|     321.6476902|          5|00:00:01|+0.05|0.24|0.8084|
|=|          4|          6|        168|     342.7652090|          6|00:00:01|-0.06|0.12|0.8700|
|=|          2|          6|        168|     423.5981036|          7|00:00:31|+0.01|0.15|0.8055|
|=|         14|          6|        168|     377.2828153|          8|00:00:01|-0.04|0.09|0.8456|
|=|         17|          6|        168|     436.4813568|          9|00:00:31|-0.03|0.09|0.8313|
|=|         12|          6|        168|     393.2696099|         10|00:00:01|-0.06|0.05|0.8650|
|=|          7|          6|         99|     405.9789513|         11|00:00:01|-0.03|0.07|0.8508|
|=|         16|          6|         99|     10601.76780|         12|00:00:01|-0.03|0.06|0.8595|
|=|          3|          6|         99|     9791.049608|         13|00:00:01|-0.02|0.06|0.8466|
|=|         13|          6|         99|     9092.149320|         14|00:00:01|-0.01|0.06|0.8353|
|=|         10|          6|         99|     10270.88647|         15|00:00:01|-0.02|0.05|0.8447|
|=|         18|          6|         99|     9629.014057|         16|00:00:01|-0.02|0.04|0.8533|
|=|          6|          6|         99|     9062.607721|         17|00:00:01|-0.02|0.04|0.8480|
|=|         11|          6|         99|     14632.13009|         18|00:00:01|-0.01|0.04|0.8478|
+-+-----------+-----------+-----------+----------------+-----------+--------+-----+----+------+
Best-so-far configuration:          99    mean value:      14632.13009
Description of the best-so-far configuration:
   .ID. particles topology modInfluence branching tSchedule phi1 phi2 inertia
99   99        90        4            0        NA        NA 1.66  2.3    0.57
   .PARENT.
99       75

# 2026-01-25 21:08:23 -03: Elite configurations (first number is the configuration ID; listed from best to worst according to the sum of ranks):
    particles topology modInfluence branching tSchedule phi1 phi2 inertia
99         90        4            0        NA        NA 1.66 2.30    0.57
168        83        4            0        NA        NA 1.67 2.26    0.60
188        74        4            0        NA        NA 1.81 2.20    0.58
184        92        4            0        NA        NA 1.49 2.19    0.53
148        89        4            0        NA        NA 1.66 2.08    0.57
# 2026-01-25 21:08:23 -03: Stopped because budget is exhausted
# Iteration: 9
# nbIterations: 8
# experimentsUsed: 2000
# timeUsed: 0
# remainingBudget: 0
# currentBudget: 18
# number of elites: 5
# nbConfigurations: 6
# Total CPU user time: 16573.85, CPU sys time: 109.545, Wall-clock time: 2219.67
    .ID. particles topology modInfluence branching tSchedule phi1 phi2 inertia
99    99        90        4            0        NA        NA 1.66 2.30    0.57
168  168        83        4            0        NA        NA 1.67 2.26    0.60
188  188        74        4            0        NA        NA 1.81 2.20    0.58
184  184        92        4            0        NA        NA 1.49 2.19    0.53
148  148        89        4            0        NA        NA 1.66 2.08    0.57
    .PARENT. .RANK.   .WEIGHT.
99        75     54 0.33333333
168      148     60 0.26666667
188      158     61 0.20000000
184       99     62 0.13333333
148       99     66 0.06666667
