# 2026-01-26 15:35:32 -03: Reading parameter file '/home/pestobar/Activities/irace-executions/PSO-X/Scenarios/BH-65/Runs/BH-65_seed_500057/parameters.txt'.
# 2026-01-26 15:35:32 -03: 2 expression(s) specifying forbidden configurations read.
# 2026-01-26 15:35:32 -03: Initialization
# Elitist race
# Elitist new instances: 1
# Elitist limit: 2
# nbIterations: 5
# minNbSurvival: 5
# nbParameters: 8
# seed: 500057
# confidence level: 0.95
# budget: 4000
# mu: 5
# deterministic: FALSE

# 2026-01-26 15:35:32 -03: Iteration 1 of 5
# experimentsUsed: 0
# remainingBudget: 4000
# currentBudget: 800
# nbConfigurations: 65
# Markers:
     x No test is performed.
     c Configurations are discarded only due to capping.
     - The test is performed and some configurations are discarded.
     = The test is performed but no configuration is discarded.
     ! The test is performed and configurations could be discarded but elite configurations are preserved.
     . All alive configurations are elite and nothing is discarded.

+-+-----------+-----------+-----------+----------------+-----------+--------+-----+----+------+
| |   Instance|      Alive|       Best|       Mean best| Exp so far|  W time|  rho|KenW|  Qvar|
+-+-----------+-----------+-----------+----------------+-----------+--------+-----+----+------+
|x|          1|         65|         26|     274.3890688|         65|00:00:33|   NA|  NA|    NA|
|x|          2|         65|         16|     1187.341842|        130|00:04:03|+0.64|0.82|0.4643|
|x|          3|         65|         29|     1176.554579|        195|00:00:33|+0.57|0.71|0.4294|
|x|          4|         65|         29|     1033.927981|        260|00:00:32|+0.60|0.70|0.3805|
|-|          5|         21|         29|     1017.098233|        325|00:04:26|+0.08|0.27|0.8791|
|-|          6|         12|         29|     847.5904787|        346|00:00:03|-0.03|0.14|0.8445|
|=|          7|         12|         29|     726.5571354|        358|00:00:02|-0.02|0.12|0.8509|
|=|          8|         12|         29|     655.8961822|        370|00:00:03|+0.02|0.14|0.7963|
+-+-----------+-----------+-----------+----------------+-----------+--------+-----+----+------+
Best-so-far configuration:          29    mean value:      655.8961822
Description of the best-so-far configuration:
   .ID. particles topology modInfluence branching tSchedule phi1 phi2 inertia
29   29       134        4            1        NA        NA 2.47  2.2    0.75
   .PARENT.
29       NA

# 2026-01-26 15:45:51 -03: Elite configurations (first number is the configuration ID; listed from best to worst according to the sum of ranks):
   particles topology modInfluence branching tSchedule phi1 phi2 inertia
29       134        4            1        NA        NA 2.47 2.20    0.75
16       196        4            0        NA        NA 1.37 2.36    0.69
10       152        1            0        NA        NA 0.20 2.12    0.66
63       148        1            0        NA        NA 1.86 1.52    0.63
32       187        4            2        NA        NA 1.49 1.77    0.62
# 2026-01-26 15:45:51 -03: Iteration 2 of 5
# experimentsUsed: 370
# remainingBudget: 3630
# currentBudget: 907
# nbConfigurations: 65
# Markers:
     x No test is performed.
     c Configurations are discarded only due to capping.
     - The test is performed and some configurations are discarded.
     = The test is performed but no configuration is discarded.
     ! The test is performed and configurations could be discarded but elite configurations are preserved.
     . All alive configurations are elite and nothing is discarded.

+-+-----------+-----------+-----------+----------------+-----------+--------+-----+----+------+
| |   Instance|      Alive|       Best|       Mean best| Exp so far|  W time|  rho|KenW|  Qvar|
+-+-----------+-----------+-----------+----------------+-----------+--------+-----+----+------+
|x|          9|         65|        105|     107.7071257|         65|00:00:37|   NA|  NA|    NA|
|x|          8|         65|         99|     123.4693847|        125|00:00:36|+0.17|0.59|0.7315|
|x|          5|         65|         82|     390.2153425|        185|00:04:20|+0.33|0.56|0.4942|
|x|          3|         65|         82|     314.1473139|        245|00:00:33|+0.39|0.54|0.4306|
|-|          4|         32|         82|     383.0864172|        305|00:00:31|-0.13|0.10|0.9884|
|=|          7|         32|        122|     312.8260086|        332|00:00:25|-0.03|0.14|0.9270|
|=|          1|         32|        122|     326.2190148|        359|00:00:26|-0.02|0.12|0.9192|
|=|          2|         32|        122|     399.1031614|        386|00:02:05|-0.00|0.12|0.9185|
|=|          6|         32|        122|     354.8443866|        413|00:00:25|+0.02|0.13|0.8962|
|=|         10|         32|        122|     1503.401173|        445|00:00:26|+0.05|0.14|0.8657|
+-+-----------+-----------+-----------+----------------+-----------+--------+-----+----+------+
Best-so-far configuration:         122    mean value:      1503.401173
Description of the best-so-far configuration:
    .ID. particles topology modInfluence branching tSchedule phi1 phi2 inertia
122  122       104        4            0        NA        NA 1.11 2.47    0.73
    .PARENT.
122       16

# 2026-01-26 15:56:20 -03: Elite configurations (first number is the configuration ID; listed from best to worst according to the sum of ranks):
    particles topology modInfluence branching tSchedule phi1 phi2 inertia
122       104        4            0        NA        NA 1.11 2.47    0.73
82         84        4            0        NA        NA 0.54 1.70    0.58
16        196        4            0        NA        NA 1.37 2.36    0.69
99         55        4            0        NA        NA 2.48 1.45    0.73
29        134        4            1        NA        NA 2.47 2.20    0.75
# 2026-01-26 15:56:20 -03: Iteration 3 of 5
# experimentsUsed: 815
# remainingBudget: 3185
# currentBudget: 1061
# nbConfigurations: 65
# Markers:
     x No test is performed.
     c Configurations are discarded only due to capping.
     - The test is performed and some configurations are discarded.
     = The test is performed but no configuration is discarded.
     ! The test is performed and configurations could be discarded but elite configurations are preserved.
     . All alive configurations are elite and nothing is discarded.

+-+-----------+-----------+-----------+----------------+-----------+--------+-----+----+------+
| |   Instance|      Alive|       Best|       Mean best| Exp so far|  W time|  rho|KenW|  Qvar|
+-+-----------+-----------+-----------+----------------+-----------+--------+-----+----+------+
|x|         11|         65|        130|     70021.49391|         65|00:00:18|   NA|  NA|    NA|
|x|          9|         65|        148|     36346.21717|        125|00:00:20|+0.64|0.82|0.3835|
|x|          6|         65|        130|     23391.59391|        185|00:00:17|+0.45|0.63|0.4532|
|x|         10|         65|        171|     37949.31450|        245|00:00:18|+0.33|0.50|0.4047|
|-|          8|         46|        152|     31285.31663|        305|00:00:20|-0.13|0.09|1.0791|
|=|          5|         46|        137|     25908.74144|        346|00:03:04|-0.08|0.10|1.0125|
|=|          3|         46|        170|     27384.94704|        387|00:00:15|-0.04|0.11|0.9951|
|=|          2|         46|        170|     24075.56642|        428|00:02:48|+0.00|0.13|0.9318|
|=|          4|         46|        170|     21477.25580|        469|00:00:13|+0.02|0.13|0.9344|
|-|          1|         27|        170|     19382.62589|        510|00:00:14|-0.04|0.07|0.9605|
|=|          7|         27|        170|     17620.59793|        532|00:00:04|-0.01|0.09|0.9433|
|=|         12|         27|        170|     16152.63564|        559|00:00:03|-0.01|0.08|0.9488|
+-+-----------+-----------+-----------+----------------+-----------+--------+-----+----+------+
Best-so-far configuration:         170    mean value:      16152.63564
Description of the best-so-far configuration:
    .ID. particles topology modInfluence branching tSchedule phi1 phi2 inertia
170  170       115        4            0        NA        NA 1.52 2.21    0.69
    .PARENT.
170      122

# 2026-01-26 16:04:40 -03: Elite configurations (first number is the configuration ID; listed from best to worst according to the sum of ranks):
    particles topology modInfluence branching tSchedule phi1 phi2 inertia
170       115        4            0        NA        NA 1.52 2.21    0.69
144       138        4            0        NA        NA 0.48 2.45    0.57
122       104        4            0        NA        NA 1.11 2.47    0.73
169       103        4            0        NA        NA 0.50 1.51    0.57
172       102        4            0        NA        NA 0.84 2.36    0.70
# 2026-01-26 16:04:40 -03: Iteration 4 of 5
# experimentsUsed: 1374
# remainingBudget: 2626
# currentBudget: 1313
# nbConfigurations: 65
# Markers:
     x No test is performed.
     c Configurations are discarded only due to capping.
     - The test is performed and some configurations are discarded.
     = The test is performed but no configuration is discarded.
     ! The test is performed and configurations could be discarded but elite configurations are preserved.
     . All alive configurations are elite and nothing is discarded.

+-+-----------+-----------+-----------+----------------+-----------+--------+-----+----+------+
| |   Instance|      Alive|       Best|       Mean best| Exp so far|  W time|  rho|KenW|  Qvar|
+-+-----------+-----------+-----------+----------------+-----------+--------+-----+----+------+
|x|         13|         65|        219|     5.329986450|         65|00:00:08|   NA|  NA|    NA|
|x|          9|         65|        211|     76.51273637|        125|00:00:11|+0.64|0.82|0.5229|
|x|          2|         65|        224|     359.3826421|        185|00:03:30|+0.24|0.49|0.7067|
|x|         10|         65|        201|     6101.752576|        245|00:00:08|+0.03|0.27|0.6807|
|=|          8|         65|        122|     2599.923448|        305|00:00:12|+0.07|0.26|0.6695|
|-|          5|         47|        198|     3084.919352|        365|00:03:45|-0.05|0.12|1.0102|
|=|          6|         47|        198|     2644.237399|        407|00:00:06|-0.03|0.12|1.0004|
|=|         11|         47|        198|     23294.12507|        449|00:00:06|-0.01|0.11|0.9731|
|=|          4|         47|        198|     20750.94937|        491|00:00:05|+0.03|0.14|0.9637|
|=|          3|         47|        198|     18687.09019|        533|00:00:07|+0.02|0.12|0.9585|
|=|          7|         47|        203|     15844.94414|        575|00:00:06|+0.03|0.12|0.9412|
|-|         12|         31|        215|     13244.97595|        617|00:00:05|-0.01|0.08|0.9713|
|=|          1|         31|        203|     13474.07141|        643|00:00:03|-0.02|0.06|0.9820|
|=|         14|         31|        215|     11421.48904|        674|00:00:06|-0.01|0.06|0.9726|
+-+-----------+-----------+-----------+----------------+-----------+--------+-----+----+------+
Best-so-far configuration:         215    mean value:      11421.48904
Description of the best-so-far configuration:
    .ID. particles topology modInfluence branching tSchedule phi1 phi2 inertia
215  215       119        4            0        NA        NA 1.73 2.38    0.64
    .PARENT.
215      170

# 2026-01-26 16:13:24 -03: Elite configurations (first number is the configuration ID; listed from best to worst according to the sum of ranks):
    particles topology modInfluence branching tSchedule phi1 phi2 inertia
215       119        4            0        NA        NA 1.73 2.38    0.64
203       132        4            0        NA        NA 0.61 2.19    0.57
212       124        4            0        NA        NA 1.82 2.15    0.60
233       147        4            0        NA        NA 0.94 2.26    0.52
191        77        4            0        NA        NA 1.73 2.12    0.68
# 2026-01-26 16:13:24 -03: Iteration 5 of 5
# experimentsUsed: 2048
# remainingBudget: 1952
# currentBudget: 1952
# nbConfigurations: 65
# Markers:
     x No test is performed.
     c Configurations are discarded only due to capping.
     - The test is performed and some configurations are discarded.
     = The test is performed but no configuration is discarded.
     ! The test is performed and configurations could be discarded but elite configurations are preserved.
     . All alive configurations are elite and nothing is discarded.

+-+-----------+-----------+-----------+----------------+-----------+--------+-----+----+------+
| |   Instance|      Alive|       Best|       Mean best| Exp so far|  W time|  rho|KenW|  Qvar|
+-+-----------+-----------+-----------+----------------+-----------+--------+-----+----+------+
|x|         15|         65|        296|     15.37981300|         65|00:00:09|   NA|  NA|    NA|
|x|         13|         65|        281|     10.63040135|        125|00:00:07|+0.64|0.82|0.4296|
|x|          1|         65|        260|     142.6233289|        185|00:00:07|-0.01|0.33|0.7036|
|x|          6|         65|        260|     106.9999214|        245|00:00:08|+0.16|0.37|0.7452|
|-|         12|         31|        260|     86.39173715|        305|00:00:07|+0.00|0.20|0.9530|
|=|          9|         31|        260|     101.1267497|        331|00:00:05|+0.03|0.19|0.9460|
|=|         10|         31|        260|     5834.281540|        357|00:00:04|-0.03|0.12|1.0019|
|=|          2|         31|        260|     5218.732998|        383|00:01:40|-0.05|0.08|0.9963|
|=|          4|         31|        304|     4549.624740|        409|00:00:03|-0.02|0.09|0.9950|
|=|          5|         31|        304|     4185.435498|        435|00:01:51|-0.01|0.09|0.9744|
|=|         14|         31|        260|     3931.124197|        461|00:00:05|+0.01|0.10|0.9499|
|=|          8|         31|        260|     3613.387344|        487|00:00:05|+0.01|0.09|0.9450|
|=|          7|         31|        274|     3375.445925|        513|00:00:04|+0.02|0.09|0.9230|
|=|          3|         31|        274|     3139.659533|        539|00:00:04|+0.03|0.10|0.9169|
|=|         11|         31|        274|     10579.46277|        565|00:00:04|+0.02|0.09|0.9209|
|=|         16|         31|        274|     18168.26623|        596|00:00:05|+0.01|0.07|0.9366|
+-+-----------+-----------+-----------+----------------+-----------+--------+-----+----+------+
Best-so-far configuration:         274    mean value:      18168.26623
Description of the best-so-far configuration:
    .ID. particles topology modInfluence branching tSchedule phi1 phi2 inertia
274  274       139        4            0        NA        NA 1.02 2.27    0.45
    .PARENT.
274      233

# 2026-01-26 16:18:20 -03: Elite configurations (first number is the configuration ID; listed from best to worst according to the sum of ranks):
    particles topology modInfluence branching tSchedule phi1 phi2 inertia
274       139        4            0        NA        NA 1.02 2.27    0.45
248       131        4            0        NA        NA 1.95 2.44    0.57
260       119        4            0        NA        NA 1.80 2.32    0.56
300       124        4            0        NA        NA 1.78 2.41    0.63
285       151        4            0        NA        NA 1.32 2.40    0.49
# 2026-01-26 16:18:20 -03: Iteration 6 of 6
# experimentsUsed: 2644
# remainingBudget: 1356
# currentBudget: 1356
# nbConfigurations: 65
# Markers:
     x No test is performed.
     c Configurations are discarded only due to capping.
     - The test is performed and some configurations are discarded.
     = The test is performed but no configuration is discarded.
     ! The test is performed and configurations could be discarded but elite configurations are preserved.
     . All alive configurations are elite and nothing is discarded.

+-+-----------+-----------+-----------+----------------+-----------+--------+-----+----+------+
| |   Instance|      Alive|       Best|       Mean best| Exp so far|  W time|  rho|KenW|  Qvar|
+-+-----------+-----------+-----------+----------------+-----------+--------+-----+----+------+
|x|         17|         65|        354|     908.7213553|         65|00:03:59|   NA|  NA|    NA|
|x|          8|         65|        354|     469.2243361|        125|00:00:11|+0.25|0.62|0.6752|
|x|          4|         65|        354|     375.7978055|        185|00:00:07|+0.11|0.41|0.8598|
|x|         16|         65|        354|     33942.34418|        245|00:00:08|-0.06|0.20|1.0873|
|=|          2|         65|        354|     27335.80066|        305|00:03:31|+0.01|0.21|0.9977|
|=|          3|         65|        354|     22788.65379|        365|00:00:09|+0.05|0.21|0.9717|
|-|          6|         29|        337|     17919.86244|        425|00:00:08|-0.05|0.10|1.0639|
|=|         13|         29|        310|     16554.61250|        449|00:00:03|-0.05|0.08|1.0459|
|=|          9|         29|        337|     13954.94380|        473|00:00:05|-0.04|0.08|1.0252|
|=|          7|         29|        337|     12559.49186|        497|00:00:03|-0.03|0.07|1.0096|
|=|         10|         29|        354|     15280.80166|        521|00:00:03|-0.03|0.06|1.0069|
|=|          1|         29|        354|     14061.73487|        545|00:00:03|-0.01|0.07|0.9898|
|=|          5|         29|        354|     13049.93167|        569|00:01:52|-0.00|0.07|0.9768|
|=|         12|         29|        326|     13512.81676|        593|00:00:03|-0.01|0.07|0.9794|
|=|         11|         29|        337|     17156.43177|        617|00:00:04|-0.02|0.05|0.9875|
|=|         14|         29|        337|     16087.28478|        641|00:00:05|-0.00|0.06|0.9721|
|=|         15|         29|        337|     15141.94305|        665|00:00:03|-0.00|0.06|0.9671|
|=|         18|         29|        337|     14300.77758|        694|00:00:04|-0.00|0.05|0.9658|
+-+-----------+-----------+-----------+----------------+-----------+--------+-----+----+------+
Best-so-far configuration:         337    mean value:      14300.77758
Description of the best-so-far configuration:
    .ID. particles topology modInfluence branching tSchedule phi1 phi2 inertia
337  337       134        4            0        NA        NA 2.01 2.42    0.53
    .PARENT.
337      248

# 2026-01-26 16:29:11 -03: Elite configurations (first number is the configuration ID; listed from best to worst according to the sum of ranks):
    particles topology modInfluence branching tSchedule phi1 phi2 inertia
337       134        4            0        NA        NA 2.01 2.42    0.53
274       139        4            0        NA        NA 1.02 2.27    0.45
326       118        4            0        NA        NA 1.93 2.27    0.59
328       128        4            0        NA        NA 1.75 2.34    0.53
340       119        4            0        NA        NA 1.93 2.46    0.58
# 2026-01-26 16:29:11 -03: There is not enough budget to enforce the value of nbConfigurations, returning to default behaviour nbConfigurations:39.
# Iteration: 7
# nbIterations: 7
# experimentsUsed: 3338
# timeUsed: 0
# remainingBudget: 662
# currentBudget: 662
# number of elites: 5
# nbConfigurations: 39
# 2026-01-26 16:29:11 -03: Iteration 7 of 7
# experimentsUsed: 3338
# remainingBudget: 662
# currentBudget: 662
# nbConfigurations: 39
# Markers:
     x No test is performed.
     c Configurations are discarded only due to capping.
     - The test is performed and some configurations are discarded.
     = The test is performed but no configuration is discarded.
     ! The test is performed and configurations could be discarded but elite configurations are preserved.
     . All alive configurations are elite and nothing is discarded.

+-+-----------+-----------+-----------+----------------+-----------+--------+-----+----+------+
| |   Instance|      Alive|       Best|       Mean best| Exp so far|  W time|  rho|KenW|  Qvar|
+-+-----------+-----------+-----------+----------------+-----------+--------+-----+----+------+
|x|         19|         39|        372|     100.2681510|         39|00:00:06|   NA|  NA|    NA|
|x|          1|         39|        368|     407.8687474|         73|00:00:04|+0.20|0.60|0.4890|
|x|         13|         39|        326|     195.5483902|        107|00:00:04|-0.03|0.31|0.9209|
|x|          5|         39|        326|     370.6137127|        141|00:02:28|-0.01|0.24|0.7801|
|=|         11|         39|        381|     19622.90516|        175|00:00:05|-0.10|0.12|0.9871|
|=|          7|         39|        381|     16352.47074|        209|00:00:05|-0.04|0.14|0.9890|
|=|         18|         39|        381|     14016.53837|        243|00:00:05|-0.03|0.12|1.0012|
|=|         16|         39|        326|     35402.86239|        277|00:00:05|-0.06|0.08|1.0304|
|=|          2|         39|        326|     31570.23928|        311|00:02:15|-0.02|0.09|0.9860|
|=|          8|         39|        326|     28418.43524|        345|00:00:07|-0.02|0.08|0.9722|
|=|         12|         39|        326|     25835.30708|        379|00:00:04|-0.01|0.08|0.9874|
|=|         14|         39|        326|     23686.69350|        413|00:00:07|+0.01|0.09|0.9628|
|=|          9|         39|        326|     21876.75444|        447|00:00:06|+0.00|0.08|0.9752|
|=|          4|         39|        326|     20358.42322|        481|00:00:04|-0.00|0.07|0.9760|
|=|         15|         39|        326|     19002.35505|        515|00:00:05|+0.00|0.07|0.9768|
|=|          6|         39|        326|     17814.71344|        549|00:00:05|+0.00|0.07|0.9725|
|=|         10|         39|        326|     19830.43882|        583|00:00:05|+0.00|0.06|0.9666|
|=|         17|         39|        326|     18779.27903|        617|00:02:17|+0.00|0.06|0.9532|
|=|          3|         39|        337|     13555.52299|        651|00:00:05|+0.00|0.06|0.9522|
+-+-----------+-----------+-----------+----------------+-----------+--------+-----+----+------+
Best-so-far configuration:         337    mean value:      13555.52299
Description of the best-so-far configuration:
    .ID. particles topology modInfluence branching tSchedule phi1 phi2 inertia
337  337       134        4            0        NA        NA 2.01 2.42    0.53
    .PARENT.
337      248

# 2026-01-26 16:37:42 -03: Elite configurations (first number is the configuration ID; listed from best to worst according to the sum of ranks):
    particles topology modInfluence branching tSchedule phi1 phi2 inertia
337       134        4            0        NA        NA 2.01 2.42    0.53
328       128        4            0        NA        NA 1.75 2.34    0.53
340       119        4            0        NA        NA 1.93 2.46    0.58
326       118        4            0        NA        NA 1.93 2.27    0.59
274       139        4            0        NA        NA 1.02 2.27    0.45
# 2026-01-26 16:37:42 -03: There is not enough budget to enforce the value of nbConfigurations, returning to default behaviour nbConfigurations:5.
# Iteration: 8
# nbIterations: 8
# experimentsUsed: 3989
# timeUsed: 0
# remainingBudget: 11
# currentBudget: 11
# number of elites: 5
# nbConfigurations: 5
# 2026-01-26 16:37:42 -03: Stopped because there is not enough budget left to race more than the minimum (5).
# You may either increase the budget or set 'minNbSurvival' to a lower value.
# Iteration: 8
# nbIterations: 8
# experimentsUsed: 3989
# timeUsed: 0
# remainingBudget: 11
# currentBudget: 11
# number of elites: 5
# nbConfigurations: 5
# Total CPU user time: 31570.32, CPU sys time: 220.8, Wall-clock time: 3730.35
# 2026-01-26 16:37:42 -03: Starting post-selection:
# Configurations selected: 337, 328, 340, 326, 274, 366, 367, 368, 369, 370, 371.
# Pending instances: 0, 0, 0, 0, 0, 0, 0, 0, 0, 0, 0.
# 2026-01-26 16:37:42 -03: seed: 500057
# Configurations: 11
# Available experiments: 11
# minSurvival: 1
# Markers:
     x No test is performed.
     c Configurations are discarded only due to capping.
     - The test is performed and some configurations are discarded.
     = The test is performed but no configuration is discarded.
     ! The test is performed and configurations could be discarded but elite configurations are preserved.
     . All alive configurations are elite and nothing is discarded.

+-+-----------+-----------+-----------+----------------+-----------+--------+-----+----+------+
| |   Instance|      Alive|       Best|       Mean best| Exp so far|  W time|  rho|KenW|  Qvar|
+-+-----------+-----------+-----------+----------------+-----------+--------+-----+----+------+
|.|         13|         11|        367|     5.483911275|          0|00:00:00|   NA|  NA|    NA|
|.|          5|         11|        367|     534.5767137|          0|00:00:00|+0.02|0.51|1.3099|
|.|          9|         11|        367|     407.7871121|          0|00:00:00|+0.11|0.41|0.9952|
|.|          6|         11|        367|     305.8511841|          0|00:00:00|-0.00|0.25|1.0816|
|.|         10|         11|        367|     15765.22322|          0|00:00:00|-0.15|0.08|1.0582|
|.|          7|         11|        367|     13137.74936|          0|00:00:00|-0.06|0.12|0.9940|
|.|         11|         11|        367|     21822.41099|          0|00:00:00|-0.10|0.06|1.0329|
|.|         15|         11|        367|     19096.55769|          0|00:00:00|-0.07|0.07|0.9960|
|.|         12|         11|        367|     16975.08376|          0|00:00:00|-0.03|0.09|0.9670|
|.|         14|         11|        367|     15283.90405|          0|00:00:00|-0.02|0.08|0.9471|
|.|          1|         11|        367|     14301.81631|          0|00:00:00|-0.04|0.06|0.9429|
|.|          3|         11|        367|     13118.62528|          0|00:00:00|-0.04|0.05|0.9378|
|.|          2|         11|        367|     12180.57417|          0|00:00:00|-0.05|0.03|0.9193|
|.|          8|         11|        367|     11325.21114|          0|00:00:00|-0.04|0.04|0.9084|
|.|         19|         11|        367|     10582.52381|          0|00:00:00|-0.02|0.05|0.8889|
|.|          4|         11|        367|     9951.794964|          0|00:00:00|-0.02|0.04|0.8936|
|.|         17|         11|        367|     9420.479853|          0|00:00:00|-0.02|0.04|0.8715|
|.|         16|         11|        367|     13075.13799|          0|00:00:00|-0.02|0.03|0.8954|
|.|         18|         11|        367|     12387.01682|          0|00:00:00|-0.03|0.02|0.9147|
|=|         20|         11|        337|     12877.83020|         11|00:00:02|-0.03|0.02|0.8991|
+-+-----------+-----------+-----------+----------------+-----------+--------+-----+----+------+
Best-so-far configuration:         337    mean value:      12877.83020
Description of the best-so-far configuration:
    .ID. particles topology modInfluence branching tSchedule phi1 phi2 inertia
337  337       134        4            0        NA        NA 2.01 2.42    0.53
    .PARENT.
337      248

# 2026-01-26 16:37:45 -03: Elite configurations (first number is the configuration ID; listed from best to worst according to the sum of ranks):
    particles topology modInfluence branching tSchedule phi1 phi2 inertia
337       134        4            0        NA        NA 2.01 2.42    0.53
340       119        4            0        NA        NA 1.93 2.46    0.58
326       118        4            0        NA        NA 1.93 2.27    0.59
328       128        4            0        NA        NA 1.75 2.34    0.53
274       139        4            0        NA        NA 1.02 2.27    0.45
# Total CPU user time: 31584.82, CPU sys time: 221.335, Wall-clock time: 3732.935
    .ID. particles topology modInfluence branching tSchedule phi1 phi2 inertia
337  337       134        4            0        NA        NA 2.01 2.42    0.53
340  340       119        4            0        NA        NA 1.93 2.46    0.58
326  326       118        4            0        NA        NA 1.93 2.27    0.59
328  328       128        4            0        NA        NA 1.75 2.34    0.53
274  274       139        4            0        NA        NA 1.02 2.27    0.45
    .PARENT. .RANK.   .WEIGHT.
337      248    107 0.33333333
340      260    112 0.26666667
326      260    115 0.20000000
328      260    115 0.13333333
274      233    116 0.06666667
