#------------------------------------------------------------------------------
# irace: An implementation in R of (Elitist) Iterated Racing
# Version: 4.2.0.9000.4117289
# Copyright (C) 2010-2025
# Manuel Lopez-Ibanez     <manuel.lopez-ibanez@manchester.ac.uk>
# Jeremie Dubois-Lacoste
# Leslie Perez Caceres    <leslie.perez.caceres@ulb.ac.be>
#
# This is free software, and you are welcome to redistribute it under certain
# conditions.  See the GNU General Public License for details. There is NO
# WARRANTY; not even for MERCHANTABILITY or FITNESS FOR A PARTICULAR PURPOSE.
#
# irace builds upon previous code from the race package:
#     race: Racing methods for the selection of the best
#     Copyright (C) 2003 Mauro Birattari
#------------------------------------------------------------------------------
# installed at: /home/pestobar/R/x86_64-redhat-linux-gnu-library/4.5/irace
# called with: --only-test configurations.txt --scenario scenario.txt
# 2026-01-30 18:52:05 -03: Checking scenario.
# 2026-01-30 18:52:05 -03: Reading parameter file '/home/pestobar/Activities/irace-executions/PSO-X/Scenarios/Best_Elites/Runs/Best_Elites_seed_100003/parameters.txt'.
# 2026-01-30 18:52:05 -03: 2 expression(s) specifying forbidden configurations read.
## irace scenario:
scenarioFile = "/home/pestobar/Activities/irace-executions/PSO-X/Scenarios/Best_Elites/Runs/Best_Elites_seed_100003/scenario.txt"
execDir = "/home/pestobar/Activities/irace-executions/PSO-X/Scenarios/Best_Elites/Runs/Best_Elites_seed_100003/Results"
parameterFile = "/home/pestobar/Activities/irace-executions/PSO-X/Scenarios/Best_Elites/Runs/Best_Elites_seed_100003/parameters.txt"
parameters = <environment>
initConfigurations = NULL
configurationsFile = ""
logFile = "/home/pestobar/Activities/irace-executions/PSO-X/Scenarios/Best_Elites/Runs/Best_Elites_seed_100003/Results/irace.Rdata"
recoveryFile = ""
instances = c("--competition 3 --problem 0 --dimensions 30", "--competition 3 --problem 1 --dimensions 30", "--competition 3 --problem 2 --dimensions 30", "--competition 3 --problem 3 --dimensions 30", "--competition 3 --problem 4 --dimensions 30", "--competition 3 --problem 5 --dimensions 30", "--competition 3 --problem 6 --dimensions 30", "--competition 3 --problem 7 --dimensions 30", "--competition 3 --problem 8 --dimensions 30", "--competition 3 --problem 9 --dimensions 30", "--competition 3 --problem 10 --dimensions 30", "--competition 3 --problem 11 --dimensions 30", "--competition 3 --problem 12 --dimensions 30", "--competition 3 --problem 13 --dimensions 30", "--competition 3 --problem 14 --dimensions 30", "--competition 3 --problem 15 --dimensions 30", "--competition 3 --problem 16 --dimensions 30", "--competition 3 --problem 17 --dimensions 30", "--competition 3 --problem 18 --dimensions 30", "--competition 3 --problem 19 --dimensions 30", "--competition 3 --problem 20 --dimensions 30", "--competition 3 --problem 21 --dimensions 30", "--competition 3 --problem 22 --dimensions 30", "--competition 3 --problem 23 --dimensions 30", "--competition 3 --problem 24 --dimensions 30", "--competition 3 --problem 25 --dimensions 30", "--competition 3 --problem 26 --dimensions 30", "--competition 3 --problem 27 --dimensions 30", "--competition 3 --problem 28 --dimensions 30", "--competition 3 --problem 29 --dimensions 30", "--competition 3 --problem 30 --dimensions 30", "--competition 3 --problem 31 --dimensions 30", "--competition 3 --problem 32 --dimensions 30", "--competition 3 --problem 33 --dimensions 30", "--competition 3 --problem 34 --dimensions 30", "--competition 3 --problem 35 --dimensions 30", "--competition 3 --problem 36 --dimensions 30", "--competition 3 --problem 37 --dimensions 30", "--competition 3 --problem 38 --dimensions 30", "--competition 3 --problem 39 --dimensions 30", "--competition 3 --problem 40 --dimensions 30", "--competition 3 --problem 41 --dimensions 30", "--competition 3 --problem 42 --dimensions 30", "--competition 3 --problem 43 --dimensions 30", "--competition 3 --problem 44 --dimensions 30", "--competition 3 --problem 45 --dimensions 30", "--competition 3 --problem 46 --dimensions 30", "--competition 3 --problem 47 --dimensions 30", "--competition 3 --problem 48 --dimensions 30", "--competition 3 --problem 49 --dimensions 30")
trainInstancesDir = ""
trainInstancesFile = "/home/pestobar/Activities/irace-executions/PSO-X/Instances/train_MIXTURE.txt"
sampleInstances = TRUE
testInstancesDir = ""
testInstancesFile = "/home/pestobar/Activities/irace-executions/PSO-X/TestingInstances/test_MIXTURE.txt"
testInstances = c("1t" = "--competition 3 --problem 0 --dimensions 50", "2t" = "--competition 3 --problem 1 --dimensions 50", "3t" = "--competition 3 --problem 2 --dimensions 50", "4t" = "--competition 3 --problem 3 --dimensions 50", "5t" = "--competition 3 --problem 4 --dimensions 50", "6t" = "--competition 3 --problem 5 --dimensions 50", "7t" = "--competition 3 --problem 6 --dimensions 50", "8t" = "--competition 3 --problem 7 --dimensions 50", "9t" = "--competition 3 --problem 8 --dimensions 50", "10t" = "--competition 3 --problem 9 --dimensions 50", "11t" = "--competition 3 --problem 10 --dimensions 50", "12t" = "--competition 3 --problem 11 --dimensions 50", "13t" = "--competition 3 --problem 12 --dimensions 50", "14t" = "--competition 3 --problem 13 --dimensions 50", "15t" = "--competition 3 --problem 14 --dimensions 50", "16t" = "--competition 3 --problem 15 --dimensions 50", "17t" = "--competition 3 --problem 16 --dimensions 50", "18t" = "--competition 3 --problem 17 --dimensions 50", "19t" = "--competition 3 --problem 18 --dimensions 50", "20t" = "--competition 3 --problem 19 --dimensions 50", "21t" = "--competition 3 --problem 20 --dimensions 50", "22t" = "--competition 3 --problem 21 --dimensions 50", "23t" = "--competition 3 --problem 22 --dimensions 50", "24t" = "--competition 3 --problem 23 --dimensions 50", "25t" = "--competition 3 --problem 24 --dimensions 50", "26t" = "--competition 3 --problem 25 --dimensions 50", "27t" = "--competition 3 --problem 26 --dimensions 50", "28t" = "--competition 3 --problem 27 --dimensions 50", "29t" = "--competition 3 --problem 28 --dimensions 50", "30t" = "--competition 3 --problem 29 --dimensions 50", "31t" = "--competition 3 --problem 30 --dimensions 50", "32t" = "--competition 3 --problem 31 --dimensions 50", "33t" = "--competition 3 --problem 32 --dimensions 50", "34t" = "--competition 3 --problem 33 --dimensions 50", "35t" = "--competition 3 --problem 34 --dimensions 50", "36t" = "--competition 3 --problem 35 --dimensions 50", "37t" = "--competition 3 --problem 36 --dimensions 50", "38t" = "--competition 3 --problem 37 --dimensions 50", "39t" = "--competition 3 --problem 38 --dimensions 50", "40t" = "--competition 3 --problem 39 --dimensions 50", "41t" = "--competition 3 --problem 40 --dimensions 50", "42t" = "--competition 3 --problem 41 --dimensions 50", "43t" = "--competition 3 --problem 42 --dimensions 50", "44t" = "--competition 3 --problem 43 --dimensions 50", "45t" = "--competition 3 --problem 44 --dimensions 50", "46t" = "--competition 3 --problem 45 --dimensions 50", "47t" = "--competition 3 --problem 46 --dimensions 50", "48t" = "--competition 3 --problem 47 --dimensions 50", "49t" = "--competition 3 --problem 48 --dimensions 50", "50t" = "--competition 3 --problem 49 --dimensions 50")
testNbElites = 1L
testIterationElites = FALSE
testType = "friedman"
firstTest = 5L
blockSize = 1L
eachTest = 1L
targetRunner = "/home/pestobar/Activities/irace-executions/PSO-X/Scenarios/Best_Elites/Runs/Best_Elites_seed_100003/target-runner"
targetRunnerLauncher = ""
targetCmdline = "{configurationID} {instanceID} {seed} {instance} {bound} {targetRunnerArgs}"
targetRunnerRetries = 0L
targetRunnerTimeout = 0L
targetRunnerData = ""
targetRunnerParallel = NULL
targetEvaluator = NULL
deterministic = FALSE
maxExperiments = 5500L
minExperiments = NA_character_
maxTime = 0L
budgetEstimation = 0.05
minMeasurableTime = 0.01
parallel = 10L
loadBalancing = TRUE
mpi = FALSE
batchmode = "0"
quiet = FALSE
debugLevel = 0L
seed = 100003L
softRestart = TRUE
softRestartThreshold = 1e-04
elitist = TRUE
elitistNewInstances = 1L
elitistLimit = 2L
repairConfiguration = NULL
capping = FALSE
cappingAfterFirstTest = FALSE
cappingType = "median"
boundType = "candidate"
boundMax = NULL
boundDigits = 0L
boundPar = 1L
boundAsTimeout = TRUE
postselection = TRUE
aclib = FALSE
nbIterations = 0L
nbExperimentsPerIteration = 0L
minNbSurvival = 0L
nbConfigurations = 0L
mu = 5L
confidence = 0.95
## end of irace scenario
# 2026-01-30 18:52:05 -03: Read 80 configuration(s) from file 'configurations.txt'
# 2026-01-30 18:52:05 -03: Testing configurations (in the order given as input): 
   particles topology modInfluence branching tSchedule phi1 phi2 inertia
1         21        4            0        NA        NA 1.89 2.36    0.38
2        134        4            0        NA        NA 2.09 2.30    0.53
3          9        1            0        NA        NA 1.54 2.48    0.26
4        142        4            0        NA        NA 1.27 2.48    0.50
5         67        4            0        NA        NA 1.58 2.49    0.41
6         66        1            1        NA        NA 2.05 1.48    0.59
7         90        4            0        NA        NA 1.94 2.40    0.65
8        162        4            2        NA        NA 0.44 2.37    0.81
9         85        4            0        NA        NA 2.15 2.28    0.55
10        45        4            0        NA        NA 1.79 2.42    0.50
11        82        4            0        NA        NA 1.24 2.44    0.35
12       106        4            0        NA        NA 1.91 2.36    0.46
13        77        4            0        NA        NA 1.28 2.47    0.42
14        57        4            0        NA        NA 0.59 2.22    0.56
15        20        0            1        NA        NA 2.46 2.08    0.31
16       108        4            0        NA        NA 2.14 2.28    0.67
17       142        4            0        NA        NA 2.03 2.45    0.37
18       101        4            0        NA        NA 2.28 2.16    0.50
19         6        5            0        NA         6 2.43 2.33    0.21
20        18        0            1        NA        NA 1.86 2.30    0.24
21       149        4            0        NA        NA 1.24 2.43    0.40
22       138        4            0        NA        NA 2.42 2.48    0.58
23        15        0            1        NA        NA 1.34 2.03    0.19
24       144        4            0        NA        NA 1.96 2.47    0.60
25       119        4            0        NA        NA 0.85 2.49    0.50
26        56        1            1        NA        NA 2.15 2.11    0.57
27        76        4            0        NA        NA 2.25 2.43    0.61
28        75        4            0        NA        NA 1.87 2.34    0.55
29       165        4            0        NA        NA 2.45 2.44    0.37
30        71        4            0        NA        NA 1.86 2.42    0.65
31        92        4            0        NA        NA 1.30 2.43    0.41
32        14        4            0        NA        NA 1.38 2.15    0.26
33        80        4            0        NA        NA 1.65 2.50    0.27
34        11        4            0        NA        NA 1.41 2.38    0.48
35        40        1            1        NA        NA 2.47 2.15    0.44
36       134        4            0        NA        NA 2.01 2.42    0.53
37       102        4            0        NA        NA 2.17 2.48    0.43
38       109        4            0        NA        NA 1.97 2.44    0.56
39       162        0            0        NA        NA 1.96 2.26    0.18
40        21        0            1        NA        NA 2.25 2.32    0.22
41        38        4            0        NA        NA 2.21 1.60    0.53
42       150        4            0        NA        NA 1.95 2.33    0.58
43         4        4            2        NA        NA 1.77 2.47    0.41
44       105        4            0        NA        NA 0.43 2.38    0.25
45        75        4            0        NA        NA 2.17 2.11    0.61
46       115        1            1        NA        NA 2.36 2.43    0.66
47       115        4            0        NA        NA 2.26 2.13    0.74
48        83        4            0        NA        NA 2.38 2.39    0.11
49        38        4            0        NA        NA 2.46 1.83    0.67
50        83        4            0        NA        NA 1.42 2.41    0.70
51        79        4            0        NA        NA 1.02 2.39    0.45
52        83        4            0        NA        NA 2.35 2.47    0.44
53        25        1            0        NA        NA 1.69 2.28    0.33
54        89        4            2        NA        NA 2.41 2.46    0.72
55        25        1            2        NA        NA 2.11 2.38    0.30
56       103        4            0        NA        NA 0.96 2.24    0.45
57        84        4            0        NA        NA 2.11 2.48    0.32
58       103        4            0        NA        NA 0.50 2.49    0.48
59        28        0            0        NA        NA 1.99 1.81    0.13
60        22        1            1        NA        NA 2.31 2.37    0.25
61        47        1            0        NA        NA 2.09 2.05    0.14
62        85        4            0        NA        NA 2.11 2.33    0.54
63       104        4            0        NA        NA 2.27 2.39    0.41
64        90        4            0        NA        NA 0.31 2.31    0.15
65       113        4            0        NA        NA 2.23 2.37    0.60
66        93        4            0        NA        NA 1.89 1.55    0.42
67        53        1            0        NA        NA 2.25 2.49    0.64
68       136        4            2        NA        NA 1.47 2.26    0.82
69        58        0            0        NA        NA 1.01 1.62    0.12
70        91        4            0        NA        NA 2.43 2.31    0.50
71        68        4            0        NA        NA 0.99 2.49    0.28
72        21        4            0        NA        NA 2.30 2.28    0.31
73       113        4            0        NA        NA 2.17 2.37    0.39
74       167        4            2        NA        NA 1.24 2.46    0.63
75       153        4            0        NA        NA 1.84 2.45    0.31
76        90        4            0        NA        NA 1.66 2.30    0.57
77        84        4            0        NA        NA 0.78 2.24    0.29
78       135        4            0        NA        NA 1.32 2.29    0.57
79        88        0            0        NA        NA 1.68 2.50    0.22
80       200        4            2        NA        NA 2.48 2.31    0.64
# 2026-01-30 21:32:38 -03: Testing results (column number is configuration ID in no particular order):
         seeds            1            2            3            4            5
1t  1960240378 9.128554e-01 1.379037e+00 8.770132e-01 1.752262e+00 8.533405e-01
2t   477516358 2.919924e+06 1.736488e+07 3.109820e+06 1.559625e+07 8.279622e+06
3t   526630949 1.369856e+06 2.512795e+06 1.326824e+06 1.949829e+06 1.851998e+06
4t    63049585 9.251871e+04 1.228108e+05 6.316497e+04 1.311435e+05 1.099774e+05
5t   322970081 2.255608e+01 1.316027e+01 6.949992e+00 1.713050e+01 3.365123e+01
6t  1516902574 5.395892e+00 3.578635e+02 3.088573e+00 4.030034e+02 4.041029e+01
7t  2114589178 6.163151e+03 5.310251e+03 4.214101e+03 3.953868e+03 4.741946e+03
8t  2029959874 5.321771e+00 6.192213e+00 5.276725e+00 7.091545e+00 5.813960e+00
9t  2099764510 2.874311e+02 2.640775e+02 3.385389e+02 2.699226e+02 2.844278e+02
10t 2138952418 2.390446e+01 2.853031e+01 2.549091e+01 2.928246e+01 2.726563e+01
11t 1539924917 2.900343e+02 2.696446e+02 3.485424e+02 2.533305e+02 2.527674e+02
12t  885512156 5.671731e+03 3.466009e+02 7.280017e+03 2.053275e+03 4.022196e+02
13t 1884182928 1.968450e+01 1.646917e+00 2.013189e+01 1.699167e+00 1.981682e+01
14t 1911012489 2.099296e+01 2.113880e+01 2.088042e+01 2.103230e+01 2.101713e+01
15t  725912902 2.688233e+02 2.083108e+02 1.290931e+02 2.338272e+02 1.620850e+02
16t    6755520 4.918056e+01 4.845059e+01 4.708236e+01 5.816901e+01 9.937443e+01
17t 1575119201 4.749541e-02 4.042595e-01 1.157244e-01 1.093206e+00 2.014681e-01
18t  520382934 8.677466e-01 9.734932e-01 8.489004e-01 9.916845e-01 9.419005e-01
19t 1188810500 6.317428e+02 4.520405e+02 7.062568e+02 4.274682e+02 5.464994e+02
20t 1459919916 5.122525e+02 3.189654e+02 4.753152e+02 3.117717e+02 2.727372e+02
21t  231300963 2.827076e+04 2.777513e+04 3.107444e+04 2.801368e+04 2.883360e+04
22t 2126760105 2.859643e+04 2.854423e+04 2.831823e+04 2.818383e+04 2.824583e+04
23t 1250806569 5.774095e+01 4.512042e+01 5.507787e+01 4.333473e+01 4.460012e+01
24t  470316086 3.571044e-01 6.776063e-01 9.394339e-01 6.530228e-01 5.593159e-01
25t  122112675 8.043937e-01 5.444863e-01 7.808170e-01 4.929890e-01 5.053513e-01
26t   69209347 3.466825e-01 2.928246e-01 3.429929e-01 2.938041e-01 3.097848e-01
27t 1492546924 9.597612e+01 3.593108e+01 1.123080e+02 7.579488e+01 9.175295e+01
28t 2106745544 3.804094e+02 2.324370e+02 1.881025e+02 2.571538e+02 2.320663e+02
29t 1356688993 3.552254e+02 3.008642e+02 4.812532e+02 2.483813e+02 3.352826e+02
30t  149748981 1.039106e+01 1.263627e+01 8.890347e+00 1.053496e+01 1.095479e+01
31t  261391144 2.359001e+02 1.347973e+02 2.276420e+02 1.400455e+02 2.279332e+02
32t 1491890368 5.635518e+02 3.646489e+02 3.593523e+02 4.132297e+02 6.404597e+02
33t  565270482 1.489148e+02 1.070536e+02 1.498419e+02 1.080676e+02 1.254052e+02
34t  844194853 2.388518e+01 2.775428e+01 2.522736e+01 2.505291e+01 2.355781e+01
35t  959381274 1.305018e+04 1.248933e+04 1.378329e+04 1.269037e+04 1.287054e+04
36t 1465212273 2.672434e+05 2.544567e+05 2.704261e+05 1.825590e+05 1.856423e+05
37t 1867455030 5.531307e+01 6.065882e+01 5.820116e+01 6.030237e+01 5.967601e+01
38t  252225811 3.424474e+05 2.886192e+05 3.191148e+05 2.307203e+05 2.808211e+05
39t  617274260 5.383257e+00 5.846898e+00 5.496865e+00 5.315214e+00 6.431293e+00
40t 1843253305 5.498954e+01 4.187584e+01 5.972658e+01 3.579527e+01 1.095149e+02
41t 1888096508 4.475549e+02 4.496502e+02 4.468707e+02 4.504299e+02 4.487116e+02
42t  411284245 3.505608e+02 3.022865e+02 4.128800e+02 3.016388e+02 2.929637e+02
43t  375542271 4.783835e+02 3.421215e+02 4.321872e+02 3.353100e+02 2.923076e+02
44t   87478415 9.399826e+02 9.338298e+02 9.324185e+02 9.225480e+02 9.402156e+02
45t 1898434523 9.328178e+02 9.268894e+02 9.344027e+02 9.318489e+02 9.482794e+02
46t 1686790961 9.369447e+02 9.465972e+02 9.371734e+02 9.340870e+02 9.683035e+02
47t  958904639 1.024608e+03 5.571066e+02 1.024622e+03 1.026635e+03 5.418831e+02
48t 1580209904 1.114470e+03 9.661341e+02 1.011830e+03 9.094939e+02 1.001861e+03
49t 1246599826 1.024991e+03 1.023253e+03 5.530859e+02 1.025535e+03 5.556355e+02
50t  858763357 9.401788e+02 8.892855e+02 9.384191e+02 8.933517e+02 9.304060e+02
               6            7            8            9           10
1t  1.200997e+00 1.828721e+00 2.893343e+00 1.399139e+00 1.178773e+00
2t  7.162181e+06 1.326288e+07 1.063455e+07 6.922088e+06 6.643936e+06
3t  2.031576e+06 2.679439e+06 5.328207e+06 2.382163e+06 1.883027e+06
4t  1.120033e+05 7.889147e+04 1.446001e+05 1.004488e+05 1.087000e+05
5t  5.827583e+01 1.575422e+01 1.490795e+01 7.646311e+00 2.841745e+01
6t  1.200336e+02 1.774241e+02 2.182136e+02 2.277288e+02 1.842518e+01
7t  9.552199e+03 3.209106e+03 2.059415e+03 2.824510e+03 6.702627e+03
8t  6.203518e+00 7.270854e+00 9.432357e+00 6.589725e+00 6.137957e+00
9t  3.513479e+02 2.455398e+02 4.978959e+01 2.874482e+02 2.960709e+02
10t 2.842929e+01 3.422973e+01 3.814081e+01 2.752340e+01 2.666167e+01
11t 3.574117e+02 2.626191e+02 6.944531e+01 2.078220e+02 2.927201e+02
12t 2.883170e+04 2.401351e+02 1.585874e+03 2.869977e+02 1.198333e+04
13t 2.034479e+01 1.831272e+00 2.409289e+00 1.500623e+00 1.497317e+00
14t 2.109287e+01 2.110765e+01 2.118946e+01 2.110672e+01 2.113480e+01
15t 1.689799e+02 2.630756e+03 4.107785e+02 5.364045e+02 3.994916e+02
16t 4.924683e+01 4.717910e+01 4.938430e+01 4.932294e+01 4.900298e+01
17t 3.738540e+02 3.431082e-01 9.642896e-02 1.049900e+00 8.076207e-02
18t 9.506598e-01 1.022017e+00 1.046610e+00 9.711282e-01 9.496162e-01
19t 1.401840e+03 3.617388e+02 4.070623e+02 4.234804e+02 3.987878e+02
20t 6.425458e+02 2.271191e+02 2.722207e+02 2.682056e+02 3.176808e+02
21t 3.450332e+04 2.758094e+04 2.868401e+04 2.655226e+04 2.840115e+04
22t 3.558077e+04 2.912966e+04 3.299756e+04 2.850426e+04 2.749497e+04
23t 6.527090e+01 4.392675e+01 3.940828e+01 4.688384e+01 5.576297e+01
24t 3.970075e+00 9.140296e-01 3.316907e+00 7.539944e-01 4.504726e-01
25t 6.086753e-01 4.779162e-01 4.579783e-01 5.637970e-01 8.717569e-01
26t 3.010266e-01 3.116015e-01 2.643361e-01 3.193880e-01 7.838227e-01
27t 4.900438e+01 5.987078e+01 6.686249e+01 9.625595e+01 8.370811e+01
28t 2.016433e+02 2.465991e+02 3.601251e+02 2.418999e+02 2.529682e+02
29t 4.286767e+02 3.019548e+02 3.081929e+02 2.755201e+02 3.471068e+02
30t 2.118027e+01 1.280815e+01 1.576698e+01 1.160659e+01 1.248392e+01
31t 9.720320e+01 1.769150e+02 1.401627e+02 1.431804e+02 1.878522e+02
32t 3.816024e+02 3.782681e+02 3.447844e+02 5.345224e+02 6.922819e+02
33t 1.610082e+02 9.870725e+01 9.678163e+01 9.321524e+01 1.202802e+02
34t 2.920844e+01 2.852006e+01 3.247525e+01 2.792867e+01 2.704690e+01
35t 1.402498e+04 1.228946e+04 1.258435e+04 1.280553e+04 1.247189e+04
36t 1.690352e+05 2.790033e+05 4.025219e+05 2.097875e+05 1.920372e+05
37t 6.746959e+01 5.999434e+01 5.419410e+01 6.056000e+01 5.817350e+01
38t 1.430629e+05 2.755209e+05 2.243196e+05 2.132466e+05 2.662734e+05
39t 5.652795e+00 5.986934e+00 5.850931e+00 6.065693e+00 5.755113e+00
40t 8.694074e+02 2.172756e+01 2.604510e+01 4.580066e+01 5.191865e+01
41t 4.505363e+02 4.526398e+02 4.579591e+02 4.500668e+02 4.492531e+02
42t 3.266454e+02 2.869769e+02 2.620195e+02 2.503820e+02 2.731785e+02
43t 4.371283e+02 3.136648e+02 3.270678e+02 3.280461e+02 3.517251e+02
44t 9.436023e+02 9.358966e+02 9.312076e+02 9.310804e+02 9.433810e+02
45t 9.427699e+02 9.310779e+02 9.246333e+02 9.356716e+02 9.353562e+02
46t 9.532114e+02 9.315517e+02 9.322369e+02 9.350379e+02 9.252979e+02
47t 5.586461e+02 1.039208e+03 6.050361e+02 1.021209e+03 5.398541e+02
48t 1.143771e+03 9.201783e+02 9.488834e+02 9.460632e+02 9.770841e+02
49t 1.149126e+03 1.018569e+03 6.295975e+02 1.019451e+03 1.016617e+03
50t 1.224485e+03 8.837940e+02 4.073994e+02 8.963752e+02 9.203298e+02
              11           12           13           14           15
1t  1.079503e+00 1.234099e+00 1.218518e+00 1.946298e+00 6.115566e-01
2t  1.059435e+07 9.782643e+06 9.988754e+06 8.963039e+06 2.813095e+06
3t  1.895474e+06 1.901216e+06 2.018533e+06 2.896922e+06 8.937937e+05
4t  1.057904e+05 1.145846e+05 9.286230e+04 7.476692e+04 1.770429e+05
5t  3.895502e+01 4.131070e+01 3.114099e+01 1.644850e+01 4.327183e+01
6t  6.685554e+01 2.728902e+02 7.733168e+01 3.734035e+01 4.113511e+00
7t  6.759940e+03 3.221013e+03 5.697984e+03 4.317366e+03 2.463196e+04
8t  6.153725e+00 5.944458e+00 6.027600e+00 8.033831e+00 1.240183e+02
9t  2.789240e+02 2.552345e+02 2.804995e+02 2.705040e+02 3.255341e+02
10t 2.446860e+01 3.017484e+01 3.024357e+01 3.453544e+01 1.791352e+01
11t 2.777421e+02 2.742873e+02 2.549399e+02 2.794226e+02 4.111910e+02
12t 2.890891e+02 4.671057e+03 1.670207e+03 3.681101e+02 1.238394e+04
13t 1.958716e+01 1.448444e+00 1.397234e+00 1.944825e+00 1.995618e+01
14t 2.098804e+01 2.115000e+01 2.092164e+01 2.105499e+01 2.102239e+01
15t 4.414129e+03 6.517064e+02 5.343612e+02 6.884249e+02 2.964496e+02
16t 9.963329e+01 4.868837e+01 4.921204e+01 4.824692e+01 4.878119e+01
17t 1.290697e+00 5.799059e-01 2.074633e-01 8.684207e-02 1.439002e+02
18t 9.134655e-01 9.463687e-01 9.459368e-01 1.025347e+00 6.005682e-01
19t 5.680643e+02 4.018259e+02 4.356133e+02 4.110888e+02 5.050602e+03
20t 3.043942e+02 2.941648e+02 2.103197e+02 2.395907e+02 9.195106e+02
21t 2.851148e+04 2.747667e+04 2.863562e+04 2.855246e+04 3.827369e+04
22t 2.894262e+04 2.896967e+04 2.914227e+04 2.929441e+04 3.681987e+04
23t 4.882864e+01 5.240018e+01 5.001500e+01 5.009077e+01 6.994215e+01
24t 7.894259e-01 4.376754e-01 6.949769e-01 6.293591e-01 2.878365e+00
25t 7.103016e-01 6.124008e-01 5.110911e-01 4.952708e-01 6.155718e-01
26t 3.472495e-01 3.568165e-01 3.367178e-01 4.032932e-01 2.743139e-01
27t 9.547163e+01 7.186021e+01 9.872462e+01 7.854914e+01 5.657115e+01
28t 2.152136e+02 2.450821e+02 2.574279e+02 2.916126e+02 1.403168e+02
29t 2.858016e+02 3.573062e+02 3.028790e+02 2.997223e+02 4.467522e+02
30t 1.123368e+01 1.101566e+01 1.152786e+01 1.230356e+01 2.327636e+01
31t 1.783223e+02 1.428988e+02 1.644095e+02 1.985860e+02 1.190507e+02
32t 4.758354e+02 4.931202e+02 5.420262e+02 3.493241e+02 4.602053e+02
33t 8.522306e+01 1.140010e+02 9.286173e+01 9.612752e+01 1.867770e+02
34t 2.267360e+01 2.761938e+01 2.872696e+01 2.953456e+01 2.395650e+01
35t 1.298271e+04 1.268113e+04 1.272583e+04 1.270306e+04 1.810932e+04
36t 1.991815e+05 1.967398e+05 2.294287e+05 2.835336e+05 1.107308e+05
37t 5.726819e+01 5.720400e+01 5.825467e+01 6.022536e+01 6.182815e+01
38t 2.213026e+05 2.167489e+05 1.968433e+05 5.212096e+05 1.883725e+05
39t 5.383917e+00 6.763127e+00 5.405356e+00 6.008515e+00 6.501296e+00
40t 9.518338e+01 5.278065e+01 7.213025e+01 2.331679e+01 7.213461e+02
41t 4.482836e+02 3.747155e+02 4.488203e+02 4.520360e+02 4.431828e+02
42t 2.873863e+02 2.935186e+02 2.880990e+02 2.709334e+02 3.995889e+02
43t 4.144657e+02 3.438497e+02 4.016675e+02 2.856406e+02 5.331663e+02
44t 9.358625e+02 9.396462e+02 9.243999e+02 9.292223e+02 9.269582e+02
45t 9.340589e+02 9.378066e+02 9.333574e+02 9.255315e+02 9.200003e+02
46t 9.413640e+02 9.841164e+02 9.348254e+02 9.295622e+02 9.245115e+02
47t 5.414890e+02 9.065088e+02 9.066321e+02 1.030722e+03 1.257715e+03
48t 1.010593e+03 9.749212e+02 9.950393e+02 9.691399e+02 1.365320e+03
49t 5.622700e+02 1.023061e+03 1.028935e+03 1.021013e+03 1.234975e+03
50t 9.515141e+02 9.223775e+02 9.051608e+02 8.941828e+02 1.309660e+03
              16           17           18           19           20
1t  2.220499e+00 1.107395e+00 1.208605e+00 8.198781e-01 5.723003e-01
2t  1.684396e+07 1.842415e+07 1.282099e+07 2.662626e+06 3.689884e+06
3t  3.987858e+06 1.615282e+06 1.850326e+06 1.245157e+06 9.139347e+05
4t  1.013651e+05 1.175189e+05 1.102706e+05 7.331889e+04 1.995411e+05
5t  1.008245e+01 3.646099e+01 3.842445e+01 1.363613e+01 4.149648e+01
6t  3.581957e+02 2.914002e+02 1.840604e+02 1.881232e+00 3.311833e+00
7t  2.634338e+03 5.750959e+03 5.767679e+03 1.402730e+04 3.086441e+04
8t  7.921954e+00 5.530410e+00 6.182411e+00 6.902372e+03 1.432265e+02
9t  1.544761e+02 2.799285e+02 2.893259e+02 3.619208e+02 4.400068e+02
10t 3.395019e+01 2.807278e+01 2.978146e+01 2.294135e+01 1.966588e+01
11t 1.893332e+02 2.761011e+02 2.520600e+02 3.835468e+02 3.355829e+02
12t 2.907861e+02 2.099211e+03 5.223876e+02 3.294763e+03 1.274881e+04
13t 1.950190e+00 1.356276e+00 1.565358e+00 2.008829e+01 1.995538e+01
14t 2.116072e+01 2.100358e+01 2.110553e+01 2.114881e+01 2.091599e+01
15t 2.768120e+02 1.816120e+02 3.683321e+02 1.240177e+02 2.941712e+02
16t 4.813442e+01 4.870736e+01 4.810382e+01 4.377318e+01 4.916884e+01
17t 4.966241e-01 1.584045e-01 8.772752e-01 1.278363e-01 2.117145e+02
18t 1.038199e+00 9.681730e-01 9.729022e-01 8.306654e-01 6.136773e-01
19t 4.343309e+02 5.745740e+02 4.963951e+02 6.927669e+02 5.142706e+03
20t 2.178244e+02 3.464514e+02 3.385307e+02 5.309782e+02 5.337969e+02
21t 2.775748e+04 2.714444e+04 2.770774e+04 2.908712e+04 3.885182e+04
22t 2.858698e+04 2.881311e+04 2.850495e+04 2.846520e+04 3.933901e+04
23t 4.142557e+01 4.849856e+01 5.434800e+01 7.211143e+01 8.280883e+01
24t 7.405047e-01 1.214136e+00 9.769263e-01 7.271438e-01 9.287804e-01
25t 5.553745e-01 5.683609e-01 7.090566e-01 5.967054e-01 6.280784e-01
26t 3.449087e-01 2.838538e-01 3.631993e-01 3.058599e-01 2.852797e-01
27t 6.709971e+01 6.383652e+01 7.609799e+01 1.122253e+02 5.584941e+01
28t 3.186450e+02 2.068743e+02 2.208333e+02 2.294585e+02 1.317872e+02
29t 3.088912e+02 2.817237e+02 3.113286e+02 4.486202e+02 4.545741e+02
30t 1.307622e+01 1.314556e+01 1.166842e+01 1.719804e+01 5.031177e+02
31t 1.790121e+02 1.490025e+02 1.864981e+02 2.076134e+02 1.257481e+02
32t 3.801006e+02 3.417221e+02 4.349530e+02 6.204682e+02 4.550071e+02
33t 1.112625e+02 9.999615e+01 1.037424e+02 1.983148e+02 1.765224e+02
34t 2.864289e+01 2.509589e+01 3.074344e+01 2.764754e+01 2.643556e+01
35t 1.259511e+04 1.286351e+04 1.274034e+04 1.413244e+04 1.828360e+04
36t 2.595531e+05 1.862299e+05 1.541073e+05 2.974909e+05 1.257965e+05
37t 5.947262e+01 5.573400e+01 5.781293e+01 5.842282e+01 5.581725e+01
38t 2.781504e+05 1.896051e+05 3.101211e+05 2.426036e+05 1.684612e+05
39t 6.284657e+00 6.407930e+00 6.951234e+00 5.595140e+00 5.316747e+00
40t 1.990489e+01 7.493123e+01 5.647519e+01 6.534128e+01 6.967748e+02
41t 4.281660e+02 4.483455e+02 4.496565e+02 4.455562e+02 4.423205e+02
42t 2.806137e+02 2.892508e+02 2.866444e+02 4.268848e+02 4.038407e+02
43t 3.179678e+02 4.548473e+02 4.060367e+02 4.642525e+02 4.787887e+02
44t 9.222807e+02 9.288275e+02 9.296788e+02 1.018867e+03 9.257525e+02
45t 9.238298e+02 9.414627e+02 9.376549e+02 9.933168e+02 9.242326e+02
46t 9.280739e+02 9.371367e+02 9.313738e+02 9.421220e+02 9.263072e+02
47t 9.276061e+02 5.454309e+02 1.025169e+03 1.188968e+03 1.238181e+03
48t 9.211194e+02 9.275913e+02 9.248103e+02 1.234536e+03 1.406975e+03
49t 1.022841e+03 1.021414e+03 5.729235e+02 5.526147e+02 1.250269e+03
50t 8.876336e+02 9.319058e+02 8.928803e+02 1.298104e+03 1.326428e+03
              21           22           23           24           25
1t  1.277222e+00 1.625266e+00 6.213209e-01 1.961561e+00 1.870894e+00
2t  9.915459e+06 1.782886e+07 2.721780e+06 3.536658e+07 9.020477e+06
3t  2.263856e+06 2.992473e+06 8.758701e+05 3.476064e+06 2.873610e+06
4t  1.208802e+05 1.126199e+05 1.434723e+05 1.050478e+05 1.028947e+05
5t  2.915547e+01 1.513499e+01 3.935361e+01 1.046706e+01 2.432433e+01
6t  3.682617e+02 3.736023e+02 2.713167e+00 4.423231e+02 2.509351e+02
7t  5.517937e+03 3.204885e+03 2.401018e+04 3.909132e+03 4.090035e+03
8t  6.151697e+00 6.950719e+00 4.704037e+02 7.365305e+00 7.333687e+00
9t  2.681479e+02 2.347247e+02 3.319998e+02 1.761495e+02 2.327719e+02
10t 3.087506e+01 2.968044e+01 1.869810e+01 3.175281e+01 3.311932e+01
11t 2.630260e+02 1.880847e+02 3.376836e+02 1.717414e+02 2.685690e+02
12t 2.853309e+03 2.588997e+02 1.132776e+04 3.914552e+02 4.070501e+02
13t 1.656331e+00 1.677310e+00 2.001602e+01 1.801088e+00 1.788344e+00
14t 2.105979e+01 2.113623e+01 2.073555e+01 2.099331e+01 2.106574e+01
15t 4.052499e+02 2.461849e+02 1.063354e+02 3.158589e+02 4.233102e+02
16t 4.937801e+01 4.779453e+01 1.013534e+02 4.933109e+01 4.905875e+01
17t 5.897907e-01 8.797606e-01 2.396624e+02 8.623785e-01 9.778609e-02
18t 9.766312e-01 9.838521e-01 6.551717e-01 1.030358e+00 9.732483e-01
19t 5.245378e+02 4.120719e+02 6.078246e+03 4.604415e+02 4.312741e+02
20t 2.509288e+02 3.202964e+02 5.586547e+02 2.741517e+02 2.644815e+02
21t 2.807726e+04 2.777354e+04 3.854911e+04 2.701677e+04 2.748155e+04
22t 2.900242e+04 2.840451e+04 3.824956e+04 2.905450e+04 2.865873e+04
23t 4.199308e+01 4.956454e+01 7.817736e+01 4.971084e+01 4.495956e+01
24t 6.779851e-01 5.298735e-01 4.338249e+00 7.730169e-01 4.872944e-01
25t 5.662985e-01 4.530186e-01 5.909867e-01 5.813509e-01 5.467764e-01
26t 3.528095e-01 3.826775e-01 2.756683e-01 3.523326e-01 2.314468e-01
27t 6.169262e+01 4.875478e+01 5.848090e+01 3.276245e+01 9.732916e+01
28t 3.654913e+02 2.708946e+02 1.302289e+02 2.899139e+02 2.601125e+02
29t 2.840123e+02 2.769222e+02 4.585053e+02 2.382116e+02 2.454918e+02
30t 1.232969e+01 1.117085e+01 1.353883e+05 1.296212e+01 1.236535e+01
31t 1.686775e+02 1.432697e+02 1.201857e+02 1.353989e+02 1.756681e+02
32t 2.955465e+02 3.138633e+02 4.237576e+02 3.289243e+02 3.545625e+02
33t 1.208192e+02 9.943084e+01 1.760143e+02 1.229132e+02 9.299379e+01
34t 2.639740e+01 2.601023e+01 2.263724e+01 2.951217e+01 2.629116e+01
35t 1.261786e+04 1.252416e+04 1.797355e+04 1.257260e+04 1.212063e+04
36t 2.159131e+05 2.436544e+05 1.422612e+05 2.642715e+05 2.411820e+05
37t 5.521621e+01 5.934027e+01 5.459102e+01 6.106172e+01 5.832851e+01
38t 2.663075e+05 3.198874e+05 2.433282e+05 2.011610e+05 2.660284e+05
39t 7.264005e+00 6.758253e+00 5.199805e+00 6.044191e+00 6.010749e+00
40t 4.532551e+01 4.800507e+01 5.936786e+02 2.866563e+01 2.243981e+01
41t 4.494680e+02 4.501493e+02 4.440188e+02 4.266863e+02 4.510947e+02
42t 2.721968e+02 2.822726e+02 4.202215e+02 2.882535e+02 2.644343e+02
43t 3.832581e+02 3.671117e+02 4.705932e+02 3.016461e+02 3.161060e+02
44t 9.313058e+02 9.264692e+02 9.239425e+02 9.249706e+02 9.214763e+02
45t 9.223817e+02 9.360172e+02 9.235206e+02 9.235454e+02 9.313778e+02
46t 9.312064e+02 9.324464e+02 9.252713e+02 9.317912e+02 9.319665e+02
47t 1.022971e+03 1.018288e+03 1.225953e+03 1.020255e+03 1.032867e+03
48t 9.883823e+02 9.188058e+02 1.434422e+03 9.316522e+02 9.616270e+02
49t 1.026378e+03 1.022120e+03 1.234304e+03 1.020654e+03 1.017489e+03
50t 9.331778e+02 8.949559e+02 1.308512e+03 8.906675e+02 8.903694e+02
              26           27           28           29           30
1t  1.135137e+00 1.601587e+00 1.419857e+00 1.162723e+00 1.738112e+00
2t  4.865799e+06 1.568000e+07 1.544710e+07 3.710859e+07 1.001809e+07
3t  1.638786e+06 2.415229e+06 2.177495e+06 1.785674e+06 3.058793e+06
4t  1.117058e+05 8.878174e+04 1.122933e+05 1.307644e+05 1.057739e+05
5t  5.660819e+01 1.618574e+01 1.022185e+01 3.092444e+01 1.450175e+01
6t  8.111836e+01 1.078873e+02 6.205828e+01 3.283524e+02 1.772111e+02
7t  6.329527e+03 3.389942e+03 4.114443e+03 5.280001e+03 2.131372e+03
8t  5.900887e+00 6.852761e+00 6.556796e+00 5.730395e+00 7.424383e+00
9t  3.632878e+02 2.193559e+02 2.654630e+02 2.748668e+02 2.082753e+02
10t 2.749735e+01 3.082007e+01 2.709955e+01 2.761176e+01 3.189320e+01
11t 3.718705e+02 2.529837e+02 2.417883e+02 2.686464e+02 2.146840e+02
12t 2.573963e+04 2.055873e+02 3.269634e+02 1.317688e+03 2.757634e+02
13t 2.035630e+01 1.667708e+00 1.625679e+00 1.518121e+00 1.901843e+00
14t 2.117039e+01 2.110466e+01 2.110518e+01 2.102456e+01 2.114770e+01
15t 3.723851e+02 1.902820e+02 4.655431e+02 4.377835e+02 1.368005e+03
16t 4.927756e+01 4.799433e+01 4.734895e+01 4.917754e+01 1.104183e+02
17t 2.230206e+02 5.100849e-02 2.429178e-01 1.191697e+00 1.042260e-01
18t 9.025443e-01 9.804968e-01 9.285814e-01 9.633092e-01 1.000405e+00
19t 1.416628e+03 4.178446e+02 3.915036e+02 6.095579e+02 4.023492e+02
20t 6.768322e+02 2.044077e+02 2.602991e+02 2.842587e+02 1.980263e+02
21t 3.464077e+04 2.719364e+04 2.749250e+04 2.816004e+04 2.582718e+04
22t 3.499516e+04 2.865552e+04 2.979246e+04 2.854362e+04 2.895235e+04
23t 6.562541e+01 4.335406e+01 5.065936e+01 5.156052e+01 4.372798e+01
24t 3.466662e+00 5.743790e-01 1.030216e+00 6.287792e-01 9.791108e-01
25t 5.851389e-01 5.912505e-01 6.950235e-01 6.938457e-01 5.875243e-01
26t 2.751018e-01 3.406444e-01 3.374289e-01 3.177384e-01 4.225453e-01
27t 5.681714e+01 7.214924e+01 8.340596e+01 5.773305e+01 8.349273e+01
28t 1.786065e+02 2.639449e+02 2.549225e+02 2.326689e+02 3.043803e+02
29t 4.449665e+02 2.893110e+02 3.009284e+02 3.380546e+02 2.836541e+02
30t 1.472532e+01 1.161948e+01 1.419903e+01 1.148293e+01 1.227917e+01
31t 1.140340e+02 1.709815e+02 1.637348e+02 1.327958e+02 1.712998e+02
32t 3.777845e+02 3.794586e+02 5.425963e+02 3.057103e+02 5.063618e+02
33t 1.210985e+02 1.071188e+02 1.052037e+02 1.026494e+02 1.009333e+02
34t 2.887753e+01 2.883002e+01 2.652064e+01 2.387010e+01 2.655132e+01
35t 1.393722e+04 1.269810e+04 1.247372e+04 1.280661e+04 1.253597e+04
36t 1.734446e+05 2.090223e+05 2.901377e+05 1.955482e+05 2.678758e+05
37t 6.666458e+01 5.764847e+01 5.840922e+01 5.910133e+01 6.221399e+01
38t 1.425957e+05 2.558357e+05 2.508265e+05 1.659967e+05 3.661049e+05
39t 5.492273e+00 5.945869e+00 5.973164e+00 5.667628e+00 5.683726e+00
40t 6.782084e+02 4.077670e+01 4.409710e+01 1.190504e+02 2.063710e+01
41t 4.484567e+02 4.506492e+02 4.500511e+02 4.485755e+02 4.526291e+02
42t 3.212527e+02 2.802764e+02 2.803147e+02 3.413718e+02 2.953237e+02
43t 4.086829e+02 4.387707e+02 3.217854e+02 4.528707e+02 3.580233e+02
44t 9.430306e+02 9.216367e+02 9.362911e+02 9.363848e+02 9.227482e+02
45t 9.491515e+02 9.333797e+02 9.373123e+02 9.298655e+02 9.296135e+02
46t 9.382350e+02 9.252569e+02 9.353785e+02 9.342833e+02 9.323084e+02
47t 5.444625e+02 1.021423e+03 1.021736e+03 9.022097e+02 1.018626e+03
48t 1.205254e+03 9.261714e+02 9.870534e+02 9.913966e+02 9.258403e+02
49t 5.654890e+02 1.021685e+03 1.023912e+03 5.720430e+02 1.021872e+03
50t 1.228265e+03 9.070082e+02 9.067964e+02 9.668000e+02 8.991650e+02
              31           32           33           34           35
1t  1.228553e+00 8.639370e-01 9.352583e-01 1.130793e+00 8.139446e-01
2t  1.336768e+07 2.945993e+06 1.066794e+07 3.480916e+06 4.156290e+06
3t  1.915430e+06 1.516849e+06 1.319303e+06 1.891279e+06 1.154273e+06
4t  9.194898e+04 5.691958e+04 1.310516e+05 4.385398e+04 1.245339e+05
5t  2.784902e+01 2.506876e+01 5.182191e+01 1.058781e+01 5.515929e+01
6t  1.516315e+02 3.017121e+00 9.793847e+01 4.874804e+00 2.744254e+01
7t  4.192257e+03 1.469538e+04 6.871494e+03 3.106426e+03 1.434499e+04
8t  6.305151e+00 5.184724e+00 5.316864e+00 5.614092e+00 5.016266e+00
9t  2.688002e+02 3.069850e+02 2.910204e+02 3.096456e+02 3.673549e+02
10t 2.989924e+01 2.502173e+01 2.585496e+01 2.796682e+01 2.380728e+01
11t 2.438026e+02 3.028058e+02 2.504869e+02 3.095440e+02 3.879204e+02
12t 5.653564e+03 1.137523e+04 1.809059e+04 3.713956e+03 2.499927e+04
13t 1.537267e+00 1.983608e+01 1.954360e+01 2.008109e+01 2.063276e+01
14t 2.103659e+01 2.079354e+01 2.094484e+01 2.096351e+01 2.107163e+01
15t 5.289497e+03 1.296675e+02 1.047100e+03 1.652566e+02 3.776452e+02
16t 4.929682e+01 1.025856e+02 1.031308e+02 1.006007e+02 4.924963e+01
17t 9.309225e-01 2.438486e-01 1.993523e+00 2.342854e-01 3.226414e+02
18t 9.322790e-01 8.556214e-01 8.597549e-01 9.242078e-01 8.000231e-01
19t 5.358081e+02 6.587935e+02 5.462148e+02 6.211437e+02 2.259898e+03
20t 3.007767e+02 4.882601e+02 3.532175e+02 4.276530e+02 7.266685e+02
21t 2.803609e+04 2.938285e+04 2.906888e+04 2.914078e+04 3.437787e+04
22t 2.876439e+04 3.049981e+04 2.824268e+04 3.093398e+04 3.524459e+04
23t 5.311083e+01 6.434039e+01 5.776525e+01 5.711451e+01 6.759431e+01
24t 3.891263e-01 7.140187e-01 7.035742e-01 5.592863e-01 3.407105e+00
25t 6.503176e-01 6.123607e-01 6.806424e-01 9.183235e-01 5.909932e-01
26t 3.066056e-01 3.653692e-01 3.121010e-01 3.148404e-01 2.946970e-01
27t 9.960233e+01 9.352804e+01 1.053421e+02 1.342190e+02 4.962122e+01
28t 2.208812e+02 2.120174e+02 2.252792e+02 2.656603e+02 1.528910e+02
29t 2.642603e+02 3.631823e+02 2.899455e+02 3.690819e+02 3.967153e+02
30t 1.032479e+01 2.391142e+01 1.074881e+01 1.163661e+01 1.280585e+01
31t 1.490070e+02 2.188806e+02 1.916965e+02 2.336982e+02 9.347683e+01
32t 4.228950e+02 3.722223e+02 1.416243e+03 3.881960e+02 4.254461e+02
33t 1.000781e+02 1.392995e+02 1.081523e+02 1.300360e+02 1.364035e+02
34t 2.588775e+01 2.859471e+01 2.406961e+01 2.956103e+01 2.645726e+01
35t 1.261055e+04 1.315829e+04 1.326605e+04 1.280062e+04 1.438500e+04
36t 2.140749e+05 3.288553e+05 1.414641e+05 2.492862e+05 1.428778e+05
37t 5.779477e+01 5.629230e+01 6.223959e+01 6.260688e+01 6.521758e+01
38t 2.407838e+05 3.642361e+05 3.377183e+05 6.713434e+05 1.471577e+05
39t 6.386130e+00 5.444397e+00 5.718917e+00 5.064721e+00 5.324437e+00
40t 5.271596e+01 5.931816e+01 6.073321e+01 3.715993e+01 9.549921e+02
41t 4.487078e+02 4.459580e+02 4.470371e+02 4.482870e+02 4.469627e+02
42t 2.841591e+02 4.277075e+02 3.240289e+02 3.331020e+02 3.498732e+02
43t 3.648959e+02 4.567708e+02 3.766685e+02 4.212830e+02 4.328013e+02
44t 9.254919e+02 9.354830e+02 9.337561e+02 9.427930e+02 9.305907e+02
45t 9.342158e+02 9.333992e+02 9.290819e+02 9.398633e+02 9.323612e+02
46t 9.529413e+02 9.334736e+02 9.354192e+02 9.463056e+02 9.354944e+02
47t 1.039214e+03 5.331651e+02 5.356192e+02 1.022241e+03 5.466184e+02
48t 9.570589e+02 1.101319e+03 1.022890e+03 1.025719e+03 1.260712e+03
49t 1.021938e+03 5.472531e+02 5.535594e+02 1.033664e+03 1.207286e+03
50t 9.271489e+02 1.141009e+03 9.563215e+02 9.144217e+02 1.266296e+03
              36           37           38           39           40
1t  1.365494e+00 9.762398e-01 1.575463e+00 7.500265e-01 6.063446e-01
2t  1.751024e+07 9.425082e+06 8.840601e+06 4.568152e+06 3.031112e+06
3t  2.029204e+06 1.905411e+06 2.461806e+06 1.022463e+06 9.109215e+05
4t  1.211197e+05 1.073819e+05 9.581514e+04 1.319385e+05 1.688273e+05
5t  2.069289e+01 2.623190e+01 2.193538e+01 5.450208e+01 4.535416e+01
6t  3.684429e+02 1.268883e+02 1.686036e+02 9.801293e+00 4.225079e+00
7t  3.944572e+03 4.145170e+03 3.736664e+03 2.065510e+04 2.581158e+04
8t  6.800600e+00 6.031917e+00 5.899944e+00 4.739056e+00 1.956848e+01
9t  2.466996e+02 2.714977e+02 1.777548e+02 3.021653e+02 3.339790e+02
10t 3.088942e+01 2.894244e+01 3.003318e+01 2.642917e+01 1.837792e+01
11t 1.973627e+02 2.185170e+02 2.390343e+02 2.863356e+02 4.206261e+02
12t 3.088373e+02 1.064509e+04 2.367008e+02 2.140892e+04 1.371123e+04
13t 1.597376e+00 1.349268e+00 1.614665e+00 1.960693e+01 1.998581e+01
14t 2.101825e+01 2.106601e+01 2.116240e+01 2.103306e+01 2.066749e+01
15t 7.095961e+02 4.194916e+02 2.504940e+02 3.024159e+02 2.439195e+02
16t 4.846747e+01 4.792474e+01 4.834056e+01 4.846250e+01 4.905926e+01
17t 8.388016e-01 1.035664e-01 1.337671e-01 2.492467e+01 2.706354e+02
18t 9.771044e-01 8.936665e-01 1.000835e+00 6.858223e-01 6.368499e-01
19t 5.030089e+02 5.203647e+02 4.892313e+02 1.577514e+03 5.583712e+03
20t 2.203205e+02 3.456518e+02 2.573558e+02 3.696229e+02 5.516827e+02
21t 2.758704e+04 2.747009e+04 2.746429e+04 2.830092e+04 3.828109e+04
22t 2.850211e+04 2.808855e+04 2.767350e+04 3.024185e+04 3.755692e+04
23t 4.928545e+01 5.202995e+01 3.704348e+01 6.172684e+01 8.192421e+01
24t 7.701112e-01 6.376488e-01 6.515173e-01 1.238293e+00 2.421743e+00
25t 6.269014e-01 4.938292e-01 5.874533e-01 8.255052e-01 6.354153e-01
26t 3.271799e-01 3.115351e-01 3.758485e-01 3.391414e-01 2.818369e-01
27t 7.400299e+01 6.646781e+01 5.969064e+01 9.870219e+01 5.373450e+01
28t 2.201988e+02 2.192823e+02 2.388668e+02 2.239593e+02 1.284584e+02
29t 3.448811e+02 3.378111e+02 2.965555e+02 4.109191e+02 4.585109e+02
30t 9.742293e+00 1.193600e+01 1.244339e+01 1.588502e+01 4.123629e+02
31t 1.364247e+02 1.396809e+02 1.763590e+02 2.697860e+02 1.118887e+02
32t 3.209017e+02 4.582789e+02 3.699949e+02 3.411743e+02 4.221258e+02
33t 1.004527e+02 1.037594e+02 1.136136e+02 1.057872e+02 1.957020e+02
34t 2.532592e+01 2.400519e+01 2.731678e+01 2.193378e+01 2.689397e+01
35t 1.264425e+04 1.274697e+04 1.275416e+04 1.474551e+04 1.872904e+04
36t 2.125729e+05 1.800724e+05 2.339501e+05 1.772128e+05 1.137048e+05
37t 6.071378e+01 5.727376e+01 6.087567e+01 5.554231e+01 5.750019e+01
38t 2.499320e+05 2.351138e+05 2.546939e+05 3.504785e+05 1.950901e+05
39t 5.260253e+00 5.690353e+00 5.734913e+00 6.955902e+00 5.672132e+00
40t 3.920825e+01 6.732384e+01 2.664250e+01 2.581570e+02 8.270796e+02
41t 4.303041e+02 4.484456e+02 4.506103e+02 4.456652e+02 4.438379e+02
42t 3.084981e+02 3.227711e+02 2.978344e+02 3.745932e+02 4.107610e+02
43t 3.543487e+02 4.102630e+02 3.903216e+02 4.124768e+02 4.970003e+02
44t 9.447355e+02 9.320603e+02 9.321018e+02 1.031064e+03 9.247961e+02
45t 9.316118e+02 9.365482e+02 9.300427e+02 9.370383e+02 9.246845e+02
46t 9.341921e+02 9.327393e+02 9.260793e+02 1.033737e+03 9.248278e+02
47t 1.025401e+03 5.385994e+02 1.022769e+03 5.290582e+02 1.223193e+03
48t 9.380329e+02 9.334524e+02 9.383892e+02 1.373799e+03 1.405912e+03
49t 1.024017e+03 5.622799e+02 1.019949e+03 1.197822e+03 1.209756e+03
50t 9.004547e+02 9.300596e+02 8.922061e+02 1.255470e+03 1.325809e+03
              41           42           43           44           45
1t  1.151718e+00 1.787488e+00 7.403275e-01 1.427173e+00 1.522807e+00
2t  7.563909e+06 1.766967e+07 2.131045e+06 2.334045e+07 1.315582e+07
3t  2.063283e+06 3.300696e+06 1.102255e+06 2.428978e+06 2.408758e+06
4t  1.196295e+05 1.168379e+05 3.510024e+04 9.574602e+04 1.290404e+05
5t  3.457681e+01 1.292970e+01 1.089075e+01 4.509315e+01 1.534244e+01
6t  3.557080e+01 4.376877e+02 2.979040e+00 7.679181e+01 1.378836e+02
7t  8.245361e+03 4.098548e+03 4.525289e+04 5.861178e+03 2.228882e+03
8t  6.073590e+00 7.036972e+00 4.992536e+00 6.555562e+00 7.163985e+00
9t  2.922378e+02 2.509963e+02 3.797322e+02 2.683382e+02 2.627484e+02
10t 2.916474e+01 3.145096e+01 2.326539e+01 2.958636e+01 3.135416e+01
11t 3.115102e+02 2.522606e+02 3.634871e+02 3.004892e+02 2.378994e+02
12t 1.368504e+04 3.980964e+02 2.480768e+02 1.024825e+04 2.913307e+02
13t 1.921745e+01 1.876044e+00 2.007552e+01 1.588503e+00 1.757517e+00
14t 2.117104e+01 2.112206e+01 2.084746e+01 2.103356e+01 2.110272e+01
15t 3.077295e+02 3.420730e+02 2.948029e+02 5.806332e+02 4.965507e+02
16t 4.907986e+01 5.184669e+01 4.922859e+01 4.833499e+01 4.915993e+01
17t 1.320231e+00 9.030016e-01 2.424918e-02 1.150982e+00 2.894858e-01
18t 9.688063e-01 1.052335e+00 8.443602e-01 9.920427e-01 1.004190e+00
19t 5.638021e+02 4.357404e+02 2.127203e+03 4.772734e+02 4.521084e+02
20t 4.449412e+02 2.636812e+02 1.330574e+03 3.722128e+02 2.653368e+02
21t 2.688267e+04 2.791290e+04 2.832762e+04 2.751806e+04 2.710804e+04
22t 2.934920e+04 2.824798e+04 3.144485e+04 2.850105e+04 2.740999e+04
23t 5.294583e+01 4.392166e+01 7.470093e+01 5.250297e+01 4.542205e+01
24t 9.859125e-01 6.903041e-01 1.997520e+00 8.258476e-01 6.585096e-01
25t 9.056902e-01 5.382358e-01 4.965066e-01 7.555210e-01 7.439675e-01
26t 3.607752e-01 3.495274e-01 2.711643e-01 3.202558e-01 3.567685e-01
27t 1.022104e+02 5.231010e+01 9.513416e+01 7.375600e+01 7.389605e+01
28t 2.784757e+02 3.042157e+02 2.234804e+02 7.094330e+02 2.417954e+02
29t 3.563878e+02 2.954236e+02 5.572201e+02 2.983773e+02 2.685670e+02
30t 1.013684e+01 1.193643e+01 1.147130e+01 1.601408e+01 1.095332e+01
31t 2.271948e+02 1.227971e+02 1.426323e+02 1.608335e+02 1.910345e+02
32t 6.451092e+02 3.509340e+02 5.789755e+02 3.724142e+02 3.584235e+02
33t 1.156744e+02 9.376560e+01 2.704783e+02 1.336013e+02 1.136147e+02
34t 2.692708e+01 2.821944e+01 3.456612e+01 2.646358e+01 2.744555e+01
35t 1.287091e+04 1.266896e+04 1.461372e+04 1.275152e+04 1.241784e+04
36t 2.498451e+05 2.589941e+05 2.001987e+05 1.760096e+05 2.149683e+05
37t 6.320104e+01 5.864886e+01 6.511992e+01 5.832723e+01 6.078070e+01
38t 1.691272e+05 2.463405e+05 2.439776e+05 2.490541e+05 2.560347e+05
39t 5.689880e+00 6.025153e+00 4.993149e+00 7.334738e+00 6.398418e+00
40t 6.641673e+01 3.553286e+01 9.625724e+01 6.868359e+01 4.826615e+01
41t 4.486149e+02 4.506434e+02 5.474992e+02 4.489523e+02 4.503297e+02
42t 3.929812e+02 2.886803e+02 4.270449e+02 2.731118e+02 3.060435e+02
43t 4.355890e+02 3.571537e+02 4.758202e+02 3.257691e+02 3.179353e+02
44t 9.508246e+02 9.285342e+02 1.030740e+03 9.350634e+02 9.323879e+02
45t 9.485374e+02 9.261491e+02 9.448616e+02 9.395361e+02 9.320195e+02
46t 9.512205e+02 9.296986e+02 1.021056e+03 9.881488e+02 9.291916e+02
47t 1.022485e+03 1.024813e+03 1.214635e+03 1.035056e+03 1.023991e+03
48t 9.946107e+02 9.143914e+02 1.389851e+03 1.009670e+03 9.574095e+02
49t 5.715429e+02 6.063335e+02 1.212636e+03 9.248420e+02 1.017726e+03
50t 9.147438e+02 8.977999e+02 1.313070e+03 9.240365e+02 8.962748e+02
              46           47           48           49           50
1t  1.204540e+00 3.537735e+00 6.610345e-01 1.953537e+00 2.357541e+00
2t  8.149063e+06 1.874284e+07 1.381840e+07 1.019479e+07 1.914845e+07
3t  2.093591e+06 5.580913e+06 1.235735e+06 3.197409e+06 3.746664e+06
4t  1.136591e+05 1.188743e+05 1.073739e+05 1.089364e+05 7.797244e+04
5t  5.983940e+01 3.367458e+00 5.927872e+01 3.579709e+00 4.577796e+00
6t  3.264742e+02 3.280020e+02 7.472301e+01 4.870092e+01 2.529125e+02
7t  7.678284e+03 3.433092e+03 8.136053e+03 4.257764e+03 2.650635e+03
8t  6.734234e+00 9.248016e+00 4.420293e+00 7.491327e+00 9.363247e+00
9t  3.380213e+02 1.533073e+02 3.047020e+02 2.822805e+02 2.208249e+02
10t 2.950592e+01 3.756189e+01 2.343973e+01 3.210562e+01 3.318472e+01
11t 3.482510e+02 1.668824e+02 2.800088e+02 2.689718e+02 1.034418e+02
12t 2.676716e+04 3.004466e+02 1.227995e+04 2.215743e+02 3.306488e+02
13t 2.031952e+01 2.379579e+00 1.982694e+01 1.714808e+00 2.062612e+00
14t 2.112224e+01 2.108330e+01 2.085447e+01 2.110140e+01 2.102372e+01
15t 2.565310e+02 5.575400e+02 4.726116e+02 2.234468e+02 5.718499e+02
16t 4.930457e+01 4.890418e+01 4.924236e+01 1.006166e+02 4.921385e+01
17t 6.032846e+01 1.036071e+00 6.269706e-01 1.602545e-01 2.564615e-01
18t 9.448133e-01 1.056601e+00 8.049155e-01 1.013035e+00 1.045540e+00
19t 1.156105e+03 3.819276e+02 7.220036e+02 4.326714e+02 3.830237e+02
20t 5.811979e+02 2.070355e+02 4.066900e+02 3.300482e+02 2.629748e+02
21t 3.421631e+04 2.824564e+04 2.795699e+04 2.782367e+04 2.686615e+04
22t 3.565612e+04 2.808979e+04 2.864620e+04 2.859474e+04 2.834385e+04
23t 5.679490e+01 3.959555e+01 5.647655e+01 4.412781e+01 4.733598e+01
24t 3.723297e+00 6.767902e-01 6.594648e-01 6.431958e-01 5.831419e-01
25t 6.121248e-01 5.366134e-01 8.279497e-01 6.439801e-01 6.566214e-01
26t 3.231324e-01 2.867547e-01 3.159811e-01 3.071931e-01 2.997031e-01
27t 4.685825e+01 7.576744e+01 8.667979e+01 1.029152e+02 9.713074e+01
28t 2.131302e+02 4.049729e+02 1.631465e+02 3.161034e+02 2.985051e+02
29t 4.129377e+02 2.663512e+02 3.260609e+02 2.939655e+02 2.394854e+02
30t 1.427156e+01 1.503645e+01 1.187612e+01 1.308710e+01 1.378045e+01
31t 1.203274e+02 1.190548e+02 1.766834e+02 2.437984e+02 1.812223e+02
32t 3.802486e+02 3.657382e+02 6.875328e+02 3.325234e+02 6.388256e+02
33t 1.264323e+02 9.953078e+01 1.457248e+02 1.092757e+02 8.830005e+01
34t 3.132452e+01 3.214496e+01 2.211861e+01 2.822036e+01 3.163234e+01
35t 1.342748e+04 1.242633e+04 1.323597e+04 1.293411e+04 1.273489e+04
36t 3.008761e+05 3.781863e+05 1.394154e+05 3.148560e+05 3.305978e+05
37t 6.197711e+01 5.970327e+01 5.685954e+01 5.907506e+01 6.128029e+01
38t 1.939141e+05 2.918570e+05 1.322805e+05 3.020168e+05 2.794021e+05
39t 5.623932e+00 6.895156e+00 5.254535e+00 6.009630e+00 6.650905e+00
40t 3.328609e+02 2.261485e+01 1.886719e+02 4.209175e+01 1.868558e+01
41t 4.374898e+02 4.577297e+02 4.460846e+02 4.520161e+02 4.525103e+02
42t 3.418595e+02 2.676441e+02 2.920192e+02 3.045002e+02 2.703701e+02
43t 4.348713e+02 3.380907e+02 4.137143e+02 3.163462e+02 3.067232e+02
44t 9.600847e+02 9.234683e+02 9.271230e+02 9.363005e+02 9.230034e+02
45t 9.984068e+02 9.301864e+02 9.332168e+02 9.260680e+02 9.218970e+02
46t 9.727560e+02 9.236626e+02 9.341115e+02 9.376664e+02 9.284182e+02
47t 5.643347e+02 9.427646e+02 1.026933e+03 9.213360e+02 1.022974e+03
48t 1.095612e+03 9.302651e+02 1.041172e+03 9.758357e+02 9.748489e+02
49t 5.938023e+02 1.023813e+03 5.482428e+02 1.019536e+03 1.017879e+03
50t 1.209259e+03 8.841647e+02 1.031612e+03 8.986104e+02 8.999739e+02
              51           52           53           54           55
1t  1.509828e+00 1.065210e+00 1.019883e+00 1.499958e+00 7.447796e-01
2t  9.998605e+06 1.077346e+07 6.772999e+06 7.203918e+06 3.905722e+06
3t  2.262095e+06 1.523818e+06 1.412025e+06 2.572567e+06 1.121385e+06
4t  1.056491e+05 1.070564e+05 1.225224e+05 1.194425e+05 1.407390e+05
5t  1.138285e+01 2.188526e+01 2.774260e+01 3.682130e+01 5.437136e+01
6t  1.066699e+02 9.981843e+01 7.841906e+00 1.288812e+02 1.226156e+01
7t  5.255300e+03 5.072019e+03 6.008559e+03 3.798947e+03 1.902283e+04
8t  6.482823e+00 5.796793e+00 5.297184e+00 6.697428e+00 1.262453e+02
9t  2.606567e+02 2.774119e+02 3.299216e+02 2.864790e+02 4.100663e+02
10t 3.057126e+01 2.717694e+01 2.597949e+01 3.048299e+01 2.085693e+01
11t 2.670617e+02 2.714970e+02 3.074056e+02 2.745625e+02 3.860122e+02
12t 2.842293e+02 4.168716e+02 6.331175e+02 6.946305e+03 2.027573e+04
13t 1.628308e+00 1.428157e+00 1.973216e+01 1.983982e+01 2.056911e+01
14t 2.101651e+01 2.099270e+01 2.097587e+01 2.116407e+01 2.117587e+01
15t 4.387178e+02 7.086383e+02 7.637204e+03 2.245130e+02 2.163081e+02
16t 4.839624e+01 4.841148e+01 4.924460e+01 4.926976e+01 4.913171e+01
17t 8.918364e-02 5.407382e-02 2.085554e+00 6.731133e-02 3.684709e+02
18t 9.725684e-01 8.986275e-01 8.868650e-01 9.962387e-01 8.212217e-01
19t 4.245041e+02 5.811721e+02 6.165991e+02 5.726527e+02 2.640970e+03
20t 3.070816e+02 1.800663e+02 5.102756e+02 2.894227e+02 7.851519e+02
21t 2.890713e+04 2.821851e+04 2.817909e+04 2.931406e+04 3.578146e+04
22t 2.881037e+04 2.791994e+04 2.812965e+04 3.343915e+04 3.590788e+04
23t 5.468975e+01 5.249978e+01 6.473300e+01 5.072811e+01 6.967979e+01
24t 6.042763e-01 9.685357e-01 5.603387e-01 2.104173e+00 3.383164e+00
25t 5.519177e-01 8.524581e-01 8.312605e-01 6.171730e-01 5.616512e-01
26t 7.531351e-01 3.300225e-01 3.180624e-01 3.392372e-01 2.818141e-01
27t 9.920377e+01 7.283217e+01 1.171014e+02 8.231958e+01 4.937132e+01
28t 2.655295e+02 2.192484e+02 2.552083e+02 2.472976e+02 1.438380e+02
29t 2.938409e+02 3.330568e+02 4.072807e+02 3.739824e+02 4.691692e+02
30t 1.345106e+01 1.080618e+01 1.118851e+01 1.320292e+01 1.469739e+01
31t 1.691668e+02 1.685662e+02 2.186889e+02 1.607357e+02 1.204877e+02
32t 5.593644e+02 4.077691e+02 5.569648e+02 4.256951e+02 4.222025e+02
33t 1.007860e+02 1.097636e+02 1.311648e+02 1.153353e+02 1.691754e+02
34t 2.921755e+01 2.514182e+01 2.732014e+01 2.697740e+01 2.586713e+01
35t 1.272560e+04 1.263165e+04 1.340970e+04 1.285258e+04 1.450722e+04
36t 2.286403e+05 2.112326e+05 1.792409e+05 2.401009e+05 1.388976e+05
37t 5.927813e+01 5.939062e+01 5.648239e+01 6.088265e+01 6.838805e+01
38t 2.076246e+05 2.183876e+05 4.011370e+05 1.651521e+05 1.667062e+05
39t 4.875665e+00 5.408579e+00 7.061256e+00 5.482720e+00 5.224243e+00
40t 5.145755e+01 5.952427e+01 8.670730e+01 5.951975e+01 9.199976e+02
41t 4.493662e+02 4.478832e+02 4.478974e+02 4.517978e+02 4.458490e+02
42t 2.875146e+02 2.963032e+02 3.640755e+02 2.961634e+02 4.266838e+02
43t 3.509744e+02 3.571840e+02 4.337197e+02 3.979673e+02 4.358355e+02
44t 9.483168e+02 9.362007e+02 9.352104e+02 9.921234e+02 9.329090e+02
45t 9.320251e+02 9.374337e+02 9.357960e+02 9.798936e+02 9.305278e+02
46t 9.281714e+02 9.322639e+02 9.358578e+02 9.317694e+02 9.307913e+02
47t 5.501392e+02 5.387863e+02 5.355363e+02 9.166455e+02 1.217059e+03
48t 9.996087e+02 9.927215e+02 1.034570e+03 9.861864e+02 1.287276e+03
49t 1.025505e+03 5.557176e+02 9.114764e+02 5.738629e+02 1.206747e+03
50t 8.970312e+02 9.209460e+02 9.321695e+02 1.132199e+03 1.264766e+03
              56           57           58           59           60
1t  1.487215e+00 9.023258e-01 1.896653e+00 7.313094e-01 6.929842e-01
2t  1.207995e+07 1.250197e+07 9.944754e+06 2.027379e+06 4.006335e+06
3t  2.139972e+06 1.545906e+06 2.968395e+06 1.146017e+06 9.822514e+05
4t  1.004209e+05 1.095441e+05 8.165397e+04 1.182978e+05 1.526458e+05
5t  3.365655e+01 5.381405e+01 1.596672e+01 3.113934e+01 5.008995e+01
6t  1.900551e+02 1.323532e+02 1.460917e+02 3.699169e+00 5.858082e+00
7t  5.801228e+03 5.450203e+03 4.101431e+03 2.723981e+04 1.730018e+04
8t  6.419554e+00 5.398726e+00 7.731193e+00 4.831755e+00 4.662114e+00
9t  2.818713e+02 2.957919e+02 2.486039e+02 3.441291e+02 4.075359e+02
10t 2.983032e+01 2.458903e+01 3.221063e+01 2.282197e+01 2.086663e+01
11t 2.703963e+02 2.887204e+02 2.656287e+02 3.207342e+02 3.814610e+02
12t 1.059513e+04 1.356610e+04 3.550855e+02 8.923135e+03 1.973503e+04
13t 1.645088e+00 1.986421e+01 1.877363e+00 1.955521e+01 2.045044e+01
14t 2.103859e+01 2.100647e+01 2.108215e+01 2.085947e+01 2.120576e+01
15t 5.942514e+02 3.224069e+02 1.202045e+03 3.938448e+02 3.111558e+02
16t 4.935141e+01 4.872948e+01 4.910622e+01 1.031272e+02 1.022495e+02
17t 3.460829e-01 1.554276e+00 1.475800e-01 3.381842e-02 2.419677e+02
18t 9.422093e-01 9.033821e-01 1.001570e+00 7.893078e-01 7.421730e-01
19t 4.651051e+02 5.446084e+02 3.793021e+02 1.928702e+03 2.932194e+03
20t 2.701294e+02 3.272095e+02 2.764479e+02 4.503062e+02 8.333826e+02
21t 2.715355e+04 2.836852e+04 2.786367e+04 2.997240e+04 3.560160e+04
22t 2.794473e+04 2.841130e+04 2.937031e+04 2.887982e+04 3.592599e+04
23t 4.531315e+01 5.307132e+01 4.769766e+01 6.416240e+01 7.077586e+01
24t 7.401976e-01 5.160215e-01 5.169916e-01 5.381766e-01 2.995309e+00
25t 4.995798e-01 7.234105e-01 4.473172e-01 5.677219e-01 6.039944e-01
26t 3.244650e-01 3.620487e-01 3.137890e-01 3.132076e-01 2.529370e-01
27t 9.285049e+01 8.491693e+01 4.418950e+01 1.182051e+02 5.613522e+01
28t 2.529683e+02 2.274547e+02 2.804357e+02 1.908921e+02 1.291638e+02
29t 3.418318e+02 3.424507e+02 2.523986e+02 3.350602e+02 5.022655e+02
30t 1.103730e+01 1.119522e+01 1.298760e+01 1.463409e+01 1.955020e+01
31t 1.692537e+02 1.625821e+02 1.668116e+02 2.409636e+02 1.189434e+02
32t 4.798208e+02 4.968507e+02 3.410227e+02 1.768463e+03 3.856564e+02
33t 1.197276e+02 1.207715e+02 9.604046e+01 1.374886e+02 1.554348e+02
34t 2.643338e+01 2.286962e+01 2.944790e+01 2.882313e+01 3.267506e+01
35t 1.275923e+04 1.281470e+04 1.255856e+04 1.458349e+04 1.481876e+04
36t 2.319032e+05 1.622235e+05 2.685616e+05 2.874637e+05 1.254154e+05
37t 5.847640e+01 5.740152e+01 5.944813e+01 5.496091e+01 6.708752e+01
38t 2.258248e+05 1.987729e+05 2.514072e+05 5.892386e+05 1.827292e+05
39t 7.337665e+00 6.422261e+00 5.998907e+00 5.934006e+00 4.891063e+00
40t 4.565367e+01 1.270414e+02 2.087610e+01 1.013833e+02 7.828424e+02
41t 4.503817e+02 4.478936e+02 4.514646e+02 4.465372e+02 4.453972e+02
42t 3.055310e+02 2.803106e+02 2.852584e+02 3.596195e+02 3.273263e+02
43t 3.310029e+02 3.639836e+02 3.142384e+02 4.291193e+02 4.170939e+02
44t 9.359049e+02 9.312445e+02 9.276395e+02 1.125317e+03 9.270112e+02
45t 9.272527e+02 9.344838e+02 9.276659e+02 1.090257e+03 9.280136e+02
46t 9.403893e+02 9.415620e+02 9.342610e+02 1.129350e+03 9.257623e+02
47t 9.249279e+02 1.027396e+03 1.028391e+03 1.024406e+03 1.209726e+03
48t 9.948552e+02 1.016535e+03 9.175381e+02 1.099392e+03 1.298995e+03
49t 1.024359e+03 1.023704e+03 1.025385e+03 5.478028e+02 1.228428e+03
50t 9.175447e+02 9.541047e+02 9.010739e+02 1.241645e+03 1.285716e+03
              61           62           63           64           65
1t  8.474298e-01 1.371014e+00 1.080790e+00 1.568019e+00 1.438131e+00
2t  1.367777e+07 1.049038e+07 1.741252e+07 3.115768e+07 1.472332e+07
3t  1.395659e+06 2.164335e+06 1.828838e+06 2.079787e+06 3.064130e+06
4t  1.446511e+05 1.027672e+05 1.183899e+05 9.098050e+04 1.193928e+05
5t  5.260894e+01 2.169302e+01 2.873584e+01 4.823050e+01 3.544259e+00
6t  6.854743e+01 1.185742e+02 1.787258e+02 1.139017e+02 2.319441e+02
7t  8.803697e+03 4.544264e+03 4.098048e+03 9.147622e+03 3.860004e+03
8t  4.707216e+00 6.662869e+00 5.694820e+00 5.605159e+00 6.635986e+00
9t  2.956499e+02 2.928669e+02 2.815654e+02 2.917140e+02 2.332672e+02
10t 2.602448e+01 2.940120e+01 2.721610e+01 3.185217e+01 3.184873e+01
11t 3.187848e+02 2.148017e+02 2.804257e+02 3.021344e+02 2.548327e+02
12t 2.386803e+04 2.237646e+02 7.187961e+03 1.773673e+04 2.347717e+02
13t 1.993375e+01 1.444999e+00 1.390326e+00 1.983958e+01 1.737098e+00
14t 2.102364e+01 2.111231e+01 2.114116e+01 2.098480e+01 2.117206e+01
15t 4.915598e+02 4.567139e+02 6.134551e+02 6.844700e+02 4.686539e+02
16t 1.026653e+02 4.909472e+01 1.046599e+02 8.597491e+01 4.895725e+01
17t 2.768738e+01 4.506787e-01 6.636784e-02 5.971041e+00 3.965136e-01
18t 8.327373e-01 9.972236e-01 9.361482e-01 9.819701e-01 9.989105e-01
19t 7.063145e+02 4.346776e+02 4.951762e+02 5.788854e+02 4.350741e+02
20t 4.494973e+02 2.985060e+02 3.512308e+02 3.992548e+02 2.802896e+02
21t 2.742630e+04 2.768614e+04 2.772898e+04 2.852095e+04 2.746650e+04
22t 2.904078e+04 2.884197e+04 2.882847e+04 2.889933e+04 2.846006e+04
23t 5.967065e+01 4.214363e+01 4.940917e+01 4.643713e+01 4.660547e+01
24t 1.065299e+00 4.974464e-01 5.540628e-01 6.545526e-01 7.449671e-01
25t 9.182448e-01 6.576772e-01 7.446316e-01 5.696612e-01 5.798122e-01
26t 3.199606e-01 3.048520e-01 3.216320e-01 3.528322e-01 3.105648e-01
27t 7.305434e+01 8.692786e+01 9.689304e+01 1.074623e+02 8.397856e+01
28t 2.524337e+02 2.247995e+02 2.381488e+02 2.763232e+02 2.474278e+02
29t 3.782401e+02 3.150473e+02 3.108523e+02 3.214305e+02 2.627776e+02
30t 1.293530e+01 1.124788e+01 1.108238e+01 1.305000e+01 1.170659e+01
31t 1.442916e+02 1.744036e+02 1.674707e+02 2.243171e+02 1.423094e+02
32t 7.224059e+02 3.349722e+02 4.526938e+02 8.699509e+02 3.102408e+02
33t 1.455231e+02 1.022300e+02 1.112468e+02 9.458237e+01 1.117061e+02
34t 2.290299e+01 2.566853e+01 2.486663e+01 2.990791e+01 2.803014e+01
35t 1.332020e+04 1.276238e+04 1.251696e+04 1.309063e+04 1.263976e+04
36t 1.784036e+05 1.884986e+05 1.561777e+05 1.810342e+05 2.350387e+05
37t 6.357835e+01 6.098842e+01 5.972661e+01 5.970273e+01 6.016763e+01
38t 1.884779e+05 2.882641e+05 2.689791e+05 2.541600e+05 3.150439e+05
39t 6.245669e+00 5.446779e+00 6.627005e+00 6.092030e+00 5.647941e+00
40t 2.588290e+02 2.697629e+01 7.730020e+01 7.008312e+01 2.530539e+01
41t 4.471192e+02 4.501653e+02 4.479416e+02 4.487518e+02 4.506399e+02
42t 3.361631e+02 2.788539e+02 2.827919e+02 2.922505e+02 2.714281e+02
43t 3.973333e+02 3.549916e+02 4.441594e+02 3.465269e+02 3.392621e+02
44t 9.322871e+02 9.272612e+02 9.335763e+02 9.411756e+02 9.206144e+02
45t 9.310569e+02 9.385958e+02 9.412003e+02 9.378253e+02 9.334669e+02
46t 9.314115e+02 9.422288e+02 9.420933e+02 9.435788e+02 9.298051e+02
47t 1.031593e+03 5.502980e+02 5.355035e+02 5.494276e+02 5.622622e+02
48t 1.041088e+03 9.769266e+02 1.001546e+03 9.925829e+02 9.248926e+02
49t 5.520287e+02 1.019059e+03 1.022109e+03 1.039285e+03 1.021777e+03
50t 1.001708e+03 8.992864e+02 9.378047e+02 9.539798e+02 8.941636e+02
              66           67           68           69           70
1t  1.417580e+00 2.042006e+00 2.886492e+00 6.926046e-01 1.098513e+00
2t  2.954613e+07 1.615584e+07 1.401876e+07 5.220871e+06 1.585432e+07
3t  2.294117e+06 3.028609e+06 4.839225e+06 1.352311e+06 2.194333e+06
4t  1.269385e+05 1.162296e+05 1.373498e+05 8.338341e+04 9.938094e+04
5t  4.880875e+01 6.178535e+00 2.300775e+01 3.448992e+01 3.687036e+01
6t  2.280932e+02 2.453088e+02 2.522051e+02 4.101778e+00 2.122539e+02
7t  7.628746e+03 3.895601e+03 3.447559e+03 2.207030e+04 4.603049e+03
8t  5.751825e+00 7.196421e+00 1.001663e+01 5.270461e+00 5.935657e+00
9t  2.784320e+02 2.716177e+02 2.439070e+02 2.714662e+02 2.444849e+02
10t 2.890137e+01 3.296785e+01 3.145330e+01 2.938339e+01 2.996379e+01
11t 3.037125e+02 2.399818e+02 1.430965e+02 2.749950e+02 2.549311e+02
12t 1.411867e+04 2.383600e+02 1.724695e+03 1.298600e+04 4.431698e+02
13t 1.601731e+01 1.810477e+00 2.294243e+00 1.993647e+01 1.439930e+00
14t 2.092838e+01 2.101072e+01 2.118789e+01 2.088749e+01 2.113337e+01
15t 5.621210e+02 5.437293e+02 3.831974e+02 3.276455e+02 4.390150e+02
16t 1.918902e+02 4.908107e+01 4.894815e+01 4.842025e+01 4.856575e+01
17t 1.030772e+01 1.078321e+00 1.075756e-01 1.868156e+02 7.745926e-01
18t 9.546583e-01 1.007561e+00 1.045308e+00 8.958280e-01 9.193743e-01
19t 6.115632e+02 4.500470e+02 4.442014e+02 2.418849e+03 4.826099e+02
20t 3.538042e+02 2.724362e+02 3.027503e+02 2.962008e+02 3.208224e+02
21t 2.821538e+04 2.805265e+04 3.102220e+04 2.874467e+04 2.823503e+04
22t 2.902680e+04 2.791686e+04 3.369088e+04 2.915287e+04 2.846397e+04
23t 5.181479e+01 4.338685e+01 4.921018e+01 6.644207e+01 4.502831e+01
24t 9.229939e-01 9.810195e-01 3.561783e+00 1.451544e+00 4.479976e-01
25t 6.496835e-01 5.539141e-01 5.178016e-01 7.234621e-01 6.226180e-01
26t 3.159694e-01 3.391558e-01 2.983897e-01 3.213613e-01 3.737748e-01
27t 1.004986e+02 8.867572e+01 4.876698e+01 1.263221e+02 6.982298e+01
28t 2.379446e+02 2.874688e+02 3.193426e+02 2.329437e+02 2.171256e+02
29t 3.515610e+02 2.563153e+02 2.992393e+02 3.993285e+02 3.053573e+02
30t 1.841130e+01 1.239335e+01 1.431746e+01 1.629272e+01 1.060564e+01
31t 1.530793e+02 1.897464e+02 1.279941e+02 2.443170e+02 1.684061e+02
32t 5.958391e+02 4.125428e+02 3.215428e+02 4.286589e+02 3.393237e+02
33t 1.095979e+02 1.122330e+02 1.104507e+02 1.384312e+02 1.083256e+02
34t 2.975260e+01 2.610012e+01 3.279180e+01 3.359919e+01 2.581808e+01
35t 1.276224e+04 1.230926e+04 1.246861e+04 1.344109e+04 1.242168e+04
36t 2.172297e+05 2.721088e+05 3.588308e+05 3.101412e+05 1.652430e+05
37t 6.142908e+01 6.135463e+01 6.150848e+01 5.538551e+01 6.213665e+01
38t 1.977679e+05 2.837582e+05 1.749782e+05 1.954649e+05 2.916616e+05
39t 6.631701e+00 6.159184e+00 5.591650e+00 5.696243e+00 6.000178e+00
40t 1.171471e+02 3.237893e+01 2.176523e+01 1.316231e+02 3.486863e+01
41t 4.489237e+02 4.520422e+02 4.534688e+02 4.474896e+02 4.493381e+02
42t 3.631811e+02 2.889614e+02 2.492075e+02 4.344180e+02 3.280238e+02
43t 3.859428e+02 3.150694e+02 3.286259e+02 6.060417e+02 4.404453e+02
44t 9.374574e+02 9.236855e+02 9.305971e+02 9.553484e+02 9.340501e+02
45t 9.392038e+02 9.274588e+02 9.274542e+02 1.037583e+03 9.371408e+02
46t 9.442633e+02 9.355917e+02 9.321785e+02 1.018268e+03 9.359564e+02
47t 1.033158e+03 1.020258e+03 6.022098e+02 1.216352e+03 5.391863e+02
48t 1.001606e+03 9.598503e+02 9.594972e+02 1.089303e+03 9.368008e+02
49t 5.569451e+02 1.018335e+03 6.084702e+02 5.663445e+02 5.624856e+02
50t 9.345685e+02 9.149377e+02 4.036619e+02 1.241650e+03 9.089457e+02
              71           72           73           74           75
1t  1.060840e+00 8.973355e-01 9.860509e-01 1.271477e+00 1.103595e+00
2t  9.067714e+06 2.386167e+06 1.191237e+07 8.140729e+06 1.517483e+07
3t  1.439948e+06 1.178850e+06 1.899770e+06 1.916203e+06 1.507286e+06
4t  1.243009e+05 1.059743e+05 1.260890e+05 1.572208e+05 1.321824e+05
5t  3.680502e+01 2.544039e+01 3.037122e+01 4.259576e+01 5.377703e+01
6t  3.345569e+01 4.750856e+00 1.671580e+02 2.380578e+02 3.062538e+02
7t  5.946975e+03 6.759045e+03 7.110073e+03 6.396951e+03 6.751966e+03
8t  5.745553e+00 5.179221e+00 5.588898e+00 6.191432e+00 5.565337e+00
9t  2.783048e+02 3.017323e+02 2.701000e+02 3.062544e+02 2.840320e+02
10t 2.693169e+01 2.454860e+01 2.792253e+01 2.883855e+01 2.564607e+01
11t 2.700580e+02 3.236299e+02 2.753155e+02 3.001309e+02 2.533215e+02
12t 1.700314e+04 5.538471e+03 1.763464e+04 1.252284e+04 8.926593e+03
13t 1.368589e+00 1.876091e+01 1.402959e+00 1.447433e+00 1.380743e+00
14t 2.094587e+01 2.097601e+01 2.103396e+01 2.118829e+01 2.103735e+01
15t 4.439097e+02 2.405184e+02 4.371043e+02 3.373626e+02 1.918525e+02
16t 4.882202e+01 4.917172e+01 4.854747e+01 4.926073e+01 4.947887e+01
17t 9.875619e-01 2.887679e-01 1.232366e+00 4.561026e-02 2.057951e+00
18t 9.296908e-01 8.693292e-01 8.643035e-01 9.541438e-01 9.175401e-01
19t 5.429902e+02 5.696662e+02 4.213655e+02 6.727139e+02 5.493691e+02
20t 2.717438e+02 5.131051e+02 3.881129e+02 4.378917e+02 3.082781e+02
21t 2.920437e+04 2.950158e+04 2.781965e+04 3.215963e+04 2.792942e+04
22t 2.901267e+04 2.912793e+04 2.885973e+04 3.535904e+04 2.848063e+04
23t 5.395421e+01 5.933447e+01 5.360739e+01 5.514977e+01 5.139517e+01
24t 5.059736e-01 7.307263e-01 7.285137e-01 3.593408e+00 5.056478e-01
25t 7.143135e-01 7.229551e-01 6.419756e-01 5.884321e-01 6.711700e-01
26t 2.919770e-01 3.253769e-01 2.523211e-01 2.942033e-01 3.135361e-01
27t 8.670099e+01 1.172022e+02 6.327043e+01 7.018154e+01 7.490805e+01
28t 2.295024e+02 2.400458e+02 2.010696e+02 2.501255e+02 4.428818e+03
29t 3.189421e+02 3.212057e+02 3.103938e+02 3.586655e+02 2.956882e+02
30t 1.191465e+01 1.598871e+01 1.243199e+01 1.212815e+01 1.306578e+01
31t 1.845025e+02 2.048632e+02 1.436166e+02 1.374507e+02 1.348497e+02
32t 4.367303e+02 6.561371e+02 2.851982e+02 3.608087e+02 2.873897e+02
33t 1.178396e+02 1.512427e+02 1.275023e+02 1.173566e+02 1.097243e+02
34t 2.260819e+01 2.437308e+01 2.429126e+01 2.402711e+01 2.316769e+01
35t 1.318900e+04 1.316505e+04 1.261611e+04 1.276217e+04 1.275596e+04
36t 2.033849e+05 2.169106e+05 1.821111e+05 1.832605e+05 1.697808e+05
37t 5.670188e+01 5.974396e+01 5.887562e+01 6.326099e+01 6.001152e+01
38t 2.367245e+05 3.452247e+05 2.347714e+05 1.912413e+05 2.661822e+05
39t 7.111609e+00 5.174884e+00 5.372071e+00 6.360434e+00 8.156364e+00
40t 5.498346e+01 7.723829e+01 9.905404e+01 1.221846e+02 7.832327e+01
41t 4.483968e+02 4.468167e+02 4.485559e+02 4.492778e+02 4.478745e+02
42t 2.491249e+02 3.788516e+02 3.149004e+02 2.931979e+02 3.265056e+02
43t 3.710675e+02 3.764476e+02 3.554742e+02 4.123095e+02 3.989083e+02
44t 9.270705e+02 9.290594e+02 9.329934e+02 9.316580e+02 9.345225e+02
45t 9.359477e+02 9.352609e+02 9.425992e+02 9.497664e+02 9.398961e+02
46t 9.405992e+02 9.315680e+02 9.462642e+02 9.686762e+02 9.404816e+02
47t 9.044956e+02 5.293806e+02 5.338496e+02 5.520477e+02 5.394614e+02
48t 1.012356e+03 1.041953e+03 9.771529e+02 9.808695e+02 1.012966e+03
49t 5.559441e+02 5.485802e+02 5.561761e+02 5.656978e+02 5.633845e+02
50t 9.259920e+02 1.143604e+03 9.129076e+02 1.183610e+03 9.667248e+02
              76           77           78           79           80
1t  1.637917e+00 1.355462e+00 2.170952e+00 8.003657e-01 1.358965e+00
2t  1.330479e+07 1.167528e+07 1.947146e+07 4.439472e+06 9.480007e+06
3t  2.517264e+06 1.934450e+06 3.320153e+06 1.168020e+06 2.082350e+06
4t  7.738764e+04 9.335779e+04 1.220892e+05 1.065339e+05 1.595619e+05
5t  1.481164e+01 4.811356e+01 1.009349e+01 3.761365e+01 4.282158e+01
6t  1.459890e+02 9.398301e+01 4.857794e+02 3.711947e+00 3.552803e+02
7t  3.100861e+03 6.968572e+03 3.542712e+03 1.172647e+04 6.232513e+03
8t  6.655974e+00 6.292454e+00 7.282079e+00 4.816643e+00 6.435683e+00
9t  1.715358e+02 2.784011e+02 2.760243e+02 3.313548e+02 3.154921e+02
10t 3.146023e+01 2.819354e+01 3.058516e+01 2.571819e+01 2.863085e+01
11t 2.358311e+02 2.829310e+02 2.493652e+02 3.002227e+02 3.182673e+02
12t 2.373176e+02 1.917574e+04 3.529486e+02 1.367693e+04 1.436049e+04
13t 1.734546e+00 1.986142e+01 1.769783e+00 1.958021e+01 1.998536e+01
14t 2.111193e+01 2.099499e+01 2.108811e+01 2.084614e+01 2.120469e+01
15t 5.992487e+02 1.146555e+03 3.671192e+02 3.032942e+02 3.641372e+02
16t 4.912972e+01 5.108688e+01 4.876506e+01 4.914018e+01 4.929763e+01
17t 1.949904e-01 3.720418e+00 1.021264e+00 4.471314e-02 6.101789e-02
18t 9.738814e-01 9.300441e-01 1.011688e+00 7.981549e-01 9.470232e-01
19t 4.694558e+02 5.413274e+02 3.821703e+02 1.054807e+03 7.060516e+02
20t 2.234777e+02 3.692647e+02 2.550586e+02 4.324853e+02 4.490769e+02
21t 2.820281e+04 2.749357e+04 2.812146e+04 3.034530e+04 3.378165e+04
22t 2.832554e+04 2.930542e+04 2.754360e+04 3.044474e+04 3.506801e+04
23t 4.238498e+01 4.530148e+01 4.973393e+01 5.764769e+01 5.811641e+01
24t 9.622007e-01 7.172183e-01 8.287451e-01 1.092101e+00 3.383698e+00
25t 6.465809e-01 8.323202e-01 5.661850e-01 9.911951e-01 5.563631e-01
26t 3.263625e-01 3.505737e-01 3.259750e-01 3.347893e-01 3.366202e-01
27t 7.278589e+01 8.929886e+01 7.265224e+01 9.934386e+01 8.523445e+01
28t 2.555769e+02 2.535155e+02 3.336357e+02 2.199170e+02 2.012914e+02
29t 3.005374e+02 3.250435e+02 2.814039e+02 3.854627e+02 3.694728e+02
30t 1.088849e+01 1.458020e+01 1.256362e+01 1.384777e+01 1.313223e+01
31t 1.802043e+02 1.838509e+02 1.667651e+02 2.115809e+02 1.251931e+02
32t 6.406142e+02 5.116143e+02 3.901275e+02 4.297099e+02 4.282888e+02
33t 9.285774e+01 1.289584e+02 1.113155e+02 1.177075e+02 1.143470e+02
34t 2.595578e+01 2.489585e+01 2.913489e+01 3.020601e+01 2.693821e+01
35t 1.263072e+04 1.256927e+04 1.239042e+04 1.412660e+04 1.288178e+04
36t 2.359074e+05 1.616426e+05 2.752415e+05 2.259134e+05 2.192285e+05
37t 6.173387e+01 5.786344e+01 6.168819e+01 5.002490e+01 6.305726e+01
38t 1.965042e+05 2.429094e+05 2.473898e+05 2.473122e+05 1.561594e+05
39t 5.927631e+00 6.243427e+00 5.913107e+00 5.550647e+00 6.808322e+00
40t 4.321590e+01 6.797535e+01 3.127387e+01 9.696578e+01 1.644824e+02
41t 4.503319e+02 4.486037e+02 4.513095e+02 4.458413e+02 4.494190e+02
42t 3.229656e+02 2.926001e+02 2.422126e+02 3.866307e+02 3.566265e+02
43t 3.376482e+02 3.485943e+02 3.096837e+02 4.384126e+02 4.526802e+02
44t 9.298474e+02 9.405041e+02 9.234308e+02 9.524498e+02 9.482446e+02
45t 9.304347e+02 9.342088e+02 9.280991e+02 1.051931e+03 9.467631e+02
46t 9.291404e+02 9.424778e+02 9.328257e+02 1.022469e+03 9.571401e+02
47t 9.184719e+02 5.389116e+02 1.024294e+03 9.215478e+02 5.438147e+02
48t 9.198232e+02 1.001522e+03 9.170133e+02 1.127208e+03 1.017066e+03
49t 1.021400e+03 5.703582e+02 1.021959e+03 5.523488e+02 5.614822e+02
50t 8.966169e+02 9.539403e+02 8.846498e+02 1.184418e+03 1.189201e+03
# 2026-01-30 21:32:38 -03: Finished testing
