# 2026-01-26 00:06:27 -03: Reading parameter file '/home/pestobar/Activities/irace-executions/PSO-X/Scenarios/BL-32/Runs/BL-32_seed_1500311/parameters.txt'.
# 2026-01-26 00:06:27 -03: 2 expression(s) specifying forbidden configurations read.
# 2026-01-26 00:06:27 -03: Initialization
# Elitist race
# Elitist new instances: 1
# Elitist limit: 2
# nbIterations: 5
# minNbSurvival: 5
# nbParameters: 8
# seed: 1500311
# confidence level: 0.95
# budget: 2000
# mu: 5
# deterministic: FALSE

# 2026-01-26 00:06:27 -03: Iteration 1 of 5
# experimentsUsed: 0
# remainingBudget: 2000
# currentBudget: 400
# nbConfigurations: 32
# Markers:
     x No test is performed.
     c Configurations are discarded only due to capping.
     - The test is performed and some configurations are discarded.
     = The test is performed but no configuration is discarded.
     ! The test is performed and configurations could be discarded but elite configurations are preserved.
     . All alive configurations are elite and nothing is discarded.

+-+-----------+-----------+-----------+----------------+-----------+--------+-----+----+------+
| |   Instance|      Alive|       Best|       Mean best| Exp so far|  W time|  rho|KenW|  Qvar|
+-+-----------+-----------+-----------+----------------+-----------+--------+-----+----+------+
|x|          1|         32|         30|    0.7645103982|         32|00:00:31|   NA|  NA|    NA|
|x|          2|         32|          5|     458.5060459|         64|00:02:12|+0.35|0.67|0.4658|
|x|          3|         32|         25|     362.4856156|         96|00:00:31|+0.35|0.57|0.5661|
|x|          4|         32|         29|     265.4127863|        128|00:00:30|+0.47|0.61|0.4584|
|-|          5|         15|         29|     287.8741062|        160|00:02:07|-0.03|0.17|0.8561|
|=|          6|         15|         29|     393.4593343|        175|00:01:14|+0.06|0.22|0.7960|
|=|          7|         15|         31|     408.7476630|        190|00:01:06|+0.10|0.23|0.7556|
+-+-----------+-----------+-----------+----------------+-----------+--------+-----+----+------+
Best-so-far configuration:          31    mean value:      408.7476630
Description of the best-so-far configuration:
   .ID. particles topology modInfluence branching tSchedule phi1 phi2 inertia
31   31        73        0            0        NA        NA 2.21 0.31    0.86
   .PARENT.
31       NA

# 2026-01-26 00:14:42 -03: Elite configurations (first number is the configuration ID; listed from best to worst according to the sum of ranks):
   particles topology modInfluence branching tSchedule phi1 phi2 inertia
31        73        0            0        NA        NA 2.21 0.31    0.86
25        76        5            0        NA         7 1.93 1.36    0.74
29       150        0            0        NA        NA 1.00 1.05    0.63
3         82        0            0        NA        NA 0.92 1.60    0.60
12        45        1            1        NA        NA 0.45 1.75    0.65
# 2026-01-26 00:14:42 -03: Iteration 2 of 5
# experimentsUsed: 190
# remainingBudget: 1810
# currentBudget: 452
# nbConfigurations: 32
# Markers:
     x No test is performed.
     c Configurations are discarded only due to capping.
     - The test is performed and some configurations are discarded.
     = The test is performed but no configuration is discarded.
     ! The test is performed and configurations could be discarded but elite configurations are preserved.
     . All alive configurations are elite and nothing is discarded.

+-+-----------+-----------+-----------+----------------+-----------+--------+-----+----+------+
| |   Instance|      Alive|       Best|       Mean best| Exp so far|  W time|  rho|KenW|  Qvar|
+-+-----------+-----------+-----------+----------------+-----------+--------+-----+----+------+
|x|          8|         32|         38|     54.33753220|         32|00:00:27|   NA|  NA|    NA|
|x|          3|         32|         38|     71.18668482|         59|00:00:26|+0.90|0.95|0.1234|
|x|          4|         32|         31|     85.19405915|         86|00:00:26|+0.66|0.77|0.3513|
|x|          2|         32|         38|     283.4571955|        113|00:01:59|+0.57|0.68|0.3781|
|-|          1|         16|         38|     226.9639842|        140|00:00:27|-0.03|0.18|0.9989|
|=|          7|         16|         59|     275.1752684|        151|00:01:03|-0.00|0.16|0.9791|
|=|          5|         16|         38|     278.9997300|        162|00:01:01|-0.00|0.14|0.9872|
|=|          6|         16|         38|     357.4744242|        173|00:01:10|+0.04|0.16|0.9340|
|=|          9|         16|         38|     440.3395987|        189|00:01:04|-0.01|0.10|0.9600|
+-+-----------+-----------+-----------+----------------+-----------+--------+-----+----+------+
Best-so-far configuration:          38    mean value:      440.3395987
Description of the best-so-far configuration:
   .ID. particles topology modInfluence branching tSchedule phi1 phi2 inertia
38   38        48        1            0        NA        NA  1.8 2.38    0.73
   .PARENT.
38       25

# 2026-01-26 00:22:50 -03: Elite configurations (first number is the configuration ID; listed from best to worst according to the sum of ranks):
   particles topology modInfluence branching tSchedule phi1 phi2 inertia
38        48        1            0        NA        NA 1.80 2.38    0.73
59        84        5            0        NA        10 1.79 1.55    0.13
25        76        5            0        NA         7 1.93 1.36    0.74
40       157        4            0        NA        NA 2.48 2.07    0.87
31        73        0            0        NA        NA 2.21 0.31    0.86
# 2026-01-26 00:22:50 -03: Iteration 3 of 5
# experimentsUsed: 379
# remainingBudget: 1621
# currentBudget: 540
# nbConfigurations: 32
# Markers:
     x No test is performed.
     c Configurations are discarded only due to capping.
     - The test is performed and some configurations are discarded.
     = The test is performed but no configuration is discarded.
     ! The test is performed and configurations could be discarded but elite configurations are preserved.
     . All alive configurations are elite and nothing is discarded.

+-+-----------+-----------+-----------+----------------+-----------+--------+-----+----+------+
| |   Instance|      Alive|       Best|       Mean best| Exp so far|  W time|  rho|KenW|  Qvar|
+-+-----------+-----------+-----------+----------------+-----------+--------+-----+----+------+
|x|         10|         32|         40|     7160.119483|         32|00:00:07|   NA|  NA|    NA|
|x|          7|         32|         40|     3827.650827|         59|00:01:37|+0.23|0.61|0.9317|
|x|          2|         32|         40|     2855.348671|         86|00:01:40|+0.36|0.57|0.7918|
|x|          1|         32|         86|     2235.097556|        113|00:00:07|+0.21|0.41|0.6448|
|-|          4|         22|         86|     1793.527093|        140|00:00:07|-0.12|0.10|0.9636|
|=|          3|         22|         86|     1525.300294|        157|00:00:07|-0.06|0.12|0.9193|
|=|          8|         22|         73|     1280.941941|        174|00:00:07|+0.02|0.16|0.8453|
|=|          6|         22|         73|     1232.698735|        191|00:01:14|+0.07|0.18|0.8063|
|-|          5|         12|         38|     1113.330386|        208|00:01:05|+0.01|0.12|0.8840|
|=|          9|         12|         38|     1112.323446|        215|00:00:33|-0.02|0.09|0.9178|
|=|         11|         12|         38|     1011.259767|        227|00:00:02|+0.01|0.10|0.8894|
+-+-----------+-----------+-----------+----------------+-----------+--------+-----+----+------+
Best-so-far configuration:          38    mean value:      1011.259767
Description of the best-so-far configuration:
   .ID. particles topology modInfluence branching tSchedule phi1 phi2 inertia
38   38        48        1            0        NA        NA  1.8 2.38    0.73
   .PARENT.
38       25

# 2026-01-26 00:29:42 -03: Elite configurations (first number is the configuration ID; listed from best to worst according to the sum of ranks):
   particles topology modInfluence branching tSchedule phi1 phi2 inertia
38        48        1            0        NA        NA 1.80 2.38    0.73
40       157        4            0        NA        NA 2.48 2.07    0.87
73       200        0            0        NA        NA 2.08 2.15    0.86
61       142        4            2        NA        NA 2.46 1.96    0.84
86        58        4            2        NA        NA 0.97 2.44    0.70
# 2026-01-26 00:29:42 -03: Iteration 4 of 5
# experimentsUsed: 606
# remainingBudget: 1394
# currentBudget: 697
# nbConfigurations: 32
# Markers:
     x No test is performed.
     c Configurations are discarded only due to capping.
     - The test is performed and some configurations are discarded.
     = The test is performed but no configuration is discarded.
     ! The test is performed and configurations could be discarded but elite configurations are preserved.
     . All alive configurations are elite and nothing is discarded.

+-+-----------+-----------+-----------+----------------+-----------+--------+-----+----+------+
| |   Instance|      Alive|       Best|       Mean best| Exp so far|  W time|  rho|KenW|  Qvar|
+-+-----------+-----------+-----------+----------------+-----------+--------+-----+----+------+
|x|         12|         32|        107|     342.1415797|         32|00:00:05|   NA|  NA|    NA|
|x|          6|         32|         92|     670.3304155|         59|00:01:50|+0.45|0.73|0.3563|
|x|          3|         32|         95|     4724.805501|         86|00:00:04|+0.53|0.68|0.3500|
|x|          4|         32|         95|     3550.622440|        113|00:00:04|+0.13|0.35|0.7883|
|-|          8|         20|         95|     2849.660194|        140|00:00:05|+0.06|0.25|0.8002|
|=|         10|         20|         95|     3599.138873|        155|00:00:03|+0.11|0.26|0.7731|
|-|          5|         14|         95|     3120.171148|        170|00:01:06|+0.10|0.23|0.8056|
|=|          2|         14|         95|     2843.952252|        179|00:00:35|+0.07|0.19|0.8273|
|=|          1|         14|         95|     2528.074181|        188|00:00:01|+0.04|0.15|0.8667|
|=|          7|         14|         95|     2324.136793|        197|00:00:35|+0.03|0.13|0.8820|
|=|         11|         14|         95|     2113.047369|        206|00:00:01|+0.06|0.14|0.8591|
|=|          9|         14|         96|     2275.265042|        215|00:00:34|+0.02|0.10|0.9044|
|=|         13|         14|         96|     2106.674436|        229|00:00:02|+0.03|0.11|0.9140|
+-+-----------+-----------+-----------+----------------+-----------+--------+-----+----+------+
Best-so-far configuration:          96    mean value:      2106.674436
Description of the best-so-far configuration:
   .ID. particles topology modInfluence branching tSchedule phi1 phi2 inertia
96   96        61        1            0        NA        NA 1.87 2.27    0.71
   .PARENT.
96       38

# 2026-01-26 00:34:53 -03: Elite configurations (first number is the configuration ID; listed from best to worst according to the sum of ranks):
    particles topology modInfluence branching tSchedule phi1 phi2 inertia
96         61        1            0        NA        NA 1.87 2.27    0.71
97        152        4            0        NA        NA 2.28 2.01    0.79
38         48        1            0        NA        NA 1.80 2.38    0.73
95         58        1            0        NA        NA 1.35 1.87    0.82
103        79        1            0        NA        NA 0.92 1.95    0.73
# 2026-01-26 00:34:53 -03: Iteration 5 of 5
# experimentsUsed: 835
# remainingBudget: 1165
# currentBudget: 1165
# nbConfigurations: 32
# Markers:
     x No test is performed.
     c Configurations are discarded only due to capping.
     - The test is performed and some configurations are discarded.
     = The test is performed but no configuration is discarded.
     ! The test is performed and configurations could be discarded but elite configurations are preserved.
     . All alive configurations are elite and nothing is discarded.

+-+-----------+-----------+-----------+----------------+-----------+--------+-----+----+------+
| |   Instance|      Alive|       Best|       Mean best| Exp so far|  W time|  rho|KenW|  Qvar|
+-+-----------+-----------+-----------+----------------+-----------+--------+-----+----+------+
|x|         14|         32|        121|     5694536.741|         32|00:00:05|   NA|  NA|    NA|
|x|         12|         32|        134|     5044747.796|         59|00:00:03|-0.11|0.45|0.0547|
|x|          8|         32|        134|     3363173.806|         86|00:00:05|+0.08|0.39|0.1677|
|x|         11|         32|        134|     2522380.683|        113|00:00:03|+0.21|0.40|0.1308|
|-|          7|         21|        134|     2018001.298|        140|00:01:38|-0.05|0.16|0.9950|
|=|         13|         21|        127|     1088957.482|        156|00:00:02|-0.02|0.15|0.9909|
|=|          4|         21|        127|     933395.7779|        172|00:00:02|+0.01|0.15|0.9600|
|=|          9|         21|        127|     816796.0646|        188|00:01:05|+0.02|0.14|0.9629|
|=|          3|         21|        134|     1121688.424|        204|00:00:02|-0.02|0.09|0.9739|
|=|          2|         21|        127|     653539.8295|        220|00:01:06|+0.02|0.12|0.9459|
|=|          5|         21|        134|     917852.1466|        236|00:01:04|+0.00|0.10|0.9443|
|=|          1|         21|        134|     841364.5537|        252|00:00:02|+0.03|0.11|0.9493|
|=|         10|         21|        134|     777199.6880|        268|00:00:03|+0.03|0.11|0.9396|
|=|          6|         21|        127|     467409.8399|        284|00:01:12|+0.02|0.09|0.9411|
|=|         15|         21|        127|     576467.4138|        305|00:00:03|+0.03|0.09|0.9399|
+-+-----------+-----------+-----------+----------------+-----------+--------+-----+----+------+
Best-so-far configuration:         127    mean value:      576467.4138
Description of the best-so-far configuration:
    .ID. particles topology modInfluence branching tSchedule phi1 phi2 inertia
127  127        62        1            0        NA        NA 1.72 2.22    0.69
    .PARENT.
127       38

# 2026-01-26 00:41:37 -03: Elite configurations (first number is the configuration ID; listed from best to worst according to the sum of ranks):
    particles topology modInfluence branching tSchedule phi1 phi2 inertia
127        62        1            0        NA        NA 1.72 2.22    0.69
134        43        1            0        NA        NA 1.92 2.44    0.80
96         61        1            0        NA        NA 1.87 2.27    0.71
38         48        1            0        NA        NA 1.80 2.38    0.73
118        56        1            0        NA        NA 2.14 2.31    0.61
# 2026-01-26 00:41:37 -03: Iteration 6 of 6
# experimentsUsed: 1140
# remainingBudget: 860
# currentBudget: 860
# nbConfigurations: 32
# Markers:
     x No test is performed.
     c Configurations are discarded only due to capping.
     - The test is performed and some configurations are discarded.
     = The test is performed but no configuration is discarded.
     ! The test is performed and configurations could be discarded but elite configurations are preserved.
     . All alive configurations are elite and nothing is discarded.

+-+-----------+-----------+-----------+----------------+-----------+--------+-----+----+------+
| |   Instance|      Alive|       Best|       Mean best| Exp so far|  W time|  rho|KenW|  Qvar|
+-+-----------+-----------+-----------+----------------+-----------+--------+-----+----+------+
|x|         16|         32|        162|     70.85544507|         32|00:00:05|   NA|  NA|    NA|
|x|          5|         32|        152|     156.4779910|         59|00:01:37|+0.00|0.50|0.9741|
|x|         14|         32|        118|     2830070.630|         86|00:00:04|-0.00|0.33|0.8507|
|x|          4|         32|        127|     1629697.682|        113|00:00:04|+0.12|0.34|0.7895|
|=|          3|         32|         96|     2040122.642|        140|00:00:04|+0.04|0.23|0.8921|
|=|         13|         32|         96|     1700116.133|        167|00:00:04|+0.03|0.20|0.8607|
|=|         10|         32|         96|     1458280.628|        194|00:00:04|+0.06|0.19|0.8702|
|=|          1|         32|         96|     1275995.675|        221|00:00:04|+0.03|0.15|0.8761|
|=|         12|         32|         96|     1136017.142|        248|00:00:04|+0.02|0.13|0.8880|
|=|          8|         32|        127|     654096.0060|        275|00:00:05|+0.03|0.13|0.8743|
|=|         15|         32|        127|     785839.4099|        302|00:00:03|+0.02|0.11|0.8718|
|=|          2|         32|        127|     720428.5202|        329|00:01:39|+0.04|0.12|0.8454|
|=|          9|         32|        127|     665056.9473|        356|00:01:37|+0.03|0.11|0.8794|
|-|          7|         19|        127|     617587.0837|        383|00:01:34|-0.02|0.06|0.9786|
|=|         11|         19|        127|     576414.6843|        397|00:00:02|-0.01|0.06|0.9765|
|=|          6|         19|        127|     540444.0493|        411|00:01:10|-0.01|0.05|0.9642|
|=|         17|         19|        127|     520583.4161|        430|00:00:02|+0.00|0.06|0.9626|
+-+-----------+-----------+-----------+----------------+-----------+--------+-----+----+------+
Best-so-far configuration:         127    mean value:      520583.4161
Description of the best-so-far configuration:
    .ID. particles topology modInfluence branching tSchedule phi1 phi2 inertia
127  127        62        1            0        NA        NA 1.72 2.22    0.69
    .PARENT.
127       38

# 2026-01-26 00:50:08 -03: Elite configurations (first number is the configuration ID; listed from best to worst according to the sum of ranks):
    particles topology modInfluence branching tSchedule phi1 phi2 inertia
127        62        1            0        NA        NA 1.72 2.22    0.69
160        62        1            0        NA        NA 2.18 2.44    0.65
118        56        1            0        NA        NA 2.14 2.31    0.61
159        26        1            0        NA        NA 1.56 2.40    0.57
152        55        1            0        NA        NA 1.83 2.25    0.69
# 2026-01-26 00:50:08 -03: There is not enough budget to enforce the value of nbConfigurations, returning to default behaviour nbConfigurations:28.
# Iteration: 7
# nbIterations: 7
# experimentsUsed: 1570
# timeUsed: 0
# remainingBudget: 430
# currentBudget: 430
# number of elites: 5
# nbConfigurations: 28
# 2026-01-26 00:50:08 -03: Iteration 7 of 7
# experimentsUsed: 1570
# remainingBudget: 430
# currentBudget: 430
# nbConfigurations: 28
# Markers:
     x No test is performed.
     c Configurations are discarded only due to capping.
     - The test is performed and some configurations are discarded.
     = The test is performed but no configuration is discarded.
     ! The test is performed and configurations could be discarded but elite configurations are preserved.
     . All alive configurations are elite and nothing is discarded.

+-+-----------+-----------+-----------+----------------+-----------+--------+-----+----+------+
| |   Instance|      Alive|       Best|       Mean best| Exp so far|  W time|  rho|KenW|  Qvar|
+-+-----------+-----------+-----------+----------------+-----------+--------+-----+----+------+
|x|         18|         28|        190|     16008.90414|         28|00:00:05|   NA|  NA|    NA|
|x|          5|         28|        190|     8127.564573|         51|00:01:35|+0.12|0.56|0.9124|
|x|          1|         28|        190|     5418.697676|         74|00:00:04|-0.10|0.27|1.1115|
|x|          8|         28|        190|     4082.662955|         97|00:00:05|-0.08|0.19|1.0644|
|=|          9|         28|        190|     3380.241710|        120|00:01:36|-0.09|0.13|1.0548|
|=|          7|         28|        190|     2896.636943|        143|00:01:33|-0.05|0.12|1.0348|
|=|         10|         28|        190|     3536.405604|        166|00:00:04|-0.06|0.09|1.0283|
|=|         15|         28|        190|     185313.7976|        189|00:00:03|-0.03|0.10|1.0211|
|=|         12|         28|        190|     166495.8361|        212|00:00:03|-0.01|0.11|1.0050|
|=|          6|         28|        190|     149937.2792|        235|00:01:46|+0.01|0.11|0.9755|
|=|         14|         28|        190|     1209494.550|        258|00:00:04|+0.02|0.11|0.9719|
|=|          2|         28|        190|     1108779.081|        281|00:01:38|+0.02|0.11|0.9627|
|=|         13|         28|        190|     1023493.595|        304|00:00:03|+0.03|0.11|0.9696|
|=|          3|         28|        190|     950394.4706|        327|00:00:03|+0.02|0.09|0.9769|
|=|         11|         28|        190|     887034.8753|        350|00:00:03|+0.01|0.08|0.9757|
|=|         16|         28|        190|     831601.5387|        373|00:00:04|+0.01|0.07|0.9712|
|=|          4|         28|        190|     782685.4332|        396|00:00:03|+0.00|0.06|0.9687|
|=|         17|         28|        190|     754761.6968|        419|00:00:03|-0.01|0.05|0.9738|
+-+-----------+-----------+-----------+----------------+-----------+--------+-----+----+------+
Best-so-far configuration:         190    mean value:      754761.6968
Description of the best-so-far configuration:
    .ID. particles topology modInfluence branching tSchedule phi1 phi2 inertia
190  190        53        1            0        NA        NA 2.25 2.49    0.64
    .PARENT.
190      160

# 2026-01-26 00:59:12 -03: Elite configurations (first number is the configuration ID; listed from best to worst according to the sum of ranks):
    particles topology modInfluence branching tSchedule phi1 phi2 inertia
190        53        1            0        NA        NA 2.25 2.49    0.64
160        62        1            0        NA        NA 2.18 2.44    0.65
127        62        1            0        NA        NA 1.72 2.22    0.69
118        56        1            0        NA        NA 2.14 2.31    0.61
159        26        1            0        NA        NA 1.56 2.40    0.57
# 2026-01-26 00:59:12 -03: There is not enough budget to enforce the value of nbConfigurations, returning to default behaviour nbConfigurations:5.
# Iteration: 8
# nbIterations: 8
# experimentsUsed: 1989
# timeUsed: 0
# remainingBudget: 11
# currentBudget: 11
# number of elites: 5
# nbConfigurations: 5
# 2026-01-26 00:59:12 -03: Stopped because there is not enough budget left to race more than the minimum (5).
# You may either increase the budget or set 'minNbSurvival' to a lower value.
# Iteration: 8
# nbIterations: 8
# experimentsUsed: 1989
# timeUsed: 0
# remainingBudget: 11
# currentBudget: 11
# number of elites: 5
# nbConfigurations: 5
# Total CPU user time: 24654.87, CPU sys time: 126.821, Wall-clock time: 3165.499
# 2026-01-26 00:59:12 -03: Starting post-selection:
# Configurations selected: 190, 160, 127, 118, 159, 152, 168, 169, 170, 171, 172.
# Pending instances: 0, 0, 0, 0, 0, 0, 0, 0, 0, 0, 0.
# 2026-01-26 00:59:12 -03: seed: 1500311
# Configurations: 11
# Available experiments: 11
# minSurvival: 1
# Markers:
     x No test is performed.
     c Configurations are discarded only due to capping.
     - The test is performed and some configurations are discarded.
     = The test is performed but no configuration is discarded.
     ! The test is performed and configurations could be discarded but elite configurations are preserved.
     . All alive configurations are elite and nothing is discarded.

+-+-----------+-----------+-----------+----------------+-----------+--------+-----+----+------+
| |   Instance|      Alive|       Best|       Mean best| Exp so far|  W time|  rho|KenW|  Qvar|
+-+-----------+-----------+-----------+----------------+-----------+--------+-----+----+------+
|.|         17|         11|        118|     137632.6963|          0|00:00:00|   NA|  NA|    NA|
|.|          9|         11|        118|     69101.49985|          0|00:00:00|+0.05|0.53|0.9621|
|.|          5|         11|        118|     46158.38819|          0|00:00:00|+0.07|0.38|1.0115|
|.|         12|         11|        118|     38095.56426|          0|00:00:00|+0.08|0.31|0.9256|
|.|         18|         11|        118|     33830.97905|          0|00:00:00|+0.05|0.24|0.9283|
|.|         14|         11|        118|     1443168.539|          0|00:00:00|+0.03|0.19|0.9403|
|.|          3|         11|        118|     1237019.769|          0|00:00:00|+0.02|0.16|0.9481|
|.|          2|         11|        118|     1082505.874|          0|00:00:00|+0.05|0.17|0.9162|
|.|         16|         11|        118|     962236.7092|          0|00:00:00|+0.06|0.16|0.8991|
|.|         13|         11|        118|     866019.6039|          0|00:00:00|+0.08|0.17|0.8756|
|.|         10|         11|        118|     787976.0954|          0|00:00:00|+0.05|0.14|0.8924|
|.|         15|         11|        118|     848715.6943|          0|00:00:00|+0.06|0.13|0.8946|
|.|         11|         11|        118|     783429.9659|          0|00:00:00|+0.05|0.12|0.8981|
|.|          1|         11|        118|     727470.7514|          0|00:00:00|+0.05|0.12|0.8993|
|.|          6|         11|        118|     679033.7190|          0|00:00:00|+0.04|0.11|0.8942|
|.|          8|         11|        118|     636602.4056|          0|00:00:00|+0.04|0.10|0.8922|
|.|          7|         11|        118|     599183.3134|          0|00:00:00|+0.04|0.10|0.8925|
|.|          4|         11|        118|     565896.9138|          0|00:00:00|+0.03|0.08|0.8994|
|=|         19|         11|        160|     1326742.305|         11|00:00:02|+0.03|0.08|0.8995|
+-+-----------+-----------+-----------+----------------+-----------+--------+-----+----+------+
Best-so-far configuration:         160    mean value:      1326742.305
Description of the best-so-far configuration:
    .ID. particles topology modInfluence branching tSchedule phi1 phi2 inertia
160  160        62        1            0        NA        NA 2.18 2.44    0.65
    .PARENT.
160      118

# 2026-01-26 00:59:15 -03: Elite configurations (first number is the configuration ID; listed from best to worst according to the sum of ranks):
    particles topology modInfluence branching tSchedule phi1 phi2 inertia
160        62        1            0        NA        NA 2.18 2.44    0.65
190        53        1            0        NA        NA 2.25 2.49    0.64
127        62        1            0        NA        NA 1.72 2.22    0.69
118        56        1            0        NA        NA 2.14 2.31    0.61
159        26        1            0        NA        NA 1.56 2.40    0.57
# Total CPU user time: 24668.27, CPU sys time: 127.319, Wall-clock time: 3167.96
    .ID. particles topology modInfluence branching tSchedule phi1 phi2 inertia
160  160        62        1            0        NA        NA 2.18 2.44    0.65
190  190        53        1            0        NA        NA 2.25 2.49    0.64
127  127        62        1            0        NA        NA 1.72 2.22    0.69
118  118        56        1            0        NA        NA 2.14 2.31    0.61
159  159        26        1            0        NA        NA 1.56 2.40    0.57
    .PARENT. .RANK.   .WEIGHT.
160      118     91 0.33333333
190      160     91 0.26666667
127       38     96 0.20000000
118       96    100 0.13333333
159       38    101 0.06666667
