# 2026-01-20 02:30:09 -03: Reading parameter file '/home/pestobar/Activities/irace-executions/ACOTSP/Scenarios/BH/Runs/BH_seed_800123/parameters.txt'.
# 2026-01-20 02:30:09 -03: 1 expression(s) specifying forbidden configurations read.
# 2026-01-20 02:30:09 -03: Initialization
# Elitist race
# Elitist new instances: 1
# Elitist limit: 2
# nbIterations: 5
# minNbSurvival: 5
# nbParameters: 11
# seed: 800123
# confidence level: 0.95
# budget: 5500
# mu: 5
# deterministic: FALSE

# 2026-01-20 02:30:09 -03: Iteration 1 of 5
# experimentsUsed: 0
# remainingBudget: 5500
# currentBudget: 1100
# nbConfigurations: 183
# Markers:
     x No test is performed.
     c Configurations are discarded only due to capping.
     - The test is performed and some configurations are discarded.
     = The test is performed but no configuration is discarded.
     ! The test is performed and configurations could be discarded but elite configurations are preserved.
     . All alive configurations are elite and nothing is discarded.

+-+-----------+-----------+-----------+----------------+-----------+--------+-----+----+------+
| |   Instance|      Alive|       Best|       Mean best| Exp so far|  W time|  rho|KenW|  Qvar|
+-+-----------+-----------+-----------+----------------+-----------+--------+-----+----+------+
|x|          1|        183|         10|     32791868.00|        183|00:09:38|   NA|  NA|    NA|
|x|          2|        183|         10|     32716936.00|        366|00:09:35|+0.97|0.98|0.0011|
|x|          3|        183|         10|     32646950.67|        549|00:08:52|+0.97|0.98|0.0012|
|x|          4|        183|         10|     32613513.25|        732|00:08:49|+0.98|0.98|0.0011|
|-|          5|          9|         10|     32597971.00|        915|00:09:23|+0.56|0.65|0.4398|
|-|          6|          2|         66|     32609303.00|        924|00:01:43|-0.07|0.11|0.5333|
+-+-----------+-----------+-----------+----------------+-----------+--------+-----+----+------+
Best configuration for the instances in this race: 66
Best-so-far configuration:          10    mean value:      32616716.33
Description of the best-so-far configuration:
   .ID. algorithm localsearch alpha beta  rho ants q0 rasrank elitistants nnls
10   10       ras           3  4.34 0.49 0.94   85 NA      15          NA   35
   dlb .PARENT.
10   0       NA

# 2026-01-20 03:18:13 -03: Elite configurations (first number is the configuration ID; listed from best to worst according to the sum of ranks):
   algorithm localsearch alpha beta  rho ants   q0 rasrank elitistants nnls dlb
10       ras           3  4.34 0.49 0.94   85   NA      15          NA   35   0
66       acs           3  3.36 2.28 0.22   55 0.86      NA          NA    8   0
# 2026-01-20 03:18:13 -03: Iteration 2 of 5
# experimentsUsed: 924
# remainingBudget: 4576
# currentBudget: 1144
# nbConfigurations: 165
# Markers:
     x No test is performed.
     c Configurations are discarded only due to capping.
     - The test is performed and some configurations are discarded.
     = The test is performed but no configuration is discarded.
     ! The test is performed and configurations could be discarded but elite configurations are preserved.
     . All alive configurations are elite and nothing is discarded.

+-+-----------+-----------+-----------+----------------+-----------+--------+-----+----+------+
| |   Instance|      Alive|       Best|       Mean best| Exp so far|  W time|  rho|KenW|  Qvar|
+-+-----------+-----------+-----------+----------------+-----------+--------+-----+----+------+
|x|          7|        165|        306|     32771900.00|        165|00:08:27|   NA|  NA|    NA|
|x|          3|        165|        196|     32607696.50|        328|00:08:44|+0.97|0.99|0.0009|
|x|          6|        165|        196|     32609428.33|        491|00:08:04|+0.97|0.98|0.0012|
|x|          4|        165|        196|     32583106.50|        654|00:08:30|+0.97|0.98|0.0011|
|-|          1|         12|        196|     32622785.60|        817|00:08:10|+0.15|0.32|0.7729|
|=|          2|         12|        196|     32623279.50|        827|00:02:15|+0.15|0.29|0.7799|
|-|          5|          7|        306|     32618526.57|        837|00:01:51|-0.00|0.14|0.8323|
|=|          8|          7|        196|     32608162.62|        844|00:01:53|+0.07|0.18|0.7851|
|=|          9|          7|        196|     32588690.89|        851|00:01:20|+0.06|0.16|0.7588|
+-+-----------+-----------+-----------+----------------+-----------+--------+-----+----+------+
Best-so-far configuration:         196    mean value:      32588690.89
Description of the best-so-far configuration:
    .ID. algorithm localsearch alpha beta  rho ants   q0 rasrank elitistants
196  196       acs           3  4.58 2.88 0.02   37 0.75      NA          NA
    nnls dlb .PARENT.
196   16   0       66

# 2026-01-20 04:07:30 -03: Elite configurations (first number is the configuration ID; listed from best to worst according to the sum of ranks):
    algorithm localsearch alpha beta  rho ants   q0 rasrank elitistants nnls
196       acs           3  4.58 2.88 0.02   37 0.75      NA          NA   16
306       acs           3  2.79 5.35 0.15   36 0.09      NA          NA   15
310       ras           3  4.08 2.26 0.98   92   NA      35          NA   32
10        ras           3  4.34 0.49 0.94   85   NA      15          NA   35
66        acs           3  3.36 2.28 0.22   55 0.86      NA          NA    8
    dlb
196   0
306   0
310   0
10    0
66    0
# 2026-01-20 04:07:30 -03: Iteration 3 of 5
# experimentsUsed: 1775
# remainingBudget: 3725
# currentBudget: 1241
# nbConfigurations: 128
# Markers:
     x No test is performed.
     c Configurations are discarded only due to capping.
     - The test is performed and some configurations are discarded.
     = The test is performed but no configuration is discarded.
     ! The test is performed and configurations could be discarded but elite configurations are preserved.
     . All alive configurations are elite and nothing is discarded.

+-+-----------+-----------+-----------+----------------+-----------+--------+-----+----+------+
| |   Instance|      Alive|       Best|       Mean best| Exp so far|  W time|  rho|KenW|  Qvar|
+-+-----------+-----------+-----------+----------------+-----------+--------+-----+----+------+
|x|         10|        128|        400|     32561715.00|        128|00:08:59|   NA|  NA|    NA|
|x|          6|        128|        416|     32584343.00|        251|00:07:48|+0.89|0.94|0.0020|
|x|          5|        128|        370|     32560705.67|        374|00:07:45|+0.89|0.92|0.0015|
|x|          9|        128|        426|     32548953.50|        497|00:07:45|+0.90|0.92|0.0012|
|-|          3|         16|        426|     32531693.40|        620|00:07:49|-0.00|0.20|0.9103|
|=|          1|         16|        398|     32570379.17|        631|00:01:00|+0.02|0.18|0.8874|
|=|          4|         16|        398|     32563130.57|        642|00:01:42|+0.03|0.17|0.8826|
|=|          8|         16|        398|     32567616.38|        653|00:01:26|+0.08|0.19|0.8551|
|-|          2|         11|        398|     32570947.11|        664|00:01:19|+0.04|0.15|0.8578|
|=|          7|         11|        398|     32593723.70|        670|00:01:32|+0.05|0.14|0.8461|
|=|         11|         11|        370|     32614764.09|        681|00:01:46|+0.06|0.15|0.8450|
+-+-----------+-----------+-----------+----------------+-----------+--------+-----+----+------+
Best-so-far configuration:         370    mean value:      32614764.09
Description of the best-so-far configuration:
    .ID. algorithm localsearch alpha beta  rho ants   q0 rasrank elitistants
370  370       acs           3   3.2  5.1 0.58   56 0.67      NA          NA
    nnls dlb .PARENT.
370   10   0       66

# 2026-01-20 04:56:27 -03: Elite configurations (first number is the configuration ID; listed from best to worst according to the sum of ranks):
    algorithm localsearch alpha beta  rho ants   q0 rasrank elitistants nnls
370       acs           3  3.20 5.10 0.58   56 0.67      NA          NA   10
398       ras           3  3.56 1.45 0.88   94   NA      25          NA   23
306       acs           3  2.79 5.35 0.15   36 0.09      NA          NA   15
196       acs           3  4.58 2.88 0.02   37 0.75      NA          NA   16
413       acs           3  4.59 4.08 0.20   64 0.88      NA          NA   11
    dlb
370   0
398   0
306   0
196   0
413   0
# 2026-01-20 04:56:27 -03: Iteration 4 of 5
# experimentsUsed: 2456
# remainingBudget: 3044
# currentBudget: 1522
# nbConfigurations: 131
# Markers:
     x No test is performed.
     c Configurations are discarded only due to capping.
     - The test is performed and some configurations are discarded.
     = The test is performed but no configuration is discarded.
     ! The test is performed and configurations could be discarded but elite configurations are preserved.
     . All alive configurations are elite and nothing is discarded.

+-+-----------+-----------+-----------+----------------+-----------+--------+-----+----+------+
| |   Instance|      Alive|       Best|       Mean best| Exp so far|  W time|  rho|KenW|  Qvar|
+-+-----------+-----------+-----------+----------------+-----------+--------+-----+----+------+
|x|         12|        131|        588|     32493913.00|        131|00:07:03|   NA|  NA|    NA|
|x|          1|        131|        588|     32593003.50|        257|00:07:24|+0.75|0.87|0.0060|
|x|          5|        131|        549|     32578797.00|        383|00:07:11|+0.74|0.83|0.0052|
|x|          4|        131|        398|     32573885.25|        509|00:07:04|+0.74|0.80|0.0080|
|-|          3|         31|        398|     32544069.40|        635|00:07:16|-0.07|0.15|1.0357|
|=|         11|         31|        562|     32573542.83|        661|00:01:49|-0.06|0.11|1.0164|
|=|          7|         31|        583|     32602428.14|        687|00:02:09|-0.04|0.11|0.9908|
|=|          9|         31|        583|     32589958.88|        713|00:01:44|-0.03|0.10|0.9752|
|=|          6|         31|        549|     32596790.89|        739|00:02:11|-0.01|0.10|0.9714|
|=|          8|         31|        549|     32596972.80|        765|00:01:39|+0.00|0.10|0.9615|
|=|          2|         31|        549|     32596291.55|        791|00:01:53|+0.01|0.10|0.9493|
|=|         10|         31|        549|     32601229.17|        817|00:01:54|+0.03|0.11|0.9367|
|=|         13|         31|        588|     32595376.46|        848|00:02:02|+0.02|0.10|0.9421|
+-+-----------+-----------+-----------+----------------+-----------+--------+-----+----+------+
Best-so-far configuration:         588    mean value:      32595376.46
Description of the best-so-far configuration:
    .ID. algorithm localsearch alpha beta  rho ants q0 rasrank elitistants nnls
588  588       ras           3  2.72 2.04 0.97   86 NA      15          NA   22
    dlb .PARENT.
588   0      398

# 2026-01-20 05:47:53 -03: Elite configurations (first number is the configuration ID; listed from best to worst according to the sum of ranks):
    algorithm localsearch alpha beta  rho ants   q0 rasrank elitistants nnls
588       ras           3  2.72 2.04 0.97   86   NA      15          NA   22
549       acs           3  2.62 6.03 0.16   34 0.10      NA          NA   20
196       acs           3  4.58 2.88 0.02   37 0.75      NA          NA   16
583       acs           3  4.68 2.78 0.07   54 0.79      NA          NA   18
398       ras           3  3.56 1.45 0.88   94   NA      25          NA   23
    dlb
588   0
549   0
196   0
583   0
398   0
# 2026-01-20 05:47:53 -03: Iteration 5 of 5
# experimentsUsed: 3304
# remainingBudget: 2196
# currentBudget: 2196
# nbConfigurations: 161
# Markers:
     x No test is performed.
     c Configurations are discarded only due to capping.
     - The test is performed and some configurations are discarded.
     = The test is performed but no configuration is discarded.
     ! The test is performed and configurations could be discarded but elite configurations are preserved.
     . All alive configurations are elite and nothing is discarded.

+-+-----------+-----------+-----------+----------------+-----------+--------+-----+----+------+
| |   Instance|      Alive|       Best|       Mean best| Exp so far|  W time|  rho|KenW|  Qvar|
+-+-----------+-----------+-----------+----------------+-----------+--------+-----+----+------+
|x|         14|        161|        721|     32603893.00|        161|00:11:12|   NA|  NA|    NA|
|x|         13|        161|        721|     32567442.00|        317|00:10:07|+0.56|0.78|0.0094|
|x|         10|        161|        635|     32580070.00|        473|00:11:59|+0.54|0.69|0.0075|
|x|          2|        161|        635|     32590824.25|        629|00:11:58|+0.54|0.66|0.0070|
|-|         11|         53|        718|     32625829.80|        785|00:09:57|-0.13|0.09|1.1176|
|=|         12|         53|        609|     32616108.33|        833|00:03:37|-0.11|0.07|1.1011|
|=|          1|         53|        609|     32636830.57|        881|00:04:29|-0.10|0.06|1.0844|
|=|          8|         53|        704|     32630492.38|        929|00:04:06|-0.06|0.07|1.0456|
|=|          4|         53|        704|     32617999.89|        977|00:04:32|-0.03|0.08|1.0151|
|=|          6|         53|        704|     32614010.90|       1025|00:04:01|-0.02|0.08|1.0027|
|=|          5|         53|        704|     32601129.55|       1073|00:04:27|-0.02|0.07|1.0002|
|=|          7|         53|        704|     32621439.83|       1121|00:04:26|-0.02|0.07|0.9979|
|=|          9|         53|        549|     32614812.85|       1169|00:04:34|-0.01|0.07|0.9901|
|=|          3|         53|        704|     32601406.14|       1217|00:04:07|-0.00|0.07|0.9879|
|=|         15|         53|        549|     32597379.87|       1270|00:04:55|+0.00|0.07|0.9837|
+-+-----------+-----------+-----------+----------------+-----------+--------+-----+----+------+
Best-so-far configuration:         549    mean value:      32597379.87
Description of the best-so-far configuration:
    .ID. algorithm localsearch alpha beta  rho ants  q0 rasrank elitistants
549  549       acs           3  2.62 6.03 0.16   34 0.1      NA          NA
    nnls dlb .PARENT.
549   20   0      306

# 2026-01-20 07:26:27 -03: Elite configurations (first number is the configuration ID; listed from best to worst according to the sum of ranks):
    algorithm localsearch alpha beta  rho ants   q0 rasrank elitistants nnls
549       acs           3  2.62 6.03 0.16   34 0.10      NA          NA   20
631       ras           3  2.98 2.42 0.94   89   NA      27          NA   23
588       ras           3  2.72 2.04 0.97   86   NA      15          NA   22
704       acs           3  4.76 3.64 0.03   45 0.76      NA          NA   11
196       acs           3  4.58 2.88 0.02   37 0.75      NA          NA   16
    dlb
549   0
631   0
588   0
704   0
196   0
# 2026-01-20 07:26:27 -03: Iteration 6 of 6
# experimentsUsed: 4574
# remainingBudget: 926
# currentBudget: 926
# nbConfigurations: 62
# Markers:
     x No test is performed.
     c Configurations are discarded only due to capping.
     - The test is performed and some configurations are discarded.
     = The test is performed but no configuration is discarded.
     ! The test is performed and configurations could be discarded but elite configurations are preserved.
     . All alive configurations are elite and nothing is discarded.

+-+-----------+-----------+-----------+----------------+-----------+--------+-----+----+------+
| |   Instance|      Alive|       Best|       Mean best| Exp so far|  W time|  rho|KenW|  Qvar|
+-+-----------+-----------+-----------+----------------+-----------+--------+-----+----+------+
|x|         16|         62|        757|     32809369.00|         62|00:05:15|   NA|  NA|    NA|
|x|          9|         62|        764|     32641926.50|        119|00:04:47|+0.04|0.52|0.7857|
|x|          1|         62|        549|     32671835.33|        176|00:04:35|+0.15|0.43|0.6639|
|x|          8|         62|        549|     32653529.00|        233|00:05:13|+0.23|0.42|0.5878|
|-|          3|         34|        196|     32604330.40|        290|00:05:09|-0.04|0.16|1.0202|
|=|          7|         34|        758|     32638277.33|        319|00:02:25|-0.01|0.16|0.9884|
|=|         13|         34|        758|     32620656.00|        348|00:02:43|-0.00|0.14|0.9738|
|=|         11|         34|        758|     32630977.88|        377|00:02:33|+0.00|0.13|0.9738|
|=|         12|         34|        758|     32628277.78|        406|00:02:46|+0.01|0.12|0.9654|
|=|         10|         34|        764|     32632784.60|        435|00:02:35|+0.01|0.11|0.9597|
|=|         15|         34|        764|     32622496.64|        464|00:02:10|+0.03|0.11|0.9455|
|=|          2|         34|        764|     32623055.92|        493|00:02:21|+0.04|0.12|0.9326|
|-|          6|         23|        764|     32622913.77|        522|00:02:08|-0.03|0.05|0.9843|
|=|          5|         23|        758|     32610148.71|        540|00:01:41|-0.03|0.04|0.9805|
|=|         14|         23|        758|     32613206.40|        558|00:02:04|-0.02|0.05|0.9713|
|=|          4|         23|        758|     32607251.38|        576|00:01:57|-0.01|0.05|0.9561|
|=|         17|         23|        758|     32596581.06|        599|00:02:08|-0.00|0.06|0.9514|
+-+-----------+-----------+-----------+----------------+-----------+--------+-----+----+------+
Best-so-far configuration:         758    mean value:      32596581.06
Description of the best-so-far configuration:
    .ID. algorithm localsearch alpha beta  rho ants   q0 rasrank elitistants
758  758       acs           3  4.75 4.36 0.03   41 0.76      NA          NA
    nnls dlb .PARENT.
758    9   0      704

# 2026-01-20 08:19:06 -03: Elite configurations (first number is the configuration ID; listed from best to worst according to the sum of ranks):
    algorithm localsearch alpha beta  rho ants   q0 rasrank elitistants nnls
758       acs           3  4.75 4.36 0.03   41 0.76      NA          NA    9
764       ras           3  2.47 1.18 0.87   82   NA      18          NA   20
549       acs           3  2.62 6.03 0.16   34 0.10      NA          NA   20
704       acs           3  4.76 3.64 0.03   45 0.76      NA          NA   11
794       acs           3  4.47 3.01 0.02   33 0.75      NA          NA   16
    dlb
758   0
764   0
549   0
704   0
794   0
# 2026-01-20 08:19:06 -03: Iteration 7 of 7
# experimentsUsed: 5173
# remainingBudget: 327
# currentBudget: 327
# nbConfigurations: 22
# Markers:
     x No test is performed.
     c Configurations are discarded only due to capping.
     - The test is performed and some configurations are discarded.
     = The test is performed but no configuration is discarded.
     ! The test is performed and configurations could be discarded but elite configurations are preserved.
     . All alive configurations are elite and nothing is discarded.

+-+-----------+-----------+-----------+----------------+-----------+--------+-----+----+------+
| |   Instance|      Alive|       Best|       Mean best| Exp so far|  W time|  rho|KenW|  Qvar|
+-+-----------+-----------+-----------+----------------+-----------+--------+-----+----+------+
|x|         18|         22|        549|     32420466.00|         22|00:01:44|   NA|  NA|    NA|
|x|         17|         22|        704|     32413678.00|         39|00:01:27|+0.49|0.75|0.3982|
|x|         12|         22|        764|     32463526.67|         56|00:01:04|+0.41|0.61|0.4200|
|x|          4|         22|        704|     32474148.75|         73|00:01:20|+0.39|0.54|0.4384|
|-|          9|         15|        764|     32483933.40|         90|00:01:17|-0.07|0.14|0.9630|
|=|         10|         15|        764|     32500972.83|        100|00:01:07|-0.06|0.11|0.9355|
|=|          8|         15|        764|     32509071.57|        110|00:01:11|+0.01|0.15|0.8707|
|=|          1|         15|        794|     32544993.00|        120|00:00:50|-0.01|0.12|0.8874|
|=|          6|         15|        794|     32542311.33|        130|00:01:09|+0.03|0.13|0.8644|
|=|          7|         15|        794|     32568045.20|        140|00:01:12|+0.04|0.13|0.8577|
|=|          5|         15|        758|     32573700.55|        150|00:01:10|+0.05|0.13|0.8630|
|=|         15|         15|        549|     32567919.00|        160|00:00:59|+0.05|0.13|0.8681|
|-|         13|          9|        758|     32566809.08|        170|00:00:57|-0.04|0.04|0.9143|
|=|         11|          9|        758|     32576553.50|        174|00:00:40|-0.02|0.05|0.8938|
|=|          2|          9|        758|     32579235.20|        178|00:00:44|-0.02|0.05|0.8948|
|=|         16|          9|        758|     32595466.31|        182|00:00:41|-0.02|0.05|0.8911|
|=|          3|          9|        758|     32585982.65|        186|00:00:50|-0.01|0.05|0.8893|
|=|         14|          9|        758|     32589873.28|        190|00:00:39|-0.01|0.05|0.8906|
|=|         19|          9|        758|     32589123.68|        199|00:00:35|-0.01|0.05|0.8885|
+-+-----------+-----------+-----------+----------------+-----------+--------+-----+----+------+
Best-so-far configuration:         758    mean value:      32589123.68
Description of the best-so-far configuration:
    .ID. algorithm localsearch alpha beta  rho ants   q0 rasrank elitistants
758  758       acs           3  4.75 4.36 0.03   41 0.76      NA          NA
    nnls dlb .PARENT.
758    9   0      704

# 2026-01-20 08:38:53 -03: Elite configurations (first number is the configuration ID; listed from best to worst according to the sum of ranks):
    algorithm localsearch alpha beta  rho ants   q0 rasrank elitistants nnls
758       acs           3  4.75 4.36 0.03   41 0.76      NA          NA    9
549       acs           3  2.62 6.03 0.16   34 0.10      NA          NA   20
820       acs           3  4.56 4.60 0.05   46 0.80      NA          NA    9
764       ras           3  2.47 1.18 0.87   82   NA      18          NA   20
704       acs           3  4.76 3.64 0.03   45 0.76      NA          NA   11
    dlb
758   0
549   0
820   0
764   0
704   0
# 2026-01-20 08:38:53 -03: Iteration 8 of 8
# experimentsUsed: 5372
# remainingBudget: 128
# currentBudget: 128
# nbConfigurations: 11
# Markers:
     x No test is performed.
     c Configurations are discarded only due to capping.
     - The test is performed and some configurations are discarded.
     = The test is performed but no configuration is discarded.
     ! The test is performed and configurations could be discarded but elite configurations are preserved.
     . All alive configurations are elite and nothing is discarded.

+-+-----------+-----------+-----------+----------------+-----------+--------+-----+----+------+
| |   Instance|      Alive|       Best|       Mean best| Exp so far|  W time|  rho|KenW|  Qvar|
+-+-----------+-----------+-----------+----------------+-----------+--------+-----+----+------+
|x|         20|         11|        549|     32696863.00|         11|00:01:04|   NA|  NA|    NA|
|x|         19|         11|        549|     32572946.50|         17|00:00:57|+0.45|0.73|0.4351|
|x|          2|         11|        549|     32578457.33|         23|00:00:54|+0.62|0.75|0.3971|
|x|         10|         11|        764|     32607935.00|         29|00:00:48|+0.44|0.58|0.5182|
|-|         17|          7|        764|     32572737.60|         35|00:01:00|-0.07|0.14|0.9305|
|=|         11|          7|        764|     32593875.00|         37|00:00:25|-0.08|0.10|0.9378|
|=|          7|          7|        764|     32618005.43|         39|00:00:29|-0.03|0.12|0.9230|
|=|         15|          7|        764|     32605706.88|         41|00:00:27|-0.01|0.12|0.8903|
|=|          5|          7|        764|     32608287.67|         43|00:00:22|-0.03|0.08|0.9122|
|=|         13|          7|        764|     32602741.80|         45|00:00:25|-0.02|0.08|0.8999|
|=|          1|          7|        764|     32621689.36|         47|00:00:25|-0.02|0.07|0.9019|
|=|         16|          7|        764|     32637603.33|         49|00:00:25|-0.02|0.07|0.9014|
|=|          6|          7|        764|     32636342.15|         51|00:00:25|-0.01|0.07|0.8883|
|=|          4|          7|        758|     32620095.29|         53|00:00:25|+0.01|0.08|0.8734|
|=|          3|          7|        758|     32607705.20|         55|00:00:26|-0.01|0.06|0.8774|
|=|          9|          7|        758|     32600417.19|         57|00:00:27|-0.00|0.06|0.8807|
|=|         18|          7|        758|     32593089.18|         59|00:00:26|-0.00|0.06|0.8831|
|=|         12|          7|        549|     32591296.39|         61|00:00:23|+0.01|0.07|0.8728|
|=|         14|          7|        549|     32592372.00|         63|00:00:23|+0.02|0.07|0.8660|
|=|          8|          7|        758|     32594726.50|         65|00:00:26|+0.02|0.07|0.8640|
|=|         21|          7|        758|     32610978.10|         72|00:00:46|+0.01|0.06|0.8619|
+-+-----------+-----------+-----------+----------------+-----------+--------+-----+----+------+
Best-so-far configuration:         758    mean value:      32610978.10
Description of the best-so-far configuration:
    .ID. algorithm localsearch alpha beta  rho ants   q0 rasrank elitistants
758  758       acs           3  4.75 4.36 0.03   41 0.76      NA          NA
    nnls dlb .PARENT.
758    9   0      704

# 2026-01-20 08:50:52 -03: Elite configurations (first number is the configuration ID; listed from best to worst according to the sum of ranks):
    algorithm localsearch alpha beta  rho ants   q0 rasrank elitistants nnls
758       acs           3  4.75 4.36 0.03   41 0.76      NA          NA    9
820       acs           3  4.56 4.60 0.05   46 0.80      NA          NA    9
549       acs           3  2.62 6.03 0.16   34 0.10      NA          NA   20
764       ras           3  2.47 1.18 0.87   82   NA      18          NA   20
826       acs           3  4.46 4.45 0.08   51 0.78      NA          NA   11
    dlb
758   0
820   0
549   0
764   0
826   0
# 2026-01-20 08:50:52 -03: Iteration 9 of 9
# experimentsUsed: 5444
# remainingBudget: 56
# currentBudget: 56
# nbConfigurations: 7
# Markers:
     x No test is performed.
     c Configurations are discarded only due to capping.
     - The test is performed and some configurations are discarded.
     = The test is performed but no configuration is discarded.
     ! The test is performed and configurations could be discarded but elite configurations are preserved.
     . All alive configurations are elite and nothing is discarded.

+-+-----------+-----------+-----------+----------------+-----------+--------+-----+----+------+
| |   Instance|      Alive|       Best|       Mean best| Exp so far|  W time|  rho|KenW|  Qvar|
+-+-----------+-----------+-----------+----------------+-----------+--------+-----+----+------+
|x|         22|          7|        758|     32684005.00|          7|00:00:52|   NA|  NA|    NA|
|x|          8|          7|        758|     32616664.00|          9|00:00:49|+0.25|0.62|0.8716|
|x|          6|          7|        758|     32603490.67|         11|00:00:42|+0.25|0.50|0.7320|
|x|         11|          7|        758|     32628425.75|         13|00:00:35|+0.05|0.29|0.8323|
|=|          7|          7|        758|     32657272.40|         15|00:00:47|+0.16|0.33|0.7335|
|=|         16|          7|        820|     32683426.50|         17|00:00:46|+0.20|0.33|0.6724|
|=|          3|          7|        758|     32651362.71|         19|00:00:43|+0.08|0.21|0.7692|
|=|          2|          7|        758|     32647039.75|         21|00:00:49|+0.10|0.21|0.7268|
|=|          1|          7|        758|     32657747.33|         23|00:00:39|+0.04|0.15|0.7728|
|=|         19|          7|        758|     32649535.70|         25|00:00:37|-0.01|0.09|0.8306|
|=|         15|          7|        820|     32641869.36|         27|00:00:45|+0.00|0.09|0.8307|
|=|          5|          7|        758|     32628207.92|         29|00:00:44|+0.03|0.12|0.7946|
|=|         21|          7|        820|     32650234.46|         31|00:00:47|+0.04|0.12|0.7844|
|=|         10|          7|        820|     32646193.00|         33|00:00:43|+0.05|0.12|0.7743|
|=|         13|          7|        820|     32639139.07|         35|00:00:37|+0.07|0.13|0.7725|
|-|         20|          5|        758|     32646320.88|         37|00:00:41|-0.02|0.04|0.8096|
|.|          9|          5|        758|     32637190.06|         37|00:00:00|-0.04|0.02|0.8292|
|.|          4|          5|        758|     32630564.28|         37|00:00:00|-0.03|0.02|0.8228|
|.|         18|          5|        758|     32622420.95|         37|00:00:00|-0.03|0.02|0.8234|
|.|         12|          5|        758|     32621633.75|         37|00:00:00|-0.04|0.01|0.8257|
|.|         17|          5|        758|     32612311.00|         37|00:00:00|-0.03|0.01|0.8272|
|.|         14|          5|        758|     32614297.50|         37|00:00:00|-0.02|0.02|0.8221|
+-+-----------+-----------+-----------+----------------+-----------+--------+-----+----+------+
Best-so-far configuration:         758    mean value:      32614297.50
Description of the best-so-far configuration:
    .ID. algorithm localsearch alpha beta  rho ants   q0 rasrank elitistants
758  758       acs           3  4.75 4.36 0.03   41 0.76      NA          NA
    nnls dlb .PARENT.
758    9   0      704

# 2026-01-20 09:02:35 -03: Elite configurations (first number is the configuration ID; listed from best to worst according to the sum of ranks):
    algorithm localsearch alpha beta  rho ants   q0 rasrank elitistants nnls
758       acs           3  4.75 4.36 0.03   41 0.76      NA          NA    9
549       acs           3  2.62 6.03 0.16   34 0.10      NA          NA   20
820       acs           3  4.56 4.60 0.05   46 0.80      NA          NA    9
764       ras           3  2.47 1.18 0.87   82   NA      18          NA   20
826       acs           3  4.46 4.45 0.08   51 0.78      NA          NA   11
    dlb
758   0
549   0
820   0
764   0
826   0
# 2026-01-20 09:02:35 -03: Stopped because there is not enough budget left to race more than the minimum (5).
# You may either increase the budget or set 'minNbSurvival' to a lower value.
# Iteration: 10
# nbIterations: 10
# experimentsUsed: 5481
# timeUsed: 0
# remainingBudget: 19
# currentBudget: 19
# number of elites: 5
# nbConfigurations: 5
# Total CPU user time: 186043.7, CPU sys time: 1045.952, Wall-clock time: 23546.01
# 2026-01-20 09:02:35 -03: Starting post-selection:
# Configurations selected: 758, 549, 820, 764, 826, 704, 794, 631.
# Pending instances: 1, 1, 1, 1, 1, 2, 4, 6.
# 2026-01-20 09:02:36 -03: seed: 800123
# Configurations: 8
# Available experiments: 19
# minSurvival: 1
# Markers:
     x No test is performed.
     c Configurations are discarded only due to capping.
     - The test is performed and some configurations are discarded.
     = The test is performed but no configuration is discarded.
     ! The test is performed and configurations could be discarded but elite configurations are preserved.
     . All alive configurations are elite and nothing is discarded.

+-+-----------+-----------+-----------+----------------+-----------+--------+-----+----+------+
| |   Instance|      Alive|       Best|       Mean best| Exp so far|  W time|  rho|KenW|  Qvar|
+-+-----------+-----------+-----------+----------------+-----------+--------+-----+----+------+
|.|          6|          8|        794|     32520858.00|          0|00:00:00|   NA|  NA|    NA|
|.|         15|          8|        794|     32532035.00|          0|00:00:00|+0.26|0.63|0.7195|
|.|          5|          8|        794|     32545291.33|          0|00:00:00|+0.08|0.39|0.8132|
|.|          1|          8|        794|     32605744.50|          0|00:00:00|+0.04|0.28|0.8812|
|.|          3|          8|        794|     32562238.60|          0|00:00:00|+0.07|0.25|0.7933|
|.|         17|          8|        794|     32544262.50|          0|00:00:00|+0.05|0.21|0.8566|
|.|         13|          8|        794|     32546938.00|          0|00:00:00|-0.01|0.14|0.9048|
|.|          2|          8|        794|     32556324.88|          0|00:00:00|+0.03|0.15|0.8677|
|.|         10|          8|        794|     32558568.89|          0|00:00:00|-0.01|0.10|0.8987|
|x|         18|          8|        704|     32534840.50|          1|00:00:30|-0.01|0.09|0.8878|
|x|         21|          8|        704|     32571196.64|          3|00:00:48|-0.01|0.08|0.8797|
|x|         20|          8|        704|     32583142.17|          5|00:00:45|+0.01|0.09|0.8605|
|.|          7|          8|        704|     32603273.77|          5|00:00:00|-0.01|0.07|0.8777|
|.|         16|          8|        704|     32620286.43|          5|00:00:00|-0.01|0.06|0.8690|
|.|          8|          8|        704|     32617768.60|          5|00:00:00|-0.00|0.06|0.8581|
|x|         22|          8|        758|     32622748.06|          8|00:00:52|+0.02|0.09|0.8319|
|.|          4|          8|        758|     32616582.06|          8|00:00:00|+0.03|0.09|0.8226|
|.|          9|          8|        758|     32609610.67|          8|00:00:00|+0.00|0.06|0.8478|
|.|         14|          8|        758|     32612052.95|          8|00:00:00|-0.01|0.05|0.8614|
|.|         11|          8|        758|     32616611.85|          8|00:00:00|-0.01|0.04|0.8658|
|.|         12|          8|        758|     32616138.76|          8|00:00:00|-0.02|0.03|0.8782|
|=|         19|          8|        758|     32614297.50|          9|00:00:31|-0.02|0.02|0.8840|
|=|         23|          8|        758|     32618469.83|         17|00:00:53|-0.02|0.03|0.8753|
+-+-----------+-----------+-----------+----------------+-----------+--------+-----+----+------+
Best-so-far configuration:         758    mean value:      32618469.83
Description of the best-so-far configuration:
    .ID. algorithm localsearch alpha beta  rho ants   q0 rasrank elitistants
758  758       acs           3  4.75 4.36 0.03   41 0.76      NA          NA
    nnls dlb .PARENT.
758    9   0      704

# 2026-01-20 09:06:58 -03: Elite configurations (first number is the configuration ID; listed from best to worst according to the sum of ranks):
    algorithm localsearch alpha beta  rho ants   q0 rasrank elitistants nnls
758       acs           3  4.75 4.36 0.03   41 0.76      NA          NA    9
820       acs           3  4.56 4.60 0.05   46 0.80      NA          NA    9
549       acs           3  2.62 6.03 0.16   34 0.10      NA          NA   20
764       ras           3  2.47 1.18 0.87   82   NA      18          NA   20
704       acs           3  4.76 3.64 0.03   45 0.76      NA          NA   11
    dlb
758   0
820   0
549   0
764   0
704   0
# Total CPU user time: 186580.7, CPU sys time: 1048.974, Wall-clock time: 23809.34
    .ID. algorithm localsearch alpha beta  rho ants   q0 rasrank elitistants
758  758       acs           3  4.75 4.36 0.03   41 0.76      NA          NA
820  820       acs           3  4.56 4.60 0.05   46 0.80      NA          NA
549  549       acs           3  2.62 6.03 0.16   34 0.10      NA          NA
764  764       ras           3  2.47 1.18 0.87   82   NA      18          NA
704  704       acs           3  4.76 3.64 0.03   45 0.76      NA          NA
    nnls dlb .PARENT. .RANK.   .WEIGHT.
758    9   0      704     92 0.33333333
820    9   0      758     96 0.26666667
549   20   0      306     99 0.20000000
764   20   0      588    101 0.13333333
704   11   0      196    104 0.06666667
