# 2026-01-26 21:31:02 -03: Reading parameter file '/home/pestobar/Activities/irace-executions/PSO-X/Scenarios/BH-65/Runs/BH-65_seed_1400299/parameters.txt'.
# 2026-01-26 21:31:02 -03: 2 expression(s) specifying forbidden configurations read.
# 2026-01-26 21:31:02 -03: Initialization
# Elitist race
# Elitist new instances: 1
# Elitist limit: 2
# nbIterations: 5
# minNbSurvival: 5
# nbParameters: 8
# seed: 1400299
# confidence level: 0.95
# budget: 4000
# mu: 5
# deterministic: FALSE

# 2026-01-26 21:31:03 -03: Iteration 1 of 5
# experimentsUsed: 0
# remainingBudget: 4000
# currentBudget: 800
# nbConfigurations: 65
# Markers:
     x No test is performed.
     c Configurations are discarded only due to capping.
     - The test is performed and some configurations are discarded.
     = The test is performed but no configuration is discarded.
     ! The test is performed and configurations could be discarded but elite configurations are preserved.
     . All alive configurations are elite and nothing is discarded.

+-+-----------+-----------+-----------+----------------+-----------+--------+-----+----+------+
| |   Instance|      Alive|       Best|       Mean best| Exp so far|  W time|  rho|KenW|  Qvar|
+-+-----------+-----------+-----------+----------------+-----------+--------+-----+----+------+
|x|          1|         65|         48|     53.49369968|         65|00:00:42|   NA|  NA|    NA|
|x|          2|         65|          4|     35527.97117|        130|00:00:45|+0.45|0.73|0.9696|
|x|          3|         65|          4|     23685.42162|        195|00:00:45|+0.40|0.60|0.7171|
|x|          4|         65|          4|     17765.37705|        260|00:00:43|+0.44|0.58|0.5644|
|-|          5|         39|         50|     29819.90060|        325|00:04:18|-0.10|0.12|1.0173|
|=|          6|         39|         23|     33896.85536|        364|00:00:37|-0.02|0.15|0.9285|
|=|          7|         39|         23|     29080.20656|        403|00:00:39|+0.01|0.15|0.8475|
+-+-----------+-----------+-----------+----------------+-----------+--------+-----+----+------+
Best-so-far configuration:          23    mean value:      29080.20656
Description of the best-so-far configuration:
   .ID. particles topology modInfluence branching tSchedule phi1 phi2 inertia
23   23         9        1            1        NA        NA 1.12 1.51    0.67
   .PARENT.
23       NA

# 2026-01-26 21:39:35 -03: Elite configurations (first number is the configuration ID; listed from best to worst according to the sum of ranks):
   particles topology modInfluence branching tSchedule phi1 phi2 inertia
23         9        1            1        NA        NA 1.12 1.51    0.67
50       149        1            2        NA        NA 1.32 2.48    0.82
60        86        4            1        NA        NA 1.16 1.08    0.43
4        114        5            1        NA         6 0.11 1.43    0.81
42        80        0            1        NA        NA 1.86 0.53    0.85
# 2026-01-26 21:39:35 -03: Iteration 2 of 5
# experimentsUsed: 403
# remainingBudget: 3597
# currentBudget: 899
# nbConfigurations: 65
# Markers:
     x No test is performed.
     c Configurations are discarded only due to capping.
     - The test is performed and some configurations are discarded.
     = The test is performed but no configuration is discarded.
     ! The test is performed and configurations could be discarded but elite configurations are preserved.
     . All alive configurations are elite and nothing is discarded.

+-+-----------+-----------+-----------+----------------+-----------+--------+-----+----+------+
| |   Instance|      Alive|       Best|       Mean best| Exp so far|  W time|  rho|KenW|  Qvar|
+-+-----------+-----------+-----------+----------------+-----------+--------+-----+----+------+
|x|          8|         65|        106|     3.695405588|         65|00:00:22|   NA|  NA|    NA|
|x|          7|         65|        103|     66.35058629|        125|00:00:22|+0.59|0.80|0.1708|
|x|          6|         65|        103|     70.09611748|        185|00:00:20|+0.72|0.81|0.1039|
|x|          5|         65|         70|     197.6463992|        245|00:03:45|+0.38|0.53|0.3579|
|-|          4|         28|         70|     158.3192649|        305|00:00:19|+0.00|0.20|0.9852|
|=|          2|         28|         70|     16064.09498|        328|00:00:13|+0.01|0.18|0.9648|
|=|          1|         28|         70|     14458.52130|        351|00:00:13|-0.04|0.11|0.9477|
|=|          3|         28|         81|     13033.76982|        374|00:00:13|-0.03|0.10|0.9552|
|=|          9|         28|         81|     11612.79676|        402|00:00:15|-0.05|0.06|0.9576|
+-+-----------+-----------+-----------+----------------+-----------+--------+-----+----+------+
Best-so-far configuration:          81    mean value:      11612.79676
Description of the best-so-far configuration:
   .ID. particles topology modInfluence branching tSchedule phi1 phi2 inertia
81   81       128        4            2        NA        NA 1.25 2.48    0.73
   .PARENT.
81       50

# 2026-01-26 21:45:41 -03: Elite configurations (first number is the configuration ID; listed from best to worst according to the sum of ranks):
    particles topology modInfluence branching tSchedule phi1 phi2 inertia
81        128        4            2        NA        NA 1.25 2.48    0.73
70         36        1            1        NA        NA 1.09 2.01    0.61
107        17        4            1        NA        NA 1.46 0.43    0.34
113        76        1            1        NA        NA 1.52 1.49    0.49
112        39        1            1        NA        NA 1.50 1.99    0.81
# 2026-01-26 21:45:41 -03: Iteration 3 of 5
# experimentsUsed: 805
# remainingBudget: 3195
# currentBudget: 1065
# nbConfigurations: 65
# Markers:
     x No test is performed.
     c Configurations are discarded only due to capping.
     - The test is performed and some configurations are discarded.
     = The test is performed but no configuration is discarded.
     ! The test is performed and configurations could be discarded but elite configurations are preserved.
     . All alive configurations are elite and nothing is discarded.

+-+-----------+-----------+-----------+----------------+-----------+--------+-----+----+------+
| |   Instance|      Alive|       Best|       Mean best| Exp so far|  W time|  rho|KenW|  Qvar|
+-+-----------+-----------+-----------+----------------+-----------+--------+-----+----+------+
|x|         10|         65|        154|     9.848766727|         65|00:00:33|   NA|  NA|    NA|
|x|          2|         65|        157|     42082.06787|        125|00:00:33|+0.33|0.67|0.2781|
|x|          5|         65|        132|     24646.12436|        185|00:03:56|+0.26|0.51|0.4741|
|x|          9|         65|        161|     24416.03283|        245|00:00:32|+0.24|0.43|0.3672|
|-|          8|         33|        161|     19533.59326|        305|00:00:33|-0.09|0.13|1.0419|
|=|          1|         33|        161|     16893.68529|        333|00:00:14|-0.07|0.10|0.9781|
|=|          4|         33|        161|     14480.41613|        361|00:00:14|-0.06|0.09|0.9295|
|=|          3|         33|        132|     9754.355002|        389|00:00:15|-0.04|0.09|0.9406|
|=|          6|         33|        132|     8682.008161|        417|00:00:14|-0.02|0.10|0.9159|
|=|          7|         33|        132|     7825.584950|        445|00:00:15|-0.00|0.10|0.9293|
|=|         11|         33|        132|     7118.835653|        478|00:00:14|+0.03|0.12|0.9380|
+-+-----------+-----------+-----------+----------------+-----------+--------+-----+----+------+
Best-so-far configuration:         132    mean value:      7118.835653
Description of the best-so-far configuration:
    .ID. particles topology modInfluence branching tSchedule phi1 phi2 inertia
132  132        86        1            1        NA        NA 2.36 1.62     0.6
    .PARENT.
132      112

# 2026-01-26 21:53:20 -03: Elite configurations (first number is the configuration ID; listed from best to worst according to the sum of ranks):
    particles topology modInfluence branching tSchedule phi1 phi2 inertia
132        86        1            1        NA        NA 2.36 1.62    0.60
157        49        1            1        NA        NA 1.24 1.89    0.42
137        62        1            1        NA        NA 2.35 1.78    0.56
128        93        0            1        NA        NA 2.03 1.50    0.59
81        128        4            2        NA        NA 1.25 2.48    0.73
# 2026-01-26 21:53:20 -03: Iteration 4 of 5
# experimentsUsed: 1283
# remainingBudget: 2717
# currentBudget: 1358
# nbConfigurations: 65
# Markers:
     x No test is performed.
     c Configurations are discarded only due to capping.
     - The test is performed and some configurations are discarded.
     = The test is performed but no configuration is discarded.
     ! The test is performed and configurations could be discarded but elite configurations are preserved.
     . All alive configurations are elite and nothing is discarded.

+-+-----------+-----------+-----------+----------------+-----------+--------+-----+----+------+
| |   Instance|      Alive|       Best|       Mean best| Exp so far|  W time|  rho|KenW|  Qvar|
+-+-----------+-----------+-----------+----------------+-----------+--------+-----+----+------+
|x|         12|         65|        220|     20.43591854|         65|00:02:11|   NA|  NA|    NA|
|x|          6|         65|        189|     60.44624594|        125|00:00:30|-0.51|0.25|0.8569|
|x|         10|         65|        189|     49.70836844|        185|00:00:29|-0.03|0.31|0.5705|
|x|         11|         65|        189|     49.88421694|        245|00:00:30|+0.13|0.34|0.4299|
|-|          8|         41|        189|     40.70998359|        305|00:00:30|-0.09|0.13|1.0665|
|=|          4|         41|        189|     34.05410506|        341|00:00:22|-0.04|0.14|0.9975|
|=|          2|         41|        189|     11433.27352|        377|00:00:23|-0.01|0.14|0.9847|
|=|          5|         41|        189|     10077.80883|        413|00:02:30|-0.02|0.11|0.9770|
|=|          1|         41|        189|     9387.629836|        449|00:00:21|-0.03|0.08|0.9556|
|=|          9|         41|        189|     8507.319159|        485|00:00:23|-0.04|0.07|0.9430|
|=|          7|         41|        189|     7744.454103|        521|00:00:25|-0.03|0.07|0.9593|
|=|          3|         41|        208|     7265.240786|        557|00:00:23|-0.03|0.06|0.9605|
|=|         13|         41|        189|     6598.212548|        598|00:00:24|-0.03|0.05|0.9357|
+-+-----------+-----------+-----------+----------------+-----------+--------+-----+----+------+
Best-so-far configuration:         189    mean value:      6598.212548
Description of the best-so-far configuration:
    .ID. particles topology modInfluence branching tSchedule phi1 phi2 inertia
189  189        70        1            1        NA        NA  2.3 2.22    0.55
    .PARENT.
189      137

# 2026-01-26 22:02:48 -03: Elite configurations (first number is the configuration ID; listed from best to worst according to the sum of ranks):
    particles topology modInfluence branching tSchedule phi1 phi2 inertia
189        70        1            1        NA        NA 2.30 2.22    0.55
132        86        1            1        NA        NA 2.36 1.62    0.60
208       108        1            1        NA        NA 2.50 1.60    0.53
218        72        1            1        NA        NA 2.34 1.42    0.55
240        76        1            1        NA        NA 2.18 1.64    0.54
# 2026-01-26 22:02:48 -03: Iteration 5 of 5
# experimentsUsed: 1881
# remainingBudget: 2119
# currentBudget: 2119
# nbConfigurations: 65
# Markers:
     x No test is performed.
     c Configurations are discarded only due to capping.
     - The test is performed and some configurations are discarded.
     = The test is performed but no configuration is discarded.
     ! The test is performed and configurations could be discarded but elite configurations are preserved.
     . All alive configurations are elite and nothing is discarded.

+-+-----------+-----------+-----------+----------------+-----------+--------+-----+----+------+
| |   Instance|      Alive|       Best|       Mean best| Exp so far|  W time|  rho|KenW|  Qvar|
+-+-----------+-----------+-----------+----------------+-----------+--------+-----+----+------+
|x|         14|         65|        302|     235.4884593|         65|00:00:11|   NA|  NA|    NA|
|x|         12|         65|        287|     136.9147948|        125|00:01:38|+0.52|0.76|0.4499|
|x|          7|         65|        303|     141.4079355|        185|00:00:11|-0.14|0.24|0.9848|
|x|          4|         65|        280|     108.5698912|        245|00:00:07|-0.02|0.23|0.9439|
|=|          5|         65|        280|     196.2548346|        305|00:03:23|-0.04|0.16|0.9307|
|=|          1|         65|        280|     812.8889613|        365|00:00:08|-0.01|0.16|0.8930|
|=|          9|         65|        303|     637.7416787|        425|00:00:08|+0.05|0.18|0.8427|
|-|          8|         36|        303|     558.5324600|        485|00:00:09|-0.06|0.07|0.9772|
|=|          3|         36|        303|     496.5102289|        516|00:00:05|-0.07|0.05|1.0203|
|=|         11|         36|        303|     453.1303855|        547|00:00:06|-0.07|0.03|1.0309|
|=|         13|         36|        294|     476.1140024|        578|00:00:05|-0.06|0.04|1.0201|
|=|         10|         36|        294|     438.5457411|        609|00:00:05|-0.06|0.02|1.0250|
|=|          2|         36|        294|     6656.702985|        640|00:00:05|-0.05|0.03|1.0192|
|=|          6|         36|        271|     5911.381844|        671|00:00:05|-0.04|0.04|1.0143|
|=|         15|         36|        273|     5232.720475|        707|00:00:06|-0.04|0.03|1.0091|
+-+-----------+-----------+-----------+----------------+-----------+--------+-----+----+------+
Best-so-far configuration:         273    mean value:      5232.720475
Description of the best-so-far configuration:
    .ID. particles topology modInfluence branching tSchedule phi1 phi2 inertia
273  273        57        1            1        NA        NA 2.18 2.08    0.62
    .PARENT.
273      189

# 2026-01-26 22:09:29 -03: Elite configurations (first number is the configuration ID; listed from best to worst according to the sum of ranks):
    particles topology modInfluence branching tSchedule phi1 phi2 inertia
273        57        1            1        NA        NA 2.18 2.08    0.62
271        52        1            1        NA        NA 2.37 1.35    0.50
294        53        1            1        NA        NA 2.47 2.19    0.46
251        70        1            1        NA        NA 2.39 2.27    0.52
258        57        1            1        NA        NA 2.20 1.61    0.57
# 2026-01-26 22:09:29 -03: Iteration 6 of 6
# experimentsUsed: 2588
# remainingBudget: 1412
# currentBudget: 1412
# nbConfigurations: 65
# Markers:
     x No test is performed.
     c Configurations are discarded only due to capping.
     - The test is performed and some configurations are discarded.
     = The test is performed but no configuration is discarded.
     ! The test is performed and configurations could be discarded but elite configurations are preserved.
     . All alive configurations are elite and nothing is discarded.

+-+-----------+-----------+-----------+----------------+-----------+--------+-----+----+------+
| |   Instance|      Alive|       Best|       Mean best| Exp so far|  W time|  rho|KenW|  Qvar|
+-+-----------+-----------+-----------+----------------+-----------+--------+-----+----+------+
|x|         16|         65|        349|     220.2355767|         65|00:03:50|   NA|  NA|    NA|
|x|          1|         65|        349|     1021.126064|        125|00:00:08|+0.02|0.51|0.8462|
|x|          6|         65|        325|     875.7854186|        185|00:00:09|-0.16|0.22|1.1346|
|x|          5|         65|        325|     793.4332932|        245|00:03:22|-0.08|0.19|1.0699|
|=|          3|         65|        271|     766.2008477|        305|00:00:09|-0.08|0.14|1.0818|
|=|         14|         65|        271|     688.5702257|        365|00:00:09|-0.06|0.12|1.0426|
|=|         10|         65|        271|     593.1145803|        425|00:00:09|-0.04|0.11|1.0287|
|=|          2|         65|        271|     10192.37834|        485|00:00:09|-0.00|0.12|0.9967|
|=|          4|         65|        271|     9059.975954|        545|00:00:07|-0.01|0.10|0.9960|
|=|          9|         65|        271|     8223.498243|        605|00:00:08|-0.03|0.07|1.0082|
|=|         11|         65|        271|     7481.586569|        665|00:00:10|-0.02|0.07|1.0009|
|=|         13|         65|        307|     6344.599455|        725|00:00:08|-0.00|0.08|0.9820|
|=|         12|         65|        271|     6376.918877|        785|00:01:37|-0.01|0.07|0.9842|
|=|          7|         65|        271|     5929.668277|        845|00:00:11|-0.00|0.07|0.9844|
|=|          8|         65|        307|     5086.874488|        905|00:00:09|-0.00|0.07|0.9795|
|=|         15|         65|        307|     5271.724923|        965|00:00:10|-0.01|0.06|0.9854|
|=|         17|         65|        307|     7437.554846|       1030|00:00:10|-0.00|0.06|0.9849|
+-+-----------+-----------+-----------+----------------+-----------+--------+-----+----+------+
Best-so-far configuration:         307    mean value:      7437.554846
Description of the best-so-far configuration:
    .ID. particles topology modInfluence branching tSchedule phi1 phi2 inertia
307  307        50        1            1        NA        NA 2.16 1.78    0.58
    .PARENT.
307      258

# 2026-01-26 22:20:33 -03: Elite configurations (first number is the configuration ID; listed from best to worst according to the sum of ranks):
    particles topology modInfluence branching tSchedule phi1 phi2 inertia
307        50        1            1        NA        NA 2.16 1.78    0.58
323        56        1            1        NA        NA 2.15 2.11    0.57
355        65        1            1        NA        NA 2.28 2.13    0.62
312        54        1            1        NA        NA 2.35 2.26    0.55
352        52        1            1        NA        NA 2.32 2.03    0.59
# 2026-01-26 22:20:33 -03: There is not enough budget to enforce the value of nbConfigurations, returning to default behaviour nbConfigurations:25.
# Iteration: 7
# nbIterations: 7
# experimentsUsed: 3618
# timeUsed: 0
# remainingBudget: 382
# currentBudget: 382
# number of elites: 5
# nbConfigurations: 25
# 2026-01-26 22:20:33 -03: Iteration 7 of 7
# experimentsUsed: 3618
# remainingBudget: 382
# currentBudget: 382
# nbConfigurations: 25
# Markers:
     x No test is performed.
     c Configurations are discarded only due to capping.
     - The test is performed and some configurations are discarded.
     = The test is performed but no configuration is discarded.
     ! The test is performed and configurations could be discarded but elite configurations are preserved.
     . All alive configurations are elite and nothing is discarded.

+-+-----------+-----------+-----------+----------------+-----------+--------+-----+----+------+
| |   Instance|      Alive|       Best|       Mean best| Exp so far|  W time|  rho|KenW|  Qvar|
+-+-----------+-----------+-----------+----------------+-----------+--------+-----+----+------+
|x|         18|         25|        369|     813.3101127|         25|00:01:43|   NA|  NA|    NA|
|x|         15|         25|        369|     4339.860656|         45|00:00:03|+0.24|0.62|0.9820|
|x|         16|         25|        369|     2975.193820|         65|00:01:08|+0.10|0.40|0.8974|
|x|          8|         25|        369|     2232.384273|         85|00:00:03|-0.05|0.22|1.0457|
|=|          9|         25|        379|     1916.696756|        105|00:00:02|-0.00|0.20|0.9638|
|=|          7|         25|        369|     1609.508709|        125|00:00:03|-0.03|0.14|1.0230|
|=|          2|         25|        369|     13727.94681|        145|00:00:03|-0.07|0.09|1.0378|
|=|         17|         25|        369|     16918.65710|        165|00:00:03|-0.05|0.08|1.0254|
|=|          1|         25|        369|     15269.97591|        185|00:00:02|-0.02|0.09|1.0052|
|=|         10|         25|        369|     13746.01495|        205|00:00:03|-0.02|0.08|0.9999|
|=|          4|         25|        369|     12496.44171|        225|00:00:02|-0.03|0.06|1.0008|
|=|         11|         25|        369|     11461.43095|        245|00:00:03|-0.03|0.05|0.9821|
|=|          6|         25|        369|     10588.00727|        265|00:00:02|-0.04|0.04|0.9562|
|=|         12|         25|        379|     11885.77798|        285|00:00:32|-0.04|0.03|0.9779|
|=|          5|         25|        369|     9215.034869|        305|00:01:07|-0.04|0.03|0.9715|
|=|         14|         25|        355|     8524.138540|        325|00:00:03|-0.03|0.03|0.9854|
|=|          3|         25|        323|     6829.448040|        345|00:00:02|-0.03|0.03|0.9893|
|=|         13|         25|        323|     6478.379784|        365|00:00:02|-0.03|0.03|0.9901|
+-+-----------+-----------+-----------+----------------+-----------+--------+-----+----+------+
Best-so-far configuration:         323    mean value:      6478.379784
Description of the best-so-far configuration:
    .ID. particles topology modInfluence branching tSchedule phi1 phi2 inertia
323  323        56        1            1        NA        NA 2.15 2.11    0.57
    .PARENT.
323      273

# 2026-01-26 22:25:48 -03: Elite configurations (first number is the configuration ID; listed from best to worst according to the sum of ranks):
    particles topology modInfluence branching tSchedule phi1 phi2 inertia
323        56        1            1        NA        NA 2.15 2.11    0.57
355        65        1            1        NA        NA 2.28 2.13    0.62
307        50        1            1        NA        NA 2.16 1.78    0.58
369        53        1            1        NA        NA 2.44 2.28    0.57
312        54        1            1        NA        NA 2.35 2.26    0.55
# 2026-01-26 22:25:48 -03: There is not enough budget to enforce the value of nbConfigurations, returning to default behaviour nbConfigurations:5.
# Iteration: 8
# nbIterations: 8
# experimentsUsed: 3983
# timeUsed: 0
# remainingBudget: 17
# currentBudget: 17
# number of elites: 5
# nbConfigurations: 5
# 2026-01-26 22:25:48 -03: Stopped because there is not enough budget left to race more than the minimum (5).
# You may either increase the budget or set 'minNbSurvival' to a lower value.
# Iteration: 8
# nbIterations: 8
# experimentsUsed: 3983
# timeUsed: 0
# remainingBudget: 17
# currentBudget: 17
# number of elites: 5
# nbConfigurations: 5
# Total CPU user time: 26807.21, CPU sys time: 207.852, Wall-clock time: 3285.781
# 2026-01-26 22:25:48 -03: Starting post-selection:
# Configurations selected: 323, 355, 307, 369, 312, 352, 366, 367, 368, 370, 371, 372, 373, 374, 375, 376, 377.
# Pending instances: 0, 0, 0, 0, 0, 0, 0, 0, 0, 0, 0, 0, 0, 0, 0, 0, 0.
# 2026-01-26 22:25:48 -03: seed: 1400299
# Configurations: 17
# Available experiments: 17
# minSurvival: 1
# Markers:
     x No test is performed.
     c Configurations are discarded only due to capping.
     - The test is performed and some configurations are discarded.
     = The test is performed but no configuration is discarded.
     ! The test is performed and configurations could be discarded but elite configurations are preserved.
     . All alive configurations are elite and nothing is discarded.

+-+-----------+-----------+-----------+----------------+-----------+--------+-----+----+------+
| |   Instance|      Alive|       Best|       Mean best| Exp so far|  W time|  rho|KenW|  Qvar|
+-+-----------+-----------+-----------+----------------+-----------+--------+-----+----+------+
|.|         16|         17|        374|     230.9580890|          0|00:00:00|   NA|  NA|    NA|
|.|         13|         17|        374|     393.0859719|          0|00:00:00|+0.02|0.51|0.7534|
|.|         18|         17|        374|     566.5059623|          0|00:00:00|+0.09|0.40|0.9455|
|.|          7|         17|        374|     452.6049252|          0|00:00:00|+0.02|0.26|1.0051|
|.|         15|         17|        374|     1953.188674|          0|00:00:00|+0.08|0.27|0.9853|
|.|         14|         17|        374|     1678.032906|          0|00:00:00|+0.12|0.27|0.9367|
|.|          1|         17|        374|     1900.084322|          0|00:00:00|+0.15|0.27|0.8847|
|.|         17|         17|        374|     8288.696763|          0|00:00:00|+0.15|0.26|0.8486|
|.|          4|         17|        374|     7367.817367|          0|00:00:00|+0.09|0.19|0.9278|
|.|          5|         17|        374|     6690.071028|          0|00:00:00|+0.05|0.15|0.9457|
|.|         11|         17|        374|     6087.273724|          0|00:00:00|+0.03|0.11|0.9731|
|.|          9|         17|        374|     5626.576192|          0|00:00:00|+0.02|0.10|0.9590|
|.|          2|         17|        374|     12933.88747|          0|00:00:00|+0.01|0.08|0.9732|
|.|         10|         17|        374|     12011.78784|          0|00:00:00|-0.01|0.06|0.9749|
|.|          6|         17|        374|     11217.66493|          0|00:00:00|-0.03|0.04|0.9679|
|.|          8|         17|        374|     10516.82035|          0|00:00:00|-0.03|0.04|0.9649|
|.|          3|         17|        374|     9898.200280|          0|00:00:00|-0.03|0.03|0.9673|
|.|         12|         17|        374|     9350.402566|          0|00:00:00|-0.03|0.03|0.9727|
|=|         19|         17|        307|     6703.204182|         17|00:00:02|-0.03|0.02|0.9699|
+-+-----------+-----------+-----------+----------------+-----------+--------+-----+----+------+
Best-so-far configuration:         307    mean value:      6703.204182
Description of the best-so-far configuration:
    .ID. particles topology modInfluence branching tSchedule phi1 phi2 inertia
307  307        50        1            1        NA        NA 2.16 1.78    0.58
    .PARENT.
307      258

# 2026-01-26 22:25:51 -03: Elite configurations (first number is the configuration ID; listed from best to worst according to the sum of ranks):
    particles topology modInfluence branching tSchedule phi1 phi2 inertia
307        50        1            1        NA        NA 2.16 1.78    0.58
369        53        1            1        NA        NA 2.44 2.28    0.57
323        56        1            1        NA        NA 2.15 2.11    0.57
355        65        1            1        NA        NA 2.28 2.13    0.62
312        54        1            1        NA        NA 2.35 2.26    0.55
# Total CPU user time: 26827.94, CPU sys time: 208.617, Wall-clock time: 3288.403
    .ID. particles topology modInfluence branching tSchedule phi1 phi2 inertia
307  307        50        1            1        NA        NA 2.16 1.78    0.58
369  369        53        1            1        NA        NA 2.44 2.28    0.57
323  323        56        1            1        NA        NA 2.15 2.11    0.57
355  355        65        1            1        NA        NA 2.28 2.13    0.62
312  312        54        1            1        NA        NA 2.35 2.26    0.55
    .PARENT. .RANK.   .WEIGHT.
307      258    149 0.33333333
369      312    150 0.26666667
323      273    151 0.20000000
355      273    154 0.13333333
312      273    161 0.06666667
