# 2026-01-16 15:04:44 -03: Reading parameter file '/home/pestobar/Activities/irace-executions/ACOTSP/Scenarios/BL/Runs/BL_seed_1100211/parameters.txt'.
# 2026-01-16 15:04:44 -03: 1 expression(s) specifying forbidden configurations read.
# 2026-01-16 15:04:44 -03: Initialization
# Elitist race
# Elitist new instances: 1
# Elitist limit: 2
# nbIterations: 5
# minNbSurvival: 5
# nbParameters: 11
# seed: 1100211
# confidence level: 0.95
# budget: 2750
# mu: 5
# deterministic: FALSE

# 2026-01-16 15:04:44 -03: Iteration 1 of 5
# experimentsUsed: 0
# remainingBudget: 2750
# currentBudget: 550
# nbConfigurations: 91
# Markers:
     x No test is performed.
     c Configurations are discarded only due to capping.
     - The test is performed and some configurations are discarded.
     = The test is performed but no configuration is discarded.
     ! The test is performed and configurations could be discarded but elite configurations are preserved.
     . All alive configurations are elite and nothing is discarded.

+-+-----------+-----------+-----------+----------------+-----------+--------+-----+----+------+
| |   Instance|      Alive|       Best|       Mean best| Exp so far|  W time|  rho|KenW|  Qvar|
+-+-----------+-----------+-----------+----------------+-----------+--------+-----+----+------+
|x|          1|         91|          1|     32832734.00|         91|00:04:16|   NA|  NA|    NA|
|x|          2|         91|          1|     32690045.00|        182|00:03:53|+0.97|0.99|0.0009|
|x|          3|         91|          1|     32704487.00|        273|00:04:16|+0.98|0.98|0.0010|
|x|          4|         91|          1|     32677491.75|        364|00:03:43|+0.98|0.98|0.0010|
|-|          5|          5|          1|     32718543.80|        455|00:04:15|+0.48|0.58|0.3297|
+-+-----------+-----------+-----------+----------------+-----------+--------+-----+----+------+
Best-so-far configuration:           1    mean value:      32718543.80
Description of the best-so-far configuration:
  .ID. algorithm localsearch alpha beta  rho ants q0 rasrank elitistants nnls
1    1       ras           3  2.69 2.81 0.48   31 NA       8          NA   21
  dlb .PARENT.
1   1       NA

# 2026-01-16 15:25:10 -03: Elite configurations (first number is the configuration ID; listed from best to worst according to the sum of ranks):
   algorithm localsearch alpha beta  rho ants  q0 rasrank elitistants nnls dlb
1        ras           3  2.69 2.81 0.48   31  NA       8          NA   21   1
45      mmas           3  4.80 3.28 0.28   77  NA      NA          NA   46   1
15       acs           3  4.25 8.43 0.54   25 0.8      NA          NA   36   1
53       ras           3  3.08 1.71 0.25   56  NA      38          NA   48   0
51       eas           3  2.45 5.46 0.62   44  NA      NA         749   31   0
# 2026-01-16 15:25:10 -03: Iteration 2 of 5
# experimentsUsed: 455
# remainingBudget: 2295
# currentBudget: 573
# nbConfigurations: 85
# Markers:
     x No test is performed.
     c Configurations are discarded only due to capping.
     - The test is performed and some configurations are discarded.
     = The test is performed but no configuration is discarded.
     ! The test is performed and configurations could be discarded but elite configurations are preserved.
     . All alive configurations are elite and nothing is discarded.

+-+-----------+-----------+-----------+----------------+-----------+--------+-----+----+------+
| |   Instance|      Alive|       Best|       Mean best| Exp so far|  W time|  rho|KenW|  Qvar|
+-+-----------+-----------+-----------+----------------+-----------+--------+-----+----+------+
|x|          6|         85|          1|     32501503.00|         85|00:07:28|   NA|  NA|    NA|
|x|          1|         85|          1|     32667118.50|        165|00:06:41|+0.98|0.99|0.0024|
|x|          4|         85|          1|     32643581.00|        245|00:06:43|+0.97|0.98|0.0026|
|x|          2|         85|        152|     32610996.50|        325|00:06:36|+0.97|0.97|0.0028|
|-|          3|         11|          1|     32642294.00|        405|00:06:06|+0.27|0.41|0.4999|
|-|          5|          5|        152|     32669844.17|        411|00:01:44|-0.05|0.13|0.8229|
+-+-----------+-----------+-----------+----------------+-----------+--------+-----+----+------+
Best-so-far configuration:         152    mean value:      32669844.17
Description of the best-so-far configuration:
    .ID. algorithm localsearch alpha beta  rho ants   q0 rasrank elitistants
152  152       acs           3  4.83 6.06 0.68   76 0.61      NA          NA
    nnls dlb .PARENT.
152   27   0       15

# 2026-01-16 16:00:32 -03: Elite configurations (first number is the configuration ID; listed from best to worst according to the sum of ranks):
    algorithm localsearch alpha beta  rho ants   q0 rasrank elitistants nnls
152       acs           3  4.83 6.06 0.68   76 0.61      NA          NA   27
1         ras           3  2.69 2.81 0.48   31   NA       8          NA   21
100       acs           3  2.80 4.36 0.36   50 0.79      NA          NA   22
132      mmas           3  2.83 2.36 0.33   50   NA      NA          NA   39
115       acs           3  4.81 4.81 0.14   50 0.17      NA          NA   35
    dlb
152   0
1     1
100   0
132   0
115   0
# 2026-01-16 16:00:32 -03: Iteration 3 of 5
# experimentsUsed: 866
# remainingBudget: 1884
# currentBudget: 628
# nbConfigurations: 82
# Markers:
     x No test is performed.
     c Configurations are discarded only due to capping.
     - The test is performed and some configurations are discarded.
     = The test is performed but no configuration is discarded.
     ! The test is performed and configurations could be discarded but elite configurations are preserved.
     . All alive configurations are elite and nothing is discarded.

+-+-----------+-----------+-----------+----------------+-----------+--------+-----+----+------+
| |   Instance|      Alive|       Best|       Mean best| Exp so far|  W time|  rho|KenW|  Qvar|
+-+-----------+-----------+-----------+----------------+-----------+--------+-----+----+------+
|x|          7|         82|        188|     32611745.00|         82|00:06:18|   NA|  NA|    NA|
|x|          6|         82|        188|     32524426.00|        159|00:06:41|+0.95|0.97|0.0008|
|x|          4|         82|        188|     32544967.67|        236|00:06:16|+0.93|0.95|0.0009|
|x|          3|         82|          1|     32623438.25|        313|00:05:57|+0.94|0.95|0.0013|
|-|          1|         10|          1|     32665297.40|        390|00:05:57|+0.05|0.24|0.8592|
|=|          5|         10|          1|     32701539.83|        395|00:01:00|+0.03|0.19|0.8467|
|=|          2|         10|        227|     32662292.29|        400|00:00:56|+0.02|0.16|0.8883|
|=|          8|         10|        224|     32704092.75|        410|00:02:07|+0.00|0.13|0.9191|
+-+-----------+-----------+-----------+----------------+-----------+--------+-----+----+------+
Best-so-far configuration:         224    mean value:      32704092.75
Description of the best-so-far configuration:
    .ID. algorithm localsearch alpha beta  rho ants   q0 rasrank elitistants
224  224       acs           3  4.03 0.66 0.18   53 0.72      NA          NA
    nnls dlb .PARENT.
224   25   1      100

# 2026-01-16 16:35:49 -03: Elite configurations (first number is the configuration ID; listed from best to worst according to the sum of ranks):
    algorithm localsearch alpha beta  rho ants   q0 rasrank elitistants nnls
224       acs           3  4.03 0.66 0.18   53 0.72      NA          NA   25
227       ras           3  3.12 2.80 0.66   82   NA      21          NA   10
1         ras           3  2.69 2.81 0.48   31   NA       8          NA   21
228       acs           3  2.63 5.53 0.58   47 0.62      NA          NA   33
152       acs           3  4.83 6.06 0.68   76 0.61      NA          NA   27
    dlb
224   1
227   0
1     1
228   0
152   0
# 2026-01-16 16:35:49 -03: Iteration 4 of 5
# experimentsUsed: 1276
# remainingBudget: 1474
# currentBudget: 737
# nbConfigurations: 86
# Markers:
     x No test is performed.
     c Configurations are discarded only due to capping.
     - The test is performed and some configurations are discarded.
     = The test is performed but no configuration is discarded.
     ! The test is performed and configurations could be discarded but elite configurations are preserved.
     . All alive configurations are elite and nothing is discarded.

+-+-----------+-----------+-----------+----------------+-----------+--------+-----+----+------+
| |   Instance|      Alive|       Best|       Mean best| Exp so far|  W time|  rho|KenW|  Qvar|
+-+-----------+-----------+-----------+----------------+-----------+--------+-----+----+------+
|x|          9|         86|        316|     32452310.00|         86|00:04:54|   NA|  NA|    NA|
|x|          8|         86|        296|     32669790.00|        167|00:05:15|+0.83|0.92|0.0017|
|x|          2|         86|        296|     32611127.67|        248|00:05:03|+0.85|0.90|0.0017|
|x|          1|         86|        224|     32695492.00|        329|00:04:46|+0.84|0.88|0.0019|
|-|          3|         25|        297|     32695900.60|        410|00:04:39|-0.16|0.07|1.0862|
|=|          5|         25|        297|     32716081.50|        430|00:01:44|-0.07|0.11|1.0016|
|=|          6|         25|        297|     32683825.86|        450|00:01:54|-0.00|0.14|0.9383|
|=|          7|         25|        316|     32679623.88|        470|00:01:39|+0.01|0.13|0.9383|
|=|          4|         25|        297|     32673196.33|        490|00:01:36|-0.01|0.10|0.9531|
|=|         10|         25|          1|     32618564.40|        515|00:02:02|+0.02|0.12|0.9268|
+-+-----------+-----------+-----------+----------------+-----------+--------+-----+----+------+
Best-so-far configuration:           1    mean value:      32618564.40
Description of the best-so-far configuration:
  .ID. algorithm localsearch alpha beta  rho ants q0 rasrank elitistants nnls
1    1       ras           3  2.69 2.81 0.48   31 NA       8          NA   21
  dlb .PARENT.
1   1       NA

# 2026-01-16 17:09:27 -03: Elite configurations (first number is the configuration ID; listed from best to worst according to the sum of ranks):
    algorithm localsearch alpha beta  rho ants q0 rasrank elitistants nnls dlb
1         ras           3  2.69 2.81 0.48   31 NA       8          NA   21   1
301       ras           3  2.66 2.39 0.43   34 NA      11          NA   23   1
272       ras           3  3.41 3.63 0.84   64 NA      20          NA   13   0
297       ras           3  2.76 3.14 0.72   34 NA      21          NA   22   1
303       ras           3  3.65 3.41 0.64   62 NA      14          NA   11   0
# 2026-01-16 17:09:27 -03: Iteration 5 of 5
# experimentsUsed: 1791
# remainingBudget: 959
# currentBudget: 959
# nbConfigurations: 91
# Markers:
     x No test is performed.
     c Configurations are discarded only due to capping.
     - The test is performed and some configurations are discarded.
     = The test is performed but no configuration is discarded.
     ! The test is performed and configurations could be discarded but elite configurations are preserved.
     . All alive configurations are elite and nothing is discarded.

+-+-----------+-----------+-----------+----------------+-----------+--------+-----+----+------+
| |   Instance|      Alive|       Best|       Mean best| Exp so far|  W time|  rho|KenW|  Qvar|
+-+-----------+-----------+-----------+----------------+-----------+--------+-----+----+------+
|x|         11|         91|        333|     32865021.00|         91|00:03:31|   NA|  NA|    NA|
|x|          1|         91|        354|     32859280.00|        177|00:03:06|+0.63|0.81|0.0026|
|x|          3|         91|        398|     32807642.33|        263|00:02:38|+0.61|0.74|0.0028|
|x|         10|         91|        415|     32616087.00|        349|00:02:34|+0.59|0.69|0.0026|
|-|          4|         34|        398|     32610426.60|        435|00:02:41|-0.11|0.11|1.0653|
|=|          2|         34|        415|     32596888.00|        464|00:01:02|-0.09|0.10|1.0374|
|=|          6|         34|        341|     32587152.14|        493|00:00:54|-0.03|0.12|0.9959|
|=|          9|         34|        341|     32573592.00|        522|00:00:55|-0.00|0.12|0.9674|
|=|          7|         34|        341|     32583400.89|        551|00:00:52|+0.00|0.11|0.9635|
|=|          5|         34|        354|     32602829.20|        580|00:01:02|+0.02|0.11|0.9543|
|=|          8|         34|        333|     32620879.09|        609|00:01:03|+0.02|0.11|0.9474|
|=|         12|         34|        333|     32642406.83|        643|00:01:26|+0.01|0.10|0.9512|
+-+-----------+-----------+-----------+----------------+-----------+--------+-----+----+------+
Best-so-far configuration:         333    mean value:      32642406.83
Description of the best-so-far configuration:
    .ID. algorithm localsearch alpha beta rho ants q0 rasrank elitistants nnls
333  333       ras           3  3.28 5.33 0.8   81 NA      12          NA   12
    dlb .PARENT.
333   0      272

# 2026-01-16 17:31:16 -03: Elite configurations (first number is the configuration ID; listed from best to worst according to the sum of ranks):
    algorithm localsearch alpha beta  rho ants q0 rasrank elitistants nnls dlb
333       ras           3  3.28 5.33 0.80   81 NA      12          NA   12   0
398       ras           3  2.42 2.84 0.80   43 NA      21          NA   22   1
354       ras           3  2.47 0.89 0.51   31 NA      11          NA   24   1
341       ras           3  2.22 1.34 0.47   35 NA      18          NA   22   1
415       ras           3  2.62 3.21 0.36   31 NA      12          NA   20   1
# 2026-01-16 17:31:16 -03: Iteration 6 of 6
# experimentsUsed: 2434
# remainingBudget: 316
# currentBudget: 316
# nbConfigurations: 28
# Markers:
     x No test is performed.
     c Configurations are discarded only due to capping.
     - The test is performed and some configurations are discarded.
     = The test is performed but no configuration is discarded.
     ! The test is performed and configurations could be discarded but elite configurations are preserved.
     . All alive configurations are elite and nothing is discarded.

+-+-----------+-----------+-----------+----------------+-----------+--------+-----+----+------+
| |   Instance|      Alive|       Best|       Mean best| Exp so far|  W time|  rho|KenW|  Qvar|
+-+-----------+-----------+-----------+----------------+-----------+--------+-----+----+------+
|x|         13|         28|        438|     32650471.00|         28|00:01:14|   NA|  NA|    NA|
|x|          1|         28|        354|     32726544.00|         51|00:01:01|+0.58|0.79|0.3521|
|x|         12|         28|        429|     32799469.00|         74|00:00:52|+0.65|0.77|0.2878|
|x|         11|         28|        398|     32833754.00|         97|00:01:09|+0.67|0.75|0.2503|
|-|          7|         12|        354|     32793650.00|        120|00:01:02|+0.01|0.20|0.8948|
|=|          2|         12|        354|     32742760.00|        127|00:00:23|-0.00|0.16|0.8886|
|=|          4|         12|        333|     32709679.71|        134|00:00:22|-0.03|0.12|0.9025|
|=|          3|         12|        354|     32718149.25|        141|00:00:23|-0.05|0.08|0.9387|
|=|          9|         12|        354|     32694142.22|        148|00:00:20|-0.04|0.08|0.9346|
|=|         10|         12|        354|     32634655.50|        155|00:00:17|-0.04|0.06|0.9273|
|=|          5|         12|        333|     32648083.64|        162|00:00:21|-0.03|0.06|0.9231|
|=|          6|         12|        333|     32633456.50|        169|00:00:17|+0.00|0.08|0.8943|
|=|          8|         12|        333|     32650266.92|        176|00:00:29|+0.03|0.11|0.8676|
|=|         14|         12|        333|     32660966.93|        188|00:00:38|+0.01|0.08|0.8941|
+-+-----------+-----------+-----------+----------------+-----------+--------+-----+----+------+
Best-so-far configuration:         333    mean value:      32660966.93
Description of the best-so-far configuration:
    .ID. algorithm localsearch alpha beta rho ants q0 rasrank elitistants nnls
333  333       ras           3  3.28 5.33 0.8   81 NA      12          NA   12
    dlb .PARENT.
333   0      272

# 2026-01-16 17:40:11 -03: Elite configurations (first number is the configuration ID; listed from best to worst according to the sum of ranks):
    algorithm localsearch alpha beta  rho ants q0 rasrank elitistants nnls dlb
333       ras           3  3.28 5.33 0.80   81 NA      12          NA   12   0
398       ras           3  2.42 2.84 0.80   43 NA      21          NA   22   1
354       ras           3  2.47 0.89 0.51   31 NA      11          NA   24   1
424       ras           3  3.73 3.59 0.89   93 NA      11          NA   16   0
418       ras           3  2.48 0.25 0.44   34 NA      14          NA   18   1
# 2026-01-16 17:40:11 -03: Iteration 7 of 7
# experimentsUsed: 2622
# remainingBudget: 128
# currentBudget: 128
# nbConfigurations: 13
# Markers:
     x No test is performed.
     c Configurations are discarded only due to capping.
     - The test is performed and some configurations are discarded.
     = The test is performed but no configuration is discarded.
     ! The test is performed and configurations could be discarded but elite configurations are preserved.
     . All alive configurations are elite and nothing is discarded.

+-+-----------+-----------+-----------+----------------+-----------+--------+-----+----+------+
| |   Instance|      Alive|       Best|       Mean best| Exp so far|  W time|  rho|KenW|  Qvar|
+-+-----------+-----------+-----------+----------------+-----------+--------+-----+----+------+
|x|         15|         13|        398|     32823813.00|         13|00:00:40|   NA|  NA|    NA|
|x|         14|         13|        398|     32795103.00|         21|00:00:23|+0.27|0.64|0.2370|
|x|          9|         13|        398|     32704928.33|         29|00:00:24|+0.35|0.57|0.1977|
|x|          7|         13|        398|     32705139.00|         37|00:00:21|+0.39|0.54|0.1615|
|-|         11|          7|        398|     32746569.00|         45|00:00:24|-0.03|0.18|0.8697|
|=|         12|          7|        333|     32760064.83|         47|00:00:23|-0.02|0.15|0.8926|
|=|          4|          7|        333|     32713008.71|         49|00:00:17|+0.05|0.18|0.8193|
|=|         13|          7|        333|     32716956.12|         51|00:00:21|+0.00|0.12|0.8583|
|=|          3|          7|        398|     32731261.67|         53|00:00:18|-0.03|0.09|0.8683|
|=|          8|          7|        398|     32745606.40|         55|00:00:23|+0.02|0.12|0.8258|
|=|         10|          7|        333|     32671001.55|         57|00:00:21|+0.03|0.12|0.8196|
|=|          2|          7|        333|     32655399.58|         59|00:00:21|-0.02|0.07|0.8591|
|=|          1|          7|        333|     32676346.77|         61|00:00:22|-0.02|0.06|0.8743|
|=|          5|          7|        398|     32691192.64|         63|00:00:21|-0.01|0.06|0.8620|
|=|          6|          7|        333|     32671862.33|         65|00:00:21|+0.01|0.07|0.8412|
|=|         16|          7|        333|     32674327.06|         72|00:00:26|+0.00|0.06|0.8428|
+-+-----------+-----------+-----------+----------------+-----------+--------+-----+----+------+
Best-so-far configuration:         333    mean value:      32674327.06
Description of the best-so-far configuration:
    .ID. algorithm localsearch alpha beta rho ants q0 rasrank elitistants nnls
333  333       ras           3  3.28 5.33 0.8   81 NA      12          NA   12
    dlb .PARENT.
333   0      272

# 2026-01-16 17:46:23 -03: Elite configurations (first number is the configuration ID; listed from best to worst according to the sum of ranks):
    algorithm localsearch alpha beta  rho ants q0 rasrank elitistants nnls dlb
333       ras           3  3.28 5.33 0.80   81 NA      12          NA   12   0
398       ras           3  2.42 2.84 0.80   43 NA      21          NA   22   1
354       ras           3  2.47 0.89 0.51   31 NA      11          NA   24   1
418       ras           3  2.48 0.25 0.44   34 NA      14          NA   18   1
424       ras           3  3.73 3.59 0.89   93 NA      11          NA   16   0
# 2026-01-16 17:46:23 -03: Iteration 8 of 8
# experimentsUsed: 2694
# remainingBudget: 56
# currentBudget: 56
# nbConfigurations: 8
# Markers:
     x No test is performed.
     c Configurations are discarded only due to capping.
     - The test is performed and some configurations are discarded.
     = The test is performed but no configuration is discarded.
     ! The test is performed and configurations could be discarded but elite configurations are preserved.
     . All alive configurations are elite and nothing is discarded.

+-+-----------+-----------+-----------+----------------+-----------+--------+-----+----+------+
| |   Instance|      Alive|       Best|       Mean best| Exp so far|  W time|  rho|KenW|  Qvar|
+-+-----------+-----------+-----------+----------------+-----------+--------+-----+----+------+
|x|         17|          8|        448|     32661059.00|          8|00:00:23|   NA|  NA|    NA|
|x|          7|          8|        448|     32616144.00|         11|00:00:12|+0.55|0.77|0.4185|
|x|         12|          8|        447|     32711031.67|         14|00:00:11|+0.50|0.67|0.3988|
|x|          1|          8|        447|     32749000.25|         17|00:00:11|-0.08|0.19|0.8672|
|=|          9|          8|        448|     32695680.80|         20|00:00:11|-0.10|0.12|0.8829|
|=|         10|          8|        448|     32586433.17|         23|00:00:11|-0.04|0.13|0.8687|
|=|         13|          8|        448|     32603835.29|         26|00:00:15|-0.05|0.10|0.8910|
|=|         16|          8|        448|     32618270.12|         29|00:00:15|-0.02|0.11|0.8774|
|=|         11|          8|        448|     32659516.44|         32|00:00:16|-0.05|0.07|0.9195|
|=|          8|          8|        448|     32682773.20|         35|00:00:17|-0.04|0.06|0.9306|
|=|         15|          8|        448|     32693825.09|         38|00:00:16|+0.00|0.09|0.8922|
|=|         14|          8|        448|     32698541.33|         41|00:00:16|+0.01|0.10|0.8768|
|=|          3|          8|        448|     32695849.00|         44|00:00:16|+0.04|0.11|0.8547|
|=|          2|          8|        448|     32677956.64|         47|00:00:16|+0.05|0.11|0.8428|
|=|          4|          8|        448|     32662435.67|         50|00:00:14|+0.07|0.13|0.8209|
|=|          5|          8|        448|     32670971.88|         53|00:00:16|+0.06|0.12|0.8223|
|=|          6|          8|        448|     32661026.12|         56|00:00:16|+0.05|0.10|0.8294|
+-+-----------+-----------+-----------+----------------+-----------+--------+-----+----+------+
Best-so-far configuration:         448    mean value:      32661026.12
Description of the best-so-far configuration:
    .ID. algorithm localsearch alpha beta  rho ants q0 rasrank elitistants nnls
448  448       ras           3  2.41 1.05 0.51   38 NA      11          NA   23
    dlb .PARENT.
448   1      354

# 2026-01-16 17:50:43 -03: Elite configurations (first number is the configuration ID; listed from best to worst according to the sum of ranks):
    algorithm localsearch alpha beta  rho ants q0 rasrank elitistants nnls dlb
448       ras           3  2.41 1.05 0.51   38 NA      11          NA   23   1
333       ras           3  3.28 5.33 0.80   81 NA      12          NA   12   0
447       ras           3  2.34 0.98 0.44   42 NA      12          NA   18   1
398       ras           3  2.42 2.84 0.80   43 NA      21          NA   22   1
354       ras           3  2.47 0.89 0.51   31 NA      11          NA   24   1
# 2026-01-16 17:50:43 -03: Stopped because budget is exhausted
# Iteration: 9
# nbIterations: 8
# experimentsUsed: 2750
# timeUsed: 0
# remainingBudget: 0
# currentBudget: 56
# number of elites: 5
# nbConfigurations: 8
# Total CPU user time: 77303.06, CPU sys time: 262.463, Wall-clock time: 9959.126
    .ID. algorithm localsearch alpha beta  rho ants q0 rasrank elitistants nnls
448  448       ras           3  2.41 1.05 0.51   38 NA      11          NA   23
333  333       ras           3  3.28 5.33 0.80   81 NA      12          NA   12
447  447       ras           3  2.34 0.98 0.44   42 NA      12          NA   18
398  398       ras           3  2.42 2.84 0.80   43 NA      21          NA   22
354  354       ras           3  2.47 0.89 0.51   31 NA      11          NA   24
    dlb .PARENT. .RANK.   .WEIGHT.
448   1      354     53 0.33333333
333   0      272     68 0.26666667
447   1      418     72 0.20000000
398   1      297     73 0.13333333
354   1      301     78 0.06666667
