#------------------------------------------------------------------------------
# irace: An implementation in R of (Elitist) Iterated Racing
# Version: 4.2.0.9000.4117289
# Copyright (C) 2010-2025
# Manuel Lopez-Ibanez     <manuel.lopez-ibanez@manchester.ac.uk>
# Jeremie Dubois-Lacoste
# Leslie Perez Caceres    <leslie.perez.caceres@ulb.ac.be>
#
# This is free software, and you are welcome to redistribute it under certain
# conditions.  See the GNU General Public License for details. There is NO
# WARRANTY; not even for MERCHANTABILITY or FITNESS FOR A PARTICULAR PURPOSE.
#
# irace builds upon previous code from the race package:
#     race: Racing methods for the selection of the best
#     Copyright (C) 2003 Mauro Birattari
#------------------------------------------------------------------------------
# installed at: /home/pestobar/R/x86_64-redhat-linux-gnu-library/4.5/irace
# called with: --only-test configurations.txt --scenario scenario.txt
# 2026-01-31 08:19:01 -03: Checking scenario.
# 2026-01-31 08:19:01 -03: Reading parameter file '/home/pestobar/Activities/irace-executions/PSO-X/Scenarios/Best_Elites/Runs/Best_Elites_seed_1100211/parameters.txt'.
# 2026-01-31 08:19:01 -03: 2 expression(s) specifying forbidden configurations read.
## irace scenario:
scenarioFile = "/home/pestobar/Activities/irace-executions/PSO-X/Scenarios/Best_Elites/Runs/Best_Elites_seed_1100211/scenario.txt"
execDir = "/home/pestobar/Activities/irace-executions/PSO-X/Scenarios/Best_Elites/Runs/Best_Elites_seed_1100211/Results"
parameterFile = "/home/pestobar/Activities/irace-executions/PSO-X/Scenarios/Best_Elites/Runs/Best_Elites_seed_1100211/parameters.txt"
parameters = <environment>
initConfigurations = NULL
configurationsFile = ""
logFile = "/home/pestobar/Activities/irace-executions/PSO-X/Scenarios/Best_Elites/Runs/Best_Elites_seed_1100211/Results/irace.Rdata"
recoveryFile = ""
instances = c("--competition 3 --problem 0 --dimensions 30", "--competition 3 --problem 1 --dimensions 30", "--competition 3 --problem 2 --dimensions 30", "--competition 3 --problem 3 --dimensions 30", "--competition 3 --problem 4 --dimensions 30", "--competition 3 --problem 5 --dimensions 30", "--competition 3 --problem 6 --dimensions 30", "--competition 3 --problem 7 --dimensions 30", "--competition 3 --problem 8 --dimensions 30", "--competition 3 --problem 9 --dimensions 30", "--competition 3 --problem 10 --dimensions 30", "--competition 3 --problem 11 --dimensions 30", "--competition 3 --problem 12 --dimensions 30", "--competition 3 --problem 13 --dimensions 30", "--competition 3 --problem 14 --dimensions 30", "--competition 3 --problem 15 --dimensions 30", "--competition 3 --problem 16 --dimensions 30", "--competition 3 --problem 17 --dimensions 30", "--competition 3 --problem 18 --dimensions 30", "--competition 3 --problem 19 --dimensions 30", "--competition 3 --problem 20 --dimensions 30", "--competition 3 --problem 21 --dimensions 30", "--competition 3 --problem 22 --dimensions 30", "--competition 3 --problem 23 --dimensions 30", "--competition 3 --problem 24 --dimensions 30", "--competition 3 --problem 25 --dimensions 30", "--competition 3 --problem 26 --dimensions 30", "--competition 3 --problem 27 --dimensions 30", "--competition 3 --problem 28 --dimensions 30", "--competition 3 --problem 29 --dimensions 30", "--competition 3 --problem 30 --dimensions 30", "--competition 3 --problem 31 --dimensions 30", "--competition 3 --problem 32 --dimensions 30", "--competition 3 --problem 33 --dimensions 30", "--competition 3 --problem 34 --dimensions 30", "--competition 3 --problem 35 --dimensions 30", "--competition 3 --problem 36 --dimensions 30", "--competition 3 --problem 37 --dimensions 30", "--competition 3 --problem 38 --dimensions 30", "--competition 3 --problem 39 --dimensions 30", "--competition 3 --problem 40 --dimensions 30", "--competition 3 --problem 41 --dimensions 30", "--competition 3 --problem 42 --dimensions 30", "--competition 3 --problem 43 --dimensions 30", "--competition 3 --problem 44 --dimensions 30", "--competition 3 --problem 45 --dimensions 30", "--competition 3 --problem 46 --dimensions 30", "--competition 3 --problem 47 --dimensions 30", "--competition 3 --problem 48 --dimensions 30", "--competition 3 --problem 49 --dimensions 30")
trainInstancesDir = ""
trainInstancesFile = "/home/pestobar/Activities/irace-executions/PSO-X/Instances/train_MIXTURE.txt"
sampleInstances = TRUE
testInstancesDir = ""
testInstancesFile = "/home/pestobar/Activities/irace-executions/PSO-X/TestingInstances/test_MIXTURE.txt"
testInstances = c("1t" = "--competition 3 --problem 0 --dimensions 50", "2t" = "--competition 3 --problem 1 --dimensions 50", "3t" = "--competition 3 --problem 2 --dimensions 50", "4t" = "--competition 3 --problem 3 --dimensions 50", "5t" = "--competition 3 --problem 4 --dimensions 50", "6t" = "--competition 3 --problem 5 --dimensions 50", "7t" = "--competition 3 --problem 6 --dimensions 50", "8t" = "--competition 3 --problem 7 --dimensions 50", "9t" = "--competition 3 --problem 8 --dimensions 50", "10t" = "--competition 3 --problem 9 --dimensions 50", "11t" = "--competition 3 --problem 10 --dimensions 50", "12t" = "--competition 3 --problem 11 --dimensions 50", "13t" = "--competition 3 --problem 12 --dimensions 50", "14t" = "--competition 3 --problem 13 --dimensions 50", "15t" = "--competition 3 --problem 14 --dimensions 50", "16t" = "--competition 3 --problem 15 --dimensions 50", "17t" = "--competition 3 --problem 16 --dimensions 50", "18t" = "--competition 3 --problem 17 --dimensions 50", "19t" = "--competition 3 --problem 18 --dimensions 50", "20t" = "--competition 3 --problem 19 --dimensions 50", "21t" = "--competition 3 --problem 20 --dimensions 50", "22t" = "--competition 3 --problem 21 --dimensions 50", "23t" = "--competition 3 --problem 22 --dimensions 50", "24t" = "--competition 3 --problem 23 --dimensions 50", "25t" = "--competition 3 --problem 24 --dimensions 50", "26t" = "--competition 3 --problem 25 --dimensions 50", "27t" = "--competition 3 --problem 26 --dimensions 50", "28t" = "--competition 3 --problem 27 --dimensions 50", "29t" = "--competition 3 --problem 28 --dimensions 50", "30t" = "--competition 3 --problem 29 --dimensions 50", "31t" = "--competition 3 --problem 30 --dimensions 50", "32t" = "--competition 3 --problem 31 --dimensions 50", "33t" = "--competition 3 --problem 32 --dimensions 50", "34t" = "--competition 3 --problem 33 --dimensions 50", "35t" = "--competition 3 --problem 34 --dimensions 50", "36t" = "--competition 3 --problem 35 --dimensions 50", "37t" = "--competition 3 --problem 36 --dimensions 50", "38t" = "--competition 3 --problem 37 --dimensions 50", "39t" = "--competition 3 --problem 38 --dimensions 50", "40t" = "--competition 3 --problem 39 --dimensions 50", "41t" = "--competition 3 --problem 40 --dimensions 50", "42t" = "--competition 3 --problem 41 --dimensions 50", "43t" = "--competition 3 --problem 42 --dimensions 50", "44t" = "--competition 3 --problem 43 --dimensions 50", "45t" = "--competition 3 --problem 44 --dimensions 50", "46t" = "--competition 3 --problem 45 --dimensions 50", "47t" = "--competition 3 --problem 46 --dimensions 50", "48t" = "--competition 3 --problem 47 --dimensions 50", "49t" = "--competition 3 --problem 48 --dimensions 50", "50t" = "--competition 3 --problem 49 --dimensions 50")
testNbElites = 1L
testIterationElites = FALSE
testType = "friedman"
firstTest = 5L
blockSize = 1L
eachTest = 1L
targetRunner = "/home/pestobar/Activities/irace-executions/PSO-X/Scenarios/Best_Elites/Runs/Best_Elites_seed_1100211/target-runner"
targetRunnerLauncher = ""
targetCmdline = "{configurationID} {instanceID} {seed} {instance} {bound} {targetRunnerArgs}"
targetRunnerRetries = 0L
targetRunnerTimeout = 0L
targetRunnerData = ""
targetRunnerParallel = NULL
targetEvaluator = NULL
deterministic = FALSE
maxExperiments = 5500L
minExperiments = NA_character_
maxTime = 0L
budgetEstimation = 0.05
minMeasurableTime = 0.01
parallel = 10L
loadBalancing = TRUE
mpi = FALSE
batchmode = "0"
quiet = FALSE
debugLevel = 0L
seed = 1100211L
softRestart = TRUE
softRestartThreshold = 1e-04
elitist = TRUE
elitistNewInstances = 1L
elitistLimit = 2L
repairConfiguration = NULL
capping = FALSE
cappingAfterFirstTest = FALSE
cappingType = "median"
boundType = "candidate"
boundMax = NULL
boundDigits = 0L
boundPar = 1L
boundAsTimeout = TRUE
postselection = TRUE
aclib = FALSE
nbIterations = 0L
nbExperimentsPerIteration = 0L
minNbSurvival = 0L
nbConfigurations = 0L
mu = 5L
confidence = 0.95
## end of irace scenario
# 2026-01-31 08:19:01 -03: Read 80 configuration(s) from file 'configurations.txt'
# 2026-01-31 08:19:01 -03: Testing configurations (in the order given as input): 
   particles topology modInfluence branching tSchedule phi1 phi2 inertia
1         21        4            0        NA        NA 1.89 2.36    0.38
2        134        4            0        NA        NA 2.09 2.30    0.53
3          9        1            0        NA        NA 1.54 2.48    0.26
4        142        4            0        NA        NA 1.27 2.48    0.50
5         67        4            0        NA        NA 1.58 2.49    0.41
6         66        1            1        NA        NA 2.05 1.48    0.59
7         90        4            0        NA        NA 1.94 2.40    0.65
8        162        4            2        NA        NA 0.44 2.37    0.81
9         85        4            0        NA        NA 2.15 2.28    0.55
10        45        4            0        NA        NA 1.79 2.42    0.50
11        82        4            0        NA        NA 1.24 2.44    0.35
12       106        4            0        NA        NA 1.91 2.36    0.46
13        77        4            0        NA        NA 1.28 2.47    0.42
14        57        4            0        NA        NA 0.59 2.22    0.56
15        20        0            1        NA        NA 2.46 2.08    0.31
16       108        4            0        NA        NA 2.14 2.28    0.67
17       142        4            0        NA        NA 2.03 2.45    0.37
18       101        4            0        NA        NA 2.28 2.16    0.50
19         6        5            0        NA         6 2.43 2.33    0.21
20        18        0            1        NA        NA 1.86 2.30    0.24
21       149        4            0        NA        NA 1.24 2.43    0.40
22       138        4            0        NA        NA 2.42 2.48    0.58
23        15        0            1        NA        NA 1.34 2.03    0.19
24       144        4            0        NA        NA 1.96 2.47    0.60
25       119        4            0        NA        NA 0.85 2.49    0.50
26        56        1            1        NA        NA 2.15 2.11    0.57
27        76        4            0        NA        NA 2.25 2.43    0.61
28        75        4            0        NA        NA 1.87 2.34    0.55
29       165        4            0        NA        NA 2.45 2.44    0.37
30        71        4            0        NA        NA 1.86 2.42    0.65
31        92        4            0        NA        NA 1.30 2.43    0.41
32        14        4            0        NA        NA 1.38 2.15    0.26
33        80        4            0        NA        NA 1.65 2.50    0.27
34        11        4            0        NA        NA 1.41 2.38    0.48
35        40        1            1        NA        NA 2.47 2.15    0.44
36       134        4            0        NA        NA 2.01 2.42    0.53
37       102        4            0        NA        NA 2.17 2.48    0.43
38       109        4            0        NA        NA 1.97 2.44    0.56
39       162        0            0        NA        NA 1.96 2.26    0.18
40        21        0            1        NA        NA 2.25 2.32    0.22
41        38        4            0        NA        NA 2.21 1.60    0.53
42       150        4            0        NA        NA 1.95 2.33    0.58
43         4        4            2        NA        NA 1.77 2.47    0.41
44       105        4            0        NA        NA 0.43 2.38    0.25
45        75        4            0        NA        NA 2.17 2.11    0.61
46       115        1            1        NA        NA 2.36 2.43    0.66
47       115        4            0        NA        NA 2.26 2.13    0.74
48        83        4            0        NA        NA 2.38 2.39    0.11
49        38        4            0        NA        NA 2.46 1.83    0.67
50        83        4            0        NA        NA 1.42 2.41    0.70
51        79        4            0        NA        NA 1.02 2.39    0.45
52        83        4            0        NA        NA 2.35 2.47    0.44
53        25        1            0        NA        NA 1.69 2.28    0.33
54        89        4            2        NA        NA 2.41 2.46    0.72
55        25        1            2        NA        NA 2.11 2.38    0.30
56       103        4            0        NA        NA 0.96 2.24    0.45
57        84        4            0        NA        NA 2.11 2.48    0.32
58       103        4            0        NA        NA 0.50 2.49    0.48
59        28        0            0        NA        NA 1.99 1.81    0.13
60        22        1            1        NA        NA 2.31 2.37    0.25
61        47        1            0        NA        NA 2.09 2.05    0.14
62        85        4            0        NA        NA 2.11 2.33    0.54
63       104        4            0        NA        NA 2.27 2.39    0.41
64        90        4            0        NA        NA 0.31 2.31    0.15
65       113        4            0        NA        NA 2.23 2.37    0.60
66        93        4            0        NA        NA 1.89 1.55    0.42
67        53        1            0        NA        NA 2.25 2.49    0.64
68       136        4            2        NA        NA 1.47 2.26    0.82
69        58        0            0        NA        NA 1.01 1.62    0.12
70        91        4            0        NA        NA 2.43 2.31    0.50
71        68        4            0        NA        NA 0.99 2.49    0.28
72        21        4            0        NA        NA 2.30 2.28    0.31
73       113        4            0        NA        NA 2.17 2.37    0.39
74       167        4            2        NA        NA 1.24 2.46    0.63
75       153        4            0        NA        NA 1.84 2.45    0.31
76        90        4            0        NA        NA 1.66 2.30    0.57
77        84        4            0        NA        NA 0.78 2.24    0.29
78       135        4            0        NA        NA 1.32 2.29    0.57
79        88        0            0        NA        NA 1.68 2.50    0.22
80       200        4            2        NA        NA 2.48 2.31    0.64
# 2026-01-31 11:02:02 -03: Testing results (column number is configuration ID in no particular order):
         seeds            1            2            3            4            5
1t  1675996564 8.586813e-01 1.583024e+00 8.531572e-01 1.679802e+00 1.022577e+00
2t  1149394800 4.601813e+06 2.145050e+07 4.042428e+06 1.357042e+07 8.962967e+06
3t  1566599951 1.482940e+06 2.551350e+06 1.347150e+06 2.328305e+06 1.825399e+06
4t   770146679 8.585594e+04 1.295274e+05 7.504241e+04 1.218839e+05 1.229433e+05
5t   193675379 1.723817e+01 2.306960e+01 1.135161e+01 2.056129e+01 3.682172e+01
6t   332502587 5.672993e+00 3.648655e+02 3.589900e+00 4.271361e+02 8.048035e+01
7t    49968092 6.052735e+03 5.712754e+03 5.243309e+03 3.858933e+03 4.736086e+03
8t  1723902736 5.179567e+00 6.625496e+00 5.208244e+00 6.923864e+00 5.982340e+00
9t  1151181182 3.094062e+02 2.391534e+02 3.535546e+02 2.878914e+02 2.753917e+02
10t  456232896 2.450505e+01 3.072129e+01 2.463251e+01 2.948531e+01 2.872888e+01
11t 1236860282 2.752568e+02 2.278381e+02 3.096246e+02 2.514059e+02 2.687698e+02
12t 1212429916 8.534569e+03 2.770293e+02 7.295483e+03 3.083952e+02 2.115531e+02
13t 2071984549 2.010287e+01 1.664881e+00 2.024582e+01 1.642457e+00 1.406726e+00
14t 2097252631 2.093854e+01 2.116382e+01 2.079405e+01 2.100156e+01 2.090081e+01
15t 1058158602 4.358537e+02 2.240604e+02 2.644292e+03 2.843077e+02 1.609213e+02
16t  448169388 4.801027e+01 4.897029e+01 4.708535e+01 4.894917e+01 4.885837e+01
17t  322419033 5.791927e-02 4.635013e-01 1.180380e-01 8.116546e-01 1.698933e-01
18t  345580253 8.600210e-01 9.572051e-01 8.691370e-01 9.813781e-01 9.152934e-01
19t 1830162491 6.686025e+02 4.794655e+02 6.235416e+02 4.452758e+02 4.918589e+02
20t 1294938150 5.630829e+02 3.147561e+02 5.299698e+02 2.156909e+02 3.803517e+02
21t 1201845635 2.874964e+04 2.751984e+04 3.049009e+04 2.736939e+04 2.847053e+04
22t 2133386071 2.896225e+04 2.868073e+04 3.059352e+04 2.867236e+04 2.855333e+04
23t 1497277617 6.155322e+01 4.131715e+01 5.889252e+01 5.109159e+01 5.176809e+01
24t  142445145 5.046374e-01 7.757794e-01 8.176382e-01 7.743481e-01 7.461163e-01
25t 1912111924 8.103012e-01 6.090439e-01 7.785295e-01 6.308993e-01 6.409315e-01
26t 2111977860 3.509385e-01 3.605590e-01 2.845889e-01 3.154465e-01 3.847109e-01
27t  931191586 1.142933e+02 5.666880e+01 1.027601e+02 6.764225e+01 1.154654e+02
28t 1890785339 2.464833e+02 2.502801e+02 2.319817e+02 2.520040e+02 2.164999e+02
29t 1261663312 3.752450e+02 2.497861e+02 4.185319e+02 3.074071e+02 3.111931e+02
30t  854287204 8.458274e+00 1.207167e+01 1.253559e+01 1.246972e+01 1.182766e+01
31t  953459085 2.519053e+02 1.472673e+02 2.228412e+02 1.524615e+02 1.884098e+02
32t 1358275791 1.358863e+03 3.360530e+02 3.143103e+02 3.077468e+02 3.975679e+02
33t 1211847765 1.396279e+02 8.990883e+01 1.634728e+02 9.650699e+01 1.010567e+02
34t  384847548 3.924007e+01 2.321071e+01 3.303529e+01 2.613594e+01 2.584377e+01
35t 1112128096 1.335202e+04 1.267772e+04 1.339050e+04 1.242282e+04 1.318134e+04
36t  662100310 1.729976e+05 1.729143e+05 1.860165e+05 2.187331e+05 2.126052e+05
37t 1879405070 6.019382e+01 6.168181e+01 6.121680e+01 6.026336e+01 5.728634e+01
38t  682335353 2.166823e+05 2.015681e+05 3.607218e+05 2.850239e+05 3.287419e+05
39t 1219661684 7.107821e+00 6.994191e+00 6.519666e+00 6.042889e+00 5.418000e+00
40t 1432937904 5.237637e+01 4.173960e+01 4.826530e+01 2.875215e+01 6.181710e+01
41t  910850161 4.482013e+02 4.500104e+02 8.153834e+02 4.494612e+02 4.482935e+02
42t  396447867 3.592012e+02 3.180823e+02 4.271570e+02 3.207379e+02 2.809962e+02
43t 1364459665 5.391890e+02 3.872348e+02 5.339432e+02 3.308974e+02 4.107037e+02
44t   26495916 9.393235e+02 9.296950e+02 9.428383e+02 9.343091e+02 9.273342e+02
45t 2086296478 9.393750e+02 9.323693e+02 9.336940e+02 9.303762e+02 9.271067e+02
46t  367667737 9.431846e+02 9.397806e+02 9.328209e+02 9.244010e+02 9.374631e+02
47t 1495294975 5.372447e+02 1.024495e+03 1.186031e+03 1.021964e+03 1.021291e+03
48t 2118679255 1.061819e+03 9.955455e+02 1.089810e+03 9.183817e+02 9.564426e+02
49t  446670627 1.028835e+03 1.019151e+03 1.203493e+03 1.026040e+03 5.610554e+02
50t  403092637 9.450022e+02 9.014048e+02 1.209164e+03 9.191407e+02 1.163380e+03
               6            7            8            9           10
1t  1.139521e+00 1.793428e+00 3.133046e+00 1.287124e+00 1.184095e+00
2t  6.939116e+06 1.942301e+07 9.423340e+06 1.235220e+07 8.339038e+06
3t  2.258483e+06 3.086535e+06 5.435242e+06 2.320469e+06 1.882277e+06
4t  1.551879e+05 1.176397e+05 1.461393e+05 1.285700e+05 1.285335e+05
5t  5.530982e+01 4.783410e+00 1.067805e+01 3.160290e+01 2.414540e+01
6t  1.448771e+02 2.613002e+02 2.622235e+02 1.440353e+02 2.178074e+01
7t  5.437960e+03 3.315044e+03 2.061471e+03 3.745878e+03 3.114809e+03
8t  6.465980e+00 6.087502e+00 9.944487e+00 6.041570e+00 6.077505e+00
9t  3.773062e+02 2.192327e+02 4.802228e+01 2.788111e+02 2.682570e+02
10t 2.795028e+01 3.406099e+01 3.840572e+01 3.067729e+01 2.970587e+01
11t 3.814485e+02 2.437449e+02 1.588467e+02 2.530782e+02 2.816863e+02
12t 2.885216e+04 2.847786e+02 3.422371e+03 6.489794e+02 1.478970e+02
13t 2.040419e+01 1.938925e+00 2.402392e+00 1.620471e+00 1.469099e+00
14t 2.120573e+01 2.111750e+01 2.119104e+01 2.112207e+01 2.102199e+01
15t 1.812939e+02 5.202404e+02 3.861733e+02 2.013487e+02 5.157454e+02
16t 4.929811e+01 4.924101e+01 4.914539e+01 4.822330e+01 4.833761e+01
17t 3.887609e+02 1.048005e+00 1.251720e-01 1.681018e-01 2.456885e-01
18t 9.462087e-01 9.997516e-01 1.048180e+00 9.546093e-01 9.257996e-01
19t 1.489259e+03 3.879078e+02 3.653332e+02 4.651648e+02 5.005846e+02
20t 7.025984e+02 2.174776e+02 2.692979e+02 2.770574e+02 3.472765e+02
21t 3.412126e+04 2.672202e+04 3.125545e+04 2.867730e+04 2.873942e+04
22t 3.458611e+04 2.847845e+04 3.174607e+04 2.828377e+04 2.898206e+04
23t 6.846109e+01 4.118300e+01 4.639102e+01 5.176156e+01 5.162623e+01
24t 3.845366e+00 6.507889e-01 3.054916e+00 1.089478e+00 7.975604e-01
25t 6.193652e-01 6.617072e-01 4.598470e-01 6.920688e-01 6.465113e-01
26t 2.758789e-01 3.140476e-01 3.037763e-01 3.517063e-01 2.570144e-01
27t 4.086436e+01 9.327278e+01 4.559315e+01 8.699789e+01 1.110033e+02
28t 1.891622e+02 2.685159e+02 3.719295e+02 2.226201e+02 2.378759e+02
29t 4.537797e+02 2.726796e+02 2.849987e+02 3.376642e+02 2.630238e+02
30t 1.553270e+01 1.360296e+01 1.556817e+01 1.121712e+01 1.213651e+01
31t 1.048218e+02 1.174409e+02 1.255612e+02 1.856492e+02 2.232413e+02
32t 3.384856e+02 3.339920e+02 3.086646e+02 2.647629e+02 3.071486e+02
33t 1.450607e+02 1.100878e+02 9.800322e+01 1.055359e+02 9.825878e+01
34t 2.919630e+01 3.059656e+01 3.353003e+01 2.429741e+01 2.572210e+01
35t 1.404546e+04 1.246392e+04 1.235908e+04 1.273150e+04 1.242369e+04
36t 1.818741e+05 2.628931e+05 3.066818e+05 2.461224e+05 2.391564e+05
37t 6.607575e+01 6.017484e+01 5.830615e+01 6.052985e+01 5.912205e+01
38t 1.757419e+05 2.882417e+05 1.665969e+05 2.647291e+05 3.197161e+05
39t 5.102961e+00 5.581582e+00 6.005423e+00 5.857871e+00 5.616739e+00
40t 9.032518e+02 2.253984e+01 2.070759e+01 6.574583e+01 4.880482e+01
41t 4.500915e+02 4.520450e+02 4.565791e+02 4.495836e+02 4.484073e+02
42t 3.289094e+02 2.874592e+02 2.672109e+02 2.775108e+02 3.676659e+02
43t 4.728413e+02 4.035733e+02 3.145014e+02 3.606458e+02 4.629922e+02
44t 9.544582e+02 9.205619e+02 9.285534e+02 9.270580e+02 9.401423e+02
45t 9.408632e+02 9.224986e+02 9.366085e+02 9.371615e+02 9.308426e+02
46t 9.511567e+02 9.370000e+02 9.288717e+02 9.406253e+02 9.476867e+02
47t 5.422212e+02 1.021302e+03 6.137674e+02 1.021030e+03 5.425643e+02
48t 1.204659e+03 9.458743e+02 9.269497e+02 9.328749e+02 9.550945e+02
49t 5.720697e+02 1.020470e+03 6.094041e+02 1.020973e+03 1.022441e+03
50t 1.267742e+03 9.162633e+02 4.236935e+02 9.601447e+02 9.330272e+02
              11           12           13           14           15
1t  1.109383e+00 1.291734e+00 1.228731e+00 1.939466e+00 6.032807e-01
2t  1.348153e+07 2.586941e+07 1.481789e+07 6.716698e+06 1.942825e+06
3t  1.813347e+06 2.169871e+06 2.005258e+06 2.856370e+06 9.616995e+05
4t  1.445606e+05 1.333711e+05 1.189367e+05 8.305219e+04 1.685859e+05
5t  4.487780e+01 2.729075e+01 3.828280e+01 1.169610e+01 3.655433e+01
6t  1.515172e+02 2.831145e+02 1.109240e+02 3.486898e+01 4.059556e+00
7t  4.210941e+03 4.017909e+03 4.481938e+03 3.788388e+03 1.607032e+04
8t  5.772053e+00 5.611067e+00 5.928950e+00 8.074033e+00 3.924842e+00
9t  3.202039e+02 3.046849e+02 3.150058e+02 2.574089e+02 4.591697e+02
10t 2.859656e+01 2.725804e+01 2.985877e+01 3.401186e+01 1.841154e+01
11t 2.757373e+02 2.847078e+02 2.925051e+02 2.680294e+02 3.086917e+02
12t 1.677980e+04 5.886588e+02 2.951215e+02 2.448078e+02 1.254997e+04
13t 1.499857e+00 1.394342e+00 1.508681e+00 2.030811e+00 1.983863e+01
14t 2.102561e+01 2.105450e+01 2.104074e+01 2.107584e+01 2.107176e+01
15t 1.643272e+02 7.652790e+02 3.124330e+02 6.710291e+02 1.044852e+02
16t 4.867012e+01 4.711493e+01 4.793522e+01 4.924175e+01 4.923567e+01
17t 1.131163e+00 4.837286e-01 1.891818e-01 7.956127e-02 1.284704e+02
18t 9.312618e-01 9.696765e-01 9.525838e-01 1.013466e+00 6.523739e-01
19t 4.426479e+02 5.232690e+02 4.873616e+02 4.331927e+02 5.164303e+03
20t 3.910027e+02 3.047061e+02 3.039074e+02 2.395849e+02 6.312924e+02
21t 2.859104e+04 2.768188e+04 2.703380e+04 2.877690e+04 3.861920e+04
22t 2.864389e+04 2.899752e+04 2.770507e+04 2.826421e+04 3.763153e+04
23t 5.191151e+01 4.889025e+01 5.347441e+01 4.412268e+01 8.419017e+01
24t 5.767225e-01 6.314267e-01 7.568330e-01 7.176526e-01 4.590872e+00
25t 6.052607e-01 6.173125e-01 6.123379e-01 5.731970e-01 5.790224e-01
26t 3.141531e-01 3.142772e-01 2.307001e-01 3.259734e-01 2.757140e-01
27t 9.503593e+01 6.575771e+01 1.053184e+02 8.986936e+01 5.506679e+01
28t 2.392798e+02 2.111237e+02 2.489035e+02 3.219876e+02 1.580260e+02
29t 3.530263e+02 3.190169e+02 3.116773e+02 2.833967e+02 4.363161e+02
30t 1.474796e+01 1.078818e+01 1.175732e+01 1.402412e+01 1.706187e+01
31t 2.152231e+02 1.781945e+02 1.925789e+02 2.332912e+02 1.233610e+02
32t 3.055251e+02 3.204007e+02 2.514414e+02 3.532269e+02 3.935287e+02
33t 9.626797e+01 1.112353e+02 1.018205e+02 1.195814e+02 1.423982e+02
34t 2.562310e+01 2.531388e+01 2.463809e+01 2.786124e+01 2.519605e+01
35t 1.323339e+04 1.269546e+04 1.273596e+04 1.265159e+04 1.739997e+04
36t 2.055205e+05 1.955092e+05 1.465109e+05 2.527944e+05 1.293249e+05
37t 5.713161e+01 6.097707e+01 5.655911e+01 5.550717e+01 6.354068e+01
38t 2.214284e+05 1.988382e+05 2.159169e+05 3.846334e+05 1.455941e+05
39t 5.472860e+00 5.915646e+00 4.983638e+00 6.487106e+00 5.458755e+00
40t 8.143599e+01 9.288239e+01 7.672822e+01 2.293184e+01 7.964864e+02
41t 4.476797e+02 4.493676e+02 4.487405e+02 4.507664e+02 1.039293e+03
42t 4.277635e+02 3.076682e+02 2.807073e+02 2.918564e+02 4.055524e+02
43t 4.476692e+02 4.008512e+02 4.190735e+02 2.855827e+02 5.767649e+02
44t 9.373422e+02 9.329497e+02 9.426832e+02 9.308133e+02 9.249831e+02
45t 9.360204e+02 9.327491e+02 9.394563e+02 9.359550e+02 9.249572e+02
46t 9.270810e+02 9.364239e+02 9.379435e+02 9.314510e+02 9.217420e+02
47t 5.395797e+02 5.433595e+02 5.351655e+02 1.023029e+03 1.210577e+03
48t 9.959164e+02 9.412228e+02 1.000623e+03 9.366378e+02 1.328328e+03
49t 1.026194e+03 1.025728e+03 1.020331e+03 1.024997e+03 1.241155e+03
50t 9.848359e+02 9.795939e+02 9.701790e+02 9.075239e+02 1.334546e+03
              16           17           18           19           20
1t  2.490901e+00 1.125197e+00 1.304236e+00 7.778222e-01 6.537411e-01
2t  1.861013e+07 1.710724e+07 3.294648e+07 2.686654e+06 1.874778e+06
3t  3.783151e+06 1.759625e+06 2.184114e+06 1.105529e+06 8.620215e+05
4t  1.311734e+05 1.480005e+05 1.407208e+05 6.782758e+04 1.598150e+05
5t  4.858161e+00 4.010048e+01 4.190578e+01 4.031419e+00 3.753006e+01
6t  4.926263e+02 3.828080e+02 1.966017e+02 3.067108e+00 2.740391e+00
7t  2.730466e+03 3.944775e+03 3.210052e+03 4.325146e+03 1.180975e+04
8t  8.338174e+00 5.544893e+00 6.228280e+00 5.060369e+00 4.231033e+00
9t  2.757994e+02 2.839139e+02 2.748704e+02 3.592404e+02 4.370522e+02
10t 3.418235e+01 2.787931e+01 2.890054e+01 2.273906e+01 1.879989e+01
11t 2.571624e+02 2.777056e+02 2.793692e+02 3.432485e+02 3.983959e+02
12t 2.659905e+02 1.176486e+04 6.273601e+02 6.618681e+03 1.116875e+04
13t 1.968645e+00 2.155833e+00 1.409620e+00 2.030442e+01 1.993109e+01
14t 2.109520e+01 2.101712e+01 2.113086e+01 2.121271e+01 2.112729e+01
15t 2.788326e+02 1.904090e+02 3.264194e+02 1.223280e+02 1.018697e+02
16t 4.832285e+01 7.876406e+01 4.931233e+01 4.432733e+01 4.923678e+01
17t 6.770312e-01 1.242835e+00 3.512774e+00 2.496044e-02 2.031078e+02
18t 1.024024e+00 9.017566e-01 9.762033e-01 7.964542e-01 6.550725e-01
19t 3.813600e+02 5.458168e+02 4.597741e+02 7.205400e+02 4.516567e+03
20t 2.357752e+02 2.737649e+02 3.626325e+02 7.656933e+02 6.501017e+02
21t 2.775954e+04 2.807757e+04 2.801059e+04 2.862501e+04 3.880916e+04
22t 2.783793e+04 2.845348e+04 2.796953e+04 2.935616e+04 3.906971e+04
23t 4.141036e+01 4.274663e+01 5.215684e+01 5.902510e+01 8.371620e+01
24t 8.904624e-01 4.719324e-01 8.009311e-01 7.200511e-01 4.381199e+00
25t 5.571830e-01 5.500989e-01 7.261359e-01 7.113323e-01 6.107925e-01
26t 2.970627e-01 3.287935e-01 3.054729e-01 3.074211e-01 2.555867e-01
27t 5.662929e+01 6.566134e+01 7.561098e+01 1.086576e+02 5.046133e+01
28t 2.649640e+02 2.318237e+02 2.432142e+02 2.189776e+02 1.451399e+02
29t 2.867988e+02 3.163234e+02 3.351458e+02 4.731379e+02 4.497367e+02
30t 1.309807e+01 1.240988e+01 1.135082e+01 1.269162e+01 1.030390e+01
31t 1.627134e+02 1.566289e+02 1.690596e+02 2.126075e+02 1.224399e+02
32t 3.644425e+02 3.496085e+02 3.193468e+02 9.356093e+02 4.259983e+02
33t 1.088254e+02 1.065439e+02 1.047274e+02 2.310482e+02 1.589767e+02
34t 2.776823e+01 2.507510e+01 2.558818e+01 2.054600e+01 2.831469e+01
35t 1.243801e+04 1.262524e+04 1.262546e+04 1.357351e+04 1.768130e+04
36t 3.120423e+05 1.630482e+05 2.206288e+05 2.031281e+05 1.112795e+05
37t 5.957204e+01 5.785179e+01 6.002999e+01 7.084562e+01 5.678817e+01
38t 2.348124e+05 1.861374e+05 2.451697e+05 1.677262e+05 1.666372e+05
39t 6.383258e+00 6.636302e+00 5.448004e+00 6.432233e+00 5.248278e+00
40t 3.149910e+01 5.659010e+01 4.342275e+01 8.573408e+01 7.771289e+02
41t 4.521438e+02 4.478041e+02 4.475906e+02 6.925455e+02 1.013139e+03
42t 3.436032e+02 3.331097e+02 3.577361e+02 9.019384e+02 4.263793e+02
43t 3.674911e+02 4.460211e+02 3.762092e+02 4.562575e+02 5.570524e+02
44t 9.227704e+02 9.378002e+02 9.337185e+02 9.331807e+02 9.218374e+02
45t 9.291397e+02 9.349772e+02 9.380934e+02 1.154787e+03 9.246572e+02
46t 9.295878e+02 9.386648e+02 9.306397e+02 9.294327e+02 9.251637e+02
47t 1.021131e+03 5.400763e+02 1.023610e+03 5.289902e+02 1.284121e+03
48t 9.310431e+02 9.335002e+02 9.428943e+02 1.369677e+03 1.332897e+03
49t 1.020477e+03 5.655742e+02 1.019421e+03 1.203237e+03 1.276647e+03
50t 8.983071e+02 9.621832e+02 9.533168e+02 1.130181e+03 1.353711e+03
              21           22           23           24           25
1t  1.283091e+00 1.602276e+00 6.151126e-01 2.046978e+00 1.628126e+00
2t  1.972460e+07 3.616676e+07 1.844419e+06 2.995623e+07 1.382286e+07
3t  2.369761e+06 3.027154e+06 7.773464e+05 3.542747e+06 3.057667e+06
4t  1.354716e+05 1.418056e+05 1.720553e+05 1.328706e+05 1.216095e+05
5t  3.063631e+01 8.780435e+00 3.366467e+01 7.407474e+00 1.637071e+01
6t  3.734527e+02 4.939470e+02 3.016413e+00 4.183531e+02 3.681630e+02
7t  3.870045e+03 3.269825e+03 1.214097e+04 3.464279e+03 3.257653e+03
8t  6.003705e+00 6.935217e+00 4.441789e+00 6.974757e+00 6.744600e+00
9t  2.936931e+02 2.297847e+02 4.355638e+02 2.715579e+02 2.807081e+02
10t 2.743854e+01 2.999637e+01 1.878423e+01 3.097581e+01 3.189142e+01
11t 2.640207e+02 2.157136e+02 4.082742e+02 2.495266e+02 2.485193e+02
12t 1.311864e+04 2.433980e+02 1.016493e+04 2.867277e+02 3.324847e+02
13t 1.536758e+00 1.657074e+00 1.987291e+01 1.769577e+00 1.795944e+00
14t 2.099563e+01 2.111858e+01 2.115344e+01 2.114448e+01 2.102257e+01
15t 3.120357e+02 2.537307e+02 3.229874e+02 2.496895e+02 3.437175e+02
16t 4.932153e+01 4.889834e+01 4.915818e+01 4.991720e+01 4.857397e+01
17t 8.941045e-01 5.517370e-01 2.221917e+02 6.738998e-01 1.956142e-01
18t 9.595936e-01 9.984499e-01 6.423805e-01 1.020563e+00 1.015496e+00
19t 5.406561e+02 4.513851e+02 4.941859e+03 4.285604e+02 3.762452e+02
20t 3.338220e+02 2.720455e+02 6.661330e+02 2.238501e+02 2.612061e+02
21t 2.738525e+04 2.855521e+04 2.903938e+04 2.714527e+04 2.734961e+04
22t 2.872014e+04 2.742777e+04 3.771533e+04 2.792394e+04 2.814253e+04
23t 4.908148e+01 4.090415e+01 8.431343e+01 4.410274e+01 4.030934e+01
24t 7.087770e-01 8.308991e-01 8.416945e-01 6.892790e-01 7.339638e-01
25t 5.996301e-01 5.292771e-01 6.135112e-01 5.395120e-01 4.009016e-01
26t 3.116826e-01 3.757666e-01 2.678489e-01 3.193451e-01 3.470800e-01
27t 9.093139e+01 5.117741e+01 5.247467e+01 7.970902e+01 6.151624e+01
28t 3.763556e+02 2.279943e+02 1.403019e+02 2.543719e+02 2.673118e+02
29t 3.530734e+02 2.543916e+02 4.587508e+02 3.135122e+02 2.728400e+02
30t 1.096844e+01 1.183287e+01 8.277081e+02 1.220003e+01 1.237969e+01
31t 1.444871e+02 1.694247e+02 1.141968e+02 1.797366e+02 1.480930e+02
32t 2.776224e+02 3.498120e+02 4.781867e+02 3.340162e+02 2.866849e+02
33t 9.627838e+01 9.416603e+01 2.010799e+02 1.023891e+02 1.059766e+02
34t 2.479301e+01 2.525708e+01 2.506727e+01 2.755349e+01 2.796934e+01
35t 1.263700e+04 1.240761e+04 1.743265e+04 1.252361e+04 1.252814e+04
36t 1.887801e+05 1.907287e+05 1.129400e+05 2.365532e+05 2.218684e+05
37t 5.898548e+01 5.989681e+01 5.764555e+01 6.032192e+01 5.705748e+01
38t 2.251452e+05 1.857304e+05 1.681737e+05 2.773920e+05 2.560736e+05
39t 6.563417e+00 6.290039e+00 5.428098e+00 6.554079e+00 6.023849e+00
40t 4.812264e+01 3.218649e+01 6.023007e+02 2.212765e+01 2.550887e+01
41t 4.490338e+02 4.196154e+02 9.664482e+02 4.233271e+02 4.510369e+02
42t 3.175761e+02 3.166710e+02 4.262115e+02 2.818298e+02 3.461277e+02
43t 3.674634e+02 3.248655e+02 4.851409e+02 3.469791e+02 3.232156e+02
44t 9.310970e+02 9.283123e+02 9.249147e+02 9.322568e+02 9.243076e+02
45t 9.308351e+02 9.253871e+02 9.251296e+02 9.263690e+02 9.280175e+02
46t 9.278552e+02 9.311131e+02 9.237424e+02 9.288683e+02 9.335323e+02
47t 1.026210e+03 5.516576e+02 1.235770e+03 1.022375e+03 1.025714e+03
48t 9.537091e+02 9.413249e+02 1.284354e+03 9.275307e+02 9.242744e+02
49t 1.026034e+03 5.936605e+02 1.247444e+03 1.020343e+03 1.021429e+03
50t 9.545265e+02 9.250626e+02 1.324194e+03 9.035590e+02 9.083544e+02
              26           27           28           29           30
1t  1.168930e+00 1.495236e+00 1.456078e+00 1.114359e+00 1.772768e+00
2t  4.620261e+06 1.578942e+07 7.465963e+06 2.588540e+07 1.559901e+07
3t  1.890981e+06 2.356897e+06 2.467707e+06 3.125093e+06 2.933654e+06
4t  1.614498e+05 1.211970e+05 1.182303e+05 1.605107e+05 9.396051e+04
5t  5.615685e+01 2.886730e+01 1.248807e+01 2.972371e+01 1.328861e+01
6t  9.033317e+01 1.217398e+02 9.137504e+01 4.617672e+02 1.006773e+02
7t  4.285598e+03 3.480345e+03 3.531854e+03 6.196643e+03 2.297463e+03
8t  5.891281e+00 6.876788e+00 6.330284e+00 5.414209e+00 7.458085e+00
9t  3.685991e+02 2.679596e+02 2.362800e+02 2.951425e+02 2.698006e+02
10t 2.764135e+01 3.135543e+01 3.024871e+01 2.832651e+01 3.016936e+01
11t 3.779908e+02 2.535551e+02 2.796678e+02 2.733140e+02 2.094687e+02
12t 2.633264e+04 2.111273e+02 2.393932e+02 1.372227e+04 2.024314e+02
13t 2.031406e+01 1.625855e+00 1.608387e+00 1.321125e+00 1.832775e+00
14t 2.113325e+01 2.113417e+01 2.109849e+01 2.109539e+01 2.100810e+01
15t 1.693334e+02 2.327609e+02 4.475751e+02 2.039763e+02 2.661822e+02
16t 4.926839e+01 4.791105e+01 1.040582e+02 9.537389e+01 4.832515e+01
17t 2.659562e+02 8.968292e-02 9.846807e-02 5.207846e-01 9.259518e-02
18t 9.186572e-01 9.910508e-01 9.839186e-01 9.377208e-01 1.003868e+00
19t 1.525052e+03 3.551251e+02 4.001195e+02 5.311619e+02 3.602650e+02
20t 6.789598e+02 2.371079e+02 3.197660e+02 3.381837e+02 2.676519e+02
21t 3.474173e+04 2.801289e+04 2.802573e+04 2.806461e+04 2.817246e+04
22t 3.602879e+04 2.801805e+04 2.828477e+04 2.895764e+04 2.881013e+04
23t 6.562200e+01 5.258018e+01 5.242679e+01 5.169252e+01 5.134158e+01
24t 2.712749e+00 7.384185e-01 8.822522e-01 6.653532e-01 8.529059e-01
25t 6.393044e-01 7.532122e-01 7.181425e-01 5.282163e-01 5.863298e-01
26t 2.966686e-01 3.408935e-01 3.072717e-01 3.384899e-01 3.679427e-01
27t 4.699239e+01 8.242482e+01 7.829387e+01 6.321739e+01 9.440715e+01
28t 1.615993e+02 2.656101e+02 2.167982e+02 2.277716e+02 2.526400e+02
29t 4.143210e+02 2.691670e+02 3.454320e+02 3.136357e+02 2.869126e+02
30t 1.345083e+01 1.155870e+01 1.219409e+01 1.314093e+01 1.249686e+01
31t 1.171977e+02 1.747084e+02 2.078848e+02 1.724169e+02 1.791121e+02
32t 2.988152e+02 2.667321e+02 3.138796e+02 3.098058e+02 3.294738e+02
33t 1.376385e+02 9.952262e+01 1.137289e+02 1.093163e+02 9.814123e+01
34t 2.723966e+01 2.472508e+01 2.552295e+01 2.414587e+01 2.811257e+01
35t 1.384395e+04 1.269981e+04 1.274100e+04 1.272662e+04 1.253778e+04
36t 1.638545e+05 2.439628e+05 2.377879e+05 1.584808e+05 2.466402e+05
37t 6.531183e+01 5.909041e+01 5.940311e+01 6.166963e+01 5.829107e+01
38t 1.680172e+05 2.860726e+05 2.820870e+05 2.014996e+05 3.555587e+05
39t 5.197724e+00 6.588772e+00 5.062973e+00 4.942260e+00 5.274316e+00
40t 8.148283e+02 3.302734e+01 3.407698e+01 5.865404e+01 2.994374e+01
41t 4.482886e+02 4.492674e+02 4.496041e+02 4.479269e+02 4.506131e+02
42t 3.519422e+02 2.774773e+02 3.364287e+02 4.149054e+02 4.309910e+02
43t 3.861545e+02 3.500899e+02 3.795584e+02 4.664675e+02 3.457960e+02
44t 9.314037e+02 9.288273e+02 9.294408e+02 9.379226e+02 9.206744e+02
45t 9.413728e+02 9.320952e+02 9.344701e+02 9.393332e+02 9.220066e+02
46t 9.501848e+02 9.279338e+02 9.297797e+02 9.392762e+02 9.260924e+02
47t 5.431293e+02 1.021404e+03 1.024302e+03 5.364560e+02 1.018686e+03
48t 1.212146e+03 9.273123e+02 9.714519e+02 9.674490e+02 9.327372e+02
49t 5.652236e+02 1.020389e+03 1.020787e+03 1.022042e+03 1.018931e+03
50t 1.243909e+03 9.085324e+02 9.152238e+02 1.065622e+03 9.030814e+02
              31           32           33           34           35
1t  8.387416e-01 8.153916e-01 8.580132e-01 1.245058e+00 8.152191e-01
2t  1.299592e+07 3.584853e+06 1.539194e+07 3.632624e+06 3.637158e+06
3t  2.096667e+06 1.338796e+06 1.398565e+06 1.816796e+06 1.397523e+06
4t  1.340895e+05 4.932117e+04 1.335955e+05 7.583630e+04 1.397931e+05
5t  3.777998e+01 1.107533e+01 4.844585e+01 1.041530e+01 5.066593e+01
6t  2.380101e+02 4.489554e+00 7.058283e+01 4.590304e+00 3.482107e+01
7t  4.809138e+03 3.874231e+03 4.641781e+03 3.194818e+03 8.121036e+03
8t  6.188056e+00 5.177457e+00 5.253431e+00 6.061061e+00 4.997900e+00
9t  3.011959e+02 3.267268e+02 3.087011e+02 3.295049e+02 3.922066e+02
10t 2.794694e+01 2.406277e+01 2.613389e+01 2.853009e+01 2.430965e+01
11t 2.949705e+02 3.086093e+02 2.933465e+02 2.990155e+02 3.725946e+02
12t 1.604799e+04 5.274529e+03 1.599299e+04 7.717043e+02 2.321388e+04
13t 1.586240e+00 2.002924e+01 1.604247e+01 2.032586e+01 2.050337e+01
14t 2.100571e+01 2.093837e+01 2.093005e+01 2.102581e+01 2.117592e+01
15t 1.861257e+02 1.325458e+02 4.593773e+02 1.547421e+02 1.272431e+02
16t 4.713248e+01 4.920949e+01 4.895659e+01 4.712995e+01 4.924593e+01
17t 2.679111e-01 1.984093e-02 2.706841e+00 3.652055e-02 3.675007e+02
18t 9.114360e-01 8.521099e-01 8.874869e-01 9.056844e-01 8.623177e-01
19t 5.257478e+02 6.668404e+02 5.408731e+02 5.255514e+02 2.278388e+03
20t 3.053040e+02 6.741792e+02 3.671600e+02 5.731301e+02 6.917794e+02
21t 2.935982e+04 2.925092e+04 2.855712e+04 2.840360e+04 3.451423e+04
22t 2.764927e+04 2.873166e+04 2.899998e+04 3.005023e+04 3.536114e+04
23t 4.529589e+01 6.547718e+01 5.997522e+01 5.876316e+01 6.760670e+01
24t 7.951112e-01 1.222104e+00 8.710725e-01 6.833562e-01 3.371409e+00
25t 7.460985e-01 7.456223e-01 6.727629e-01 7.648103e-01 6.190460e-01
26t 3.383581e-01 2.949030e-01 2.974866e-01 3.633623e-01 2.736158e-01
27t 8.800107e+01 6.263847e+01 9.659035e+01 1.088483e+02 3.647850e+01
28t 2.327409e+02 2.263386e+02 2.417681e+02 2.778635e+02 1.553073e+02
29t 2.705549e+02 3.675625e+02 3.445591e+02 3.473234e+02 4.238423e+02
30t 1.198221e+01 1.000757e+01 1.197564e+01 1.320334e+01 9.931689e+00
31t 1.640738e+02 2.335660e+02 1.819900e+02 2.578076e+02 9.698102e+01
32t 3.006514e+02 4.466958e+02 2.906363e+02 4.969657e+02 3.573313e+02
33t 1.047578e+02 1.461605e+02 1.118889e+02 1.753436e+02 1.452570e+02
34t 2.239301e+01 3.301071e+01 2.333231e+01 3.135195e+01 2.463388e+01
35t 1.266987e+04 1.344375e+04 1.314878e+04 1.326625e+04 1.427461e+04
36t 1.800043e+05 2.109408e+05 1.642937e+05 2.093557e+05 1.483575e+05
37t 5.926147e+01 6.240569e+01 5.655656e+01 6.337172e+01 6.588165e+01
38t 2.408892e+05 1.832201e+05 2.703720e+05 4.418862e+05 1.620675e+05
39t 5.541684e+00 5.353818e+00 7.834758e+00 6.032258e+00 5.034972e+00
40t 5.861253e+01 5.684608e+01 8.252812e+01 5.235598e+01 9.748089e+02
41t 4.488975e+02 8.976320e+02 4.471632e+02 6.329207e+02 4.461355e+02
42t 2.771496e+02 4.274640e+02 3.051794e+02 4.287474e+02 3.738364e+02
43t 4.122803e+02 4.723131e+02 4.391072e+02 4.849861e+02 4.354456e+02
44t 9.372801e+02 9.396660e+02 9.331470e+02 9.460621e+02 9.290610e+02
45t 9.419907e+02 9.365201e+02 9.380723e+02 9.424336e+02 9.331517e+02
46t 9.387315e+02 1.081701e+03 9.336686e+02 9.284968e+02 9.311972e+02
47t 5.416674e+02 5.342575e+02 5.325380e+02 1.022985e+03 5.256783e+02
48t 9.332520e+02 1.076277e+03 9.875237e+02 9.459504e+02 1.292514e+03
49t 1.022636e+03 1.206142e+03 5.527610e+02 9.182465e+02 6.063342e+02
50t 9.548013e+02 1.137845e+03 1.035329e+03 9.360336e+02 1.297572e+03
              36           37           38           39           40
1t  1.552395e+00 1.030707e+00 1.407980e+00 8.669353e-01 6.334199e-01
2t  1.734424e+07 1.319324e+07 2.130136e+07 4.739360e+06 2.044996e+06
3t  2.690460e+06 1.981180e+06 2.487828e+06 1.211204e+06 9.122121e+05
4t  1.073005e+05 1.302537e+05 1.454933e+05 1.709343e+05 1.700922e+05
5t  1.279087e+01 4.549491e+01 1.092558e+01 4.795665e+01 3.831119e+01
6t  5.688591e+02 2.464716e+02 2.775525e+02 7.493759e+00 3.808824e+00
7t  3.457350e+03 4.427197e+03 4.118413e+03 1.026388e+04 1.545443e+04
8t  6.305641e+00 5.795128e+00 6.522836e+00 7.173912e+00 4.331990e+00
9t  2.654428e+02 3.010571e+02 2.748439e+02 3.020216e+02 3.414429e+02
10t 3.081910e+01 2.739790e+01 3.083310e+01 2.434437e+01 1.818725e+01
11t 2.623620e+02 2.694874e+02 2.509608e+02 2.904178e+02 3.885235e+02
12t 5.180372e+03 3.026747e+03 3.916208e+02 1.927663e+04 1.590958e+04
13t 1.655908e+00 1.467871e+00 1.647253e+00 1.944628e+01 1.985855e+01
14t 2.106068e+01 2.096238e+01 2.106354e+01 2.086816e+01 2.075798e+01
15t 2.487100e+02 1.628157e+02 2.468076e+02 1.347890e+02 1.069491e+02
16t 4.826148e+01 4.913130e+01 4.932603e+01 1.032367e+02 4.920821e+01
17t 3.705736e-01 2.237381e-01 5.898694e-01 9.859967e+01 2.742952e+02
18t 9.371651e-01 9.179041e-01 9.561067e-01 8.316438e-01 6.486160e-01
19t 5.000270e+02 5.854082e+02 4.068498e+02 1.568495e+03 5.848787e+03
20t 3.196292e+02 2.967731e+02 2.841745e+02 3.856835e+02 6.014147e+02
21t 2.785996e+04 2.758208e+04 2.811672e+04 2.765794e+04 3.745002e+04
22t 2.884454e+04 2.811747e+04 2.849401e+04 2.914857e+04 3.857002e+04
23t 4.976923e+01 4.869839e+01 5.537793e+01 5.689930e+01 8.308049e+01
24t 5.890092e-01 7.010524e-01 5.460116e-01 3.278541e-01 3.248581e+00
25t 4.824737e-01 6.588907e-01 5.956936e-01 9.317860e-01 5.678158e-01
26t 3.405020e-01 3.899069e-01 3.507593e-01 3.409526e-01 2.707058e-01
27t 4.087162e+01 9.043230e+01 8.530515e+01 9.168464e+01 4.516994e+01
28t 2.516679e+02 1.996319e+02 2.543316e+02 1.995942e+02 1.323130e+02
29t 2.865566e+02 3.088622e+02 2.937081e+02 3.812490e+02 4.364951e+02
30t 1.111090e+01 1.156873e+01 1.104662e+01 1.594654e+01 3.554059e+02
31t 1.696308e+02 1.907061e+02 1.744870e+02 2.362845e+02 1.072837e+02
32t 3.561503e+02 3.573849e+02 2.833361e+02 2.890828e+02 4.007217e+02
33t 8.894919e+01 1.103057e+02 1.049166e+02 1.157203e+02 1.809065e+02
34t 2.677864e+01 2.282757e+01 2.871927e+01 3.097488e+01 2.477593e+01
35t 1.246322e+04 1.288846e+04 1.269405e+04 1.465483e+04 1.873728e+04
36t 2.093501e+05 1.733016e+05 2.347865e+05 1.608090e+05 1.190954e+05
37t 6.222070e+01 5.960132e+01 5.773868e+01 5.511805e+01 5.819760e+01
38t 2.480852e+05 2.259229e+05 2.863015e+05 2.165345e+05 1.760513e+05
39t 7.075122e+00 5.736071e+00 5.844212e+00 7.038331e+00 5.824542e+00
40t 4.735997e+01 5.310179e+01 3.017324e+01 2.530892e+02 9.397554e+02
41t 4.499108e+02 4.483624e+02 4.490952e+02 8.370419e+02 1.021140e+03
42t 3.053471e+02 3.157954e+02 2.888917e+02 4.651015e+02 4.384298e+02
43t 3.517916e+02 3.918616e+02 3.376837e+02 5.453876e+02 5.574981e+02
44t 9.267832e+02 9.384300e+02 9.280831e+02 1.022976e+03 9.232046e+02
45t 9.309594e+02 9.422149e+02 9.326340e+02 1.011082e+03 9.223589e+02
46t 9.332115e+02 9.244153e+02 9.399860e+02 9.240507e+02 9.247374e+02
47t 1.025004e+03 1.023883e+03 1.023712e+03 1.172806e+03 1.239465e+03
48t 9.762734e+02 9.589911e+02 9.196215e+02 1.283644e+03 1.375513e+03
49t 5.739455e+02 5.771755e+02 1.022115e+03 5.455206e+02 1.273289e+03
50t 9.083353e+02 9.439994e+02 9.260234e+02 1.239565e+03 1.353785e+03
              41           42           43           44           45
1t  9.307679e-01 2.034594e+00 7.178448e-01 1.522063e+00 1.711104e+00
2t  3.675406e+06 1.073932e+07 2.321306e+06 2.545063e+07 1.128157e+07
3t  2.150333e+06 3.037275e+06 1.232114e+06 2.455745e+06 2.827384e+06
4t  1.258462e+05 1.341592e+05 5.863105e+04 1.224946e+05 1.298400e+05
5t  3.393610e+01 1.289399e+01 8.614694e+00 5.045925e+01 1.531387e+01
6t  3.504072e+01 6.111725e+02 3.433761e+00 1.167703e+02 1.503805e+02
7t  4.914260e+03 4.349863e+03 4.861151e+04 6.225140e+03 3.230529e+03
8t  5.751102e+00 6.952542e+00 6.685612e+03 6.531118e+00 7.059954e+00
9t  2.998323e+02 2.785984e+02 3.381324e+02 3.065034e+02 2.552193e+02
10t 3.009077e+01 3.173291e+01 2.345890e+01 3.013595e+01 3.235892e+01
11t 2.797855e+02 2.742600e+02 3.496743e+02 2.894959e+02 2.674097e+02
12t 1.402683e+04 3.200891e+02 4.657894e+02 1.266663e+04 2.114530e+02
13t 1.983080e+01 1.837124e+00 2.031742e+01 1.518140e+00 1.746469e+00
14t 2.111968e+01 2.105257e+01 2.082131e+01 2.100195e+01 2.114727e+01
15t 7.768975e+03 6.500244e+02 5.346464e+02 2.196244e+02 3.099097e+02
16t 4.916138e+01 4.867759e+01 4.894486e+01 5.940782e+01 4.714828e+01
17t 9.848191e-01 1.097844e+00 3.251248e-02 1.346365e+00 1.600076e-01
18t 9.652564e-01 1.019966e+00 7.902774e-01 9.787035e-01 9.771982e-01
19t 4.747556e+02 4.075966e+02 1.929797e+03 4.645267e+02 4.120299e+02
20t 4.350544e+02 3.082404e+02 8.254170e+02 4.092724e+02 3.370299e+02
21t 2.753113e+04 2.797577e+04 3.041543e+04 2.837421e+04 2.826948e+04
22t 2.856245e+04 2.812780e+04 3.915823e+04 2.891280e+04 2.880747e+04
23t 5.436805e+01 4.872507e+01 7.798014e+01 4.699436e+01 4.469987e+01
24t 7.355768e-01 4.573150e-01 2.093301e+00 5.103925e-01 6.496174e-01
25t 7.742046e-01 5.227629e-01 6.713578e-01 7.616939e-01 6.075314e-01
26t 2.554344e-01 3.584168e-01 2.430049e-01 3.477417e-01 3.126038e-01
27t 1.233933e+02 6.843484e+01 1.030713e+02 8.492555e+01 8.119949e+01
28t 2.760742e+02 2.358953e+02 1.901625e+02 3.258010e+03 2.481181e+02
29t 2.937382e+02 2.989862e+02 5.417969e+02 3.215901e+02 2.915996e+02
30t 1.124064e+01 1.226164e+01 9.283735e+00 1.179563e+01 1.185129e+01
31t 2.318686e+02 1.412752e+02 1.697388e+02 1.651554e+02 1.848394e+02
32t 3.477803e+02 2.874168e+02 6.148445e+02 3.212877e+02 3.245643e+02
33t 1.128371e+02 1.002892e+02 2.807598e+02 9.670340e+01 9.932758e+01
34t 3.098785e+01 2.919515e+01 3.258119e+01 2.888739e+01 2.858031e+01
35t 1.342398e+04 1.248265e+04 1.452205e+04 1.270566e+04 1.269062e+04
36t 2.499638e+05 2.497289e+05 1.243709e+05 1.657011e+05 2.014701e+05
37t 6.122791e+01 5.967866e+01 7.383093e+01 5.646164e+01 6.056446e+01
38t 2.925512e+05 3.097678e+05 1.688962e+05 2.261710e+05 3.515656e+05
39t 6.114432e+00 7.324681e+00 4.807541e+00 5.820855e+00 5.323183e+00
40t 8.075227e+01 3.873002e+01 8.661048e+01 8.211148e+01 3.959101e+01
41t 4.501428e+02 4.504307e+02 4.461559e+02 4.495072e+02 4.510976e+02
42t 3.168907e+02 3.251445e+02 4.271414e+02 4.296613e+02 3.048986e+02
43t 3.994765e+02 3.721503e+02 4.569432e+02 4.523534e+02 3.478655e+02
44t 9.530557e+02 9.297956e+02 9.935167e+02 9.290921e+02 9.215200e+02
45t 9.488917e+02 9.307237e+02 9.961316e+02 9.305959e+02 9.231313e+02
46t 9.490079e+02 9.385945e+02 9.638547e+02 9.375374e+02 9.292729e+02
47t 5.520283e+02 5.618020e+02 5.296028e+02 5.479076e+02 1.021960e+03
48t 9.957982e+02 9.187690e+02 1.281816e+03 1.039439e+03 9.235202e+02
49t 1.032055e+03 1.022450e+03 9.018584e+02 1.028156e+03 1.020222e+03
50t 9.865270e+02 9.239766e+02 1.227362e+03 9.763737e+02 9.010684e+02
              46           47           48           49           50
1t  1.235696e+00 3.379646e+00 8.300381e-01 1.836341e+00 2.464600e+00
2t  6.259705e+06 3.678985e+07 1.582236e+07 7.452563e+06 2.011588e+07
3t  2.079005e+06 5.705541e+06 1.125054e+06 2.739026e+06 4.374526e+06
4t  1.650131e+05 1.150525e+05 1.558805e+05 1.145771e+05 9.425051e+04
5t  5.494171e+01 3.381998e+00 5.509291e+01 1.346061e+01 4.087344e+00
6t  2.729636e+02 4.688658e+02 1.447567e+02 4.411058e+01 3.097713e+02
7t  7.449626e+03 3.016859e+03 5.054733e+03 2.797947e+03 2.756611e+03
8t  7.030771e+00 9.939368e+00 5.008448e+00 7.422498e+00 8.847101e+00
9t  3.477292e+02 2.659502e+02 3.235974e+02 2.930403e+02 1.701083e+02
10t 2.930214e+01 3.958424e+01 2.508646e+01 3.446104e+01 3.571338e+01
11t 3.319523e+02 7.321403e+01 2.994991e+02 2.354500e+02 2.105363e+02
12t 2.711448e+04 2.903233e+02 1.912259e+04 2.088413e+02 2.305951e+02
13t 2.016714e+01 2.363954e+00 1.962326e+01 1.791192e+00 2.147003e+00
14t 2.117600e+01 2.115571e+01 2.092945e+01 2.102983e+01 2.114178e+01
15t 1.864264e+02 6.777115e+02 1.315202e+02 3.731787e+02 3.506936e+02
16t 4.930184e+01 4.865351e+01 4.892147e+01 4.788132e+01 4.857941e+01
17t 1.097395e+02 1.046979e+00 8.737666e+00 8.459026e-02 1.459653e-01
18t 9.725105e-01 1.055696e+00 8.380899e-01 9.873425e-01 1.032457e+00
19t 1.196868e+03 3.857527e+02 5.758570e+02 3.565492e+02 3.818553e+02
20t 5.885972e+02 2.374737e+02 4.007484e+02 2.800983e+02 1.991031e+02
21t 3.455256e+04 2.725449e+04 2.885152e+04 2.870518e+04 2.818158e+04
22t 3.513888e+04 2.870740e+04 2.892536e+04 2.781083e+04 2.814776e+04
23t 5.501993e+01 4.241001e+01 5.655107e+01 4.925009e+01 3.835789e+01
24t 3.421470e+00 8.483918e-01 7.795913e-01 8.583321e-01 7.212234e-01
25t 6.330613e-01 4.182990e-01 6.507813e-01 6.145174e-01 5.116742e-01
26t 2.671230e-01 3.173434e-01 3.793032e-01 3.250412e-01 3.406215e-01
27t 5.563142e+01 6.573435e+01 8.097548e+01 1.123116e+02 8.630632e+01
28t 1.807254e+02 3.599929e+02 1.536304e+04 2.909205e+02 2.829441e+02
29t 4.210680e+02 2.812223e+02 3.421551e+02 2.979661e+02 2.524966e+02
30t 1.641022e+01 1.209724e+01 1.216164e+01 1.375157e+01 1.474831e+01
31t 1.203351e+02 1.631435e+02 1.923131e+02 2.259487e+02 1.410284e+02
32t 2.274736e+02 3.374765e+02 2.914154e+02 3.810272e+02 3.534734e+02
33t 1.211018e+02 9.764071e+01 1.090502e+02 1.051752e+02 1.082013e+02
34t 2.587171e+01 3.287986e+01 2.035927e+01 2.588518e+01 3.029714e+01
35t 1.349166e+04 1.241488e+04 1.311314e+04 1.270905e+04 1.235249e+04
36t 3.575546e+05 3.616783e+05 1.541636e+05 2.802658e+05 3.010089e+05
37t 6.388755e+01 6.028171e+01 5.729421e+01 5.896703e+01 5.992958e+01
38t 1.699996e+05 2.960729e+05 1.181108e+05 3.450195e+05 2.897614e+05
39t 7.306229e+00 6.693414e+00 6.712983e+00 5.734976e+00 6.123882e+00
40t 5.704033e+02 1.923295e+01 3.279497e+02 4.042855e+01 2.051598e+01
41t 4.511524e+02 4.557582e+02 4.458962e+02 4.516174e+02 4.537089e+02
42t 3.539896e+02 3.157922e+02 4.196962e+02 4.320834e+02 2.777720e+02
43t 4.017479e+02 3.240674e+02 4.534327e+02 3.125795e+02 3.285629e+02
44t 9.577998e+02 9.215601e+02 9.304794e+02 9.314597e+02 9.207529e+02
45t 9.596688e+02 9.304737e+02 9.284808e+02 9.346965e+02 9.328811e+02
46t 9.982107e+02 9.218639e+02 9.333788e+02 9.418272e+02 9.209988e+02
47t 5.558308e+02 1.022075e+03 1.190222e+03 1.021629e+03 1.022528e+03
48t 1.192972e+03 9.210861e+02 9.660837e+02 9.663346e+02 9.530230e+02
49t 5.730438e+02 1.021076e+03 5.434357e+02 1.019412e+03 1.018698e+03
50t 1.213151e+03 8.887688e+02 1.168622e+03 8.943149e+02 8.876303e+02
              51           52           53           54           55
1t  1.077864e+00 9.168446e-01 9.624562e-01 1.571589e+00 7.090754e-01
2t  1.328724e+07 7.310049e+06 4.443874e+06 5.044411e+06 1.949108e+06
3t  2.478093e+06 1.800563e+06 1.312439e+06 2.505817e+06 1.237442e+06
4t  1.054349e+05 1.491773e+05 1.185117e+05 1.457932e+05 1.546089e+05
5t  3.702349e+01 2.489097e+01 2.818003e+01 3.601756e+01 4.964694e+01
6t  1.059574e+02 1.160140e+02 1.058995e+01 1.326452e+02 1.347435e+01
7t  3.449277e+03 3.875991e+03 6.659208e+03 5.841063e+03 1.153245e+04
8t  6.658918e+00 5.858111e+00 5.425886e+00 6.778811e+00 5.140107e+00
9t  2.452544e+02 2.669793e+02 3.186060e+02 3.081570e+02 4.098443e+02
10t 3.073618e+01 2.753140e+01 2.716150e+01 3.058003e+01 2.437363e+01
11t 2.782839e+02 2.464980e+02 2.968104e+02 2.720105e+02 4.015649e+02
12t 3.478700e+02 5.020189e+02 1.647788e+04 6.651315e+03 2.011673e+04
13t 1.435297e+00 1.457491e+00 1.953478e+01 1.518157e+00 2.053301e+01
14t 2.109198e+01 2.100966e+01 2.093146e+01 2.116663e+01 2.110500e+01
15t 5.090028e+02 2.552982e+02 2.392498e+03 5.014187e+02 2.420791e+02
16t 4.795953e+01 4.756451e+01 4.710884e+01 4.925093e+01 4.924890e+01
17t 1.554136e-01 9.682056e-02 1.509994e-01 5.944941e-02 4.046257e+02
18t 9.362574e-01 9.123397e-01 8.737666e-01 9.750065e-01 7.802174e-01
19t 4.767440e+02 5.408907e+02 5.765460e+02 5.772156e+02 2.566646e+03
20t 3.923158e+02 3.385040e+02 5.360105e+02 3.496686e+02 8.935297e+02
21t 2.851037e+04 2.736839e+04 2.862647e+04 3.141388e+04 3.631779e+04
22t 2.816582e+04 2.850904e+04 2.980421e+04 3.469837e+04 3.624530e+04
23t 5.549457e+01 5.164642e+01 6.028393e+01 5.571069e+01 7.366162e+01
24t 6.411933e-01 7.787573e-01 9.163941e-01 3.513214e+00 2.928310e+00
25t 6.587830e-01 5.331604e-01 8.140168e-01 6.547039e-01 6.211861e-01
26t 2.785949e-01 3.121750e-01 2.813279e-01 3.271291e-01 2.721917e-01
27t 8.993296e+01 8.284418e+01 1.255242e+02 7.836797e+01 5.328400e+01
28t 2.854498e+02 2.315833e+02 2.702089e+02 2.488669e+02 1.525612e+02
29t 2.934946e+02 3.383721e+02 3.855553e+02 3.742408e+02 4.504951e+02
30t 1.196046e+01 1.296104e+01 1.028016e+01 1.503343e+01 3.005719e+02
31t 2.035886e+02 1.712604e+02 2.476264e+02 1.688643e+02 1.213993e+02
32t 3.229695e+02 2.816590e+02 3.731170e+02 3.551705e+02 3.838012e+02
33t 1.004129e+02 1.090590e+02 1.312137e+02 1.081553e+02 1.522552e+02
34t 2.490130e+01 2.751433e+01 2.598812e+01 2.412156e+01 2.670878e+01
35t 1.268812e+04 1.273491e+04 1.303599e+04 1.271369e+04 1.443255e+04
36t 1.733003e+05 1.774463e+05 1.731890e+05 2.473466e+05 1.103733e+05
37t 5.805367e+01 6.033197e+01 5.857834e+01 6.042153e+01 6.926426e+01
38t 3.125689e+05 2.533308e+05 2.840357e+05 1.862405e+05 1.418059e+05
39t 6.025720e+00 5.339085e+00 6.593212e+00 5.119728e+00 4.845222e+00
40t 4.211280e+01 6.405867e+01 8.270259e+01 8.151816e+01 1.007554e+03
41t 4.492109e+02 4.482177e+02 4.480615e+02 4.508903e+02 4.461321e+02
42t 3.544162e+02 3.513363e+02 4.273635e+02 3.589290e+02 4.267214e+02
43t 4.137099e+02 4.010386e+02 3.796957e+02 3.800013e+02 5.455787e+02
44t 9.299744e+02 9.290864e+02 9.400609e+02 9.290235e+02 9.317621e+02
45t 9.859995e+02 9.360021e+02 9.332587e+02 9.899632e+02 9.308775e+02
46t 9.226699e+02 9.297534e+02 9.320303e+02 9.323906e+02 9.306705e+02
47t 1.033456e+03 5.409625e+02 5.371405e+02 5.516573e+02 1.186525e+03
48t 9.233719e+02 1.007482e+03 9.852722e+02 9.995160e+02 1.265025e+03
49t 1.022305e+03 1.021973e+03 1.042062e+03 5.768061e+02 1.208140e+03
50t 9.226474e+02 9.483772e+02 9.479162e+02 1.188269e+03 1.281674e+03
              56           57           58           59           60
1t  1.325210e+00 8.750964e-01 1.912649e+00 6.909555e-01 6.840869e-01
2t  1.276944e+07 1.093074e+07 1.242644e+07 2.818973e+06 2.300693e+06
3t  2.290404e+06 1.601920e+06 2.791514e+06 1.117873e+06 1.115094e+06
4t  1.065619e+05 1.486413e+05 1.088145e+05 8.853913e+04 1.317178e+05
5t  2.837892e+01 4.408742e+01 1.143720e+01 2.960811e+01 4.571182e+01
6t  2.218851e+02 8.196746e+01 1.450941e+02 2.291854e+00 7.906249e+00
7t  4.882764e+03 3.968012e+03 3.337990e+03 1.732684e+04 1.148999e+04
8t  6.685164e+00 5.123692e+00 7.827450e+00 4.717423e+00 4.445400e+00
9t  2.890841e+02 2.893650e+02 2.677838e+02 2.958216e+02 4.088972e+02
10t 2.887316e+01 2.454898e+01 3.441420e+01 2.482862e+01 2.257858e+01
11t 2.703514e+02 2.661475e+02 2.315514e+02 3.223911e+02 3.758337e+02
12t 1.488554e+04 1.842043e+04 8.042757e+03 1.288166e+04 1.941259e+04
13t 1.718002e+00 1.777027e+01 1.886202e+00 1.966927e+01 2.031420e+01
14t 2.099018e+01 2.094728e+01 2.097020e+01 2.092834e+01 2.114773e+01
15t 3.256621e+02 1.391783e+02 1.421667e+03 1.165446e+02 1.105674e+02
16t 4.912758e+01 4.908995e+01 4.923948e+01 1.004757e+02 4.922094e+01
17t 2.349443e-01 3.115791e-01 9.665643e-02 2.352771e-02 2.989981e+02
18t 9.668417e-01 8.981295e-01 9.991753e-01 7.808247e-01 7.749037e-01
19t 4.733981e+02 5.754191e+02 4.311578e+02 1.966090e+03 2.831810e+03
20t 2.124537e+02 3.051447e+02 3.039771e+02 5.975699e+02 8.510384e+02
21t 2.847456e+04 2.885584e+04 2.763710e+04 2.824126e+04 3.606934e+04
22t 2.850810e+04 2.848209e+04 2.826064e+04 2.976112e+04 3.473016e+04
23t 5.659300e+01 6.044898e+01 5.406933e+01 5.958292e+01 7.226702e+01
24t 5.263414e-01 6.813767e-01 6.127999e-01 4.023900e-01 3.483104e+00
25t 6.345537e-01 6.690258e-01 4.577494e-01 7.614540e-01 5.912845e-01
26t 3.519774e-01 3.072558e-01 3.038279e-01 3.273047e-01 2.558948e-01
27t 6.654237e+01 7.659379e+01 7.108749e+01 1.269528e+02 4.793639e+01
28t 2.581139e+02 2.217587e+02 2.837491e+02 2.528872e+02 1.434280e+02
29t 2.761399e+02 3.388419e+02 2.986386e+02 4.812753e+02 4.786134e+02
30t 1.143557e+01 1.197934e+01 1.291441e+01 1.805294e+01 1.400301e+01
31t 1.968194e+02 1.427083e+02 1.570637e+02 2.781151e+02 1.251678e+02
32t 3.606632e+02 3.654782e+02 3.197230e+02 6.790082e+02 4.054082e+02
33t 1.087987e+02 1.136416e+02 1.033404e+02 1.103384e+02 1.261064e+02
34t 2.386892e+01 2.206594e+01 3.040827e+01 2.882488e+01 2.556892e+01
35t 1.256001e+04 1.294008e+04 1.259752e+04 1.441194e+04 1.468954e+04
36t 2.191595e+05 1.473968e+05 2.553874e+05 2.356226e+05 1.167933e+05
37t 6.100388e+01 5.875296e+01 5.695453e+01 6.530291e+01 6.585914e+01
38t 2.449636e+05 2.518765e+05 2.708835e+05 1.857486e+05 1.546792e+05
39t 6.105402e+00 6.502563e+00 5.504066e+00 7.043576e+00 5.505511e+00
40t 3.971368e+01 1.164608e+02 3.275223e+01 9.704388e+01 9.770814e+02
41t 4.492132e+02 4.471018e+02 4.510822e+02 4.447092e+02 4.458997e+02
42t 2.542597e+02 3.209791e+02 2.653556e+02 9.017901e+02 4.260966e+02
43t 4.083350e+02 3.982049e+02 3.899792e+02 6.110608e+02 5.562732e+02
44t 9.320936e+02 9.307294e+02 9.321140e+02 9.827609e+02 9.289358e+02
45t 9.401975e+02 9.379983e+02 9.369515e+02 9.545486e+02 9.262565e+02
46t 9.279172e+02 9.283712e+02 9.250963e+02 9.502396e+02 9.285542e+02
47t 5.484835e+02 5.339654e+02 1.025826e+03 1.197542e+03 1.208651e+03
48t 9.322737e+02 1.027078e+03 9.286810e+02 1.246363e+03 1.237607e+03
49t 1.024564e+03 1.025784e+03 1.023648e+03 1.200099e+03 1.214260e+03
50t 9.319017e+02 1.037830e+03 9.181394e+02 1.295337e+03 1.297992e+03
              61           62           63           64           65
1t  8.399946e-01 1.484630e+00 1.101497e+00 1.449447e+00 1.529417e+00
2t  1.767995e+07 9.738092e+06 1.111429e+07 1.681280e+07 1.257213e+07
3t  1.455366e+06 2.474466e+06 1.823801e+06 2.518155e+06 3.321796e+06
4t  1.562771e+05 1.342035e+05 1.432556e+05 1.310612e+05 1.266703e+05
5t  5.463142e+01 2.778584e+01 3.540028e+01 4.334192e+01 1.241941e+01
6t  5.346570e+01 9.942145e+01 3.200634e+02 2.436982e+02 3.773559e+02
7t  7.333941e+03 3.717215e+03 5.134869e+03 4.407002e+03 4.158192e+03
8t  5.086931e+00 6.267094e+00 5.547666e+00 6.256525e+00 6.801916e+00
9t  3.226154e+02 2.760075e+02 2.887762e+02 3.164906e+02 2.577503e+02
10t 2.466698e+01 2.911895e+01 2.803041e+01 3.137159e+01 3.116610e+01
11t 3.032661e+02 2.592108e+02 2.728920e+02 2.862832e+02 2.608391e+02
12t 2.242663e+04 2.677560e+02 5.409645e+02 2.067328e+04 3.032212e+02
13t 1.994192e+01 1.580315e+00 1.389634e+00 1.580014e+00 1.772742e+00
14t 2.095221e+01 2.111262e+01 2.098838e+01 2.094365e+01 2.113830e+01
15t 1.334802e+02 4.284414e+02 8.417193e+02 4.161864e+03 4.273030e+02
16t 4.881517e+01 4.780607e+01 4.874525e+01 6.589679e+01 4.868961e+01
17t 5.799025e+00 2.356941e-01 1.139342e+00 2.763478e+00 9.876393e-01
18t 8.683082e-01 9.778187e-01 9.413962e-01 9.578765e-01 9.992480e-01
19t 6.448553e+02 4.843496e+02 5.167136e+02 5.767370e+02 4.530230e+02
20t 5.181076e+02 2.938703e+02 3.353330e+02 3.733319e+02 2.580531e+02
21t 2.872996e+04 2.816758e+04 2.794559e+04 2.856660e+04 2.767829e+04
22t 2.785012e+04 2.780806e+04 2.868535e+04 2.863139e+04 2.813922e+04
23t 6.177769e+01 3.720036e+01 4.260787e+01 5.610704e+01 4.516506e+01
24t 7.806675e-01 1.098278e+00 8.874603e-01 4.425902e-01 6.661281e-01
25t 7.541426e-01 6.835049e-01 6.928372e-01 7.033889e-01 6.838049e-01
26t 3.278940e-01 3.424791e-01 3.440751e-01 8.973806e-01 3.379162e-01
27t 8.427302e+01 7.800108e+01 9.079392e+01 1.010550e+02 7.422651e+01
28t 2.311417e+02 2.521337e+02 2.217760e+02 4.353149e+05 2.653316e+02
29t 3.485201e+02 2.786881e+02 3.350498e+02 2.793758e+02 2.936209e+02
30t 1.173098e+01 1.099502e+01 1.139656e+01 1.108783e+01 1.174579e+01
31t 2.002326e+02 1.597179e+02 1.748326e+02 2.115140e+02 1.313047e+02
32t 2.732016e+02 2.859638e+02 2.489594e+02 4.097032e+02 2.853187e+02
33t 1.341690e+02 1.105205e+02 1.033890e+02 9.006282e+01 1.024379e+02
34t 2.332336e+01 2.494371e+01 2.237758e+01 2.909727e+01 2.694833e+01
35t 1.347327e+04 1.258588e+04 1.275078e+04 1.291268e+04 1.227303e+04
36t 1.642297e+05 2.471151e+05 1.622473e+05 1.844396e+05 2.957953e+05
37t 5.821122e+01 5.959549e+01 5.746134e+01 5.747730e+01 6.317826e+01
38t 2.976011e+05 2.779064e+05 1.699780e+05 2.116338e+05 2.416886e+05
39t 5.561244e+00 5.512540e+00 5.699435e+00 5.679516e+00 7.234267e+00
40t 2.838368e+02 5.669154e+01 7.157193e+01 7.343324e+01 2.494427e+01
41t 4.472167e+02 4.498918e+02 4.484524e+02 4.490350e+02 4.511815e+02
42t 4.262985e+02 3.407518e+02 3.999257e+02 2.710909e+02 3.327980e+02
43t 4.919268e+02 3.368394e+02 3.755441e+02 3.403341e+02 3.443711e+02
44t 9.462866e+02 9.313363e+02 9.332547e+02 9.965197e+02 9.305279e+02
45t 9.290140e+02 9.327115e+02 9.252557e+02 9.371690e+02 9.290387e+02
46t 9.318008e+02 9.323230e+02 9.417126e+02 9.431933e+02 9.294614e+02
47t 1.028255e+03 1.023099e+03 5.367679e+02 5.450535e+02 1.024341e+03
48t 1.008389e+03 9.174972e+02 9.510809e+02 9.709972e+02 9.119491e+02
49t 5.490451e+02 1.023001e+03 1.024037e+03 1.038626e+03 1.023102e+03
50t 1.075881e+03 1.082747e+03 9.459768e+02 9.827296e+02 9.011801e+02
              66           67           68           69           70
1t  1.497903e+00 1.983075e+00 2.561929e+00 9.579020e-01 1.205088e+00
2t  1.987581e+07 2.029270e+07 1.109817e+07 2.835496e+06 2.424354e+07
3t  3.201055e+06 2.980075e+06 4.844775e+06 1.432089e+06 2.008666e+06
4t  1.526956e+05 1.292989e+05 1.245862e+05 2.149215e+05 1.163414e+05
5t  5.785051e+01 3.050737e+00 1.432972e+01 3.956520e+01 1.790898e+01
6t  2.855763e+02 1.676454e+02 2.770484e+02 4.096657e+00 2.434922e+02
7t  4.814456e+03 3.620080e+03 5.171473e+03 1.391718e+04 4.920592e+03
8t  6.059083e+00 6.646881e+00 8.796297e+00 5.191241e+00 6.159588e+00
9t  3.217484e+02 2.257500e+02 2.288582e+02 3.232030e+02 2.560716e+02
10t 3.041881e+01 3.034307e+01 3.944916e+01 2.745187e+01 2.822632e+01
11t 2.840079e+02 2.487401e+02 2.471140e+02 3.068388e+02 2.439381e+02
12t 1.843954e+04 2.333328e+02 3.275758e+03 1.270251e+04 2.300504e+02
13t 1.994335e+01 1.863226e+00 2.276386e+00 1.935281e+01 1.534598e+00
14t 2.115389e+01 2.097167e+01 2.114992e+01 2.083266e+01 2.116322e+01
15t 2.463811e+02 2.450455e+02 5.036953e+02 2.710719e+02 1.838531e+02
16t 9.632684e+01 1.014573e+02 4.934407e+01 4.703458e+01 4.848185e+01
17t 1.509338e+01 1.126723e+00 9.051647e-02 2.389511e+02 1.010305e+00
18t 9.447806e-01 9.787342e-01 1.043858e+00 8.945307e-01 9.407445e-01
19t 6.453119e+02 4.492992e+02 4.345498e+02 2.187229e+03 4.682127e+02
20t 3.892868e+02 2.452804e+02 3.148471e+02 3.410119e+02 3.145419e+02
21t 2.852177e+04 2.755047e+04 2.966938e+04 2.821855e+04 2.824162e+04
22t 2.885543e+04 2.817921e+04 3.336153e+04 3.054740e+04 2.790378e+04
23t 5.678980e+01 5.163874e+01 4.505472e+01 6.720777e+01 4.926420e+01
24t 1.112051e+00 7.938641e-01 3.482511e+00 4.956499e-01 5.950532e-01
25t 7.720058e-01 5.664736e-01 5.136231e-01 7.494724e-01 5.291282e-01
26t 3.153791e-01 3.244475e-01 3.095010e-01 3.595981e-01 3.550448e-01
27t 8.865346e+01 8.884254e+01 3.528580e+01 1.154507e+02 8.727764e+01
28t 4.454671e+05 2.818824e+02 3.352319e+02 2.137507e+02 2.434240e+02
29t 3.882553e+02 2.847856e+02 3.332793e+02 3.819479e+02 2.629891e+02
30t 9.769614e+00 1.412182e+01 1.531046e+01 1.213186e+01 1.156827e+01
31t 2.058878e+02 1.802279e+02 1.508973e+02 2.804588e+02 1.787184e+02
32t 3.099558e+02 3.012487e+02 3.594212e+02 3.514815e+02 3.724919e+02
33t 1.190534e+02 1.053600e+02 1.089580e+02 1.196865e+02 1.045236e+02
34t 2.679160e+01 2.767389e+01 3.341916e+01 3.449363e+01 2.445380e+01
35t 1.321850e+04 1.244140e+04 1.273786e+04 1.450802e+04 1.263910e+04
36t 2.037836e+05 2.861102e+05 3.953440e+05 3.112647e+05 1.885906e+05
37t 6.044292e+01 6.215402e+01 6.178473e+01 5.650386e+01 5.829232e+01
38t 1.802031e+05 3.711276e+05 1.597743e+05 3.012689e+05 2.428738e+05
39t 1.322674e+01 6.258920e+00 5.575853e+00 5.648327e+00 6.233036e+00
40t 1.179158e+02 3.108405e+01 3.539140e+01 1.373803e+02 5.043217e+01
41t 4.481615e+02 4.509829e+02 4.571776e+02 1.012923e+03 4.490143e+02
42t 3.154610e+02 3.787740e+02 2.524840e+02 4.272553e+02 2.976897e+02
43t 4.770110e+02 3.504477e+02 3.161233e+02 6.647700e+02 4.510045e+02
44t 9.439135e+02 9.267328e+02 9.322128e+02 9.378771e+02 9.317680e+02
45t 9.434834e+02 9.259391e+02 9.424951e+02 9.406266e+02 9.297078e+02
46t 9.300071e+02 9.259344e+02 9.255659e+02 1.052881e+03 9.345442e+02
47t 5.422780e+02 1.018817e+03 6.001590e+02 5.310176e+02 1.027018e+03
48t 9.995225e+02 9.645812e+02 9.546097e+02 1.249166e+03 9.467997e+02
49t 5.680127e+02 1.023862e+03 6.170547e+02 5.568587e+02 1.020042e+03
50t 9.949383e+02 9.258164e+02 4.961136e+02 1.307801e+03 9.195005e+02
              71           72           73           74           75
1t  1.079829e+00 8.958459e-01 8.951089e-01 1.323845e+00 9.855144e-01
2t  8.032272e+06 5.070584e+06 1.213131e+07 4.780167e+06 1.430135e+07
3t  1.811906e+06 1.390769e+06 1.852149e+06 2.250209e+06 1.866658e+06
4t  1.106408e+05 1.086318e+05 1.362093e+05 1.562649e+05 1.703993e+05
5t  3.887015e+01 2.291980e+01 5.009716e+01 4.456427e+01 4.304037e+01
6t  4.856329e+01 4.071904e+00 2.417181e+02 3.069653e+02 4.483827e+02
7t  5.939454e+03 6.610480e+03 5.662804e+03 5.943775e+03 6.446339e+03
8t  5.759838e+00 5.022325e+00 5.479854e+00 6.449783e+00 5.710651e+00
9t  3.093444e+02 3.196110e+02 2.927818e+02 2.874972e+02 2.864408e+02
10t 2.719680e+01 2.439996e+01 2.765628e+01 3.037215e+01 2.606392e+01
11t 2.962721e+02 2.712566e+02 2.933724e+02 2.914908e+02 2.737287e+02
12t 1.417917e+04 1.016947e+04 7.862597e+03 1.455075e+04 1.272320e+04
13t 1.963400e+01 2.009970e+01 1.353126e+00 1.982877e+01 1.122350e+00
14t 2.093105e+01 2.103969e+01 2.113100e+01 2.119543e+01 2.098106e+01
15t 1.610529e+02 2.192689e+03 4.152164e+02 1.829157e+02 1.784275e+02
16t 4.900627e+01 4.864404e+01 9.883349e+01 4.911475e+01 5.014810e+01
17t 1.446253e+00 2.848186e-02 1.153691e-01 5.475191e-02 1.352633e+00
18t 9.098202e-01 8.782998e-01 9.116619e-01 9.349852e-01 9.222364e-01
19t 4.928685e+02 6.043924e+02 5.278853e+02 6.337281e+02 5.987959e+02
20t 3.790633e+02 5.261815e+02 3.295835e+02 4.879563e+02 3.959935e+02
21t 2.833866e+04 2.920439e+04 2.800387e+04 3.237349e+04 2.694722e+04
22t 2.885647e+04 3.034430e+04 2.853653e+04 3.444205e+04 2.814611e+04
23t 5.356108e+01 6.470840e+01 5.221640e+01 5.662804e+01 5.344288e+01
24t 8.370268e-01 8.008647e-01 6.112987e-01 3.531850e+00 6.551307e-01
25t 8.254957e-01 9.259827e-01 5.342289e-01 4.954653e-01 5.873266e-01
26t 2.887070e-01 3.163221e-01 3.555943e-01 2.843562e-01 3.051754e-01
27t 8.750149e+01 1.201147e+02 7.106954e+01 5.789740e+01 8.000985e+01
28t 2.425420e+02 2.223871e+02 2.408000e+02 2.127408e+02 2.103460e+02
29t 3.032731e+02 4.069543e+02 3.521677e+02 3.374881e+02 3.626190e+02
30t 1.505070e+01 1.078794e+01 1.038919e+01 1.241270e+01 1.152508e+01
31t 1.954557e+02 2.580465e+02 1.862924e+02 1.274263e+02 1.640618e+02
32t 9.759034e+02 1.462934e+03 2.915239e+02 3.011325e+02 2.712850e+02
33t 9.887517e+01 1.283937e+02 1.255779e+02 1.035100e+02 1.153499e+02
34t 2.352977e+01 2.458041e+01 2.196073e+01 2.438543e+01 2.520688e+01
35t 1.286932e+04 1.360188e+04 1.258652e+04 1.255104e+04 1.264192e+04
36t 1.900246e+05 1.663585e+05 1.873307e+05 1.506988e+05 1.626404e+05
37t 5.521023e+01 5.779164e+01 6.018028e+01 5.886577e+01 5.663352e+01
38t 2.710040e+05 2.355798e+05 2.570139e+05 1.453055e+05 1.747078e+05
39t 6.991415e+00 6.390168e+00 6.974124e+00 5.516809e+00 5.347625e+00
40t 6.839841e+01 7.038300e+01 9.021134e+01 1.486072e+02 9.323684e+01
41t 4.480031e+02 4.472447e+02 4.481473e+02 4.494739e+02 4.436763e+02
42t 2.941161e+02 3.662996e+02 3.231012e+02 3.223891e+02 3.854520e+02
43t 5.116327e+02 4.218701e+02 3.933568e+02 4.980871e+02 4.673447e+02
44t 9.263324e+02 9.328868e+02 9.377948e+02 9.287299e+02 9.412108e+02
45t 9.359750e+02 9.315976e+02 9.378267e+02 9.847776e+02 9.354823e+02
46t 9.436889e+02 1.031469e+03 9.263506e+02 9.527592e+02 9.338627e+02
47t 5.394971e+02 1.202711e+03 1.025163e+03 9.116519e+02 5.356724e+02
48t 1.033444e+03 1.003369e+03 9.389129e+02 9.616424e+02 9.683927e+02
49t 5.644908e+02 1.019769e+03 5.589350e+02 5.589275e+02 1.026428e+03
50t 9.843562e+02 1.005905e+03 1.127676e+03 1.214613e+03 1.093944e+03
              76           77           78           79           80
1t  1.146002e+00 1.172381e+00 1.840988e+00 7.847573e-01 1.271461e+00
2t  1.426287e+07 2.127640e+07 2.261647e+07 4.312270e+06 9.567303e+06
3t  2.486631e+06 2.230058e+06 3.537314e+06 1.178308e+06 1.944696e+06
4t  1.298768e+05 1.372991e+05 1.297351e+05 1.549970e+05 1.650862e+05
5t  1.422183e+01 5.215303e+01 1.060419e+01 4.333763e+01 5.139259e+01
6t  2.615906e+02 8.763272e+01 3.089923e+02 3.784841e+00 4.557003e+02
7t  2.946547e+03 4.622782e+03 2.939365e+03 1.216732e+04 7.154256e+03
8t  6.889581e+00 6.075499e+00 6.782526e+00 4.737273e+00 6.762037e+00
9t  2.960353e+02 2.866114e+02 2.827105e+02 3.454787e+02 3.009525e+02
10t 3.085906e+01 2.833617e+01 3.232185e+01 2.684621e+01 2.950613e+01
11t 2.339190e+02 2.959104e+02 2.632914e+02 2.910169e+02 3.196228e+02
12t 1.952550e+02 1.860927e+04 6.607890e+02 1.275377e+04 1.536520e+04
13t 1.621492e+00 1.549605e+00 1.868306e+00 2.003547e+01 2.009548e+01
14t 2.111206e+01 2.094825e+01 2.107702e+01 2.093681e+01 2.117380e+01
15t 3.613762e+02 2.182474e+02 3.352308e+02 1.313574e+02 4.140868e+02
16t 4.934873e+01 1.004948e+02 4.935051e+01 4.853942e+01 4.912717e+01
17t 7.227172e-01 1.034655e+00 6.606934e-01 1.313907e+00 4.883947e-02
18t 9.647698e-01 9.217357e-01 1.018987e+00 8.202027e-01 9.429004e-01
19t 4.815594e+02 5.487237e+02 4.453329e+02 9.440150e+02 6.371015e+02
20t 2.990458e+02 4.013739e+02 2.064936e+02 4.175206e+02 3.565796e+02
21t 2.856370e+04 2.895161e+04 2.752223e+04 2.709127e+04 3.296238e+04
22t 2.864258e+04 2.883943e+04 2.875517e+04 2.869926e+04 3.456492e+04
23t 5.032012e+01 5.778998e+01 4.830468e+01 6.790322e+01 6.035677e+01
24t 5.800606e-01 8.249603e-01 7.801233e-01 6.525321e-01 3.622095e+00
25t 6.445763e-01 7.695217e-01 5.268987e-01 8.364111e-01 5.978879e-01
26t 3.619403e-01 3.003039e-01 3.064236e-01 4.024264e-01 2.834745e-01
27t 8.897785e+01 8.282677e+01 5.567937e+01 1.270937e+02 5.413240e+01
28t 2.125908e+02 4.026400e+02 2.848706e+02 2.044034e+02 2.394337e+02
29t 2.811365e+02 3.525290e+02 3.104557e+02 3.402156e+02 4.093324e+02
30t 1.114678e+01 1.357644e+01 1.194703e+01 1.547040e+01 1.278983e+01
31t 1.478458e+02 1.793392e+02 1.769050e+02 2.666559e+02 1.208347e+02
32t 2.681937e+02 3.011243e+02 3.821685e+02 3.383023e+02 2.865199e+02
33t 1.042341e+02 9.212962e+01 9.771996e+01 1.416414e+02 9.823349e+01
34t 2.680861e+01 2.527764e+01 2.837479e+01 2.698377e+01 2.461211e+01
35t 1.254045e+04 1.265518e+04 1.250170e+04 1.426079e+04 1.271450e+04
36t 2.705666e+05 1.801095e+05 2.392833e+05 2.263707e+05 1.785985e+05
37t 5.967035e+01 5.869850e+01 6.056183e+01 5.222308e+01 6.300387e+01
38t 2.273663e+05 2.567750e+05 2.022293e+05 3.158667e+05 1.765781e+05
39t 5.722193e+00 7.212571e+00 6.972549e+00 6.384692e+00 6.022478e+00
40t 4.098055e+01 6.590357e+01 3.823622e+01 1.268310e+02 1.550715e+02
41t 4.506520e+02 4.494067e+02 4.505257e+02 7.076823e+02 4.492388e+02
42t 3.140668e+02 4.288416e+02 3.203225e+02 4.273089e+02 3.458690e+02
43t 3.727401e+02 4.388841e+02 3.419609e+02 6.050856e+02 3.836599e+02
44t 9.297740e+02 9.263468e+02 9.375252e+02 1.048025e+03 9.590995e+02
45t 9.324568e+02 9.463682e+02 9.279424e+02 9.671604e+02 9.491564e+02
46t 9.358026e+02 9.308856e+02 9.307499e+02 1.089608e+03 9.418579e+02
47t 1.026553e+03 5.434853e+02 1.024721e+03 1.206219e+03 5.505210e+02
48t 9.377203e+02 1.003184e+03 9.287113e+02 1.281522e+03 1.085046e+03
49t 1.023798e+03 1.027937e+03 1.018750e+03 1.199594e+03 5.623035e+02
50t 8.884245e+02 9.782223e+02 8.973021e+02 1.261202e+03 1.259949e+03
# 2026-01-31 11:02:02 -03: Finished testing
