# 2026-01-16 19:35:27 -03: Reading parameter file '/home/pestobar/Activities/irace-executions/ACOTSP/Scenarios/BL/Runs/BL_seed_1400299/parameters.txt'.
# 2026-01-16 19:35:27 -03: 1 expression(s) specifying forbidden configurations read.
# 2026-01-16 19:35:27 -03: Initialization
# Elitist race
# Elitist new instances: 1
# Elitist limit: 2
# nbIterations: 5
# minNbSurvival: 5
# nbParameters: 11
# seed: 1400299
# confidence level: 0.95
# budget: 2750
# mu: 5
# deterministic: FALSE

# 2026-01-16 19:35:27 -03: Iteration 1 of 5
# experimentsUsed: 0
# remainingBudget: 2750
# currentBudget: 550
# nbConfigurations: 91
# Markers:
     x No test is performed.
     c Configurations are discarded only due to capping.
     - The test is performed and some configurations are discarded.
     = The test is performed but no configuration is discarded.
     ! The test is performed and configurations could be discarded but elite configurations are preserved.
     . All alive configurations are elite and nothing is discarded.

+-+-----------+-----------+-----------+----------------+-----------+--------+-----+----+------+
| |   Instance|      Alive|       Best|       Mean best| Exp so far|  W time|  rho|KenW|  Qvar|
+-+-----------+-----------+-----------+----------------+-----------+--------+-----+----+------+
|x|          1|         91|         48|     32340289.00|         91|00:05:03|   NA|  NA|    NA|
|x|          2|         91|         48|     32353151.00|        182|00:05:02|+0.96|0.98|0.0023|
|x|          3|         91|         48|     32620358.00|        273|00:04:21|+0.97|0.98|0.0022|
|x|          4|         91|         48|     32567620.25|        364|00:04:38|+0.97|0.98|0.0019|
|-|          5|          4|         48|     32587535.20|        455|00:05:19|+0.52|0.62|0.3510|
+-+-----------+-----------+-----------+----------------+-----------+--------+-----+----+------+
Best-so-far configuration:          48    mean value:      32587535.20
Description of the best-so-far configuration:
   .ID. algorithm localsearch alpha beta  rho ants   q0 rasrank elitistants
48   48       acs           3  4.24 4.72 0.78   52 0.11      NA          NA
   nnls dlb .PARENT.
48   16   1       NA

# 2026-01-16 19:59:53 -03: Elite configurations (first number is the configuration ID; listed from best to worst according to the sum of ranks):
   algorithm localsearch alpha beta  rho ants   q0 rasrank elitistants nnls dlb
48       acs           3  4.24 4.72 0.78   52 0.11      NA          NA   16   1
62       acs           2  3.14 8.15 0.56   55 0.58      NA          NA   24   1
79      mmas           3  2.64 7.92 0.80   86   NA      NA          NA   38   1
7        acs           3  3.07 5.19 0.46   78 0.65      NA          NA   10   0
# 2026-01-16 19:59:53 -03: Iteration 2 of 5
# experimentsUsed: 455
# remainingBudget: 2295
# currentBudget: 573
# nbConfigurations: 84
# Markers:
     x No test is performed.
     c Configurations are discarded only due to capping.
     - The test is performed and some configurations are discarded.
     = The test is performed but no configuration is discarded.
     ! The test is performed and configurations could be discarded but elite configurations are preserved.
     . All alive configurations are elite and nothing is discarded.

+-+-----------+-----------+-----------+----------------+-----------+--------+-----+----+------+
| |   Instance|      Alive|       Best|       Mean best| Exp so far|  W time|  rho|KenW|  Qvar|
+-+-----------+-----------+-----------+----------------+-----------+--------+-----+----+------+
|x|          6|         84|        122|     32740046.00|         84|00:04:15|   NA|  NA|    NA|
|x|          1|         84|        150|     32554400.50|        164|00:04:13|+0.95|0.97|0.0013|
|x|          5|         84|        150|     32568924.00|        244|00:04:05|+0.95|0.97|0.0029|
|x|          4|         84|        150|     32517825.00|        324|00:04:13|+0.96|0.97|0.0026|
|-|          2|          7|        150|     32495837.80|        404|00:04:04|+0.74|0.79|0.2783|
|-|          3|          2|        153|     32572273.00|        407|00:01:09|-0.07|0.11|0.5333|
+-+-----------+-----------+-----------+----------------+-----------+--------+-----+----+------+
Best-so-far configuration:         153    mean value:      32572273.00
Description of the best-so-far configuration:
    .ID. algorithm localsearch alpha beta  rho ants   q0 rasrank elitistants
153  153       acs           3  2.24 6.88 0.52   55 0.89      NA          NA
    nnls dlb .PARENT.
153   34   0       62

# 2026-01-16 20:21:54 -03: Elite configurations (first number is the configuration ID; listed from best to worst according to the sum of ranks):
    algorithm localsearch alpha beta  rho ants   q0 rasrank elitistants nnls
153       acs           3  2.24 6.88 0.52   55 0.89      NA          NA   34
150       acs           3  2.59 7.31 0.42   29 0.27      NA          NA   13
    dlb
153   0
150   0
# 2026-01-16 20:21:54 -03: Iteration 3 of 5
# experimentsUsed: 862
# remainingBudget: 1888
# currentBudget: 629
# nbConfigurations: 80
# Markers:
     x No test is performed.
     c Configurations are discarded only due to capping.
     - The test is performed and some configurations are discarded.
     = The test is performed but no configuration is discarded.
     ! The test is performed and configurations could be discarded but elite configurations are preserved.
     . All alive configurations are elite and nothing is discarded.

+-+-----------+-----------+-----------+----------------+-----------+--------+-----+----+------+
| |   Instance|      Alive|       Best|       Mean best| Exp so far|  W time|  rho|KenW|  Qvar|
+-+-----------+-----------+-----------+----------------+-----------+--------+-----+----+------+
|x|          7|         80|        248|     32840845.00|         80|00:06:06|   NA|  NA|    NA|
|x|          4|         80|        180|     32601036.00|        158|00:06:05|+0.96|0.98|0.0028|
|x|          6|         80|        180|     32656161.33|        236|00:06:02|+0.95|0.96|0.0051|
|x|          3|         80|        180|     32756173.00|        314|00:05:05|+0.95|0.96|0.0054|
|-|          1|          5|        180|     32663198.20|        392|00:05:19|+0.10|0.28|0.7717|
+-+-----------+-----------+-----------+----------------+-----------+--------+-----+----+------+
Best configuration for the instances in this race: 180
Best-so-far configuration:         153    mean value:      32624393.43
Description of the best-so-far configuration:
    .ID. algorithm localsearch alpha beta  rho ants   q0 rasrank elitistants
153  153       acs           3  2.24 6.88 0.52   55 0.89      NA          NA
    nnls dlb .PARENT.
153   34   0       62

# 2026-01-16 20:50:32 -03: Elite configurations (first number is the configuration ID; listed from best to worst according to the sum of ranks):
    algorithm localsearch alpha beta  rho ants   q0 rasrank elitistants nnls
153       acs           3  2.24 6.88 0.52   55 0.89      NA          NA   34
150       acs           3  2.59 7.31 0.42   29 0.27      NA          NA   13
180       acs           3  2.12 7.07 0.49   39 0.56      NA          NA   24
234       acs           3  2.04 7.34 0.62   34 0.30      NA          NA   19
173       acs           3  2.05 3.71 0.78   37 0.74      NA          NA   22
    dlb
153   0
150   0
180   1
234   0
173   0
# 2026-01-16 20:50:32 -03: Iteration 4 of 5
# experimentsUsed: 1254
# remainingBudget: 1496
# currentBudget: 748
# nbConfigurations: 87
# Markers:
     x No test is performed.
     c Configurations are discarded only due to capping.
     - The test is performed and some configurations are discarded.
     = The test is performed but no configuration is discarded.
     ! The test is performed and configurations could be discarded but elite configurations are preserved.
     . All alive configurations are elite and nothing is discarded.

+-+-----------+-----------+-----------+----------------+-----------+--------+-----+----+------+
| |   Instance|      Alive|       Best|       Mean best| Exp so far|  W time|  rho|KenW|  Qvar|
+-+-----------+-----------+-----------+----------------+-----------+--------+-----+----+------+
|x|          8|         87|        307|     32380396.00|         87|00:06:41|   NA|  NA|    NA|
|x|          3|         87|        180|     32732433.50|        169|00:05:47|+0.85|0.93|0.0082|
|x|          7|         87|        275|     32776905.67|        251|00:05:49|+0.85|0.90|0.0083|
|x|          4|         87|        180|     32666734.75|        333|00:08:11|+0.86|0.89|0.0072|
|-|          5|         22|        180|     32659490.60|        418|00:07:44|-0.07|0.14|1.0147|
|=|          2|         22|        275|     32602736.17|        438|00:01:53|-0.02|0.15|0.9605|
|=|          6|         22|        275|     32628949.29|        455|00:01:27|+0.02|0.16|0.9305|
|=|          1|         22|        275|     32584789.75|        472|00:01:58|+0.06|0.17|0.8873|
|=|          9|         22|        275|     32642643.78|        494|00:01:54|+0.06|0.16|0.8896|
+-+-----------+-----------+-----------+----------------+-----------+--------+-----+----+------+
Best-so-far configuration:         275    mean value:      32642643.78
Description of the best-so-far configuration:
    .ID. algorithm localsearch alpha beta  rho ants   q0 rasrank elitistants
275  275       acs           3  2.41 7.77 0.49   50 0.63      NA          NA
    nnls dlb .PARENT.
275   15   0      150

# 2026-01-16 21:32:00 -03: Elite configurations (first number is the configuration ID; listed from best to worst according to the sum of ranks):
    algorithm localsearch alpha beta  rho ants   q0 rasrank elitistants nnls
275       acs           3  2.41 7.77 0.49   50 0.63      NA          NA   15
180       acs           3  2.12 7.07 0.49   39 0.56      NA          NA   24
331       acs           3  2.05 6.28 0.49   37 0.16      NA          NA   11
270       acs           3  1.86 5.89 0.48   44 0.83      NA          NA   24
261       acs           3  2.83 7.37 0.59   28 0.34      NA          NA   13
    dlb
275   0
180   1
331   0
270   0
261   0
# 2026-01-16 21:32:00 -03: Iteration 5 of 5
# experimentsUsed: 1748
# remainingBudget: 1002
# currentBudget: 1002
# nbConfigurations: 104
# Markers:
     x No test is performed.
     c Configurations are discarded only due to capping.
     - The test is performed and some configurations are discarded.
     = The test is performed but no configuration is discarded.
     ! The test is performed and configurations could be discarded but elite configurations are preserved.
     . All alive configurations are elite and nothing is discarded.

+-+-----------+-----------+-----------+----------------+-----------+--------+-----+----+------+
| |   Instance|      Alive|       Best|       Mean best| Exp so far|  W time|  rho|KenW|  Qvar|
+-+-----------+-----------+-----------+----------------+-----------+--------+-----+----+------+
|x|         10|        104|        345|     32455408.00|        104|00:04:41|   NA|  NA|    NA|
|x|          3|        104|        397|     32729714.50|        203|00:04:13|+0.38|0.69|0.0029|
|x|          6|        104|        367|     32779281.33|        302|00:04:15|+0.45|0.64|0.0022|
|x|          5|        104|        397|     32702998.75|        401|00:04:10|+0.45|0.59|0.0022|
|-|          4|         50|        367|     32645091.20|        500|00:04:31|-0.11|0.11|1.0731|
|=|          9|         50|        367|     32709170.33|        545|00:01:49|-0.10|0.08|1.0537|
|=|          8|         50|        388|     32665013.43|        590|00:02:10|-0.08|0.08|1.0265|
|=|          1|         50|        180|     32624639.88|        635|00:01:44|-0.06|0.07|1.0215|
|=|          2|         50|        180|     32598614.78|        680|00:01:37|-0.04|0.08|1.0015|
|=|          7|         50|        180|     32629336.00|        725|00:01:57|-0.02|0.08|0.9889|
|=|         11|         50|        275|     32629794.18|        775|00:02:32|-0.02|0.07|0.9902|
+-+-----------+-----------+-----------+----------------+-----------+--------+-----+----+------+
Best-so-far configuration:         275    mean value:      32629794.18
Description of the best-so-far configuration:
    .ID. algorithm localsearch alpha beta  rho ants   q0 rasrank elitistants
275  275       acs           3  2.41 7.77 0.49   50 0.63      NA          NA
    nnls dlb .PARENT.
275   15   0      150

# 2026-01-16 22:05:45 -03: Elite configurations (first number is the configuration ID; listed from best to worst according to the sum of ranks):
    algorithm localsearch alpha beta  rho ants   q0 rasrank elitistants nnls
275       acs           3  2.41 7.77 0.49   50 0.63      NA          NA   15
424       acs           3  2.38 6.33 0.40   43 0.43      NA          NA   22
371       acs           3  2.21 7.93 0.44   43 0.70      NA          NA   19
404       acs           3  2.53 7.71 0.58   31 0.33      NA          NA   13
388       acs           3  2.68 8.58 0.65   30 0.47      NA          NA   16
    dlb
275   0
424   0
371   0
404   0
388   0
# 2026-01-16 22:05:45 -03: Iteration 6 of 6
# experimentsUsed: 2523
# remainingBudget: 227
# currentBudget: 227
# nbConfigurations: 23
# Markers:
     x No test is performed.
     c Configurations are discarded only due to capping.
     - The test is performed and some configurations are discarded.
     = The test is performed but no configuration is discarded.
     ! The test is performed and configurations could be discarded but elite configurations are preserved.
     . All alive configurations are elite and nothing is discarded.

+-+-----------+-----------+-----------+----------------+-----------+--------+-----+----+------+
| |   Instance|      Alive|       Best|       Mean best| Exp so far|  W time|  rho|KenW|  Qvar|
+-+-----------+-----------+-----------+----------------+-----------+--------+-----+----+------+
|x|         12|         23|        275|     32585061.00|         23|00:01:26|   NA|  NA|    NA|
|x|          7|         23|        275|     32711204.00|         41|00:01:25|+0.74|0.87|0.0004|
|x|          5|         23|        442|     32664526.67|         59|00:01:22|+0.51|0.67|0.0009|
|x|          4|         23|        446|     32608304.50|         77|00:01:17|+0.38|0.54|0.0009|
|-|         10|         13|        275|     32578512.80|         95|00:01:26|-0.14|0.09|1.0365|
|=|          6|         13|        446|     32607049.17|        103|00:01:01|-0.06|0.11|0.9624|
|=|          9|         13|        446|     32667419.29|        111|00:00:53|-0.06|0.09|0.9706|
|=|          8|         13|        446|     32642089.75|        119|00:00:39|-0.04|0.09|0.9439|
|=|          2|         13|        275|     32612812.89|        127|00:00:50|+0.02|0.13|0.8847|
|=|          1|         13|        275|     32579098.90|        135|00:00:57|+0.05|0.14|0.8692|
|=|          3|         13|        275|     32625004.91|        143|00:00:52|+0.07|0.16|0.8465|
|-|         11|         11|        424|     32629845.33|        151|00:00:46|-0.00|0.08|0.9223|
|=|         13|         11|        275|     32608316.46|        162|00:00:51|-0.02|0.06|0.9345|
|=|         14|         11|        445|     32600528.43|        173|00:01:02|-0.00|0.07|0.9209|
+-+-----------+-----------+-----------+----------------+-----------+--------+-----+----+------+
Best-so-far configuration:         445    mean value:      32600528.43
Description of the best-so-far configuration:
    .ID. algorithm localsearch alpha beta  rho ants   q0 rasrank elitistants
445  445       acs           3  2.26 6.11 0.29   45 0.48      NA          NA
    nnls dlb .PARENT.
445   13   0      424

# 2026-01-16 22:20:41 -03: Elite configurations (first number is the configuration ID; listed from best to worst according to the sum of ranks):
    algorithm localsearch alpha beta  rho ants   q0 rasrank elitistants nnls
445       acs           3  2.26 6.11 0.29   45 0.48      NA          NA   13
275       acs           3  2.41 7.77 0.49   50 0.63      NA          NA   15
424       acs           3  2.38 6.33 0.40   43 0.43      NA          NA   22
446       acs           3  2.69 8.34 0.29   45 0.66      NA          NA   20
388       acs           3  2.68 8.58 0.65   30 0.47      NA          NA   16
    dlb
445   0
275   0
424   0
446   0
388   0
# 2026-01-16 22:20:41 -03: Iteration 7 of 7
# experimentsUsed: 2696
# remainingBudget: 54
# currentBudget: 54
# nbConfigurations: 8
# Markers:
     x No test is performed.
     c Configurations are discarded only due to capping.
     - The test is performed and some configurations are discarded.
     = The test is performed but no configuration is discarded.
     ! The test is performed and configurations could be discarded but elite configurations are preserved.
     . All alive configurations are elite and nothing is discarded.

+-+-----------+-----------+-----------+----------------+-----------+--------+-----+----+------+
| |   Instance|      Alive|       Best|       Mean best| Exp so far|  W time|  rho|KenW|  Qvar|
+-+-----------+-----------+-----------+----------------+-----------+--------+-----+----+------+
|x|         15|          8|        446|     32785406.00|          8|00:00:55|   NA|  NA|    NA|
|x|         11|          8|        424|     32705478.50|         11|00:00:43|+0.79|0.89|0.1393|
|x|          6|          8|        446|     32695487.33|         14|00:00:31|+0.75|0.83|0.1290|
|x|          7|          8|        446|     32746777.00|         17|00:00:36|+0.72|0.79|0.1569|
|-|          4|          5|        446|     32665403.20|         20|00:00:37|+0.10|0.28|0.8656|
|.|         13|          5|        446|     32626600.67|         20|00:00:00|-0.08|0.10|0.9351|
|.|          1|          5|        446|     32580705.29|         20|00:00:00|-0.03|0.12|0.8910|
|.|          9|          5|        446|     32636822.12|         20|00:00:00|-0.01|0.12|0.8700|
|.|         14|          5|        446|     32625681.67|         20|00:00:00|-0.05|0.07|0.8666|
|.|          5|          5|        446|     32619158.60|         20|00:00:00|-0.05|0.05|0.8571|
|.|         12|          5|        446|     32620345.36|         20|00:00:00|-0.06|0.04|0.8534|
|.|          3|          5|        446|     32659535.17|         20|00:00:00|-0.04|0.04|0.8536|
|.|         10|          5|        446|     32650245.85|         20|00:00:00|-0.04|0.04|0.8527|
|.|          8|          5|        446|     32636998.50|         20|00:00:00|-0.06|0.02|0.8555|
|.|          2|          5|        446|     32616536.53|         20|00:00:00|-0.04|0.03|0.8397|
+-+-----------+-----------+-----------+----------------+-----------+--------+-----+----+------+
Best configuration for the instances in this race: 446
Best-so-far configuration:         424    mean value:      32627498.20
Description of the best-so-far configuration:
    .ID. algorithm localsearch alpha beta rho ants   q0 rasrank elitistants
424  424       acs           3  2.38 6.33 0.4   43 0.43      NA          NA
    nnls dlb .PARENT.
424   22   0      180

# 2026-01-16 22:24:06 -03: Elite configurations (first number is the configuration ID; listed from best to worst according to the sum of ranks):
    algorithm localsearch alpha beta  rho ants   q0 rasrank elitistants nnls
424       acs           3  2.38 6.33 0.40   43 0.43      NA          NA   22
445       acs           3  2.26 6.11 0.29   45 0.48      NA          NA   13
275       acs           3  2.41 7.77 0.49   50 0.63      NA          NA   15
446       acs           3  2.69 8.34 0.29   45 0.66      NA          NA   20
388       acs           3  2.68 8.58 0.65   30 0.47      NA          NA   16
    dlb
424   0
445   0
275   0
446   0
388   0
# 2026-01-16 22:24:06 -03: Iteration 8 of 8
# experimentsUsed: 2716
# remainingBudget: 34
# currentBudget: 34
# nbConfigurations: 6
# Markers:
     x No test is performed.
     c Configurations are discarded only due to capping.
     - The test is performed and some configurations are discarded.
     = The test is performed but no configuration is discarded.
     ! The test is performed and configurations could be discarded but elite configurations are preserved.
     . All alive configurations are elite and nothing is discarded.

+-+-----------+-----------+-----------+----------------+-----------+--------+-----+----+------+
| |   Instance|      Alive|       Best|       Mean best| Exp so far|  W time|  rho|KenW|  Qvar|
+-+-----------+-----------+-----------+----------------+-----------+--------+-----+----+------+
|x|         16|          6|        275|     32436745.00|          6|00:00:34|   NA|  NA|    NA|
|x|          6|          6|        424|     32612461.50|          7|00:00:24|+0.49|0.74|0.3372|
|x|         14|          6|        446|     32568548.33|          8|00:00:23|+0.20|0.47|0.5176|
|x|         10|          6|        275|     32591158.25|          9|00:00:24|+0.31|0.49|0.4065|
|=|         13|          6|        275|     32551990.00|         10|00:00:27|+0.30|0.44|0.4032|
|-|          9|          5|        445|     32621654.50|         11|00:00:26|-0.17|0.03|0.9484|
|.|          7|          5|        445|     32663686.00|         11|00:00:00|-0.10|0.05|0.9144|
|.|         11|          5|        445|     32659727.38|         11|00:00:00|-0.05|0.08|0.8669|
|.|         12|          5|        445|     32664180.11|         11|00:00:00|+0.01|0.12|0.8202|
|.|          3|          5|        445|     32703348.20|         11|00:00:00|+0.02|0.12|0.8281|
|.|         15|          5|        445|     32722505.36|         11|00:00:00|+0.02|0.11|0.8177|
|.|          8|          5|        445|     32700543.83|         11|00:00:00|-0.02|0.07|0.8336|
|.|          1|          5|        445|     32670656.46|         11|00:00:00|+0.02|0.10|0.8036|
|.|          5|          5|        445|     32660539.29|         11|00:00:00|-0.02|0.06|0.8239|
|.|          2|          5|        445|     32638457.20|         11|00:00:00|+0.01|0.08|0.7992|
|.|          4|          5|        445|     32615109.94|         11|00:00:00|-0.02|0.04|0.8225|
+-+-----------+-----------+-----------+----------------+-----------+--------+-----+----+------+
Best configuration for the instances in this race: 445
Best-so-far configuration:         424    mean value:      32616926.94
Description of the best-so-far configuration:
    .ID. algorithm localsearch alpha beta rho ants   q0 rasrank elitistants
424  424       acs           3  2.38 6.33 0.4   43 0.43      NA          NA
    nnls dlb .PARENT.
424   22   0      180

# 2026-01-16 22:26:45 -03: Elite configurations (first number is the configuration ID; listed from best to worst according to the sum of ranks):
    algorithm localsearch alpha beta  rho ants   q0 rasrank elitistants nnls
424       acs           3  2.38 6.33 0.40   43 0.43      NA          NA   22
275       acs           3  2.41 7.77 0.49   50 0.63      NA          NA   15
445       acs           3  2.26 6.11 0.29   45 0.48      NA          NA   13
446       acs           3  2.69 8.34 0.29   45 0.66      NA          NA   20
388       acs           3  2.68 8.58 0.65   30 0.47      NA          NA   16
    dlb
424   0
275   0
445   0
446   0
388   0
# 2026-01-16 22:26:45 -03: Iteration 9 of 9
# experimentsUsed: 2727
# remainingBudget: 23
# currentBudget: 23
# nbConfigurations: 6
# Markers:
     x No test is performed.
     c Configurations are discarded only due to capping.
     - The test is performed and some configurations are discarded.
     = The test is performed but no configuration is discarded.
     ! The test is performed and configurations could be discarded but elite configurations are preserved.
     . All alive configurations are elite and nothing is discarded.

+-+-----------+-----------+-----------+----------------+-----------+--------+-----+----+------+
| |   Instance|      Alive|       Best|       Mean best| Exp so far|  W time|  rho|KenW|  Qvar|
+-+-----------+-----------+-----------+----------------+-----------+--------+-----+----+------+
|x|         17|          6|        275|     32973503.00|          6|00:00:38|   NA|  NA|    NA|
|x|         15|          6|        424|     32910452.00|          7|00:00:14|-0.26|0.37|1.0286|
|x|          2|          6|        275|     32709813.67|          8|00:00:13|-0.22|0.19|0.9014|
|x|          1|          6|        424|     32602548.25|          9|00:00:15|+0.09|0.31|0.6720|
|=|         13|          6|        275|     32560086.20|         10|00:00:14|+0.01|0.20|0.7780|
|=|         12|          6|        275|     32564248.67|         11|00:00:12|+0.14|0.28|0.6810|
|=|         14|          6|        275|     32574421.86|         12|00:00:13|+0.08|0.21|0.7438|
|=|          9|          6|        424|     32637154.12|         13|00:00:14|-0.01|0.12|0.8260|
|=|         16|          6|        275|     32618130.44|         14|00:00:14|+0.03|0.14|0.8017|
|=|          7|          6|        275|     32640052.10|         15|00:00:13|+0.07|0.16|0.7811|
|=|          3|          6|        424|     32680274.82|         16|00:00:16|+0.06|0.14|0.7963|
|=|         10|          6|        424|     32667247.50|         17|00:00:16|+0.11|0.18|0.7643|
|=|          4|          6|        424|     32645667.62|         18|00:00:14|+0.04|0.11|0.8078|
|=|          5|          6|        275|     32639624.43|         19|00:00:16|+0.02|0.09|0.8163|
|=|          8|          6|        275|     32624269.80|         20|00:00:14|+0.01|0.08|0.8201|
|=|         11|          6|        275|     32625111.88|         21|00:00:14|+0.03|0.09|0.8110|
|=|          6|          6|        424|     32640752.65|         22|00:00:14|+0.01|0.07|0.8189|
+-+-----------+-----------+-----------+----------------+-----------+--------+-----+----+------+
Best-so-far configuration:         424    mean value:      32640752.65
Description of the best-so-far configuration:
    .ID. algorithm localsearch alpha beta rho ants   q0 rasrank elitistants
424  424       acs           3  2.38 6.33 0.4   43 0.43      NA          NA
    nnls dlb .PARENT.
424   22   0      180

# 2026-01-16 22:31:19 -03: Elite configurations (first number is the configuration ID; listed from best to worst according to the sum of ranks):
    algorithm localsearch alpha beta  rho ants   q0 rasrank elitistants nnls
424       acs           3  2.38 6.33 0.40   43 0.43      NA          NA   22
275       acs           3  2.41 7.77 0.49   50 0.63      NA          NA   15
445       acs           3  2.26 6.11 0.29   45 0.48      NA          NA   13
446       acs           3  2.69 8.34 0.29   45 0.66      NA          NA   20
388       acs           3  2.68 8.58 0.65   30 0.47      NA          NA   16
    dlb
424   0
275   0
445   0
446   0
388   0
# 2026-01-16 22:31:19 -03: Stopped because there is not enough budget left to race more than the minimum (5).
# You may either increase the budget or set 'minNbSurvival' to a lower value.
# Iteration: 10
# nbIterations: 10
# experimentsUsed: 2749
# timeUsed: 0
# remainingBudget: 1
# currentBudget: 1
# number of elites: 5
# nbConfigurations: 5
# Total CPU user time: 82539.87, CPU sys time: 276.067, Wall-clock time: 10551.77
    .ID. algorithm localsearch alpha beta  rho ants   q0 rasrank elitistants
424  424       acs           3  2.38 6.33 0.40   43 0.43      NA          NA
275  275       acs           3  2.41 7.77 0.49   50 0.63      NA          NA
445  445       acs           3  2.26 6.11 0.29   45 0.48      NA          NA
446  446       acs           3  2.69 8.34 0.29   45 0.66      NA          NA
388  388       acs           3  2.68 8.58 0.65   30 0.47      NA          NA
    nnls dlb .PARENT. .RANK.   .WEIGHT.
424   22   0      180     51 0.33333333
275   15   0      150     51 0.26666667
445   13   0      424     56 0.20000000
446   20   0      371     61 0.13333333
388   16   0      275     67 0.06666667
