#------------------------------------------------------------------------------
# irace: An implementation in R of (Elitist) Iterated Racing
# Version: 4.2.0.9000.4117289
# Copyright (C) 2010-2025
# Manuel Lopez-Ibanez     <manuel.lopez-ibanez@manchester.ac.uk>
# Jeremie Dubois-Lacoste
# Leslie Perez Caceres    <leslie.perez.caceres@ulb.ac.be>
#
# This is free software, and you are welcome to redistribute it under certain
# conditions.  See the GNU General Public License for details. There is NO
# WARRANTY; not even for MERCHANTABILITY or FITNESS FOR A PARTICULAR PURPOSE.
#
# irace builds upon previous code from the race package:
#     race: Racing methods for the selection of the best
#     Copyright (C) 2003 Mauro Birattari
#------------------------------------------------------------------------------
# installed at: /home/pestobar/R/x86_64-redhat-linux-gnu-library/4.5/irace
# called with: --only-test configurations.txt --scenario scenario.txt
# 2026-01-31 11:03:40 -03: Checking scenario.
# 2026-01-31 11:03:40 -03: Reading parameter file '/home/pestobar/Activities/irace-executions/PSO-X/Scenarios/Best_Elites/Runs/Best_Elites_seed_1400299/parameters.txt'.
# 2026-01-31 11:03:40 -03: 2 expression(s) specifying forbidden configurations read.
## irace scenario:
scenarioFile = "/home/pestobar/Activities/irace-executions/PSO-X/Scenarios/Best_Elites/Runs/Best_Elites_seed_1400299/scenario.txt"
execDir = "/home/pestobar/Activities/irace-executions/PSO-X/Scenarios/Best_Elites/Runs/Best_Elites_seed_1400299/Results"
parameterFile = "/home/pestobar/Activities/irace-executions/PSO-X/Scenarios/Best_Elites/Runs/Best_Elites_seed_1400299/parameters.txt"
parameters = <environment>
initConfigurations = NULL
configurationsFile = ""
logFile = "/home/pestobar/Activities/irace-executions/PSO-X/Scenarios/Best_Elites/Runs/Best_Elites_seed_1400299/Results/irace.Rdata"
recoveryFile = ""
instances = c("--competition 3 --problem 0 --dimensions 30", "--competition 3 --problem 1 --dimensions 30", "--competition 3 --problem 2 --dimensions 30", "--competition 3 --problem 3 --dimensions 30", "--competition 3 --problem 4 --dimensions 30", "--competition 3 --problem 5 --dimensions 30", "--competition 3 --problem 6 --dimensions 30", "--competition 3 --problem 7 --dimensions 30", "--competition 3 --problem 8 --dimensions 30", "--competition 3 --problem 9 --dimensions 30", "--competition 3 --problem 10 --dimensions 30", "--competition 3 --problem 11 --dimensions 30", "--competition 3 --problem 12 --dimensions 30", "--competition 3 --problem 13 --dimensions 30", "--competition 3 --problem 14 --dimensions 30", "--competition 3 --problem 15 --dimensions 30", "--competition 3 --problem 16 --dimensions 30", "--competition 3 --problem 17 --dimensions 30", "--competition 3 --problem 18 --dimensions 30", "--competition 3 --problem 19 --dimensions 30", "--competition 3 --problem 20 --dimensions 30", "--competition 3 --problem 21 --dimensions 30", "--competition 3 --problem 22 --dimensions 30", "--competition 3 --problem 23 --dimensions 30", "--competition 3 --problem 24 --dimensions 30", "--competition 3 --problem 25 --dimensions 30", "--competition 3 --problem 26 --dimensions 30", "--competition 3 --problem 27 --dimensions 30", "--competition 3 --problem 28 --dimensions 30", "--competition 3 --problem 29 --dimensions 30", "--competition 3 --problem 30 --dimensions 30", "--competition 3 --problem 31 --dimensions 30", "--competition 3 --problem 32 --dimensions 30", "--competition 3 --problem 33 --dimensions 30", "--competition 3 --problem 34 --dimensions 30", "--competition 3 --problem 35 --dimensions 30", "--competition 3 --problem 36 --dimensions 30", "--competition 3 --problem 37 --dimensions 30", "--competition 3 --problem 38 --dimensions 30", "--competition 3 --problem 39 --dimensions 30", "--competition 3 --problem 40 --dimensions 30", "--competition 3 --problem 41 --dimensions 30", "--competition 3 --problem 42 --dimensions 30", "--competition 3 --problem 43 --dimensions 30", "--competition 3 --problem 44 --dimensions 30", "--competition 3 --problem 45 --dimensions 30", "--competition 3 --problem 46 --dimensions 30", "--competition 3 --problem 47 --dimensions 30", "--competition 3 --problem 48 --dimensions 30", "--competition 3 --problem 49 --dimensions 30")
trainInstancesDir = ""
trainInstancesFile = "/home/pestobar/Activities/irace-executions/PSO-X/Instances/train_MIXTURE.txt"
sampleInstances = TRUE
testInstancesDir = ""
testInstancesFile = "/home/pestobar/Activities/irace-executions/PSO-X/TestingInstances/test_MIXTURE.txt"
testInstances = c("1t" = "--competition 3 --problem 0 --dimensions 50", "2t" = "--competition 3 --problem 1 --dimensions 50", "3t" = "--competition 3 --problem 2 --dimensions 50", "4t" = "--competition 3 --problem 3 --dimensions 50", "5t" = "--competition 3 --problem 4 --dimensions 50", "6t" = "--competition 3 --problem 5 --dimensions 50", "7t" = "--competition 3 --problem 6 --dimensions 50", "8t" = "--competition 3 --problem 7 --dimensions 50", "9t" = "--competition 3 --problem 8 --dimensions 50", "10t" = "--competition 3 --problem 9 --dimensions 50", "11t" = "--competition 3 --problem 10 --dimensions 50", "12t" = "--competition 3 --problem 11 --dimensions 50", "13t" = "--competition 3 --problem 12 --dimensions 50", "14t" = "--competition 3 --problem 13 --dimensions 50", "15t" = "--competition 3 --problem 14 --dimensions 50", "16t" = "--competition 3 --problem 15 --dimensions 50", "17t" = "--competition 3 --problem 16 --dimensions 50", "18t" = "--competition 3 --problem 17 --dimensions 50", "19t" = "--competition 3 --problem 18 --dimensions 50", "20t" = "--competition 3 --problem 19 --dimensions 50", "21t" = "--competition 3 --problem 20 --dimensions 50", "22t" = "--competition 3 --problem 21 --dimensions 50", "23t" = "--competition 3 --problem 22 --dimensions 50", "24t" = "--competition 3 --problem 23 --dimensions 50", "25t" = "--competition 3 --problem 24 --dimensions 50", "26t" = "--competition 3 --problem 25 --dimensions 50", "27t" = "--competition 3 --problem 26 --dimensions 50", "28t" = "--competition 3 --problem 27 --dimensions 50", "29t" = "--competition 3 --problem 28 --dimensions 50", "30t" = "--competition 3 --problem 29 --dimensions 50", "31t" = "--competition 3 --problem 30 --dimensions 50", "32t" = "--competition 3 --problem 31 --dimensions 50", "33t" = "--competition 3 --problem 32 --dimensions 50", "34t" = "--competition 3 --problem 33 --dimensions 50", "35t" = "--competition 3 --problem 34 --dimensions 50", "36t" = "--competition 3 --problem 35 --dimensions 50", "37t" = "--competition 3 --problem 36 --dimensions 50", "38t" = "--competition 3 --problem 37 --dimensions 50", "39t" = "--competition 3 --problem 38 --dimensions 50", "40t" = "--competition 3 --problem 39 --dimensions 50", "41t" = "--competition 3 --problem 40 --dimensions 50", "42t" = "--competition 3 --problem 41 --dimensions 50", "43t" = "--competition 3 --problem 42 --dimensions 50", "44t" = "--competition 3 --problem 43 --dimensions 50", "45t" = "--competition 3 --problem 44 --dimensions 50", "46t" = "--competition 3 --problem 45 --dimensions 50", "47t" = "--competition 3 --problem 46 --dimensions 50", "48t" = "--competition 3 --problem 47 --dimensions 50", "49t" = "--competition 3 --problem 48 --dimensions 50", "50t" = "--competition 3 --problem 49 --dimensions 50")
testNbElites = 1L
testIterationElites = FALSE
testType = "friedman"
firstTest = 5L
blockSize = 1L
eachTest = 1L
targetRunner = "/home/pestobar/Activities/irace-executions/PSO-X/Scenarios/Best_Elites/Runs/Best_Elites_seed_1400299/target-runner"
targetRunnerLauncher = ""
targetCmdline = "{configurationID} {instanceID} {seed} {instance} {bound} {targetRunnerArgs}"
targetRunnerRetries = 0L
targetRunnerTimeout = 0L
targetRunnerData = ""
targetRunnerParallel = NULL
targetEvaluator = NULL
deterministic = FALSE
maxExperiments = 5500L
minExperiments = NA_character_
maxTime = 0L
budgetEstimation = 0.05
minMeasurableTime = 0.01
parallel = 10L
loadBalancing = TRUE
mpi = FALSE
batchmode = "0"
quiet = FALSE
debugLevel = 0L
seed = 1400299L
softRestart = TRUE
softRestartThreshold = 1e-04
elitist = TRUE
elitistNewInstances = 1L
elitistLimit = 2L
repairConfiguration = NULL
capping = FALSE
cappingAfterFirstTest = FALSE
cappingType = "median"
boundType = "candidate"
boundMax = NULL
boundDigits = 0L
boundPar = 1L
boundAsTimeout = TRUE
postselection = TRUE
aclib = FALSE
nbIterations = 0L
nbExperimentsPerIteration = 0L
minNbSurvival = 0L
nbConfigurations = 0L
mu = 5L
confidence = 0.95
## end of irace scenario
# 2026-01-31 11:03:40 -03: Read 80 configuration(s) from file 'configurations.txt'
# 2026-01-31 11:03:40 -03: Testing configurations (in the order given as input): 
   particles topology modInfluence branching tSchedule phi1 phi2 inertia
1         21        4            0        NA        NA 1.89 2.36    0.38
2        134        4            0        NA        NA 2.09 2.30    0.53
3          9        1            0        NA        NA 1.54 2.48    0.26
4        142        4            0        NA        NA 1.27 2.48    0.50
5         67        4            0        NA        NA 1.58 2.49    0.41
6         66        1            1        NA        NA 2.05 1.48    0.59
7         90        4            0        NA        NA 1.94 2.40    0.65
8        162        4            2        NA        NA 0.44 2.37    0.81
9         85        4            0        NA        NA 2.15 2.28    0.55
10        45        4            0        NA        NA 1.79 2.42    0.50
11        82        4            0        NA        NA 1.24 2.44    0.35
12       106        4            0        NA        NA 1.91 2.36    0.46
13        77        4            0        NA        NA 1.28 2.47    0.42
14        57        4            0        NA        NA 0.59 2.22    0.56
15        20        0            1        NA        NA 2.46 2.08    0.31
16       108        4            0        NA        NA 2.14 2.28    0.67
17       142        4            0        NA        NA 2.03 2.45    0.37
18       101        4            0        NA        NA 2.28 2.16    0.50
19         6        5            0        NA         6 2.43 2.33    0.21
20        18        0            1        NA        NA 1.86 2.30    0.24
21       149        4            0        NA        NA 1.24 2.43    0.40
22       138        4            0        NA        NA 2.42 2.48    0.58
23        15        0            1        NA        NA 1.34 2.03    0.19
24       144        4            0        NA        NA 1.96 2.47    0.60
25       119        4            0        NA        NA 0.85 2.49    0.50
26        56        1            1        NA        NA 2.15 2.11    0.57
27        76        4            0        NA        NA 2.25 2.43    0.61
28        75        4            0        NA        NA 1.87 2.34    0.55
29       165        4            0        NA        NA 2.45 2.44    0.37
30        71        4            0        NA        NA 1.86 2.42    0.65
31        92        4            0        NA        NA 1.30 2.43    0.41
32        14        4            0        NA        NA 1.38 2.15    0.26
33        80        4            0        NA        NA 1.65 2.50    0.27
34        11        4            0        NA        NA 1.41 2.38    0.48
35        40        1            1        NA        NA 2.47 2.15    0.44
36       134        4            0        NA        NA 2.01 2.42    0.53
37       102        4            0        NA        NA 2.17 2.48    0.43
38       109        4            0        NA        NA 1.97 2.44    0.56
39       162        0            0        NA        NA 1.96 2.26    0.18
40        21        0            1        NA        NA 2.25 2.32    0.22
41        38        4            0        NA        NA 2.21 1.60    0.53
42       150        4            0        NA        NA 1.95 2.33    0.58
43         4        4            2        NA        NA 1.77 2.47    0.41
44       105        4            0        NA        NA 0.43 2.38    0.25
45        75        4            0        NA        NA 2.17 2.11    0.61
46       115        1            1        NA        NA 2.36 2.43    0.66
47       115        4            0        NA        NA 2.26 2.13    0.74
48        83        4            0        NA        NA 2.38 2.39    0.11
49        38        4            0        NA        NA 2.46 1.83    0.67
50        83        4            0        NA        NA 1.42 2.41    0.70
51        79        4            0        NA        NA 1.02 2.39    0.45
52        83        4            0        NA        NA 2.35 2.47    0.44
53        25        1            0        NA        NA 1.69 2.28    0.33
54        89        4            2        NA        NA 2.41 2.46    0.72
55        25        1            2        NA        NA 2.11 2.38    0.30
56       103        4            0        NA        NA 0.96 2.24    0.45
57        84        4            0        NA        NA 2.11 2.48    0.32
58       103        4            0        NA        NA 0.50 2.49    0.48
59        28        0            0        NA        NA 1.99 1.81    0.13
60        22        1            1        NA        NA 2.31 2.37    0.25
61        47        1            0        NA        NA 2.09 2.05    0.14
62        85        4            0        NA        NA 2.11 2.33    0.54
63       104        4            0        NA        NA 2.27 2.39    0.41
64        90        4            0        NA        NA 0.31 2.31    0.15
65       113        4            0        NA        NA 2.23 2.37    0.60
66        93        4            0        NA        NA 1.89 1.55    0.42
67        53        1            0        NA        NA 2.25 2.49    0.64
68       136        4            2        NA        NA 1.47 2.26    0.82
69        58        0            0        NA        NA 1.01 1.62    0.12
70        91        4            0        NA        NA 2.43 2.31    0.50
71        68        4            0        NA        NA 0.99 2.49    0.28
72        21        4            0        NA        NA 2.30 2.28    0.31
73       113        4            0        NA        NA 2.17 2.37    0.39
74       167        4            2        NA        NA 1.24 2.46    0.63
75       153        4            0        NA        NA 1.84 2.45    0.31
76        90        4            0        NA        NA 1.66 2.30    0.57
77        84        4            0        NA        NA 0.78 2.24    0.29
78       135        4            0        NA        NA 1.32 2.29    0.57
79        88        0            0        NA        NA 1.68 2.50    0.22
80       200        4            2        NA        NA 2.48 2.31    0.64
# 2026-01-31 13:47:54 -03: Testing results (column number is configuration ID in no particular order):
         seeds            1            2            3            4            5
1t    55924203 8.726216e-01 1.491740e+00 9.015966e-01 1.549531e+00 1.026250e+00
2t   513397970 3.435123e+06 1.830009e+07 2.890919e+06 1.149690e+07 8.455831e+06
3t  2036454337 1.203618e+06 2.387699e+06 1.311763e+06 2.413353e+06 2.039810e+06
4t   658787561 9.168297e+04 1.195194e+05 4.460317e+04 1.074192e+05 1.172406e+05
5t  1334298963 2.353130e+01 1.654130e+01 1.711462e+01 2.053674e+01 3.752636e+01
6t  1566306548 6.328090e+00 3.263238e+02 3.869176e+00 4.248066e+02 6.219565e+01
7t   563163673 8.331276e+03 3.721812e+03 5.454576e+03 3.452301e+03 5.938071e+03
8t  1411933318 5.500704e+00 6.543390e+00 5.087502e+00 7.233890e+00 6.073928e+00
9t   320147295 3.171260e+02 2.494027e+02 3.494431e+02 2.771668e+02 3.058830e+02
10t 1337526042 2.429957e+01 2.965820e+01 2.796648e+01 3.040022e+01 2.497331e+01
11t  890426001 3.013933e+02 2.628279e+02 3.195400e+02 1.939667e+02 2.881386e+02
12t 1092653397 1.251845e+03 2.672506e+02 2.833488e+03 3.480455e+02 3.124759e+03
13t  709540970 1.982975e+01 1.580138e+00 2.019053e+01 1.699912e+00 1.349612e+00
14t  485611183 2.090547e+01 2.102432e+01 2.079819e+01 2.106164e+01 2.104182e+01
15t   45387917 1.512488e+02 2.261336e+02 1.196211e+02 2.200364e+02 1.523947e+02
16t 2007969221 4.708132e+01 4.935957e+01 4.707907e+01 4.889679e+01 4.890798e+01
17t  817614954 4.550886e-02 7.371221e-01 8.153027e-02 5.621642e-01 1.028149e+00
18t   73512301 8.810031e-01 9.551494e-01 8.478141e-01 1.004681e+00 9.273776e-01
19t  595578879 6.202240e+02 4.748478e+02 5.697796e+02 4.755822e+02 4.470921e+02
20t  524471085 3.977705e+02 2.745717e+02 5.808058e+02 2.639521e+02 3.454149e+02
21t 1647626276 2.947676e+04 2.646891e+04 3.021547e+04 2.795300e+04 2.740976e+04
22t  981252044 2.820689e+04 2.827798e+04 3.010173e+04 2.812309e+04 2.864522e+04
23t 1432806662 5.566876e+01 4.636606e+01 6.314291e+01 4.737687e+01 5.085160e+01
24t  579844656 1.033404e+00 9.096785e-01 1.399892e+00 6.474361e-01 1.079632e+00
25t  842463619 6.408191e-01 4.922181e-01 7.594621e-01 5.542640e-01 5.314495e-01
26t  556298406 3.577259e-01 2.757057e-01 7.818229e-01 3.238116e-01 2.785179e-01
27t  199272572 1.139983e+02 6.238973e+01 1.270379e+02 3.337809e+01 1.106414e+02
28t   77172497 2.616195e+02 2.353326e+02 1.710084e+02 2.397697e+02 2.712514e+02
29t  615317868 3.999662e+02 3.164680e+02 4.177363e+02 2.750579e+02 3.225548e+02
30t 1878149602 1.229758e+01 1.285176e+01 1.285885e+01 1.212307e+01 1.068295e+01
31t 1434612535 2.257698e+02 1.439156e+02 2.675628e+02 1.569337e+02 1.890954e+02
32t  440657001 4.210013e+02 2.712646e+02 3.942274e+02 2.983406e+02 7.229880e+02
33t 1319351572 1.098511e+02 1.129691e+02 1.635683e+02 1.073877e+02 1.119698e+02
34t   51084881 2.424544e+01 2.832278e+01 3.419025e+01 2.669991e+01 2.561203e+01
35t 1092445795 1.303275e+04 1.256492e+04 1.337559e+04 1.250265e+04 1.301647e+04
36t 1477622151 2.187220e+05 1.950431e+05 2.709207e+05 2.151720e+05 2.375338e+05
37t    4010315 5.629955e+01 5.844571e+01 5.400741e+01 5.847494e+01 5.658844e+01
38t 1090613322 4.762381e+05 2.278091e+05 5.914248e+05 2.077465e+05 2.220493e+05
39t 1053205317 5.495114e+00 5.782461e+00 6.067058e+00 5.862197e+00 5.758864e+00
40t  919000171 6.197690e+01 4.591439e+01 5.532895e+01 2.805355e+01 7.154237e+01
41t  599507817 6.598291e+02 4.499703e+02 6.971988e+02 4.500654e+02 4.481872e+02
42t 1004135393 4.277346e+02 3.128035e+02 3.804415e+02 3.030667e+02 4.284825e+02
43t   17867189 4.328753e+02 4.437917e+02 5.077629e+02 3.930162e+02 4.378736e+02
44t  429079224 9.382675e+02 9.365769e+02 9.312244e+02 9.383089e+02 9.261187e+02
45t 1175268661 9.935089e+02 9.280839e+02 9.904182e+02 9.382805e+02 9.426841e+02
46t 1446432792 1.000635e+03 9.320244e+02 1.023973e+03 9.276443e+02 9.325399e+02
47t 1874281202 9.026204e+02 1.026332e+03 5.358635e+02 1.020709e+03 1.024195e+03
48t 1984177901 9.802461e+02 9.230533e+02 1.114373e+03 9.373556e+02 9.642077e+02
49t 1583655469 1.024010e+03 5.729850e+02 5.501029e+02 1.021432e+03 5.624434e+02
50t 2069959401 1.126920e+03 8.898412e+02 9.465187e+02 9.097017e+02 9.785601e+02
               6            7            8            9           10
1t  1.364301e+00 1.814802e+00 2.751149e+00 1.335327e+00 1.084787e+00
2t  6.042316e+06 1.511727e+07 5.940744e+06 1.141641e+07 5.070394e+06
3t  1.943248e+06 3.101265e+06 4.866309e+06 2.373004e+06 1.852222e+06
4t  1.495036e+05 1.155671e+05 1.410359e+05 1.064650e+05 1.339360e+05
5t  5.771423e+01 6.269999e+00 3.681822e+00 2.314500e+01 3.224858e+01
6t  1.923369e+02 3.817206e+02 2.877916e+02 1.477029e+02 2.228774e+01
7t  7.035635e+03 3.372271e+03 3.004059e+03 3.125754e+03 4.539151e+03
8t  6.314536e+00 7.802069e+00 9.996969e+00 6.784894e+00 5.959438e+00
9t  3.800275e+02 2.315313e+02 4.398584e+01 2.370487e+02 2.953536e+02
10t 2.877790e+01 3.217517e+01 3.879503e+01 3.126323e+01 2.874978e+01
11t 3.618663e+02 2.174465e+02 2.060027e+02 2.733796e+02 2.687766e+02
12t 2.809689e+04 1.986026e+02 2.394545e+03 2.341017e+02 7.182337e+03
13t 2.036446e+01 1.795155e+00 2.364610e+00 1.690190e+00 1.411084e+00
14t 2.112325e+01 2.111323e+01 2.109709e+01 2.112896e+01 2.104793e+01
15t 1.876135e+02 2.492593e+02 4.320891e+02 2.302254e+02 1.769425e+02
16t 1.026810e+02 4.936522e+01 4.933571e+01 4.840370e+01 4.902167e+01
17t 3.464346e+02 3.759259e-01 1.150356e-01 9.536289e-02 2.081289e-01
18t 9.447203e-01 1.025764e+00 1.046610e+00 9.436339e-01 9.386876e-01
19t 1.447330e+03 4.489086e+02 3.757125e+02 4.280426e+02 4.616770e+02
20t 6.536085e+02 2.326074e+02 2.742692e+02 2.005520e+02 3.485961e+02
21t 3.417815e+04 2.616047e+04 3.248618e+04 2.752288e+04 2.867466e+04
22t 3.584887e+04 2.798324e+04 3.237223e+04 2.856448e+04 2.809245e+04
23t 6.973814e+01 4.847890e+01 5.082246e+01 4.997907e+01 4.899868e+01
24t 3.731648e+00 8.000931e-01 3.181243e+00 7.384515e-01 8.342061e-01
25t 6.024787e-01 5.652946e-01 5.681367e-01 5.693259e-01 6.689163e-01
26t 2.498494e-01 3.055843e-01 2.675261e-01 3.147707e-01 2.551866e-01
27t 4.547338e+01 6.342139e+01 5.585003e+01 8.161416e+01 8.548927e+01
28t 1.997512e+02 2.642560e+02 3.446070e+02 2.176829e+02 2.105267e+02
29t 4.339366e+02 2.468993e+02 3.131333e+02 3.324881e+02 3.227963e+02
30t 1.801393e+01 1.257044e+01 1.507250e+01 1.153355e+01 1.131027e+01
31t 1.080540e+02 1.846313e+02 4.802944e+01 1.772651e+02 2.218377e+02
32t 3.233270e+02 3.475450e+02 3.266341e+02 3.096127e+02 5.067447e+02
33t 1.566347e+02 1.026469e+02 9.690495e+01 1.025019e+02 1.030554e+02
34t 2.596530e+01 2.653446e+01 3.375039e+01 2.649453e+01 2.607757e+01
35t 1.391212e+04 1.257371e+04 1.234206e+04 1.260478e+04 1.301564e+04
36t 1.591606e+05 2.283940e+05 3.471073e+05 2.029541e+05 2.278927e+05
37t 6.433694e+01 5.948297e+01 6.019817e+01 6.213226e+01 5.571806e+01
38t 1.509813e+05 2.383070e+05 2.064145e+05 2.802685e+05 4.052555e+05
39t 5.318180e+00 6.478924e+00 6.025466e+00 5.614642e+00 5.594015e+00
40t 9.057677e+02 1.978559e+01 2.528765e+01 3.961378e+01 3.571293e+01
41t 4.491972e+02 4.513253e+02 4.579370e+02 4.496943e+02 5.507543e+02
42t 4.265218e+02 2.963042e+02 2.785799e+02 3.949745e+02 4.278546e+02
43t 4.404410e+02 3.430332e+02 3.349283e+02 3.809070e+02 3.734446e+02
44t 9.524267e+02 9.217449e+02 9.290572e+02 9.323009e+02 9.456851e+02
45t 9.467846e+02 9.290912e+02 9.222217e+02 9.328376e+02 9.440637e+02
46t 9.475020e+02 9.283766e+02 9.248834e+02 9.350919e+02 9.375688e+02
47t 5.491444e+02 1.023303e+03 6.035115e+02 9.134048e+02 9.112042e+02
48t 1.129867e+03 9.405789e+02 9.342675e+02 9.222252e+02 9.495482e+02
49t 5.647896e+02 1.018878e+03 6.345538e+02 1.020057e+03 1.017633e+03
50t 1.226637e+03 8.963907e+02 4.605339e+02 9.214098e+02 9.244356e+02
              11           12           13           14           15
1t  1.143175e+00 1.205698e+00 1.193303e+00 1.751899e+00 6.650039e-01
2t  9.552101e+06 1.093903e+07 8.278859e+06 8.888050e+06 2.544142e+06
3t  1.809958e+06 2.011616e+06 1.635189e+06 3.226180e+06 9.569908e+05
4t  1.113800e+05 1.191685e+05 1.182593e+05 9.429653e+04 1.468669e+05
5t  3.199214e+01 2.273982e+01 3.885788e+01 1.542380e+01 4.383671e+01
6t  1.651949e+02 3.009242e+02 1.876798e+02 4.229853e+01 4.344765e+00
7t  5.310861e+03 6.305089e+03 3.053502e+03 3.137150e+03 1.335484e+04
8t  5.903640e+00 6.172570e+00 5.895208e+00 8.131943e+00 4.187081e+00
9t  3.064703e+02 2.708985e+02 2.458399e+02 2.717926e+02 4.319805e+02
10t 2.762857e+01 2.865739e+01 2.754392e+01 3.365608e+01 1.613238e+01
11t 2.695568e+02 2.600706e+02 2.936855e+02 2.687635e+02 3.060494e+02
12t 1.632272e+04 1.295625e+03 2.588444e+02 2.178082e+02 1.357669e+04
13t 1.472960e+00 1.413727e+00 1.507388e+00 2.066028e+00 1.987326e+01
14t 2.097704e+01 2.099704e+01 2.097309e+01 2.106700e+01 2.064249e+01
15t 1.683682e+02 2.003669e+02 1.779009e+02 2.628563e+02 1.059902e+02
16t 7.403627e+01 4.914881e+01 4.713245e+01 4.934162e+01 4.921210e+01
17t 1.679419e+00 5.461198e-01 2.554086e-01 9.661435e-02 1.488377e+02
18t 9.101804e-01 9.507978e-01 9.523138e-01 1.014601e+00 6.241168e-01
19t 4.575300e+02 4.492355e+02 4.949308e+02 3.941167e+02 5.698158e+03
20t 3.910882e+02 2.669991e+02 2.766617e+02 2.923604e+02 8.272194e+02
21t 2.741658e+04 2.722161e+04 2.787848e+04 2.772339e+04 2.925784e+04
22t 2.845433e+04 2.880290e+04 2.868293e+04 2.777356e+04 2.989958e+04
23t 4.802883e+01 5.606194e+01 5.315059e+01 5.413106e+01 8.176466e+01
24t 8.152917e-01 6.728655e-01 7.835501e-01 6.661067e-01 5.203215e+00
25t 6.111480e-01 5.326378e-01 7.583057e-01 6.887143e-01 5.597423e-01
26t 2.506050e-01 2.909708e-01 3.077535e-01 3.517244e-01 2.808595e-01
27t 6.975847e+01 7.038712e+01 9.607562e+01 8.726118e+01 5.114769e+01
28t 2.449182e+02 2.359484e+02 2.127521e+02 3.254027e+02 1.284492e+02
29t 3.876652e+02 3.002213e+02 3.076632e+02 2.608186e+02 4.382415e+02
30t 1.076833e+01 1.092379e+01 9.913342e+00 1.423391e+01 9.703283e+00
31t 1.943068e+02 1.930963e+02 1.759378e+02 2.206831e+02 1.202254e+02
32t 3.047179e+02 7.608381e+02 3.054907e+02 5.031377e+02 4.210762e+02
33t 1.464331e+02 1.330328e+02 1.172323e+02 1.001668e+02 1.683513e+02
34t 2.405540e+01 2.488331e+01 2.894564e+01 2.939676e+01 2.738931e+01
35t 1.276556e+04 1.279461e+04 1.275734e+04 1.250021e+04 1.856368e+04
36t 2.170660e+05 1.749670e+05 1.961329e+05 2.947013e+05 1.179303e+05
37t 5.767766e+01 6.018530e+01 5.524670e+01 5.995024e+01 5.692449e+01
38t 2.122546e+05 1.929161e+05 2.258524e+05 2.145309e+05 2.167836e+05
39t 5.343426e+00 5.208819e+00 6.992526e+00 5.831532e+00 5.341502e+00
40t 6.480287e+01 5.605862e+01 7.011400e+01 2.230221e+01 8.182400e+02
41t 4.470500e+02 4.479178e+02 5.495296e+02 5.542946e+02 9.814664e+02
42t 2.768913e+02 3.130798e+02 2.886073e+02 2.638005e+02 4.263992e+02
43t 4.373450e+02 4.039624e+02 4.364517e+02 3.201791e+02 4.788104e+02
44t 9.429249e+02 9.474564e+02 9.382734e+02 9.305360e+02 9.263458e+02
45t 9.377661e+02 9.361657e+02 9.269111e+02 9.317980e+02 9.236716e+02
46t 9.370263e+02 9.283953e+02 9.301506e+02 9.342162e+02 9.261067e+02
47t 5.406967e+02 5.451340e+02 1.024531e+03 1.026239e+03 1.258111e+03
48t 9.285671e+02 9.258416e+02 9.568176e+02 9.324843e+02 1.367425e+03
49t 5.592269e+02 1.027037e+03 1.022812e+03 9.384017e+02 1.276031e+03
50t 9.547171e+02 9.779266e+02 9.641262e+02 9.209176e+02 1.363205e+03
              16           17           18           19           20
1t  1.785522e+00 1.021856e+00 1.355138e+00 7.831882e-01 6.212181e-01
2t  2.402749e+07 1.397732e+07 1.463250e+07 3.654139e+06 2.109402e+06
3t  3.599061e+06 1.650551e+06 2.269846e+06 1.150526e+06 9.243901e+05
4t  1.213325e+05 1.364124e+05 1.365603e+05 4.706981e+04 1.450962e+05
5t  9.367024e+00 2.607933e+01 1.205828e+01 1.173401e+01 3.834945e+01
6t  5.801613e+02 4.175220e+02 4.490262e+02 2.204720e+00 3.225647e+00
7t  3.992475e+03 5.654582e+03 4.861530e+03 4.865758e+03 1.301100e+04
8t  8.159974e+00 5.465462e+00 6.313147e+00 1.596247e+02 4.111865e+00
9t  2.259458e+02 2.912012e+02 2.638925e+02 3.861391e+02 3.461086e+02
10t 3.185035e+01 2.745089e+01 3.012715e+01 2.182734e+01 1.876288e+01
11t 1.766075e+02 2.693237e+02 2.640767e+02 3.587494e+02 4.217547e+02
12t 1.888941e+02 1.172631e+04 5.143492e+02 1.731072e+03 1.339589e+04
13t 1.896910e+00 1.382694e+00 1.433154e+00 2.031039e+01 1.988435e+01
14t 2.111613e+01 2.096434e+01 2.105412e+01 2.117283e+01 2.065286e+01
15t 2.613286e+02 1.600062e+02 2.180367e+02 1.202392e+02 1.078320e+02
16t 4.790638e+01 6.224030e+01 5.454736e+01 4.707884e+01 4.895467e+01
17t 1.082453e+00 3.211434e+00 1.248204e+00 1.145534e-01 2.476190e+02
18t 1.022500e+00 9.176756e-01 9.673805e-01 7.554882e-01 6.586914e-01
19t 4.149264e+02 5.754552e+02 4.339707e+02 7.075901e+02 6.172508e+03
20t 1.886990e+02 3.343622e+02 3.418421e+02 5.219565e+02 5.149004e+02
21t 2.740034e+04 2.677685e+04 2.722327e+04 2.909463e+04 2.831680e+04
22t 2.805644e+04 2.893280e+04 2.763769e+04 2.952752e+04 3.881813e+04
23t 4.272689e+01 4.890628e+01 4.824090e+01 6.977256e+01 8.240847e+01
24t 6.956968e-01 5.134901e-01 6.969565e-01 9.541878e-01 6.163243e+00
25t 4.931827e-01 5.333049e-01 6.064507e-01 9.843013e-01 5.565624e-01
26t 3.597971e-01 3.476723e-01 3.084457e-01 3.283931e-01 2.760924e-01
27t 9.142239e+01 3.834489e+01 8.499280e+01 1.383736e+02 4.990245e+01
28t 3.046312e+02 2.155474e+02 2.663986e+02 2.062829e+02 1.261821e+02
29t 2.789116e+02 3.501874e+02 3.451645e+02 4.696582e+02 4.597713e+02
30t 1.328719e+01 1.025188e+01 1.082913e+01 1.863515e+01 1.214478e+01
31t 1.518648e+02 1.418442e+02 1.675054e+02 2.083645e+02 1.038637e+02
32t 3.073599e+02 2.606801e+02 2.927374e+02 4.556081e+02 4.358449e+02
33t 1.103006e+02 1.140974e+02 1.189181e+02 2.476725e+02 1.637879e+02
34t 2.682114e+01 2.204620e+01 2.769869e+01 2.521199e+01 2.663215e+01
35t 1.251108e+04 1.282388e+04 1.264535e+04 1.394999e+04 1.864750e+04
36t 2.793342e+05 1.793858e+05 1.941272e+05 2.865779e+05 1.172275e+05
37t 6.116924e+01 5.700141e+01 6.004137e+01 6.102139e+01 5.256771e+01
38t 2.414131e+05 1.823759e+05 2.864648e+05 5.537236e+05 1.688759e+05
39t 5.943261e+00 5.169155e+00 4.950149e+00 6.777471e+00 5.352562e+00
40t 2.535517e+01 4.572535e+01 6.060167e+01 6.266210e+01 7.885318e+02
41t 4.520834e+02 4.480537e+02 4.501534e+02 6.744521e+02 7.500311e+02
42t 3.229795e+02 3.477054e+02 3.169169e+02 4.271634e+02 4.262053e+02
43t 3.091224e+02 4.440700e+02 3.723026e+02 4.993584e+02 4.374607e+02
44t 9.218023e+02 9.396510e+02 9.296318e+02 9.322088e+02 9.258127e+02
45t 9.281330e+02 9.405927e+02 9.344889e+02 9.951302e+02 9.258506e+02
46t 9.225723e+02 9.277680e+02 9.280313e+02 9.844788e+02 9.244496e+02
47t 1.021304e+03 5.411070e+02 5.450261e+02 5.282145e+02 1.250232e+03
48t 9.227234e+02 9.600080e+02 9.217988e+02 1.243946e+03 1.374522e+03
49t 1.020369e+03 1.021158e+03 5.713342e+02 1.044785e+03 1.248719e+03
50t 9.081243e+02 9.914332e+02 9.561134e+02 1.002659e+03 1.310495e+03
              21           22           23           24           25
1t  1.352538e+00 1.528379e+00 5.559458e-01 1.968041e+00 1.592690e+00
2t  2.080755e+07 2.200765e+07 2.230072e+06 1.351398e+07 7.041303e+06
3t  2.201179e+06 2.557746e+06 9.367248e+05 2.752622e+06 2.254446e+06
4t  1.279989e+05 1.308599e+05 1.292558e+05 1.382614e+05 1.122814e+05
5t  3.412825e+01 7.620268e+00 4.034325e+01 4.743994e+00 1.381113e+01
6t  5.103618e+02 4.850579e+02 3.910782e+00 5.551036e+02 3.088513e+02
7t  5.112238e+03 3.349035e+03 1.255136e+04 3.275278e+03 3.199258e+03
8t  6.012759e+00 5.825203e+00 4.376247e+00 7.413300e+00 6.890235e+00
9t  2.824398e+02 2.527880e+02 4.634838e+02 2.514319e+02 2.546919e+02
10t 2.815929e+01 2.843848e+01 1.841101e+01 3.240341e+01 3.070621e+01
11t 2.723036e+02 2.701244e+02 3.243118e+02 2.150160e+02 2.345118e+02
12t 2.828230e+02 2.216171e+02 1.203176e+04 2.954052e+02 3.049732e+02
13t 1.610732e+00 1.782523e+00 1.992417e+01 1.881445e+00 1.764506e+00
14t 2.103489e+01 2.115946e+01 2.121275e+01 2.114704e+01 2.102028e+01
15t 2.730467e+02 2.718009e+02 1.094174e+02 4.569405e+02 2.906292e+02
16t 1.031285e+02 4.920224e+01 4.892976e+01 4.820922e+01 4.842656e+01
17t 1.759403e+00 1.055876e+00 3.497184e+02 8.165205e-01 1.702547e-01
18t 9.644758e-01 1.008340e+00 6.331464e-01 1.002296e+00 1.016005e+00
19t 4.592051e+02 3.874753e+02 5.287141e+03 4.318925e+02 3.855740e+02
20t 2.530812e+02 2.211150e+02 5.755437e+02 2.699419e+02 2.538566e+02
21t 2.762828e+04 2.691052e+04 3.709494e+04 2.761935e+04 2.713785e+04
22t 2.865296e+04 2.895894e+04 3.956219e+04 2.859096e+04 2.874643e+04
23t 5.217734e+01 3.818078e+01 8.240847e+01 4.312024e+01 3.657044e+01
24t 5.509280e-01 7.669708e-01 5.695179e+00 8.799293e-01 4.918963e-01
25t 5.127400e-01 6.643231e-01 5.889375e-01 4.735613e-01 6.075163e-01
26t 2.601368e-01 3.058046e-01 2.702690e-01 3.353154e-01 2.860867e-01
27t 8.694432e+01 6.221404e+01 4.907462e+01 8.768911e+01 7.159676e+01
28t 2.468621e+02 2.499911e+02 1.420671e+02 2.472235e+02 2.380939e+02
29t 3.217169e+02 2.923323e+02 4.655594e+02 2.869083e+02 2.614691e+02
30t 1.194058e+01 1.262738e+01 1.097074e+01 1.116520e+01 1.248803e+01
31t 1.453852e+02 1.530412e+02 1.197345e+02 1.601630e+02 1.788408e+02
32t 2.957045e+02 3.425184e+02 2.478711e+02 3.159497e+02 4.272967e+02
33t 1.174735e+02 1.010139e+02 1.794285e+02 1.119265e+02 1.160048e+02
34t 2.500917e+01 2.478634e+01 3.692923e+01 3.167140e+01 2.960623e+01
35t 1.265967e+04 1.241036e+04 1.746052e+04 1.247283e+04 1.270428e+04
36t 2.127965e+05 2.321609e+05 1.136848e+05 2.227555e+05 2.263379e+05
37t 5.704520e+01 6.054375e+01 5.222925e+01 5.949916e+01 6.018983e+01
38t 2.594650e+05 1.849663e+05 3.068079e+05 2.046577e+05 2.332834e+05
39t 5.855969e+00 5.895788e+00 5.254259e+00 6.101652e+00 5.917989e+00
40t 5.806029e+01 2.948914e+01 6.170319e+02 2.324939e+01 2.109567e+01
41t 4.492637e+02 4.501451e+02 9.070457e+02 4.511544e+02 4.501330e+02
42t 3.352939e+02 2.814811e+02 4.257936e+02 3.127640e+02 3.090249e+02
43t 4.164867e+02 3.692697e+02 4.210687e+02 4.405052e+02 3.275629e+02
44t 9.347491e+02 9.295051e+02 9.268925e+02 9.312448e+02 9.323467e+02
45t 9.298220e+02 9.318591e+02 9.252276e+02 9.210999e+02 9.352442e+02
46t 9.356361e+02 9.289867e+02 9.250846e+02 9.316267e+02 9.278414e+02
47t 1.033131e+03 1.021583e+03 1.222579e+03 1.023454e+03 1.023877e+03
48t 9.296519e+02 9.227375e+02 1.324920e+03 9.125258e+02 9.176822e+02
49t 1.022215e+03 1.018650e+03 1.281397e+03 1.020835e+03 1.024472e+03
50t 9.615839e+02 8.927272e+02 1.343971e+03 8.894143e+02 9.077751e+02
              26           27           28           29           30
1t  1.192538e+00 1.678224e+00 1.388832e+00 1.031643e+00 1.909170e+00
2t  5.467232e+06 8.912842e+06 1.134156e+07 1.117128e+07 6.317316e+06
3t  1.425783e+06 2.409507e+06 2.162357e+06 2.616355e+06 2.556866e+06
4t  1.444580e+05 1.185490e+05 1.131986e+05 1.392193e+05 9.411471e+04
5t  5.420844e+01 1.103695e+01 1.518137e+01 3.446852e+01 4.230598e+00
6t  9.219462e+01 2.209872e+02 1.595685e+02 6.481385e+02 1.382063e+02
7t  5.955471e+03 3.609786e+03 4.593249e+03 5.029503e+03 3.707091e+03
8t  5.782592e+00 7.159316e+00 6.457802e+00 5.585899e+00 7.166048e+00
9t  3.783352e+02 2.874741e+02 2.880923e+02 2.714878e+02 2.750487e+02
10t 2.574048e+01 3.202340e+01 3.168628e+01 2.472316e+01 3.224368e+01
11t 3.703945e+02 2.259556e+02 2.702450e+02 2.888479e+02 2.354545e+02
12t 2.559984e+04 1.840665e+02 1.754989e+02 1.034351e+04 2.187716e+02
13t 2.028977e+01 1.701238e+00 1.468723e+00 1.336313e+00 1.886662e+00
14t 2.113782e+01 2.107308e+01 2.109199e+01 2.115168e+01 2.089267e+01
15t 1.544399e+02 2.561016e+02 1.973485e+02 4.140649e+02 2.699152e+02
16t 4.928195e+01 4.929671e+01 4.898392e+01 4.927114e+01 4.932250e+01
17t 2.629639e+02 7.622418e-02 1.849483e-01 1.072227e+00 2.053056e-01
18t 9.006863e-01 9.841171e-01 9.697105e-01 9.517765e-01 9.993647e-01
19t 1.541314e+03 4.030836e+02 4.422607e+02 5.363130e+02 4.107867e+02
20t 6.148547e+02 2.222581e+02 3.534263e+02 2.978929e+02 2.575615e+02
21t 3.478854e+04 2.628448e+04 2.773787e+04 2.698676e+04 2.766629e+04
22t 3.593224e+04 2.787565e+04 2.800436e+04 2.860534e+04 2.788852e+04
23t 6.801865e+01 4.269331e+01 4.910922e+01 5.014326e+01 3.848353e+01
24t 3.090462e+00 1.072977e+00 4.679940e-01 8.258549e-01 3.508130e-01
25t 6.244558e-01 5.173662e-01 5.783587e-01 5.974414e-01 5.092339e-01
26t 2.703044e-01 3.171972e-01 3.114009e-01 3.043775e-01 3.691545e-01
27t 5.668746e+01 7.544063e+01 9.877251e+01 6.247003e+01 9.541516e+01
28t 1.797309e+02 2.683310e+02 2.432864e+02 2.207569e+02 2.608049e+02
29t 4.272416e+02 2.792305e+02 2.774511e+02 3.523485e+02 2.690067e+02
30t 1.356515e+01 1.526472e+01 1.098715e+01 1.208384e+01 1.295669e+01
31t 1.113776e+02 1.775883e+02 1.680831e+02 1.668119e+02 1.873236e+02
32t 3.257488e+02 4.475050e+02 3.374658e+02 3.169641e+02 3.028636e+02
33t 1.410531e+02 9.173482e+01 1.084407e+02 1.169817e+02 1.142751e+02
34t 2.757089e+01 2.827976e+01 2.746326e+01 2.584179e+01 2.787689e+01
35t 1.388226e+04 1.251934e+04 1.268022e+04 1.270597e+04 1.280950e+04
36t 1.442192e+05 2.811316e+05 2.454648e+05 1.734334e+05 2.936683e+05
37t 6.096408e+01 6.186179e+01 5.732921e+01 5.969940e+01 5.902356e+01
38t 1.507979e+05 2.433888e+05 2.305434e+05 2.240607e+05 2.458755e+05
39t 5.322295e+00 5.756697e+00 5.469637e+00 5.648889e+00 5.524764e+00
40t 7.650195e+02 3.236136e+01 5.104694e+01 6.800828e+01 2.745791e+01
41t 4.485964e+02 4.499448e+02 4.493197e+02 4.484077e+02 4.520211e+02
42t 4.053676e+02 2.600388e+02 2.513367e+02 4.280220e+02 3.189901e+02
43t 4.395398e+02 3.811575e+02 3.616594e+02 4.540625e+02 4.452132e+02
44t 9.384675e+02 9.282535e+02 9.310741e+02 9.383691e+02 9.856475e+02
45t 9.409189e+02 9.212060e+02 9.310539e+02 9.303267e+02 9.338293e+02
46t 9.386049e+02 9.220599e+02 9.234318e+02 9.348627e+02 9.241016e+02
47t 1.197685e+03 1.020619e+03 5.594238e+02 1.022077e+03 1.024208e+03
48t 1.128748e+03 9.260329e+02 9.280877e+02 9.388087e+02 9.154608e+02
49t 5.613906e+02 1.017585e+03 1.019548e+03 1.024139e+03 1.020249e+03
50t 1.237613e+03 9.209070e+02 9.305290e+02 1.040146e+03 8.986424e+02
              31           32           33           34           35
1t  1.212774e+00 9.685085e-01 9.756300e-01 1.158669e+00 9.007455e-01
2t  1.287848e+07 2.695732e+06 1.048215e+07 2.460512e+06 3.486654e+06
3t  2.011966e+06 1.396781e+06 1.317465e+06 2.056424e+06 1.402147e+06
4t  1.306245e+05 5.681704e+04 1.180339e+05 3.025396e+04 1.340721e+05
5t  4.106333e+01 1.934635e+01 3.583657e+01 1.237506e+00 5.523675e+01
6t  2.104700e+02 3.720467e+00 1.565954e+02 4.396494e+00 4.078967e+01
7t  5.462363e+03 5.111453e+03 5.079678e+03 7.905190e+03 5.576185e+03
8t  5.769417e+00 5.264552e+00 5.451850e+00 6.061900e+00 5.120174e+00
9t  2.755247e+02 3.437576e+02 3.013058e+02 3.427543e+02 3.915534e+02
10t 2.810965e+01 2.554736e+01 2.481432e+01 2.767055e+01 2.142635e+01
11t 2.774735e+02 3.172480e+02 2.969291e+02 3.096018e+02 3.694280e+02
12t 7.304064e+02 6.857444e+03 1.789396e+04 1.489031e+02 2.384544e+04
13t 1.327297e+00 1.995710e+01 1.970051e+01 2.036817e+01 2.032582e+01
14t 2.104799e+01 2.114714e+01 2.091360e+01 2.099146e+01 2.113019e+01
15t 2.164165e+02 1.419146e+02 1.512707e+02 1.602481e+02 1.416859e+02
16t 4.835784e+01 4.908973e+01 4.901809e+01 4.909958e+01 4.909532e+01
17t 1.624997e-01 7.779693e-02 1.883454e+00 4.260545e-02 3.734218e+02
18t 9.292036e-01 8.528718e-01 8.782650e-01 9.468916e-01 8.456911e-01
19t 4.907871e+02 5.776244e+02 5.891568e+02 6.379405e+02 2.160716e+03
20t 3.585431e+02 4.136015e+02 3.999490e+02 4.399343e+02 6.354193e+02
21t 2.770422e+04 2.810893e+04 2.892901e+04 2.888391e+04 3.481104e+04
22t 2.833731e+04 2.972479e+04 2.754093e+04 2.990059e+04 3.409978e+04
23t 5.891000e+01 5.931421e+01 5.642405e+01 5.956388e+01 7.329018e+01
24t 4.886397e-01 7.491092e-01 4.245109e-01 9.450356e-01 2.876479e+00
25t 5.463865e-01 7.860679e-01 7.059745e-01 8.743558e-01 5.513822e-01
26t 3.694356e-01 3.635685e-01 3.389860e-01 9.536427e-01 2.640771e-01
27t 7.875756e+01 1.039520e+02 1.004097e+02 9.943291e+01 4.290704e+01
28t 2.298942e+02 2.575411e+02 2.288794e+02 2.194808e+02 1.521462e+02
29t 2.928604e+02 4.553359e+02 2.820497e+02 3.464641e+02 4.512109e+02
30t 1.056242e+01 1.268865e+01 9.319542e+00 9.755928e+00 1.184997e+01
31t 2.156061e+02 2.533691e+02 1.906404e+02 2.812928e+02 1.013328e+02
32t 2.857493e+02 3.677541e+02 3.167272e+02 3.262114e+02 1.867656e+02
33t 1.183234e+02 1.609178e+02 1.186475e+02 1.375435e+02 1.502431e+02
34t 2.382784e+01 3.841374e+01 2.145913e+01 4.136608e+01 2.516133e+01
35t 1.290223e+04 1.362972e+04 1.346574e+04 1.327578e+04 1.433081e+04
36t 1.869100e+05 2.050852e+05 1.499665e+05 3.175083e+05 1.326818e+05
37t 5.699779e+01 5.512332e+01 5.557257e+01 5.534402e+01 6.582626e+01
38t 2.560488e+05 4.003488e+05 2.131124e+05 4.976862e+05 1.196900e+05
39t 5.755218e+00 6.539656e+00 5.618297e+00 7.591326e+00 5.648461e+00
40t 7.892990e+01 5.730088e+01 1.391640e+02 2.997347e+01 9.170416e+02
41t 5.502716e+02 6.852883e+02 4.476779e+02 7.240877e+02 5.479576e+02
42t 2.737931e+02 4.274401e+02 4.272224e+02 4.288550e+02 4.272489e+02
43t 3.174744e+02 4.312198e+02 4.359629e+02 3.617907e+02 4.345083e+02
44t 9.291585e+02 1.028152e+03 9.335589e+02 9.194699e+02 9.323534e+02
45t 9.285812e+02 9.676725e+02 9.211237e+02 9.468644e+02 9.318574e+02
46t 9.271911e+02 9.328170e+02 9.347488e+02 9.800766e+02 9.329328e+02
47t 1.033018e+03 1.197965e+03 5.345566e+02 1.032689e+03 1.198367e+03
48t 9.427122e+02 1.099591e+03 9.664786e+02 9.322183e+02 1.286874e+03
49t 5.615601e+02 5.544416e+02 5.481887e+02 1.020742e+03 1.207943e+03
50t 9.215429e+02 1.029924e+03 1.056074e+03 9.200779e+02 1.294391e+03
              36           37           38           39           40
1t  1.361802e+00 1.025204e+00 1.440012e+00 7.369219e-01 6.335273e-01
2t  1.324132e+07 9.485883e+06 1.002288e+07 5.890372e+06 2.668965e+06
3t  2.466639e+06 1.911977e+06 2.309730e+06 1.124447e+06 9.008086e+05
4t  1.342193e+05 1.115595e+05 1.317945e+05 1.411529e+05 1.810247e+05
5t  1.160967e+01 1.998454e+01 9.334477e+00 3.350556e+01 4.242076e+01
6t  4.562397e+02 2.786898e+02 2.396512e+02 8.314703e+00 4.458050e+00
7t  3.509570e+03 4.765713e+03 3.569779e+03 1.858123e+04 1.461999e+04
8t  6.412430e+00 5.976834e+00 6.801697e+00 4.898690e+00 4.364196e+00
9t  2.599460e+02 2.680441e+02 2.550229e+02 2.913813e+02 3.491842e+02
10t 3.128547e+01 2.555335e+01 3.166522e+01 2.456310e+01 1.773151e+01
11t 2.468350e+02 2.588282e+02 2.641265e+02 3.343323e+02 4.067118e+02
12t 3.636324e+02 6.611841e+03 2.519289e+02 1.972594e+04 1.445776e+04
13t 1.569470e+00 1.432095e+00 1.687232e+00 1.996107e+01 1.998098e+01
14t 2.105622e+01 2.104838e+01 2.110666e+01 2.083201e+01 2.094570e+01
15t 2.574325e+02 1.781199e+02 2.083123e+02 1.341559e+02 1.084176e+02
16t 5.161643e+01 4.906431e+01 4.743881e+01 1.037382e+02 4.916256e+01
17t 7.142500e-01 1.904684e-01 1.031797e+00 5.297644e+01 3.253517e+02
18t 9.609378e-01 9.561033e-01 9.706642e-01 8.028362e-01 6.372992e-01
19t 4.513962e+02 5.350403e+02 4.732034e+02 1.329577e+03 5.801657e+03
20t 2.611966e+02 2.974797e+02 2.706246e+02 2.801309e+02 8.754228e+02
21t 2.778594e+04 2.769935e+04 2.806827e+04 2.925162e+04 3.705390e+04
22t 2.919685e+04 2.802082e+04 2.801255e+04 2.824128e+04 3.779414e+04
23t 4.656763e+01 5.824705e+01 5.234216e+01 5.945970e+01 8.240847e+01
24t 7.672566e-01 1.191485e+00 9.335927e-01 6.343706e-01 4.309403e+00
25t 4.567879e-01 5.079113e-01 6.073790e-01 7.230058e-01 5.657133e-01
26t 2.987162e-01 3.140775e-01 3.187994e-01 2.919688e-01 2.965586e-01
27t 6.977220e+01 6.344369e+01 9.542134e+01 9.671197e+01 5.193287e+01
28t 2.136973e+02 2.016265e+02 2.604984e+02 2.152830e+02 1.245846e+02
29t 3.091468e+02 2.850554e+02 2.878074e+02 3.024915e+02 4.434678e+02
30t 1.059269e+01 1.174751e+01 1.125451e+01 1.102877e+01 1.404580e+01
31t 1.638060e+02 1.792267e+02 1.518073e+02 2.163148e+02 9.869728e+01
32t 2.886509e+02 5.177103e+02 2.853728e+02 3.159416e+02 4.725692e+02
33t 1.139389e+02 1.027062e+02 1.108180e+02 1.359231e+02 1.601752e+02
34t 2.420204e+01 2.292677e+01 2.880632e+01 3.523119e+01 2.627117e+01
35t 1.255753e+04 1.255898e+04 1.243782e+04 1.422403e+04 1.966913e+04
36t 1.788429e+05 1.725247e+05 2.050206e+05 2.652440e+05 1.300071e+05
37t 6.342912e+01 5.923725e+01 6.112301e+01 5.487000e+01 5.486138e+01
38t 3.111652e+05 2.467125e+05 3.350334e+05 3.247141e+05 3.227850e+05
39t 5.781092e+00 5.575468e+00 5.784299e+00 5.174534e+00 4.961187e+00
40t 4.063988e+01 3.753055e+01 3.541669e+01 2.874357e+02 8.943909e+02
41t 4.492483e+02 4.483128e+02 4.504822e+02 8.208107e+02 9.943099e+02
42t 3.329891e+02 2.991120e+02 3.152008e+02 4.543500e+02 4.260413e+02
43t 4.414271e+02 4.064087e+02 3.724095e+02 4.302491e+02 5.426110e+02
44t 9.366514e+02 5.396051e+02 9.337619e+02 9.407284e+02 9.211210e+02
45t 9.332318e+02 9.374834e+02 9.296695e+02 1.019399e+03 9.241304e+02
46t 9.239211e+02 9.306213e+02 9.337728e+02 1.172657e+03 9.227759e+02
47t 1.023045e+03 1.025121e+03 1.021209e+03 1.200116e+03 1.317578e+03
48t 9.152293e+02 9.891717e+02 9.547413e+02 1.268265e+03 1.420259e+03
49t 1.021545e+03 9.337714e+02 1.020175e+03 1.028254e+03 1.280501e+03
50t 9.325880e+02 9.528543e+02 9.220199e+02 1.273788e+03 1.363395e+03
              41           42           43           44           45
1t  1.424143e+00 1.910229e+00 8.473014e-01 1.545208e+00 1.838486e+00
2t  5.868169e+06 2.758312e+07 2.303035e+06 1.666799e+07 1.098355e+07
3t  2.036922e+06 2.876202e+06 1.156701e+06 2.764276e+06 2.604999e+06
4t  1.154671e+05 1.491780e+05 3.534077e+04 1.226636e+05 1.181392e+05
5t  3.961302e+01 8.914122e+00 7.341444e+00 4.496430e+01 1.049875e+01
6t  2.963811e+01 7.337993e+02 2.949515e+00 3.038447e+02 2.724877e+02
7t  3.870405e+03 3.295220e+03 4.329015e+04 4.703853e+03 3.080951e+03
8t  6.008884e+00 7.072613e+00 4.867095e+02 6.655107e+00 6.912144e+00
9t  3.015571e+02 2.309516e+02 3.887142e+02 2.830248e+02 2.813378e+02
10t 3.072434e+01 3.190643e+01 2.324367e+01 3.057990e+01 3.063841e+01
11t 3.010300e+02 2.218476e+02 3.773193e+02 3.143254e+02 2.558369e+02
12t 7.542631e+03 2.983174e+02 1.636876e+02 7.542204e+03 2.885436e+02
13t 1.936957e+01 1.557310e+00 2.021643e+01 1.673451e+00 1.844868e+00
14t 2.114745e+01 2.115208e+01 2.087716e+01 2.098895e+01 2.112948e+01
15t 1.871155e+02 3.563022e+02 1.251871e+02 3.184562e+02 2.243125e+02
16t 4.799574e+01 4.932504e+01 4.921224e+01 4.931440e+01 4.905344e+01
17t 2.097948e+00 9.282922e-01 3.382165e-02 1.183325e+00 2.374948e-01
18t 9.482360e-01 1.014175e+00 8.112835e-01 9.718008e-01 9.925820e-01
19t 5.348700e+02 4.208609e+02 1.861013e+03 5.128197e+02 4.892474e+02
20t 3.582699e+02 1.923749e+02 5.687989e+02 3.855367e+02 3.063656e+02
21t 2.802042e+04 2.747318e+04 3.866909e+04 2.797442e+04 2.771808e+04
22t 2.910180e+04 2.863709e+04 3.732332e+04 2.895939e+04 2.837001e+04
23t 4.938489e+01 4.232409e+01 7.971173e+01 5.145567e+01 5.130761e+01
24t 1.086365e+00 5.211888e-01 1.128228e+00 8.434846e-01 1.128485e+00
25t 9.582444e-01 5.881355e-01 6.128302e-01 8.554616e-01 6.210847e-01
26t 2.415319e-01 2.957741e-01 2.665005e-01 3.347606e-01 2.902231e-01
27t 1.132985e+02 7.721306e+01 8.098986e+01 6.342823e+01 8.524567e+01
28t 2.732642e+02 2.662765e+02 1.987558e+02 2.514015e+02 2.719200e+02
29t 3.425094e+02 2.813210e+02 4.950118e+02 2.776025e+02 2.964581e+02
30t 1.537395e+01 1.247187e+01 2.837190e+01 1.159487e+01 1.260665e+01
31t 2.574954e+02 1.745254e+02 1.602443e+02 1.612976e+02 1.817222e+02
32t 3.260981e+02 3.393384e+02 3.429454e+02 4.534323e+02 2.960798e+02
33t 1.051676e+02 1.109909e+02 2.717211e+02 1.160612e+02 1.011675e+02
34t 2.351672e+01 2.779429e+01 4.432291e+01 2.511661e+01 2.749685e+01
35t 1.263594e+04 1.260959e+04 1.449851e+04 1.279043e+04 1.302406e+04
36t 1.684325e+05 2.305819e+05 1.729776e+05 1.609230e+05 1.478811e+05
37t 5.762467e+01 6.074610e+01 7.443875e+01 5.692857e+01 5.833521e+01
38t 1.832249e+05 2.370907e+05 2.357703e+05 2.359941e+05 3.297538e+05
39t 5.359540e+00 5.609526e+00 6.035569e+00 5.832190e+00 5.889541e+00
40t 9.214374e+01 3.698590e+01 1.037585e+02 5.592637e+01 3.872315e+01
41t 5.783218e+02 4.513871e+02 8.657463e+02 4.495698e+02 4.493184e+02
42t 4.291558e+02 3.132464e+02 4.271831e+02 2.984972e+02 2.914786e+02
43t 3.729778e+02 3.350799e+02 4.480419e+02 4.076471e+02 3.507126e+02
44t 9.511725e+02 9.302603e+02 1.043768e+03 9.271063e+02 9.276522e+02
45t 9.391820e+02 9.362263e+02 9.928688e+02 9.309158e+02 9.392528e+02
46t 9.320696e+02 9.284045e+02 1.173311e+03 9.333283e+02 9.309608e+02
47t 5.543826e+02 1.022904e+03 1.200986e+03 1.029210e+03 1.018498e+03
48t 9.800267e+02 9.219842e+02 1.228075e+03 9.619563e+02 9.264456e+02
49t 5.751783e+02 1.020072e+03 5.503980e+02 5.684118e+02 1.020004e+03
50t 9.340578e+02 9.160212e+02 1.264146e+03 9.789328e+02 8.985057e+02
              46           47           48           49           50
1t  1.334617e+00 3.362941e+00 8.437345e-01 1.959509e+00 2.309828e+00
2t  9.528319e+06 1.394408e+07 9.455406e+06 5.340432e+06 1.982095e+07
3t  2.431462e+06 6.198412e+06 1.319455e+06 2.948059e+06 4.737055e+06
4t  1.583311e+05 1.341266e+05 1.393572e+05 9.653293e+04 1.136130e+05
5t  5.599191e+01 6.376930e+00 5.040693e+01 1.308506e+01 4.939112e+00
6t  3.931212e+02 4.110695e+02 1.453907e+02 5.560835e+01 4.585409e+02
7t  5.247206e+03 2.822147e+03 5.902933e+03 4.592941e+03 2.939271e+03
8t  6.759043e+00 9.582931e+00 4.704181e+00 7.922704e+00 8.512434e+00
9t  3.635341e+02 1.501968e+02 3.007481e+02 2.531235e+02 1.959057e+02
10t 3.121319e+01 3.849421e+01 2.215273e+01 3.321561e+01 3.680089e+01
11t 3.404075e+02 1.682267e+02 2.939728e+02 2.483418e+02 2.137992e+02
12t 2.831433e+04 2.615156e+02 2.338100e+04 2.087778e+02 2.580754e+02
13t 2.018915e+01 2.343047e+00 1.945762e+01 1.871046e+00 2.164549e+00
14t 2.113003e+01 2.113869e+01 2.095822e+01 2.118596e+01 2.105386e+01
15t 1.772237e+02 5.065012e+02 1.405927e+02 2.345678e+02 3.355495e+02
16t 4.927219e+01 4.863428e+01 4.851337e+01 4.926721e+01 4.935249e+01
17t 6.041391e+01 1.155670e+00 6.058110e+00 6.580212e-01 1.040444e+00
18t 9.791446e-01 1.061243e+00 8.513455e-01 9.920141e-01 1.021111e+00
19t 1.056980e+03 3.760968e+02 6.992081e+02 3.841977e+02 3.714986e+02
20t 5.443972e+02 2.470153e+02 3.739561e+02 2.981422e+02 1.521600e+02
21t 3.412192e+04 2.696512e+04 2.758609e+04 2.746914e+04 2.828325e+04
22t 3.492585e+04 2.854280e+04 2.822703e+04 2.841631e+04 2.863023e+04
23t 5.935251e+01 3.668174e+01 6.099432e+01 4.238341e+01 3.584099e+01
24t 3.590110e+00 8.046125e-01 8.335270e-01 4.413114e-01 7.096462e-01
25t 5.143144e-01 5.328914e-01 9.724577e-01 6.436905e-01 3.971826e-01
26t 2.823404e-01 3.525610e-01 2.849906e-01 3.797929e-01 3.039444e-01
27t 5.143940e+01 5.795217e+01 7.842650e+01 1.161790e+02 6.741330e+01
28t 2.034351e+02 3.646890e+02 2.246369e+02 2.735284e+02 3.504959e+02
29t 4.529502e+02 2.547456e+02 3.689874e+02 2.918282e+02 2.763687e+02
30t 1.620001e+01 1.510047e+01 8.068809e+00 1.265543e+01 1.371864e+01
31t 1.169630e+02 1.511210e+02 1.599599e+02 2.507725e+02 1.595060e+02
32t 2.436714e+02 3.566365e+02 2.999465e+02 3.574207e+02 3.863784e+02
33t 1.332363e+02 1.114218e+02 1.144560e+02 1.118841e+02 1.088825e+02
34t 2.844424e+01 3.274258e+01 2.057520e+01 2.998422e+01 2.964189e+01
35t 1.361801e+04 1.246903e+04 1.296902e+04 1.264386e+04 1.242349e+04
36t 1.466864e+05 3.017513e+05 1.707934e+05 2.273767e+05 3.811554e+05
37t 6.417477e+01 5.905383e+01 5.119355e+01 6.170945e+01 6.119779e+01
38t 2.043746e+05 3.067134e+05 2.360274e+05 2.717052e+05 2.674465e+05
39t 5.033789e+00 6.821847e+00 6.213809e+00 5.777550e+00 6.200497e+00
40t 4.847373e+02 2.023924e+01 2.860595e+02 3.139951e+01 1.500673e+01
41t 4.504988e+02 4.552136e+02 4.467776e+02 4.951656e+02 4.316293e+02
42t 3.450679e+02 2.820843e+02 3.987916e+02 4.315793e+02 3.081088e+02
43t 3.844783e+02 3.225326e+02 4.373874e+02 3.470795e+02 3.430491e+02
44t 9.993805e+02 9.209942e+02 9.329177e+02 9.669631e+02 9.254547e+02
45t 9.507827e+02 9.292039e+02 9.319217e+02 9.340170e+02 9.237598e+02
46t 9.900458e+02 9.261166e+02 9.367886e+02 9.370099e+02 9.328870e+02
47t 5.587545e+02 1.026718e+03 8.866547e+02 9.256871e+02 1.024159e+03
48t 1.091568e+03 9.152577e+02 1.031259e+03 9.103177e+02 9.333664e+02
49t 5.762851e+02 1.020392e+03 9.045533e+02 5.929131e+02 1.023307e+03
50t 1.231120e+03 8.830489e+02 1.188259e+03 8.872084e+02 8.864289e+02
              51           52           53           54           55
1t  1.344743e+00 1.022272e+00 1.037930e+00 1.712957e+00 7.971691e-01
2t  1.063781e+07 6.481174e+06 3.453872e+06 5.387237e+06 2.808591e+06
3t  2.083481e+06 1.817429e+06 1.606698e+06 2.657229e+06 1.232242e+06
4t  1.094453e+05 1.236867e+05 1.118084e+05 1.507902e+05 1.500854e+05
5t  2.680080e+01 2.717013e+01 3.928779e+01 2.926191e+01 4.842375e+01
6t  9.984834e+01 1.294810e+02 1.238069e+01 1.873100e+02 1.433926e+01
7t  4.393954e+03 5.300406e+03 7.365487e+03 7.265818e+03 1.231314e+04
8t  6.129585e+00 5.760299e+00 5.656296e+00 6.371030e+00 4.967010e+00
9t  2.908748e+02 2.959349e+02 3.244542e+02 3.163887e+02 4.279699e+02
10t 3.101049e+01 2.669048e+01 2.397226e+01 3.126983e+01 1.967335e+01
11t 2.747101e+02 2.683242e+02 2.976811e+02 2.882704e+02 3.711559e+02
12t 2.056238e+02 3.072422e+02 8.675170e+03 5.598342e+03 2.147838e+04
13t 1.633442e+00 1.438806e+00 1.998185e+01 1.800113e+00 2.058515e+01
14t 2.094258e+01 2.092924e+01 2.090097e+01 2.113933e+01 2.115207e+01
15t 2.277275e+02 4.843598e+02 1.458990e+02 2.143134e+02 1.323756e+02
16t 4.817643e+01 4.929161e+01 1.024956e+02 4.874167e+01 4.924675e+01
17t 2.402336e-01 5.748574e-02 1.439880e+00 4.306915e-02 5.076444e+02
18t 9.437531e-01 9.372518e-01 8.489272e-01 9.666779e-01 7.964000e-01
19t 4.687884e+02 5.509273e+02 6.274129e+02 5.216978e+02 3.005626e+03
20t 3.774113e+02 3.552585e+02 4.665358e+02 3.052016e+02 7.338773e+02
21t 2.733984e+04 2.834596e+04 2.844225e+04 2.918124e+04 3.508719e+04
22t 2.804650e+04 2.830731e+04 2.976211e+04 3.421619e+04 3.594324e+04
23t 4.853319e+01 4.773062e+01 6.087042e+01 5.679875e+01 7.679331e+01
24t 5.468783e-01 4.706580e-01 7.409454e-01 2.844120e+00 2.730548e+00
25t 5.675318e-01 5.814612e-01 6.216556e-01 6.411349e-01 5.900408e-01
26t 3.055831e-01 2.886045e-01 2.864782e-01 2.673571e-01 2.630676e-01
27t 9.066791e+01 9.688925e+01 1.083753e+02 7.508738e+01 4.783478e+01
28t 2.402077e+02 2.147991e+02 2.257832e+02 2.637310e+02 1.528282e+02
29t 3.142870e+02 2.854759e+02 4.401876e+02 3.787630e+02 4.680457e+02
30t 1.200928e+01 1.329979e+01 1.047379e+01 1.410034e+01 1.721513e+01
31t 2.127241e+02 2.015013e+02 1.646699e+02 1.391508e+02 1.034926e+02
32t 5.025144e+02 5.133510e+02 1.009631e+03 2.600811e+02 4.913548e+02
33t 1.076464e+02 1.176697e+02 1.503775e+02 1.148756e+02 1.810968e+02
34t 2.583341e+01 2.411590e+01 2.060108e+01 2.676445e+01 3.680179e+01
35t 1.271504e+04 1.257531e+04 1.359544e+04 1.284368e+04 1.460578e+04
36t 2.526177e+05 2.341600e+05 1.908567e+05 2.304716e+05 1.442445e+05
37t 5.534197e+01 5.952302e+01 5.504511e+01 6.201240e+01 6.432059e+01
38t 2.679071e+05 2.052996e+05 3.281178e+05 1.778520e+05 1.662552e+05
39t 5.851257e+00 5.289963e+00 5.697407e+00 5.492160e+00 5.412486e+00
40t 5.282178e+01 5.838873e+01 7.175663e+01 8.061590e+01 9.797207e+02
41t 5.511308e+02 4.484068e+02 5.406435e+02 4.206544e+02 5.538553e+02
42t 2.936832e+02 3.266942e+02 4.279817e+02 3.459934e+02 4.266833e+02
43t 4.381022e+02 4.379507e+02 3.850606e+02 4.131678e+02 4.302237e+02
44t 9.255617e+02 9.326408e+02 9.397854e+02 9.293965e+02 9.300768e+02
45t 9.365279e+02 9.282486e+02 9.354637e+02 9.932051e+02 9.295365e+02
46t 9.318937e+02 9.298179e+02 9.399663e+02 9.349316e+02 9.292152e+02
47t 1.022667e+03 5.439697e+02 1.206779e+03 5.508697e+02 1.204157e+03
48t 9.431034e+02 9.754147e+02 9.944052e+02 9.902809e+02 1.350640e+03
49t 1.025584e+03 1.020453e+03 1.199886e+03 1.203239e+03 1.217493e+03
50t 9.474836e+02 1.008866e+03 9.920223e+02 1.152170e+03 1.307538e+03
              56           57           58           59           60
1t  1.646470e+00 8.254707e-01 1.807993e+00 8.178765e-01 6.575395e-01
2t  1.000659e+07 1.090676e+07 1.338896e+07 3.038021e+06 2.517823e+06
3t  2.467422e+06 1.632170e+06 2.846076e+06 1.208237e+06 1.113472e+06
4t  1.049075e+05 1.287792e+05 1.193667e+05 1.055577e+05 1.326657e+05
5t  1.666668e+01 4.790827e+01 8.097751e+00 3.218485e+01 5.225226e+01
6t  1.720835e+02 2.080997e+02 2.335296e+02 3.963299e+00 7.560090e+00
7t  5.621560e+03 5.001629e+03 5.101673e+03 4.015719e+04 1.261743e+04
8t  6.657675e+00 5.321737e+00 7.929272e+00 7.071714e+00 4.507141e+00
9t  2.970166e+02 2.810099e+02 2.352465e+02 3.472896e+02 4.264928e+02
10t 3.139515e+01 2.552488e+01 3.453260e+01 2.558812e+01 2.240809e+01
11t 2.889012e+02 2.796691e+02 2.632076e+02 2.898064e+02 3.923977e+02
12t 9.699094e+03 1.523677e+04 7.826951e+02 9.974992e+03 1.893379e+04
13t 1.678363e+00 1.938784e+01 1.866046e+00 2.019963e+01 2.049892e+01
14t 2.106162e+01 2.102381e+01 2.094334e+01 2.084550e+01 2.111769e+01
15t 1.213357e+03 1.578774e+02 2.986753e+03 1.222962e+02 1.128633e+02
16t 4.961205e+01 4.924755e+01 4.923673e+01 4.865671e+01 4.919356e+01
17t 2.336624e-01 2.206153e+00 1.495238e-01 4.945272e-02 3.542816e+02
18t 9.820071e-01 8.220155e-01 1.013156e+00 7.768495e-01 7.641706e-01
19t 4.833309e+02 6.314108e+02 3.789480e+02 1.929564e+03 2.946028e+03
20t 3.187425e+02 3.800271e+02 3.044927e+02 4.523435e+02 6.668190e+02
21t 2.759206e+04 2.750656e+04 2.769521e+04 2.950446e+04 3.603327e+04
22t 2.678201e+04 2.814266e+04 2.797823e+04 2.892262e+04 3.608151e+04
23t 5.075003e+01 5.952306e+01 4.798353e+01 6.327086e+01 7.692480e+01
24t 5.403854e-01 7.543315e-01 7.117608e-01 5.557205e-01 3.475148e+00
25t 6.761311e-01 7.736120e-01 5.008716e-01 5.964743e-01 5.804816e-01
26t 2.855215e-01 3.004896e-01 2.652958e-01 4.019690e-01 2.626539e-01
27t 9.217761e+01 9.051946e+01 8.657073e+01 1.374410e+02 4.929861e+01
28t 2.300970e+02 2.315598e+02 2.558337e+02 2.637180e+02 1.389453e+02
29t 2.975243e+02 3.168513e+02 3.334293e+02 3.818371e+02 4.695748e+02
30t 1.184775e+01 1.299507e+01 1.306653e+01 8.816708e+00 1.618803e+01
31t 1.404995e+02 1.786992e+02 1.343741e+02 2.700262e+02 1.087115e+02
32t 4.165333e+02 5.363993e+02 4.983714e+02 3.638237e+02 4.028938e+02
33t 8.941006e+01 1.136780e+02 1.013625e+02 1.596599e+02 1.601325e+02
34t 2.757032e+01 1.873630e+01 2.869894e+01 3.674893e+01 3.025099e+01
35t 1.245662e+04 1.304778e+04 1.239766e+04 1.477546e+04 1.497931e+04
36t 1.871297e+05 1.694060e+05 2.141502e+05 1.512818e+05 1.342007e+05
37t 5.692943e+01 5.803435e+01 5.961271e+01 5.449880e+01 6.457589e+01
38t 2.010139e+05 1.835303e+05 1.817923e+05 2.713166e+05 1.616301e+05
39t 5.904440e+00 5.892300e+00 5.952883e+00 5.477757e+00 6.844929e+00
40t 3.600216e+01 7.272952e+01 2.323979e+01 9.466549e+01 8.930046e+02
41t 5.518158e+02 4.474922e+02 5.539265e+02 7.848599e+02 8.652200e+02
42t 3.001828e+02 4.274782e+02 2.694429e+02 5.279948e+02 4.268358e+02
43t 2.956369e+02 3.383523e+02 2.987436e+02 3.912363e+02 4.387077e+02
44t 9.319054e+02 9.304418e+02 9.237649e+02 9.326468e+02 9.283294e+02
45t 9.309313e+02 9.339787e+02 9.305509e+02 1.034945e+03 9.260957e+02
46t 9.301256e+02 9.312073e+02 9.242684e+02 1.094924e+03 9.269219e+02
47t 1.029697e+03 5.372321e+02 1.027117e+03 1.191540e+03 1.220369e+03
48t 9.320819e+02 9.865080e+02 9.280153e+02 1.173806e+03 1.339482e+03
49t 1.024002e+03 5.534461e+02 1.025743e+03 1.232773e+03 1.208726e+03
50t 9.151743e+02 1.017237e+03 9.288162e+02 1.253188e+03 1.308967e+03
              61           62           63           64           65
1t  6.520927e-01 1.352183e+00 1.154504e+00 1.601807e+00 1.634547e+00
2t  1.637619e+07 7.135165e+06 2.134615e+07 2.048155e+07 1.261171e+07
3t  1.433274e+06 1.867460e+06 1.790431e+06 2.589170e+06 2.748706e+06
4t  1.413512e+05 1.169664e+05 1.194160e+05 1.230420e+05 1.261957e+05
5t  5.573340e+01 2.766617e+01 2.653370e+01 3.815216e+01 1.186564e+01
6t  8.685080e+01 1.470361e+02 2.461631e+02 3.765415e+02 3.868081e+02
7t  7.183162e+03 2.943320e+03 5.691297e+03 8.465141e+03 3.744663e+03
8t  4.667715e+00 6.425065e+00 5.442899e+00 6.510445e+00 7.147955e+00
9t  3.265883e+02 2.474531e+02 2.753066e+02 2.930852e+02 2.517434e+02
10t 2.531013e+01 2.920665e+01 2.645350e+01 2.943556e+01 3.089632e+01
11t 3.110913e+02 2.762534e+02 2.835714e+02 2.842750e+02 2.369671e+02
12t 2.333296e+04 2.040622e+02 3.312586e+02 1.782072e+04 2.158624e+02
13t 2.003094e+01 1.638742e+00 1.294993e+00 1.981766e+01 1.710277e+00
14t 2.093923e+01 2.111949e+01 2.095093e+01 2.094086e+01 2.115416e+01
15t 1.391835e+02 1.700867e+02 1.661627e+02 1.206222e+04 8.250068e+02
16t 1.040498e+02 4.796050e+01 8.151541e+01 4.938744e+01 4.883417e+01
17t 1.922668e+01 2.664800e-01 8.422907e-01 4.543103e+00 2.124283e-01
18t 8.462157e-01 9.673294e-01 9.335499e-01 9.539544e-01 9.870391e-01
19t 7.818617e+02 4.707855e+02 5.075699e+02 4.976260e+02 4.719633e+02
20t 3.956219e+02 3.009161e+02 3.244743e+02 3.832955e+02 3.055062e+02
21t 2.851605e+04 2.746945e+04 2.784231e+04 2.808970e+04 2.809751e+04
22t 2.841464e+04 2.869741e+04 2.862134e+04 2.910247e+04 2.825869e+04
23t 6.027976e+01 4.882723e+01 5.189242e+01 5.168576e+01 4.861985e+01
24t 1.089047e+00 6.662690e-01 8.224070e-01 5.334972e-01 9.718960e-01
25t 7.262867e-01 5.111979e-01 5.310811e-01 5.577084e-01 5.624345e-01
26t 3.876385e-01 2.755713e-01 2.673175e-01 4.307280e-01 3.428502e-01
27t 6.765016e+01 6.492297e+01 9.483813e+01 1.035704e+02 6.281728e+01
28t 2.487690e+02 2.351341e+02 2.307942e+02 2.875573e+02 2.380184e+02
29t 3.744807e+02 3.353642e+02 2.913512e+02 2.941941e+02 3.233754e+02
30t 1.711766e+01 1.056036e+01 9.266947e+00 1.546433e+01 1.070043e+01
31t 1.962625e+02 1.859439e+02 1.644939e+02 2.435617e+02 1.511333e+02
32t 5.908193e+02 3.355739e+02 3.214045e+02 4.115467e+02 3.182078e+02
33t 1.365576e+02 1.062558e+02 1.115650e+02 1.145513e+02 1.088197e+02
34t 2.919069e+01 2.657155e+01 2.331117e+01 2.865767e+01 2.678056e+01
35t 1.337997e+04 1.258387e+04 1.266197e+04 1.300695e+04 1.270785e+04
36t 1.445547e+05 2.025351e+05 1.687208e+05 1.637863e+05 2.462048e+05
37t 5.911331e+01 6.200279e+01 5.812203e+01 5.560788e+01 5.859654e+01
38t 2.297109e+05 2.851815e+05 2.163796e+05 1.816660e+05 2.698415e+05
39t 6.699758e+00 5.006827e+00 5.314325e+00 5.237344e+00 5.403945e+00
40t 2.504071e+02 5.663326e+01 5.441469e+01 4.957578e+01 3.173186e+01
41t 5.471629e+02 4.499137e+02 4.483391e+02 5.120469e+02 4.498008e+02
42t 4.149152e+02 4.285477e+02 3.070589e+02 4.291267e+02 2.890779e+02
43t 4.386084e+02 3.862090e+02 4.360043e+02 4.404699e+02 3.080177e+02
44t 9.336367e+02 9.350290e+02 9.437699e+02 9.318131e+02 9.238721e+02
45t 9.308446e+02 9.336546e+02 9.433871e+02 9.702705e+02 9.258991e+02
46t 9.357172e+02 9.414846e+02 9.335826e+02 9.295950e+02 9.211400e+02
47t 5.308633e+02 1.027848e+03 5.444161e+02 5.484017e+02 1.021761e+03
48t 1.034251e+03 9.565585e+02 9.227253e+02 9.329504e+02 9.436437e+02
49t 5.493216e+02 1.017706e+03 5.574530e+02 5.707161e+02 1.019088e+03
50t 1.200676e+03 9.016809e+02 9.963170e+02 1.029161e+03 9.227911e+02
              66           67           68           69           70
1t  1.340562e+00 1.867624e+00 3.119375e+00 8.798532e-01 1.285479e+00
2t  5.028078e+07 9.438319e+06 1.004523e+07 4.481018e+06 7.805774e+06
3t  2.646893e+06 2.726970e+06 5.018542e+06 1.420772e+06 1.808017e+06
4t  1.305759e+05 1.132774e+05 1.433646e+05 1.655763e+05 1.411248e+05
5t  5.095942e+01 1.301091e+01 2.176334e+01 4.385098e+01 2.636235e+01
6t  4.771718e+02 2.518678e+02 3.756145e+02 4.230362e+00 2.284872e+02
7t  6.780708e+03 2.499744e+03 4.118483e+03 2.951829e+04 4.038058e+03
8t  6.439637e+00 7.155075e+00 9.749717e+00 5.078491e+00 5.964207e+00
9t  3.096147e+02 2.408493e+02 2.348471e+02 2.976600e+02 2.606972e+02
10t 2.715774e+01 3.239384e+01 3.774170e+01 2.588942e+01 2.708101e+01
11t 3.005460e+02 2.682205e+02 2.341330e+02 2.917998e+02 2.813260e+02
12t 1.093538e+04 2.165334e+02 5.475739e+03 1.363746e+04 2.657339e+02
13t 1.997675e+01 1.773923e+00 2.237798e+00 1.975137e+01 1.525745e+00
14t 2.119658e+01 2.112798e+01 2.113700e+01 2.089146e+01 2.108728e+01
15t 1.159198e+03 4.098267e+02 7.704217e+02 1.400031e+02 3.144464e+02
16t 8.480778e+01 4.935815e+01 4.935528e+01 4.913040e+01 4.906383e+01
17t 3.559206e+00 1.210030e+00 1.058836e-01 2.629296e+02 1.681866e-01
18t 9.969900e-01 1.017442e+00 1.044522e+00 8.446391e-01 9.418297e-01
19t 6.286990e+02 4.002597e+02 4.126499e+02 2.129231e+03 4.906873e+02
20t 3.971975e+02 3.134614e+02 3.643122e+02 3.649112e+02 3.594720e+02
21t 2.753508e+04 2.723024e+04 3.041446e+04 2.836302e+04 2.727085e+04
22t 2.926267e+04 2.898099e+04 3.233224e+04 3.014942e+04 2.863816e+04
23t 5.368117e+01 4.204888e+01 4.916182e+01 6.376555e+01 4.750536e+01
24t 1.017785e+00 6.555629e-01 2.923453e+00 1.626341e+00 7.685700e-01
25t 6.844369e-01 5.456905e-01 5.113967e-01 7.754645e-01 6.132326e-01
26t 2.996200e-01 3.211343e-01 3.423838e-01 3.370720e-01 3.300406e-01
27t 8.680260e+01 1.122389e+02 5.418529e+01 1.056484e+02 8.335512e+01
28t 2.526164e+02 2.778784e+02 3.155323e+02 2.705298e+02 2.044598e+02
29t 3.461864e+02 3.025258e+02 3.143910e+02 3.806120e+02 3.028555e+02
30t 1.177996e+01 1.254640e+01 1.586489e+01 2.107184e+01 1.363295e+01
31t 1.920803e+02 1.631963e+02 1.454382e+02 2.491965e+02 1.609739e+02
32t 2.889308e+02 3.461944e+02 3.037164e+02 3.269793e+02 3.123553e+02
33t 1.219990e+02 1.138347e+02 1.113117e+02 1.702777e+02 1.275162e+02
34t 2.874724e+01 2.624213e+01 3.322174e+01 3.446366e+01 2.587358e+01
35t 1.313282e+04 1.260200e+04 1.252567e+04 1.412086e+04 1.280743e+04
36t 1.794692e+05 2.889319e+05 3.937462e+05 1.825276e+05 2.037835e+05
37t 6.207343e+01 6.235765e+01 6.128017e+01 5.752853e+01 5.932579e+01
38t 2.225275e+05 1.955446e+05 2.084630e+05 3.071227e+05 2.279403e+05
39t 6.795370e+00 7.582331e+00 5.961752e+00 6.670009e+00 5.373359e+00
40t 9.647639e+01 2.939411e+01 3.349177e+01 1.527893e+02 5.609896e+01
41t 4.496358e+02 5.527669e+02 4.568766e+02 6.155196e+02 4.492385e+02
42t 3.354380e+02 3.609271e+02 2.653342e+02 4.297989e+02 3.258122e+02
43t 4.347024e+02 4.072225e+02 3.126127e+02 3.719298e+02 3.350430e+02
44t 9.398278e+02 9.265653e+02 9.678719e+02 1.148635e+03 9.378313e+02
45t 9.375220e+02 9.251241e+02 9.401871e+02 9.847034e+02 9.315481e+02
46t 9.438096e+02 9.344972e+02 9.410011e+02 1.061645e+03 9.300120e+02
47t 5.461379e+02 1.022405e+03 6.025083e+02 1.199320e+03 1.025098e+03
48t 9.536051e+02 9.373413e+02 9.395404e+02 1.129292e+03 9.312856e+02
49t 5.692927e+02 1.019388e+03 6.156256e+02 1.229854e+03 5.687215e+02
50t 1.001348e+03 9.031326e+02 4.337953e+02 1.216642e+03 9.503598e+02
              71           72           73           74           75
1t  1.066456e+00 7.430275e-01 1.102623e+00 9.662073e-01 1.060089e+00
2t  5.260251e+06 3.252083e+06 1.372391e+07 5.847225e+06 2.785020e+07
3t  1.520076e+06 1.402623e+06 1.523481e+06 1.721974e+06 1.883364e+06
4t  1.169382e+05 1.057400e+05 1.473239e+05 1.246315e+05 1.380822e+05
5t  2.184479e+01 1.152558e+01 3.271613e+01 4.002748e+01 4.898705e+01
6t  6.222022e+01 4.924028e+00 4.787726e+02 3.699829e+02 5.562485e+02
7t  4.627180e+03 8.418319e+03 4.917955e+03 5.932445e+03 5.149862e+03
8t  5.508414e+00 5.269271e+00 5.771202e+00 5.846180e+00 5.524513e+00
9t  2.959519e+02 3.164960e+02 3.016031e+02 3.126626e+02 2.855220e+02
10t 2.685372e+01 2.503900e+01 2.639706e+01 2.518468e+01 2.530325e+01
11t 3.027550e+02 2.869651e+02 2.826949e+02 2.673326e+02 2.949823e+02
12t 1.429624e+04 8.364927e+03 2.617236e+03 8.099317e+03 1.604286e+04
13t 1.373559e+00 2.003018e+01 1.327231e+00 1.824732e+01 1.369151e+00
14t 2.091277e+01 2.093030e+01 2.099513e+01 2.117301e+01 2.100952e+01
15t 1.723103e+02 1.187081e+02 6.531282e+02 1.648801e+02 2.122887e+02
16t 4.916884e+01 4.708688e+01 5.874083e+01 4.893125e+01 5.184333e+01
17t 1.191146e+00 1.168692e-01 2.047090e+00 4.242683e-02 5.490842e+00
18t 9.122702e-01 8.789420e-01 9.010750e-01 9.453488e-01 9.446510e-01
19t 4.936105e+02 6.554461e+02 5.513951e+02 6.710387e+02 4.988402e+02
20t 3.025674e+02 4.224783e+02 2.775956e+02 3.755250e+02 2.949970e+02
21t 2.833939e+04 2.878775e+04 2.779894e+04 3.373182e+04 2.761032e+04
22t 2.809376e+04 2.826145e+04 2.837377e+04 3.460512e+04 2.874150e+04
23t 6.154789e+01 5.401278e+01 5.606624e+01 5.413969e+01 5.149328e+01
24t 6.554118e-01 9.143543e-01 6.831165e-01 3.336058e+00 7.116190e-01
25t 7.413735e-01 5.944690e-01 6.235861e-01 4.787268e-01 6.700021e-01
26t 2.873056e-01 3.171786e-01 3.236828e-01 3.229924e-01 2.932464e-01
27t 1.073300e+02 1.144960e+02 7.435858e+01 9.437259e+01 7.257131e+01
28t 2.498824e+02 2.426902e+02 2.391880e+02 2.256361e+02 1.997602e+02
29t 2.440516e+02 3.889691e+02 2.716357e+02 3.638765e+02 3.252113e+02
30t 1.021714e+01 1.217022e+01 1.159069e+01 1.111928e+01 1.123773e+01
31t 1.832042e+02 2.463133e+02 1.703516e+02 9.603541e+01 1.578965e+02
32t 4.405214e+02 3.796443e+02 3.623917e+02 4.127375e+02 4.734846e+02
33t 1.039733e+02 1.343030e+02 1.083643e+02 1.237816e+02 1.323156e+02
34t 2.416009e+01 2.579361e+01 2.473056e+01 2.799454e+01 2.275897e+01
35t 1.287338e+04 1.308238e+04 1.279863e+04 1.278587e+04 1.264414e+04
36t 2.629354e+05 1.996346e+05 1.314159e+05 1.839209e+05 1.392989e+05
37t 5.691966e+01 5.904191e+01 5.781167e+01 6.169135e+01 5.879125e+01
38t 2.319054e+05 4.538776e+05 1.846350e+05 1.807038e+05 1.764065e+05
39t 6.029073e+00 7.100753e+00 5.905977e+00 4.886364e+00 5.652494e+00
40t 8.307483e+01 9.306197e+01 5.471168e+01 1.117488e+02 5.942016e+01
41t 4.477263e+02 6.660421e+02 4.487218e+02 4.499627e+02 4.480892e+02
42t 3.326903e+02 4.270666e+02 3.297820e+02 4.297879e+02 3.331537e+02
43t 4.353807e+02 4.734541e+02 3.875442e+02 4.448500e+02 4.492693e+02
44t 9.403170e+02 9.335811e+02 9.333361e+02 9.205521e+02 9.375446e+02
45t 9.396088e+02 9.324935e+02 9.360166e+02 9.607245e+02 9.299516e+02
46t 9.450715e+02 9.963109e+02 9.354581e+02 9.530971e+02 9.404969e+02
47t 1.027613e+03 8.918800e+02 5.397211e+02 5.563897e+02 5.341497e+02
48t 9.965374e+02 1.000960e+03 9.487410e+02 9.999217e+02 9.769857e+02
49t 1.025464e+03 9.109526e+02 5.559667e+02 5.649355e+02 5.517981e+02
50t 9.818513e+02 1.212375e+03 1.129814e+03 1.219597e+03 1.023689e+03
              76           77           78           79           80
1t  1.635829e+00 1.223482e+00 1.650025e+00 7.661325e-01 1.271982e+00
2t  9.881033e+06 7.613302e+06 1.093665e+07 3.009069e+06 7.637176e+06
3t  2.691521e+06 1.993761e+06 3.085491e+06 1.252416e+06 1.917953e+06
4t  1.229338e+05 1.171894e+05 1.202312e+05 1.343731e+05 1.679198e+05
5t  1.410659e+01 5.035572e+01 7.294519e+00 1.542887e+01 4.026209e+01
6t  1.938896e+02 1.441888e+02 3.962235e+02 4.085537e+00 5.910723e+02
7t  3.606839e+03 4.746950e+03 3.319642e+03 1.287637e+04 6.884905e+03
8t  6.747141e+00 5.974916e+00 7.113889e+00 4.941022e+00 6.592904e+00
9t  2.714673e+02 2.917302e+02 2.682779e+02 3.336323e+02 2.923230e+02
10t 3.151746e+01 2.848806e+01 3.202977e+01 2.631679e+01 2.525602e+01
11t 2.940582e+02 2.812441e+02 2.529561e+02 2.931409e+02 2.914139e+02
12t 2.785626e+02 1.586075e+04 5.121391e+02 1.333083e+04 1.490794e+04
13t 1.720745e+00 1.520603e+00 1.901751e+00 1.970214e+01 1.430296e+00
14t 2.109784e+01 2.103180e+01 2.106668e+01 2.089050e+01 2.117910e+01
15t 2.158724e+02 4.408965e+02 5.168501e+02 7.727002e+02 1.925316e+02
16t 4.915347e+01 9.581092e+01 4.914325e+01 1.010501e+02 4.927826e+01
17t 8.788835e-02 2.623806e+00 9.223783e-01 4.253864e-01 4.449860e-02
18t 9.920192e-01 9.218646e-01 9.999339e-01 7.987270e-01 8.936527e-01
19t 4.455075e+02 5.788056e+02 4.319689e+02 1.006626e+03 7.238310e+02
20t 2.232613e+02 3.731543e+02 2.315509e+02 3.976382e+02 5.051121e+02
21t 2.789622e+04 2.747105e+04 2.691067e+04 2.854881e+04 3.095139e+04
22t 2.885454e+04 2.927097e+04 2.817518e+04 2.966584e+04 3.485624e+04
23t 5.347307e+01 5.294447e+01 4.713952e+01 5.907738e+01 5.883172e+01
24t 8.273406e-01 9.863401e-01 6.095481e-01 5.988345e-01 3.459358e+00
25t 6.546280e-01 8.960001e-01 4.235166e-01 8.429426e-01 5.995202e-01
26t 3.344488e-01 2.385132e-01 3.129641e-01 3.014889e-01 2.985775e-01
27t 9.539452e+01 7.551879e+01 6.113379e+01 1.344524e+02 6.956730e+01
28t 2.868023e+02 2.864069e+02 2.855060e+02 2.345669e+02 2.324901e+02
29t 2.772012e+02 3.364109e+02 2.978751e+02 3.405942e+02 3.883962e+02
30t 1.372903e+01 1.133291e+01 1.221883e+01 1.553987e+01 1.404765e+01
31t 1.862745e+02 1.699158e+02 1.445568e+02 2.350238e+02 1.519013e+02
32t 3.166398e+02 5.755619e+02 2.941978e+02 3.380792e+02 4.022345e+02
33t 1.192085e+02 1.143786e+02 1.098805e+02 1.313843e+02 1.138028e+02
34t 3.015488e+01 2.447834e+01 2.605195e+01 2.601168e+01 2.675481e+01
35t 1.253656e+04 1.257685e+04 1.256323e+04 1.604316e+04 1.306263e+04
36t 2.535962e+05 2.444050e+05 2.669864e+05 1.953201e+05 1.969835e+05
37t 6.172133e+01 5.766563e+01 5.896303e+01 5.536209e+01 6.138392e+01
38t 2.369517e+05 2.127525e+05 2.658366e+05 3.804418e+05 1.576208e+05
39t 5.435529e+00 5.794115e+00 5.418480e+00 6.198929e+00 5.466973e+00
40t 3.515576e+01 7.405717e+01 3.270317e+01 1.110210e+02 2.444351e+02
41t 5.510110e+02 4.484071e+02 4.506309e+02 5.867480e+02 4.490242e+02
42t 3.084881e+02 4.276653e+02 2.773790e+02 4.860074e+02 3.544392e+02
43t 4.036666e+02 3.447266e+02 3.360077e+02 4.294685e+02 4.550413e+02
44t 9.285518e+02 9.366818e+02 9.311845e+02 9.378593e+02 9.303807e+02
45t 9.327122e+02 9.306656e+02 9.272442e+02 1.000068e+03 9.514201e+02
46t 9.313020e+02 9.293296e+02 9.264816e+02 1.107983e+03 9.380466e+02
47t 1.022198e+03 5.329589e+02 1.030632e+03 8.943663e+02 5.436484e+02
48t 9.183571e+02 9.368698e+02 9.349496e+02 1.199533e+03 1.077099e+03
49t 1.019040e+03 5.806973e+02 1.022388e+03 5.468354e+02 5.645899e+02
50t 9.029332e+02 9.758533e+02 8.977153e+02 1.238656e+03 1.244758e+03
# 2026-01-31 13:47:54 -03: Finished testing
