# 2026-01-26 16:59:48 -03: Reading parameter file '/home/pestobar/Activities/irace-executions/PSO-X/Scenarios/BH-65/Runs/BH-65_seed_700099/parameters.txt'.
# 2026-01-26 16:59:48 -03: 2 expression(s) specifying forbidden configurations read.
# 2026-01-26 16:59:48 -03: Initialization
# Elitist race
# Elitist new instances: 1
# Elitist limit: 2
# nbIterations: 5
# minNbSurvival: 5
# nbParameters: 8
# seed: 700099
# confidence level: 0.95
# budget: 4000
# mu: 5
# deterministic: FALSE

# 2026-01-26 16:59:48 -03: Iteration 1 of 5
# experimentsUsed: 0
# remainingBudget: 4000
# currentBudget: 800
# nbConfigurations: 65
# Markers:
     x No test is performed.
     c Configurations are discarded only due to capping.
     - The test is performed and some configurations are discarded.
     = The test is performed but no configuration is discarded.
     ! The test is performed and configurations could be discarded but elite configurations are preserved.
     . All alive configurations are elite and nothing is discarded.

+-+-----------+-----------+-----------+----------------+-----------+--------+-----+----+------+
| |   Instance|      Alive|       Best|       Mean best| Exp so far|  W time|  rho|KenW|  Qvar|
+-+-----------+-----------+-----------+----------------+-----------+--------+-----+----+------+
|x|          1|         65|         19|     30.00248946|         65|00:02:24|   NA|  NA|    NA|
|x|          2|         65|         19|     28.57880690|        130|00:02:26|+0.48|0.74|0.5314|
|x|          3|         65|         36|     5682.061724|        195|00:00:48|+0.56|0.71|0.4483|
|x|          4|         65|         36|     6065.627138|        260|00:00:46|+0.58|0.68|0.4486|
|-|          5|         12|         36|     4855.361811|        325|00:00:44|+0.08|0.27|0.8925|
|=|          6|         12|         36|     4141.502930|        337|00:01:03|+0.09|0.24|0.8681|
|=|          7|         12|         36|     3550.003958|        349|00:00:02|+0.01|0.15|0.8577|
+-+-----------+-----------+-----------+----------------+-----------+--------+-----+----+------+
Best-so-far configuration:          36    mean value:      3550.003958
Description of the best-so-far configuration:
   .ID. particles topology modInfluence branching tSchedule phi1 phi2 inertia
36   36       187        4            0        NA        NA  1.4 2.41    0.59
   .PARENT.
36       NA

# 2026-01-26 17:08:05 -03: Elite configurations (first number is the configuration ID; listed from best to worst according to the sum of ranks):
   particles topology modInfluence branching tSchedule phi1 phi2 inertia
36       187        4            0        NA        NA 1.40 2.41    0.59
39       150        4            0        NA        NA 2.49 2.25    0.65
65        65        4            0        NA        NA 2.24 2.39    0.36
41       100        5            0        NA         5 0.61 1.62    0.43
19       191        0            0        NA        NA 0.81 2.29    0.30
# 2026-01-26 17:08:05 -03: Iteration 2 of 5
# experimentsUsed: 349
# remainingBudget: 3651
# currentBudget: 912
# nbConfigurations: 65
# Markers:
     x No test is performed.
     c Configurations are discarded only due to capping.
     - The test is performed and some configurations are discarded.
     = The test is performed but no configuration is discarded.
     ! The test is performed and configurations could be discarded but elite configurations are preserved.
     . All alive configurations are elite and nothing is discarded.

+-+-----------+-----------+-----------+----------------+-----------+--------+-----+----+------+
| |   Instance|      Alive|       Best|       Mean best| Exp so far|  W time|  rho|KenW|  Qvar|
+-+-----------+-----------+-----------+----------------+-----------+--------+-----+----+------+
|x|          8|         65|         76|     909.3987262|         65|00:04:16|   NA|  NA|    NA|
|x|          7|         65|         82|     455.0291044|        125|00:00:34|+0.74|0.87|0.4381|
|x|          3|         65|         74|     5921.848289|        185|00:00:36|+0.66|0.77|0.4323|
|x|          4|         65|         39|     6221.938119|        245|00:00:35|+0.72|0.79|0.3656|
|-|          5|         20|        106|     4993.703568|        305|00:00:35|+0.01|0.21|0.8933|
|=|          6|         20|        106|     4251.930269|        320|00:01:05|+0.01|0.17|0.8807|
|=|          2|         20|        106|     3648.274150|        335|00:00:31|+0.04|0.18|0.8440|
|=|          1|         20|        106|     3195.992754|        350|00:00:29|+0.01|0.13|0.8912|
|=|          9|         20|         36|     2862.195410|        370|00:00:03|-0.03|0.09|0.9267|
+-+-----------+-----------+-----------+----------------+-----------+--------+-----+----+------+
Best-so-far configuration:          36    mean value:      2862.195410
Description of the best-so-far configuration:
   .ID. particles topology modInfluence branching tSchedule phi1 phi2 inertia
36   36       187        4            0        NA        NA  1.4 2.41    0.59
   .PARENT.
36       NA

# 2026-01-26 17:16:53 -03: Elite configurations (first number is the configuration ID; listed from best to worst according to the sum of ranks):
    particles topology modInfluence branching tSchedule phi1 phi2 inertia
36        187        4            0        NA        NA 1.40 2.41    0.59
106       121        4            0        NA        NA 2.13 2.32    0.43
39        150        4            0        NA        NA 2.49 2.25    0.65
69         33        4            0        NA        NA 2.07 1.46    0.67
81        136        4            0        NA        NA 1.98 2.11    0.63
# 2026-01-26 17:16:53 -03: Iteration 3 of 5
# experimentsUsed: 719
# remainingBudget: 3281
# currentBudget: 1093
# nbConfigurations: 65
# Markers:
     x No test is performed.
     c Configurations are discarded only due to capping.
     - The test is performed and some configurations are discarded.
     = The test is performed but no configuration is discarded.
     ! The test is performed and configurations could be discarded but elite configurations are preserved.
     . All alive configurations are elite and nothing is discarded.

+-+-----------+-----------+-----------+----------------+-----------+--------+-----+----+------+
| |   Instance|      Alive|       Best|       Mean best| Exp so far|  W time|  rho|KenW|  Qvar|
+-+-----------+-----------+-----------+----------------+-----------+--------+-----+----+------+
|x|         10|         65|        160|    0.5067718204|         65|00:00:09|   NA|  NA|    NA|
|x|          5|         65|        184|     6.808642869|        125|00:00:09|+0.57|0.79|0.0830|
|x|          1|         65|        106|     14.68733330|        185|00:01:34|+0.24|0.49|0.4285|
|x|          3|         65|        106|     4177.987946|        245|00:00:13|+0.21|0.41|0.5244|
|-|          9|         27|        146|     3269.256716|        305|00:00:09|-0.08|0.14|1.0334|
|=|          7|         27|        139|     2761.336980|        327|00:00:04|-0.05|0.12|0.9889|
|=|          8|         27|        139|     2496.939099|        349|00:01:40|-0.07|0.08|0.9621|
|=|          6|         27|        139|     2252.850132|        371|00:01:38|-0.03|0.10|0.9655|
|=|          4|         27|        139|     2841.518827|        393|00:00:04|-0.05|0.07|0.9488|
|=|          2|         27|        139|     2559.749182|        415|00:00:46|-0.05|0.06|0.9254|
|=|         11|         27|        126|     2302.658776|        442|00:00:04|-0.04|0.05|0.8934|
+-+-----------+-----------+-----------+----------------+-----------+--------+-----+----+------+
Best-so-far configuration:         126    mean value:      2302.658776
Description of the best-so-far configuration:
    .ID. particles topology modInfluence branching tSchedule phi1 phi2 inertia
126  126       108        4            0        NA        NA 2.12 2.33    0.62
    .PARENT.
126       39

# 2026-01-26 17:23:29 -03: Elite configurations (first number is the configuration ID; listed from best to worst according to the sum of ranks):
    particles topology modInfluence branching tSchedule phi1 phi2 inertia
126       108        4            0        NA        NA 2.12 2.33    0.62
139       112        4            0        NA        NA 2.11 1.94    0.47
106       121        4            0        NA        NA 2.13 2.32    0.43
161       112        4            0        NA        NA 2.37 2.24    0.48
146       131        4            0        NA        NA 1.52 2.17    0.37
# 2026-01-26 17:23:29 -03: Iteration 4 of 5
# experimentsUsed: 1161
# remainingBudget: 2839
# currentBudget: 1419
# nbConfigurations: 65
# Markers:
     x No test is performed.
     c Configurations are discarded only due to capping.
     - The test is performed and some configurations are discarded.
     = The test is performed but no configuration is discarded.
     ! The test is performed and configurations could be discarded but elite configurations are preserved.
     . All alive configurations are elite and nothing is discarded.

+-+-----------+-----------+-----------+----------------+-----------+--------+-----+----+------+
| |   Instance|      Alive|       Best|       Mean best| Exp so far|  W time|  rho|KenW|  Qvar|
+-+-----------+-----------+-----------+----------------+-----------+--------+-----+----+------+
|x|         12|         65|        186|     544.9950120|         65|00:00:18|   NA|  NA|    NA|
|x|          5|         65|        207|     602.8292683|        125|00:00:18|-0.19|0.40|0.3090|
|x|          7|         65|        207|     401.9058579|        185|00:00:18|+0.14|0.42|0.2077|
|x|          8|         65|        240|     423.4695846|        245|00:03:40|+0.22|0.42|0.1776|
|-|          4|         43|        240|     1829.274271|        305|00:00:18|-0.08|0.13|0.9592|
|=|          6|         43|        219|     1711.515697|        343|00:02:15|-0.08|0.10|0.8817|
|=|          9|         43|        219|     1467.050920|        381|00:00:05|-0.06|0.09|0.9056|
|=|          2|         43|        219|     1287.030194|        419|00:01:04|-0.05|0.08|0.9197|
|=|          1|         43|        219|     1147.653742|        457|00:01:02|-0.03|0.09|0.9060|
|=|         10|         43|        219|     1032.959286|        495|00:00:05|-0.02|0.08|0.9255|
|=|         11|         43|        219|     939.8347919|        533|00:00:05|-0.02|0.08|0.8974|
|=|          3|         43|        219|     2235.290135|        571|00:00:08|+0.00|0.09|0.8743|
|=|         13|         43|        231|     1984.495151|        614|00:00:11|+0.02|0.09|0.8388|
+-+-----------+-----------+-----------+----------------+-----------+--------+-----+----+------+
Best-so-far configuration:         231    mean value:      1984.495151
Description of the best-so-far configuration:
    .ID. particles topology modInfluence branching tSchedule phi1 phi2 inertia
231  231        98        4            0        NA        NA 1.88 2.48    0.62
    .PARENT.
231      106

# 2026-01-26 17:33:22 -03: Elite configurations (first number is the configuration ID; listed from best to worst according to the sum of ranks):
    particles topology modInfluence branching tSchedule phi1 phi2 inertia
231        98        4            0        NA        NA 1.88 2.48    0.62
242       140        4            0        NA        NA 2.44 2.45    0.48
219        84        4            0        NA        NA 1.87 2.41    0.43
126       108        4            0        NA        NA 2.12 2.33    0.62
195       114        4            0        NA        NA 2.48 2.22    0.56
# 2026-01-26 17:33:22 -03: Iteration 5 of 5
# experimentsUsed: 1775
# remainingBudget: 2225
# currentBudget: 2225
# nbConfigurations: 65
# Markers:
     x No test is performed.
     c Configurations are discarded only due to capping.
     - The test is performed and some configurations are discarded.
     = The test is performed but no configuration is discarded.
     ! The test is performed and configurations could be discarded but elite configurations are preserved.
     . All alive configurations are elite and nothing is discarded.

+-+-----------+-----------+-----------+----------------+-----------+--------+-----+----+------+
| |   Instance|      Alive|       Best|       Mean best| Exp so far|  W time|  rho|KenW|  Qvar|
+-+-----------+-----------+-----------+----------------+-----------+--------+-----+----+------+
|x|         14|         65|        273|     141.5380105|         65|00:00:12|   NA|  NA|    NA|
|x|         13|         65|        252|     95.13681667|        125|00:00:14|-0.26|0.37|0.0691|
|x|          3|         65|        231|     5452.309408|        185|00:00:12|+0.04|0.36|0.2067|
|x|          6|         65|        270|     4320.388633|        245|00:03:24|-0.04|0.22|0.2616|
|=|         10|         65|        242|     3414.551372|        305|00:00:07|+0.02|0.22|0.2098|
|=|         12|         65|        270|     3028.961553|        365|00:00:07|+0.01|0.18|0.1744|
|=|          1|         65|        270|     2600.868405|        425|00:01:35|+0.04|0.18|0.2493|
|-|          4|         61|        231|     3128.107860|        485|00:00:10|-0.07|0.07|0.9775|
|=|          8|         61|        231|     2881.580176|        541|00:03:28|-0.05|0.07|0.9722|
|=|          7|         61|        242|     2795.971527|        597|00:00:07|-0.03|0.07|0.9605|
|=|          5|         61|        251|     2464.232421|        653|00:00:07|-0.03|0.06|0.9504|
|=|          2|         61|        242|     2332.790160|        709|00:01:37|-0.03|0.05|0.9613|
|=|          9|         61|        242|     2153.364488|        765|00:00:08|-0.03|0.05|0.9669|
|=|         11|         61|        297|     1886.865506|        821|00:00:07|-0.02|0.05|0.9568|
|=|         15|         61|        297|     1766.031695|        882|00:00:09|-0.01|0.06|0.9532|
+-+-----------+-----------+-----------+----------------+-----------+--------+-----+----+------+
Best-so-far configuration:         297    mean value:      1766.031695
Description of the best-so-far configuration:
    .ID. particles topology modInfluence branching tSchedule phi1 phi2 inertia
297  297       103        4            0        NA        NA 1.92 2.27    0.57
    .PARENT.
297      231

# 2026-01-26 17:45:13 -03: Elite configurations (first number is the configuration ID; listed from best to worst according to the sum of ranks):
    particles topology modInfluence branching tSchedule phi1 phi2 inertia
297       103        4            0        NA        NA 1.92 2.27    0.57
242       140        4            0        NA        NA 2.44 2.45    0.48
126       108        4            0        NA        NA 2.12 2.33    0.62
300       122        4            0        NA        NA 2.14 2.29    0.57
252        96        4            0        NA        NA 2.13 2.33    0.64
# 2026-01-26 17:45:13 -03: Iteration 6 of 6
# experimentsUsed: 2657
# remainingBudget: 1343
# currentBudget: 1343
# nbConfigurations: 65
# Markers:
     x No test is performed.
     c Configurations are discarded only due to capping.
     - The test is performed and some configurations are discarded.
     = The test is performed but no configuration is discarded.
     ! The test is performed and configurations could be discarded but elite configurations are preserved.
     . All alive configurations are elite and nothing is discarded.

+-+-----------+-----------+-----------+----------------+-----------+--------+-----+----+------+
| |   Instance|      Alive|       Best|       Mean best| Exp so far|  W time|  rho|KenW|  Qvar|
+-+-----------+-----------+-----------+----------------+-----------+--------+-----+----+------+
|x|         16|         65|        324|     5.543415727|         65|00:00:09|   NA|  NA|    NA|
|x|          8|         65|        322|     459.7807792|        125|00:03:28|-0.05|0.47|0.9398|
|x|         14|         65|        322|     359.9841795|        185|00:00:10|-0.12|0.26|1.0621|
|x|          4|         65|        300|     2094.827444|        245|00:00:09|-0.09|0.18|1.0598|
|=|          1|         65|        242|     1720.950374|        305|00:01:32|-0.06|0.15|1.0321|
|=|         13|         65|        300|     1405.334167|        365|00:00:14|-0.04|0.13|1.0153|
|=|         11|         65|        126|     1203.971329|        425|00:00:07|+0.00|0.14|0.9878|
|=|          5|         65|        327|     1055.817897|        485|00:00:08|-0.02|0.11|1.0045|
|=|          3|         65|        322|     2752.225066|        545|00:00:11|-0.00|0.11|0.9956|
|=|         15|         65|        327|     2498.281976|        605|00:00:08|+0.00|0.10|0.9894|
|=|          7|         65|        322|     2260.278256|        665|00:00:08|+0.01|0.10|0.9800|
|=|         12|         65|        322|     2116.720234|        725|00:00:07|+0.02|0.10|0.9739|
|=|         10|         65|        322|     1953.961896|        785|00:00:07|+0.01|0.08|0.9843|
|=|          9|         65|        322|     1814.417063|        845|00:00:08|-0.00|0.07|0.9841|
|=|          2|         65|        322|     1695.243804|        905|00:01:37|+0.00|0.07|0.9807|
|=|          6|         65|        322|     1623.690677|        965|00:03:23|-0.00|0.06|0.9760|
|=|         17|         65|        322|     1535.205564|       1030|00:00:13|-0.00|0.06|0.9735|
+-+-----------+-----------+-----------+----------------+-----------+--------+-----+----+------+
Best-so-far configuration:         322    mean value:      1535.205564
Description of the best-so-far configuration:
    .ID. particles topology modInfluence branching tSchedule phi1 phi2 inertia
322  322       110        4            0        NA        NA 2.13 2.41    0.56
    .PARENT.
322      297

# 2026-01-26 17:57:18 -03: Elite configurations (first number is the configuration ID; listed from best to worst according to the sum of ranks):
    particles topology modInfluence branching tSchedule phi1 phi2 inertia
322       110        4            0        NA        NA 2.13 2.41    0.56
344       111        4            0        NA        NA 1.88 2.36    0.56
300       122        4            0        NA        NA 2.14 2.29    0.57
327       104        4            0        NA        NA 1.77 2.24    0.62
242       140        4            0        NA        NA 2.44 2.45    0.48
# 2026-01-26 17:57:18 -03: There is not enough budget to enforce the value of nbConfigurations, returning to default behaviour nbConfigurations:22.
# Iteration: 7
# nbIterations: 7
# experimentsUsed: 3687
# timeUsed: 0
# remainingBudget: 313
# currentBudget: 313
# number of elites: 5
# nbConfigurations: 22
# 2026-01-26 17:57:18 -03: Iteration 7 of 7
# experimentsUsed: 3687
# remainingBudget: 313
# currentBudget: 313
# nbConfigurations: 22
# Markers:
     x No test is performed.
     c Configurations are discarded only due to capping.
     - The test is performed and some configurations are discarded.
     = The test is performed but no configuration is discarded.
     ! The test is performed and configurations could be discarded but elite configurations are preserved.
     . All alive configurations are elite and nothing is discarded.

+-+-----------+-----------+-----------+----------------+-----------+--------+-----+----+------+
| |   Instance|      Alive|       Best|       Mean best| Exp so far|  W time|  rho|KenW|  Qvar|
+-+-----------+-----------+-----------+----------------+-----------+--------+-----+----+------+
|x|         18|         22|        366|     72668.80737|         22|00:00:03|   NA|  NA|    NA|
|x|         17|         22|        366|     36346.84952|         39|00:00:03|-0.17|0.42|1.1888|
|x|         12|         22|        366|     24405.56590|         56|00:00:02|-0.00|0.33|1.0262|
|x|         15|         22|        366|     18321.39170|         73|00:00:02|+0.09|0.32|0.9139|
|=|          1|         22|        366|     14664.06131|         90|00:00:30|-0.02|0.18|0.9909|
|=|         16|         22|        366|     12220.84260|        107|00:00:02|-0.01|0.16|0.9721|
|=|          3|         22|        366|     12795.58154|        124|00:00:03|+0.01|0.15|0.9508|
|=|          5|         22|        366|     11197.97643|        141|00:00:02|-0.02|0.11|0.9672|
|=|         14|         22|        366|     9972.824650|        158|00:00:03|+0.01|0.12|0.9469|
|=|         11|         22|        322|     8992.779847|        175|00:00:02|-0.01|0.09|0.9684|
|=|         13|         22|        322|     8177.561331|        192|00:00:04|+0.00|0.09|0.9549|
|=|         10|         22|        322|     7496.169707|        209|00:00:02|-0.01|0.07|0.9666|
|=|          6|         22|        322|     6961.879249|        226|00:01:06|-0.01|0.07|0.9632|
|=|          8|         22|        322|     6529.493271|        243|00:01:08|-0.00|0.07|0.9591|
|=|          4|         22|        322|     6592.837875|        260|00:00:02|-0.01|0.06|0.9659|
|=|          9|         22|        322|     6180.806398|        277|00:00:02|-0.01|0.06|0.9584|
|=|          2|         22|        366|     5801.810491|        294|00:00:30|-0.00|0.06|0.9525|
|=|          7|         22|        366|     5479.493002|        311|00:00:02|+0.00|0.06|0.9522|
+-+-----------+-----------+-----------+----------------+-----------+--------+-----+----+------+
Best-so-far configuration:         366    mean value:      5479.493002
Description of the best-so-far configuration:
    .ID. particles topology modInfluence branching tSchedule phi1 phi2 inertia
366  366       109        4            0        NA        NA 1.97 2.44    0.56
    .PARENT.
366      344

# 2026-01-26 18:01:17 -03: Elite configurations (first number is the configuration ID; listed from best to worst according to the sum of ranks):
    particles topology modInfluence branching tSchedule phi1 phi2 inertia
366       109        4            0        NA        NA 1.97 2.44    0.56
322       110        4            0        NA        NA 2.13 2.41    0.56
344       111        4            0        NA        NA 1.88 2.36    0.56
300       122        4            0        NA        NA 2.14 2.29    0.57
242       140        4            0        NA        NA 2.44 2.45    0.48
# 2026-01-26 18:01:17 -03: There is not enough budget to enforce the value of nbConfigurations, returning to default behaviour nbConfigurations:5.
# Iteration: 8
# nbIterations: 8
# experimentsUsed: 3998
# timeUsed: 0
# remainingBudget: 2
# currentBudget: 2
# number of elites: 5
# nbConfigurations: 5
# 2026-01-26 18:01:17 -03: Stopped because there is not enough budget left to race more than the minimum (5).
# You may either increase the budget or set 'minNbSurvival' to a lower value.
# Iteration: 8
# nbIterations: 8
# experimentsUsed: 3998
# timeUsed: 0
# remainingBudget: 2
# currentBudget: 2
# number of elites: 5
# nbConfigurations: 5
# Total CPU user time: 31917.35, CPU sys time: 212.023, Wall-clock time: 3688.608
# 2026-01-26 18:01:17 -03: Starting post-selection:
# Configurations selected: 366, 322.
# Pending instances: 0, 0.
# 2026-01-26 18:01:17 -03: seed: 700099
# Configurations: 2
# Available experiments: 2
# minSurvival: 1
# Markers:
     x No test is performed.
     c Configurations are discarded only due to capping.
     - The test is performed and some configurations are discarded.
     = The test is performed but no configuration is discarded.
     ! The test is performed and configurations could be discarded but elite configurations are preserved.
     . All alive configurations are elite and nothing is discarded.

+-+-----------+-----------+-----------+----------------+-----------+--------+-----+----+------+
| |   Instance|      Alive|       Best|       Mean best| Exp so far|  W time|  rho|KenW|  Qvar|
+-+-----------+-----------+-----------+----------------+-----------+--------+-----+----+------+
|.|          8|          2|        322|     908.4755489|          0|00:00:00|   NA|  NA|    NA|
|.|          1|          2|        322|     470.6416911|          0|00:00:00|+1.00|1.00|0.0000|
|.|         12|          2|        322|     492.9551239|          0|00:00:00|-0.33|0.11|0.6667|
|.|         17|          2|        322|     399.5772819|          0|00:00:00|-0.33|0.00|0.6667|
|.|         18|          2|        322|     14883.92025|          0|00:00:00|-0.20|0.04|0.6000|
|.|          3|          2|        322|     15093.02754|          0|00:00:00|-0.20|0.00|0.6000|
|.|         10|          2|        322|     12937.00387|          0|00:00:00|-0.14|0.02|0.5714|
|.|         15|          2|        322|     11331.49952|          0|00:00:00|-0.14|0.00|0.5714|
|.|         14|          2|        322|     10090.26524|          0|00:00:00|-0.11|0.01|0.5556|
|.|          2|          2|        322|     9083.920532|          0|00:00:00|-0.11|0.00|0.5556|
|.|         13|          2|        322|     8260.416500|          0|00:00:00|-0.09|0.01|0.5455|
|.|         16|          2|        322|     7572.972292|          0|00:00:00|-0.06|0.03|0.5303|
|.|         11|          2|        322|     6990.476844|          0|00:00:00|-0.08|0.01|0.5385|
|.|          4|          2|        322|     7025.418665|          0|00:00:00|-0.05|0.02|0.5275|
|.|          5|          2|        322|     6557.932836|          0|00:00:00|-0.07|0.00|0.5333|
|.|          9|          2|        322|     6148.082924|          0|00:00:00|-0.05|0.02|0.5250|
|.|          6|          2|        322|     5818.807091|          0|00:00:00|-0.06|0.00|0.5294|
|.|          7|          2|        322|     5495.543705|          0|00:00:00|-0.06|0.00|0.5294|
|=|         19|          2|        366|     5238.957463|          2|00:00:32|-0.05|0.00|0.5263|
+-+-----------+-----------+-----------+----------------+-----------+--------+-----+----+------+
Best-so-far configuration:         366    mean value:      5238.957463
Description of the best-so-far configuration:
    .ID. particles topology modInfluence branching tSchedule phi1 phi2 inertia
366  366       109        4            0        NA        NA 1.97 2.44    0.56
    .PARENT.
366      344

# 2026-01-26 18:01:49 -03: Elite configurations (first number is the configuration ID; listed from best to worst according to the sum of ranks):
    particles topology modInfluence branching tSchedule phi1 phi2 inertia
366       109        4            0        NA        NA 1.97 2.44    0.56
322       110        4            0        NA        NA 2.13 2.41    0.56
# Total CPU user time: 31980.3, CPU sys time: 212.22, Wall-clock time: 3720.738
    .ID. particles topology modInfluence branching tSchedule phi1 phi2 inertia
366  366       109        4            0        NA        NA 1.97 2.44    0.56
322  322       110        4            0        NA        NA 2.13 2.41    0.56
    .PARENT. .RANK.  .WEIGHT.
366      344     28 0.6666667
322      297     29 0.3333333
