# 2026-01-24 19:23:15 -03: Reading parameter file '/home/pestobar/Activities/irace-executions/ACOTSP/Scenarios/BH-90/Runs/BH-90_seed_1800371/parameters.txt'.
# 2026-01-24 19:23:15 -03: 1 expression(s) specifying forbidden configurations read.
# 2026-01-24 19:23:16 -03: Initialization
# Elitist race
# Elitist new instances: 1
# Elitist limit: 2
# nbIterations: 5
# minNbSurvival: 5
# nbParameters: 11
# seed: 1800371
# confidence level: 0.95
# budget: 5500
# mu: 5
# deterministic: FALSE

# 2026-01-24 19:23:16 -03: Iteration 1 of 5
# experimentsUsed: 0
# remainingBudget: 5500
# currentBudget: 1100
# nbConfigurations: 90
# Markers:
     x No test is performed.
     c Configurations are discarded only due to capping.
     - The test is performed and some configurations are discarded.
     = The test is performed but no configuration is discarded.
     ! The test is performed and configurations could be discarded but elite configurations are preserved.
     . All alive configurations are elite and nothing is discarded.

+-+-----------+-----------+-----------+----------------+-----------+--------+-----+----+------+
| |   Instance|      Alive|       Best|       Mean best| Exp so far|  W time|  rho|KenW|  Qvar|
+-+-----------+-----------+-----------+----------------+-----------+--------+-----+----+------+
|x|          1|         90|         47|     32764099.00|         90|00:04:21|   NA|  NA|    NA|
|x|          2|         90|         47|     32504889.00|        180|00:03:56|+0.98|0.99|0.0024|
|x|          3|         90|         47|     32491309.67|        270|00:04:20|+0.98|0.99|0.0019|
|x|          4|         90|         47|     32543501.00|        360|00:04:04|+0.98|0.99|0.0015|
|-|          5|          6|         47|     32537034.20|        450|00:03:59|+0.04|0.23|0.5900|
|=|          6|          6|         47|     32575038.83|        456|00:01:43|+0.03|0.19|0.6498|
|=|          7|          6|         47|     32610452.43|        462|00:01:09|+0.03|0.17|0.7171|
+-+-----------+-----------+-----------+----------------+-----------+--------+-----+----+------+
Best-so-far configuration:          47    mean value:      32610452.43
Description of the best-so-far configuration:
   .ID. algorithm localsearch alpha beta  rho ants   q0 rasrank elitistants
47   47       acs           3  4.86 0.23 0.93   70 0.26      NA          NA
   nnls dlb .PARENT.
47   40   1       NA

# 2026-01-24 19:46:52 -03: Elite configurations (first number is the configuration ID; listed from best to worst according to the sum of ranks):
   algorithm localsearch alpha beta  rho ants   q0 rasrank elitistants nnls dlb
47       acs           3  4.86 0.23 0.93   70 0.26      NA          NA   40   1
15      mmas           3  4.16 5.07 0.14   38   NA      NA          NA   28   1
84       acs           3  3.11 3.74 0.44   24 0.15      NA          NA   43   0
52       acs           3  2.21 8.66 0.22    7 0.72      NA          NA   38   0
20       eas           3  1.82 3.51 0.98   95   NA      NA         229   49   0
# 2026-01-24 19:46:52 -03: Iteration 2 of 5
# experimentsUsed: 462
# remainingBudget: 5038
# currentBudget: 1259
# nbConfigurations: 90
# Markers:
     x No test is performed.
     c Configurations are discarded only due to capping.
     - The test is performed and some configurations are discarded.
     = The test is performed but no configuration is discarded.
     ! The test is performed and configurations could be discarded but elite configurations are preserved.
     . All alive configurations are elite and nothing is discarded.

+-+-----------+-----------+-----------+----------------+-----------+--------+-----+----+------+
| |   Instance|      Alive|       Best|       Mean best| Exp so far|  W time|  rho|KenW|  Qvar|
+-+-----------+-----------+-----------+----------------+-----------+--------+-----+----+------+
|x|          8|         90|         15|     32734312.00|         90|00:05:54|   NA|  NA|    NA|
|x|          1|         90|        134|     32735420.00|        175|00:05:15|+0.96|0.98|0.0035|
|x|          5|         90|        134|     32624249.00|        260|00:05:16|+0.96|0.97|0.0029|
|x|          7|         90|        134|     32668597.25|        345|00:05:18|+0.94|0.96|0.0029|
|-|          6|          9|        134|     32680646.80|        430|00:05:25|+0.15|0.32|0.6982|
|=|          2|          9|        134|     32610102.50|        434|00:01:13|+0.17|0.31|0.6703|
|=|          4|          9|        134|     32631926.29|        438|00:01:01|+0.02|0.16|0.8191|
|=|          3|          9|        134|     32614001.50|        442|00:01:39|+0.03|0.16|0.8249|
|=|          9|          9|        134|     32629117.56|        451|00:01:42|+0.09|0.19|0.7765|
+-+-----------+-----------+-----------+----------------+-----------+--------+-----+----+------+
Best-so-far configuration:         134    mean value:      32629117.56
Description of the best-so-far configuration:
    .ID. algorithm localsearch alpha beta  rho ants q0 rasrank elitistants nnls
134  134      mmas           3  4.26  4.7 0.12   29 NA      NA          NA   20
    dlb .PARENT.
134   1       15

# 2026-01-24 20:19:39 -03: Elite configurations (first number is the configuration ID; listed from best to worst according to the sum of ranks):
    algorithm localsearch alpha beta  rho ants   q0 rasrank elitistants nnls
134      mmas           3  4.26 4.70 0.12   29   NA      NA          NA   20
174       ras           3  4.50 2.86 0.93   58   NA      26          NA   30
47        acs           3  4.86 0.23 0.93   70 0.26      NA          NA   40
15       mmas           3  4.16 5.07 0.14   38   NA      NA          NA   28
91       mmas           3  3.83 6.30 0.24   36   NA      NA          NA   43
    dlb
134   1
174   1
47    1
15    1
91    0
# 2026-01-24 20:19:39 -03: Iteration 3 of 5
# experimentsUsed: 913
# remainingBudget: 4587
# currentBudget: 1529
# nbConfigurations: 90
# Markers:
     x No test is performed.
     c Configurations are discarded only due to capping.
     - The test is performed and some configurations are discarded.
     = The test is performed but no configuration is discarded.
     ! The test is performed and configurations could be discarded but elite configurations are preserved.
     . All alive configurations are elite and nothing is discarded.

+-+-----------+-----------+-----------+----------------+-----------+--------+-----+----+------+
| |   Instance|      Alive|       Best|       Mean best| Exp so far|  W time|  rho|KenW|  Qvar|
+-+-----------+-----------+-----------+----------------+-----------+--------+-----+----+------+
|x|         10|         90|        189|     32680638.00|         90|00:04:36|   NA|  NA|    NA|
|x|          1|         90|        189|     32737176.50|        175|00:05:10|+0.91|0.95|0.0023|
|x|          9|         90|        189|     32733257.33|        260|00:05:17|+0.91|0.94|0.0034|
|x|          2|         90|        174|     32635140.75|        345|00:05:19|+0.91|0.93|0.0034|
|-|          6|         13|        174|     32654061.60|        430|00:04:38|-0.03|0.18|0.9453|
|=|          8|         13|        134|     32673678.83|        438|00:00:33|+0.01|0.17|0.9106|
|=|          5|         13|        134|     32634854.29|        446|00:00:35|+0.06|0.19|0.8637|
|=|          3|         13|        134|     32616563.50|        454|00:00:29|+0.05|0.17|0.8665|
|=|          7|         13|        134|     32637127.78|        462|00:00:33|+0.05|0.15|0.8743|
|=|          4|         13|        134|     32649701.90|        470|00:00:30|+0.03|0.13|0.8754|
|=|         11|         13|        134|     32684567.64|        483|00:01:13|+0.02|0.11|0.8900|
+-+-----------+-----------+-----------+----------------+-----------+--------+-----+----+------+
Best-so-far configuration:         134    mean value:      32684567.64
Description of the best-so-far configuration:
    .ID. algorithm localsearch alpha beta  rho ants q0 rasrank elitistants nnls
134  134      mmas           3  4.26  4.7 0.12   29 NA      NA          NA   20
    dlb .PARENT.
134   1       15

# 2026-01-24 20:48:38 -03: Elite configurations (first number is the configuration ID; listed from best to worst according to the sum of ranks):
    algorithm localsearch alpha beta  rho ants   q0 rasrank elitistants nnls
134      mmas           3  4.26 4.70 0.12   29   NA      NA          NA   20
189       acs           3  2.45 2.50 0.98   49 0.05      NA          NA   25
174       ras           3  4.50 2.86 0.93   58   NA      26          NA   30
47        acs           3  4.86 0.23 0.93   70 0.26      NA          NA   40
231      mmas           3  4.62 4.24 0.05   13   NA      NA          NA   30
    dlb
134   1
189   0
174   1
47    1
231   1
# 2026-01-24 20:48:38 -03: Iteration 4 of 5
# experimentsUsed: 1396
# remainingBudget: 4104
# currentBudget: 2052
# nbConfigurations: 90
# Markers:
     x No test is performed.
     c Configurations are discarded only due to capping.
     - The test is performed and some configurations are discarded.
     = The test is performed but no configuration is discarded.
     ! The test is performed and configurations could be discarded but elite configurations are preserved.
     . All alive configurations are elite and nothing is discarded.

+-+-----------+-----------+-----------+----------------+-----------+--------+-----+----+------+
| |   Instance|      Alive|       Best|       Mean best| Exp so far|  W time|  rho|KenW|  Qvar|
+-+-----------+-----------+-----------+----------------+-----------+--------+-----+----+------+
|x|         12|         90|        265|     32420904.00|         90|00:04:31|   NA|  NA|    NA|
|x|          5|         90|        265|     32434730.00|        175|00:04:12|+0.82|0.91|0.0006|
|x|         10|         90|        265|     32538572.00|        260|00:04:09|+0.82|0.88|0.0010|
|x|          9|         90|        265|     32598993.25|        345|00:04:05|+0.82|0.87|0.0009|
|-|          6|         14|        265|     32618977.20|        430|00:04:18|-0.02|0.18|0.9470|
|=|          3|         14|        265|     32601043.83|        439|00:01:14|-0.09|0.09|0.9798|
|=|          7|         14|        310|     32618558.57|        448|00:01:08|-0.04|0.11|0.9468|
|=|          1|         14|        134|     32650335.50|        457|00:01:12|-0.05|0.08|0.9504|
|=|          2|         14|        310|     32597281.44|        466|00:00:36|-0.02|0.10|0.9365|
|=|          4|         14|        300|     32620892.30|        475|00:00:44|-0.04|0.07|0.9567|
|=|         11|         14|        300|     32652717.73|        484|00:01:08|-0.03|0.07|0.9474|
|=|          8|         14|        300|     32668737.08|        493|00:00:50|-0.02|0.07|0.9400|
|=|         13|         14|        300|     32702122.08|        507|00:01:23|-0.01|0.07|0.9221|
+-+-----------+-----------+-----------+----------------+-----------+--------+-----+----+------+
Best-so-far configuration:         300    mean value:      32702122.08
Description of the best-so-far configuration:
    .ID. algorithm localsearch alpha beta  rho ants q0 rasrank elitistants nnls
300  300       ras           3  2.69 1.67 0.97   51 NA      29          NA   24
    dlb .PARENT.
300   0      189

# 2026-01-24 21:18:15 -03: Elite configurations (first number is the configuration ID; listed from best to worst according to the sum of ranks):
    algorithm localsearch alpha beta  rho ants   q0 rasrank elitistants nnls
300       ras           3  2.69 1.67 0.97   51   NA      29          NA   24
310       ras           3  3.38 4.51 0.88   52   NA      23          NA   30
134      mmas           3  4.26 4.70 0.12   29   NA      NA          NA   20
189       acs           3  2.45 2.50 0.98   49 0.05      NA          NA   25
265      mmas           3  4.53 3.35 0.14   26   NA      NA          NA   26
    dlb
300   0
310   0
134   1
189   0
265   1
# 2026-01-24 21:18:15 -03: Iteration 5 of 5
# experimentsUsed: 1903
# remainingBudget: 3597
# currentBudget: 3597
# nbConfigurations: 90
# Markers:
     x No test is performed.
     c Configurations are discarded only due to capping.
     - The test is performed and some configurations are discarded.
     = The test is performed but no configuration is discarded.
     ! The test is performed and configurations could be discarded but elite configurations are preserved.
     . All alive configurations are elite and nothing is discarded.

+-+-----------+-----------+-----------+----------------+-----------+--------+-----+----+------+
| |   Instance|      Alive|       Best|       Mean best| Exp so far|  W time|  rho|KenW|  Qvar|
+-+-----------+-----------+-----------+----------------+-----------+--------+-----+----+------+
|x|         14|         90|        134|     32308030.00|         90|00:08:29|   NA|  NA|    NA|
|x|          9|         90|        189|     32533961.00|        175|00:08:05|+0.65|0.82|0.0107|
|x|         12|         90|        424|     32503983.33|        260|00:07:48|+0.58|0.72|0.0107|
|x|          6|         90|        424|     32561773.75|        345|00:08:17|+0.60|0.70|0.0147|
|-|          5|         29|        134|     32531334.60|        430|00:08:36|-0.13|0.10|1.0821|
|=|          4|         29|        379|     32575821.67|        454|00:02:33|-0.11|0.08|1.0600|
|=|          8|         29|        379|     32605406.71|        478|00:01:59|-0.06|0.09|1.0132|
|=|          1|         29|        134|     32611297.75|        502|00:01:58|-0.02|0.11|0.9686|
|=|         13|         29|        134|     32663821.00|        526|00:02:34|+0.01|0.12|0.9564|
|=|          3|         29|        379|     32649120.40|        550|00:02:18|+0.02|0.11|0.9395|
|=|         10|         29|        379|     32659810.82|        574|00:01:40|+0.00|0.09|0.9644|
|=|          7|         29|        424|     32667863.17|        598|00:01:37|+0.02|0.10|0.9504|
|=|          2|         29|        424|     32634657.77|        622|00:02:00|+0.03|0.11|0.9343|
|=|         11|         29|        424|     32660484.36|        646|00:02:03|+0.03|0.10|0.9436|
|=|         15|         29|        424|     32649589.47|        675|00:02:46|+0.03|0.10|0.9355|
+-+-----------+-----------+-----------+----------------+-----------+--------+-----+----+------+
Best-so-far configuration:         424    mean value:      32649589.47
Description of the best-so-far configuration:
    .ID. algorithm localsearch alpha beta  rho ants q0 rasrank elitistants nnls
424  424       ras           3  2.38 1.65 0.84   58 NA      17          NA   27
    dlb .PARENT.
424   0      300

# 2026-01-24 22:21:04 -03: Elite configurations (first number is the configuration ID; listed from best to worst according to the sum of ranks):
    algorithm localsearch alpha beta  rho ants q0 rasrank elitistants nnls dlb
424       ras           3  2.38 1.65 0.84   58 NA      17          NA   27   0
379       ras           3  2.64 3.36 0.92   49 NA      20          NA   27   0
385      mmas           3  3.68 3.72 0.12   27 NA      NA          NA   19   1
300       ras           3  2.69 1.67 0.97   51 NA      29          NA   24   0
426       ras           3  2.66 2.28 0.88   50 NA      10          NA   21   0
# 2026-01-24 22:21:04 -03: Iteration 6 of 6
# experimentsUsed: 2578
# remainingBudget: 2922
# currentBudget: 2922
# nbConfigurations: 90
# Markers:
     x No test is performed.
     c Configurations are discarded only due to capping.
     - The test is performed and some configurations are discarded.
     = The test is performed but no configuration is discarded.
     ! The test is performed and configurations could be discarded but elite configurations are preserved.
     . All alive configurations are elite and nothing is discarded.

+-+-----------+-----------+-----------+----------------+-----------+--------+-----+----+------+
| |   Instance|      Alive|       Best|       Mean best| Exp so far|  W time|  rho|KenW|  Qvar|
+-+-----------+-----------+-----------+----------------+-----------+--------+-----+----+------+
|x|         16|         90|        379|     32857057.00|         90|00:09:06|   NA|  NA|    NA|
|x|          2|         90|        432|     32567297.00|        175|00:08:01|+0.55|0.77|0.1147|
|x|         12|         90|        468|     32515171.00|        260|00:08:20|+0.57|0.71|0.0941|
|x|          3|         90|        468|     32496187.00|        345|00:09:19|+0.52|0.64|0.1313|
|-|         10|         25|        432|     32538863.80|        430|00:08:43|-0.01|0.19|0.9787|
|=|         15|         25|        432|     32534462.83|        450|00:02:19|+0.03|0.20|0.9437|
|=|         11|         25|        432|     32592876.57|        470|00:02:21|+0.03|0.17|0.9379|
|=|          5|         25|        490|     32580099.38|        490|00:02:25|+0.04|0.16|0.9264|
|=|          8|         25|        490|     32601603.22|        510|00:02:15|+0.06|0.16|0.9097|
|-|         14|         16|        490|     32578288.30|        530|00:02:28|+0.04|0.13|0.8996|
|=|         13|         16|        441|     32617600.00|        541|00:01:35|+0.05|0.13|0.8875|
|=|          9|         16|        441|     32629591.50|        552|00:01:29|+0.04|0.12|0.8922|
|=|          6|         16|        441|     32633548.77|        563|00:01:42|+0.04|0.11|0.9010|
|=|          7|         16|        441|     32643052.50|        574|00:01:29|+0.02|0.09|0.9197|
|=|          1|         16|        441|     32647028.93|        585|00:01:31|+0.03|0.09|0.9067|
|=|          4|         16|        441|     32652068.88|        596|00:01:08|+0.03|0.09|0.9048|
|-|         17|         10|        441|     32666043.53|        612|00:01:56|-0.02|0.04|0.9071|
|=|         18|         10|        441|     32679331.39|        622|00:01:17|-0.02|0.03|0.9126|
|=|         19|         10|        441|     32659374.00|        632|00:01:25|-0.02|0.03|0.9102|
+-+-----------+-----------+-----------+----------------+-----------+--------+-----+----+------+
Best-so-far configuration:         441    mean value:      32659374.00
Description of the best-so-far configuration:
    .ID. algorithm localsearch alpha beta  rho ants q0 rasrank elitistants nnls
441  441       ras           3  2.37 1.13 0.87   54 NA      14          NA   30
    dlb .PARENT.
441   0      424

# 2026-01-24 23:30:00 -03: Elite configurations (first number is the configuration ID; listed from best to worst according to the sum of ranks):
    algorithm localsearch alpha beta  rho ants q0 rasrank elitistants nnls dlb
441       ras           3  2.37 1.13 0.87   54 NA      14          NA   30   0
432       ras           3  2.23 0.85 0.79   53 NA      21          NA   25   0
490       ras           3  2.44 2.55 0.87   49 NA      14          NA   27   0
379       ras           3  2.64 3.36 0.92   49 NA      20          NA   27   0
468       ras           3  2.50 3.47 0.93   51 NA      11          NA   25   0
# 2026-01-24 23:30:00 -03: Iteration 7 of 7
# experimentsUsed: 3210
# remainingBudget: 2290
# currentBudget: 2290
# nbConfigurations: 90
# Markers:
     x No test is performed.
     c Configurations are discarded only due to capping.
     - The test is performed and some configurations are discarded.
     = The test is performed but no configuration is discarded.
     ! The test is performed and configurations could be discarded but elite configurations are preserved.
     . All alive configurations are elite and nothing is discarded.

+-+-----------+-----------+-----------+----------------+-----------+--------+-----+----+------+
| |   Instance|      Alive|       Best|       Mean best| Exp so far|  W time|  rho|KenW|  Qvar|
+-+-----------+-----------+-----------+----------------+-----------+--------+-----+----+------+
|x|         20|         90|        597|     32112598.00|         90|00:10:51|   NA|  NA|    NA|
|x|          3|         90|        577|     32287977.50|        175|00:10:54|+0.41|0.71|0.2767|
|x|         13|         90|        544|     32549758.33|        260|00:11:42|+0.42|0.62|0.2667|
|x|         10|         90|        577|     32584328.25|        345|00:09:59|+0.43|0.58|0.2561|
|-|         19|         32|        577|     32529241.80|        430|00:10:28|-0.09|0.13|1.0655|
|=|          1|         32|        441|     32557138.83|        457|00:03:31|-0.06|0.12|1.0245|
|=|         11|         32|        441|     32612299.43|        484|00:03:50|-0.01|0.14|0.9716|
|=|          5|         32|        441|     32593847.75|        511|00:03:42|-0.02|0.11|0.9841|
|=|         18|         32|        577|     32626410.33|        538|00:03:05|-0.01|0.10|0.9731|
|=|         14|         32|        577|     32598424.00|        565|00:03:52|-0.01|0.09|0.9574|
|=|         17|         32|        577|     32626721.55|        592|00:04:10|+0.00|0.09|0.9516|
|=|          6|         32|        441|     32633759.25|        619|00:03:29|+0.01|0.09|0.9459|
|=|          9|         32|        577|     32642236.00|        646|00:03:47|+0.00|0.08|0.9542|
|=|          2|         32|        577|     32615036.71|        673|00:03:04|-0.00|0.07|0.9570|
|=|          7|         32|        577|     32621918.27|        700|00:03:57|+0.01|0.08|0.9459|
|=|          4|         32|        432|     32631607.56|        727|00:03:52|+0.01|0.07|0.9489|
|=|         16|         32|        553|     32647929.65|        754|00:03:23|+0.02|0.08|0.9387|
|-|         12|         22|        572|     32630880.22|        781|00:03:28|-0.01|0.05|0.9733|
|=|         15|         22|        572|     32622468.26|        798|00:02:35|-0.01|0.05|0.9696|
|=|          8|         22|        572|     32630836.10|        815|00:02:10|-0.01|0.04|0.9685|
|=|         21|         22|        572|     32630404.90|        837|00:03:05|-0.00|0.04|0.9670|
+-+-----------+-----------+-----------+----------------+-----------+--------+-----+----+------+
Best-so-far configuration:         572    mean value:      32630404.90
Description of the best-so-far configuration:
    .ID. algorithm localsearch alpha beta  rho ants q0 rasrank elitistants nnls
572  572       ras           3  2.32 1.79 0.86   63 NA      17          NA   29
    dlb .PARENT.
572   0      441

# 2026-01-25 01:19:06 -03: Elite configurations (first number is the configuration ID; listed from best to worst according to the sum of ranks):
    algorithm localsearch alpha beta  rho ants q0 rasrank elitistants nnls dlb
572       ras           3  2.32 1.79 0.86   63 NA      17          NA   29   0
441       ras           3  2.37 1.13 0.87   54 NA      14          NA   30   0
582       ras           3  2.27 2.02 0.72   51 NA      17          NA   24   0
577       ras           3  2.60 2.96 0.94   51 NA      17          NA   28   0
553       ras           3  2.30 1.08 0.83   52 NA      12          NA   29   0
# 2026-01-25 01:19:06 -03: There is not enough budget to enforce the value of nbConfigurations, returning to default behaviour nbConfigurations:70.
# Iteration: 8
# nbIterations: 8
# experimentsUsed: 4047
# timeUsed: 0
# remainingBudget: 1453
# currentBudget: 1453
# number of elites: 5
# nbConfigurations: 70
# 2026-01-25 01:19:06 -03: Iteration 8 of 8
# experimentsUsed: 4047
# remainingBudget: 1453
# currentBudget: 1453
# nbConfigurations: 70
# Markers:
     x No test is performed.
     c Configurations are discarded only due to capping.
     - The test is performed and some configurations are discarded.
     = The test is performed but no configuration is discarded.
     ! The test is performed and configurations could be discarded but elite configurations are preserved.
     . All alive configurations are elite and nothing is discarded.

+-+-----------+-----------+-----------+----------------+-----------+--------+-----+----+------+
| |   Instance|      Alive|       Best|       Mean best| Exp so far|  W time|  rho|KenW|  Qvar|
+-+-----------+-----------+-----------+----------------+-----------+--------+-----+----+------+
|x|         22|         70|        654|     32931264.00|         70|00:09:56|   NA|  NA|    NA|
|x|         20|         70|        632|     32543754.00|        135|00:08:40|+0.41|0.71|0.4953|
|x|          9|         70|        609|     32596030.00|        200|00:08:57|+0.32|0.55|0.5057|
|x|         14|         70|        609|     32526663.25|        265|00:09:07|+0.34|0.50|0.4848|
|-|          2|         35|        609|     32466902.20|        330|00:09:55|-0.06|0.15|1.0597|
|=|         19|         35|        620|     32446623.50|        360|00:05:20|-0.06|0.11|1.0364|
|=|          3|         35|        620|     32446788.29|        390|00:05:24|-0.04|0.11|1.0059|
|=|          5|         35|        620|     32443871.00|        420|00:05:09|-0.03|0.10|0.9887|
|=|         11|         35|        620|     32500475.78|        450|00:05:02|-0.03|0.09|0.9739|
|=|         16|         35|        620|     32548258.40|        480|00:05:17|-0.02|0.08|0.9640|
|=|         10|         35|        620|     32558211.18|        510|00:04:40|-0.01|0.08|0.9491|
|=|         15|         35|        620|     32546165.33|        540|00:04:48|+0.00|0.09|0.9256|
|=|          4|         35|        620|     32560617.23|        570|00:05:00|+0.00|0.08|0.9166|
|=|          1|         35|        620|     32569246.29|        600|00:05:02|+0.01|0.08|0.9145|
|=|         12|         35|        620|     32560109.33|        630|00:04:29|+0.03|0.09|0.9104|
|-|         13|         21|        655|     32594679.94|        660|00:05:07|-0.02|0.04|0.9735|
|=|          7|         21|        620|     32605675.65|        676|00:02:35|-0.03|0.03|0.9722|
|=|          6|         21|        620|     32611342.39|        692|00:03:31|-0.03|0.03|0.9720|
|=|         17|         21|        620|     32626395.95|        708|00:03:11|-0.02|0.04|0.9643|
|=|         18|         21|        620|     32638046.90|        724|00:02:41|-0.02|0.04|0.9620|
|=|         21|         21|        655|     32637067.48|        740|00:03:02|-0.01|0.04|0.9553|
|=|          8|         21|        655|     32643189.73|        756|00:03:01|-0.01|0.04|0.9546|
|=|         23|         21|        608|     32642857.91|        777|00:03:25|-0.01|0.04|0.9517|
+-+-----------+-----------+-----------+----------------+-----------+--------+-----+----+------+
Best-so-far configuration:         608    mean value:      32642857.91
Description of the best-so-far configuration:
    .ID. algorithm localsearch alpha beta  rho ants q0 rasrank elitistants nnls
608  608       ras           3  2.28 1.12 0.84   54 NA      15          NA   29
    dlb .PARENT.
608   0      553

# 2026-01-25 03:22:37 -03: Elite configurations (first number is the configuration ID; listed from best to worst according to the sum of ranks):
    algorithm localsearch alpha beta  rho ants q0 rasrank elitistants nnls dlb
608       ras           3  2.28 1.12 0.84   54 NA      15          NA   29   0
620       ras           3  2.21 1.43 0.70   52 NA      16          NA   22   0
655       ras           3  2.29 1.22 0.82   54 NA      14          NA   29   0
632       ras           3  2.29 1.66 0.87   63 NA      15          NA   30   0
572       ras           3  2.32 1.79 0.86   63 NA      17          NA   29   0
# 2026-01-25 03:22:37 -03: There is not enough budget to enforce the value of nbConfigurations, returning to default behaviour nbConfigurations:32.
# Iteration: 9
# nbIterations: 9
# experimentsUsed: 4824
# timeUsed: 0
# remainingBudget: 676
# currentBudget: 676
# number of elites: 5
# nbConfigurations: 32
# 2026-01-25 03:22:37 -03: Iteration 9 of 9
# experimentsUsed: 4824
# remainingBudget: 676
# currentBudget: 676
# nbConfigurations: 32
# Markers:
     x No test is performed.
     c Configurations are discarded only due to capping.
     - The test is performed and some configurations are discarded.
     = The test is performed but no configuration is discarded.
     ! The test is performed and configurations could be discarded but elite configurations are preserved.
     . All alive configurations are elite and nothing is discarded.

+-+-----------+-----------+-----------+----------------+-----------+--------+-----+----+------+
| |   Instance|      Alive|       Best|       Mean best| Exp so far|  W time|  rho|KenW|  Qvar|
+-+-----------+-----------+-----------+----------------+-----------+--------+-----+----+------+
|x|         24|         32|        672|     32850905.00|         32|00:05:09|   NA|  NA|    NA|
|x|          2|         32|        572|     32522850.00|         59|00:03:47|+0.36|0.68|0.4404|
|x|         12|         32|        670|     32479547.67|         86|00:03:52|+0.25|0.50|0.5428|
|x|         23|         32|        670|     32502856.50|        113|00:04:46|+0.31|0.48|0.4752|
|-|         19|         18|        632|     32483730.00|        140|00:04:02|-0.07|0.14|1.0218|
|=|         21|         18|        632|     32497808.00|        153|00:02:22|-0.01|0.16|0.9751|
|=|         10|         18|        608|     32524982.71|        166|00:02:10|-0.02|0.13|0.9676|
|=|          5|         18|        632|     32514572.88|        179|00:02:20|-0.00|0.12|0.9450|
|=|         11|         18|        632|     32564003.89|        192|00:02:25|+0.00|0.11|0.9441|
|=|          7|         18|        608|     32575768.50|        205|00:02:04|+0.01|0.11|0.9405|
|=|          9|         18|        608|     32589312.73|        218|00:02:03|+0.01|0.10|0.9268|
|=|         13|         18|        608|     32631356.50|        231|00:02:23|+0.01|0.09|0.9379|
|=|         18|         18|        608|     32648763.00|        244|00:02:29|+0.02|0.09|0.9272|
|=|          4|         18|        608|     32650719.57|        257|00:02:35|+0.03|0.10|0.9102|
|=|         15|         18|        608|     32640961.60|        270|00:02:25|+0.03|0.09|0.9072|
|=|         22|         18|        608|     32663680.00|        283|00:02:26|+0.03|0.10|0.9038|
|=|          3|         18|        608|     32649080.76|        296|00:02:26|+0.04|0.09|0.8993|
|-|          6|          9|        608|     32650215.44|        309|00:02:26|-0.02|0.04|0.8998|
|=|         17|          9|        608|     32664832.53|        313|00:01:13|-0.03|0.03|0.9078|
|=|          1|          9|        608|     32668716.15|        317|00:01:27|-0.03|0.02|0.9106|
|=|          8|          9|        632|     32678392.71|        321|00:01:06|-0.02|0.03|0.9055|
|=|         20|          9|        632|     32653107.50|        325|00:01:23|-0.01|0.03|0.9011|
|=|         14|          9|        632|     32641333.48|        329|00:01:17|-0.02|0.03|0.9039|
|=|         16|          9|        620|     32653590.29|        333|00:01:26|-0.02|0.02|0.9066|
|=|         25|          9|        632|     32645459.16|        342|00:01:34|-0.02|0.02|0.9061|
+-+-----------+-----------+-----------+----------------+-----------+--------+-----+----+------+
Best-so-far configuration:         632    mean value:      32645459.16
Description of the best-so-far configuration:
    .ID. algorithm localsearch alpha beta  rho ants q0 rasrank elitistants nnls
632  632       ras           3  2.29 1.66 0.87   63 NA      15          NA   30
    dlb .PARENT.
632   0      572

# 2026-01-25 04:24:23 -03: Elite configurations (first number is the configuration ID; listed from best to worst according to the sum of ranks):
    algorithm localsearch alpha beta  rho ants q0 rasrank elitistants nnls dlb
632       ras           3  2.29 1.66 0.87   63 NA      15          NA   30   0
620       ras           3  2.21 1.43 0.70   52 NA      16          NA   22   0
608       ras           3  2.28 1.12 0.84   54 NA      15          NA   29   0
655       ras           3  2.29 1.22 0.82   54 NA      14          NA   29   0
692       ras           3  2.36 1.20 0.71   48 NA      15          NA   21   0
# 2026-01-25 04:24:23 -03: There is not enough budget to enforce the value of nbConfigurations, returning to default behaviour nbConfigurations:17.
# Iteration: 10
# nbIterations: 10
# experimentsUsed: 5166
# timeUsed: 0
# remainingBudget: 334
# currentBudget: 334
# number of elites: 5
# nbConfigurations: 17
# 2026-01-25 04:24:23 -03: Iteration 10 of 10
# experimentsUsed: 5166
# remainingBudget: 334
# currentBudget: 334
# nbConfigurations: 17
# Markers:
     x No test is performed.
     c Configurations are discarded only due to capping.
     - The test is performed and some configurations are discarded.
     = The test is performed but no configuration is discarded.
     ! The test is performed and configurations could be discarded but elite configurations are preserved.
     . All alive configurations are elite and nothing is discarded.

+-+-----------+-----------+-----------+----------------+-----------+--------+-----+----+------+
| |   Instance|      Alive|       Best|       Mean best| Exp so far|  W time|  rho|KenW|  Qvar|
+-+-----------+-----------+-----------+----------------+-----------+--------+-----+----+------+
|x|         26|         17|        695|     32825766.00|         17|00:03:17|   NA|  NA|    NA|
|x|          6|         17|        692|     32744992.00|         29|00:02:39|+0.16|0.58|0.8214|
|x|         10|         17|        701|     32733022.67|         41|00:02:45|-0.07|0.29|0.8362|
|x|         21|         17|        692|     32692506.75|         53|00:02:48|-0.08|0.19|0.9928|
|=|         12|         17|        608|     32644099.80|         65|00:02:16|-0.08|0.14|0.9558|
|=|         15|         17|        608|     32620808.17|         77|00:02:48|+0.01|0.18|0.8891|
|=|         25|         17|        701|     32587960.29|         89|00:02:40|+0.03|0.17|0.8943|
|=|          1|         17|        608|     32608651.12|        101|00:02:29|+0.05|0.17|0.8760|
|=|          2|         17|        632|     32568051.89|        113|00:02:24|+0.01|0.12|0.8948|
|=|          9|         17|        608|     32581619.70|        125|00:02:45|+0.02|0.12|0.8995|
|=|         19|         17|        632|     32561740.91|        137|00:02:40|+0.03|0.12|0.8927|
|=|         18|         17|        632|     32582403.08|        149|00:02:41|+0.05|0.13|0.8681|
|-|         23|         14|        632|     32582053.15|        161|00:02:42|-0.03|0.05|0.9338|
|=|         14|         14|        632|     32567785.43|        170|00:01:42|-0.02|0.05|0.9369|
|=|          3|         14|        655|     32558550.80|        179|00:01:36|-0.02|0.05|0.9332|
|=|          5|         14|        620|     32549004.12|        188|00:01:36|-0.02|0.05|0.9240|
|=|         16|         14|        655|     32568646.24|        197|00:01:36|-0.01|0.05|0.9192|
|=|         11|         14|        608|     32595622.94|        206|00:01:31|-0.02|0.04|0.9197|
|=|         24|         14|        620|     32611419.05|        215|00:01:37|-0.01|0.04|0.9213|
|=|          7|         14|        608|     32615504.40|        224|00:01:24|-0.01|0.04|0.9196|
|=|         22|         14|        608|     32634025.90|        233|00:01:35|+0.00|0.05|0.9053|
|=|          4|         14|        608|     32635940.86|        242|00:01:30|+0.00|0.05|0.9026|
|=|         20|         14|        632|     32617805.04|        251|00:01:31|+0.01|0.05|0.9003|
|=|          8|         14|        632|     32622910.62|        260|00:01:26|+0.01|0.06|0.8957|
|=|         17|         14|        620|     32635503.40|        269|00:01:36|+0.02|0.05|0.8940|
|=|         13|         14|        632|     32654277.88|        278|00:01:36|+0.01|0.05|0.8952|
|=|         27|         14|        620|     32645748.89|        292|00:02:40|+0.02|0.05|0.8908|
+-+-----------+-----------+-----------+----------------+-----------+--------+-----+----+------+
Best-so-far configuration:         620    mean value:      32645748.89
Description of the best-so-far configuration:
    .ID. algorithm localsearch alpha beta rho ants q0 rasrank elitistants nnls
620  620       ras           3  2.21 1.43 0.7   52 NA      16          NA   22
    dlb .PARENT.
620   0      582

# 2026-01-25 05:22:25 -03: Elite configurations (first number is the configuration ID; listed from best to worst according to the sum of ranks):
    algorithm localsearch alpha beta  rho ants q0 rasrank elitistants nnls dlb
620       ras           3  2.21 1.43 0.70   52 NA      16          NA   22   0
632       ras           3  2.29 1.66 0.87   63 NA      15          NA   30   0
655       ras           3  2.29 1.22 0.82   54 NA      14          NA   29   0
608       ras           3  2.28 1.12 0.84   54 NA      15          NA   29   0
702       ras           3  2.36 1.89 0.87   62 NA      18          NA   30   0
# 2026-01-25 05:22:25 -03: There is not enough budget to enforce the value of nbConfigurations, returning to default behaviour nbConfigurations:6.
# Iteration: 11
# nbIterations: 11
# experimentsUsed: 5458
# timeUsed: 0
# remainingBudget: 42
# currentBudget: 42
# number of elites: 5
# nbConfigurations: 6
# 2026-01-25 05:22:25 -03: Iteration 11 of 11
# experimentsUsed: 5458
# remainingBudget: 42
# currentBudget: 42
# nbConfigurations: 6
# Markers:
     x No test is performed.
     c Configurations are discarded only due to capping.
     - The test is performed and some configurations are discarded.
     = The test is performed but no configuration is discarded.
     ! The test is performed and configurations could be discarded but elite configurations are preserved.
     . All alive configurations are elite and nothing is discarded.

+-+-----------+-----------+-----------+----------------+-----------+--------+-----+----+------+
| |   Instance|      Alive|       Best|       Mean best| Exp so far|  W time|  rho|KenW|  Qvar|
+-+-----------+-----------+-----------+----------------+-----------+--------+-----+----+------+
|x|         28|          6|        632|     32640500.00|          6|00:01:31|   NA|  NA|    NA|
|x|         16|          6|        655|     32741713.00|          7|00:01:15|-0.03|0.49|0.6937|
|x|          9|          6|        655|     32736521.67|          8|00:01:10|+0.05|0.37|0.5195|
|x|         25|          6|        655|     32652715.00|          9|00:01:06|+0.12|0.34|0.5317|
|=|          4|          6|        655|     32652520.00|         10|00:01:08|+0.28|0.42|0.4434|
|-|         15|          5|        655|     32624784.67|         11|00:01:07|+0.15|0.29|0.6292|
|.|         13|          5|        655|     32686423.29|         11|00:00:00|+0.18|0.29|0.6302|
|.|         19|          5|        655|     32632719.38|         11|00:00:00|+0.19|0.29|0.5913|
|.|         24|          5|        655|     32669677.44|         11|00:00:00|+0.03|0.14|0.7411|
|.|         23|          5|        655|     32666889.40|         11|00:00:00|-0.01|0.09|0.7788|
|.|         17|          5|        655|     32688852.91|         11|00:00:00|-0.03|0.06|0.8016|
|.|         26|          5|        655|     32706513.75|         11|00:00:00|-0.05|0.03|0.8375|
|.|          1|          5|        655|     32707259.69|         11|00:00:00|-0.04|0.04|0.8298|
|.|          3|          5|        655|     32688773.21|         11|00:00:00|-0.05|0.03|0.8203|
|.|         10|          5|        655|     32687628.87|         11|00:00:00|-0.04|0.03|0.8040|
|.|          6|          5|        655|     32690156.75|         11|00:00:00|-0.04|0.02|0.8050|
|.|         14|          5|        655|     32667546.82|         11|00:00:00|-0.04|0.02|0.8075|
|.|         12|          5|        655|     32652471.83|         11|00:00:00|-0.03|0.03|0.7917|
|.|          2|          5|        655|     32631129.63|         11|00:00:00|-0.04|0.01|0.8122|
|.|         11|          5|        655|     32649433.45|         11|00:00:00|-0.04|0.02|0.8175|
|.|          7|          5|        655|     32655409.24|         11|00:00:00|-0.03|0.02|0.8147|
|.|         18|          5|        655|     32663432.68|         11|00:00:00|-0.03|0.02|0.8163|
|.|          5|          5|        655|     32654075.30|         11|00:00:00|-0.04|0.01|0.8258|
|.|         22|          5|        655|     32668157.25|         11|00:00:00|-0.04|0.01|0.8215|
|.|          8|          5|        655|     32672301.24|         11|00:00:00|-0.04|0.00|0.8266|
|.|         27|          5|        655|     32661811.62|         11|00:00:00|-0.04|0.00|0.8232|
|.|         20|          5|        655|     32647472.30|         11|00:00:00|-0.04|0.00|0.8253|
|.|         21|          5|        655|     32646495.61|         11|00:00:00|-0.03|0.00|0.8247|
+-+-----------+-----------+-----------+----------------+-----------+--------+-----+----+------+
Best configuration for the instances in this race: 655
Best-so-far configuration:         632    mean value:      32646670.82
Description of the best-so-far configuration:
    .ID. algorithm localsearch alpha beta  rho ants q0 rasrank elitistants nnls
632  632       ras           3  2.29 1.66 0.87   63 NA      15          NA   30
    dlb .PARENT.
632   0      572

# 2026-01-25 05:29:45 -03: Elite configurations (first number is the configuration ID; listed from best to worst according to the sum of ranks):
    algorithm localsearch alpha beta  rho ants q0 rasrank elitistants nnls dlb
632       ras           3  2.29 1.66 0.87   63 NA      15          NA   30   0
608       ras           3  2.28 1.12 0.84   54 NA      15          NA   29   0
620       ras           3  2.21 1.43 0.70   52 NA      16          NA   22   0
655       ras           3  2.29 1.22 0.82   54 NA      14          NA   29   0
702       ras           3  2.36 1.89 0.87   62 NA      18          NA   30   0
# 2026-01-25 05:29:45 -03: There is not enough budget to enforce the value of nbConfigurations, returning to default behaviour nbConfigurations:6.
# Iteration: 12
# nbIterations: 12
# experimentsUsed: 5469
# timeUsed: 0
# remainingBudget: 31
# currentBudget: 31
# number of elites: 5
# nbConfigurations: 6
# 2026-01-25 05:29:45 -03: Iteration 12 of 12
# experimentsUsed: 5469
# remainingBudget: 31
# currentBudget: 31
# nbConfigurations: 6
# Markers:
     x No test is performed.
     c Configurations are discarded only due to capping.
     - The test is performed and some configurations are discarded.
     = The test is performed but no configuration is discarded.
     ! The test is performed and configurations could be discarded but elite configurations are preserved.
     . All alive configurations are elite and nothing is discarded.

+-+-----------+-----------+-----------+----------------+-----------+--------+-----+----+------+
| |   Instance|      Alive|       Best|       Mean best| Exp so far|  W time|  rho|KenW|  Qvar|
+-+-----------+-----------+-----------+----------------+-----------+--------+-----+----+------+
|x|          2|          6|        702|     32188920.00|          1|00:01:08|   NA|  NA|    NA|
|x|          9|          6|        620|     32474561.50|          2|00:00:55|-0.66|0.17|1.5058|
|x|         16|          6|        608|     32620152.00|          3|00:01:03|-0.22|0.19|1.0660|
|x|         19|          6|        655|     32517603.00|          4|00:00:57|-0.12|0.16|0.8820|
|=|          8|          6|        702|     32586947.00|          5|00:00:43|-0.02|0.19|0.8341|
|=|         12|          6|        655|     32539727.67|          6|00:01:16|-0.06|0.11|0.8342|
|=|          3|          6|        608|     32543204.29|          7|00:00:53|+0.00|0.15|0.8222|
|=|          1|          6|        655|     32550378.25|          8|00:01:09|+0.03|0.15|0.8071|
|=|         18|          6|        655|     32581661.22|          9|00:00:40|+0.06|0.16|0.7879|
|=|         20|          6|        620|     32555161.00|         10|00:00:48|+0.06|0.15|0.8107|
|=|         25|          6|        655|     32537354.18|         11|00:01:00|+0.05|0.14|0.7808|
|=|         17|          6|        655|     32568282.00|         12|00:00:36|+0.07|0.15|0.7725|
|=|         28|          6|        655|     32574023.00|         13|00:01:06|+0.10|0.17|0.7371|
|-|         13|          5|        655|     32608468.14|         14|00:01:01|-0.05|0.02|0.8221|
|.|         23|          5|        655|     32610690.07|         14|00:00:00|-0.06|0.02|0.8287|
|.|         14|          5|        655|     32591633.69|         14|00:00:00|-0.06|0.01|0.8306|
|.|         22|          5|        655|     32615187.12|         14|00:00:00|-0.05|0.02|0.8236|
|.|         21|          5|        655|     32615461.44|         14|00:00:00|-0.04|0.02|0.8220|
|.|         26|          5|        655|     32630478.37|         14|00:00:00|-0.04|0.01|0.8289|
|.|          5|          5|        655|     32621365.10|         14|00:00:00|-0.03|0.02|0.8277|
|.|          6|          5|        655|     32626446.52|         14|00:00:00|-0.03|0.02|0.8313|
|.|         27|          5|        655|     32616134.00|         14|00:00:00|-0.03|0.02|0.8283|
|.|         11|          5|        655|     32632702.35|         14|00:00:00|-0.04|0.01|0.8316|
|.|         15|          5|        655|     32626594.25|         14|00:00:00|-0.04|0.01|0.8314|
|.|         10|          5|        655|     32628394.80|         14|00:00:00|-0.03|0.01|0.8272|
|.|         24|          5|        655|     32641354.31|         14|00:00:00|-0.03|0.01|0.8277|
|.|          4|          5|        655|     32641738.96|         14|00:00:00|-0.03|0.00|0.8255|
|.|          7|          5|        655|     32646495.61|         14|00:00:00|-0.03|0.00|0.8247|
+-+-----------+-----------+-----------+----------------+-----------+--------+-----+----+------+
Best configuration for the instances in this race: 655
Best-so-far configuration:         632    mean value:      32646670.82
Description of the best-so-far configuration:
    .ID. algorithm localsearch alpha beta  rho ants q0 rasrank elitistants nnls
632  632       ras           3  2.29 1.66 0.87   63 NA      15          NA   30
    dlb .PARENT.
632   0      572

# 2026-01-25 05:43:07 -03: Elite configurations (first number is the configuration ID; listed from best to worst according to the sum of ranks):
    algorithm localsearch alpha beta  rho ants q0 rasrank elitistants nnls dlb
632       ras           3  2.29 1.66 0.87   63 NA      15          NA   30   0
608       ras           3  2.28 1.12 0.84   54 NA      15          NA   29   0
620       ras           3  2.21 1.43 0.70   52 NA      16          NA   22   0
655       ras           3  2.29 1.22 0.82   54 NA      14          NA   29   0
702       ras           3  2.36 1.89 0.87   62 NA      18          NA   30   0
# 2026-01-25 05:43:07 -03: There is not enough budget to enforce the value of nbConfigurations, returning to default behaviour nbConfigurations:5.
# Iteration: 13
# nbIterations: 13
# experimentsUsed: 5483
# timeUsed: 0
# remainingBudget: 17
# currentBudget: 17
# number of elites: 5
# nbConfigurations: 5
# 2026-01-25 05:43:07 -03: Stopped because there is not enough budget left to race more than the minimum (5).
# You may either increase the budget or set 'minNbSurvival' to a lower value.
# Iteration: 13
# nbIterations: 13
# experimentsUsed: 5483
# timeUsed: 0
# remainingBudget: 17
# currentBudget: 17
# number of elites: 5
# nbConfigurations: 5
# Total CPU user time: 297405.2, CPU sys time: 1059.387, Wall-clock time: 37191.55
# 2026-01-25 05:43:07 -03: Starting post-selection:
# Configurations selected: 632, 608, 620, 655, 702, 692, 572, 441.
# Pending instances: 1, 1, 1, 1, 1, 2, 4, 6.
# 2026-01-25 05:43:08 -03: seed: 1800371
# Configurations: 8
# Available experiments: 17
# minSurvival: 1
# Markers:
     x No test is performed.
     c Configurations are discarded only due to capping.
     - The test is performed and some configurations are discarded.
     = The test is performed but no configuration is discarded.
     ! The test is performed and configurations could be discarded but elite configurations are preserved.
     . All alive configurations are elite and nothing is discarded.

+-+-----------+-----------+-----------+----------------+-----------+--------+-----+----+------+
| |   Instance|      Alive|       Best|       Mean best| Exp so far|  W time|  rho|KenW|  Qvar|
+-+-----------+-----------+-----------+----------------+-----------+--------+-----+----+------+
|.|         19|          8|        655|     32256792.00|          0|00:00:00|   NA|  NA|    NA|
|x|         28|          8|        655|     32449853.50|          3|00:01:18|-0.07|0.46|0.7735|
|.|          8|          8|        655|     32557154.67|          3|00:00:00|-0.02|0.32|0.8880|
|.|          6|          8|        655|     32599884.75|          3|00:00:00|-0.14|0.14|0.9907|
|.|          4|          8|        655|     32610255.80|          3|00:00:00|-0.05|0.16|0.9065|
|.|         21|          8|        655|     32611900.67|          3|00:00:00|+0.04|0.20|0.8265|
|.|         14|          8|        655|     32568170.29|          3|00:00:00|-0.02|0.13|0.8726|
|.|         15|          8|        655|     32557912.50|          3|00:00:00|-0.03|0.10|0.8993|
|x|         25|          8|        692|     32545937.11|          4|00:00:49|-0.03|0.09|0.9235|
|.|          3|          8|        692|     32535359.90|          4|00:00:00|-0.04|0.06|0.9210|
|.|          2|          8|        692|     32506427.09|          4|00:00:00|-0.05|0.04|0.9299|
|.|         23|          8|        692|     32509606.42|          4|00:00:00|-0.03|0.05|0.9165|
|.|         13|          8|        692|     32552960.92|          4|00:00:00|-0.02|0.06|0.9038|
|.|         17|          8|        692|     32579331.00|          4|00:00:00|-0.03|0.05|0.9054|
|.|         20|          8|        692|     32552017.07|          4|00:00:00|-0.04|0.03|0.9126|
|.|         12|          8|        692|     32548318.00|          4|00:00:00|-0.05|0.02|0.9201|
|x|         27|          8|        655|     32543351.29|          6|00:01:24|-0.05|0.01|0.9192|
|.|          5|          8|        655|     32538065.83|          6|00:00:00|-0.04|0.01|0.9198|
|.|          9|          8|        655|     32547964.42|          6|00:00:00|-0.05|0.01|0.9186|
|.|         18|          8|        655|     32562162.45|          6|00:00:00|-0.04|0.01|0.9123|
|.|          7|          8|        655|     32572294.00|          6|00:00:00|-0.04|0.01|0.9081|
|.|          1|          8|        655|     32578835.68|          6|00:00:00|-0.04|0.01|0.9090|
|.|         22|          8|        655|     32596801.17|          6|00:00:00|-0.03|0.01|0.9066|
|.|         10|          8|        655|     32599918.12|          6|00:00:00|-0.03|0.01|0.9017|
|.|         16|          8|        655|     32609541.84|          6|00:00:00|-0.03|0.01|0.8962|
|x|         26|          8|        632|     32624659.62|          8|00:01:06|-0.03|0.01|0.9001|
|x|         24|          8|        632|     32635086.33|          9|00:00:40|-0.03|0.01|0.9012|
|.|         11|          8|        632|     32646670.82|          9|00:00:00|-0.03|0.00|0.9035|
|=|         29|          8|        632|     32645410.45|         17|00:01:28|-0.03|0.01|0.9014|
+-+-----------+-----------+-----------+----------------+-----------+--------+-----+----+------+
Best-so-far configuration:         632    mean value:      32645410.45
Description of the best-so-far configuration:
    .ID. algorithm localsearch alpha beta  rho ants q0 rasrank elitistants nnls
632  632       ras           3  2.29 1.66 0.87   63 NA      15          NA   30
    dlb .PARENT.
632   0      572

# 2026-01-25 05:49:56 -03: Elite configurations (first number is the configuration ID; listed from best to worst according to the sum of ranks):
    algorithm localsearch alpha beta  rho ants q0 rasrank elitistants nnls dlb
632       ras           3  2.29 1.66 0.87   63 NA      15          NA   30   0
441       ras           3  2.37 1.13 0.87   54 NA      14          NA   30   0
572       ras           3  2.32 1.79 0.86   63 NA      17          NA   29   0
655       ras           3  2.29 1.22 0.82   54 NA      14          NA   29   0
620       ras           3  2.21 1.43 0.70   52 NA      16          NA   22   0
# Total CPU user time: 298560.2, CPU sys time: 1062.411, Wall-clock time: 37600.21
    .ID. algorithm localsearch alpha beta  rho ants q0 rasrank elitistants nnls
632  632       ras           3  2.29 1.66 0.87   63 NA      15          NA   30
441  441       ras           3  2.37 1.13 0.87   54 NA      14          NA   30
572  572       ras           3  2.32 1.79 0.86   63 NA      17          NA   29
655  655       ras           3  2.29 1.22 0.82   54 NA      14          NA   29
620  620       ras           3  2.21 1.43 0.70   52 NA      16          NA   22
    dlb .PARENT. .RANK.   .WEIGHT.
632   0      572    120 0.33333333
441   0      424    126 0.26666667
572   0      441    128 0.20000000
655   0      553    131 0.13333333
620   0      582    132 0.06666667
