# 2026-01-16 17:50:44 -03: Reading parameter file '/home/pestobar/Activities/irace-executions/ACOTSP/Scenarios/BL/Runs/BL_seed_1300277/parameters.txt'.
# 2026-01-16 17:50:44 -03: 1 expression(s) specifying forbidden configurations read.
# 2026-01-16 17:50:44 -03: Initialization
# Elitist race
# Elitist new instances: 1
# Elitist limit: 2
# nbIterations: 5
# minNbSurvival: 5
# nbParameters: 11
# seed: 1300277
# confidence level: 0.95
# budget: 2750
# mu: 5
# deterministic: FALSE

# 2026-01-16 17:50:44 -03: Iteration 1 of 5
# experimentsUsed: 0
# remainingBudget: 2750
# currentBudget: 550
# nbConfigurations: 91
# Markers:
     x No test is performed.
     c Configurations are discarded only due to capping.
     - The test is performed and some configurations are discarded.
     = The test is performed but no configuration is discarded.
     ! The test is performed and configurations could be discarded but elite configurations are preserved.
     . All alive configurations are elite and nothing is discarded.

+-+-----------+-----------+-----------+----------------+-----------+--------+-----+----+------+
| |   Instance|      Alive|       Best|       Mean best| Exp so far|  W time|  rho|KenW|  Qvar|
+-+-----------+-----------+-----------+----------------+-----------+--------+-----+----+------+
|x|          1|         91|          9|     32551091.00|         91|00:04:39|   NA|  NA|    NA|
|x|          2|         91|         56|     32726055.50|        182|00:04:18|+0.99|0.99|0.0007|
|x|          3|         91|         56|     32712607.33|        273|00:04:25|+0.98|0.99|0.0009|
|x|          4|         91|         56|     32815394.50|        364|00:04:23|+0.98|0.99|0.0009|
|-|          5|          4|         56|     32763959.20|        455|00:04:22|+0.74|0.79|0.1429|
+-+-----------+-----------+-----------+----------------+-----------+--------+-----+----+------+
Best-so-far configuration:          56    mean value:      32763959.20
Description of the best-so-far configuration:
   .ID. algorithm localsearch alpha beta  rho ants   q0 rasrank elitistants
56   56       acs           3  2.01 0.92 0.64   29 0.54      NA          NA
   nnls dlb .PARENT.
56   44   0       NA

# 2026-01-16 18:12:53 -03: Elite configurations (first number is the configuration ID; listed from best to worst according to the sum of ranks):
   algorithm localsearch alpha beta  rho ants   q0 rasrank elitistants nnls dlb
56       acs           3  2.01 0.92 0.64   29 0.54      NA          NA   44   0
8        acs           3  3.34 2.02 0.81   36 0.80      NA          NA   49   0
20       acs           2  4.12 6.08 0.53   69 0.27      NA          NA   42   0
71       eas           3  3.22 0.69 0.21   53   NA      NA          85   48   0
# 2026-01-16 18:12:53 -03: Iteration 2 of 5
# experimentsUsed: 455
# remainingBudget: 2295
# currentBudget: 573
# nbConfigurations: 84
# Markers:
     x No test is performed.
     c Configurations are discarded only due to capping.
     - The test is performed and some configurations are discarded.
     = The test is performed but no configuration is discarded.
     ! The test is performed and configurations could be discarded but elite configurations are preserved.
     . All alive configurations are elite and nothing is discarded.

+-+-----------+-----------+-----------+----------------+-----------+--------+-----+----+------+
| |   Instance|      Alive|       Best|       Mean best| Exp so far|  W time|  rho|KenW|  Qvar|
+-+-----------+-----------+-----------+----------------+-----------+--------+-----+----+------+
|x|          6|         84|        117|     32667155.00|         84|00:05:47|   NA|  NA|    NA|
|x|          3|         84|         56|     32680315.00|        164|00:05:23|+0.96|0.98|0.0005|
|x|          2|         84|         56|     32751206.00|        244|00:05:28|+0.97|0.98|0.0005|
|x|          4|         84|         56|     32844343.50|        324|00:05:21|+0.97|0.98|0.0006|
|-|          5|          8|         56|     32787118.40|        404|00:06:02|+0.37|0.49|0.5206|
|-|          1|          4|         56|     32749119.17|        408|00:01:24|-0.04|0.13|0.7363|
+-+-----------+-----------+-----------+----------------+-----------+--------+-----+----+------+
Best-so-far configuration:          56    mean value:      32749119.17
Description of the best-so-far configuration:
   .ID. algorithm localsearch alpha beta  rho ants   q0 rasrank elitistants
56   56       acs           3  2.01 0.92 0.64   29 0.54      NA          NA
   nnls dlb .PARENT.
56   44   0       NA

# 2026-01-16 18:42:22 -03: Elite configurations (first number is the configuration ID; listed from best to worst according to the sum of ranks):
    algorithm localsearch alpha beta  rho ants   q0 rasrank elitistants nnls
56        acs           3  2.01 0.92 0.64   29 0.54      NA          NA   44
92        acs           3  3.30 2.19 0.64   44 0.51      NA          NA   45
117       ras           3  3.30 1.02 0.62   43   NA      49          NA   27
171       acs           3  1.80 4.82 0.79   22 0.21      NA          NA   29
    dlb
56    0
92    1
117   1
171   1
# 2026-01-16 18:42:22 -03: Iteration 3 of 5
# experimentsUsed: 863
# remainingBudget: 1887
# currentBudget: 629
# nbConfigurations: 81
# Markers:
     x No test is performed.
     c Configurations are discarded only due to capping.
     - The test is performed and some configurations are discarded.
     = The test is performed but no configuration is discarded.
     ! The test is performed and configurations could be discarded but elite configurations are preserved.
     . All alive configurations are elite and nothing is discarded.

+-+-----------+-----------+-----------+----------------+-----------+--------+-----+----+------+
| |   Instance|      Alive|       Best|       Mean best| Exp so far|  W time|  rho|KenW|  Qvar|
+-+-----------+-----------+-----------+----------------+-----------+--------+-----+----+------+
|x|          7|         81|        226|     32619678.00|         81|00:07:03|   NA|  NA|    NA|
|x|          5|         81|        212|     32588022.00|        158|00:06:48|+0.91|0.96|0.0004|
|x|          2|         81|        212|     32677031.00|        235|00:06:19|+0.92|0.95|0.0011|
|x|          1|         81|        212|     32635014.00|        312|00:06:57|+0.93|0.95|0.0009|
|-|          6|         12|        212|     32636094.00|        389|00:06:39|+0.30|0.44|0.6325|
|-|          3|         11|        212|     32650908.33|        397|00:01:19|+0.32|0.43|0.6424|
|-|          4|          8|        212|     32721557.71|        404|00:00:41|+0.04|0.18|0.9161|
|=|          8|          8|        245|     32690420.75|        412|00:01:54|+0.08|0.19|0.8749|
|=|          9|          8|        236|     32709050.56|        420|00:01:24|+0.07|0.18|0.8732|
+-+-----------+-----------+-----------+----------------+-----------+--------+-----+----+------+
Best-so-far configuration:         236    mean value:      32709050.56
Description of the best-so-far configuration:
    .ID. algorithm localsearch alpha beta  rho ants   q0 rasrank elitistants
236  236       acs           3  2.48 1.15 0.47   15 0.78      NA          NA
    nnls dlb .PARENT.
236   23   1       92

# 2026-01-16 19:21:30 -03: Elite configurations (first number is the configuration ID; listed from best to worst according to the sum of ranks):
    algorithm localsearch alpha beta  rho ants   q0 rasrank elitistants nnls
236       acs           3  2.48 1.15 0.47   15 0.78      NA          NA   23
212       ras           3  2.36 0.74 0.77   76   NA      27          NA   49
245       acs           3  3.57 0.68 0.99   32 0.11      NA          NA   44
240       acs           3  3.71 0.29 0.71   13 0.56      NA          NA   38
241       acs           3  3.51 5.52 0.38   22 0.19      NA          NA   41
    dlb
236   1
212   1
245   1
240   0
241   1
# 2026-01-16 19:21:30 -03: Iteration 4 of 5
# experimentsUsed: 1283
# remainingBudget: 1467
# currentBudget: 733
# nbConfigurations: 77
# Markers:
     x No test is performed.
     c Configurations are discarded only due to capping.
     - The test is performed and some configurations are discarded.
     = The test is performed but no configuration is discarded.
     ! The test is performed and configurations could be discarded but elite configurations are preserved.
     . All alive configurations are elite and nothing is discarded.

+-+-----------+-----------+-----------+----------------+-----------+--------+-----+----+------+
| |   Instance|      Alive|       Best|       Mean best| Exp so far|  W time|  rho|KenW|  Qvar|
+-+-----------+-----------+-----------+----------------+-----------+--------+-----+----+------+
|x|         10|         77|        298|     32517971.00|         77|00:05:55|   NA|  NA|    NA|
|x|          2|         77|        212|     32692260.50|        149|00:04:50|+0.84|0.92|0.0014|
|x|          3|         77|        245|     32662621.67|        221|00:05:27|+0.81|0.87|0.0013|
|x|          9|         77|        293|     32708756.00|        293|00:05:10|+0.82|0.86|0.0016|
|-|          8|         18|        304|     32673662.60|        365|00:05:56|-0.06|0.15|1.0308|
|=|          4|         18|        245|     32760521.33|        378|00:00:56|-0.08|0.10|0.9550|
|=|          7|         18|        302|     32739997.14|        391|00:01:08|-0.08|0.07|0.9944|
|=|          6|         18|        302|     32721272.75|        404|00:01:28|-0.06|0.07|0.9849|
|=|          5|         18|        245|     32710893.78|        417|00:01:05|-0.05|0.06|0.9445|
|=|          1|         18|        245|     32696850.10|        430|00:01:07|-0.04|0.06|0.9615|
|=|         11|         18|        272|     32681510.27|        448|00:01:21|-0.03|0.06|0.9514|
+-+-----------+-----------+-----------+----------------+-----------+--------+-----+----+------+
Best-so-far configuration:         272    mean value:      32681510.27
Description of the best-so-far configuration:
    .ID. algorithm localsearch alpha beta  rho ants q0 rasrank elitistants nnls
272  272       ras           3  2.72 0.77 0.64   48 NA      24          NA   50
    dlb .PARENT.
272   1      212

# 2026-01-16 19:55:57 -03: Elite configurations (first number is the configuration ID; listed from best to worst according to the sum of ranks):
    algorithm localsearch alpha beta  rho ants   q0 rasrank elitistants nnls
272       ras           3  2.72 0.77 0.64   48   NA      24          NA   50
302       acs           3  2.00 2.49 0.51   15 0.92      NA          NA   15
236       acs           3  2.48 1.15 0.47   15 0.78      NA          NA   23
252       acs           3  3.77 4.24 0.61    7 0.58      NA          NA   39
212       ras           3  2.36 0.74 0.77   76   NA      27          NA   49
    dlb
272   1
302   1
236   1
252   1
212   1
# 2026-01-16 19:55:57 -03: Iteration 5 of 5
# experimentsUsed: 1731
# remainingBudget: 1019
# currentBudget: 1019
# nbConfigurations: 89
# Markers:
     x No test is performed.
     c Configurations are discarded only due to capping.
     - The test is performed and some configurations are discarded.
     = The test is performed but no configuration is discarded.
     ! The test is performed and configurations could be discarded but elite configurations are preserved.
     . All alive configurations are elite and nothing is discarded.

+-+-----------+-----------+-----------+----------------+-----------+--------+-----+----+------+
| |   Instance|      Alive|       Best|       Mean best| Exp so far|  W time|  rho|KenW|  Qvar|
+-+-----------+-----------+-----------+----------------+-----------+--------+-----+----+------+
|x|         12|         89|        380|     32442255.00|         89|00:04:06|   NA|  NA|    NA|
|x|          3|         89|        322|     32550635.50|        173|00:04:01|+0.40|0.70|0.0025|
|x|         11|         89|        302|     32572758.00|        257|00:03:58|+0.31|0.54|0.0027|
|x|          1|         89|        392|     32556949.00|        341|00:04:03|+0.31|0.48|0.0030|
|-|          5|         48|        392|     32549345.00|        425|00:04:04|-0.12|0.10|1.1008|
|=|          4|         48|        351|     32627787.67|        468|00:02:19|-0.08|0.10|1.0636|
|=|          8|         48|        351|     32627520.43|        511|00:02:09|-0.05|0.10|1.0305|
|=|          7|         48|        360|     32627944.38|        554|00:02:08|-0.02|0.10|1.0051|
|=|          9|         48|        360|     32643891.78|        597|00:02:23|+0.02|0.13|0.9719|
|=|          2|         48|        360|     32669590.10|        640|00:02:13|+0.02|0.12|0.9652|
|-|          6|         36|        272|     32671216.27|        683|00:02:22|-0.02|0.07|0.9889|
|=|         10|         36|        340|     32663867.67|        714|00:01:48|-0.01|0.07|0.9935|
|=|         13|         36|        340|     32658823.77|        750|00:01:54|-0.01|0.07|0.9853|
+-+-----------+-----------+-----------+----------------+-----------+--------+-----+----+------+
Best-so-far configuration:         340    mean value:      32658823.77
Description of the best-so-far configuration:
    .ID. algorithm localsearch alpha beta  rho ants   q0 rasrank elitistants
340  340       acs           3  2.18 2.16 0.54    5 0.91      NA          NA
    nnls dlb .PARENT.
340   20   1      236

# 2026-01-16 20:33:31 -03: Elite configurations (first number is the configuration ID; listed from best to worst according to the sum of ranks):
    algorithm localsearch alpha beta  rho ants   q0 rasrank elitistants nnls
340       acs           3  2.18 2.16 0.54    5 0.91      NA          NA   20
272       ras           3  2.72 0.77 0.64   48   NA      24          NA   50
388       ras           3  2.18 1.18 0.54   49   NA      10          NA   50
347       ras           3  2.49 1.38 0.60   69   NA      10          NA   45
351       ras           3  2.41 0.56 0.71   30   NA      21          NA   47
    dlb
340   1
272   1
388   1
347   1
351   1
# 2026-01-16 20:33:31 -03: Iteration 6 of 6
# experimentsUsed: 2481
# remainingBudget: 269
# currentBudget: 269
# nbConfigurations: 23
# Markers:
     x No test is performed.
     c Configurations are discarded only due to capping.
     - The test is performed and some configurations are discarded.
     = The test is performed but no configuration is discarded.
     ! The test is performed and configurations could be discarded but elite configurations are preserved.
     . All alive configurations are elite and nothing is discarded.

+-+-----------+-----------+-----------+----------------+-----------+--------+-----+----+------+
| |   Instance|      Alive|       Best|       Mean best| Exp so far|  W time|  rho|KenW|  Qvar|
+-+-----------+-----------+-----------+----------------+-----------+--------+-----+----+------+
|x|         14|         23|        388|     32710130.00|         23|00:01:29|   NA|  NA|    NA|
|x|          2|         23|        347|     32816196.50|         41|00:01:20|+0.39|0.69|0.2396|
|x|          7|         23|        347|     32750712.67|         59|00:01:20|+0.53|0.69|0.1637|
|x|          3|         23|        347|     32720907.75|         77|00:01:18|+0.46|0.59|0.2487|
|-|         11|         12|        347|     32696558.60|         95|00:01:02|-0.05|0.16|0.9371|
|=|          8|         12|        347|     32669540.83|        102|00:00:43|+0.03|0.20|0.8772|
|=|         12|         12|        347|     32649789.43|        109|00:00:45|+0.02|0.16|0.8877|
|=|          5|         12|        347|     32634621.12|        116|00:00:46|-0.02|0.11|0.9223|
|=|          9|         12|        413|     32648168.11|        123|00:00:43|+0.00|0.11|0.9160|
|=|          1|         12|        413|     32636320.60|        130|00:00:45|-0.03|0.07|0.9360|
|=|         13|         12|        413|     32626800.64|        137|00:00:43|+0.00|0.09|0.9090|
|=|          6|         12|        413|     32625393.92|        144|00:00:37|+0.04|0.12|0.8748|
|=|          4|         12|        413|     32655517.15|        151|00:00:42|+0.05|0.13|0.8671|
|=|         10|         12|        413|     32653011.57|        158|00:00:46|+0.06|0.13|0.8622|
|=|         15|         12|        347|     32656350.13|        170|00:00:47|+0.04|0.11|0.8741|
+-+-----------+-----------+-----------+----------------+-----------+--------+-----+----+------+
Best-so-far configuration:         347    mean value:      32656350.13
Description of the best-so-far configuration:
    .ID. algorithm localsearch alpha beta rho ants q0 rasrank elitistants nnls
347  347       ras           3  2.49 1.38 0.6   69 NA      10          NA   45
    dlb .PARENT.
347   1      272

# 2026-01-16 20:47:25 -03: Elite configurations (first number is the configuration ID; listed from best to worst according to the sum of ranks):
    algorithm localsearch alpha beta  rho ants   q0 rasrank elitistants nnls
347       ras           3  2.49 1.38 0.60   69   NA      10          NA   45
413       ras           3  2.46 0.59 0.80   55   NA      15          NA   45
388       ras           3  2.18 1.18 0.54   49   NA      10          NA   50
340       acs           3  2.18 2.16 0.54    5 0.91      NA          NA   20
272       ras           3  2.72 0.77 0.64   48   NA      24          NA   50
    dlb
347   1
413   1
388   1
340   1
272   1
# 2026-01-16 20:47:25 -03: Iteration 7 of 7
# experimentsUsed: 2651
# remainingBudget: 99
# currentBudget: 99
# nbConfigurations: 10
# Markers:
     x No test is performed.
     c Configurations are discarded only due to capping.
     - The test is performed and some configurations are discarded.
     = The test is performed but no configuration is discarded.
     ! The test is performed and configurations could be discarded but elite configurations are preserved.
     . All alive configurations are elite and nothing is discarded.

+-+-----------+-----------+-----------+----------------+-----------+--------+-----+----+------+
| |   Instance|      Alive|       Best|       Mean best| Exp so far|  W time|  rho|KenW|  Qvar|
+-+-----------+-----------+-----------+----------------+-----------+--------+-----+----+------+
|x|         16|         10|        340|     32592143.00|         10|00:00:46|   NA|  NA|    NA|
|x|         12|         10|        388|     32554437.50|         15|00:00:35|-0.36|0.32|1.2157|
|x|          2|         10|        388|     32667919.00|         20|00:00:34|+0.05|0.37|0.8812|
|x|         13|         10|        388|     32620955.50|         25|00:00:31|+0.19|0.39|0.7595|
|=|         11|         10|        272|     32619537.00|         30|00:00:27|+0.22|0.37|0.7714|
|-|         10|          6|        388|     32597908.83|         35|00:00:35|-0.06|0.11|0.8994|
|=|         14|          6|        388|     32613940.43|         36|00:00:32|-0.02|0.12|0.8568|
|=|          8|          6|        388|     32608229.12|         37|00:00:35|-0.05|0.08|0.8849|
|=|          9|          6|        388|     32625975.89|         38|00:00:32|-0.04|0.07|0.8900|
|=|          4|          6|        388|     32680439.00|         39|00:00:35|-0.08|0.03|0.9146|
|=|          3|          6|        388|     32677909.73|         40|00:00:32|-0.06|0.04|0.8928|
|=|          6|          6|        388|     32673134.17|         41|00:00:33|-0.07|0.02|0.8937|
|=|         15|          6|        347|     32672449.46|         42|00:00:31|-0.06|0.02|0.8810|
|=|          7|          6|        388|     32663962.21|         43|00:00:32|-0.03|0.04|0.8620|
|=|          5|          6|        347|     32659335.40|         44|00:00:30|-0.05|0.02|0.8724|
|=|          1|          6|        424|     32648000.88|         45|00:00:24|-0.05|0.02|0.8707|
|=|         17|          6|        388|     32650028.35|         51|00:00:31|-0.04|0.02|0.8612|
+-+-----------+-----------+-----------+----------------+-----------+--------+-----+----+------+
Best-so-far configuration:         388    mean value:      32650028.35
Description of the best-so-far configuration:
    .ID. algorithm localsearch alpha beta  rho ants q0 rasrank elitistants nnls
388  388       ras           3  2.18 1.18 0.54   49 NA      10          NA   50
    dlb .PARENT.
388   1      272

# 2026-01-16 20:56:49 -03: Elite configurations (first number is the configuration ID; listed from best to worst according to the sum of ranks):
    algorithm localsearch alpha beta  rho ants   q0 rasrank elitistants nnls
388       ras           3  2.18 1.18 0.54   49   NA      10          NA   50
424       ras           3  2.35 1.75 0.75   62   NA      18          NA   42
347       ras           3  2.49 1.38 0.60   69   NA      10          NA   45
413       ras           3  2.46 0.59 0.80   55   NA      15          NA   45
340       acs           3  2.18 2.16 0.54    5 0.91      NA          NA   20
    dlb
388   1
424   1
347   1
413   1
340   1
# 2026-01-16 20:56:49 -03: Iteration 8 of 8
# experimentsUsed: 2702
# remainingBudget: 48
# currentBudget: 48
# nbConfigurations: 7
# Markers:
     x No test is performed.
     c Configurations are discarded only due to capping.
     - The test is performed and some configurations are discarded.
     = The test is performed but no configuration is discarded.
     ! The test is performed and configurations could be discarded but elite configurations are preserved.
     . All alive configurations are elite and nothing is discarded.

+-+-----------+-----------+-----------+----------------+-----------+--------+-----+----+------+
| |   Instance|      Alive|       Best|       Mean best| Exp so far|  W time|  rho|KenW|  Qvar|
+-+-----------+-----------+-----------+----------------+-----------+--------+-----+----+------+
|x|         18|          7|        424|     32127768.00|          7|00:00:39|   NA|  NA|    NA|
|x|          7|          7|        424|     32373993.50|          9|00:00:40|+0.21|0.61|0.0687|
|x|          8|          7|        388|     32464336.67|         11|00:00:39|+0.18|0.45|0.0891|
|x|          5|          7|        347|     32475046.50|         13|00:00:40|+0.18|0.38|0.0753|
|=|         10|          7|        340|     32483307.00|         15|00:00:40|+0.25|0.40|0.0697|
|-|         13|          6|        388|     32492197.83|         17|00:00:38|-0.15|0.04|0.9834|
|=|          1|          6|        388|     32499466.43|         18|00:00:36|-0.10|0.05|0.9461|
|=|          4|          6|        424|     32571699.00|         19|00:00:37|-0.13|0.01|0.9443|
|=|         12|          6|        424|     32566301.33|         20|00:00:33|-0.10|0.02|0.9185|
|=|          2|          6|        424|     32592760.20|         21|00:00:18|-0.08|0.03|0.9091|
|=|          9|          6|        424|     32613975.36|         22|00:00:32|-0.08|0.02|0.9095|
|=|         15|          6|        424|     32610417.67|         23|00:00:39|-0.08|0.01|0.9062|
|=|         14|          6|        424|     32617413.38|         24|00:00:40|-0.06|0.02|0.8912|
|=|          6|          6|        424|     32618029.79|         25|00:00:38|-0.06|0.02|0.8819|
|=|         11|          6|        424|     32612576.73|         26|00:00:36|-0.04|0.03|0.8685|
|=|         17|          6|        424|     32615502.69|         27|00:00:34|-0.03|0.03|0.8607|
|=|         16|          6|        424|     32617516.18|         28|00:00:38|-0.04|0.02|0.8656|
|=|          3|          6|        424|     32619731.89|         29|00:00:37|-0.03|0.03|0.8536|
|=|         19|          6|        388|     32617744.58|         35|00:00:39|-0.03|0.02|0.8538|
+-+-----------+-----------+-----------+----------------+-----------+--------+-----+----+------+
Best-so-far configuration:         388    mean value:      32617744.58
Description of the best-so-far configuration:
    .ID. algorithm localsearch alpha beta  rho ants q0 rasrank elitistants nnls
388  388       ras           3  2.18 1.18 0.54   49 NA      10          NA   50
    dlb .PARENT.
388   1      272

# 2026-01-16 21:08:33 -03: Elite configurations (first number is the configuration ID; listed from best to worst according to the sum of ranks):
    algorithm localsearch alpha beta  rho ants q0 rasrank elitistants nnls dlb
388       ras           3  2.18 1.18 0.54   49 NA      10          NA   50   1
424       ras           3  2.35 1.75 0.75   62 NA      18          NA   42   1
413       ras           3  2.46 0.59 0.80   55 NA      15          NA   45   1
347       ras           3  2.49 1.38 0.60   69 NA      10          NA   45   1
429       ras           3  2.45 0.70 0.58   50 NA      21          NA   47   1
# 2026-01-16 21:08:33 -03: Stopped because there is not enough budget left to race more than the minimum (5).
# You may either increase the budget or set 'minNbSurvival' to a lower value.
# Iteration: 9
# nbIterations: 9
# experimentsUsed: 2737
# timeUsed: 0
# remainingBudget: 13
# currentBudget: 13
# number of elites: 5
# nbConfigurations: 5
# Total CPU user time: 87116.64, CPU sys time: 270.447, Wall-clock time: 11869.65
# 2026-01-16 21:08:33 -03: Starting post-selection:
# Configurations selected: 388, 424, 413, 347, 429, 340, 272.
# Pending instances: 1, 1, 1, 1, 1, 1, 3.
# 2026-01-16 21:08:34 -03: seed: 1300277
# Configurations: 7
# Available experiments: 13
# minSurvival: 1
# Markers:
     x No test is performed.
     c Configurations are discarded only due to capping.
     - The test is performed and some configurations are discarded.
     = The test is performed but no configuration is discarded.
     ! The test is performed and configurations could be discarded but elite configurations are preserved.
     . All alive configurations are elite and nothing is discarded.

+-+-----------+-----------+-----------+----------------+-----------+--------+-----+----+------+
| |   Instance|      Alive|       Best|       Mean best| Exp so far|  W time|  rho|KenW|  Qvar|
+-+-----------+-----------+-----------+----------------+-----------+--------+-----+----+------+
|.|          9|          7|        272|     32752147.00|          0|00:00:00|   NA|  NA|    NA|
|.|         13|          7|        272|     32621797.50|          0|00:00:00|+0.57|0.79|0.6804|
|.|          3|          7|        272|     32649254.67|          0|00:00:00|+0.25|0.50|0.9069|
|.|         10|          7|        272|     32635607.75|          0|00:00:00|+0.09|0.32|0.9212|
|.|          8|          7|        272|     32619266.80|          0|00:00:00|+0.00|0.20|0.8888|
|.|          5|          7|        272|     32604821.00|          0|00:00:00|-0.10|0.08|0.9379|
|.|         11|          7|        272|     32596106.14|          0|00:00:00|-0.10|0.06|0.9485|
|x|         19|          7|        272|     32570267.88|          1|00:00:22|-0.05|0.08|0.8998|
|.|         17|          7|        272|     32584233.22|          1|00:00:00|-0.03|0.09|0.8749|
|.|          1|          7|        272|     32582001.30|          1|00:00:00|-0.06|0.04|0.9124|
|.|          6|          7|        272|     32587011.36|          1|00:00:00|-0.07|0.03|0.9203|
|.|          4|          7|        272|     32629755.17|          1|00:00:00|-0.05|0.03|0.9099|
|.|         12|          7|        272|     32618345.77|          1|00:00:00|-0.03|0.05|0.8932|
|x|         18|          7|        413|     32580800.21|          2|00:00:37|-0.03|0.05|0.8878|
|.|          2|          7|        413|     32601539.60|          2|00:00:00|-0.04|0.03|0.8991|
|.|         15|          7|        413|     32605265.12|          2|00:00:00|-0.05|0.02|0.9018|
|.|         14|          7|        413|     32614526.94|          2|00:00:00|-0.04|0.03|0.8936|
|.|         16|          7|        413|     32620690.89|          2|00:00:00|-0.04|0.02|0.8924|
|.|          7|          7|        413|     32621087.95|          2|00:00:00|-0.03|0.03|0.8805|
|=|         20|          7|        347|     32617500.60|          9|00:00:49|-0.03|0.03|0.8734|
+-+-----------+-----------+-----------+----------------+-----------+--------+-----+----+------+
Best-so-far configuration:         347    mean value:      32617500.60
Description of the best-so-far configuration:
    .ID. algorithm localsearch alpha beta rho ants q0 rasrank elitistants nnls
347  347       ras           3  2.49 1.38 0.6   69 NA      10          NA   45
    dlb .PARENT.
347   1      272

# 2026-01-16 21:10:23 -03: Elite configurations (first number is the configuration ID; listed from best to worst according to the sum of ranks):
    algorithm localsearch alpha beta  rho ants q0 rasrank elitistants nnls dlb
347       ras           3  2.49 1.38 0.60   69 NA      10          NA   45   1
424       ras           3  2.35 1.75 0.75   62 NA      18          NA   42   1
388       ras           3  2.18 1.18 0.54   49 NA      10          NA   50   1
413       ras           3  2.46 0.59 0.80   55 NA      15          NA   45   1
429       ras           3  2.45 0.70 0.58   50 NA      21          NA   47   1
# Total CPU user time: 87441.58, CPU sys time: 271.441, Wall-clock time: 11979.57
    .ID. algorithm localsearch alpha beta  rho ants q0 rasrank elitistants nnls
347  347       ras           3  2.49 1.38 0.60   69 NA      10          NA   45
424  424       ras           3  2.35 1.75 0.75   62 NA      18          NA   42
388  388       ras           3  2.18 1.18 0.54   49 NA      10          NA   50
413  413       ras           3  2.46 0.59 0.80   55 NA      15          NA   45
429  429       ras           3  2.45 0.70 0.58   50 NA      21          NA   47
    dlb .PARENT. .RANK.   .WEIGHT.
347   1      272     72 0.33333333
424   1      413     74 0.26666667
388   1      272     75 0.20000000
413   1      272     78 0.13333333
429   1      388     85 0.06666667
