#------------------------------------------------------------------------------
# irace: An implementation in R of (Elitist) Iterated Racing
# Version: 4.2.0.9000.4117289
# Copyright (C) 2010-2025
# Manuel Lopez-Ibanez     <manuel.lopez-ibanez@manchester.ac.uk>
# Jeremie Dubois-Lacoste
# Leslie Perez Caceres    <leslie.perez.caceres@ulb.ac.be>
#
# This is free software, and you are welcome to redistribute it under certain
# conditions.  See the GNU General Public License for details. There is NO
# WARRANTY; not even for MERCHANTABILITY or FITNESS FOR A PARTICULAR PURPOSE.
#
# irace builds upon previous code from the race package:
#     race: Racing methods for the selection of the best
#     Copyright (C) 2003 Mauro Birattari
#------------------------------------------------------------------------------
# installed at: /home/pestobar/R/x86_64-redhat-linux-gnu-library/4.5/irace
# called with: --only-test configurations.txt --scenario scenario.txt
# 2026-01-31 11:02:03 -03: Checking scenario.
# 2026-01-31 11:02:03 -03: Reading parameter file '/home/pestobar/Activities/irace-executions/PSO-X/Scenarios/Best_Elites/Runs/Best_Elites_seed_1300277/parameters.txt'.
# 2026-01-31 11:02:03 -03: 2 expression(s) specifying forbidden configurations read.
## irace scenario:
scenarioFile = "/home/pestobar/Activities/irace-executions/PSO-X/Scenarios/Best_Elites/Runs/Best_Elites_seed_1300277/scenario.txt"
execDir = "/home/pestobar/Activities/irace-executions/PSO-X/Scenarios/Best_Elites/Runs/Best_Elites_seed_1300277/Results"
parameterFile = "/home/pestobar/Activities/irace-executions/PSO-X/Scenarios/Best_Elites/Runs/Best_Elites_seed_1300277/parameters.txt"
parameters = <environment>
initConfigurations = NULL
configurationsFile = ""
logFile = "/home/pestobar/Activities/irace-executions/PSO-X/Scenarios/Best_Elites/Runs/Best_Elites_seed_1300277/Results/irace.Rdata"
recoveryFile = ""
instances = c("--competition 3 --problem 0 --dimensions 30", "--competition 3 --problem 1 --dimensions 30", "--competition 3 --problem 2 --dimensions 30", "--competition 3 --problem 3 --dimensions 30", "--competition 3 --problem 4 --dimensions 30", "--competition 3 --problem 5 --dimensions 30", "--competition 3 --problem 6 --dimensions 30", "--competition 3 --problem 7 --dimensions 30", "--competition 3 --problem 8 --dimensions 30", "--competition 3 --problem 9 --dimensions 30", "--competition 3 --problem 10 --dimensions 30", "--competition 3 --problem 11 --dimensions 30", "--competition 3 --problem 12 --dimensions 30", "--competition 3 --problem 13 --dimensions 30", "--competition 3 --problem 14 --dimensions 30", "--competition 3 --problem 15 --dimensions 30", "--competition 3 --problem 16 --dimensions 30", "--competition 3 --problem 17 --dimensions 30", "--competition 3 --problem 18 --dimensions 30", "--competition 3 --problem 19 --dimensions 30", "--competition 3 --problem 20 --dimensions 30", "--competition 3 --problem 21 --dimensions 30", "--competition 3 --problem 22 --dimensions 30", "--competition 3 --problem 23 --dimensions 30", "--competition 3 --problem 24 --dimensions 30", "--competition 3 --problem 25 --dimensions 30", "--competition 3 --problem 26 --dimensions 30", "--competition 3 --problem 27 --dimensions 30", "--competition 3 --problem 28 --dimensions 30", "--competition 3 --problem 29 --dimensions 30", "--competition 3 --problem 30 --dimensions 30", "--competition 3 --problem 31 --dimensions 30", "--competition 3 --problem 32 --dimensions 30", "--competition 3 --problem 33 --dimensions 30", "--competition 3 --problem 34 --dimensions 30", "--competition 3 --problem 35 --dimensions 30", "--competition 3 --problem 36 --dimensions 30", "--competition 3 --problem 37 --dimensions 30", "--competition 3 --problem 38 --dimensions 30", "--competition 3 --problem 39 --dimensions 30", "--competition 3 --problem 40 --dimensions 30", "--competition 3 --problem 41 --dimensions 30", "--competition 3 --problem 42 --dimensions 30", "--competition 3 --problem 43 --dimensions 30", "--competition 3 --problem 44 --dimensions 30", "--competition 3 --problem 45 --dimensions 30", "--competition 3 --problem 46 --dimensions 30", "--competition 3 --problem 47 --dimensions 30", "--competition 3 --problem 48 --dimensions 30", "--competition 3 --problem 49 --dimensions 30")
trainInstancesDir = ""
trainInstancesFile = "/home/pestobar/Activities/irace-executions/PSO-X/Instances/train_MIXTURE.txt"
sampleInstances = TRUE
testInstancesDir = ""
testInstancesFile = "/home/pestobar/Activities/irace-executions/PSO-X/TestingInstances/test_MIXTURE.txt"
testInstances = c("1t" = "--competition 3 --problem 0 --dimensions 50", "2t" = "--competition 3 --problem 1 --dimensions 50", "3t" = "--competition 3 --problem 2 --dimensions 50", "4t" = "--competition 3 --problem 3 --dimensions 50", "5t" = "--competition 3 --problem 4 --dimensions 50", "6t" = "--competition 3 --problem 5 --dimensions 50", "7t" = "--competition 3 --problem 6 --dimensions 50", "8t" = "--competition 3 --problem 7 --dimensions 50", "9t" = "--competition 3 --problem 8 --dimensions 50", "10t" = "--competition 3 --problem 9 --dimensions 50", "11t" = "--competition 3 --problem 10 --dimensions 50", "12t" = "--competition 3 --problem 11 --dimensions 50", "13t" = "--competition 3 --problem 12 --dimensions 50", "14t" = "--competition 3 --problem 13 --dimensions 50", "15t" = "--competition 3 --problem 14 --dimensions 50", "16t" = "--competition 3 --problem 15 --dimensions 50", "17t" = "--competition 3 --problem 16 --dimensions 50", "18t" = "--competition 3 --problem 17 --dimensions 50", "19t" = "--competition 3 --problem 18 --dimensions 50", "20t" = "--competition 3 --problem 19 --dimensions 50", "21t" = "--competition 3 --problem 20 --dimensions 50", "22t" = "--competition 3 --problem 21 --dimensions 50", "23t" = "--competition 3 --problem 22 --dimensions 50", "24t" = "--competition 3 --problem 23 --dimensions 50", "25t" = "--competition 3 --problem 24 --dimensions 50", "26t" = "--competition 3 --problem 25 --dimensions 50", "27t" = "--competition 3 --problem 26 --dimensions 50", "28t" = "--competition 3 --problem 27 --dimensions 50", "29t" = "--competition 3 --problem 28 --dimensions 50", "30t" = "--competition 3 --problem 29 --dimensions 50", "31t" = "--competition 3 --problem 30 --dimensions 50", "32t" = "--competition 3 --problem 31 --dimensions 50", "33t" = "--competition 3 --problem 32 --dimensions 50", "34t" = "--competition 3 --problem 33 --dimensions 50", "35t" = "--competition 3 --problem 34 --dimensions 50", "36t" = "--competition 3 --problem 35 --dimensions 50", "37t" = "--competition 3 --problem 36 --dimensions 50", "38t" = "--competition 3 --problem 37 --dimensions 50", "39t" = "--competition 3 --problem 38 --dimensions 50", "40t" = "--competition 3 --problem 39 --dimensions 50", "41t" = "--competition 3 --problem 40 --dimensions 50", "42t" = "--competition 3 --problem 41 --dimensions 50", "43t" = "--competition 3 --problem 42 --dimensions 50", "44t" = "--competition 3 --problem 43 --dimensions 50", "45t" = "--competition 3 --problem 44 --dimensions 50", "46t" = "--competition 3 --problem 45 --dimensions 50", "47t" = "--competition 3 --problem 46 --dimensions 50", "48t" = "--competition 3 --problem 47 --dimensions 50", "49t" = "--competition 3 --problem 48 --dimensions 50", "50t" = "--competition 3 --problem 49 --dimensions 50")
testNbElites = 1L
testIterationElites = FALSE
testType = "friedman"
firstTest = 5L
blockSize = 1L
eachTest = 1L
targetRunner = "/home/pestobar/Activities/irace-executions/PSO-X/Scenarios/Best_Elites/Runs/Best_Elites_seed_1300277/target-runner"
targetRunnerLauncher = ""
targetCmdline = "{configurationID} {instanceID} {seed} {instance} {bound} {targetRunnerArgs}"
targetRunnerRetries = 0L
targetRunnerTimeout = 0L
targetRunnerData = ""
targetRunnerParallel = NULL
targetEvaluator = NULL
deterministic = FALSE
maxExperiments = 5500L
minExperiments = NA_character_
maxTime = 0L
budgetEstimation = 0.05
minMeasurableTime = 0.01
parallel = 10L
loadBalancing = TRUE
mpi = FALSE
batchmode = "0"
quiet = FALSE
debugLevel = 0L
seed = 1300277L
softRestart = TRUE
softRestartThreshold = 1e-04
elitist = TRUE
elitistNewInstances = 1L
elitistLimit = 2L
repairConfiguration = NULL
capping = FALSE
cappingAfterFirstTest = FALSE
cappingType = "median"
boundType = "candidate"
boundMax = NULL
boundDigits = 0L
boundPar = 1L
boundAsTimeout = TRUE
postselection = TRUE
aclib = FALSE
nbIterations = 0L
nbExperimentsPerIteration = 0L
minNbSurvival = 0L
nbConfigurations = 0L
mu = 5L
confidence = 0.95
## end of irace scenario
# 2026-01-31 11:02:03 -03: Read 80 configuration(s) from file 'configurations.txt'
# 2026-01-31 11:02:03 -03: Testing configurations (in the order given as input): 
   particles topology modInfluence branching tSchedule phi1 phi2 inertia
1         21        4            0        NA        NA 1.89 2.36    0.38
2        134        4            0        NA        NA 2.09 2.30    0.53
3          9        1            0        NA        NA 1.54 2.48    0.26
4        142        4            0        NA        NA 1.27 2.48    0.50
5         67        4            0        NA        NA 1.58 2.49    0.41
6         66        1            1        NA        NA 2.05 1.48    0.59
7         90        4            0        NA        NA 1.94 2.40    0.65
8        162        4            2        NA        NA 0.44 2.37    0.81
9         85        4            0        NA        NA 2.15 2.28    0.55
10        45        4            0        NA        NA 1.79 2.42    0.50
11        82        4            0        NA        NA 1.24 2.44    0.35
12       106        4            0        NA        NA 1.91 2.36    0.46
13        77        4            0        NA        NA 1.28 2.47    0.42
14        57        4            0        NA        NA 0.59 2.22    0.56
15        20        0            1        NA        NA 2.46 2.08    0.31
16       108        4            0        NA        NA 2.14 2.28    0.67
17       142        4            0        NA        NA 2.03 2.45    0.37
18       101        4            0        NA        NA 2.28 2.16    0.50
19         6        5            0        NA         6 2.43 2.33    0.21
20        18        0            1        NA        NA 1.86 2.30    0.24
21       149        4            0        NA        NA 1.24 2.43    0.40
22       138        4            0        NA        NA 2.42 2.48    0.58
23        15        0            1        NA        NA 1.34 2.03    0.19
24       144        4            0        NA        NA 1.96 2.47    0.60
25       119        4            0        NA        NA 0.85 2.49    0.50
26        56        1            1        NA        NA 2.15 2.11    0.57
27        76        4            0        NA        NA 2.25 2.43    0.61
28        75        4            0        NA        NA 1.87 2.34    0.55
29       165        4            0        NA        NA 2.45 2.44    0.37
30        71        4            0        NA        NA 1.86 2.42    0.65
31        92        4            0        NA        NA 1.30 2.43    0.41
32        14        4            0        NA        NA 1.38 2.15    0.26
33        80        4            0        NA        NA 1.65 2.50    0.27
34        11        4            0        NA        NA 1.41 2.38    0.48
35        40        1            1        NA        NA 2.47 2.15    0.44
36       134        4            0        NA        NA 2.01 2.42    0.53
37       102        4            0        NA        NA 2.17 2.48    0.43
38       109        4            0        NA        NA 1.97 2.44    0.56
39       162        0            0        NA        NA 1.96 2.26    0.18
40        21        0            1        NA        NA 2.25 2.32    0.22
41        38        4            0        NA        NA 2.21 1.60    0.53
42       150        4            0        NA        NA 1.95 2.33    0.58
43         4        4            2        NA        NA 1.77 2.47    0.41
44       105        4            0        NA        NA 0.43 2.38    0.25
45        75        4            0        NA        NA 2.17 2.11    0.61
46       115        1            1        NA        NA 2.36 2.43    0.66
47       115        4            0        NA        NA 2.26 2.13    0.74
48        83        4            0        NA        NA 2.38 2.39    0.11
49        38        4            0        NA        NA 2.46 1.83    0.67
50        83        4            0        NA        NA 1.42 2.41    0.70
51        79        4            0        NA        NA 1.02 2.39    0.45
52        83        4            0        NA        NA 2.35 2.47    0.44
53        25        1            0        NA        NA 1.69 2.28    0.33
54        89        4            2        NA        NA 2.41 2.46    0.72
55        25        1            2        NA        NA 2.11 2.38    0.30
56       103        4            0        NA        NA 0.96 2.24    0.45
57        84        4            0        NA        NA 2.11 2.48    0.32
58       103        4            0        NA        NA 0.50 2.49    0.48
59        28        0            0        NA        NA 1.99 1.81    0.13
60        22        1            1        NA        NA 2.31 2.37    0.25
61        47        1            0        NA        NA 2.09 2.05    0.14
62        85        4            0        NA        NA 2.11 2.33    0.54
63       104        4            0        NA        NA 2.27 2.39    0.41
64        90        4            0        NA        NA 0.31 2.31    0.15
65       113        4            0        NA        NA 2.23 2.37    0.60
66        93        4            0        NA        NA 1.89 1.55    0.42
67        53        1            0        NA        NA 2.25 2.49    0.64
68       136        4            2        NA        NA 1.47 2.26    0.82
69        58        0            0        NA        NA 1.01 1.62    0.12
70        91        4            0        NA        NA 2.43 2.31    0.50
71        68        4            0        NA        NA 0.99 2.49    0.28
72        21        4            0        NA        NA 2.30 2.28    0.31
73       113        4            0        NA        NA 2.17 2.37    0.39
74       167        4            2        NA        NA 1.24 2.46    0.63
75       153        4            0        NA        NA 1.84 2.45    0.31
76        90        4            0        NA        NA 1.66 2.30    0.57
77        84        4            0        NA        NA 0.78 2.24    0.29
78       135        4            0        NA        NA 1.32 2.29    0.57
79        88        0            0        NA        NA 1.68 2.50    0.22
80       200        4            2        NA        NA 2.48 2.31    0.64
# 2026-01-31 13:45:12 -03: Testing results (column number is configuration ID in no particular order):
         seeds            1            2            3            4            5
1t  2042966083 8.701571e-01 1.316604e+00 8.012616e-01 1.601197e+00 1.075131e+00
2t   301627552 2.743368e+06 2.120039e+07 3.035340e+06 1.185724e+07 3.206593e+06
3t   591881069 1.269007e+06 2.557356e+06 1.269609e+06 2.369365e+06 1.927003e+06
4t   192840841 8.838784e+04 1.244880e+05 9.539906e+04 1.041138e+05 1.104304e+05
5t   805945318 2.845542e+01 2.261335e+01 5.542870e+00 1.280184e+01 4.009056e+01
6t  1434144765 5.941541e+00 6.165219e+02 4.451902e+00 5.462719e+02 1.037759e+02
7t   387994645 4.258706e+03 4.915088e+03 4.761580e+03 5.607687e+03 4.649387e+03
8t  1847975424 5.423577e+00 6.180802e+00 5.022244e+00 6.787319e+00 5.592193e+00
9t  1372399517 3.472740e+02 2.574257e+02 3.458719e+02 2.731522e+02 2.792785e+02
10t  115639951 2.602739e+01 3.108217e+01 2.471355e+01 2.891369e+01 2.684667e+01
11t 1571181003 2.993143e+02 2.637159e+02 3.490386e+02 2.397845e+02 3.016733e+02
12t 1224807386 3.807344e+03 5.449276e+02 1.345535e+03 5.425981e+02 1.162397e+04
13t 2023314297 2.002434e+01 1.550588e+00 2.043984e+01 1.757817e+00 1.388253e+00
14t 2035312457 2.092652e+01 2.115999e+01 2.102901e+01 2.099038e+01 2.099217e+01
15t  943458313 1.262143e+02 2.666916e+02 1.532093e+03 2.286822e+02 1.574238e+02
16t  162885329 4.880461e+01 4.921745e+01 4.891098e+01 4.905011e+01 4.793283e+01
17t 1408041748 3.617075e-02 1.022385e+00 5.805752e-02 6.548626e-01 1.629445e-01
18t 1066930365 8.983249e-01 9.923706e-01 8.178241e-01 1.003723e+00 8.915469e-01
19t  500118466 5.620644e+02 4.361202e+02 6.759986e+02 4.880727e+02 3.831899e+02
20t 1768802598 3.291449e+02 3.311714e+02 4.682797e+02 2.750868e+02 3.580725e+02
21t  654993035 2.898974e+04 2.711945e+04 3.001268e+04 2.782502e+04 2.783478e+04
22t  567078453 2.906001e+04 2.827661e+04 3.147016e+04 2.885254e+04 2.909225e+04
23t 2022106548 5.167135e+01 4.153604e+01 6.464348e+01 4.693725e+01 4.783175e+01
24t 2047817655 6.434515e-01 8.617023e-01 5.937541e-01 6.879763e-01 8.402132e-01
25t  759904836 8.000629e-01 4.831128e-01 8.277862e-01 5.094085e-01 6.204539e-01
26t  544661725 3.754533e-01 3.987740e-01 3.585916e-01 3.070598e-01 3.524984e-01
27t  264105917 9.328784e+01 7.776302e+01 1.127114e+02 6.205025e+01 9.672730e+01
28t 1958094882 1.866595e+02 2.540770e+02 2.222663e+02 2.294170e+02 2.245261e+02
29t 1346547134 3.280122e+02 2.449328e+02 3.862158e+02 2.629915e+02 3.154315e+02
30t  292729650 8.206261e+00 1.102960e+01 8.500791e+00 1.137802e+01 8.400919e+00
31t   56071215 1.997237e+02 1.789463e+02 2.004183e+02 1.505280e+02 1.867716e+02
32t  930566208 3.828966e+02 3.528878e+02 6.937142e+02 2.837435e+02 3.282835e+02
33t 1633211725 1.161306e+02 1.158539e+02 1.331881e+02 9.449276e+01 1.125380e+02
34t 1025005234 2.627068e+01 2.630768e+01 3.507146e+01 2.618809e+01 2.440478e+01
35t 1901926036 1.344572e+04 1.248532e+04 1.352797e+04 1.259123e+04 1.277681e+04
36t  889446038 1.697198e+05 1.985783e+05 2.296355e+05 1.849370e+05 2.017378e+05
37t  621839736 5.704816e+01 6.125566e+01 5.653313e+01 5.959271e+01 5.451507e+01
38t 1524874455 2.824785e+05 1.814642e+05 5.319775e+05 3.018849e+05 3.119952e+05
39t  142800764 5.456998e+00 6.204985e+00 7.396002e+00 5.495595e+00 5.270070e+00
40t  994943663 5.728797e+01 3.083984e+01 5.282618e+01 3.253408e+01 6.642772e+01
41t   90843551 4.482098e+02 3.833252e+02 4.473384e+02 4.503046e+02 4.475129e+02
42t 1263616861 2.879694e+02 3.184579e+02 4.385932e+02 3.118511e+02 2.895444e+02
43t 1407547497 3.975138e+02 4.269001e+02 4.313818e+02 3.271530e+02 3.282105e+02
44t  204495798 9.231948e+02 9.457385e+02 9.341694e+02 9.238447e+02 9.349339e+02
45t  460579567 9.350083e+02 9.252782e+02 9.309946e+02 9.217209e+02 9.301965e+02
46t  556273762 9.367331e+02 9.325229e+02 9.325169e+02 9.345906e+02 9.978180e+02
47t  693868686 8.989760e+02 5.582344e+02 1.193953e+03 1.023339e+03 1.020444e+03
48t  135970030 1.048023e+03 9.364587e+02 1.034507e+03 9.248340e+02 9.380304e+02
49t   83920631 9.173240e+02 1.019788e+03 1.203547e+03 1.026344e+03 5.592282e+02
50t  771800932 1.116410e+03 1.094579e+03 1.209815e+03 9.530149e+02 9.993712e+02
               6            7            8            9           10
1t  1.440735e+00 1.740511e+00 2.917440e+00 1.488979e+00 1.015529e+00
2t  5.522572e+06 8.349833e+06 8.444391e+06 1.483526e+07 6.350809e+06
3t  1.915201e+06 2.673422e+06 4.999811e+06 2.308542e+06 2.044099e+06
4t  1.369507e+05 1.107833e+05 1.458773e+05 1.162158e+05 9.750052e+04
5t  5.882310e+01 3.646434e+00 1.598985e+01 9.167433e+00 2.892959e+01
6t  1.352272e+02 3.678449e+02 2.780689e+02 3.066843e+02 1.899530e+01
7t  1.023966e+04 4.809025e+03 3.814082e+03 4.613219e+03 4.968185e+03
8t  6.446947e+00 7.495946e+00 9.276236e+00 6.625236e+00 6.249460e+00
9t  3.969493e+02 2.312590e+02 4.990683e+01 2.607212e+02 2.751729e+02
10t 2.813720e+01 3.392114e+01 3.987730e+01 3.073331e+01 2.800944e+01
11t 3.704907e+02 2.324215e+02 4.874623e+01 2.786341e+02 2.874814e+02
12t 2.899883e+04 2.347629e+02 1.979859e+03 2.213391e+02 1.794454e+02
13t 2.038142e+01 1.958060e+00 2.363433e+00 1.622009e+00 1.552248e+00
14t 2.119727e+01 2.112073e+01 2.116544e+01 2.113409e+01 2.101351e+01
15t 1.846446e+02 2.546891e+02 8.126105e+02 1.838198e+02 1.755787e+02
16t 4.928068e+01 4.722290e+01 4.928170e+01 5.181140e+01 4.721804e+01
17t 4.928706e+02 3.926478e-01 1.156870e-01 2.728148e-01 4.984950e-02
18t 9.238152e-01 1.006148e+00 1.050026e+00 9.830436e-01 9.607532e-01
19t 1.221090e+03 3.925276e+02 4.000494e+02 4.397879e+02 5.019840e+02
20t 7.526165e+02 2.497805e+02 2.442601e+02 3.050410e+02 3.106700e+02
21t 3.507321e+04 2.774602e+04 2.961479e+04 2.806528e+04 2.820597e+04
22t 3.561684e+04 2.766007e+04 3.117544e+04 2.863393e+04 2.951142e+04
23t 6.959458e+01 4.587469e+01 4.587852e+01 4.573879e+01 4.853882e+01
24t 3.638614e+00 9.494978e-01 3.320616e+00 6.960580e-01 7.131506e-01
25t 5.892710e-01 5.994622e-01 4.514802e-01 6.240291e-01 6.663508e-01
26t 2.964027e-01 3.504346e-01 2.996047e-01 3.177685e-01 2.897530e-01
27t 4.790221e+01 7.644678e+01 6.086436e+01 8.545603e+01 8.711259e+01
28t 1.715729e+02 2.661329e+02 3.676226e+02 2.513136e+02 2.113074e+02
29t 4.716423e+02 2.820397e+02 2.981518e+02 3.085669e+02 2.827420e+02
30t 2.184062e+01 1.424042e+01 1.362877e+01 1.359021e+01 1.263758e+01
31t 1.021179e+02 1.752708e+02 1.457710e+02 1.904342e+02 1.896523e+02
32t 3.637736e+02 3.295219e+02 3.176927e+02 3.553671e+02 3.327114e+02
33t 1.375684e+02 8.880637e+01 1.076123e+02 9.890129e+01 1.037604e+02
34t 2.728510e+01 2.609117e+01 3.179106e+01 2.624133e+01 2.739160e+01
35t 1.395814e+04 1.262724e+04 1.255110e+04 1.263636e+04 1.282650e+04
36t 1.169200e+05 2.286488e+05 4.225960e+05 1.800066e+05 2.857264e+05
37t 6.338315e+01 5.778114e+01 5.804882e+01 6.060000e+01 5.521317e+01
38t 1.670403e+05 3.505563e+05 2.575885e+05 3.582271e+05 3.449663e+05
39t 4.848750e+00 6.275973e+00 5.907974e+00 5.412571e+00 5.921990e+00
40t 8.330534e+02 2.271123e+01 2.087020e+01 3.242229e+01 5.793164e+01
41t 4.476398e+02 4.307854e+02 4.569739e+02 4.490367e+02 4.241278e+02
42t 3.606467e+02 3.154048e+02 3.807787e+02 2.860868e+02 2.803558e+02
43t 3.960177e+02 3.112980e+02 3.106332e+02 3.314986e+02 3.555241e+02
44t 9.537035e+02 9.239184e+02 9.239119e+02 9.279051e+02 9.285053e+02
45t 9.395387e+02 9.216839e+02 9.326009e+02 9.346968e+02 9.321792e+02
46t 9.477289e+02 9.210510e+02 9.299972e+02 9.354533e+02 9.378132e+02
47t 5.467651e+02 1.021022e+03 6.057777e+02 1.023717e+03 1.018955e+03
48t 1.161919e+03 9.237223e+02 9.339297e+02 9.775326e+02 9.922603e+02
49t 1.208835e+03 1.018622e+03 6.337740e+02 9.315725e+02 1.022655e+03
50t 1.250635e+03 9.140905e+02 4.233284e+02 9.333350e+02 9.737879e+02
              11           12           13           14           15
1t  1.157322e+00 1.075966e+00 1.344534e+00 2.129823e+00 6.353624e-01
2t  8.604483e+06 6.212483e+06 5.739314e+06 5.843589e+06 2.402601e+06
3t  1.762133e+06 1.768499e+06 2.130349e+06 3.217364e+06 9.680850e+05
4t  1.091033e+05 1.172391e+05 9.356840e+04 8.663514e+04 1.815383e+05
5t  3.028351e+01 2.155238e+01 3.489143e+01 2.601744e+01 4.068142e+01
6t  1.508739e+02 3.352949e+02 6.962013e+01 5.294004e+01 4.432131e+00
7t  5.941534e+03 5.628580e+03 6.368213e+03 2.643067e+03 2.906283e+04
8t  5.843722e+00 6.134927e+00 6.173490e+00 8.026113e+00 4.390548e+00
9t  2.755955e+02 2.908587e+02 2.868878e+02 2.937304e+02 4.250626e+02
10t 2.712660e+01 2.941513e+01 2.766636e+01 3.562120e+01 2.089874e+01
11t 2.543521e+02 2.815130e+02 2.864502e+02 2.803818e+02 4.299554e+02
12t 1.150308e+04 7.389968e+02 4.164998e+02 3.842467e+02 1.138629e+04
13t 1.419028e+00 1.474622e+00 1.440547e+00 2.051853e+00 1.986403e+01
14t 2.098576e+01 2.113518e+01 2.098354e+01 2.106106e+01 2.111746e+01
15t 1.507636e+02 3.537414e+02 1.630636e+02 2.724103e+02 1.077503e+02
16t 4.803604e+01 4.887511e+01 4.807135e+01 4.880221e+01 4.922007e+01
17t 2.381189e+00 1.431235e+00 2.135486e-01 8.020203e-02 2.135396e+02
18t 9.471025e-01 9.464802e-01 9.673294e-01 1.018813e+00 6.619531e-01
19t 5.962281e+02 4.936101e+02 4.765090e+02 3.899875e+02 5.166194e+03
20t 2.926167e+02 2.489147e+02 3.073437e+02 3.340706e+02 5.745997e+02
21t 2.784067e+04 2.752473e+04 2.770935e+04 2.860417e+04 3.874045e+04
22t 2.867549e+04 2.787041e+04 2.774335e+04 2.854838e+04 3.672923e+04
23t 5.225585e+01 4.714584e+01 4.978219e+01 3.997147e+01 8.496692e+01
24t 6.859820e-01 7.438515e-01 5.465137e-01 6.971697e-01 4.996338e+00
25t 6.581743e-01 5.473680e-01 6.772059e-01 4.786437e-01 6.013385e-01
26t 2.689882e-01 3.267763e-01 3.638902e-01 3.002458e-01 2.950134e-01
27t 9.709742e+01 7.165105e+01 9.931673e+01 9.448186e+01 5.240677e+01
28t 2.324189e+02 2.415305e+02 2.081450e+02 2.532769e+02 1.455473e+02
29t 3.579735e+02 3.302716e+02 2.848801e+02 2.832430e+02 4.677222e+02
30t 1.127382e+01 1.086036e+01 1.524911e+01 1.562259e+01 1.332327e+01
31t 1.768076e+02 1.491564e+02 1.931332e+02 2.157904e+02 1.181496e+02
32t 3.248416e+02 2.818027e+02 3.145223e+02 3.685932e+02 3.897181e+02
33t 1.007670e+02 1.117353e+02 1.064665e+02 1.040214e+02 1.684253e+02
34t 2.611500e+01 2.140641e+01 2.563440e+01 3.221693e+01 2.945946e+01
35t 1.271503e+04 1.259775e+04 1.286850e+04 1.268782e+04 1.860035e+04
36t 1.818859e+05 1.449684e+05 1.957170e+05 2.043835e+05 1.123034e+05
37t 5.653090e+01 5.950323e+01 5.540296e+01 5.825585e+01 5.437837e+01
38t 2.594529e+05 1.978507e+05 2.070498e+05 3.776604e+05 1.754726e+05
39t 5.423933e+00 6.267833e+00 6.466773e+00 5.761941e+00 4.910169e+00
40t 4.305792e+01 4.659778e+01 5.439677e+01 2.319208e+01 7.444427e+02
41t 4.159553e+02 4.011951e+02 5.503586e+02 4.109277e+02 1.058158e+03
42t 4.283608e+02 3.335922e+02 2.926034e+02 2.651195e+02 4.323945e+02
43t 3.622453e+02 3.692060e+02 3.727222e+02 2.994684e+02 4.276303e+02
44t 9.304332e+02 9.355771e+02 9.299480e+02 9.275128e+02 9.249794e+02
45t 9.354711e+02 9.319299e+02 9.359288e+02 9.304637e+02 9.244626e+02
46t 9.401699e+02 9.266908e+02 9.471999e+02 9.275276e+02 9.235428e+02
47t 1.030412e+03 1.026532e+03 9.162877e+02 1.025921e+03 1.232646e+03
48t 9.598188e+02 9.729387e+02 9.870509e+02 9.335365e+02 1.422733e+03
49t 5.568660e+02 9.206038e+02 5.595024e+02 1.029388e+03 1.265182e+03
50t 1.142419e+03 1.155258e+03 9.941048e+02 9.117128e+02 1.309729e+03
              16           17           18           19           20
1t  2.192675e+00 1.146863e+00 1.385339e+00 7.937298e-01 5.718899e-01
2t  2.042911e+07 8.289991e+06 1.719902e+07 2.555051e+06 2.284130e+06
3t  2.965475e+06 1.781795e+06 2.180679e+06 1.030265e+06 9.184733e+05
4t  9.533458e+04 1.271020e+05 1.355169e+05 6.325583e+04 1.699300e+05
5t  7.165909e+00 2.898319e+01 2.217019e+01 1.144651e+01 3.981808e+01
6t  4.299956e+02 5.793169e+02 3.547482e+02 3.754293e+00 3.297425e+00
7t  3.915973e+03 7.453664e+03 5.574092e+03 4.771743e+03 2.675592e+04
8t  8.235296e+00 5.760578e+00 6.009796e+00 5.053615e+02 8.407206e+04
9t  2.141076e+02 2.769889e+02 2.804091e+02 3.789330e+02 3.423502e+02
10t 3.304994e+01 2.712621e+01 2.861268e+01 2.336397e+01 1.950986e+01
11t 2.472939e+02 2.642103e+02 2.894110e+02 3.801966e+02 4.425232e+02
12t 2.737033e+02 2.654712e+03 1.053817e+04 3.119507e+03 1.094277e+04
13t 2.069125e+00 1.388991e+00 1.509994e+00 2.024471e+01 1.988977e+01
14t 2.103676e+01 2.099681e+01 2.117699e+01 2.082106e+01 2.115282e+01
15t 2.586657e+02 3.546186e+02 2.162130e+02 1.359572e+02 1.062073e+02
16t 4.861268e+01 4.919050e+01 5.189438e+01 4.707643e+01 4.915213e+01
17t 5.403237e-01 4.372162e-01 8.008022e-01 6.773009e-02 3.296002e+02
18t 1.033231e+00 9.327740e-01 9.228468e-01 7.529614e-01 6.519680e-01
19t 4.409429e+02 5.810292e+02 4.780566e+02 8.652707e+02 5.788581e+03
20t 2.019467e+02 3.276378e+02 3.731249e+02 6.273791e+02 9.102428e+02
21t 2.801654e+04 2.854066e+04 2.730715e+04 3.046264e+04 3.752362e+04
22t 2.846015e+04 2.857564e+04 2.921374e+04 2.992757e+04 3.768777e+04
23t 4.222710e+01 5.454689e+01 4.819568e+01 7.338905e+01 7.698430e+01
24t 1.115491e+00 5.826432e-01 1.104366e+00 1.859577e+00 5.507135e+00
25t 4.292853e-01 4.418954e-01 7.034480e-01 8.652032e-01 5.864865e-01
26t 3.026864e-01 3.794820e-01 2.984832e-01 3.223878e-01 2.762420e-01
27t 6.821794e+01 7.141126e+01 7.471188e+01 1.040802e+02 5.571411e+01
28t 2.938302e+02 1.915138e+02 2.344687e+02 2.049801e+02 1.497155e+02
29t 2.894486e+02 3.284459e+02 3.095903e+02 4.266117e+02 5.215561e+02
30t 1.222384e+01 1.054807e+01 1.191983e+01 1.374659e+01 1.411142e+01
31t 1.508913e+02 1.604522e+02 1.601715e+02 2.252362e+02 1.151648e+02
32t 3.160281e+02 3.702090e+02 3.192569e+02 4.852306e+02 3.940393e+02
33t 1.122856e+02 1.006955e+02 1.116330e+02 1.910727e+02 1.807984e+02
34t 3.159728e+01 2.466873e+01 2.657058e+01 3.189401e+01 3.277748e+01
35t 1.254767e+04 1.291004e+04 1.283522e+04 1.441165e+04 1.845331e+04
36t 3.015826e+05 1.389106e+05 2.038478e+05 2.116675e+05 9.873390e+04
37t 6.055644e+01 5.787041e+01 6.283560e+01 6.156256e+01 5.365442e+01
38t 2.338267e+05 1.641728e+05 2.206774e+05 4.278094e+05 1.659377e+05
39t 6.286009e+00 5.621079e+00 5.763322e+00 6.885939e+00 4.712495e+00
40t 2.694519e+01 6.863976e+01 4.701380e+01 7.677310e+01 7.578300e+02
41t 4.132154e+02 3.820586e+02 3.818258e+02 5.459196e+02 1.127518e+03
42t 3.434581e+02 4.056820e+02 3.263634e+02 4.739824e+02 4.602199e+02
43t 3.280514e+02 4.050371e+02 4.310307e+02 4.277830e+02 4.273461e+02
44t 9.222535e+02 9.239505e+02 9.298928e+02 9.437043e+02 9.252371e+02
45t 9.236582e+02 9.346088e+02 9.307780e+02 9.361283e+02 9.225347e+02
46t 9.227551e+02 9.379441e+02 9.318799e+02 9.355815e+02 9.236092e+02
47t 1.022510e+03 5.369083e+02 1.029670e+03 1.189830e+03 1.235222e+03
48t 9.044026e+02 9.204762e+02 9.927113e+02 1.057277e+03 1.397332e+03
49t 1.020317e+03 5.664710e+02 5.719747e+02 5.486265e+02 1.286727e+03
50t 9.135463e+02 1.169558e+03 9.754295e+02 1.233826e+03 1.361807e+03
              21           22           23           24           25
1t  1.474945e+00 1.680330e+00 6.050784e-01 1.604124e+00 1.754081e+00
2t  1.364156e+07 2.132443e+07 2.592115e+06 2.168825e+07 1.073913e+07
3t  2.325588e+06 2.952274e+06 9.274507e+05 3.700780e+06 2.634165e+06
4t  1.137399e+05 1.184853e+05 1.485875e+05 1.275233e+05 1.317846e+05
5t  1.232720e+01 1.078582e+01 3.709316e+01 9.607410e+00 1.160619e+01
6t  5.639129e+02 6.254886e+02 3.380961e+00 6.466754e+02 3.371655e+02
7t  5.492496e+03 4.732104e+03 4.516809e+04 3.961241e+03 3.043771e+03
8t  6.193928e+00 6.702851e+00 1.823716e+02 7.350058e+00 7.061543e+00
9t  2.694435e+02 2.232202e+02 3.308948e+02 2.345980e+02 2.670360e+02
10t 2.813054e+01 3.210768e+01 1.949059e+01 3.315589e+01 3.344041e+01
11t 2.914824e+02 2.632557e+02 4.419466e+02 1.787084e+02 2.043326e+02
12t 2.492448e+03 2.705067e+02 1.170737e+04 2.582449e+02 7.926314e+02
13t 1.495300e+00 1.706146e+00 1.996095e+01 1.769935e+00 1.788864e+00
14t 2.105205e+01 2.110771e+01 2.115294e+01 2.104681e+01 2.106659e+01
15t 2.197901e+02 2.697942e+02 1.081908e+02 3.406856e+02 3.015388e+02
16t 1.080420e+02 1.036634e+02 1.029196e+02 4.822940e+01 4.887652e+01
17t 2.976396e-01 7.047619e-01 4.159361e+02 1.089377e+00 1.067249e-01
18t 9.851230e-01 9.858456e-01 6.826656e-01 1.023126e+00 1.001331e+00
19t 5.084896e+02 4.310843e+02 4.674664e+03 4.263047e+02 4.077110e+02
20t 2.932438e+02 2.597653e+02 9.048271e+02 1.776694e+02 3.010231e+02
21t 2.853988e+04 2.648108e+04 3.838988e+04 2.659341e+04 2.819388e+04
22t 2.846884e+04 2.842864e+04 3.860139e+04 2.909527e+04 2.895440e+04
23t 5.129274e+01 4.870173e+01 7.704661e+01 4.216798e+01 4.937167e+01
24t 7.569696e-01 7.656251e-01 6.305087e+00 8.506639e-01 7.825714e-01
25t 4.317341e-01 4.736954e-01 6.136919e-01 5.548189e-01 4.839804e-01
26t 3.628972e-01 3.490655e-01 2.726065e-01 3.659413e-01 3.592593e-01
27t 6.504967e+01 5.616270e+01 5.060986e+01 6.349667e+01 7.620475e+01
28t 2.231409e+02 2.844655e+02 1.493558e+02 2.709907e+02 3.036897e+02
29t 3.113333e+02 2.659445e+02 4.832749e+02 2.811880e+02 2.777845e+02
30t 1.054191e+01 1.108381e+01 3.286413e+02 1.291067e+01 1.339707e+01
31t 1.625636e+02 1.474808e+02 1.101459e+02 1.441364e+02 1.660463e+02
32t 3.263846e+02 3.574266e+02 4.109852e+02 3.217195e+02 3.254995e+02
33t 1.051847e+02 1.094690e+02 1.802724e+02 1.005985e+02 1.064872e+02
34t 2.598141e+01 2.883847e+01 3.025015e+01 2.753912e+01 2.697608e+01
35t 1.269757e+04 1.251491e+04 1.828088e+04 1.252521e+04 1.253570e+04
36t 1.327495e+05 2.423194e+05 1.073952e+05 2.075688e+05 2.237153e+05
37t 5.605937e+01 6.000516e+01 5.408159e+01 5.983783e+01 5.825303e+01
38t 2.095465e+05 3.537824e+05 2.134384e+05 2.373934e+05 2.687735e+05
39t 6.283457e+00 6.037161e+00 5.343858e+00 6.314738e+00 5.789006e+00
40t 4.537488e+01 4.371544e+01 6.259800e+02 3.292111e+01 2.666812e+01
41t 4.491198e+02 4.009525e+02 1.072552e+03 4.510803e+02 3.957872e+02
42t 2.960425e+02 3.455989e+02 4.892210e+02 2.882436e+02 2.708530e+02
43t 3.385949e+02 3.218747e+02 6.442877e+02 3.495103e+02 3.252738e+02
44t 9.258845e+02 9.291695e+02 9.248477e+02 9.212265e+02 9.290302e+02
45t 9.335924e+02 9.255055e+02 9.254173e+02 9.292483e+02 9.281352e+02
46t 9.314778e+02 9.220986e+02 9.241490e+02 9.277939e+02 9.290939e+02
47t 1.030734e+03 5.574454e+02 1.243508e+03 1.023249e+03 1.021209e+03
48t 9.441858e+02 9.205633e+02 1.277666e+03 9.224846e+02 9.237875e+02
49t 1.027390e+03 1.021545e+03 1.246833e+03 1.019422e+03 1.022064e+03
50t 9.701081e+02 9.329861e+02 1.323350e+03 9.547764e+02 9.417627e+02
              26           27           28           29           30
1t  1.064790e+00 1.298704e+00 1.198016e+00 1.166906e+00 1.934627e+00
2t  5.042420e+06 1.735472e+07 9.258370e+06 1.202718e+07 6.866778e+06
3t  1.816328e+06 2.668252e+06 2.330414e+06 2.222090e+06 3.190868e+06
4t  1.223896e+05 8.918621e+04 9.459564e+04 1.277130e+05 9.760213e+04
5t  5.369568e+01 1.136936e+01 1.235025e+01 3.407914e+01 4.677363e+00
6t  8.121743e+01 1.530864e+02 1.097141e+02 8.025237e+02 1.765297e+02
7t  8.595247e+03 2.500610e+03 4.337871e+03 5.804496e+03 2.645912e+03
8t  5.581624e+00 6.605873e+00 6.078451e+00 5.534394e+00 7.617317e+00
9t  3.891763e+02 2.319199e+02 2.833867e+02 2.788974e+02 2.393114e+02
10t 2.578328e+01 3.171919e+01 2.919350e+01 2.597295e+01 3.241152e+01
11t 3.741258e+02 2.645225e+02 2.814598e+02 2.875921e+02 1.648525e+02
12t 2.554039e+04 2.572897e+02 2.101970e+02 3.212264e+03 2.149219e+02
13t 2.045753e+01 1.602919e+00 1.543456e+00 1.385665e+00 1.840484e+00
14t 2.113314e+01 2.112883e+01 2.111203e+01 2.099513e+01 2.115987e+01
15t 1.682687e+02 3.657052e+02 2.180279e+02 1.886823e+02 2.642378e+02
16t 4.926831e+01 4.572512e+01 4.926799e+01 4.945320e+01 4.826314e+01
17t 4.765317e+02 1.935527e-01 5.961695e-02 4.280982e-01 9.607760e-02
18t 9.021522e-01 9.640640e-01 9.860604e-01 9.050842e-01 1.005407e+00
19t 1.446058e+03 4.325677e+02 4.809182e+02 5.291985e+02 4.114518e+02
20t 7.100040e+02 2.675434e+02 3.036341e+02 3.146530e+02 2.505013e+02
21t 3.512739e+04 2.787033e+04 2.784250e+04 2.759443e+04 2.775335e+04
22t 3.585383e+04 2.876719e+04 2.816606e+04 2.829392e+04 2.930173e+04
23t 6.204399e+01 4.564453e+01 5.148086e+01 5.184715e+01 3.522472e+01
24t 3.402630e+00 9.684329e-01 6.307284e-01 7.275655e-01 5.207921e-01
25t 5.770365e-01 5.942449e-01 6.892975e-01 5.029676e-01 3.820418e-01
26t 2.596075e-01 3.097521e-01 3.300631e-01 6.957108e-01 2.889746e-01
27t 4.813998e+01 6.969219e+01 7.340008e+01 8.366784e+01 8.528091e+01
28t 1.659239e+02 2.564331e+02 2.574918e+02 2.027770e+02 2.810030e+02
29t 4.247152e+02 2.623077e+02 2.948944e+02 3.018127e+02 2.801485e+02
30t 1.426052e+01 1.130284e+01 1.232453e+01 1.178299e+01 1.305581e+01
31t 1.169748e+02 2.009209e+02 1.755822e+02 1.382162e+02 2.004741e+02
32t 3.984322e+02 3.501979e+02 3.031847e+02 2.942524e+02 3.493015e+02
33t 1.328990e+02 1.122085e+02 1.072317e+02 1.116207e+02 1.147040e+02
34t 2.702335e+01 2.481526e+01 2.684973e+01 2.275209e+01 2.639652e+01
35t 1.392555e+04 1.253275e+04 1.271628e+04 1.261848e+04 1.253962e+04
36t 1.530811e+05 1.758901e+05 2.071963e+05 1.675924e+05 1.879123e+05
37t 6.666779e+01 5.810101e+01 6.080428e+01 5.883828e+01 5.883412e+01
38t 1.810234e+05 2.770114e+05 2.507690e+05 1.813528e+05 2.804767e+05
39t 5.440442e+00 6.657838e+00 5.477873e+00 6.749634e+00 5.927777e+00
40t 6.971826e+02 3.282050e+01 3.630776e+01 6.393250e+01 1.823397e+01
41t 4.490645e+02 4.503958e+02 4.012037e+02 3.863574e+02 4.516376e+02
42t 4.284623e+02 3.025576e+02 3.380538e+02 3.827123e+02 3.280610e+02
43t 3.767894e+02 3.709908e+02 3.343864e+02 4.658840e+02 3.106375e+02
44t 9.506381e+02 9.292141e+02 9.229330e+02 9.353409e+02 9.357622e+02
45t 9.432721e+02 9.266011e+02 9.248299e+02 9.325778e+02 9.239104e+02
46t 9.434488e+02 9.301790e+02 9.320686e+02 9.272891e+02 9.219632e+02
47t 5.449864e+02 1.020870e+03 1.030687e+03 5.387414e+02 1.022360e+03
48t 1.215782e+03 9.571615e+02 9.404620e+02 9.395796e+02 9.439254e+02
49t 1.204121e+03 1.024150e+03 5.622359e+02 5.582536e+02 9.281913e+02
50t 1.254039e+03 9.236557e+02 9.424494e+02 1.125092e+03 9.407223e+02
              31           32           33           34           35
1t  1.346017e+00 9.438222e-01 9.413840e-01 1.180061e+00 8.166781e-01
2t  8.351286e+06 3.285958e+06 7.608288e+06 3.609715e+06 3.404296e+06
3t  2.136772e+06 1.458495e+06 1.541917e+06 1.830411e+06 1.328220e+06
4t  1.043333e+05 7.776033e+04 1.182949e+05 4.216155e+04 1.215689e+05
5t  4.020621e+01 9.501874e+00 2.648963e+01 4.734690e+00 5.374565e+01
6t  2.113176e+02 2.964967e+00 1.220763e+02 3.969400e+00 2.893112e+01
7t  4.145614e+03 5.197339e+03 5.075797e+03 1.395232e+04 9.836034e+03
8t  5.701549e+00 5.184648e+00 5.235657e+00 6.153381e+00 5.042619e+00
9t  2.811800e+02 3.222548e+02 2.827913e+02 3.441312e+02 3.821793e+02
10t 2.898362e+01 2.424021e+01 2.594546e+01 2.634761e+01 2.391595e+01
11t 2.931513e+02 3.316423e+02 2.987489e+02 3.337716e+02 3.915753e+02
12t 2.863778e+02 4.937387e+03 1.363227e+04 1.523202e+02 2.388920e+04
13t 1.336944e+00 2.022196e+01 1.981174e+01 1.932184e+01 2.060323e+01
14t 2.106335e+01 2.093411e+01 2.084601e+01 2.094865e+01 2.113880e+01
15t 5.962454e+02 1.061939e+03 1.579145e+02 1.594506e+02 1.344756e+02
16t 4.790892e+01 1.028639e+02 4.793057e+01 4.915788e+01 4.925682e+01
17t 1.048752e+00 2.346168e-01 1.371548e+00 1.692404e-01 4.223972e+02
18t 9.486813e-01 8.455341e-01 8.896719e-01 9.370794e-01 8.271096e-01
19t 5.192933e+02 5.953409e+02 6.670064e+02 4.746634e+02 1.975111e+03
20t 3.356355e+02 5.199995e+02 3.898868e+02 4.835470e+02 6.978446e+02
21t 2.682422e+04 2.820374e+04 2.810300e+04 2.906514e+04 3.628270e+04
22t 2.741938e+04 2.901504e+04 2.811733e+04 2.994135e+04 3.558940e+04
23t 5.227826e+01 6.962345e+01 5.837515e+01 5.941841e+01 6.900746e+01
24t 9.804271e-01 9.866588e-01 6.095306e-01 9.631234e-01 3.913174e+00
25t 4.906843e-01 8.922747e-01 6.405800e-01 1.041041e+00 5.407671e-01
26t 2.425663e-01 4.023865e-01 3.204292e-01 2.771067e-01 2.691332e-01
27t 8.524541e+01 9.928327e+01 8.548805e+01 1.134966e+02 3.744745e+01
28t 2.653253e+02 2.098445e+02 1.966640e+02 2.704284e+02 1.507733e+02
29t 3.001641e+02 3.366273e+02 3.482724e+02 3.807777e+02 4.655659e+02
30t 1.088721e+01 8.460304e+00 9.360057e+00 2.021018e+01 1.376413e+01
31t 2.016546e+02 2.056672e+02 1.830782e+02 2.945810e+02 1.096392e+02
32t 4.260024e+02 4.840941e+02 3.691767e+02 4.013497e+02 4.052780e+02
33t 1.110578e+02 1.465578e+02 1.200388e+02 1.342843e+02 1.429783e+02
34t 2.526183e+01 3.152375e+01 2.620178e+01 3.024538e+01 2.588270e+01
35t 1.304558e+04 1.318983e+04 1.308196e+04 1.323883e+04 1.445102e+04
36t 1.734327e+05 2.011563e+05 1.610798e+05 2.226669e+05 1.093900e+05
37t 5.975021e+01 5.902784e+01 5.639988e+01 5.774564e+01 6.100768e+01
38t 1.779602e+05 2.586733e+05 1.940839e+05 3.000287e+05 1.469522e+05
39t 5.256959e+00 6.567614e+00 4.782090e+00 6.247828e+00 5.272461e+00
40t 6.490820e+01 5.277214e+01 1.308998e+02 3.368368e+01 9.385995e+02
41t 3.785092e+02 7.388050e+02 5.724386e+02 5.499552e+02 5.488367e+02
42t 3.153500e+02 5.249787e+02 4.273765e+02 3.036839e+02 3.738983e+02
43t 3.063352e+02 4.557572e+02 3.415592e+02 5.160498e+02 4.392071e+02
44t 9.283533e+02 9.328311e+02 9.375249e+02 9.294145e+02 9.319195e+02
45t 9.325212e+02 9.289748e+02 9.273722e+02 9.356523e+02 9.282615e+02
46t 9.287024e+02 9.347041e+02 9.443994e+02 9.388579e+02 9.349602e+02
47t 5.342546e+02 5.345692e+02 5.321502e+02 1.195156e+03 1.204273e+03
48t 1.012547e+03 1.043443e+03 1.005631e+03 1.101870e+03 1.244467e+03
49t 1.027609e+03 5.449421e+02 5.536498e+02 5.596075e+02 1.208914e+03
50t 1.043993e+03 1.000019e+03 1.201476e+03 1.166091e+03 1.262881e+03
              36           37           38           39           40
1t  1.534197e+00 1.069052e+00 1.276752e+00 7.838303e-01 6.248969e-01
2t  2.255224e+07 9.768508e+06 1.833687e+07 4.374993e+06 2.544214e+06
3t  2.806954e+06 1.692642e+06 2.729901e+06 1.156971e+06 8.189796e+05
4t  1.185837e+05 1.056035e+05 1.352391e+05 1.115526e+05 1.722488e+05
5t  1.259654e+01 2.753748e+01 8.277374e+00 3.963503e+01 4.193151e+01
6t  5.023897e+02 2.965172e+02 2.534357e+02 8.376994e+00 3.960470e+00
7t  5.572284e+03 6.325105e+03 3.589193e+03 2.473356e+04 3.824344e+04
8t  6.569460e+00 5.670121e+00 6.753866e+00 5.019049e+00 4.525585e+00
9t  2.709728e+02 2.349374e+02 2.309961e+02 3.034204e+02 3.355975e+02
10t 3.214227e+01 2.707814e+01 3.100716e+01 2.656580e+01 2.002820e+01
11t 2.562514e+02 2.519637e+02 2.723199e+02 3.240872e+02 4.300013e+02
12t 3.553016e+02 4.546919e+02 2.927381e+02 1.556004e+04 1.314778e+04
13t 1.542812e+00 1.349544e+00 1.619277e+00 2.010234e+01 1.989985e+01
14t 2.105020e+01 2.106417e+01 2.085140e+01 2.086205e+01 2.094045e+01
15t 2.449611e+02 1.962249e+02 2.131382e+02 1.432064e+02 1.030318e+02
16t 4.842885e+01 4.858045e+01 4.796348e+01 4.926180e+01 4.920605e+01
17t 6.061914e-01 7.891759e-01 1.027675e-01 6.158779e+01 3.754537e+02
18t 9.834266e-01 9.236808e-01 9.779961e-01 8.451904e-01 6.302376e-01
19t 4.469251e+02 4.873179e+02 3.921220e+02 1.308118e+03 5.570800e+03
20t 2.543559e+02 3.771666e+02 2.781259e+02 3.537201e+02 9.221323e+02
21t 2.798525e+04 2.787912e+04 2.749472e+04 3.014188e+04 2.851095e+04
22t 2.835366e+04 2.704188e+04 2.886718e+04 2.903170e+04 3.686098e+04
23t 5.157920e+01 5.262426e+01 4.927034e+01 6.103164e+01 8.673695e+01
24t 7.837878e-01 7.192785e-01 8.848494e-01 6.158535e-01 4.019943e+00
25t 5.433327e-01 7.184178e-01 6.045248e-01 7.764532e-01 5.313808e-01
26t 3.343947e-01 3.380398e-01 3.643917e-01 6.705285e-01 2.919388e-01
27t 6.906399e+01 6.194565e+01 8.534457e+01 1.255136e+02 5.346797e+01
28t 2.628380e+02 2.058129e+02 2.537851e+02 2.108980e+02 1.341813e+02
29t 3.037855e+02 3.425453e+02 2.434854e+02 2.926323e+02 4.450693e+02
30t 1.208884e+01 1.078399e+01 1.289200e+01 2.744418e+01 1.106426e+01
31t 1.517231e+02 1.840348e+02 1.631307e+02 2.708984e+02 9.619936e+01
32t 3.480078e+02 3.013816e+02 3.561604e+02 3.402575e+02 3.812714e+02
33t 1.118198e+02 1.138246e+02 9.497837e+01 1.381442e+02 1.756768e+02
34t 2.737922e+01 2.261058e+01 2.751963e+01 3.078992e+01 2.830025e+01
35t 1.268952e+04 1.257832e+04 1.255265e+04 1.540941e+04 1.875597e+04
36t 1.813567e+05 1.378160e+05 2.055052e+05 1.772830e+05 1.155714e+05
37t 6.059735e+01 5.989605e+01 5.947435e+01 5.314608e+01 6.025336e+01
38t 1.951309e+05 2.210232e+05 2.743428e+05 2.897159e+05 1.802923e+05
39t 6.726850e+00 6.183263e+00 5.360125e+00 7.172775e+00 4.696621e+00
40t 2.849390e+01 5.910175e+01 2.922463e+01 2.946909e+02 8.834513e+02
41t 4.013108e+02 3.595256e+02 4.315383e+02 6.536923e+02 1.128286e+03
42t 3.122557e+02 3.776653e+02 3.329462e+02 4.270505e+02 4.648062e+02
43t 3.653363e+02 4.587248e+02 3.190462e+02 4.307717e+02 5.233349e+02
44t 9.286957e+02 9.299976e+02 9.268316e+02 9.364806e+02 9.243802e+02
45t 9.252791e+02 9.292723e+02 9.290345e+02 1.152100e+03 9.242581e+02
46t 9.209321e+02 9.326197e+02 9.294890e+02 1.035976e+03 9.241341e+02
47t 1.021932e+03 5.368343e+02 1.025453e+03 5.260154e+02 1.215358e+03
48t 9.392171e+02 9.973765e+02 9.853496e+02 1.181414e+03 1.434897e+03
49t 1.021129e+03 5.614500e+02 1.021198e+03 1.211615e+03 1.324969e+03
50t 1.056001e+03 1.035342e+03 9.161700e+02 1.304254e+03 1.340503e+03
              41           42           43           44           45
1t  1.387124e+00 1.889400e+00 8.061626e-01 1.518029e+00 1.659571e+00
2t  6.881545e+06 1.416899e+07 1.984233e+06 8.840688e+06 8.552242e+06
3t  1.881385e+06 3.226123e+06 1.101341e+06 2.511834e+06 2.843404e+06
4t  1.281828e+05 1.219543e+05 5.027948e+04 1.021200e+05 9.344782e+04
5t  1.980159e+01 1.130275e+01 1.365204e+01 5.363822e+01 1.272786e+01
6t  3.289057e+01 7.739502e+02 3.538347e+00 3.371009e+02 2.320923e+02
7t  5.858359e+03 4.378227e+03 1.520676e+05 6.692984e+03 3.615023e+03
8t  6.505392e+00 7.304130e+00 5.486226e+00 6.333424e+00 6.829386e+00
9t  3.270373e+02 1.724242e+02 3.888409e+02 3.050383e+02 2.599974e+02
10t 2.995337e+01 3.109753e+01 2.038547e+01 3.107130e+01 3.144012e+01
11t 2.969997e+02 2.609317e+02 3.604501e+02 3.132050e+02 2.396752e+02
12t 6.930823e+03 3.118974e+02 1.454342e+02 1.454368e+04 2.485384e+02
13t 2.006908e+01 1.889507e+00 2.031995e+01 1.614066e+00 1.731125e+00
14t 2.118773e+01 2.097818e+01 2.089680e+01 2.100572e+01 2.104750e+01
15t 1.732281e+02 5.392682e+02 2.318711e+02 2.226683e+02 2.428788e+02
16t 4.800337e+01 4.990690e+01 4.898347e+01 5.251124e+01 4.816178e+01
17t 4.854338e+00 1.071649e+00 2.310738e-02 5.288749e+00 2.737900e-01
18t 9.374832e-01 1.035521e+00 8.171484e-01 9.868245e-01 9.981505e-01
19t 4.875833e+02 4.430792e+02 1.970184e+03 4.496821e+02 4.722109e+02
20t 4.431200e+02 2.488571e+02 6.562488e+02 3.413898e+02 2.799574e+02
21t 2.810364e+04 2.698421e+04 3.172084e+04 2.718948e+04 2.672320e+04
22t 2.900287e+04 2.845704e+04 3.862508e+04 2.869986e+04 2.903104e+04
23t 4.634293e+01 4.400136e+01 7.554104e+01 5.171157e+01 3.671988e+01
24t 1.092878e+00 8.657103e-01 1.317981e+00 8.064768e-01 7.972925e-01
25t 7.766630e-01 6.311695e-01 6.355892e-01 7.099057e-01 5.873429e-01
26t 3.281495e-01 3.140329e-01 3.238523e-01 3.381157e-01 2.689126e-01
27t 1.034884e+02 6.036008e+01 9.207209e+01 8.491194e+01 9.758620e+01
28t 2.940506e+02 2.557440e+02 1.990165e+02 2.741623e+02 2.470367e+02
29t 3.988235e+02 3.104215e+02 5.851545e+02 3.368054e+02 3.162254e+02
30t 1.258525e+01 1.261068e+01 1.308847e+01 1.452769e+01 1.217682e+01
31t 2.025153e+02 1.376668e+02 1.669466e+02 1.309054e+02 1.749664e+02
32t 6.234957e+02 3.299901e+02 3.046702e+02 3.925718e+02 3.229415e+02
33t 1.230836e+02 1.043632e+02 1.596211e+02 1.234114e+02 1.070536e+02
34t 3.104471e+01 2.723858e+01 3.051941e+01 2.597383e+01 2.689672e+01
35t 1.298245e+04 1.240134e+04 1.431981e+04 1.269306e+04 1.252694e+04
36t 1.995039e+05 2.129129e+05 1.398843e+05 1.662173e+05 1.847994e+05
37t 5.953860e+01 5.930667e+01 6.632170e+01 5.501435e+01 5.927667e+01
38t 2.627973e+05 2.946142e+05 4.686983e+05 1.705489e+05 2.366309e+05
39t 5.939240e+00 6.043643e+00 7.253404e+00 6.605511e+00 6.209952e+00
40t 6.603171e+01 3.108810e+01 9.654434e+01 5.148431e+01 1.942999e+01
41t 4.494297e+02 4.499933e+02 7.309042e+02 3.834700e+02 4.887113e+02
42t 3.652774e+02 3.122196e+02 4.483631e+02 2.808771e+02 3.275292e+02
43t 3.641648e+02 3.239258e+02 4.634052e+02 3.555025e+02 3.860181e+02
44t 9.317068e+02 9.298113e+02 1.017520e+03 9.252976e+02 9.259327e+02
45t 9.482422e+02 9.288148e+02 9.996330e+02 9.352148e+02 9.253431e+02
46t 9.371326e+02 9.334763e+02 9.370856e+02 9.686751e+02 9.301490e+02
47t 5.477335e+02 1.028059e+03 1.195140e+03 1.027597e+03 9.211475e+02
48t 1.017975e+03 9.094229e+02 1.234450e+03 9.838786e+02 9.365862e+02
49t 5.668964e+02 1.023239e+03 1.204278e+03 5.701966e+02 5.824846e+02
50t 1.147948e+03 9.516279e+02 1.330788e+03 1.024328e+03 1.139655e+03
              46           47           48           49           50
1t  1.343160e+00 3.345910e+00 8.485066e-01 2.031893e+00 1.889472e+00
2t  7.888105e+06 3.244610e+07 6.394404e+06 5.488465e+06 1.369231e+07
3t  2.375137e+06 7.085306e+06 1.295136e+06 2.990049e+06 4.249551e+06
4t  1.490929e+05 9.999660e+04 1.344164e+05 1.089450e+05 1.106930e+05
5t  5.800881e+01 5.384340e+00 5.479215e+01 7.607974e+00 2.652902e+00
6t  3.836480e+02 7.372410e+02 2.780294e+02 3.423869e+01 1.733190e+02
7t  8.011961e+03 3.801526e+03 6.928725e+03 3.679735e+03 4.449129e+03
8t  6.594763e+00 9.286887e+00 4.990246e+00 7.718625e+00 8.605539e+00
9t  3.372098e+02 1.086988e+02 3.054519e+02 2.762075e+02 2.396512e+02
10t 3.028093e+01 3.508925e+01 2.364034e+01 3.306170e+01 3.680611e+01
11t 3.510188e+02 1.898338e+02 3.067588e+02 2.712598e+02 1.845403e+02
12t 2.850017e+04 2.462022e+02 1.701439e+04 1.789286e+02 2.561631e+02
13t 1.963205e+01 2.209577e+00 1.995884e+01 1.902512e+00 2.097008e+00
14t 2.116622e+01 2.107703e+01 2.097949e+01 2.116839e+01 2.110083e+01
15t 2.046521e+02 7.142167e+02 1.596365e+02 2.479302e+02 3.642171e+02
16t 4.924364e+01 4.870363e+01 4.936923e+01 4.758291e+01 4.785224e+01
17t 1.044338e+02 1.492700e+00 1.168840e+01 5.132973e-01 5.030620e-01
18t 9.539801e-01 1.053529e+00 8.450952e-01 1.004916e+00 1.033639e+00
19t 1.287321e+03 3.664770e+02 5.387945e+02 4.557083e+02 3.803053e+02
20t 5.832076e+02 1.686869e+02 3.599157e+02 3.698111e+02 1.432525e+02
21t 3.439661e+04 2.781711e+04 2.833291e+04 2.742754e+04 2.706505e+04
22t 3.489337e+04 2.892287e+04 2.859614e+04 2.907439e+04 2.824770e+04
23t 5.666368e+01 3.971167e+01 5.444306e+01 4.220504e+01 4.324478e+01
24t 3.515062e+00 7.207300e-01 8.563591e-01 8.501210e-01 6.210816e-01
25t 5.526922e-01 4.386106e-01 6.393628e-01 8.196319e-01 5.042376e-01
26t 3.052284e-01 3.669909e-01 3.538065e-01 3.799479e-01 3.333482e-01
27t 4.796883e+01 7.386823e+01 9.303902e+01 1.034178e+02 8.760311e+01
28t 1.761795e+02 3.549793e+02 1.824101e+02 3.301539e+02 3.162964e+02
29t 4.151960e+02 2.787736e+02 3.386836e+02 2.840939e+02 2.631539e+02
30t 1.521828e+01 1.596044e+01 8.568471e+00 1.323658e+01 1.335209e+01
31t 1.232119e+02 1.951033e+02 1.759634e+02 1.865984e+02 1.677320e+02
32t 4.014144e+02 4.003374e+02 3.159396e+02 3.854011e+02 3.270857e+02
33t 1.324566e+02 9.446039e+01 1.195009e+02 1.182084e+02 9.969226e+01
34t 2.708834e+01 3.004615e+01 2.223744e+01 2.780690e+01 3.218716e+01
35t 1.366471e+04 1.241187e+04 1.290907e+04 1.261997e+04 1.256072e+04
36t 2.345167e+05 3.017957e+05 1.608631e+05 2.308994e+05 3.576291e+05
37t 6.485734e+01 5.866091e+01 6.057886e+01 5.982236e+01 6.181227e+01
38t 1.959670e+05 3.249421e+05 1.657478e+05 3.925511e+05 3.378168e+05
39t 5.788498e+00 8.231664e+00 7.503616e+00 5.871343e+00 6.330024e+00
40t 4.470734e+02 2.055171e+01 1.009562e+02 3.450519e+01 1.618506e+01
41t 4.513259e+02 4.499520e+02 5.444989e+02 4.710959e+02 4.295446e+02
42t 3.685788e+02 3.869139e+02 4.275461e+02 3.257925e+02 3.220732e+02
43t 4.153517e+02 3.325895e+02 4.680947e+02 2.969806e+02 3.388616e+02
44t 9.623689e+02 9.240527e+02 9.305742e+02 9.299524e+02 9.218112e+02
45t 9.649873e+02 9.284135e+02 1.000374e+03 9.244404e+02 9.283795e+02
46t 9.623274e+02 9.218909e+02 9.258965e+02 9.269435e+02 9.233927e+02
47t 5.492768e+02 1.021609e+03 5.270909e+02 9.177354e+02 1.022225e+03
48t 1.160650e+03 9.154690e+02 1.047195e+03 9.749356e+02 9.232996e+02
49t 5.903100e+02 1.020691e+03 9.031336e+02 1.015516e+03 1.021995e+03
50t 1.251169e+03 8.945674e+02 1.226190e+03 9.204285e+02 9.153365e+02
              51           52           53           54           55
1t  1.404800e+00 1.025401e+00 8.953835e-01 1.799097e+00 8.346840e-01
2t  5.526734e+06 1.067194e+07 5.486639e+06 5.644634e+06 3.115055e+06
3t  2.369117e+06 1.791117e+06 1.607173e+06 2.437864e+06 1.115617e+06
4t  9.309016e+04 1.330860e+05 1.255838e+05 1.206811e+05 1.709125e+05
5t  2.104927e+01 2.207470e+01 2.164451e+01 3.856055e+01 5.134217e+01
6t  1.188055e+02 1.433451e+02 1.122677e+01 1.422169e+02 1.315692e+01
7t  4.840954e+03 5.169801e+03 7.408602e+03 6.084740e+03 2.173725e+04
8t  6.108895e+00 5.349860e+00 5.561635e+00 7.232023e+00 1.261343e+02
9t  2.830938e+02 2.835558e+02 3.322034e+02 3.026167e+02 4.180615e+02
10t 3.032370e+01 2.783535e+01 2.502674e+01 3.108570e+01 2.435559e+01
11t 2.589452e+02 2.665104e+02 3.058449e+02 2.897725e+02 3.979128e+02
12t 1.812622e+03 7.116675e+03 1.090042e+04 5.357332e+03 2.112065e+04
13t 1.585917e+00 1.251320e+00 2.020062e+01 1.754112e+00 2.063983e+01
14t 2.102924e+01 2.106996e+01 2.085861e+01 2.112919e+01 2.117176e+01
15t 2.039520e+02 1.663509e+02 1.321579e+02 4.080091e+02 2.668680e+02
16t 4.742534e+01 1.074848e+02 4.802068e+01 4.930206e+01 4.923571e+01
17t 1.192110e-01 7.263757e-02 1.693173e+00 5.130782e-02 5.917306e+02
18t 9.105464e-01 8.930321e-01 9.076641e-01 9.904946e-01 7.952944e-01
19t 4.962313e+02 5.485732e+02 6.130982e+02 5.787486e+02 2.533884e+03
20t 3.594838e+02 3.632973e+02 4.467028e+02 3.919907e+02 7.738382e+02
21t 2.742102e+04 2.833024e+04 2.794970e+04 3.221300e+04 3.582821e+04
22t 2.861361e+04 2.724990e+04 2.853870e+04 3.426645e+04 3.625410e+04
23t 4.760444e+01 4.666909e+01 5.716058e+01 4.958316e+01 7.542580e+01
24t 7.071801e-01 6.659882e-01 6.708705e-01 3.366428e+00 2.859983e+00
25t 4.594136e-01 4.828434e-01 8.621675e-01 5.379440e-01 5.776008e-01
26t 3.386276e-01 3.222111e-01 3.131522e-01 3.440294e-01 3.060467e-01
27t 7.776865e+01 9.703094e+01 1.062749e+02 4.696284e+01 5.771244e+01
28t 2.455129e+02 1.972932e+02 2.361494e+02 2.485000e+02 1.466080e+02
29t 3.161830e+02 3.539291e+02 3.839353e+02 3.725753e+02 4.766315e+02
30t 1.283286e+01 1.095070e+01 1.268392e+01 1.274479e+01 2.251992e+01
31t 1.784498e+02 2.022509e+02 2.844074e+02 1.356891e+02 1.223223e+02
32t 3.125079e+02 3.221343e+02 3.986655e+02 3.379048e+02 3.724928e+02
33t 1.095712e+02 1.102974e+02 1.158789e+02 1.116060e+02 1.405543e+02
34t 2.538200e+01 2.429272e+01 3.225086e+01 2.815922e+01 2.907825e+01
35t 1.260743e+04 1.248083e+04 1.359577e+04 1.274691e+04 1.458115e+04
36t 1.616702e+05 1.639076e+05 1.904285e+05 2.665853e+05 1.171183e+05
37t 5.722561e+01 5.798107e+01 5.615971e+01 6.061657e+01 6.519769e+01
38t 3.309282e+05 1.927190e+05 1.494182e+05 1.357267e+05 1.649128e+05
39t 6.038337e+00 6.787410e+00 5.720228e+00 5.650325e+00 6.865710e+00
40t 5.139715e+01 5.234909e+01 9.715776e+01 7.380108e+01 9.150313e+02
41t 4.326567e+02 3.804469e+02 7.264753e+02 5.224558e+02 8.911641e+02
42t 3.133566e+02 4.186068e+02 4.346693e+02 3.491231e+02 4.040521e+02
43t 3.632778e+02 4.030652e+02 4.312448e+02 3.566145e+02 4.943601e+02
44t 9.220228e+02 9.259722e+02 9.330511e+02 9.343096e+02 9.273027e+02
45t 9.241154e+02 9.365932e+02 9.353334e+02 9.272082e+02 9.321571e+02
46t 9.277349e+02 9.298671e+02 9.278067e+02 9.676487e+02 9.271703e+02
47t 1.026505e+03 5.378414e+02 1.039651e+03 5.590582e+02 1.209513e+03
48t 9.346184e+02 9.529624e+02 1.032928e+03 9.880402e+02 1.365688e+03
49t 5.695046e+02 5.571536e+02 5.556130e+02 5.724519e+02 1.209197e+03
50t 1.065114e+03 1.016634e+03 1.085193e+03 1.198144e+03 1.303960e+03
              56           57           58           59           60
1t  1.608741e+00 1.047277e+00 1.711552e+00 7.410534e-01 6.765191e-01
2t  7.380384e+06 4.758792e+06 9.166547e+06 2.391594e+06 2.667752e+06
3t  2.432449e+06 1.493722e+06 3.016386e+06 1.131433e+06 9.190766e+05
4t  1.091794e+05 1.235409e+05 7.954376e+04 1.013400e+05 1.506931e+05
5t  2.534224e+01 3.348962e+01 7.897887e+00 2.404214e+01 4.865488e+01
6t  3.743373e+02 1.290275e+02 1.341663e+02 1.818075e+00 8.110691e+00
7t  4.441185e+03 6.194545e+03 4.698192e+03 2.546728e+04 1.735008e+04
8t  6.153469e+00 5.293851e+00 7.466447e+00 4.896331e+00 1.053694e+02
9t  2.853142e+02 2.933316e+02 2.292366e+02 3.447579e+02 3.988826e+02
10t 2.892670e+01 2.501728e+01 3.495503e+01 2.177192e+01 2.246970e+01
11t 2.837936e+02 2.963068e+02 2.770059e+02 3.107277e+02 3.925095e+02
12t 6.254801e+03 1.040627e+04 3.600832e+02 7.720720e+03 1.928050e+04
13t 1.693223e+00 1.255167e+00 1.860308e+00 1.975643e+01 2.058454e+01
14t 2.106532e+01 2.100421e+01 2.099810e+01 2.111506e+01 2.113760e+01
15t 2.332885e+02 1.459299e+02 2.767710e+02 1.227606e+02 1.180366e+02
16t 4.892729e+01 4.808123e+01 4.921780e+01 4.708786e+01 4.922226e+01
17t 8.445169e-01 2.558650e+00 1.114026e-01 2.356589e-02 4.132081e+02
18t 9.886236e-01 8.720068e-01 1.002439e+00 7.981533e-01 7.856032e-01
19t 4.627203e+02 4.808906e+02 3.847194e+02 1.954136e+03 2.692144e+03
20t 3.260573e+02 3.275040e+02 2.812222e+02 5.269002e+02 7.680639e+02
21t 2.776442e+04 2.698499e+04 2.854804e+04 2.798605e+04 3.599891e+04
22t 2.759073e+04 2.802702e+04 2.916929e+04 3.014913e+04 3.511630e+04
23t 4.618510e+01 5.294396e+01 3.900509e+01 6.860794e+01 7.340182e+01
24t 8.325257e-01 9.882833e-01 7.535789e-01 4.209087e-01 3.199027e+00
25t 5.739203e-01 7.104253e-01 5.815114e-01 5.931560e-01 5.439674e-01
26t 3.523905e-01 8.048518e-01 3.402986e-01 3.612630e-01 2.799760e-01
27t 9.206449e+01 9.056955e+01 9.490255e+01 1.331184e+02 5.970966e+01
28t 2.720656e+02 1.816840e+02 2.439926e+02 2.546486e+02 1.470366e+02
29t 2.736075e+02 3.333399e+02 2.519467e+02 3.926484e+02 4.824761e+02
30t 1.204992e+01 1.082823e+01 1.397745e+01 1.968044e+01 4.309005e+02
31t 1.776801e+02 2.019621e+02 1.813156e+02 2.903021e+02 1.128045e+02
32t 3.461507e+02 3.335578e+02 3.367334e+02 4.765724e+02 3.724693e+02
33t 8.953126e+01 1.112587e+02 1.083455e+02 1.636129e+02 1.549785e+02
34t 2.469711e+01 2.363704e+01 3.123778e+01 3.444237e+01 2.864774e+01
35t 1.288370e+04 1.303578e+04 1.274093e+04 1.459057e+04 1.475614e+04
36t 1.718148e+05 1.637968e+05 2.520036e+05 1.461754e+05 1.121151e+05
37t 5.662849e+01 5.755527e+01 5.800263e+01 5.844517e+01 6.091493e+01
38t 2.853379e+05 2.950918e+05 2.957038e+05 1.996885e+05 1.555290e+05
39t 5.759797e+00 4.951559e+00 6.752833e+00 6.643017e+00 4.880201e+00
40t 4.818714e+01 8.485970e+01 3.099148e+01 1.125162e+02 9.199242e+02
41t 4.866754e+02 4.135092e+02 4.089257e+02 6.506871e+02 4.457263e+02
42t 2.953913e+02 3.110469e+02 2.666085e+02 5.653004e+02 4.594319e+02
43t 3.421927e+02 3.328020e+02 3.129056e+02 4.292764e+02 4.429767e+02
44t 9.262288e+02 9.340264e+02 9.273861e+02 1.048714e+03 9.289985e+02
45t 9.334820e+02 9.356751e+02 9.216943e+02 9.677968e+02 9.278022e+02
46t 9.650141e+02 9.339396e+02 9.349787e+02 1.019254e+03 9.273831e+02
47t 1.031191e+03 1.027406e+03 1.026640e+03 5.259181e+02 1.200502e+03
48t 9.354936e+02 1.021421e+03 9.340921e+02 1.405551e+03 1.396941e+03
49t 5.766361e+02 1.022117e+03 1.024374e+03 5.466928e+02 1.219702e+03
50t 9.830241e+02 1.065350e+03 9.332357e+02 1.254591e+03 1.276391e+03
              61           62           63           64           65
1t  8.823867e-01 1.194128e+00 1.144467e+00 1.349717e+00 1.672606e+00
2t  6.777119e+06 8.804497e+06 8.967049e+06 1.650930e+07 1.661102e+07
3t  1.536318e+06 2.174699e+06 1.727291e+06 2.304386e+06 2.370495e+06
4t  1.208337e+05 1.109924e+05 1.185955e+05 1.039806e+05 1.133518e+05
5t  5.234798e+01 1.697049e+01 3.677737e+01 3.993546e+01 8.032233e+00
6t  9.657988e+01 1.957482e+02 4.803445e+02 3.631173e+02 5.892849e+02
7t  1.316813e+04 4.209578e+03 7.619466e+03 1.255005e+04 3.407758e+03
8t  4.951381e+00 6.427033e+00 5.842127e+00 6.100819e+00 7.037414e+00
9t  3.248118e+02 2.891478e+02 2.834229e+02 2.911383e+02 2.144985e+02
10t 2.424177e+01 2.900720e+01 2.877288e+01 3.026815e+01 3.160034e+01
11t 3.181608e+02 2.725376e+02 2.751762e+02 3.110349e+02 2.443311e+02
12t 1.635707e+04 2.418263e+02 5.106237e+02 2.271079e+04 2.115648e+02
13t 1.977743e+01 1.623871e+00 1.331881e+00 1.985583e+01 1.706233e+00
14t 2.097742e+01 2.115359e+01 2.103077e+01 2.100857e+01 2.119749e+01
15t 1.690427e+02 2.040870e+02 1.668875e+02 3.105194e+05 2.574452e+02
16t 4.917429e+01 6.809344e+01 9.371713e+01 4.792656e+01 4.902356e+01
17t 3.903728e+01 4.395617e-01 7.394754e-01 4.516823e+00 5.850381e-01
18t 8.289334e-01 9.507580e-01 9.149175e-01 9.883917e-01 9.906047e-01
19t 6.108205e+02 3.651601e+02 4.360751e+02 5.390762e+02 4.183520e+02
20t 4.763390e+02 2.920057e+02 3.184772e+02 4.520125e+02 2.624399e+02
21t 2.775452e+04 2.791804e+04 2.713279e+04 2.791951e+04 2.602153e+04
22t 2.909068e+04 2.883098e+04 2.832548e+04 2.868160e+04 2.920948e+04
23t 5.784230e+01 4.078657e+01 4.526912e+01 5.540050e+01 4.273209e+01
24t 8.297856e-01 7.632448e-01 5.209760e-01 9.238382e-01 8.754731e-01
25t 8.713377e-01 6.003402e-01 5.398118e-01 5.876169e-01 5.932044e-01
26t 3.221638e-01 7.523781e-01 3.504489e-01 3.282359e-01 3.509721e-01
27t 9.869373e+01 8.085654e+01 6.792206e+01 1.083085e+02 5.570545e+01
28t 2.299192e+02 2.446956e+02 2.118691e+02 3.076914e+02 2.535858e+02
29t 4.143237e+02 3.445843e+02 2.906822e+02 2.866191e+02 2.968715e+02
30t 1.087848e+01 1.065128e+01 1.221886e+01 1.463720e+01 1.121054e+01
31t 2.005269e+02 1.622363e+02 1.622924e+02 2.096125e+02 1.622819e+02
32t 5.670713e+02 3.413286e+02 3.363046e+02 4.084010e+02 3.559171e+02
33t 1.427988e+02 1.093136e+02 1.106057e+02 9.719009e+01 1.101121e+02
34t 2.609032e+01 2.660116e+01 2.552210e+01 3.139282e+01 2.706397e+01
35t 1.317122e+04 1.263375e+04 1.295736e+04 1.263992e+04 1.255912e+04
36t 1.874394e+05 1.526505e+05 1.584964e+05 1.895340e+05 2.148365e+05
37t 5.845881e+01 5.620387e+01 5.865502e+01 5.359610e+01 6.209860e+01
38t 2.045388e+05 3.281547e+05 2.550775e+05 2.499442e+05 2.693506e+05
39t 7.695388e+00 5.348811e+00 5.778668e+00 6.432661e+00 5.722346e+00
40t 2.541475e+02 3.838572e+01 7.314972e+01 5.010424e+01 3.080979e+01
41t 5.480133e+02 4.506895e+02 4.105098e+02 3.907163e+02 3.961974e+02
42t 3.996837e+02 2.652395e+02 3.519907e+02 3.003527e+02 3.513363e+02
43t 4.418285e+02 3.552935e+02 3.981930e+02 3.943617e+02 3.679893e+02
44t 9.330687e+02 9.224430e+02 9.282551e+02 9.365763e+02 9.279578e+02
45t 9.319105e+02 9.364330e+02 9.390639e+02 9.306836e+02 9.285448e+02
46t 9.326008e+02 9.345618e+02 9.408230e+02 9.798408e+02 9.295488e+02
47t 5.306523e+02 5.524962e+02 5.333927e+02 5.470506e+02 1.021294e+03
48t 1.044241e+03 9.517785e+02 9.402154e+02 9.753009e+02 9.179711e+02
49t 1.197747e+03 1.022974e+03 1.198284e+03 9.251963e+02 1.021570e+03
50t 1.200719e+03 9.738241e+02 1.038042e+03 9.953343e+02 9.265629e+02
              66           67           68           69           70
1t  1.352626e+00 1.819145e+00 2.532666e+00 8.761824e-01 1.296694e+00
2t  1.277493e+07 2.865430e+07 1.146499e+07 3.399858e+06 7.735342e+06
3t  1.036749e+07 3.117865e+06 4.207209e+06 1.474145e+06 1.935165e+06
4t  1.275311e+05 1.098466e+05 1.330861e+05 1.115920e+05 1.153563e+05
5t  3.717545e+01 9.326263e+00 2.473041e+01 2.745150e+01 1.016921e+01
6t  5.073899e+02 1.805208e+02 2.537454e+02 5.650621e+00 2.243403e+02
7t  7.657525e+03 2.240371e+03 5.455974e+03 2.260752e+04 3.948787e+03
8t  6.181545e+00 7.364183e+00 8.795646e+00 4.540349e+00 5.996718e+00
9t  3.057697e+02 2.707380e+02 1.690067e+02 3.166464e+02 2.480507e+02
10t 3.057538e+01 2.928174e+01 3.747948e+01 2.151919e+01 2.972210e+01
11t 3.036825e+02 2.807022e+02 2.141893e+02 3.349909e+02 2.667019e+02
12t 1.520729e+04 2.013064e+02 2.535721e+03 1.479872e+04 4.853265e+02
13t 1.979135e+01 1.797148e+00 2.308545e+00 1.973214e+01 1.489822e+00
14t 2.110813e+01 2.104764e+01 2.116446e+01 2.090626e+01 2.109488e+01
15t 2.559361e+04 4.414343e+02 3.993360e+02 1.428924e+02 1.739206e+02
16t 9.995950e+01 4.927465e+01 4.923785e+01 4.761033e+01 4.937534e+01
17t 1.377113e+01 1.165015e+00 9.318548e-02 2.843026e+02 9.449453e-02
18t 9.497773e-01 1.001902e+00 1.034809e+00 8.574396e-01 9.421656e-01
19t 6.262018e+02 4.192157e+02 3.981763e+02 1.791302e+03 5.198647e+02
20t 3.831624e+02 2.746093e+02 2.876713e+02 3.978397e+02 2.727669e+02
21t 2.803284e+04 2.813231e+04 3.010636e+04 2.948869e+04 2.694502e+04
22t 2.868601e+04 2.937254e+04 3.443944e+04 2.996038e+04 2.818058e+04
23t 5.289331e+01 3.916246e+01 4.262447e+01 6.278546e+01 4.615185e+01
24t 7.507901e-01 9.005503e-01 3.427677e+00 9.833695e-01 8.649808e-01
25t 7.470527e-01 4.514298e-01 4.970498e-01 5.628017e-01 5.902207e-01
26t 8.080463e-01 3.328153e-01 3.051221e-01 3.814706e-01 3.576261e-01
27t 9.388762e+01 1.033411e+02 5.120183e+01 1.292208e+02 8.881637e+01
28t 6.102355e+02 2.593507e+02 3.575193e+02 2.488130e+02 2.315187e+02
29t 2.899114e+02 3.129023e+02 3.025308e+02 3.461096e+02 3.116816e+02
30t 1.353596e+01 1.243591e+01 1.535368e+01 2.087972e+01 1.103093e+01
31t 1.899461e+02 2.026946e+02 1.456935e+02 2.833778e+02 1.589283e+02
32t 3.349157e+02 3.682098e+02 2.942217e+02 3.401954e+02 3.411392e+02
33t 1.190867e+02 1.083900e+02 1.161531e+02 1.241367e+02 1.125436e+02
34t 2.762302e+01 2.522696e+01 3.276612e+01 2.836114e+01 2.688596e+01
35t 1.285168e+04 1.292065e+04 1.259973e+04 1.387853e+04 1.282360e+04
36t 2.088161e+05 2.431151e+05 4.430248e+05 1.783407e+05 1.936833e+05
37t 6.305720e+01 6.111581e+01 6.098712e+01 5.349736e+01 6.072907e+01
38t 3.149043e+05 3.610942e+05 2.126472e+05 2.152919e+05 2.452419e+05
39t 7.555378e+00 5.655787e+00 6.280386e+00 5.534935e+00 5.107938e+00
40t 1.446072e+02 2.875966e+01 2.546288e+01 1.301776e+02 5.365902e+01
41t 4.597940e+02 5.050743e+02 4.554512e+02 7.404197e+02 4.267584e+02
42t 4.225522e+02 3.005720e+02 3.680869e+02 4.400981e+02 3.313537e+02
43t 4.446529e+02 3.270445e+02 3.211436e+02 4.628365e+02 3.387135e+02
44t 9.433849e+02 9.210912e+02 9.313587e+02 9.407021e+02 9.310004e+02
45t 9.410316e+02 9.205180e+02 9.412747e+02 9.419885e+02 9.314764e+02
46t 9.408093e+02 9.298236e+02 9.281526e+02 1.063977e+03 9.369049e+02
47t 5.418713e+02 1.020654e+03 5.998519e+02 5.307178e+02 1.026105e+03
48t 1.015720e+03 9.188654e+02 9.273826e+02 1.215259e+03 9.558260e+02
49t 5.637489e+02 1.022741e+03 6.232279e+02 5.521337e+02 5.703653e+02
50t 1.140564e+03 9.123703e+02 1.112802e+03 1.181263e+03 9.364840e+02
              71           72           73           74           75
1t  1.220251e+00 7.541064e-01 9.896942e-01 1.169379e+00 1.028248e+00
2t  7.592255e+06 2.741314e+06 9.786123e+06 6.454970e+06 1.462926e+07
3t  1.815877e+06 1.229735e+06 1.881901e+06 1.928680e+06 1.885946e+06
4t  1.059800e+05 1.122373e+05 1.205777e+05 1.374271e+05 1.246249e+05
5t  3.559589e+01 1.286322e+01 3.921587e+01 3.378478e+01 4.178280e+01
6t  4.155330e+01 5.007071e+00 4.473559e+02 3.371638e+02 5.518458e+02
7t  7.459110e+03 7.847159e+03 6.746180e+03 1.011311e+04 7.029888e+03
8t  5.661351e+00 4.941501e+00 5.365657e+00 6.170394e+00 5.496092e+00
9t  2.888660e+02 3.255634e+02 2.661720e+02 2.843416e+02 2.802724e+02
10t 2.633866e+01 2.478782e+01 2.760691e+01 2.551069e+01 2.837714e+01
11t 2.685267e+02 3.101068e+02 2.673826e+02 2.851681e+02 2.830975e+02
12t 1.333977e+04 9.286231e+03 1.017856e+04 1.191425e+04 1.436596e+04
13t 1.993953e+01 1.980891e+01 1.304125e+00 1.976036e+01 1.258021e+00
14t 2.089428e+01 2.118655e+01 2.097895e+01 2.116965e+01 2.100425e+01
15t 1.624716e+02 2.355634e+02 1.805533e+02 5.040963e+02 1.992207e+02
16t 4.920264e+01 4.801749e+01 6.235716e+01 4.917623e+01 4.862740e+01
17t 1.722396e+00 2.699814e-01 2.053362e+00 4.242615e-02 1.640490e+00
18t 9.043434e-01 8.183214e-01 9.419276e-01 9.261904e-01 9.607804e-01
19t 5.164114e+02 6.676133e+02 5.278803e+02 4.599769e+02 5.085705e+02
20t 3.849026e+02 3.758423e+02 3.535326e+02 5.104549e+02 3.214967e+02
21t 2.813575e+04 2.920739e+04 2.826122e+04 3.392941e+04 2.804569e+04
22t 2.943242e+04 2.907526e+04 2.848023e+04 3.370011e+04 2.838652e+04
23t 4.416025e+01 5.202632e+01 4.937210e+01 5.057122e+01 5.631077e+01
24t 7.949193e-01 6.177201e-01 7.201119e-01 2.879727e+00 6.389436e-01
25t 8.185977e-01 7.991205e-01 5.044993e-01 5.036328e-01 5.982882e-01
26t 3.337210e-01 2.867461e-01 3.442161e-01 3.134765e-01 3.716236e-01
27t 1.106213e+02 1.155291e+02 5.594575e+01 7.540210e+01 6.573013e+01
28t 2.330901e+02 1.934501e+02 2.001987e+02 2.210262e+02 2.003713e+02
29t 3.624949e+02 3.787368e+02 3.302690e+02 3.640574e+02 2.417993e+02
30t 1.266478e+01 1.001113e+01 1.063841e+01 1.409070e+01 1.106094e+01
31t 1.838577e+02 1.931799e+02 1.517790e+02 1.796179e+02 1.636436e+02
32t 3.469669e+02 6.245034e+02 3.210223e+02 3.267310e+02 2.878298e+02
33t 1.128248e+02 1.271422e+02 1.212652e+02 1.213975e+02 1.125993e+02
34t 2.870583e+01 2.928552e+01 2.624675e+01 2.120620e+01 2.483035e+01
35t 1.277381e+04 1.367538e+04 1.271454e+04 1.278519e+04 1.274831e+04
36t 1.847784e+05 1.429676e+05 1.558731e+05 1.890154e+05 1.591130e+05
37t 5.464208e+01 5.573231e+01 6.168658e+01 6.273612e+01 5.883827e+01
38t 2.170660e+05 2.530312e+05 2.077046e+05 1.692225e+05 1.853346e+05
39t 7.136197e+00 5.704101e+00 6.578123e+00 5.404337e+00 6.113501e+00
40t 5.677519e+01 7.435829e+01 7.109130e+01 1.625564e+02 9.797702e+01
41t 4.486407e+02 4.471319e+02 3.915161e+02 4.496961e+02 4.424765e+02
42t 4.283750e+02 3.799364e+02 3.552792e+02 3.332709e+02 3.439055e+02
43t 3.649922e+02 3.923692e+02 3.934922e+02 4.369901e+02 4.115113e+02
44t 9.259914e+02 9.367950e+02 9.257907e+02 9.453612e+02 9.325578e+02
45t 9.286114e+02 9.333538e+02 9.354918e+02 9.266706e+02 9.382995e+02
46t 9.319956e+02 9.343841e+02 9.428012e+02 9.639229e+02 9.355789e+02
47t 1.025540e+03 1.194460e+03 5.402467e+02 5.447103e+02 5.365686e+02
48t 1.018179e+03 1.015863e+03 9.705240e+02 9.911245e+02 1.000163e+03
49t 5.618439e+02 1.199868e+03 5.576852e+02 5.636325e+02 5.606369e+02
50t 1.013349e+03 1.150604e+03 1.042906e+03 1.241959e+03 1.099905e+03
              76           77           78           79           80
1t  1.630073e+00 1.080096e+00 1.878625e+00 8.152006e-01 1.404576e+00
2t  7.895690e+06 8.809345e+06 1.540721e+07 3.171330e+06 7.851600e+06
3t  2.242142e+06 1.999777e+06 3.451236e+06 1.402946e+06 2.042787e+06
4t  1.010871e+05 1.232669e+05 1.084196e+05 1.121249e+05 1.554518e+05
5t  8.273602e+00 4.265909e+01 1.238176e+01 3.618190e+01 4.764916e+01
6t  3.062440e+02 1.689780e+02 5.859764e+02 5.297598e+00 6.662653e+02
7t  4.751421e+03 5.678551e+03 4.423960e+03 1.973052e+04 8.184958e+03
8t  6.646605e+00 5.783904e+00 7.262830e+00 4.809946e+00 6.160906e+00
9t  2.637484e+02 3.135482e+02 2.554821e+02 3.451668e+02 3.206856e+02
10t 2.992717e+01 2.924495e+01 3.381906e+01 2.954707e+01 2.903260e+01
11t 2.723839e+02 2.889181e+02 2.468430e+02 3.303657e+02 2.948546e+02
12t 2.895940e+02 1.345765e+04 3.598863e+02 1.258028e+04 1.465358e+04
13t 1.655190e+00 1.591679e+00 1.921383e+00 2.003631e+01 1.983375e+01
14t 2.109242e+01 2.094480e+01 2.108971e+01 2.087400e+01 2.113792e+01
15t 2.036496e+02 2.069232e+02 5.423515e+02 1.199505e+02 3.905856e+02
16t 4.805251e+01 4.835696e+01 4.959906e+01 4.892723e+01 4.889543e+01
17t 3.514587e-01 2.523058e+00 6.704231e-01 1.242871e+00 4.492819e-02
18t 9.923364e-01 9.360566e-01 1.011320e+00 8.479446e-01 9.194485e-01
19t 4.031361e+02 3.885387e+02 4.095314e+02 9.851663e+02 6.794915e+02
20t 3.031050e+02 3.605310e+02 2.795870e+02 4.494254e+02 5.383586e+02
21t 2.835782e+04 2.886733e+04 2.731653e+04 2.877287e+04 3.285279e+04
22t 2.830620e+04 2.881069e+04 2.864871e+04 2.915782e+04 3.420977e+04
23t 3.751336e+01 5.075787e+01 4.256016e+01 6.023867e+01 5.794280e+01
24t 5.448891e-01 7.631687e-01 8.325655e-01 6.527165e-01 3.658136e+00
25t 4.898319e-01 6.783855e-01 5.438412e-01 5.610338e-01 5.801072e-01
26t 3.379593e-01 7.138577e-01 3.550081e-01 4.098288e-01 2.942144e-01
27t 7.191682e+01 6.344607e+01 8.006562e+01 1.142333e+02 6.238574e+01
28t 2.543691e+02 3.009620e+02 2.754821e+02 1.889879e+02 2.303680e+02
29t 3.030366e+02 3.446943e+02 2.910468e+02 3.216113e+02 4.051450e+02
30t 1.183027e+01 1.075346e+01 1.311630e+01 1.432026e+01 1.411962e+01
31t 1.524638e+02 2.089832e+02 1.598825e+02 2.133453e+02 1.275635e+02
32t 3.728133e+02 3.863540e+02 3.096357e+02 4.140066e+02 3.026507e+02
33t 1.111482e+02 9.638250e+01 1.005448e+02 1.551345e+02 1.225561e+02
34t 2.866178e+01 2.456247e+01 2.845481e+01 3.372169e+01 2.921181e+01
35t 1.268630e+04 1.308928e+04 1.266718e+04 1.459731e+04 1.290187e+04
36t 1.996170e+05 1.170856e+05 2.324928e+05 2.231738e+05 2.037452e+05
37t 6.009763e+01 5.857189e+01 5.932957e+01 5.021180e+01 6.086273e+01
38t 2.420421e+05 2.266404e+05 2.370518e+05 4.231605e+05 1.769880e+05
39t 5.643012e+00 6.386248e+00 8.539441e+00 5.704608e+00 5.363875e+00
40t 4.406822e+01 5.919727e+01 2.904435e+01 1.394407e+02 2.027831e+02
41t 3.893777e+02 4.404572e+02 4.033593e+02 7.714320e+02 4.498551e+02
42t 3.110689e+02 3.026517e+02 3.366871e+02 4.269846e+02 4.290459e+02
43t 3.360180e+02 3.577465e+02 3.178114e+02 9.043367e+02 4.279094e+02
44t 9.280012e+02 9.351916e+02 9.293509e+02 9.311177e+02 9.479082e+02
45t 9.309565e+02 9.342008e+02 9.252063e+02 1.101775e+03 9.586706e+02
46t 9.312452e+02 9.284828e+02 9.241762e+02 9.404424e+02 9.550463e+02
47t 1.030601e+03 5.450710e+02 1.024574e+03 1.044561e+03 5.438190e+02
48t 9.164039e+02 9.747523e+02 9.255308e+02 1.349591e+03 9.741758e+02
49t 1.021270e+03 5.603825e+02 1.020957e+03 1.040176e+03 5.659887e+02
50t 9.414973e+02 1.047165e+03 9.341471e+02 1.223711e+03 1.264226e+03
# 2026-01-31 13:45:12 -03: Finished testing
