# 2026-01-25 23:42:04 -03: Reading parameter file '/home/pestobar/Activities/irace-executions/PSO-X/Scenarios/BL-32/Runs/BL-32_seed_1400299/parameters.txt'.
# 2026-01-25 23:42:04 -03: 2 expression(s) specifying forbidden configurations read.
# 2026-01-25 23:42:05 -03: Initialization
# Elitist race
# Elitist new instances: 1
# Elitist limit: 2
# nbIterations: 5
# minNbSurvival: 5
# nbParameters: 8
# seed: 1400299
# confidence level: 0.95
# budget: 2000
# mu: 5
# deterministic: FALSE

# 2026-01-25 23:42:05 -03: Iteration 1 of 5
# experimentsUsed: 0
# remainingBudget: 2000
# currentBudget: 400
# nbConfigurations: 32
# Markers:
     x No test is performed.
     c Configurations are discarded only due to capping.
     - The test is performed and some configurations are discarded.
     = The test is performed but no configuration is discarded.
     ! The test is performed and configurations could be discarded but elite configurations are preserved.
     . All alive configurations are elite and nothing is discarded.

+-+-----------+-----------+-----------+----------------+-----------+--------+-----+----+------+
| |   Instance|      Alive|       Best|       Mean best| Exp so far|  W time|  rho|KenW|  Qvar|
+-+-----------+-----------+-----------+----------------+-----------+--------+-----+----+------+
|x|          1|         32|          9|     305.8311796|         32|00:00:31|   NA|  NA|    NA|
|x|          2|         32|          3|     39783.36218|         64|00:00:31|+0.33|0.66|0.6483|
|x|          3|         32|         13|     40388.65568|         96|00:00:30|+0.39|0.60|0.4552|
|x|          4|         32|         13|     30292.39346|        128|00:00:31|+0.48|0.61|0.3455|
|-|          5|         18|         28|     34164.14973|        160|00:02:10|-0.06|0.15|0.9430|
|=|          6|         18|         28|     28491.60031|        178|00:00:28|+0.05|0.21|0.8926|
|=|          7|         18|         28|     24445.40582|        196|00:00:28|+0.02|0.16|0.9208|
+-+-----------+-----------+-----------+----------------+-----------+--------+-----+----+------+
Best-so-far configuration:          28    mean value:      24445.40582
Description of the best-so-far configuration:
   .ID. particles topology modInfluence branching tSchedule phi1 phi2 inertia
28   28        11        2            1        NA        NA 0.15 1.78    0.15
   .PARENT.
28       NA

# 2026-01-25 23:47:16 -03: Elite configurations (first number is the configuration ID; listed from best to worst according to the sum of ranks):
   particles topology modInfluence branching tSchedule phi1 phi2 inertia
28        11        2            1        NA        NA 0.15 1.78    0.15
7        154        4            0        NA        NA 0.07 1.70    0.35
13        18        1            2        NA        NA 2.41 0.61    0.86
22        49        0            1        NA        NA 0.93 1.93    0.77
30        61        4            0        NA        NA 0.77 1.15    0.38
# 2026-01-25 23:47:16 -03: Iteration 2 of 5
# experimentsUsed: 196
# remainingBudget: 1804
# currentBudget: 451
# nbConfigurations: 32
# Markers:
     x No test is performed.
     c Configurations are discarded only due to capping.
     - The test is performed and some configurations are discarded.
     = The test is performed but no configuration is discarded.
     ! The test is performed and configurations could be discarded but elite configurations are preserved.
     . All alive configurations are elite and nothing is discarded.

+-+-----------+-----------+-----------+----------------+-----------+--------+-----+----+------+
| |   Instance|      Alive|       Best|       Mean best| Exp so far|  W time|  rho|KenW|  Qvar|
+-+-----------+-----------+-----------+----------------+-----------+--------+-----+----+------+
|x|          8|         32|         50|     3.958461709|         32|00:00:18|   NA|  NA|    NA|
|x|          1|         32|         47|     1338.101653|         59|00:00:16|+0.41|0.70|0.1385|
|x|          2|         32|         47|     41637.78597|         86|00:00:17|+0.18|0.45|0.3155|
|x|          5|         32|         47|     31366.01271|        113|00:01:52|+0.28|0.46|0.3950|
|-|          3|         20|         47|     25092.87278|        140|00:00:16|-0.05|0.16|0.9568|
|=|          6|         20|         50|     23439.43003|        155|00:00:07|+0.01|0.17|0.8679|
|=|          7|         20|         47|     17964.80581|        170|00:00:08|+0.01|0.15|0.8944|
|=|          4|         20|         47|     15719.30422|        185|00:00:07|+0.07|0.19|0.8497|
|=|          9|         20|         47|     14024.64322|        205|00:00:08|-0.00|0.11|0.8582|
+-+-----------+-----------+-----------+----------------+-----------+--------+-----+----+------+
Best-so-far configuration:          47    mean value:      14024.64322
Description of the best-so-far configuration:
   .ID. particles topology modInfluence branching tSchedule phi1 phi2 inertia
47   47        31        1            2        NA        NA 1.34 1.96    0.58
   .PARENT.
47       22

# 2026-01-25 23:50:50 -03: Elite configurations (first number is the configuration ID; listed from best to worst according to the sum of ranks):
   particles topology modInfluence branching tSchedule phi1 phi2 inertia
47        31        1            2        NA        NA 1.34 1.96    0.58
38        17        4            2        NA        NA 0.02 1.36    0.15
50         7        4            1        NA        NA 1.85 2.35    0.11
33        87        4            2        NA        NA 1.99 0.59    0.87
28        11        2            1        NA        NA 0.15 1.78    0.15
# 2026-01-25 23:50:50 -03: Iteration 3 of 5
# experimentsUsed: 401
# remainingBudget: 1599
# currentBudget: 533
# nbConfigurations: 32
# Markers:
     x No test is performed.
     c Configurations are discarded only due to capping.
     - The test is performed and some configurations are discarded.
     = The test is performed but no configuration is discarded.
     ! The test is performed and configurations could be discarded but elite configurations are preserved.
     . All alive configurations are elite and nothing is discarded.

+-+-----------+-----------+-----------+----------------+-----------+--------+-----+----+------+
| |   Instance|      Alive|       Best|       Mean best| Exp so far|  W time|  rho|KenW|  Qvar|
+-+-----------+-----------+-----------+----------------+-----------+--------+-----+----+------+
|x|         10|         32|         70|     24.56572913|         32|00:00:06|   NA|  NA|    NA|
|x|          3|         32|         73|     15.28231445|         59|00:00:05|+0.51|0.76|0.0542|
|x|          1|         32|         73|     1518.262154|         86|00:00:04|+0.47|0.65|0.2402|
|x|          9|         32|         69|     208.9556626|        113|00:00:04|+0.50|0.62|0.2034|
|-|          4|         22|         69|     167.6187194|        140|00:00:05|-0.14|0.09|1.0239|
|=|          7|         22|         73|     827.3689063|        157|00:00:05|-0.07|0.11|0.9732|
|=|          6|         22|         71|     682.7077511|        174|00:00:05|-0.04|0.11|1.0112|
|=|          8|         22|         64|     698.4408173|        191|00:00:05|-0.01|0.12|0.9956|
|=|          2|         22|         78|     12320.48023|        208|00:00:05|+0.00|0.11|0.9916|
|=|          5|         22|         74|     12685.75206|        225|00:01:07|-0.00|0.10|0.9814|
|=|         11|         22|         78|     10138.34662|        247|00:00:05|+0.03|0.12|0.9618|
+-+-----------+-----------+-----------+----------------+-----------+--------+-----+----+------+
Best-so-far configuration:          78    mean value:      10138.34662
Description of the best-so-far configuration:
   .ID. particles topology modInfluence branching tSchedule phi1 phi2 inertia
78   78        73        1            2        NA        NA  0.3 2.49    0.49
   .PARENT.
78       47

# 2026-01-25 23:52:50 -03: Elite configurations (first number is the configuration ID; listed from best to worst according to the sum of ranks):
   particles topology modInfluence branching tSchedule phi1 phi2 inertia
78        73        1            2        NA        NA 0.30 2.49    0.49
74         8        0            1        NA        NA 1.87 2.04    0.18
71        13        4            1        NA        NA 1.10 2.13    0.05
64        34        4            1        NA        NA 2.06 1.96    0.25
72        36        4            1        NA        NA 2.10 1.74    0.25
# 2026-01-25 23:52:50 -03: Iteration 4 of 5
# experimentsUsed: 648
# remainingBudget: 1352
# currentBudget: 676
# nbConfigurations: 32
# Markers:
     x No test is performed.
     c Configurations are discarded only due to capping.
     - The test is performed and some configurations are discarded.
     = The test is performed but no configuration is discarded.
     ! The test is performed and configurations could be discarded but elite configurations are preserved.
     . All alive configurations are elite and nothing is discarded.

+-+-----------+-----------+-----------+----------------+-----------+--------+-----+----+------+
| |   Instance|      Alive|       Best|       Mean best| Exp so far|  W time|  rho|KenW|  Qvar|
+-+-----------+-----------+-----------+----------------+-----------+--------+-----+----+------+
|x|         12|         32|         97|     23.69886603|         32|00:01:01|   NA|  NA|    NA|
|x|          5|         32|        101|     292.3505297|         59|00:01:42|+0.14|0.57|0.7807|
|x|          3|         32|         97|     200.5596648|         86|00:00:08|+0.01|0.34|0.8791|
|x|          7|         32|         78|     186.1011215|        113|00:00:09|-0.12|0.16|1.0399|
|=|         10|         32|         78|     155.0458594|        140|00:00:08|-0.05|0.16|0.9203|
|=|          2|         32|         78|     17649.65982|        167|00:00:08|-0.02|0.15|0.9904|
|=|          9|         32|         78|     15187.53823|        194|00:00:08|-0.02|0.12|0.9767|
|=|         11|         32|         78|     13297.46328|        221|00:00:08|+0.01|0.13|0.9420|
|=|          8|         32|         78|     11820.42853|        248|00:00:08|+0.01|0.12|0.8893|
|=|          4|         32|         78|     10638.51082|        275|00:00:07|+0.01|0.11|0.8390|
|=|          1|         32|         78|     10132.36331|        302|00:00:07|+0.01|0.10|0.8623|
|=|          6|         32|         78|     9296.707361|        329|00:00:08|+0.03|0.11|0.8287|
|-|         13|         20|         78|     8634.406164|        361|00:00:08|-0.03|0.05|0.9465|
|=|         14|         20|         78|     8041.128563|        381|00:00:07|-0.03|0.04|0.9434|
|=|         15|         20|         78|     8025.907552|        401|00:00:07|-0.03|0.04|0.9450|
+-+-----------+-----------+-----------+----------------+-----------+--------+-----+----+------+
Best-so-far configuration:          78    mean value:      8025.907552
Description of the best-so-far configuration:
   .ID. particles topology modInfluence branching tSchedule phi1 phi2 inertia
78   78        73        1            2        NA        NA  0.3 2.49    0.49
   .PARENT.
78       47

# 2026-01-25 23:57:21 -03: Elite configurations (first number is the configuration ID; listed from best to worst according to the sum of ranks):
    particles topology modInfluence branching tSchedule phi1 phi2 inertia
78         73        1            2        NA        NA 0.30 2.49    0.49
72         36        4            1        NA        NA 2.10 1.74    0.25
64         34        4            1        NA        NA 2.06 1.96    0.25
100        38        4            1        NA        NA 2.49 1.81    0.32
108        53        4            1        NA        NA 2.42 2.05    0.20
# 2026-01-25 23:57:21 -03: Iteration 5 of 5
# experimentsUsed: 1049
# remainingBudget: 951
# currentBudget: 951
# nbConfigurations: 32
# Markers:
     x No test is performed.
     c Configurations are discarded only due to capping.
     - The test is performed and some configurations are discarded.
     = The test is performed but no configuration is discarded.
     ! The test is performed and configurations could be discarded but elite configurations are preserved.
     . All alive configurations are elite and nothing is discarded.

+-+-----------+-----------+-----------+----------------+-----------+--------+-----+----+------+
| |   Instance|      Alive|       Best|       Mean best| Exp so far|  W time|  rho|KenW|  Qvar|
+-+-----------+-----------+-----------+----------------+-----------+--------+-----+----+------+
|x|         16|         32|        118|     237.6164234|         32|00:02:07|   NA|  NA|    NA|
|x|          1|         32|        119|     916.3361821|         59|00:00:04|+0.29|0.65|0.5615|
|x|         15|         32|        119|     3223.011815|         86|00:00:05|+0.35|0.57|0.5946|
|x|         13|         32|        119|     2532.293864|        113|00:00:04|+0.10|0.32|0.7527|
|=|         14|         32|        119|     2093.832687|        140|00:00:04|+0.10|0.28|0.7691|
|=|         10|         32|        119|     1750.003863|        167|00:00:04|+0.09|0.24|0.7557|
|-|          9|         16|        119|     1565.280018|        194|00:00:04|+0.07|0.20|0.7943|
|-|          5|         14|        124|     2778.256477|        205|00:01:03|+0.10|0.22|0.7209|
|-|         12|         11|        124|     2472.786950|        214|00:00:15|+0.14|0.23|0.6757|
|=|          6|         11|        124|     2238.046462|        220|00:00:01|+0.04|0.13|0.7405|
|=|          3|         11|        124|     2034.621258|        226|00:00:01|+0.03|0.12|0.7878|
|=|          4|         11|        124|     1865.134335|        232|00:00:01|-0.01|0.07|0.8231|
|=|          8|         11|        124|     1722.023032|        238|00:00:01|-0.03|0.05|0.8656|
|=|          7|         11|        124|     1614.917723|        244|00:00:01|-0.05|0.03|0.8997|
|=|          2|         11|         78|     8050.461888|        250|00:00:01|-0.04|0.03|0.8895|
|=|         11|         11|         78|     7551.491684|        256|00:00:01|-0.03|0.03|0.8874|
|=|         17|         11|         78|     10892.19400|        267|00:00:02|-0.01|0.04|0.8652|
+-+-----------+-----------+-----------+----------------+-----------+--------+-----+----+------+
Best-so-far configuration:          78    mean value:      10892.19400
Description of the best-so-far configuration:
   .ID. particles topology modInfluence branching tSchedule phi1 phi2 inertia
78   78        73        1            2        NA        NA  0.3 2.49    0.49
   .PARENT.
78       47

# 2026-01-26 00:01:29 -03: Elite configurations (first number is the configuration ID; listed from best to worst according to the sum of ranks):
    particles topology modInfluence branching tSchedule phi1 phi2 inertia
78         73        1            2        NA        NA 0.30 2.49    0.49
138        95        1            2        NA        NA 0.00 2.43    0.48
119        51        1            2        NA        NA 0.36 2.14    0.50
118        86        1            2        NA        NA 0.11 2.40    0.46
124        58        4            0        NA        NA 1.80 1.40    0.27
# 2026-01-26 00:01:29 -03: Iteration 6 of 6
# experimentsUsed: 1316
# remainingBudget: 684
# currentBudget: 684
# nbConfigurations: 32
# Markers:
     x No test is performed.
     c Configurations are discarded only due to capping.
     - The test is performed and some configurations are discarded.
     = The test is performed but no configuration is discarded.
     ! The test is performed and configurations could be discarded but elite configurations are preserved.
     . All alive configurations are elite and nothing is discarded.

+-+-----------+-----------+-----------+----------------+-----------+--------+-----+----+------+
| |   Instance|      Alive|       Best|       Mean best| Exp so far|  W time|  rho|KenW|  Qvar|
+-+-----------+-----------+-----------+----------------+-----------+--------+-----+----+------+
|x|         18|         32|        147|     826.5406570|         32|00:02:08|   NA|  NA|    NA|
|x|         10|         32|        138|     424.2843339|         59|00:00:04|+0.09|0.55|0.7832|
|x|         14|         32|        138|     385.9211490|         86|00:00:04|+0.14|0.42|0.8048|
|x|          3|         32|        154|     307.5100170|        113|00:00:04|+0.19|0.39|0.6660|
|=|          2|         32|        164|     21241.65917|        140|00:00:04|+0.02|0.22|0.9255|
|=|          7|         32|        141|     17827.08542|        167|00:00:05|+0.03|0.19|0.9779|
|=|          9|         32|        141|     15344.75785|        194|00:00:04|+0.00|0.14|0.9637|
|=|         13|         32|        141|     13578.89284|        221|00:00:03|+0.03|0.15|0.8926|
|-|         17|         28|        164|     18737.01518|        248|00:00:04|-0.03|0.09|0.9995|
|=|          1|         28|        164|     17256.33035|        271|00:00:03|-0.05|0.06|1.0049|
|=|          8|         28|        164|     15687.93608|        294|00:00:04|-0.02|0.07|0.9759|
|=|         15|         28|        164|     15049.84595|        317|00:00:04|-0.01|0.08|0.9552|
|=|         12|         28|        143|     15874.76435|        340|00:00:44|-0.01|0.07|0.9509|
|=|          6|         28|        144|     13711.65496|        363|00:00:04|+0.01|0.08|0.9503|
|=|          4|         28|        143|     13767.71805|        386|00:00:03|+0.03|0.10|0.9274|
|=|          5|         28|        143|     12941.22728|        409|00:01:33|+0.02|0.08|0.9377|
|=|         11|         28|        143|     12184.89382|        432|00:00:04|+0.01|0.06|0.9509|
|=|         16|         28|        141|     10607.21382|        455|00:01:38|-0.00|0.05|0.9583|
|=|         19|         28|        141|     10049.53905|        483|00:00:04|+0.01|0.06|0.9494|
+-+-----------+-----------+-----------+----------------+-----------+--------+-----+----+------+
Best-so-far configuration:         141    mean value:      10049.53905
Description of the best-so-far configuration:
    .ID. particles topology modInfluence branching tSchedule phi1 phi2 inertia
141  141        68        1            2        NA        NA 0.38 2.48    0.53
    .PARENT.
141       78

# 2026-01-26 00:08:39 -03: Elite configurations (first number is the configuration ID; listed from best to worst according to the sum of ranks):
    particles topology modInfluence branching tSchedule phi1 phi2 inertia
141        68        1            2        NA        NA 0.38 2.48    0.53
149        67        1            2        NA        NA 0.56 2.43    0.50
143        68        4            0        NA        NA 1.88 1.51    0.32
144        46        1            2        NA        NA 0.21 2.05    0.48
164        65        1            2        NA        NA 0.43 2.46    0.48
# 2026-01-26 00:08:39 -03: There is not enough budget to enforce the value of nbConfigurations, returning to default behaviour nbConfigurations:14.
# Iteration: 7
# nbIterations: 7
# experimentsUsed: 1799
# timeUsed: 0
# remainingBudget: 201
# currentBudget: 201
# number of elites: 5
# nbConfigurations: 14
# 2026-01-26 00:08:39 -03: Iteration 7 of 7
# experimentsUsed: 1799
# remainingBudget: 201
# currentBudget: 201
# nbConfigurations: 14
# Markers:
     x No test is performed.
     c Configurations are discarded only due to capping.
     - The test is performed and some configurations are discarded.
     = The test is performed but no configuration is discarded.
     ! The test is performed and configurations could be discarded but elite configurations are preserved.
     . All alive configurations are elite and nothing is discarded.

+-+-----------+-----------+-----------+----------------+-----------+--------+-----+----+------+
| |   Instance|      Alive|       Best|       Mean best| Exp so far|  W time|  rho|KenW|  Qvar|
+-+-----------+-----------+-----------+----------------+-----------+--------+-----+----+------+
|x|         20|         14|        171|     151.8923897|         14|00:00:03|   NA|  NA|    NA|
|x|          6|         14|        176|     138.8419497|         23|00:00:01|-0.23|0.38|1.1631|
|x|         11|         14|        149|     125.0764221|         32|00:00:01|-0.20|0.20|1.1651|
|x|         16|         14|        149|     160.8615475|         41|00:00:32|-0.19|0.11|1.0821|
|=|         13|         14|        149|     254.0030511|         50|00:00:01|-0.09|0.13|0.9413|
|=|         19|         14|        149|     214.6913981|         59|00:00:01|-0.03|0.15|0.9234|
|=|          4|         14|        149|     184.1539318|         68|00:00:01|-0.02|0.13|0.8398|
|=|          8|         14|        149|     161.6401226|         77|00:00:01|+0.01|0.13|0.8419|
|=|         15|         14|        149|     1016.142390|         86|00:00:01|+0.04|0.15|0.8118|
|=|          9|         14|        172|     1776.672549|         95|00:00:01|+0.08|0.17|0.8031|
|-|          1|         12|        172|     1810.379696|        104|00:00:01|-0.02|0.07|0.9426|
|=|         12|         12|        171|     866.0571605|        111|00:00:14|+0.02|0.10|0.9115|
|=|          7|         12|        171|     812.9529181|        118|00:00:01|-0.02|0.06|0.9368|
|=|          2|         12|        171|     8384.013077|        125|00:00:01|-0.03|0.04|0.9328|
|=|         17|         12|        171|     11955.01793|        132|00:00:01|-0.03|0.04|0.9245|
|=|         14|         12|        171|     11216.89488|        139|00:00:01|-0.02|0.05|0.9145|
|=|          3|         12|        171|     10557.09816|        146|00:00:01|-0.02|0.04|0.9031|
|=|          5|         12|        172|     11663.43269|        153|00:00:32|-0.02|0.04|0.9186|
|=|         18|         12|        172|     11097.56118|        160|00:00:33|-0.00|0.05|0.9008|
|=|         10|         12|        143|     10385.34627|        167|00:00:01|-0.02|0.03|0.9165|
|=|         21|         12|        143|     9892.405456|        179|00:00:29|-0.01|0.03|0.9184|
+-+-----------+-----------+-----------+----------------+-----------+--------+-----+----+------+
Best-so-far configuration:         143    mean value:      9892.405456
Description of the best-so-far configuration:
    .ID. particles topology modInfluence branching tSchedule phi1 phi2 inertia
143  143        68        4            0        NA        NA 1.88 1.51    0.32
    .PARENT.
143      124

# 2026-01-26 00:11:30 -03: Elite configurations (first number is the configuration ID; listed from best to worst according to the sum of ranks):
    particles topology modInfluence branching tSchedule phi1 phi2 inertia
143        68        4            0        NA        NA 1.88 1.51    0.32
172        51        4            0        NA        NA 2.10 1.38    0.34
171        93        4            0        NA        NA 1.89 1.55    0.42
173        66        4            0        NA        NA 1.76 1.55    0.41
141        68        1            2        NA        NA 0.38 2.48    0.53
# 2026-01-26 00:11:30 -03: There is not enough budget to enforce the value of nbConfigurations, returning to default behaviour nbConfigurations:6.
# Iteration: 8
# nbIterations: 8
# experimentsUsed: 1978
# timeUsed: 0
# remainingBudget: 22
# currentBudget: 22
# number of elites: 5
# nbConfigurations: 6
# 2026-01-26 00:11:30 -03: Iteration 8 of 8
# experimentsUsed: 1978
# remainingBudget: 22
# currentBudget: 22
# nbConfigurations: 6
# Markers:
     x No test is performed.
     c Configurations are discarded only due to capping.
     - The test is performed and some configurations are discarded.
     = The test is performed but no configuration is discarded.
     ! The test is performed and configurations could be discarded but elite configurations are preserved.
     . All alive configurations are elite and nothing is discarded.

+-+-----------+-----------+-----------+----------------+-----------+--------+-----+----+------+
| |   Instance|      Alive|       Best|       Mean best| Exp so far|  W time|  rho|KenW|  Qvar|
+-+-----------+-----------+-----------+----------------+-----------+--------+-----+----+------+
|x|          4|          6|        177|    0.6342471214|          1|00:00:01|   NA|  NA|    NA|
|x|          7|          6|        143|     84.93620043|          2|00:00:01|-0.37|0.31|1.4560|
|x|          8|          6|        141|     39.89781735|          3|00:00:01|-0.18|0.21|0.9823|
|x|          2|          6|        141|     26427.33189|          4|00:00:01|+0.05|0.29|0.7665|
|=|         14|          6|        171|     21426.70056|          5|00:00:01|-0.01|0.20|0.8657|
|=|         18|          6|        171|     18007.45195|          6|00:00:31|-0.03|0.14|0.8876|
|=|         15|          6|        171|     16514.70666|          7|00:00:01|+0.07|0.20|0.8029|
|=|          9|          6|        171|     14484.31895|          8|00:00:01|+0.12|0.23|0.7849|
|-|         17|          5|        171|     19758.18194|          9|00:00:01|+0.26|0.34|0.6807|
|.|          3|          5|        171|     17782.39882|          9|00:00:00|+0.09|0.18|0.7818|
|.|          5|          5|        171|     16252.96844|          9|00:00:00|+0.06|0.15|0.8118|
|.|          6|          5|        171|     14909.79932|          9|00:00:00|-0.00|0.08|0.8429|
|.|         12|          5|        171|     13765.16778|          9|00:00:00|-0.01|0.07|0.8250|
|.|         20|          5|        171|     12792.79096|          9|00:00:00|+0.02|0.09|0.7994|
|.|         10|          5|        171|     11942.88245|          9|00:00:00|+0.01|0.08|0.8133|
|.|         11|          5|        171|     11202.97371|          9|00:00:00|+0.00|0.06|0.8218|
|.|          1|          5|        171|     10616.14815|          9|00:00:00|-0.00|0.06|0.8126|
|.|         19|          5|        171|     10029.17229|          9|00:00:00|-0.02|0.03|0.8250|
|.|         16|          5|        171|     9515.210691|          9|00:00:00|-0.02|0.03|0.8300|
|.|         21|          5|        171|     9041.154416|          9|00:00:00|-0.04|0.01|0.8366|
|.|         13|          5|        171|     8638.990034|          9|00:00:00|-0.04|0.01|0.8345|
+-+-----------+-----------+-----------+----------------+-----------+--------+-----+----+------+
Best-so-far configuration:         171    mean value:      8638.990034
Description of the best-so-far configuration:
    .ID. particles topology modInfluence branching tSchedule phi1 phi2 inertia
171  171        93        4            0        NA        NA 1.89 1.55    0.42
    .PARENT.
171      143

# 2026-01-26 00:12:11 -03: Elite configurations (first number is the configuration ID; listed from best to worst according to the sum of ranks):
    particles topology modInfluence branching tSchedule phi1 phi2 inertia
171        93        4            0        NA        NA 1.89 1.55    0.42
143        68        4            0        NA        NA 1.88 1.51    0.32
172        51        4            0        NA        NA 2.10 1.38    0.34
173        66        4            0        NA        NA 1.76 1.55    0.41
141        68        1            2        NA        NA 0.38 2.48    0.53
# 2026-01-26 00:12:11 -03: There is not enough budget to enforce the value of nbConfigurations, returning to default behaviour nbConfigurations:5.
# Iteration: 9
# nbIterations: 9
# experimentsUsed: 1987
# timeUsed: 0
# remainingBudget: 13
# currentBudget: 13
# number of elites: 5
# nbConfigurations: 5
# 2026-01-26 00:12:11 -03: Stopped because there is not enough budget left to race more than the minimum (5).
# You may either increase the budget or set 'minNbSurvival' to a lower value.
# Iteration: 9
# nbIterations: 9
# experimentsUsed: 1987
# timeUsed: 0
# remainingBudget: 13
# currentBudget: 13
# number of elites: 5
# nbConfigurations: 5
# Total CPU user time: 12529.74, CPU sys time: 106.945, Wall-clock time: 1806.91
# 2026-01-26 00:12:11 -03: Starting post-selection:
# Configurations selected: 171, 143, 172, 173, 141, 149, 144, 164, 78.
# Pending instances: 1, 1, 1, 1, 1, 1, 1, 1, 3.
# 2026-01-26 00:12:12 -03: seed: 1400299
# Configurations: 9
# Available experiments: 13
# minSurvival: 1
# Markers:
     x No test is performed.
     c Configurations are discarded only due to capping.
     - The test is performed and some configurations are discarded.
     = The test is performed but no configuration is discarded.
     ! The test is performed and configurations could be discarded but elite configurations are preserved.
     . All alive configurations are elite and nothing is discarded.

+-+-----------+-----------+-----------+----------------+-----------+--------+-----+----+------+
| |   Instance|      Alive|       Best|       Mean best| Exp so far|  W time|  rho|KenW|  Qvar|
+-+-----------+-----------+-----------+----------------+-----------+--------+-----+----+------+
|.|         19|          9|        172|     6.591319723|          0|00:00:00|   NA|  NA|    NA|
|.|         16|          9|        172|     127.3694577|          0|00:00:00|+0.32|0.66|0.9220|
|.|         13|          9|        172|     3126.900266|          0|00:00:00|-0.18|0.21|1.1073|
|x|         20|          9|        172|     2384.185441|          1|00:00:01|-0.01|0.24|1.0843|
|.|          7|          9|        172|     1954.340276|          1|00:00:00|-0.13|0.10|1.0335|
|.|          1|          9|        172|     1986.525423|          1|00:00:00|-0.06|0.12|1.0013|
|.|         17|          9|        172|     10942.12185|          1|00:00:00|-0.06|0.09|0.9691|
|.|         12|          9|        172|     9578.173565|          1|00:00:00|-0.01|0.11|0.9246|
|.|          4|          9|        172|     8514.013667|          1|00:00:00|+0.04|0.15|0.8776|
|.|          5|          9|        172|     7716.096565|          1|00:00:00|+0.04|0.14|0.8958|
|.|         15|          9|        172|     7710.052212|          1|00:00:00|+0.07|0.16|0.8806|
|.|          2|          9|        172|     17432.00829|          1|00:00:00|+0.01|0.10|0.9191|
|.|          6|          9|        172|     16101.69482|          1|00:00:00|-0.03|0.05|0.9402|
|.|          9|          9|        172|     14973.53111|          1|00:00:00|-0.00|0.07|0.9181|
|.|          8|          9|        172|     13975.56718|          1|00:00:00|-0.02|0.05|0.9254|
|.|         10|          9|        172|     13105.90571|          1|00:00:00|-0.04|0.03|0.9312|
|.|          3|          9|        172|     12334.98695|          1|00:00:00|-0.04|0.02|0.9377|
|.|         11|          9|        172|     11656.94504|          1|00:00:00|-0.05|0.01|0.9335|
|.|         18|          9|        172|     11091.41498|          1|00:00:00|-0.04|0.01|0.9281|
|.|         14|          9|        172|     10545.73230|          1|00:00:00|-0.03|0.02|0.9204|
|=|         21|          9|        143|     9892.405456|          2|00:00:14|-0.03|0.02|0.9162|
|=|         22|          9|        143|     9442.785436|         11|00:00:01|-0.01|0.03|0.9094|
+-+-----------+-----------+-----------+----------------+-----------+--------+-----+----+------+
Best-so-far configuration:         143    mean value:      9442.785436
Description of the best-so-far configuration:
    .ID. particles topology modInfluence branching tSchedule phi1 phi2 inertia
143  143        68        4            0        NA        NA 1.88 1.51    0.32
    .PARENT.
143      124

# 2026-01-26 00:12:30 -03: Elite configurations (first number is the configuration ID; listed from best to worst according to the sum of ranks):
    particles topology modInfluence branching tSchedule phi1 phi2 inertia
143        68        4            0        NA        NA 1.88 1.51    0.32
172        51        4            0        NA        NA 2.10 1.38    0.34
171        93        4            0        NA        NA 1.89 1.55    0.42
173        66        4            0        NA        NA 1.76 1.55    0.41
141        68        1            2        NA        NA 0.38 2.48    0.53
# Total CPU user time: 12560.43, CPU sys time: 107.455, Wall-clock time: 1825.384
    .ID. particles topology modInfluence branching tSchedule phi1 phi2 inertia
143  143        68        4            0        NA        NA 1.88 1.51    0.32
172  172        51        4            0        NA        NA 2.10 1.38    0.34
171  171        93        4            0        NA        NA 1.89 1.55    0.42
173  173        66        4            0        NA        NA 1.76 1.55    0.41
141  141        68        1            2        NA        NA 0.38 2.48    0.53
    .PARENT. .RANK.   .WEIGHT.
143      124     97 0.33333333
172      143    100 0.26666667
171      143    102 0.20000000
173      143    105 0.13333333
141       78    109 0.06666667
