# 2026-01-15 20:58:41 -03: Reading parameter file '/home/pestobar/Activities/irace-executions/ACOTSP/Scenarios/BL/Runs/BL_seed_100003/parameters.txt'.
# 2026-01-15 20:58:41 -03: 1 expression(s) specifying forbidden configurations read.
# 2026-01-15 20:58:41 -03: Initialization
# Elitist race
# Elitist new instances: 1
# Elitist limit: 2
# nbIterations: 5
# minNbSurvival: 5
# nbParameters: 11
# seed: 100003
# confidence level: 0.95
# budget: 2750
# mu: 5
# deterministic: FALSE

# 2026-01-15 20:58:41 -03: Iteration 1 of 5
# experimentsUsed: 0
# remainingBudget: 2750
# currentBudget: 550
# nbConfigurations: 91
# Markers:
     x No test is performed.
     c Configurations are discarded only due to capping.
     - The test is performed and some configurations are discarded.
     = The test is performed but no configuration is discarded.
     ! The test is performed and configurations could be discarded but elite configurations are preserved.
     . All alive configurations are elite and nothing is discarded.

+-+-----------+-----------+-----------+----------------+-----------+--------+-----+----+------+
| |   Instance|      Alive|       Best|       Mean best| Exp so far|  W time|  rho|KenW|  Qvar|
+-+-----------+-----------+-----------+----------------+-----------+--------+-----+----+------+
|x|          1|         91|         22|     32588880.00|         91|00:04:52|   NA|  NA|    NA|
|x|          2|         91|         84|     32644696.00|        182|00:04:52|+0.98|0.99|0.0019|
|x|          3|         91|         84|     32616534.33|        273|00:04:52|+0.98|0.99|0.0022|
|x|          4|         91|         84|     32690054.00|        364|00:04:50|+0.98|0.98|0.0021|
|-|          5|          6|         84|     32720739.00|        455|00:04:58|+0.23|0.39|0.5783|
|-|          6|          3|         84|     32673147.33|        461|00:01:15|+0.43|0.53|0.3278|
+-+-----------+-----------+-----------+----------------+-----------+--------+-----+----+------+
Best-so-far configuration:          84    mean value:      32673147.33
Description of the best-so-far configuration:
   .ID. algorithm localsearch alpha beta  rho ants q0 rasrank elitistants nnls
84   84       ras           3  3.19 2.03 0.41   27 NA       7          NA   49
   dlb .PARENT.
84   1       NA

# 2026-01-15 21:24:23 -03: Elite configurations (first number is the configuration ID; listed from best to worst according to the sum of ranks):
   algorithm localsearch alpha beta  rho ants q0 rasrank elitistants nnls dlb
84       ras           3  3.19 2.03 0.41   27 NA       7          NA   49   1
43       ras           3  3.85 4.30 0.92   66 NA      55          NA   46   0
64       eas           3  1.51 7.11 0.20    9 NA      NA         421   33   1
# 2026-01-15 21:24:23 -03: Iteration 2 of 5
# experimentsUsed: 461
# remainingBudget: 2289
# currentBudget: 572
# nbConfigurations: 84
# Markers:
     x No test is performed.
     c Configurations are discarded only due to capping.
     - The test is performed and some configurations are discarded.
     = The test is performed but no configuration is discarded.
     ! The test is performed and configurations could be discarded but elite configurations are preserved.
     . All alive configurations are elite and nothing is discarded.

+-+-----------+-----------+-----------+----------------+-----------+--------+-----+----+------+
| |   Instance|      Alive|       Best|       Mean best| Exp so far|  W time|  rho|KenW|  Qvar|
+-+-----------+-----------+-----------+----------------+-----------+--------+-----+----+------+
|x|          7|         84|        104|     32798836.00|         84|00:06:45|   NA|  NA|    NA|
|x|          6|         84|        125|     32625919.50|        165|00:06:29|+0.97|0.98|0.0022|
|x|          2|         84|        125|     32635304.33|        246|00:06:37|+0.97|0.98|0.0018|
|x|          3|         84|        166|     32615612.75|        327|00:05:47|+0.97|0.98|0.0018|
|-|          1|          7|        125|     32613408.00|        408|00:06:25|+0.40|0.52|0.4746|
|-|          5|          6|        125|     32624983.33|        412|00:02:16|+0.46|0.55|0.4094|
|-|          4|          3|        125|     32669279.00|        415|00:02:00|+0.00|0.14|0.7140|
+-+-----------+-----------+-----------+----------------+-----------+--------+-----+----+------+
Best-so-far configuration:         125    mean value:      32669279.00
Description of the best-so-far configuration:
    .ID. algorithm localsearch alpha beta  rho ants   q0 rasrank elitistants
125  125       acs           3  2.93 3.19 0.36   19 0.66      NA          NA
    nnls dlb .PARENT.
125   50   1       84

# 2026-01-15 22:00:46 -03: Elite configurations (first number is the configuration ID; listed from best to worst according to the sum of ranks):
    algorithm localsearch alpha beta  rho ants   q0 rasrank elitistants nnls
125       acs           3  2.93 3.19 0.36   19 0.66      NA          NA   50
166       ras           3  2.24 0.12 0.75   30   NA      31          NA   47
84        ras           3  3.19 2.03 0.41   27   NA       7          NA   49
    dlb
125   1
166   0
84    1
# 2026-01-15 22:00:46 -03: Iteration 3 of 5
# experimentsUsed: 876
# remainingBudget: 1874
# currentBudget: 624
# nbConfigurations: 80
# Markers:
     x No test is performed.
     c Configurations are discarded only due to capping.
     - The test is performed and some configurations are discarded.
     = The test is performed but no configuration is discarded.
     ! The test is performed and configurations could be discarded but elite configurations are preserved.
     . All alive configurations are elite and nothing is discarded.

+-+-----------+-----------+-----------+----------------+-----------+--------+-----+----+------+
| |   Instance|      Alive|       Best|       Mean best| Exp so far|  W time|  rho|KenW|  Qvar|
+-+-----------+-----------+-----------+----------------+-----------+--------+-----+----+------+
|x|          8|         80|        191|     32693224.00|         80|00:07:12|   NA|  NA|    NA|
|x|          1|         80|        190|     32615923.50|        157|00:07:04|+0.96|0.98|0.0017|
|x|          5|         80|        197|     32636516.67|        234|00:06:50|+0.96|0.97|0.0016|
|x|          7|         80|        197|     32673151.25|        311|00:06:28|+0.95|0.96|0.0016|
|-|          3|          8|        197|     32649996.80|        388|00:07:09|+0.01|0.21|0.8397|
|=|          2|          8|        195|     32664694.50|        393|00:01:24|+0.07|0.23|0.7882|
|=|          6|          8|        197|     32621286.57|        398|00:02:37|+0.04|0.18|0.8069|
|=|          4|          8|        197|     32662093.75|        403|00:01:14|-0.02|0.11|0.8454|
|=|          9|          8|        125|     32692498.11|        411|00:02:15|+0.00|0.11|0.8345|
+-+-----------+-----------+-----------+----------------+-----------+--------+-----+----+------+
Best-so-far configuration:         125    mean value:      32692498.11
Description of the best-so-far configuration:
    .ID. algorithm localsearch alpha beta  rho ants   q0 rasrank elitistants
125  125       acs           3  2.93 3.19 0.36   19 0.66      NA          NA
    nnls dlb .PARENT.
125   50   1       84

# 2026-01-15 22:43:04 -03: Elite configurations (first number is the configuration ID; listed from best to worst according to the sum of ranks):
    algorithm localsearch alpha beta  rho ants   q0 rasrank elitistants nnls
125       acs           3  2.93 3.19 0.36   19 0.66      NA          NA   50
197       ras           3  3.60 3.45 0.87   35   NA      18          NA   49
190       acs           3  2.92 0.48 0.47   34 0.11      NA          NA   39
195       acs           3  2.69 2.56 0.26   23 0.65      NA          NA   42
189       ras           3  2.78 1.61 0.63   20   NA      22          NA   42
    dlb
125   1
197   0
190   1
195   0
189   0
# 2026-01-15 22:43:04 -03: Iteration 4 of 5
# experimentsUsed: 1287
# remainingBudget: 1463
# currentBudget: 731
# nbConfigurations: 77
# Markers:
     x No test is performed.
     c Configurations are discarded only due to capping.
     - The test is performed and some configurations are discarded.
     = The test is performed but no configuration is discarded.
     ! The test is performed and configurations could be discarded but elite configurations are preserved.
     . All alive configurations are elite and nothing is discarded.

+-+-----------+-----------+-----------+----------------+-----------+--------+-----+----+------+
| |   Instance|      Alive|       Best|       Mean best| Exp so far|  W time|  rho|KenW|  Qvar|
+-+-----------+-----------+-----------+----------------+-----------+--------+-----+----+------+
|x|         10|         77|        312|     32595153.00|         77|00:07:38|   NA|  NA|    NA|
|x|          3|         77|        311|     32586735.00|        149|00:06:38|+0.73|0.87|0.0024|
|x|          9|         77|        257|     32688787.67|        221|00:06:22|+0.78|0.85|0.0022|
|x|          5|         77|        257|     32687302.50|        293|00:07:34|+0.79|0.84|0.0027|
|-|          1|         18|        311|     32650083.80|        365|00:07:28|-0.13|0.09|1.1032|
|=|          8|         18|        311|     32672393.17|        378|00:02:33|-0.13|0.06|1.0732|
|=|          6|         18|        189|     32639235.57|        391|00:02:04|-0.08|0.08|1.0197|
|=|          7|         18|        197|     32661231.50|        404|00:02:33|-0.06|0.07|0.9985|
|=|          4|         18|        197|     32693066.22|        417|00:02:15|-0.05|0.07|0.9849|
|=|          2|         18|        197|     32691292.40|        430|00:02:29|-0.04|0.07|0.9863|
|=|         11|         18|        125|     32701574.09|        448|00:03:12|-0.03|0.06|0.9732|
+-+-----------+-----------+-----------+----------------+-----------+--------+-----+----+------+
Best-so-far configuration:         125    mean value:      32701574.09
Description of the best-so-far configuration:
    .ID. algorithm localsearch alpha beta  rho ants   q0 rasrank elitistants
125  125       acs           3  2.93 3.19 0.36   19 0.66      NA          NA
    nnls dlb .PARENT.
125   50   1       84

# 2026-01-15 23:33:55 -03: Elite configurations (first number is the configuration ID; listed from best to worst according to the sum of ranks):
    algorithm localsearch alpha beta  rho ants   q0 rasrank elitistants nnls
125       acs           3  2.93 3.19 0.36   19 0.66      NA          NA   50
189       ras           3  2.78 1.61 0.63   20   NA      22          NA   42
197       ras           3  3.60 3.45 0.87   35   NA      18          NA   49
305       acs           3  3.36 1.52 0.40   39 0.04      NA          NA   24
267       ras           3  2.97 1.66 0.55   47   NA      28          NA   25
    dlb
125   1
189   0
197   0
305   1
267   1
# 2026-01-15 23:33:55 -03: Iteration 5 of 5
# experimentsUsed: 1735
# remainingBudget: 1015
# currentBudget: 1015
# nbConfigurations: 89
# Markers:
     x No test is performed.
     c Configurations are discarded only due to capping.
     - The test is performed and some configurations are discarded.
     = The test is performed but no configuration is discarded.
     ! The test is performed and configurations could be discarded but elite configurations are preserved.
     . All alive configurations are elite and nothing is discarded.

+-+-----------+-----------+-----------+----------------+-----------+--------+-----+----+------+
| |   Instance|      Alive|       Best|       Mean best| Exp so far|  W time|  rho|KenW|  Qvar|
+-+-----------+-----------+-----------+----------------+-----------+--------+-----+----+------+
|x|         12|         89|        362|     32509663.00|         89|00:09:58|   NA|  NA|    NA|
|x|          9|         89|        344|     32704281.00|        173|00:08:25|+0.47|0.74|0.0010|
|x|          3|         89|        344|     32647633.33|        257|00:08:47|+0.44|0.63|0.0012|
|x|          2|         89|        344|     32641546.75|        341|00:09:04|+0.46|0.60|0.0015|
|-|          6|         18|        405|     32591184.00|        425|00:10:48|+0.02|0.22|0.9765|
|=|          5|         18|        405|     32599314.50|        438|00:02:52|+0.01|0.18|0.9595|
|=|          1|         18|        405|     32592524.57|        451|00:03:01|+0.00|0.14|0.9593|
|=|          4|         18|        405|     32637312.50|        464|00:03:06|+0.03|0.15|0.9144|
|=|          8|         18|        405|     32647415.78|        477|00:03:31|+0.03|0.14|0.9177|
|=|         10|         18|        405|     32646098.90|        490|00:03:03|+0.05|0.15|0.9009|
|-|         11|          9|        405|     32652949.00|        503|00:02:42|+0.04|0.13|0.8716|
|=|          7|          9|        405|     32664999.50|        507|00:01:46|+0.05|0.13|0.8627|
|=|         13|          9|        405|     32651022.69|        516|00:02:00|+0.06|0.13|0.8493|
+-+-----------+-----------+-----------+----------------+-----------+--------+-----+----+------+
Best-so-far configuration:         405    mean value:      32651022.69
Description of the best-so-far configuration:
    .ID. algorithm localsearch alpha beta  rho ants q0 rasrank elitistants nnls
405  405       ras           3  2.59 2.18 0.55   30 NA      20          NA   37
    dlb .PARENT.
405   0      189

# 2026-01-16 00:43:04 -03: Elite configurations (first number is the configuration ID; listed from best to worst according to the sum of ranks):
    algorithm localsearch alpha beta  rho ants   q0 rasrank elitistants nnls
405       ras           3  2.59 2.18 0.55   30   NA      20          NA   37
346       ras           3  2.63 1.38 0.53   33   NA      15          NA   48
344       ras           3  3.12 2.97 0.76   52   NA      22          NA   44
197       ras           3  3.60 3.45 0.87   35   NA      18          NA   49
125       acs           3  2.93 3.19 0.36   19 0.66      NA          NA   50
    dlb
405   0
346   0
344   0
197   0
125   1
# 2026-01-16 00:43:04 -03: Iteration 6 of 6
# experimentsUsed: 2251
# remainingBudget: 499
# currentBudget: 499
# nbConfigurations: 40
# Markers:
     x No test is performed.
     c Configurations are discarded only due to capping.
     - The test is performed and some configurations are discarded.
     = The test is performed but no configuration is discarded.
     ! The test is performed and configurations could be discarded but elite configurations are preserved.
     . All alive configurations are elite and nothing is discarded.

+-+-----------+-----------+-----------+----------------+-----------+--------+-----+----+------+
| |   Instance|      Alive|       Best|       Mean best| Exp so far|  W time|  rho|KenW|  Qvar|
+-+-----------+-----------+-----------+----------------+-----------+--------+-----+----+------+
|x|         14|         40|        418|     32398166.00|         40|00:06:48|   NA|  NA|    NA|
|x|          6|         40|        439|     32396587.50|         75|00:07:19|+0.27|0.63|0.0027|
|x|          5|         40|        426|     32512967.33|        110|00:06:12|+0.35|0.56|0.0018|
|x|         12|         40|        426|     32519608.25|        145|00:05:35|+0.38|0.53|0.0013|
|-|          8|         22|        405|     32559421.60|        180|00:06:04|-0.09|0.13|1.0135|
|=|          3|         22|        405|     32548264.00|        197|00:03:15|+0.00|0.17|0.9300|
|=|          2|         22|        405|     32559599.43|        214|00:03:15|+0.02|0.16|0.9295|
|=|          7|         22|        405|     32589343.88|        231|00:03:25|+0.02|0.14|0.9328|
|=|          9|         22|        405|     32623269.67|        248|00:02:51|+0.01|0.12|0.9506|
|=|          1|         22|        405|     32616121.20|        265|00:04:32|+0.02|0.12|0.9339|
|=|         10|         22|        405|     32617769.00|        282|00:04:25|+0.05|0.14|0.9051|
|=|         11|         22|        405|     32626409.08|        299|00:04:17|+0.04|0.12|0.9174|
|-|         13|         13|        405|     32615400.77|        316|00:04:04|-0.02|0.06|0.9445|
|=|          4|         13|        405|     32639359.86|        324|00:02:28|-0.02|0.05|0.9435|
|=|         15|         13|        405|     32640401.93|        337|00:03:09|-0.01|0.06|0.9322|
+-+-----------+-----------+-----------+----------------+-----------+--------+-----+----+------+
Best-so-far configuration:         405    mean value:      32640401.93
Description of the best-so-far configuration:
    .ID. algorithm localsearch alpha beta  rho ants q0 rasrank elitistants nnls
405  405       ras           3  2.59 2.18 0.55   30 NA      20          NA   37
    dlb .PARENT.
405   0      189

# 2026-01-16 01:50:51 -03: Elite configurations (first number is the configuration ID; listed from best to worst according to the sum of ranks):
    algorithm localsearch alpha beta  rho ants q0 rasrank elitistants nnls dlb
405       ras           3  2.59 2.18 0.55   30 NA      20          NA   37   0
423       ras           3  2.44 0.22 0.42   34 NA      14          NA   48   0
346       ras           3  2.63 1.38 0.53   33 NA      15          NA   48   0
344       ras           3  3.12 2.97 0.76   52 NA      22          NA   44   0
439       ras           3  2.92 2.89 0.45   40 NA      10          NA   45   0
# 2026-01-16 01:50:51 -03: Iteration 7 of 7
# experimentsUsed: 2588
# remainingBudget: 162
# currentBudget: 162
# nbConfigurations: 14
# Markers:
     x No test is performed.
     c Configurations are discarded only due to capping.
     - The test is performed and some configurations are discarded.
     = The test is performed but no configuration is discarded.
     ! The test is performed and configurations could be discarded but elite configurations are preserved.
     . All alive configurations are elite and nothing is discarded.

+-+-----------+-----------+-----------+----------------+-----------+--------+-----+----+------+
| |   Instance|      Alive|       Best|       Mean best| Exp so far|  W time|  rho|KenW|  Qvar|
+-+-----------+-----------+-----------+----------------+-----------+--------+-----+----+------+
|x|         16|         14|        442|     32638772.00|         14|00:04:14|   NA|  NA|    NA|
|x|          7|         14|        442|     32703065.50|         23|00:02:35|+0.36|0.68|0.5569|
|x|          3|         14|        442|     32643077.33|         32|00:02:30|+0.37|0.58|0.6322|
|x|         11|         14|        442|     32664886.50|         41|00:02:11|+0.25|0.44|0.6723|
|=|         14|         14|        442|     32620740.00|         50|00:02:39|+0.15|0.32|0.7609|
|-|          5|         11|        442|     32633595.00|         59|00:02:07|-0.01|0.16|0.9203|
|=|          9|         11|        442|     32669977.86|         65|00:02:30|+0.01|0.15|0.8927|
|=|          6|         11|        442|     32631007.12|         71|00:02:04|-0.03|0.10|0.8997|
|=|          4|         11|        442|     32662864.11|         77|00:02:14|-0.06|0.06|0.9329|
|=|         15|         11|        442|     32658310.80|         83|00:01:33|-0.03|0.07|0.9111|
|=|          2|         11|        442|     32658442.09|         89|00:02:21|-0.01|0.08|0.8974|
|=|          8|         11|        442|     32662093.75|         95|00:01:42|-0.01|0.07|0.9111|
|=|          1|         11|        442|     32653286.00|        101|00:02:30|-0.02|0.06|0.9167|
|=|         12|         11|        442|     32642914.93|        107|00:01:47|+0.01|0.08|0.8879|
|=|         10|         11|        442|     32645078.20|        113|00:02:34|-0.00|0.06|0.9039|
|=|         13|         11|        442|     32636203.50|        119|00:02:09|+0.00|0.06|0.9024|
|=|         17|         11|        442|     32635867.47|        130|00:03:09|+0.00|0.06|0.8945|
+-+-----------+-----------+-----------+----------------+-----------+--------+-----+----+------+
Best-so-far configuration:         442    mean value:      32635867.47
Description of the best-so-far configuration:
    .ID. algorithm localsearch alpha beta  rho ants q0 rasrank elitistants nnls
442  442       ras           3  2.64 1.28 0.49   43 NA      17          NA   45
    dlb .PARENT.
442   0      346

# 2026-01-16 02:31:49 -03: Elite configurations (first number is the configuration ID; listed from best to worst according to the sum of ranks):
    algorithm localsearch alpha beta  rho ants q0 rasrank elitistants nnls dlb
442       ras           3  2.64 1.28 0.49   43 NA      17          NA   45   0
405       ras           3  2.59 2.18 0.55   30 NA      20          NA   37   0
445       ras           3  2.76 1.07 0.42   36 NA      12          NA   49   0
423       ras           3  2.44 0.22 0.42   34 NA      14          NA   48   0
346       ras           3  2.63 1.38 0.53   33 NA      15          NA   48   0
# 2026-01-16 02:31:49 -03: Iteration 8 of 8
# experimentsUsed: 2718
# remainingBudget: 32
# currentBudget: 32
# nbConfigurations: 6
# Markers:
     x No test is performed.
     c Configurations are discarded only due to capping.
     - The test is performed and some configurations are discarded.
     = The test is performed but no configuration is discarded.
     ! The test is performed and configurations could be discarded but elite configurations are preserved.
     . All alive configurations are elite and nothing is discarded.

+-+-----------+-----------+-----------+----------------+-----------+--------+-----+----+------+
| |   Instance|      Alive|       Best|       Mean best| Exp so far|  W time|  rho|KenW|  Qvar|
+-+-----------+-----------+-----------+----------------+-----------+--------+-----+----+------+
|x|         18|          6|        405|     32603569.00|          6|00:02:37|   NA|  NA|    NA|
|x|          1|          6|        405|     32577677.00|          7|00:01:45|-0.60|0.20|1.1615|
|x|          8|          6|        405|     32627865.33|          8|00:01:17|-0.41|0.06|1.1874|
|x|          6|          6|        445|     32562388.00|          9|00:01:21|-0.14|0.14|1.0029|
|=|         10|          6|        346|     32561288.40|         10|00:01:53|+0.00|0.20|0.8842|
|=|          9|          6|        445|     32629250.17|         11|00:02:03|-0.00|0.17|0.8490|
|=|         11|          6|        445|     32643432.86|         12|00:01:54|+0.09|0.22|0.7731|
|=|          5|          6|        405|     32645114.75|         13|00:02:15|+0.12|0.23|0.7187|
|=|         15|          6|        405|     32646212.11|         14|00:02:15|+0.12|0.22|0.7037|
|-|          4|          5|        346|     32674201.30|         15|00:01:36|-0.10|0.01|0.8857|
|.|         14|          5|        346|     32656605.91|         15|00:00:00|-0.09|0.01|0.8746|
|.|         17|          5|        346|     32650765.58|         15|00:00:00|-0.07|0.02|0.8660|
|.|          7|          5|        346|     32664899.46|         15|00:00:00|-0.08|0.00|0.8625|
|.|         12|          5|        346|     32658793.43|         15|00:00:00|-0.07|0.00|0.8498|
|.|          2|          5|        346|     32657877.87|         15|00:00:00|-0.06|0.01|0.8408|
|.|         16|          5|        346|     32662649.69|         15|00:00:00|-0.06|0.01|0.8358|
|.|          3|          5|        346|     32656055.94|         15|00:00:00|-0.05|0.02|0.8244|
|.|         13|          5|        346|     32644817.28|         15|00:00:00|-0.04|0.02|0.8310|
+-+-----------+-----------+-----------+----------------+-----------+--------+-----+----+------+
Best configuration for the instances in this race: 346
Best-so-far configuration:         405    mean value:      32638166.00
Description of the best-so-far configuration:
    .ID. algorithm localsearch alpha beta  rho ants q0 rasrank elitistants nnls
405  405       ras           3  2.59 2.18 0.55   30 NA      20          NA   37
    dlb .PARENT.
405   0      189

# 2026-01-16 02:50:49 -03: Elite configurations (first number is the configuration ID; listed from best to worst according to the sum of ranks):
    algorithm localsearch alpha beta  rho ants q0 rasrank elitistants nnls dlb
405       ras           3  2.59 2.18 0.55   30 NA      20          NA   37   0
445       ras           3  2.76 1.07 0.42   36 NA      12          NA   49   0
346       ras           3  2.63 1.38 0.53   33 NA      15          NA   48   0
442       ras           3  2.64 1.28 0.49   43 NA      17          NA   45   0
423       ras           3  2.44 0.22 0.42   34 NA      14          NA   48   0
# 2026-01-16 02:50:49 -03: Stopped because there is not enough budget left to race more than the minimum (5).
# You may either increase the budget or set 'minNbSurvival' to a lower value.
# Iteration: 9
# nbIterations: 9
# experimentsUsed: 2733
# timeUsed: 0
# remainingBudget: 17
# currentBudget: 17
# number of elites: 5
# nbConfigurations: 5
# Total CPU user time: 157047, CPU sys time: 272.116, Wall-clock time: 21128.52
# 2026-01-16 02:50:49 -03: Starting post-selection:
# Configurations selected: 405, 445, 346, 442, 423, 344, 439, 197, 125.
# Pending instances: 1, 1, 1, 1, 1, 2, 2, 4, 4.
# 2026-01-16 02:50:50 -03: seed: 100003
# Configurations: 9
# Available experiments: 17
# minSurvival: 1
# Markers:
     x No test is performed.
     c Configurations are discarded only due to capping.
     - The test is performed and some configurations are discarded.
     = The test is performed but no configuration is discarded.
     ! The test is performed and configurations could be discarded but elite configurations are preserved.
     . All alive configurations are elite and nothing is discarded.

+-+-----------+-----------+-----------+----------------+-----------+--------+-----+----+------+
| |   Instance|      Alive|       Best|       Mean best| Exp so far|  W time|  rho|KenW|  Qvar|
+-+-----------+-----------+-----------+----------------+-----------+--------+-----+----+------+
|.|         11|          9|        346|     32707276.00|          0|00:00:00|   NA|  NA|    NA|
|.|          6|          9|        346|     32529321.00|          0|00:00:00|+0.13|0.57|0.6629|
|.|          4|          9|        346|     32654940.67|          0|00:00:00|+0.08|0.39|0.8065|
|.|          5|          9|        346|     32664794.00|          0|00:00:00|-0.14|0.14|1.0120|
|.|         13|          9|        346|     32622587.20|          0|00:00:00|-0.01|0.19|0.9547|
|.|         14|          9|        346|     32598931.33|          0|00:00:00|+0.03|0.20|0.9310|
|.|         10|          9|        346|     32592462.29|          0|00:00:00|+0.12|0.25|0.8586|
|.|          1|          9|        346|     32584242.62|          0|00:00:00|+0.13|0.24|0.8436|
|.|          8|          9|        346|     32600752.44|          0|00:00:00|+0.08|0.18|0.8436|
|.|          7|          9|        346|     32624127.80|          0|00:00:00|+0.05|0.14|0.8711|
|x|         16|          9|        346|     32634136.82|          2|00:02:04|+0.04|0.13|0.8661|
|.|          9|          9|        346|     32659681.50|          2|00:00:00|+0.01|0.09|0.9026|
|x|         17|          9|        346|     32654053.85|          4|00:01:11|+0.01|0.09|0.9029|
|.|          2|          9|        346|     32653411.43|          4|00:00:00|+0.01|0.09|0.9015|
|.|         15|          9|        346|     32655656.53|          4|00:00:00|+0.03|0.09|0.8875|
|x|         18|          9|        405|     32652521.12|          8|00:01:49|+0.01|0.07|0.8936|
|.|          3|          9|        405|     32643106.71|          8|00:00:00|+0.03|0.09|0.8767|
|.|         12|          9|        405|     32638166.00|          8|00:00:00|+0.03|0.08|0.8661|
|=|         19|          9|        405|     32645707.79|         17|00:02:35|+0.03|0.08|0.8723|
+-+-----------+-----------+-----------+----------------+-----------+--------+-----+----+------+
Best-so-far configuration:         405    mean value:      32645707.79
Description of the best-so-far configuration:
    .ID. algorithm localsearch alpha beta  rho ants q0 rasrank elitistants nnls
405  405       ras           3  2.59 2.18 0.55   30 NA      20          NA   37
    dlb .PARENT.
405   0      189

# 2026-01-16 02:58:31 -03: Elite configurations (first number is the configuration ID; listed from best to worst according to the sum of ranks):
    algorithm localsearch alpha beta  rho ants q0 rasrank elitistants nnls dlb
405       ras           3  2.59 2.18 0.55   30 NA      20          NA   37   0
442       ras           3  2.64 1.28 0.49   43 NA      17          NA   45   0
439       ras           3  2.92 2.89 0.45   40 NA      10          NA   45   0
346       ras           3  2.63 1.38 0.53   33 NA      15          NA   48   0
344       ras           3  3.12 2.97 0.76   52 NA      22          NA   44   0
# Total CPU user time: 158656.4, CPU sys time: 273.768, Wall-clock time: 21590.12
    .ID. algorithm localsearch alpha beta  rho ants q0 rasrank elitistants nnls
405  405       ras           3  2.59 2.18 0.55   30 NA      20          NA   37
442  442       ras           3  2.64 1.28 0.49   43 NA      17          NA   45
439  439       ras           3  2.92 2.89 0.45   40 NA      10          NA   45
346  346       ras           3  2.63 1.38 0.53   33 NA      15          NA   48
344  344       ras           3  3.12 2.97 0.76   52 NA      22          NA   44
    dlb .PARENT. .RANK.   .WEIGHT.
405   0      189     77 0.33333333
442   0      346     85 0.26666667
439   0      346     86 0.20000000
346   0      189     89 0.13333333
344   0      197     90 0.06666667
